[2024-08-12T18:54:35.565+0000] {taskinstance.py:1157} INFO - Dependencies all met for dep_context=non-requeueable deps ti=<TaskInstance: monthly_monitor.wait_for_data manual__2024-08-12T18:54:33.214906+00:00 [queued]>
[2024-08-12T18:54:35.571+0000] {taskinstance.py:1157} INFO - Dependencies all met for dep_context=requeueable deps ti=<TaskInstance: monthly_monitor.wait_for_data manual__2024-08-12T18:54:33.214906+00:00 [queued]>
[2024-08-12T18:54:35.572+0000] {taskinstance.py:1359} INFO - Starting attempt 1 of 1
[2024-08-12T18:54:35.587+0000] {taskinstance.py:1380} INFO - Executing <Task(ExternalTaskSensor): wait_for_data> on 2024-08-12 18:54:33.214906+00:00
[2024-08-12T18:54:35.593+0000] {standard_task_runner.py:57} INFO - Started process 711 to run task
[2024-08-12T18:54:35.606+0000] {standard_task_runner.py:84} INFO - Running: ['***', 'tasks', 'run', 'monthly_monitor', 'wait_for_data', 'manual__2024-08-12T18:54:33.214906+00:00', '--job-id', '380', '--raw', '--subdir', 'DAGS_FOLDER/monitor.py', '--cfg-path', '/tmp/tmprpb8ab31']
[2024-08-12T18:54:35.615+0000] {standard_task_runner.py:85} INFO - Job 380: Subtask wait_for_data
[2024-08-12T18:54:35.667+0000] {task_command.py:415} INFO - Running <TaskInstance: monthly_monitor.wait_for_data manual__2024-08-12T18:54:33.214906+00:00 [running]> on host a9166c5dc5ae
[2024-08-12T18:54:35.749+0000] {taskinstance.py:1660} INFO - Exporting env vars: AIRFLOW_CTX_DAG_OWNER='***' AIRFLOW_CTX_DAG_ID='monthly_monitor' AIRFLOW_CTX_TASK_ID='wait_for_data' AIRFLOW_CTX_EXECUTION_DATE='2024-08-12T18:54:33.214906+00:00' AIRFLOW_CTX_TRY_NUMBER='1' AIRFLOW_CTX_DAG_RUN_ID='manual__2024-08-12T18:54:33.214906+00:00'
[2024-08-12T18:54:35.763+0000] {external_task.py:244} INFO - Poking for tasks ['predict_and_save'] in dag monthly_prediction on 2024-08-12T18:54:33.214906+00:00 ... 
[2024-08-12T18:54:35.783+0000] {taskinstance.py:1895} INFO - Rescheduling task, marking task as UP_FOR_RESCHEDULE
[2024-08-12T18:54:35.828+0000] {local_task_job_runner.py:228} INFO - Task exited with return code 0
[2024-08-12T18:54:35.863+0000] {taskinstance.py:2776} INFO - 0 downstream tasks scheduled from follow-on schedule check
[2024-08-12T18:55:37.379+0000] {taskinstance.py:1157} INFO - Dependencies all met for dep_context=non-requeueable deps ti=<TaskInstance: monthly_monitor.wait_for_data manual__2024-08-12T18:54:33.214906+00:00 [queued]>
[2024-08-12T18:55:37.384+0000] {taskinstance.py:1157} INFO - Dependencies all met for dep_context=requeueable deps ti=<TaskInstance: monthly_monitor.wait_for_data manual__2024-08-12T18:54:33.214906+00:00 [queued]>
[2024-08-12T18:55:37.384+0000] {taskinstance.py:1359} INFO - Starting attempt 1 of 1
[2024-08-12T18:55:37.390+0000] {taskinstance.py:1380} INFO - Executing <Task(ExternalTaskSensor): wait_for_data> on 2024-08-12 18:54:33.214906+00:00
[2024-08-12T18:55:37.394+0000] {standard_task_runner.py:57} INFO - Started process 835 to run task
[2024-08-12T18:55:37.397+0000] {standard_task_runner.py:84} INFO - Running: ['***', 'tasks', 'run', 'monthly_monitor', 'wait_for_data', 'manual__2024-08-12T18:54:33.214906+00:00', '--job-id', '383', '--raw', '--subdir', 'DAGS_FOLDER/monitor.py', '--cfg-path', '/tmp/tmpmrpv9lgp']
[2024-08-12T18:55:37.399+0000] {standard_task_runner.py:85} INFO - Job 383: Subtask wait_for_data
[2024-08-12T18:55:37.422+0000] {task_command.py:415} INFO - Running <TaskInstance: monthly_monitor.wait_for_data manual__2024-08-12T18:54:33.214906+00:00 [running]> on host a9166c5dc5ae
[2024-08-12T18:55:37.464+0000] {taskinstance.py:1660} INFO - Exporting env vars: AIRFLOW_CTX_DAG_OWNER='***' AIRFLOW_CTX_DAG_ID='monthly_monitor' AIRFLOW_CTX_TASK_ID='wait_for_data' AIRFLOW_CTX_EXECUTION_DATE='2024-08-12T18:54:33.214906+00:00' AIRFLOW_CTX_TRY_NUMBER='1' AIRFLOW_CTX_DAG_RUN_ID='manual__2024-08-12T18:54:33.214906+00:00'
[2024-08-12T18:55:37.469+0000] {external_task.py:244} INFO - Poking for tasks ['predict_and_save'] in dag monthly_prediction on 2024-08-12T18:54:33.214906+00:00 ... 
[2024-08-12T18:55:37.486+0000] {taskinstance.py:1895} INFO - Rescheduling task, marking task as UP_FOR_RESCHEDULE
[2024-08-12T18:55:37.495+0000] {local_task_job_runner.py:228} INFO - Task exited with return code 0
[2024-08-12T18:55:37.506+0000] {taskinstance.py:2776} INFO - 0 downstream tasks scheduled from follow-on schedule check
[2024-08-12T18:56:38.948+0000] {taskinstance.py:1157} INFO - Dependencies all met for dep_context=non-requeueable deps ti=<TaskInstance: monthly_monitor.wait_for_data manual__2024-08-12T18:54:33.214906+00:00 [queued]>
[2024-08-12T18:56:38.952+0000] {taskinstance.py:1157} INFO - Dependencies all met for dep_context=requeueable deps ti=<TaskInstance: monthly_monitor.wait_for_data manual__2024-08-12T18:54:33.214906+00:00 [queued]>
[2024-08-12T18:56:38.953+0000] {taskinstance.py:1359} INFO - Starting attempt 1 of 1
[2024-08-12T18:56:38.957+0000] {taskinstance.py:1380} INFO - Executing <Task(ExternalTaskSensor): wait_for_data> on 2024-08-12 18:54:33.214906+00:00
[2024-08-12T18:56:38.962+0000] {standard_task_runner.py:57} INFO - Started process 947 to run task
[2024-08-12T18:56:38.963+0000] {standard_task_runner.py:84} INFO - Running: ['***', 'tasks', 'run', 'monthly_monitor', 'wait_for_data', 'manual__2024-08-12T18:54:33.214906+00:00', '--job-id', '385', '--raw', '--subdir', 'DAGS_FOLDER/monitor.py', '--cfg-path', '/tmp/tmpyuqn_7if']
[2024-08-12T18:56:38.965+0000] {standard_task_runner.py:85} INFO - Job 385: Subtask wait_for_data
[2024-08-12T18:56:38.986+0000] {task_command.py:415} INFO - Running <TaskInstance: monthly_monitor.wait_for_data manual__2024-08-12T18:54:33.214906+00:00 [running]> on host a9166c5dc5ae
[2024-08-12T18:56:39.025+0000] {taskinstance.py:1660} INFO - Exporting env vars: AIRFLOW_CTX_DAG_OWNER='***' AIRFLOW_CTX_DAG_ID='monthly_monitor' AIRFLOW_CTX_TASK_ID='wait_for_data' AIRFLOW_CTX_EXECUTION_DATE='2024-08-12T18:54:33.214906+00:00' AIRFLOW_CTX_TRY_NUMBER='1' AIRFLOW_CTX_DAG_RUN_ID='manual__2024-08-12T18:54:33.214906+00:00'
[2024-08-12T18:56:39.030+0000] {external_task.py:244} INFO - Poking for tasks ['predict_and_save'] in dag monthly_prediction on 2024-08-12T18:54:33.214906+00:00 ... 
[2024-08-12T18:56:39.043+0000] {taskinstance.py:1895} INFO - Rescheduling task, marking task as UP_FOR_RESCHEDULE
[2024-08-12T18:56:39.062+0000] {local_task_job_runner.py:228} INFO - Task exited with return code 0
[2024-08-12T18:56:39.071+0000] {taskinstance.py:2776} INFO - 0 downstream tasks scheduled from follow-on schedule check
[2024-08-12T18:57:40.542+0000] {taskinstance.py:1157} INFO - Dependencies all met for dep_context=non-requeueable deps ti=<TaskInstance: monthly_monitor.wait_for_data manual__2024-08-12T18:54:33.214906+00:00 [queued]>
[2024-08-12T18:57:40.546+0000] {taskinstance.py:1157} INFO - Dependencies all met for dep_context=requeueable deps ti=<TaskInstance: monthly_monitor.wait_for_data manual__2024-08-12T18:54:33.214906+00:00 [queued]>
[2024-08-12T18:57:40.547+0000] {taskinstance.py:1359} INFO - Starting attempt 1 of 1
[2024-08-12T18:57:40.553+0000] {taskinstance.py:1380} INFO - Executing <Task(ExternalTaskSensor): wait_for_data> on 2024-08-12 18:54:33.214906+00:00
[2024-08-12T18:57:40.557+0000] {standard_task_runner.py:57} INFO - Started process 1057 to run task
[2024-08-12T18:57:40.559+0000] {standard_task_runner.py:84} INFO - Running: ['***', 'tasks', 'run', 'monthly_monitor', 'wait_for_data', 'manual__2024-08-12T18:54:33.214906+00:00', '--job-id', '387', '--raw', '--subdir', 'DAGS_FOLDER/monitor.py', '--cfg-path', '/tmp/tmp0bfbbsba']
[2024-08-12T18:57:40.561+0000] {standard_task_runner.py:85} INFO - Job 387: Subtask wait_for_data
[2024-08-12T18:57:40.593+0000] {task_command.py:415} INFO - Running <TaskInstance: monthly_monitor.wait_for_data manual__2024-08-12T18:54:33.214906+00:00 [running]> on host a9166c5dc5ae
[2024-08-12T18:57:40.639+0000] {taskinstance.py:1660} INFO - Exporting env vars: AIRFLOW_CTX_DAG_OWNER='***' AIRFLOW_CTX_DAG_ID='monthly_monitor' AIRFLOW_CTX_TASK_ID='wait_for_data' AIRFLOW_CTX_EXECUTION_DATE='2024-08-12T18:54:33.214906+00:00' AIRFLOW_CTX_TRY_NUMBER='1' AIRFLOW_CTX_DAG_RUN_ID='manual__2024-08-12T18:54:33.214906+00:00'
[2024-08-12T18:57:40.647+0000] {external_task.py:244} INFO - Poking for tasks ['predict_and_save'] in dag monthly_prediction on 2024-08-12T18:54:33.214906+00:00 ... 
[2024-08-12T18:57:40.662+0000] {taskinstance.py:1895} INFO - Rescheduling task, marking task as UP_FOR_RESCHEDULE
[2024-08-12T18:57:40.702+0000] {local_task_job_runner.py:228} INFO - Task exited with return code 0
[2024-08-12T18:57:40.713+0000] {taskinstance.py:2776} INFO - 0 downstream tasks scheduled from follow-on schedule check
[2024-08-12T18:58:42.645+0000] {taskinstance.py:1157} INFO - Dependencies all met for dep_context=non-requeueable deps ti=<TaskInstance: monthly_monitor.wait_for_data manual__2024-08-12T18:54:33.214906+00:00 [queued]>
[2024-08-12T18:58:42.649+0000] {taskinstance.py:1157} INFO - Dependencies all met for dep_context=requeueable deps ti=<TaskInstance: monthly_monitor.wait_for_data manual__2024-08-12T18:54:33.214906+00:00 [queued]>
[2024-08-12T18:58:42.649+0000] {taskinstance.py:1359} INFO - Starting attempt 1 of 1
[2024-08-12T18:58:42.654+0000] {taskinstance.py:1380} INFO - Executing <Task(ExternalTaskSensor): wait_for_data> on 2024-08-12 18:54:33.214906+00:00
[2024-08-12T18:58:42.659+0000] {standard_task_runner.py:57} INFO - Started process 1169 to run task
[2024-08-12T18:58:42.661+0000] {standard_task_runner.py:84} INFO - Running: ['***', 'tasks', 'run', 'monthly_monitor', 'wait_for_data', 'manual__2024-08-12T18:54:33.214906+00:00', '--job-id', '389', '--raw', '--subdir', 'DAGS_FOLDER/monitor.py', '--cfg-path', '/tmp/tmpt_ola_uq']
[2024-08-12T18:58:42.663+0000] {standard_task_runner.py:85} INFO - Job 389: Subtask wait_for_data
[2024-08-12T18:58:42.700+0000] {task_command.py:415} INFO - Running <TaskInstance: monthly_monitor.wait_for_data manual__2024-08-12T18:54:33.214906+00:00 [running]> on host a9166c5dc5ae
[2024-08-12T18:58:42.746+0000] {taskinstance.py:1660} INFO - Exporting env vars: AIRFLOW_CTX_DAG_OWNER='***' AIRFLOW_CTX_DAG_ID='monthly_monitor' AIRFLOW_CTX_TASK_ID='wait_for_data' AIRFLOW_CTX_EXECUTION_DATE='2024-08-12T18:54:33.214906+00:00' AIRFLOW_CTX_TRY_NUMBER='1' AIRFLOW_CTX_DAG_RUN_ID='manual__2024-08-12T18:54:33.214906+00:00'
[2024-08-12T18:58:42.751+0000] {external_task.py:244} INFO - Poking for tasks ['predict_and_save'] in dag monthly_prediction on 2024-08-12T18:54:33.214906+00:00 ... 
[2024-08-12T18:58:42.766+0000] {taskinstance.py:1895} INFO - Rescheduling task, marking task as UP_FOR_RESCHEDULE
[2024-08-12T18:58:42.799+0000] {local_task_job_runner.py:228} INFO - Task exited with return code 0
[2024-08-12T18:58:42.809+0000] {taskinstance.py:2776} INFO - 0 downstream tasks scheduled from follow-on schedule check
[2024-08-12T18:59:44.987+0000] {taskinstance.py:1157} INFO - Dependencies all met for dep_context=non-requeueable deps ti=<TaskInstance: monthly_monitor.wait_for_data manual__2024-08-12T18:54:33.214906+00:00 [queued]>
[2024-08-12T18:59:44.992+0000] {taskinstance.py:1157} INFO - Dependencies all met for dep_context=requeueable deps ti=<TaskInstance: monthly_monitor.wait_for_data manual__2024-08-12T18:54:33.214906+00:00 [queued]>
[2024-08-12T18:59:44.992+0000] {taskinstance.py:1359} INFO - Starting attempt 1 of 1
[2024-08-12T18:59:44.999+0000] {taskinstance.py:1380} INFO - Executing <Task(ExternalTaskSensor): wait_for_data> on 2024-08-12 18:54:33.214906+00:00
[2024-08-12T18:59:45.005+0000] {standard_task_runner.py:57} INFO - Started process 1288 to run task
[2024-08-12T18:59:45.008+0000] {standard_task_runner.py:84} INFO - Running: ['***', 'tasks', 'run', 'monthly_monitor', 'wait_for_data', 'manual__2024-08-12T18:54:33.214906+00:00', '--job-id', '391', '--raw', '--subdir', 'DAGS_FOLDER/monitor.py', '--cfg-path', '/tmp/tmpi_hd37lw']
[2024-08-12T18:59:45.010+0000] {standard_task_runner.py:85} INFO - Job 391: Subtask wait_for_data
[2024-08-12T18:59:45.042+0000] {task_command.py:415} INFO - Running <TaskInstance: monthly_monitor.wait_for_data manual__2024-08-12T18:54:33.214906+00:00 [running]> on host a9166c5dc5ae
[2024-08-12T18:59:45.082+0000] {taskinstance.py:1660} INFO - Exporting env vars: AIRFLOW_CTX_DAG_OWNER='***' AIRFLOW_CTX_DAG_ID='monthly_monitor' AIRFLOW_CTX_TASK_ID='wait_for_data' AIRFLOW_CTX_EXECUTION_DATE='2024-08-12T18:54:33.214906+00:00' AIRFLOW_CTX_TRY_NUMBER='1' AIRFLOW_CTX_DAG_RUN_ID='manual__2024-08-12T18:54:33.214906+00:00'
[2024-08-12T18:59:45.087+0000] {external_task.py:244} INFO - Poking for tasks ['predict_and_save'] in dag monthly_prediction on 2024-08-12T18:54:33.214906+00:00 ... 
[2024-08-12T18:59:45.101+0000] {taskinstance.py:1895} INFO - Rescheduling task, marking task as UP_FOR_RESCHEDULE
[2024-08-12T18:59:45.107+0000] {local_task_job_runner.py:228} INFO - Task exited with return code 0
[2024-08-12T18:59:45.116+0000] {taskinstance.py:2776} INFO - 0 downstream tasks scheduled from follow-on schedule check
[2024-08-12T19:00:48.104+0000] {taskinstance.py:1157} INFO - Dependencies all met for dep_context=non-requeueable deps ti=<TaskInstance: monthly_monitor.wait_for_data manual__2024-08-12T18:54:33.214906+00:00 [queued]>
[2024-08-12T19:00:48.108+0000] {taskinstance.py:1157} INFO - Dependencies all met for dep_context=requeueable deps ti=<TaskInstance: monthly_monitor.wait_for_data manual__2024-08-12T18:54:33.214906+00:00 [queued]>
[2024-08-12T19:00:48.108+0000] {taskinstance.py:1359} INFO - Starting attempt 1 of 1
[2024-08-12T19:00:48.118+0000] {taskinstance.py:1380} INFO - Executing <Task(ExternalTaskSensor): wait_for_data> on 2024-08-12 18:54:33.214906+00:00
[2024-08-12T19:00:48.124+0000] {standard_task_runner.py:57} INFO - Started process 1503 to run task
[2024-08-12T19:00:48.126+0000] {standard_task_runner.py:84} INFO - Running: ['***', 'tasks', 'run', 'monthly_monitor', 'wait_for_data', 'manual__2024-08-12T18:54:33.214906+00:00', '--job-id', '403', '--raw', '--subdir', 'DAGS_FOLDER/monitor.py', '--cfg-path', '/tmp/tmpq3lcejga']
[2024-08-12T19:00:48.128+0000] {standard_task_runner.py:85} INFO - Job 403: Subtask wait_for_data
[2024-08-12T19:00:48.163+0000] {task_command.py:415} INFO - Running <TaskInstance: monthly_monitor.wait_for_data manual__2024-08-12T18:54:33.214906+00:00 [running]> on host a9166c5dc5ae
[2024-08-12T19:00:48.226+0000] {taskinstance.py:1660} INFO - Exporting env vars: AIRFLOW_CTX_DAG_OWNER='***' AIRFLOW_CTX_DAG_ID='monthly_monitor' AIRFLOW_CTX_TASK_ID='wait_for_data' AIRFLOW_CTX_EXECUTION_DATE='2024-08-12T18:54:33.214906+00:00' AIRFLOW_CTX_TRY_NUMBER='1' AIRFLOW_CTX_DAG_RUN_ID='manual__2024-08-12T18:54:33.214906+00:00'
[2024-08-12T19:00:48.283+0000] {external_task.py:244} INFO - Poking for tasks ['predict_and_save'] in dag monthly_prediction on 2024-08-12T18:54:33.214906+00:00 ... 
[2024-08-12T19:00:48.443+0000] {taskinstance.py:1895} INFO - Rescheduling task, marking task as UP_FOR_RESCHEDULE
[2024-08-12T19:00:48.490+0000] {local_task_job_runner.py:228} INFO - Task exited with return code 0
[2024-08-12T19:00:48.534+0000] {taskinstance.py:2776} INFO - 0 downstream tasks scheduled from follow-on schedule check
[2024-08-12T19:01:50.351+0000] {taskinstance.py:1157} INFO - Dependencies all met for dep_context=non-requeueable deps ti=<TaskInstance: monthly_monitor.wait_for_data manual__2024-08-12T18:54:33.214906+00:00 [queued]>
[2024-08-12T19:01:50.354+0000] {taskinstance.py:1157} INFO - Dependencies all met for dep_context=requeueable deps ti=<TaskInstance: monthly_monitor.wait_for_data manual__2024-08-12T18:54:33.214906+00:00 [queued]>
[2024-08-12T19:01:50.355+0000] {taskinstance.py:1359} INFO - Starting attempt 1 of 1
[2024-08-12T19:01:50.359+0000] {taskinstance.py:1380} INFO - Executing <Task(ExternalTaskSensor): wait_for_data> on 2024-08-12 18:54:33.214906+00:00
[2024-08-12T19:01:50.364+0000] {standard_task_runner.py:57} INFO - Started process 1624 to run task
[2024-08-12T19:01:50.366+0000] {standard_task_runner.py:84} INFO - Running: ['***', 'tasks', 'run', 'monthly_monitor', 'wait_for_data', 'manual__2024-08-12T18:54:33.214906+00:00', '--job-id', '407', '--raw', '--subdir', 'DAGS_FOLDER/monitor.py', '--cfg-path', '/tmp/tmpfxovrk_q']
[2024-08-12T19:01:50.367+0000] {standard_task_runner.py:85} INFO - Job 407: Subtask wait_for_data
[2024-08-12T19:01:50.388+0000] {task_command.py:415} INFO - Running <TaskInstance: monthly_monitor.wait_for_data manual__2024-08-12T18:54:33.214906+00:00 [running]> on host a9166c5dc5ae
[2024-08-12T19:01:50.423+0000] {taskinstance.py:1660} INFO - Exporting env vars: AIRFLOW_CTX_DAG_OWNER='***' AIRFLOW_CTX_DAG_ID='monthly_monitor' AIRFLOW_CTX_TASK_ID='wait_for_data' AIRFLOW_CTX_EXECUTION_DATE='2024-08-12T18:54:33.214906+00:00' AIRFLOW_CTX_TRY_NUMBER='1' AIRFLOW_CTX_DAG_RUN_ID='manual__2024-08-12T18:54:33.214906+00:00'
[2024-08-12T19:01:50.428+0000] {external_task.py:244} INFO - Poking for tasks ['predict_and_save'] in dag monthly_prediction on 2024-08-12T18:54:33.214906+00:00 ... 
[2024-08-12T19:01:50.473+0000] {taskinstance.py:1895} INFO - Rescheduling task, marking task as UP_FOR_RESCHEDULE
[2024-08-12T19:01:50.505+0000] {local_task_job_runner.py:228} INFO - Task exited with return code 0
[2024-08-12T19:01:50.534+0000] {taskinstance.py:2776} INFO - 0 downstream tasks scheduled from follow-on schedule check
[2024-08-12T19:02:52.159+0000] {taskinstance.py:1157} INFO - Dependencies all met for dep_context=non-requeueable deps ti=<TaskInstance: monthly_monitor.wait_for_data manual__2024-08-12T18:54:33.214906+00:00 [queued]>
[2024-08-12T19:02:52.163+0000] {taskinstance.py:1157} INFO - Dependencies all met for dep_context=requeueable deps ti=<TaskInstance: monthly_monitor.wait_for_data manual__2024-08-12T18:54:33.214906+00:00 [queued]>
[2024-08-12T19:02:52.163+0000] {taskinstance.py:1359} INFO - Starting attempt 1 of 1
[2024-08-12T19:02:52.168+0000] {taskinstance.py:1380} INFO - Executing <Task(ExternalTaskSensor): wait_for_data> on 2024-08-12 18:54:33.214906+00:00
[2024-08-12T19:02:52.174+0000] {standard_task_runner.py:57} INFO - Started process 1744 to run task
[2024-08-12T19:02:52.176+0000] {standard_task_runner.py:84} INFO - Running: ['***', 'tasks', 'run', 'monthly_monitor', 'wait_for_data', 'manual__2024-08-12T18:54:33.214906+00:00', '--job-id', '410', '--raw', '--subdir', 'DAGS_FOLDER/monitor.py', '--cfg-path', '/tmp/tmpnbu75qcm']
[2024-08-12T19:02:52.179+0000] {standard_task_runner.py:85} INFO - Job 410: Subtask wait_for_data
[2024-08-12T19:02:52.228+0000] {task_command.py:415} INFO - Running <TaskInstance: monthly_monitor.wait_for_data manual__2024-08-12T18:54:33.214906+00:00 [running]> on host a9166c5dc5ae
[2024-08-12T19:02:52.290+0000] {taskinstance.py:1660} INFO - Exporting env vars: AIRFLOW_CTX_DAG_OWNER='***' AIRFLOW_CTX_DAG_ID='monthly_monitor' AIRFLOW_CTX_TASK_ID='wait_for_data' AIRFLOW_CTX_EXECUTION_DATE='2024-08-12T18:54:33.214906+00:00' AIRFLOW_CTX_TRY_NUMBER='1' AIRFLOW_CTX_DAG_RUN_ID='manual__2024-08-12T18:54:33.214906+00:00'
[2024-08-12T19:02:52.297+0000] {external_task.py:244} INFO - Poking for tasks ['predict_and_save'] in dag monthly_prediction on 2024-08-12T18:54:33.214906+00:00 ... 
[2024-08-12T19:02:52.321+0000] {taskinstance.py:1895} INFO - Rescheduling task, marking task as UP_FOR_RESCHEDULE
[2024-08-12T19:02:52.360+0000] {local_task_job_runner.py:228} INFO - Task exited with return code 0
[2024-08-12T19:02:52.373+0000] {taskinstance.py:2776} INFO - 0 downstream tasks scheduled from follow-on schedule check
[2024-08-12T19:03:55.180+0000] {taskinstance.py:1157} INFO - Dependencies all met for dep_context=non-requeueable deps ti=<TaskInstance: monthly_monitor.wait_for_data manual__2024-08-12T18:54:33.214906+00:00 [queued]>
[2024-08-12T19:03:55.188+0000] {taskinstance.py:1157} INFO - Dependencies all met for dep_context=requeueable deps ti=<TaskInstance: monthly_monitor.wait_for_data manual__2024-08-12T18:54:33.214906+00:00 [queued]>
[2024-08-12T19:03:55.192+0000] {taskinstance.py:1359} INFO - Starting attempt 1 of 1
[2024-08-12T19:03:55.198+0000] {taskinstance.py:1380} INFO - Executing <Task(ExternalTaskSensor): wait_for_data> on 2024-08-12 18:54:33.214906+00:00
[2024-08-12T19:03:55.207+0000] {standard_task_runner.py:57} INFO - Started process 1866 to run task
[2024-08-12T19:03:55.210+0000] {standard_task_runner.py:84} INFO - Running: ['***', 'tasks', 'run', 'monthly_monitor', 'wait_for_data', 'manual__2024-08-12T18:54:33.214906+00:00', '--job-id', '413', '--raw', '--subdir', 'DAGS_FOLDER/monitor.py', '--cfg-path', '/tmp/tmpvni4hqcw']
[2024-08-12T19:03:55.213+0000] {standard_task_runner.py:85} INFO - Job 413: Subtask wait_for_data
[2024-08-12T19:03:55.249+0000] {task_command.py:415} INFO - Running <TaskInstance: monthly_monitor.wait_for_data manual__2024-08-12T18:54:33.214906+00:00 [running]> on host a9166c5dc5ae
[2024-08-12T19:03:55.303+0000] {taskinstance.py:1660} INFO - Exporting env vars: AIRFLOW_CTX_DAG_OWNER='***' AIRFLOW_CTX_DAG_ID='monthly_monitor' AIRFLOW_CTX_TASK_ID='wait_for_data' AIRFLOW_CTX_EXECUTION_DATE='2024-08-12T18:54:33.214906+00:00' AIRFLOW_CTX_TRY_NUMBER='1' AIRFLOW_CTX_DAG_RUN_ID='manual__2024-08-12T18:54:33.214906+00:00'
[2024-08-12T19:03:55.311+0000] {external_task.py:244} INFO - Poking for tasks ['predict_and_save'] in dag monthly_prediction on 2024-08-12T18:54:33.214906+00:00 ... 
[2024-08-12T19:03:55.339+0000] {taskinstance.py:1895} INFO - Rescheduling task, marking task as UP_FOR_RESCHEDULE
[2024-08-12T19:03:55.351+0000] {local_task_job_runner.py:228} INFO - Task exited with return code 0
[2024-08-12T19:03:55.361+0000] {taskinstance.py:2776} INFO - 0 downstream tasks scheduled from follow-on schedule check
[2024-08-12T19:04:58.089+0000] {taskinstance.py:1157} INFO - Dependencies all met for dep_context=non-requeueable deps ti=<TaskInstance: monthly_monitor.wait_for_data manual__2024-08-12T18:54:33.214906+00:00 [queued]>
[2024-08-12T19:04:58.093+0000] {taskinstance.py:1157} INFO - Dependencies all met for dep_context=requeueable deps ti=<TaskInstance: monthly_monitor.wait_for_data manual__2024-08-12T18:54:33.214906+00:00 [queued]>
[2024-08-12T19:04:58.093+0000] {taskinstance.py:1359} INFO - Starting attempt 1 of 1
[2024-08-12T19:04:58.099+0000] {taskinstance.py:1380} INFO - Executing <Task(ExternalTaskSensor): wait_for_data> on 2024-08-12 18:54:33.214906+00:00
[2024-08-12T19:04:58.103+0000] {standard_task_runner.py:57} INFO - Started process 1989 to run task
[2024-08-12T19:04:58.105+0000] {standard_task_runner.py:84} INFO - Running: ['***', 'tasks', 'run', 'monthly_monitor', 'wait_for_data', 'manual__2024-08-12T18:54:33.214906+00:00', '--job-id', '416', '--raw', '--subdir', 'DAGS_FOLDER/monitor.py', '--cfg-path', '/tmp/tmpnj3cjxfm']
[2024-08-12T19:04:58.107+0000] {standard_task_runner.py:85} INFO - Job 416: Subtask wait_for_data
[2024-08-12T19:04:58.131+0000] {task_command.py:415} INFO - Running <TaskInstance: monthly_monitor.wait_for_data manual__2024-08-12T18:54:33.214906+00:00 [running]> on host a9166c5dc5ae
[2024-08-12T19:04:58.167+0000] {taskinstance.py:1660} INFO - Exporting env vars: AIRFLOW_CTX_DAG_OWNER='***' AIRFLOW_CTX_DAG_ID='monthly_monitor' AIRFLOW_CTX_TASK_ID='wait_for_data' AIRFLOW_CTX_EXECUTION_DATE='2024-08-12T18:54:33.214906+00:00' AIRFLOW_CTX_TRY_NUMBER='1' AIRFLOW_CTX_DAG_RUN_ID='manual__2024-08-12T18:54:33.214906+00:00'
[2024-08-12T19:04:58.173+0000] {external_task.py:244} INFO - Poking for tasks ['predict_and_save'] in dag monthly_prediction on 2024-08-12T18:54:33.214906+00:00 ... 
[2024-08-12T19:04:58.179+0000] {taskinstance.py:1935} ERROR - Task failed with exception
Traceback (most recent call last):
  File "/home/airflow/.local/lib/python3.8/site-packages/airflow/sensors/external_task.py", line 334, in execute
    super().execute(context)
  File "/home/airflow/.local/lib/python3.8/site-packages/airflow/sensors/base.py", line 274, in execute
    raise AirflowSensorTimeout(message)
airflow.exceptions.AirflowSensorTimeout: Sensor has timed out; run duration of 622.489816 seconds exceeds the specified timeout of 600.0.
[2024-08-12T19:04:58.183+0000] {taskinstance.py:1398} INFO - Immediate failure requested. Marking task as FAILED. dag_id=monthly_monitor, task_id=wait_for_data, execution_date=20240812T185433, start_date=20240812T190458, end_date=20240812T190458
[2024-08-12T19:04:58.187+0000] {standard_task_runner.py:104} ERROR - Failed to execute job 416 for task wait_for_data (Sensor has timed out; run duration of 622.489816 seconds exceeds the specified timeout of 600.0.; 1989)
[2024-08-12T19:04:58.204+0000] {local_task_job_runner.py:228} INFO - Task exited with return code 1
[2024-08-12T19:04:58.213+0000] {taskinstance.py:2776} INFO - 0 downstream tasks scheduled from follow-on schedule check
