[2024-08-12T06:14:02.999+0000] {taskinstance.py:1157} INFO - Dependencies all met for dep_context=non-requeueable deps ti=<TaskInstance: generate_monthly_data.predict_and_save manual__2024-08-12T06:13:58.729970+00:00 [queued]>
[2024-08-12T06:14:03.002+0000] {taskinstance.py:1157} INFO - Dependencies all met for dep_context=requeueable deps ti=<TaskInstance: generate_monthly_data.predict_and_save manual__2024-08-12T06:13:58.729970+00:00 [queued]>
[2024-08-12T06:14:03.003+0000] {taskinstance.py:1359} INFO - Starting attempt 1 of 1
[2024-08-12T06:14:03.008+0000] {taskinstance.py:1380} INFO - Executing <Task(_PythonDecoratedOperator): predict_and_save> on 2024-08-12 06:13:58.729970+00:00
[2024-08-12T06:14:03.013+0000] {standard_task_runner.py:57} INFO - Started process 10865 to run task
[2024-08-12T06:14:03.016+0000] {standard_task_runner.py:84} INFO - Running: ['***', 'tasks', 'run', 'generate_monthly_data', 'predict_and_save', 'manual__2024-08-12T06:13:58.729970+00:00', '--job-id', '127', '--raw', '--subdir', 'DAGS_FOLDER/monthly_prediction.py', '--cfg-path', '/tmp/tmpqiu9rquc']
[2024-08-12T06:14:03.018+0000] {standard_task_runner.py:85} INFO - Job 127: Subtask predict_and_save
[2024-08-12T06:14:03.046+0000] {task_command.py:415} INFO - Running <TaskInstance: generate_monthly_data.predict_and_save manual__2024-08-12T06:13:58.729970+00:00 [running]> on host fa284eed0508
[2024-08-12T06:14:03.324+0000] {taskinstance.py:1660} INFO - Exporting env vars: AIRFLOW_CTX_DAG_OWNER='***' AIRFLOW_CTX_DAG_ID='generate_monthly_data' AIRFLOW_CTX_TASK_ID='predict_and_save' AIRFLOW_CTX_EXECUTION_DATE='2024-08-12T06:13:58.729970+00:00' AIRFLOW_CTX_TRY_NUMBER='1' AIRFLOW_CTX_DAG_RUN_ID='manual__2024-08-12T06:13:58.729970+00:00'
[2024-08-12T06:14:03.381+0000] {logging_mixin.py:151} INFO - gs://mlflow-artifacts-bt/1/fab1118790cd421ab4d4d45e0b254b51/artifacts/models
[2024-08-12T06:14:03.847+0000] {logging_mixin.py:151} WARNING - Downloading artifacts:   0%|          | 0/9 [00:00<?, ?it/s]
[2024-08-12T06:14:03.848+0000] {logging_mixin.py:151} WARNING - Downloading artifacts:  11%|#1        | 1/9 [00:00<00:00, 14413.42it/s]
[2024-08-12T06:14:03.848+0000] {logging_mixin.py:151} WARNING - Downloading artifacts:  22%|##2       | 2/9 [00:00<00:00, 7489.83it/s] 
[2024-08-12T06:14:03.881+0000] {logging_mixin.py:151} WARNING - Downloading artifacts:  33%|###3      | 3/9 [00:00<00:00, 91.21it/s]  
[2024-08-12T06:14:03.905+0000] {logging_mixin.py:151} WARNING - Downloading artifacts:  44%|####4     | 4/9 [00:00<00:00, 69.83it/s]
[2024-08-12T06:14:03.935+0000] {logging_mixin.py:151} WARNING - Downloading artifacts:  56%|#####5    | 5/9 [00:00<00:00, 57.45it/s]
[2024-08-12T06:14:03.940+0000] {logging_mixin.py:151} WARNING - Downloading artifacts:  67%|######6   | 6/9 [00:00<00:00, 65.34it/s]
[2024-08-12T06:14:03.942+0000] {logging_mixin.py:151} WARNING - Downloading artifacts:  78%|#######7  | 7/9 [00:00<00:00, 74.51it/s]
[2024-08-12T06:14:03.974+0000] {logging_mixin.py:151} WARNING - Downloading artifacts:  89%|########8 | 8/9 [00:00<00:00, 63.25it/s]
[2024-08-12T06:14:03.975+0000] {logging_mixin.py:151} WARNING - Downloading artifacts:  89%|########8 | 8/9 [00:00<00:00, 63.25it/s]
[2024-08-12T06:14:04.906+0000] {logging_mixin.py:151} WARNING - Downloading artifacts: 100%|##########| 9/9 [00:01<00:00, 63.25it/s]
[2024-08-12T06:14:04.907+0000] {logging_mixin.py:151} WARNING - Downloading artifacts: 100%|##########| 9/9 [00:01<00:00,  8.49it/s]
[2024-08-12T06:14:05.085+0000] {logging_mixin.py:151} INFO - RandomForestClassifier version 1 loaded
[2024-08-12T06:14:05.513+0000] {python.py:194} INFO - Done. Returned value was: None
[2024-08-12T06:14:05.534+0000] {taskinstance.py:1398} INFO - Marking task as SUCCESS. dag_id=generate_monthly_data, task_id=predict_and_save, execution_date=20240812T061358, start_date=20240812T061402, end_date=20240812T061405
[2024-08-12T06:14:05.585+0000] {local_task_job_runner.py:228} INFO - Task exited with return code 0
[2024-08-12T06:14:05.599+0000] {taskinstance.py:2776} INFO - 0 downstream tasks scheduled from follow-on schedule check
