[2024-08-12T19:46:31.033+0000] {taskinstance.py:1157} INFO - Dependencies all met for dep_context=non-requeueable deps ti=<TaskInstance: monthly_prediction.wait_for_retrain manual__2024-08-12T19:46:29.593572+00:00 [queued]>
[2024-08-12T19:46:31.037+0000] {taskinstance.py:1157} INFO - Dependencies all met for dep_context=requeueable deps ti=<TaskInstance: monthly_prediction.wait_for_retrain manual__2024-08-12T19:46:29.593572+00:00 [queued]>
[2024-08-12T19:46:31.037+0000] {taskinstance.py:1359} INFO - Starting attempt 1 of 1
[2024-08-12T19:46:31.044+0000] {taskinstance.py:1380} INFO - Executing <Task(ExternalTaskSensor): wait_for_retrain> on 2024-08-12 19:46:29.593572+00:00
[2024-08-12T19:46:31.050+0000] {standard_task_runner.py:57} INFO - Started process 8383 to run task
[2024-08-12T19:46:31.053+0000] {standard_task_runner.py:84} INFO - Running: ['***', 'tasks', 'run', 'monthly_prediction', 'wait_for_retrain', 'manual__2024-08-12T19:46:29.593572+00:00', '--job-id', '672', '--raw', '--subdir', 'DAGS_FOLDER/monthly_prediction.py', '--cfg-path', '/tmp/tmp7jni0obn']
[2024-08-12T19:46:31.055+0000] {standard_task_runner.py:85} INFO - Job 672: Subtask wait_for_retrain
[2024-08-12T19:46:31.325+0000] {task_command.py:415} INFO - Running <TaskInstance: monthly_prediction.wait_for_retrain manual__2024-08-12T19:46:29.593572+00:00 [running]> on host a9166c5dc5ae
[2024-08-12T19:46:31.363+0000] {taskinstance.py:1660} INFO - Exporting env vars: AIRFLOW_CTX_DAG_OWNER='***' AIRFLOW_CTX_DAG_ID='monthly_prediction' AIRFLOW_CTX_TASK_ID='wait_for_retrain' AIRFLOW_CTX_EXECUTION_DATE='2024-08-12T19:46:29.593572+00:00' AIRFLOW_CTX_TRY_NUMBER='1' AIRFLOW_CTX_DAG_RUN_ID='manual__2024-08-12T19:46:29.593572+00:00'
[2024-08-12T19:46:31.370+0000] {external_task.py:244} INFO - Poking for tasks ['optimize_and_register_best_classifier'] in dag quarterly_retrain on 2024-07-31T19:46:29.593572+00:00 ... 
[2024-08-12T19:46:31.386+0000] {taskinstance.py:1895} INFO - Rescheduling task, marking task as UP_FOR_RESCHEDULE
[2024-08-12T19:46:31.398+0000] {local_task_job_runner.py:228} INFO - Task exited with return code 0
[2024-08-12T19:46:31.410+0000] {taskinstance.py:2776} INFO - 0 downstream tasks scheduled from follow-on schedule check
[2024-08-12T19:47:33.298+0000] {taskinstance.py:1157} INFO - Dependencies all met for dep_context=non-requeueable deps ti=<TaskInstance: monthly_prediction.wait_for_retrain manual__2024-08-12T19:46:29.593572+00:00 [queued]>
[2024-08-12T19:47:33.305+0000] {taskinstance.py:1157} INFO - Dependencies all met for dep_context=requeueable deps ti=<TaskInstance: monthly_prediction.wait_for_retrain manual__2024-08-12T19:46:29.593572+00:00 [queued]>
[2024-08-12T19:47:33.306+0000] {taskinstance.py:1359} INFO - Starting attempt 1 of 1
[2024-08-12T19:47:33.312+0000] {taskinstance.py:1380} INFO - Executing <Task(ExternalTaskSensor): wait_for_retrain> on 2024-08-12 19:46:29.593572+00:00
[2024-08-12T19:47:33.318+0000] {standard_task_runner.py:57} INFO - Started process 8762 to run task
[2024-08-12T19:47:33.320+0000] {standard_task_runner.py:84} INFO - Running: ['***', 'tasks', 'run', 'monthly_prediction', 'wait_for_retrain', 'manual__2024-08-12T19:46:29.593572+00:00', '--job-id', '693', '--raw', '--subdir', 'DAGS_FOLDER/monthly_prediction.py', '--cfg-path', '/tmp/tmp8zkgxa0g']
[2024-08-12T19:47:33.322+0000] {standard_task_runner.py:85} INFO - Job 693: Subtask wait_for_retrain
[2024-08-12T19:47:33.552+0000] {task_command.py:415} INFO - Running <TaskInstance: monthly_prediction.wait_for_retrain manual__2024-08-12T19:46:29.593572+00:00 [running]> on host a9166c5dc5ae
[2024-08-12T19:47:33.606+0000] {taskinstance.py:1660} INFO - Exporting env vars: AIRFLOW_CTX_DAG_OWNER='***' AIRFLOW_CTX_DAG_ID='monthly_prediction' AIRFLOW_CTX_TASK_ID='wait_for_retrain' AIRFLOW_CTX_EXECUTION_DATE='2024-08-12T19:46:29.593572+00:00' AIRFLOW_CTX_TRY_NUMBER='1' AIRFLOW_CTX_DAG_RUN_ID='manual__2024-08-12T19:46:29.593572+00:00'
[2024-08-12T19:47:33.613+0000] {external_task.py:244} INFO - Poking for tasks ['optimize_and_register_best_classifier'] in dag quarterly_retrain on 2024-07-31T19:46:29.593572+00:00 ... 
[2024-08-12T19:47:33.632+0000] {taskinstance.py:1895} INFO - Rescheduling task, marking task as UP_FOR_RESCHEDULE
[2024-08-12T19:47:33.678+0000] {local_task_job_runner.py:228} INFO - Task exited with return code 0
[2024-08-12T19:47:33.688+0000] {taskinstance.py:2776} INFO - 0 downstream tasks scheduled from follow-on schedule check
[2024-08-12T19:48:35.455+0000] {taskinstance.py:1157} INFO - Dependencies all met for dep_context=non-requeueable deps ti=<TaskInstance: monthly_prediction.wait_for_retrain manual__2024-08-12T19:46:29.593572+00:00 [queued]>
[2024-08-12T19:48:35.460+0000] {taskinstance.py:1157} INFO - Dependencies all met for dep_context=requeueable deps ti=<TaskInstance: monthly_prediction.wait_for_retrain manual__2024-08-12T19:46:29.593572+00:00 [queued]>
[2024-08-12T19:48:35.460+0000] {taskinstance.py:1359} INFO - Starting attempt 1 of 1
[2024-08-12T19:48:35.468+0000] {taskinstance.py:1380} INFO - Executing <Task(ExternalTaskSensor): wait_for_retrain> on 2024-08-12 19:46:29.593572+00:00
[2024-08-12T19:48:35.475+0000] {standard_task_runner.py:57} INFO - Started process 8913 to run task
[2024-08-12T19:48:35.478+0000] {standard_task_runner.py:84} INFO - Running: ['***', 'tasks', 'run', 'monthly_prediction', 'wait_for_retrain', 'manual__2024-08-12T19:46:29.593572+00:00', '--job-id', '700', '--raw', '--subdir', 'DAGS_FOLDER/monthly_prediction.py', '--cfg-path', '/tmp/tmp5x4ylqxa']
[2024-08-12T19:48:35.481+0000] {standard_task_runner.py:85} INFO - Job 700: Subtask wait_for_retrain
[2024-08-12T19:48:35.699+0000] {task_command.py:415} INFO - Running <TaskInstance: monthly_prediction.wait_for_retrain manual__2024-08-12T19:46:29.593572+00:00 [running]> on host a9166c5dc5ae
[2024-08-12T19:48:35.735+0000] {taskinstance.py:1660} INFO - Exporting env vars: AIRFLOW_CTX_DAG_OWNER='***' AIRFLOW_CTX_DAG_ID='monthly_prediction' AIRFLOW_CTX_TASK_ID='wait_for_retrain' AIRFLOW_CTX_EXECUTION_DATE='2024-08-12T19:46:29.593572+00:00' AIRFLOW_CTX_TRY_NUMBER='1' AIRFLOW_CTX_DAG_RUN_ID='manual__2024-08-12T19:46:29.593572+00:00'
[2024-08-12T19:48:35.741+0000] {external_task.py:244} INFO - Poking for tasks ['optimize_and_register_best_classifier'] in dag quarterly_retrain on 2024-07-31T19:46:29.593572+00:00 ... 
[2024-08-12T19:48:35.754+0000] {taskinstance.py:1895} INFO - Rescheduling task, marking task as UP_FOR_RESCHEDULE
[2024-08-12T19:48:35.795+0000] {local_task_job_runner.py:228} INFO - Task exited with return code 0
[2024-08-12T19:48:35.806+0000] {taskinstance.py:2776} INFO - 0 downstream tasks scheduled from follow-on schedule check
[2024-08-12T19:49:37.101+0000] {taskinstance.py:1157} INFO - Dependencies all met for dep_context=non-requeueable deps ti=<TaskInstance: monthly_prediction.wait_for_retrain manual__2024-08-12T19:46:29.593572+00:00 [queued]>
[2024-08-12T19:49:37.105+0000] {taskinstance.py:1157} INFO - Dependencies all met for dep_context=requeueable deps ti=<TaskInstance: monthly_prediction.wait_for_retrain manual__2024-08-12T19:46:29.593572+00:00 [queued]>
[2024-08-12T19:49:37.105+0000] {taskinstance.py:1359} INFO - Starting attempt 1 of 1
[2024-08-12T19:49:37.110+0000] {taskinstance.py:1380} INFO - Executing <Task(ExternalTaskSensor): wait_for_retrain> on 2024-08-12 19:46:29.593572+00:00
[2024-08-12T19:49:37.114+0000] {standard_task_runner.py:57} INFO - Started process 9172 to run task
[2024-08-12T19:49:37.116+0000] {standard_task_runner.py:84} INFO - Running: ['***', 'tasks', 'run', 'monthly_prediction', 'wait_for_retrain', 'manual__2024-08-12T19:46:29.593572+00:00', '--job-id', '713', '--raw', '--subdir', 'DAGS_FOLDER/monthly_prediction.py', '--cfg-path', '/tmp/tmpvu7868bm']
[2024-08-12T19:49:37.118+0000] {standard_task_runner.py:85} INFO - Job 713: Subtask wait_for_retrain
[2024-08-12T19:49:37.279+0000] {task_command.py:415} INFO - Running <TaskInstance: monthly_prediction.wait_for_retrain manual__2024-08-12T19:46:29.593572+00:00 [running]> on host a9166c5dc5ae
[2024-08-12T19:49:37.312+0000] {taskinstance.py:1660} INFO - Exporting env vars: AIRFLOW_CTX_DAG_OWNER='***' AIRFLOW_CTX_DAG_ID='monthly_prediction' AIRFLOW_CTX_TASK_ID='wait_for_retrain' AIRFLOW_CTX_EXECUTION_DATE='2024-08-12T19:46:29.593572+00:00' AIRFLOW_CTX_TRY_NUMBER='1' AIRFLOW_CTX_DAG_RUN_ID='manual__2024-08-12T19:46:29.593572+00:00'
[2024-08-12T19:49:37.317+0000] {external_task.py:244} INFO - Poking for tasks ['optimize_and_register_best_classifier'] in dag quarterly_retrain on 2024-07-31T19:46:29.593572+00:00 ... 
[2024-08-12T19:49:37.332+0000] {taskinstance.py:1895} INFO - Rescheduling task, marking task as UP_FOR_RESCHEDULE
[2024-08-12T19:49:37.351+0000] {local_task_job_runner.py:228} INFO - Task exited with return code 0
[2024-08-12T19:49:37.364+0000] {taskinstance.py:2776} INFO - 0 downstream tasks scheduled from follow-on schedule check
[2024-08-12T19:50:38.931+0000] {taskinstance.py:1157} INFO - Dependencies all met for dep_context=non-requeueable deps ti=<TaskInstance: monthly_prediction.wait_for_retrain manual__2024-08-12T19:46:29.593572+00:00 [queued]>
[2024-08-12T19:50:38.943+0000] {taskinstance.py:1157} INFO - Dependencies all met for dep_context=requeueable deps ti=<TaskInstance: monthly_prediction.wait_for_retrain manual__2024-08-12T19:46:29.593572+00:00 [queued]>
[2024-08-12T19:50:38.944+0000] {taskinstance.py:1359} INFO - Starting attempt 1 of 1
[2024-08-12T19:50:38.959+0000] {taskinstance.py:1380} INFO - Executing <Task(ExternalTaskSensor): wait_for_retrain> on 2024-08-12 19:46:29.593572+00:00
[2024-08-12T19:50:38.968+0000] {standard_task_runner.py:57} INFO - Started process 9439 to run task
[2024-08-12T19:50:38.975+0000] {standard_task_runner.py:84} INFO - Running: ['***', 'tasks', 'run', 'monthly_prediction', 'wait_for_retrain', 'manual__2024-08-12T19:46:29.593572+00:00', '--job-id', '728', '--raw', '--subdir', 'DAGS_FOLDER/monthly_prediction.py', '--cfg-path', '/tmp/tmp1t9x99ja']
[2024-08-12T19:50:38.979+0000] {standard_task_runner.py:85} INFO - Job 728: Subtask wait_for_retrain
[2024-08-12T19:50:39.204+0000] {task_command.py:415} INFO - Running <TaskInstance: monthly_prediction.wait_for_retrain manual__2024-08-12T19:46:29.593572+00:00 [running]> on host a9166c5dc5ae
[2024-08-12T19:50:39.246+0000] {taskinstance.py:1660} INFO - Exporting env vars: AIRFLOW_CTX_DAG_OWNER='***' AIRFLOW_CTX_DAG_ID='monthly_prediction' AIRFLOW_CTX_TASK_ID='wait_for_retrain' AIRFLOW_CTX_EXECUTION_DATE='2024-08-12T19:46:29.593572+00:00' AIRFLOW_CTX_TRY_NUMBER='1' AIRFLOW_CTX_DAG_RUN_ID='manual__2024-08-12T19:46:29.593572+00:00'
[2024-08-12T19:50:39.252+0000] {external_task.py:244} INFO - Poking for tasks ['optimize_and_register_best_classifier'] in dag quarterly_retrain on 2024-07-31T19:46:29.593572+00:00 ... 
[2024-08-12T19:50:39.270+0000] {taskinstance.py:1895} INFO - Rescheduling task, marking task as UP_FOR_RESCHEDULE
[2024-08-12T19:50:39.294+0000] {local_task_job_runner.py:228} INFO - Task exited with return code 0
[2024-08-12T19:50:39.308+0000] {taskinstance.py:2776} INFO - 0 downstream tasks scheduled from follow-on schedule check
[2024-08-12T19:51:40.748+0000] {taskinstance.py:1157} INFO - Dependencies all met for dep_context=non-requeueable deps ti=<TaskInstance: monthly_prediction.wait_for_retrain manual__2024-08-12T19:46:29.593572+00:00 [queued]>
[2024-08-12T19:51:40.754+0000] {taskinstance.py:1157} INFO - Dependencies all met for dep_context=requeueable deps ti=<TaskInstance: monthly_prediction.wait_for_retrain manual__2024-08-12T19:46:29.593572+00:00 [queued]>
[2024-08-12T19:51:40.755+0000] {taskinstance.py:1359} INFO - Starting attempt 1 of 1
[2024-08-12T19:51:40.763+0000] {taskinstance.py:1380} INFO - Executing <Task(ExternalTaskSensor): wait_for_retrain> on 2024-08-12 19:46:29.593572+00:00
[2024-08-12T19:51:40.771+0000] {standard_task_runner.py:57} INFO - Started process 9641 to run task
[2024-08-12T19:51:40.775+0000] {standard_task_runner.py:84} INFO - Running: ['***', 'tasks', 'run', 'monthly_prediction', 'wait_for_retrain', 'manual__2024-08-12T19:46:29.593572+00:00', '--job-id', '739', '--raw', '--subdir', 'DAGS_FOLDER/monthly_prediction.py', '--cfg-path', '/tmp/tmp0slc7cr2']
[2024-08-12T19:51:40.778+0000] {standard_task_runner.py:85} INFO - Job 739: Subtask wait_for_retrain
[2024-08-12T19:51:41.000+0000] {task_command.py:415} INFO - Running <TaskInstance: monthly_prediction.wait_for_retrain manual__2024-08-12T19:46:29.593572+00:00 [running]> on host a9166c5dc5ae
[2024-08-12T19:51:41.045+0000] {taskinstance.py:1660} INFO - Exporting env vars: AIRFLOW_CTX_DAG_OWNER='***' AIRFLOW_CTX_DAG_ID='monthly_prediction' AIRFLOW_CTX_TASK_ID='wait_for_retrain' AIRFLOW_CTX_EXECUTION_DATE='2024-08-12T19:46:29.593572+00:00' AIRFLOW_CTX_TRY_NUMBER='1' AIRFLOW_CTX_DAG_RUN_ID='manual__2024-08-12T19:46:29.593572+00:00'
[2024-08-12T19:51:41.052+0000] {external_task.py:244} INFO - Poking for tasks ['optimize_and_register_best_classifier'] in dag quarterly_retrain on 2024-07-31T19:46:29.593572+00:00 ... 
[2024-08-12T19:51:41.070+0000] {taskinstance.py:1895} INFO - Rescheduling task, marking task as UP_FOR_RESCHEDULE
[2024-08-12T19:51:41.087+0000] {local_task_job_runner.py:228} INFO - Task exited with return code 0
[2024-08-12T19:51:41.103+0000] {taskinstance.py:2776} INFO - 0 downstream tasks scheduled from follow-on schedule check
[2024-08-12T19:52:42.547+0000] {taskinstance.py:1157} INFO - Dependencies all met for dep_context=non-requeueable deps ti=<TaskInstance: monthly_prediction.wait_for_retrain manual__2024-08-12T19:46:29.593572+00:00 [queued]>
[2024-08-12T19:52:42.555+0000] {taskinstance.py:1157} INFO - Dependencies all met for dep_context=requeueable deps ti=<TaskInstance: monthly_prediction.wait_for_retrain manual__2024-08-12T19:46:29.593572+00:00 [queued]>
[2024-08-12T19:52:42.555+0000] {taskinstance.py:1359} INFO - Starting attempt 1 of 1
[2024-08-12T19:52:42.566+0000] {taskinstance.py:1380} INFO - Executing <Task(ExternalTaskSensor): wait_for_retrain> on 2024-08-12 19:46:29.593572+00:00
[2024-08-12T19:52:42.572+0000] {standard_task_runner.py:57} INFO - Started process 9834 to run task
[2024-08-12T19:52:42.575+0000] {standard_task_runner.py:84} INFO - Running: ['***', 'tasks', 'run', 'monthly_prediction', 'wait_for_retrain', 'manual__2024-08-12T19:46:29.593572+00:00', '--job-id', '750', '--raw', '--subdir', 'DAGS_FOLDER/monthly_prediction.py', '--cfg-path', '/tmp/tmp91fh6t6m']
[2024-08-12T19:52:42.578+0000] {standard_task_runner.py:85} INFO - Job 750: Subtask wait_for_retrain
[2024-08-12T19:52:42.878+0000] {task_command.py:415} INFO - Running <TaskInstance: monthly_prediction.wait_for_retrain manual__2024-08-12T19:46:29.593572+00:00 [running]> on host a9166c5dc5ae
[2024-08-12T19:52:43.015+0000] {taskinstance.py:1660} INFO - Exporting env vars: AIRFLOW_CTX_DAG_OWNER='***' AIRFLOW_CTX_DAG_ID='monthly_prediction' AIRFLOW_CTX_TASK_ID='wait_for_retrain' AIRFLOW_CTX_EXECUTION_DATE='2024-08-12T19:46:29.593572+00:00' AIRFLOW_CTX_TRY_NUMBER='1' AIRFLOW_CTX_DAG_RUN_ID='manual__2024-08-12T19:46:29.593572+00:00'
[2024-08-12T19:52:43.030+0000] {external_task.py:244} INFO - Poking for tasks ['optimize_and_register_best_classifier'] in dag quarterly_retrain on 2024-07-31T19:46:29.593572+00:00 ... 
[2024-08-12T19:52:43.071+0000] {taskinstance.py:1895} INFO - Rescheduling task, marking task as UP_FOR_RESCHEDULE
[2024-08-12T19:52:43.089+0000] {local_task_job_runner.py:228} INFO - Task exited with return code 0
[2024-08-12T19:52:43.117+0000] {taskinstance.py:2776} INFO - 0 downstream tasks scheduled from follow-on schedule check
[2024-08-12T19:53:44.482+0000] {taskinstance.py:1157} INFO - Dependencies all met for dep_context=non-requeueable deps ti=<TaskInstance: monthly_prediction.wait_for_retrain manual__2024-08-12T19:46:29.593572+00:00 [queued]>
[2024-08-12T19:53:44.488+0000] {taskinstance.py:1157} INFO - Dependencies all met for dep_context=requeueable deps ti=<TaskInstance: monthly_prediction.wait_for_retrain manual__2024-08-12T19:46:29.593572+00:00 [queued]>
[2024-08-12T19:53:44.488+0000] {taskinstance.py:1359} INFO - Starting attempt 1 of 1
[2024-08-12T19:53:44.496+0000] {taskinstance.py:1380} INFO - Executing <Task(ExternalTaskSensor): wait_for_retrain> on 2024-08-12 19:46:29.593572+00:00
[2024-08-12T19:53:44.501+0000] {standard_task_runner.py:57} INFO - Started process 10032 to run task
[2024-08-12T19:53:44.503+0000] {standard_task_runner.py:84} INFO - Running: ['***', 'tasks', 'run', 'monthly_prediction', 'wait_for_retrain', 'manual__2024-08-12T19:46:29.593572+00:00', '--job-id', '761', '--raw', '--subdir', 'DAGS_FOLDER/monthly_prediction.py', '--cfg-path', '/tmp/tmp3gpxqlkc']
[2024-08-12T19:53:44.506+0000] {standard_task_runner.py:85} INFO - Job 761: Subtask wait_for_retrain
[2024-08-12T19:53:44.676+0000] {task_command.py:415} INFO - Running <TaskInstance: monthly_prediction.wait_for_retrain manual__2024-08-12T19:46:29.593572+00:00 [running]> on host a9166c5dc5ae
[2024-08-12T19:53:44.721+0000] {taskinstance.py:1660} INFO - Exporting env vars: AIRFLOW_CTX_DAG_OWNER='***' AIRFLOW_CTX_DAG_ID='monthly_prediction' AIRFLOW_CTX_TASK_ID='wait_for_retrain' AIRFLOW_CTX_EXECUTION_DATE='2024-08-12T19:46:29.593572+00:00' AIRFLOW_CTX_TRY_NUMBER='1' AIRFLOW_CTX_DAG_RUN_ID='manual__2024-08-12T19:46:29.593572+00:00'
[2024-08-12T19:53:44.728+0000] {external_task.py:244} INFO - Poking for tasks ['optimize_and_register_best_classifier'] in dag quarterly_retrain on 2024-07-31T19:46:29.593572+00:00 ... 
[2024-08-12T19:53:44.749+0000] {taskinstance.py:1895} INFO - Rescheduling task, marking task as UP_FOR_RESCHEDULE
[2024-08-12T19:53:44.767+0000] {local_task_job_runner.py:228} INFO - Task exited with return code 0
[2024-08-12T19:53:44.783+0000] {taskinstance.py:2776} INFO - 0 downstream tasks scheduled from follow-on schedule check
[2024-08-12T19:54:47.764+0000] {taskinstance.py:1157} INFO - Dependencies all met for dep_context=non-requeueable deps ti=<TaskInstance: monthly_prediction.wait_for_retrain manual__2024-08-12T19:46:29.593572+00:00 [queued]>
[2024-08-12T19:54:47.770+0000] {taskinstance.py:1157} INFO - Dependencies all met for dep_context=requeueable deps ti=<TaskInstance: monthly_prediction.wait_for_retrain manual__2024-08-12T19:46:29.593572+00:00 [queued]>
[2024-08-12T19:54:47.770+0000] {taskinstance.py:1359} INFO - Starting attempt 1 of 1
[2024-08-12T19:54:47.779+0000] {taskinstance.py:1380} INFO - Executing <Task(ExternalTaskSensor): wait_for_retrain> on 2024-08-12 19:46:29.593572+00:00
[2024-08-12T19:54:47.786+0000] {standard_task_runner.py:57} INFO - Started process 10234 to run task
[2024-08-12T19:54:47.790+0000] {standard_task_runner.py:84} INFO - Running: ['***', 'tasks', 'run', 'monthly_prediction', 'wait_for_retrain', 'manual__2024-08-12T19:46:29.593572+00:00', '--job-id', '772', '--raw', '--subdir', 'DAGS_FOLDER/monthly_prediction.py', '--cfg-path', '/tmp/tmp9z3kmr2i']
[2024-08-12T19:54:47.794+0000] {standard_task_runner.py:85} INFO - Job 772: Subtask wait_for_retrain
[2024-08-12T19:54:48.039+0000] {task_command.py:415} INFO - Running <TaskInstance: monthly_prediction.wait_for_retrain manual__2024-08-12T19:46:29.593572+00:00 [running]> on host a9166c5dc5ae
[2024-08-12T19:54:48.094+0000] {taskinstance.py:1660} INFO - Exporting env vars: AIRFLOW_CTX_DAG_OWNER='***' AIRFLOW_CTX_DAG_ID='monthly_prediction' AIRFLOW_CTX_TASK_ID='wait_for_retrain' AIRFLOW_CTX_EXECUTION_DATE='2024-08-12T19:46:29.593572+00:00' AIRFLOW_CTX_TRY_NUMBER='1' AIRFLOW_CTX_DAG_RUN_ID='manual__2024-08-12T19:46:29.593572+00:00'
[2024-08-12T19:54:48.102+0000] {external_task.py:244} INFO - Poking for tasks ['optimize_and_register_best_classifier'] in dag quarterly_retrain on 2024-07-31T19:46:29.593572+00:00 ... 
[2024-08-12T19:54:48.122+0000] {taskinstance.py:1895} INFO - Rescheduling task, marking task as UP_FOR_RESCHEDULE
[2024-08-12T19:54:48.152+0000] {local_task_job_runner.py:228} INFO - Task exited with return code 0
[2024-08-12T19:54:48.169+0000] {taskinstance.py:2776} INFO - 0 downstream tasks scheduled from follow-on schedule check
[2024-08-12T19:55:50.281+0000] {taskinstance.py:1157} INFO - Dependencies all met for dep_context=non-requeueable deps ti=<TaskInstance: monthly_prediction.wait_for_retrain manual__2024-08-12T19:46:29.593572+00:00 [queued]>
[2024-08-12T19:55:50.289+0000] {taskinstance.py:1157} INFO - Dependencies all met for dep_context=requeueable deps ti=<TaskInstance: monthly_prediction.wait_for_retrain manual__2024-08-12T19:46:29.593572+00:00 [queued]>
[2024-08-12T19:55:50.290+0000] {taskinstance.py:1359} INFO - Starting attempt 1 of 1
[2024-08-12T19:55:50.300+0000] {taskinstance.py:1380} INFO - Executing <Task(ExternalTaskSensor): wait_for_retrain> on 2024-08-12 19:46:29.593572+00:00
[2024-08-12T19:55:50.308+0000] {standard_task_runner.py:57} INFO - Started process 10449 to run task
[2024-08-12T19:55:50.312+0000] {standard_task_runner.py:84} INFO - Running: ['***', 'tasks', 'run', 'monthly_prediction', 'wait_for_retrain', 'manual__2024-08-12T19:46:29.593572+00:00', '--job-id', '783', '--raw', '--subdir', 'DAGS_FOLDER/monthly_prediction.py', '--cfg-path', '/tmp/tmpci092kva']
[2024-08-12T19:55:50.316+0000] {standard_task_runner.py:85} INFO - Job 783: Subtask wait_for_retrain
[2024-08-12T19:55:50.388+0000] {task_command.py:415} INFO - Running <TaskInstance: monthly_prediction.wait_for_retrain manual__2024-08-12T19:46:29.593572+00:00 [running]> on host a9166c5dc5ae
[2024-08-12T19:55:50.668+0000] {taskinstance.py:1660} INFO - Exporting env vars: AIRFLOW_CTX_DAG_OWNER='***' AIRFLOW_CTX_DAG_ID='monthly_prediction' AIRFLOW_CTX_TASK_ID='wait_for_retrain' AIRFLOW_CTX_EXECUTION_DATE='2024-08-12T19:46:29.593572+00:00' AIRFLOW_CTX_TRY_NUMBER='1' AIRFLOW_CTX_DAG_RUN_ID='manual__2024-08-12T19:46:29.593572+00:00'
[2024-08-12T19:55:50.684+0000] {external_task.py:244} INFO - Poking for tasks ['optimize_and_register_best_classifier'] in dag quarterly_retrain on 2024-07-31T19:46:29.593572+00:00 ... 
[2024-08-12T19:55:50.720+0000] {taskinstance.py:1895} INFO - Rescheduling task, marking task as UP_FOR_RESCHEDULE
[2024-08-12T19:55:50.754+0000] {local_task_job_runner.py:228} INFO - Task exited with return code 0
[2024-08-12T19:55:50.771+0000] {taskinstance.py:2776} INFO - 0 downstream tasks scheduled from follow-on schedule check
[2024-08-12T19:56:53.079+0000] {taskinstance.py:1157} INFO - Dependencies all met for dep_context=non-requeueable deps ti=<TaskInstance: monthly_prediction.wait_for_retrain manual__2024-08-12T19:46:29.593572+00:00 [queued]>
[2024-08-12T19:56:53.084+0000] {taskinstance.py:1157} INFO - Dependencies all met for dep_context=requeueable deps ti=<TaskInstance: monthly_prediction.wait_for_retrain manual__2024-08-12T19:46:29.593572+00:00 [queued]>
[2024-08-12T19:56:53.085+0000] {taskinstance.py:1359} INFO - Starting attempt 1 of 1
[2024-08-12T19:56:53.092+0000] {taskinstance.py:1380} INFO - Executing <Task(ExternalTaskSensor): wait_for_retrain> on 2024-08-12 19:46:29.593572+00:00
[2024-08-12T19:56:53.097+0000] {standard_task_runner.py:57} INFO - Started process 10746 to run task
[2024-08-12T19:56:53.100+0000] {standard_task_runner.py:84} INFO - Running: ['***', 'tasks', 'run', 'monthly_prediction', 'wait_for_retrain', 'manual__2024-08-12T19:46:29.593572+00:00', '--job-id', '800', '--raw', '--subdir', 'DAGS_FOLDER/monthly_prediction.py', '--cfg-path', '/tmp/tmpxict5_tv']
[2024-08-12T19:56:53.102+0000] {standard_task_runner.py:85} INFO - Job 800: Subtask wait_for_retrain
[2024-08-12T19:56:53.138+0000] {task_command.py:415} INFO - Running <TaskInstance: monthly_prediction.wait_for_retrain manual__2024-08-12T19:46:29.593572+00:00 [running]> on host a9166c5dc5ae
[2024-08-12T19:56:53.364+0000] {taskinstance.py:1660} INFO - Exporting env vars: AIRFLOW_CTX_DAG_OWNER='***' AIRFLOW_CTX_DAG_ID='monthly_prediction' AIRFLOW_CTX_TASK_ID='wait_for_retrain' AIRFLOW_CTX_EXECUTION_DATE='2024-08-12T19:46:29.593572+00:00' AIRFLOW_CTX_TRY_NUMBER='1' AIRFLOW_CTX_DAG_RUN_ID='manual__2024-08-12T19:46:29.593572+00:00'
[2024-08-12T19:56:53.371+0000] {external_task.py:244} INFO - Poking for tasks ['optimize_and_register_best_classifier'] in dag quarterly_retrain on 2024-07-31T19:46:29.593572+00:00 ... 
[2024-08-12T19:56:53.379+0000] {taskinstance.py:1935} ERROR - Task failed with exception
Traceback (most recent call last):
  File "/home/airflow/.local/lib/python3.8/site-packages/airflow/sensors/external_task.py", line 334, in execute
    super().execute(context)
  File "/home/airflow/.local/lib/python3.8/site-packages/airflow/sensors/base.py", line 274, in execute
    raise AirflowSensorTimeout(message)
airflow.exceptions.AirflowSensorTimeout: Sensor has timed out; run duration of 622.041508 seconds exceeds the specified timeout of 600.0.
[2024-08-12T19:56:53.385+0000] {taskinstance.py:1398} INFO - Immediate failure requested. Marking task as FAILED. dag_id=monthly_prediction, task_id=wait_for_retrain, execution_date=20240812T194629, start_date=20240812T195653, end_date=20240812T195653
[2024-08-12T19:56:53.392+0000] {standard_task_runner.py:104} ERROR - Failed to execute job 800 for task wait_for_retrain (Sensor has timed out; run duration of 622.041508 seconds exceeds the specified timeout of 600.0.; 10746)
[2024-08-12T19:56:53.410+0000] {local_task_job_runner.py:228} INFO - Task exited with return code 1
[2024-08-12T19:56:53.422+0000] {taskinstance.py:2776} INFO - 0 downstream tasks scheduled from follow-on schedule check
