[2024-08-12T18:13:57.516+0000] {taskinstance.py:1157} INFO - Dependencies all met for dep_context=non-requeueable deps ti=<TaskInstance: monthly_prediction.wait_for_retrain scheduled__2024-06-01T00:00:00+00:00 [queued]>
[2024-08-12T18:13:57.561+0000] {taskinstance.py:1157} INFO - Dependencies all met for dep_context=requeueable deps ti=<TaskInstance: monthly_prediction.wait_for_retrain scheduled__2024-06-01T00:00:00+00:00 [queued]>
[2024-08-12T18:13:57.565+0000] {taskinstance.py:1359} INFO - Starting attempt 1 of 1
[2024-08-12T18:13:57.658+0000] {taskinstance.py:1380} INFO - Executing <Task(ExternalTaskSensor): wait_for_retrain> on 2024-06-01 00:00:00+00:00
[2024-08-12T18:13:57.714+0000] {standard_task_runner.py:57} INFO - Started process 9355 to run task
[2024-08-12T18:13:57.710+0000] {standard_task_runner.py:84} INFO - Running: ['***', 'tasks', 'run', 'monthly_prediction', 'wait_for_retrain', 'scheduled__2024-06-01T00:00:00+00:00', '--job-id', '273', '--raw', '--subdir', 'DAGS_FOLDER/monthly_prediction.py', '--cfg-path', '/tmp/tmp7t0u0cl1']
[2024-08-12T18:13:57.733+0000] {standard_task_runner.py:85} INFO - Job 273: Subtask wait_for_retrain
[2024-08-12T18:13:58.018+0000] {task_command.py:415} INFO - Running <TaskInstance: monthly_prediction.wait_for_retrain scheduled__2024-06-01T00:00:00+00:00 [running]> on host a9166c5dc5ae
[2024-08-12T18:13:58.503+0000] {taskinstance.py:1660} INFO - Exporting env vars: AIRFLOW_CTX_DAG_OWNER='***' AIRFLOW_CTX_DAG_ID='monthly_prediction' AIRFLOW_CTX_TASK_ID='wait_for_retrain' AIRFLOW_CTX_EXECUTION_DATE='2024-06-01T00:00:00+00:00' AIRFLOW_CTX_TRY_NUMBER='1' AIRFLOW_CTX_DAG_RUN_ID='scheduled__2024-06-01T00:00:00+00:00'
[2024-08-12T18:13:58.600+0000] {external_task.py:244} INFO - Poking for tasks ['optimize_and_register_best_classifier'] in dag quarterly_retrain on 2024-05-31T00:00:00+00:00 ... 
[2024-08-12T18:13:58.783+0000] {taskinstance.py:1895} INFO - Rescheduling task, marking task as UP_FOR_RESCHEDULE
[2024-08-12T18:13:58.872+0000] {local_task_job_runner.py:228} INFO - Task exited with return code 0
[2024-08-12T18:13:59.023+0000] {taskinstance.py:2776} INFO - 0 downstream tasks scheduled from follow-on schedule check
[2024-08-12T18:15:00.181+0000] {taskinstance.py:1157} INFO - Dependencies all met for dep_context=non-requeueable deps ti=<TaskInstance: monthly_prediction.wait_for_retrain scheduled__2024-06-01T00:00:00+00:00 [queued]>
[2024-08-12T18:15:00.188+0000] {taskinstance.py:1157} INFO - Dependencies all met for dep_context=requeueable deps ti=<TaskInstance: monthly_prediction.wait_for_retrain scheduled__2024-06-01T00:00:00+00:00 [queued]>
[2024-08-12T18:15:00.189+0000] {taskinstance.py:1359} INFO - Starting attempt 1 of 1
[2024-08-12T18:15:00.206+0000] {taskinstance.py:1380} INFO - Executing <Task(ExternalTaskSensor): wait_for_retrain> on 2024-06-01 00:00:00+00:00
[2024-08-12T18:15:00.225+0000] {standard_task_runner.py:57} INFO - Started process 9947 to run task
[2024-08-12T18:15:00.227+0000] {standard_task_runner.py:84} INFO - Running: ['***', 'tasks', 'run', 'monthly_prediction', 'wait_for_retrain', 'scheduled__2024-06-01T00:00:00+00:00', '--job-id', '299', '--raw', '--subdir', 'DAGS_FOLDER/monthly_prediction.py', '--cfg-path', '/tmp/tmp13zef22j']
[2024-08-12T18:15:00.231+0000] {standard_task_runner.py:85} INFO - Job 299: Subtask wait_for_retrain
[2024-08-12T18:15:00.328+0000] {task_command.py:415} INFO - Running <TaskInstance: monthly_prediction.wait_for_retrain scheduled__2024-06-01T00:00:00+00:00 [running]> on host a9166c5dc5ae
[2024-08-12T18:15:00.450+0000] {taskinstance.py:1660} INFO - Exporting env vars: AIRFLOW_CTX_DAG_OWNER='***' AIRFLOW_CTX_DAG_ID='monthly_prediction' AIRFLOW_CTX_TASK_ID='wait_for_retrain' AIRFLOW_CTX_EXECUTION_DATE='2024-06-01T00:00:00+00:00' AIRFLOW_CTX_TRY_NUMBER='1' AIRFLOW_CTX_DAG_RUN_ID='scheduled__2024-06-01T00:00:00+00:00'
[2024-08-12T18:15:00.496+0000] {external_task.py:244} INFO - Poking for tasks ['optimize_and_register_best_classifier'] in dag quarterly_retrain on 2024-05-31T00:00:00+00:00 ... 
[2024-08-12T18:15:00.575+0000] {taskinstance.py:1895} INFO - Rescheduling task, marking task as UP_FOR_RESCHEDULE
[2024-08-12T18:15:00.592+0000] {local_task_job_runner.py:228} INFO - Task exited with return code 0
[2024-08-12T18:15:00.624+0000] {taskinstance.py:2776} INFO - 0 downstream tasks scheduled from follow-on schedule check
[2024-08-12T18:16:02.640+0000] {taskinstance.py:1157} INFO - Dependencies all met for dep_context=non-requeueable deps ti=<TaskInstance: monthly_prediction.wait_for_retrain scheduled__2024-06-01T00:00:00+00:00 [queued]>
[2024-08-12T18:16:02.651+0000] {taskinstance.py:1157} INFO - Dependencies all met for dep_context=requeueable deps ti=<TaskInstance: monthly_prediction.wait_for_retrain scheduled__2024-06-01T00:00:00+00:00 [queued]>
[2024-08-12T18:16:02.652+0000] {taskinstance.py:1359} INFO - Starting attempt 1 of 1
[2024-08-12T18:16:02.666+0000] {taskinstance.py:1380} INFO - Executing <Task(ExternalTaskSensor): wait_for_retrain> on 2024-06-01 00:00:00+00:00
[2024-08-12T18:16:02.678+0000] {standard_task_runner.py:57} INFO - Started process 10531 to run task
[2024-08-12T18:16:02.683+0000] {standard_task_runner.py:84} INFO - Running: ['***', 'tasks', 'run', 'monthly_prediction', 'wait_for_retrain', 'scheduled__2024-06-01T00:00:00+00:00', '--job-id', '306', '--raw', '--subdir', 'DAGS_FOLDER/monthly_prediction.py', '--cfg-path', '/tmp/tmp26yubd84']
[2024-08-12T18:16:02.694+0000] {standard_task_runner.py:85} INFO - Job 306: Subtask wait_for_retrain
[2024-08-12T18:16:02.771+0000] {task_command.py:415} INFO - Running <TaskInstance: monthly_prediction.wait_for_retrain scheduled__2024-06-01T00:00:00+00:00 [running]> on host a9166c5dc5ae
[2024-08-12T18:16:02.853+0000] {taskinstance.py:1660} INFO - Exporting env vars: AIRFLOW_CTX_DAG_OWNER='***' AIRFLOW_CTX_DAG_ID='monthly_prediction' AIRFLOW_CTX_TASK_ID='wait_for_retrain' AIRFLOW_CTX_EXECUTION_DATE='2024-06-01T00:00:00+00:00' AIRFLOW_CTX_TRY_NUMBER='1' AIRFLOW_CTX_DAG_RUN_ID='scheduled__2024-06-01T00:00:00+00:00'
[2024-08-12T18:16:02.867+0000] {external_task.py:244} INFO - Poking for tasks ['optimize_and_register_best_classifier'] in dag quarterly_retrain on 2024-05-31T00:00:00+00:00 ... 
[2024-08-12T18:16:02.904+0000] {taskinstance.py:1895} INFO - Rescheduling task, marking task as UP_FOR_RESCHEDULE
[2024-08-12T18:16:02.949+0000] {local_task_job_runner.py:228} INFO - Task exited with return code 0
[2024-08-12T18:16:02.965+0000] {taskinstance.py:2776} INFO - 0 downstream tasks scheduled from follow-on schedule check
[2024-08-12T18:17:04.360+0000] {taskinstance.py:1157} INFO - Dependencies all met for dep_context=non-requeueable deps ti=<TaskInstance: monthly_prediction.wait_for_retrain scheduled__2024-06-01T00:00:00+00:00 [queued]>
[2024-08-12T18:17:04.365+0000] {taskinstance.py:1157} INFO - Dependencies all met for dep_context=requeueable deps ti=<TaskInstance: monthly_prediction.wait_for_retrain scheduled__2024-06-01T00:00:00+00:00 [queued]>
[2024-08-12T18:17:04.366+0000] {taskinstance.py:1359} INFO - Starting attempt 1 of 1
[2024-08-12T18:17:04.371+0000] {taskinstance.py:1380} INFO - Executing <Task(ExternalTaskSensor): wait_for_retrain> on 2024-06-01 00:00:00+00:00
[2024-08-12T18:17:04.377+0000] {standard_task_runner.py:57} INFO - Started process 11003 to run task
[2024-08-12T18:17:04.380+0000] {standard_task_runner.py:84} INFO - Running: ['***', 'tasks', 'run', 'monthly_prediction', 'wait_for_retrain', 'scheduled__2024-06-01T00:00:00+00:00', '--job-id', '311', '--raw', '--subdir', 'DAGS_FOLDER/monthly_prediction.py', '--cfg-path', '/tmp/tmphrsg8l4c']
[2024-08-12T18:17:04.383+0000] {standard_task_runner.py:85} INFO - Job 311: Subtask wait_for_retrain
[2024-08-12T18:17:04.433+0000] {task_command.py:415} INFO - Running <TaskInstance: monthly_prediction.wait_for_retrain scheduled__2024-06-01T00:00:00+00:00 [running]> on host a9166c5dc5ae
[2024-08-12T18:17:04.482+0000] {taskinstance.py:1660} INFO - Exporting env vars: AIRFLOW_CTX_DAG_OWNER='***' AIRFLOW_CTX_DAG_ID='monthly_prediction' AIRFLOW_CTX_TASK_ID='wait_for_retrain' AIRFLOW_CTX_EXECUTION_DATE='2024-06-01T00:00:00+00:00' AIRFLOW_CTX_TRY_NUMBER='1' AIRFLOW_CTX_DAG_RUN_ID='scheduled__2024-06-01T00:00:00+00:00'
[2024-08-12T18:17:04.488+0000] {external_task.py:244} INFO - Poking for tasks ['optimize_and_register_best_classifier'] in dag quarterly_retrain on 2024-05-31T00:00:00+00:00 ... 
[2024-08-12T18:17:04.503+0000] {taskinstance.py:1895} INFO - Rescheduling task, marking task as UP_FOR_RESCHEDULE
[2024-08-12T18:17:04.517+0000] {local_task_job_runner.py:228} INFO - Task exited with return code 0
[2024-08-12T18:17:04.526+0000] {taskinstance.py:2776} INFO - 0 downstream tasks scheduled from follow-on schedule check
[2024-08-12T18:18:06.210+0000] {taskinstance.py:1157} INFO - Dependencies all met for dep_context=non-requeueable deps ti=<TaskInstance: monthly_prediction.wait_for_retrain scheduled__2024-06-01T00:00:00+00:00 [queued]>
[2024-08-12T18:18:06.217+0000] {taskinstance.py:1157} INFO - Dependencies all met for dep_context=requeueable deps ti=<TaskInstance: monthly_prediction.wait_for_retrain scheduled__2024-06-01T00:00:00+00:00 [queued]>
[2024-08-12T18:18:06.218+0000] {taskinstance.py:1359} INFO - Starting attempt 1 of 1
[2024-08-12T18:18:06.225+0000] {taskinstance.py:1380} INFO - Executing <Task(ExternalTaskSensor): wait_for_retrain> on 2024-06-01 00:00:00+00:00
[2024-08-12T18:18:06.230+0000] {standard_task_runner.py:57} INFO - Started process 11154 to run task
[2024-08-12T18:18:06.233+0000] {standard_task_runner.py:84} INFO - Running: ['***', 'tasks', 'run', 'monthly_prediction', 'wait_for_retrain', 'scheduled__2024-06-01T00:00:00+00:00', '--job-id', '318', '--raw', '--subdir', 'DAGS_FOLDER/monthly_prediction.py', '--cfg-path', '/tmp/tmptz8tdxf6']
[2024-08-12T18:18:06.235+0000] {standard_task_runner.py:85} INFO - Job 318: Subtask wait_for_retrain
[2024-08-12T18:18:06.271+0000] {task_command.py:415} INFO - Running <TaskInstance: monthly_prediction.wait_for_retrain scheduled__2024-06-01T00:00:00+00:00 [running]> on host a9166c5dc5ae
[2024-08-12T18:18:06.311+0000] {taskinstance.py:1660} INFO - Exporting env vars: AIRFLOW_CTX_DAG_OWNER='***' AIRFLOW_CTX_DAG_ID='monthly_prediction' AIRFLOW_CTX_TASK_ID='wait_for_retrain' AIRFLOW_CTX_EXECUTION_DATE='2024-06-01T00:00:00+00:00' AIRFLOW_CTX_TRY_NUMBER='1' AIRFLOW_CTX_DAG_RUN_ID='scheduled__2024-06-01T00:00:00+00:00'
[2024-08-12T18:18:06.318+0000] {external_task.py:244} INFO - Poking for tasks ['optimize_and_register_best_classifier'] in dag quarterly_retrain on 2024-05-31T00:00:00+00:00 ... 
[2024-08-12T18:18:06.333+0000] {taskinstance.py:1895} INFO - Rescheduling task, marking task as UP_FOR_RESCHEDULE
[2024-08-12T18:18:06.375+0000] {local_task_job_runner.py:228} INFO - Task exited with return code 0
[2024-08-12T18:18:06.389+0000] {taskinstance.py:2776} INFO - 0 downstream tasks scheduled from follow-on schedule check
[2024-08-12T18:19:07.561+0000] {taskinstance.py:1157} INFO - Dependencies all met for dep_context=non-requeueable deps ti=<TaskInstance: monthly_prediction.wait_for_retrain scheduled__2024-06-01T00:00:00+00:00 [queued]>
[2024-08-12T18:19:07.566+0000] {taskinstance.py:1157} INFO - Dependencies all met for dep_context=requeueable deps ti=<TaskInstance: monthly_prediction.wait_for_retrain scheduled__2024-06-01T00:00:00+00:00 [queued]>
[2024-08-12T18:19:07.566+0000] {taskinstance.py:1359} INFO - Starting attempt 1 of 1
[2024-08-12T18:19:07.572+0000] {taskinstance.py:1380} INFO - Executing <Task(ExternalTaskSensor): wait_for_retrain> on 2024-06-01 00:00:00+00:00
[2024-08-12T18:19:07.577+0000] {standard_task_runner.py:57} INFO - Started process 11307 to run task
[2024-08-12T18:19:07.579+0000] {standard_task_runner.py:84} INFO - Running: ['***', 'tasks', 'run', 'monthly_prediction', 'wait_for_retrain', 'scheduled__2024-06-01T00:00:00+00:00', '--job-id', '324', '--raw', '--subdir', 'DAGS_FOLDER/monthly_prediction.py', '--cfg-path', '/tmp/tmpknazz2d0']
[2024-08-12T18:19:07.582+0000] {standard_task_runner.py:85} INFO - Job 324: Subtask wait_for_retrain
[2024-08-12T18:19:07.634+0000] {task_command.py:415} INFO - Running <TaskInstance: monthly_prediction.wait_for_retrain scheduled__2024-06-01T00:00:00+00:00 [running]> on host a9166c5dc5ae
[2024-08-12T18:19:07.680+0000] {taskinstance.py:1660} INFO - Exporting env vars: AIRFLOW_CTX_DAG_OWNER='***' AIRFLOW_CTX_DAG_ID='monthly_prediction' AIRFLOW_CTX_TASK_ID='wait_for_retrain' AIRFLOW_CTX_EXECUTION_DATE='2024-06-01T00:00:00+00:00' AIRFLOW_CTX_TRY_NUMBER='1' AIRFLOW_CTX_DAG_RUN_ID='scheduled__2024-06-01T00:00:00+00:00'
[2024-08-12T18:19:07.688+0000] {external_task.py:244} INFO - Poking for tasks ['optimize_and_register_best_classifier'] in dag quarterly_retrain on 2024-05-31T00:00:00+00:00 ... 
[2024-08-12T18:19:07.706+0000] {taskinstance.py:1895} INFO - Rescheduling task, marking task as UP_FOR_RESCHEDULE
[2024-08-12T18:19:07.719+0000] {local_task_job_runner.py:228} INFO - Task exited with return code 0
[2024-08-12T18:19:07.731+0000] {taskinstance.py:2776} INFO - 0 downstream tasks scheduled from follow-on schedule check
[2024-08-12T18:20:09.261+0000] {taskinstance.py:1157} INFO - Dependencies all met for dep_context=non-requeueable deps ti=<TaskInstance: monthly_prediction.wait_for_retrain scheduled__2024-06-01T00:00:00+00:00 [queued]>
[2024-08-12T18:20:09.266+0000] {taskinstance.py:1157} INFO - Dependencies all met for dep_context=requeueable deps ti=<TaskInstance: monthly_prediction.wait_for_retrain scheduled__2024-06-01T00:00:00+00:00 [queued]>
[2024-08-12T18:20:09.267+0000] {taskinstance.py:1359} INFO - Starting attempt 1 of 1
[2024-08-12T18:20:09.272+0000] {taskinstance.py:1380} INFO - Executing <Task(ExternalTaskSensor): wait_for_retrain> on 2024-06-01 00:00:00+00:00
[2024-08-12T18:20:09.277+0000] {standard_task_runner.py:57} INFO - Started process 11458 to run task
[2024-08-12T18:20:09.280+0000] {standard_task_runner.py:84} INFO - Running: ['***', 'tasks', 'run', 'monthly_prediction', 'wait_for_retrain', 'scheduled__2024-06-01T00:00:00+00:00', '--job-id', '329', '--raw', '--subdir', 'DAGS_FOLDER/monthly_prediction.py', '--cfg-path', '/tmp/tmpie726dqn']
[2024-08-12T18:20:09.283+0000] {standard_task_runner.py:85} INFO - Job 329: Subtask wait_for_retrain
[2024-08-12T18:20:09.316+0000] {task_command.py:415} INFO - Running <TaskInstance: monthly_prediction.wait_for_retrain scheduled__2024-06-01T00:00:00+00:00 [running]> on host a9166c5dc5ae
[2024-08-12T18:20:09.356+0000] {taskinstance.py:1660} INFO - Exporting env vars: AIRFLOW_CTX_DAG_OWNER='***' AIRFLOW_CTX_DAG_ID='monthly_prediction' AIRFLOW_CTX_TASK_ID='wait_for_retrain' AIRFLOW_CTX_EXECUTION_DATE='2024-06-01T00:00:00+00:00' AIRFLOW_CTX_TRY_NUMBER='1' AIRFLOW_CTX_DAG_RUN_ID='scheduled__2024-06-01T00:00:00+00:00'
[2024-08-12T18:20:09.362+0000] {external_task.py:244} INFO - Poking for tasks ['optimize_and_register_best_classifier'] in dag quarterly_retrain on 2024-05-31T00:00:00+00:00 ... 
[2024-08-12T18:20:09.378+0000] {taskinstance.py:1895} INFO - Rescheduling task, marking task as UP_FOR_RESCHEDULE
[2024-08-12T18:20:09.420+0000] {local_task_job_runner.py:228} INFO - Task exited with return code 0
[2024-08-12T18:20:09.430+0000] {taskinstance.py:2776} INFO - 0 downstream tasks scheduled from follow-on schedule check
[2024-08-12T18:21:11.416+0000] {taskinstance.py:1157} INFO - Dependencies all met for dep_context=non-requeueable deps ti=<TaskInstance: monthly_prediction.wait_for_retrain scheduled__2024-06-01T00:00:00+00:00 [queued]>
[2024-08-12T18:21:11.424+0000] {taskinstance.py:1157} INFO - Dependencies all met for dep_context=requeueable deps ti=<TaskInstance: monthly_prediction.wait_for_retrain scheduled__2024-06-01T00:00:00+00:00 [queued]>
[2024-08-12T18:21:11.425+0000] {taskinstance.py:1359} INFO - Starting attempt 1 of 1
[2024-08-12T18:21:11.432+0000] {taskinstance.py:1380} INFO - Executing <Task(ExternalTaskSensor): wait_for_retrain> on 2024-06-01 00:00:00+00:00
[2024-08-12T18:21:11.436+0000] {standard_task_runner.py:57} INFO - Started process 11610 to run task
[2024-08-12T18:21:11.439+0000] {standard_task_runner.py:84} INFO - Running: ['***', 'tasks', 'run', 'monthly_prediction', 'wait_for_retrain', 'scheduled__2024-06-01T00:00:00+00:00', '--job-id', '336', '--raw', '--subdir', 'DAGS_FOLDER/monthly_prediction.py', '--cfg-path', '/tmp/tmphiwdlh_2']
[2024-08-12T18:21:11.441+0000] {standard_task_runner.py:85} INFO - Job 336: Subtask wait_for_retrain
[2024-08-12T18:21:11.477+0000] {task_command.py:415} INFO - Running <TaskInstance: monthly_prediction.wait_for_retrain scheduled__2024-06-01T00:00:00+00:00 [running]> on host a9166c5dc5ae
[2024-08-12T18:21:11.515+0000] {taskinstance.py:1660} INFO - Exporting env vars: AIRFLOW_CTX_DAG_OWNER='***' AIRFLOW_CTX_DAG_ID='monthly_prediction' AIRFLOW_CTX_TASK_ID='wait_for_retrain' AIRFLOW_CTX_EXECUTION_DATE='2024-06-01T00:00:00+00:00' AIRFLOW_CTX_TRY_NUMBER='1' AIRFLOW_CTX_DAG_RUN_ID='scheduled__2024-06-01T00:00:00+00:00'
[2024-08-12T18:21:11.521+0000] {external_task.py:244} INFO - Poking for tasks ['optimize_and_register_best_classifier'] in dag quarterly_retrain on 2024-05-31T00:00:00+00:00 ... 
[2024-08-12T18:21:11.536+0000] {taskinstance.py:1895} INFO - Rescheduling task, marking task as UP_FOR_RESCHEDULE
[2024-08-12T18:21:11.579+0000] {local_task_job_runner.py:228} INFO - Task exited with return code 0
[2024-08-12T18:21:11.590+0000] {taskinstance.py:2776} INFO - 0 downstream tasks scheduled from follow-on schedule check
[2024-08-12T18:22:13.327+0000] {taskinstance.py:1157} INFO - Dependencies all met for dep_context=non-requeueable deps ti=<TaskInstance: monthly_prediction.wait_for_retrain scheduled__2024-06-01T00:00:00+00:00 [queued]>
[2024-08-12T18:22:13.331+0000] {taskinstance.py:1157} INFO - Dependencies all met for dep_context=requeueable deps ti=<TaskInstance: monthly_prediction.wait_for_retrain scheduled__2024-06-01T00:00:00+00:00 [queued]>
[2024-08-12T18:22:13.331+0000] {taskinstance.py:1359} INFO - Starting attempt 1 of 1
[2024-08-12T18:22:13.337+0000] {taskinstance.py:1380} INFO - Executing <Task(ExternalTaskSensor): wait_for_retrain> on 2024-06-01 00:00:00+00:00
[2024-08-12T18:22:13.341+0000] {standard_task_runner.py:57} INFO - Started process 11762 to run task
[2024-08-12T18:22:13.344+0000] {standard_task_runner.py:84} INFO - Running: ['***', 'tasks', 'run', 'monthly_prediction', 'wait_for_retrain', 'scheduled__2024-06-01T00:00:00+00:00', '--job-id', '342', '--raw', '--subdir', 'DAGS_FOLDER/monthly_prediction.py', '--cfg-path', '/tmp/tmpv8ijtntv']
[2024-08-12T18:22:13.346+0000] {standard_task_runner.py:85} INFO - Job 342: Subtask wait_for_retrain
[2024-08-12T18:22:13.373+0000] {task_command.py:415} INFO - Running <TaskInstance: monthly_prediction.wait_for_retrain scheduled__2024-06-01T00:00:00+00:00 [running]> on host a9166c5dc5ae
[2024-08-12T18:22:13.409+0000] {taskinstance.py:1660} INFO - Exporting env vars: AIRFLOW_CTX_DAG_OWNER='***' AIRFLOW_CTX_DAG_ID='monthly_prediction' AIRFLOW_CTX_TASK_ID='wait_for_retrain' AIRFLOW_CTX_EXECUTION_DATE='2024-06-01T00:00:00+00:00' AIRFLOW_CTX_TRY_NUMBER='1' AIRFLOW_CTX_DAG_RUN_ID='scheduled__2024-06-01T00:00:00+00:00'
[2024-08-12T18:22:13.414+0000] {external_task.py:244} INFO - Poking for tasks ['optimize_and_register_best_classifier'] in dag quarterly_retrain on 2024-05-31T00:00:00+00:00 ... 
[2024-08-12T18:22:13.429+0000] {taskinstance.py:1895} INFO - Rescheduling task, marking task as UP_FOR_RESCHEDULE
[2024-08-12T18:22:13.442+0000] {local_task_job_runner.py:228} INFO - Task exited with return code 0
[2024-08-12T18:22:13.452+0000] {taskinstance.py:2776} INFO - 0 downstream tasks scheduled from follow-on schedule check
[2024-08-12T18:23:15.086+0000] {taskinstance.py:1157} INFO - Dependencies all met for dep_context=non-requeueable deps ti=<TaskInstance: monthly_prediction.wait_for_retrain scheduled__2024-06-01T00:00:00+00:00 [queued]>
[2024-08-12T18:23:15.093+0000] {taskinstance.py:1157} INFO - Dependencies all met for dep_context=requeueable deps ti=<TaskInstance: monthly_prediction.wait_for_retrain scheduled__2024-06-01T00:00:00+00:00 [queued]>
[2024-08-12T18:23:15.093+0000] {taskinstance.py:1359} INFO - Starting attempt 1 of 1
[2024-08-12T18:23:15.099+0000] {taskinstance.py:1380} INFO - Executing <Task(ExternalTaskSensor): wait_for_retrain> on 2024-06-01 00:00:00+00:00
[2024-08-12T18:23:15.105+0000] {standard_task_runner.py:57} INFO - Started process 11912 to run task
[2024-08-12T18:23:15.107+0000] {standard_task_runner.py:84} INFO - Running: ['***', 'tasks', 'run', 'monthly_prediction', 'wait_for_retrain', 'scheduled__2024-06-01T00:00:00+00:00', '--job-id', '348', '--raw', '--subdir', 'DAGS_FOLDER/monthly_prediction.py', '--cfg-path', '/tmp/tmpzphif_2p']
[2024-08-12T18:23:15.109+0000] {standard_task_runner.py:85} INFO - Job 348: Subtask wait_for_retrain
[2024-08-12T18:23:15.143+0000] {task_command.py:415} INFO - Running <TaskInstance: monthly_prediction.wait_for_retrain scheduled__2024-06-01T00:00:00+00:00 [running]> on host a9166c5dc5ae
[2024-08-12T18:23:15.184+0000] {taskinstance.py:1660} INFO - Exporting env vars: AIRFLOW_CTX_DAG_OWNER='***' AIRFLOW_CTX_DAG_ID='monthly_prediction' AIRFLOW_CTX_TASK_ID='wait_for_retrain' AIRFLOW_CTX_EXECUTION_DATE='2024-06-01T00:00:00+00:00' AIRFLOW_CTX_TRY_NUMBER='1' AIRFLOW_CTX_DAG_RUN_ID='scheduled__2024-06-01T00:00:00+00:00'
[2024-08-12T18:23:15.191+0000] {external_task.py:244} INFO - Poking for tasks ['optimize_and_register_best_classifier'] in dag quarterly_retrain on 2024-05-31T00:00:00+00:00 ... 
[2024-08-12T18:23:15.208+0000] {taskinstance.py:1895} INFO - Rescheduling task, marking task as UP_FOR_RESCHEDULE
[2024-08-12T18:23:15.247+0000] {local_task_job_runner.py:228} INFO - Task exited with return code 0
[2024-08-12T18:23:15.259+0000] {taskinstance.py:2776} INFO - 0 downstream tasks scheduled from follow-on schedule check
[2024-08-12T18:24:16.539+0000] {taskinstance.py:1157} INFO - Dependencies all met for dep_context=non-requeueable deps ti=<TaskInstance: monthly_prediction.wait_for_retrain scheduled__2024-06-01T00:00:00+00:00 [queued]>
[2024-08-12T18:24:16.543+0000] {taskinstance.py:1157} INFO - Dependencies all met for dep_context=requeueable deps ti=<TaskInstance: monthly_prediction.wait_for_retrain scheduled__2024-06-01T00:00:00+00:00 [queued]>
[2024-08-12T18:24:16.543+0000] {taskinstance.py:1359} INFO - Starting attempt 1 of 1
[2024-08-12T18:24:16.548+0000] {taskinstance.py:1380} INFO - Executing <Task(ExternalTaskSensor): wait_for_retrain> on 2024-06-01 00:00:00+00:00
[2024-08-12T18:24:16.553+0000] {standard_task_runner.py:57} INFO - Started process 12053 to run task
[2024-08-12T18:24:16.557+0000] {standard_task_runner.py:84} INFO - Running: ['***', 'tasks', 'run', 'monthly_prediction', 'wait_for_retrain', 'scheduled__2024-06-01T00:00:00+00:00', '--job-id', '354', '--raw', '--subdir', 'DAGS_FOLDER/monthly_prediction.py', '--cfg-path', '/tmp/tmpt1iy75uz']
[2024-08-12T18:24:16.559+0000] {standard_task_runner.py:85} INFO - Job 354: Subtask wait_for_retrain
[2024-08-12T18:24:16.584+0000] {task_command.py:415} INFO - Running <TaskInstance: monthly_prediction.wait_for_retrain scheduled__2024-06-01T00:00:00+00:00 [running]> on host a9166c5dc5ae
[2024-08-12T18:24:16.618+0000] {taskinstance.py:1660} INFO - Exporting env vars: AIRFLOW_CTX_DAG_OWNER='***' AIRFLOW_CTX_DAG_ID='monthly_prediction' AIRFLOW_CTX_TASK_ID='wait_for_retrain' AIRFLOW_CTX_EXECUTION_DATE='2024-06-01T00:00:00+00:00' AIRFLOW_CTX_TRY_NUMBER='1' AIRFLOW_CTX_DAG_RUN_ID='scheduled__2024-06-01T00:00:00+00:00'
[2024-08-12T18:24:16.624+0000] {external_task.py:244} INFO - Poking for tasks ['optimize_and_register_best_classifier'] in dag quarterly_retrain on 2024-05-31T00:00:00+00:00 ... 
[2024-08-12T18:24:16.630+0000] {taskinstance.py:1935} ERROR - Task failed with exception
Traceback (most recent call last):
  File "/home/airflow/.local/lib/python3.8/site-packages/airflow/sensors/external_task.py", line 334, in execute
    super().execute(context)
  File "/home/airflow/.local/lib/python3.8/site-packages/airflow/sensors/base.py", line 274, in execute
    raise AirflowSensorTimeout(message)
airflow.exceptions.AirflowSensorTimeout: Sensor has timed out; run duration of 618.525064 seconds exceeds the specified timeout of 600.0.
[2024-08-12T18:24:16.635+0000] {taskinstance.py:1398} INFO - Immediate failure requested. Marking task as FAILED. dag_id=monthly_prediction, task_id=wait_for_retrain, execution_date=20240601T000000, start_date=20240812T182416, end_date=20240812T182416
[2024-08-12T18:24:16.639+0000] {standard_task_runner.py:104} ERROR - Failed to execute job 354 for task wait_for_retrain (Sensor has timed out; run duration of 618.525064 seconds exceeds the specified timeout of 600.0.; 12053)
[2024-08-12T18:24:16.652+0000] {local_task_job_runner.py:228} INFO - Task exited with return code 1
[2024-08-12T18:24:16.662+0000] {taskinstance.py:2776} INFO - 0 downstream tasks scheduled from follow-on schedule check
[2024-08-12T19:18:47.916+0000] {taskinstance.py:1157} INFO - Dependencies all met for dep_context=non-requeueable deps ti=<TaskInstance: monthly_prediction.wait_for_retrain scheduled__2024-06-01T00:00:00+00:00 [queued]>
[2024-08-12T19:18:48.073+0000] {taskinstance.py:1157} INFO - Dependencies all met for dep_context=requeueable deps ti=<TaskInstance: monthly_prediction.wait_for_retrain scheduled__2024-06-01T00:00:00+00:00 [queued]>
[2024-08-12T19:18:48.085+0000] {taskinstance.py:1359} INFO - Starting attempt 1 of 1
[2024-08-12T19:18:48.201+0000] {taskinstance.py:1380} INFO - Executing <Task(ExternalTaskSensor): wait_for_retrain> on 2024-06-01 00:00:00+00:00
[2024-08-12T19:18:48.416+0000] {standard_task_runner.py:57} INFO - Started process 3374 to run task
[2024-08-12T19:18:48.462+0000] {standard_task_runner.py:84} INFO - Running: ['***', 'tasks', 'run', 'monthly_prediction', 'wait_for_retrain', 'scheduled__2024-06-01T00:00:00+00:00', '--job-id', '437', '--raw', '--subdir', 'DAGS_FOLDER/monthly_prediction.py', '--cfg-path', '/tmp/tmpefopeu29']
[2024-08-12T19:18:48.495+0000] {standard_task_runner.py:85} INFO - Job 437: Subtask wait_for_retrain
[2024-08-12T19:18:53.806+0000] {task_command.py:415} INFO - Running <TaskInstance: monthly_prediction.wait_for_retrain scheduled__2024-06-01T00:00:00+00:00 [running]> on host a9166c5dc5ae
[2024-08-12T19:18:54.357+0000] {taskinstance.py:1660} INFO - Exporting env vars: AIRFLOW_CTX_DAG_OWNER='***' AIRFLOW_CTX_DAG_ID='monthly_prediction' AIRFLOW_CTX_TASK_ID='wait_for_retrain' AIRFLOW_CTX_EXECUTION_DATE='2024-06-01T00:00:00+00:00' AIRFLOW_CTX_TRY_NUMBER='1' AIRFLOW_CTX_DAG_RUN_ID='scheduled__2024-06-01T00:00:00+00:00'
[2024-08-12T19:18:54.429+0000] {external_task.py:244} INFO - Poking for tasks ['optimize_and_register_best_classifier'] in dag quarterly_retrain on 2024-05-31T00:00:00+00:00 ... 
[2024-08-12T19:18:54.691+0000] {taskinstance.py:1895} INFO - Rescheduling task, marking task as UP_FOR_RESCHEDULE
[2024-08-12T19:18:55.052+0000] {local_task_job_runner.py:228} INFO - Task exited with return code 0
[2024-08-12T19:19:02.518+0000] {taskinstance.py:2776} INFO - 0 downstream tasks scheduled from follow-on schedule check
[2024-08-12T19:19:56.358+0000] {taskinstance.py:1157} INFO - Dependencies all met for dep_context=non-requeueable deps ti=<TaskInstance: monthly_prediction.wait_for_retrain scheduled__2024-06-01T00:00:00+00:00 [queued]>
[2024-08-12T19:19:56.362+0000] {taskinstance.py:1157} INFO - Dependencies all met for dep_context=requeueable deps ti=<TaskInstance: monthly_prediction.wait_for_retrain scheduled__2024-06-01T00:00:00+00:00 [queued]>
[2024-08-12T19:19:56.362+0000] {taskinstance.py:1359} INFO - Starting attempt 1 of 1
[2024-08-12T19:19:56.367+0000] {taskinstance.py:1380} INFO - Executing <Task(ExternalTaskSensor): wait_for_retrain> on 2024-06-01 00:00:00+00:00
[2024-08-12T19:19:56.372+0000] {standard_task_runner.py:57} INFO - Started process 3792 to run task
[2024-08-12T19:19:56.374+0000] {standard_task_runner.py:84} INFO - Running: ['***', 'tasks', 'run', 'monthly_prediction', 'wait_for_retrain', 'scheduled__2024-06-01T00:00:00+00:00', '--job-id', '463', '--raw', '--subdir', 'DAGS_FOLDER/monthly_prediction.py', '--cfg-path', '/tmp/tmpxzdejhul']
[2024-08-12T19:19:56.376+0000] {standard_task_runner.py:85} INFO - Job 463: Subtask wait_for_retrain
[2024-08-12T19:19:56.630+0000] {task_command.py:415} INFO - Running <TaskInstance: monthly_prediction.wait_for_retrain scheduled__2024-06-01T00:00:00+00:00 [running]> on host a9166c5dc5ae
[2024-08-12T19:19:56.670+0000] {taskinstance.py:1660} INFO - Exporting env vars: AIRFLOW_CTX_DAG_OWNER='***' AIRFLOW_CTX_DAG_ID='monthly_prediction' AIRFLOW_CTX_TASK_ID='wait_for_retrain' AIRFLOW_CTX_EXECUTION_DATE='2024-06-01T00:00:00+00:00' AIRFLOW_CTX_TRY_NUMBER='1' AIRFLOW_CTX_DAG_RUN_ID='scheduled__2024-06-01T00:00:00+00:00'
[2024-08-12T19:19:56.679+0000] {external_task.py:244} INFO - Poking for tasks ['optimize_and_register_best_classifier'] in dag quarterly_retrain on 2024-05-31T00:00:00+00:00 ... 
[2024-08-12T19:19:56.722+0000] {taskinstance.py:1895} INFO - Rescheduling task, marking task as UP_FOR_RESCHEDULE
[2024-08-12T19:19:56.735+0000] {local_task_job_runner.py:228} INFO - Task exited with return code 0
[2024-08-12T19:19:56.756+0000] {taskinstance.py:2776} INFO - 0 downstream tasks scheduled from follow-on schedule check
[2024-08-12T19:20:57.915+0000] {taskinstance.py:1157} INFO - Dependencies all met for dep_context=non-requeueable deps ti=<TaskInstance: monthly_prediction.wait_for_retrain scheduled__2024-06-01T00:00:00+00:00 [queued]>
[2024-08-12T19:20:57.919+0000] {taskinstance.py:1157} INFO - Dependencies all met for dep_context=requeueable deps ti=<TaskInstance: monthly_prediction.wait_for_retrain scheduled__2024-06-01T00:00:00+00:00 [queued]>
[2024-08-12T19:20:57.919+0000] {taskinstance.py:1359} INFO - Starting attempt 1 of 1
[2024-08-12T19:20:57.925+0000] {taskinstance.py:1380} INFO - Executing <Task(ExternalTaskSensor): wait_for_retrain> on 2024-06-01 00:00:00+00:00
[2024-08-12T19:20:57.929+0000] {standard_task_runner.py:57} INFO - Started process 3964 to run task
[2024-08-12T19:20:57.931+0000] {standard_task_runner.py:84} INFO - Running: ['***', 'tasks', 'run', 'monthly_prediction', 'wait_for_retrain', 'scheduled__2024-06-01T00:00:00+00:00', '--job-id', '471', '--raw', '--subdir', 'DAGS_FOLDER/monthly_prediction.py', '--cfg-path', '/tmp/tmpm90bjduv']
[2024-08-12T19:20:57.933+0000] {standard_task_runner.py:85} INFO - Job 471: Subtask wait_for_retrain
[2024-08-12T19:20:58.105+0000] {task_command.py:415} INFO - Running <TaskInstance: monthly_prediction.wait_for_retrain scheduled__2024-06-01T00:00:00+00:00 [running]> on host a9166c5dc5ae
[2024-08-12T19:20:58.141+0000] {taskinstance.py:1660} INFO - Exporting env vars: AIRFLOW_CTX_DAG_OWNER='***' AIRFLOW_CTX_DAG_ID='monthly_prediction' AIRFLOW_CTX_TASK_ID='wait_for_retrain' AIRFLOW_CTX_EXECUTION_DATE='2024-06-01T00:00:00+00:00' AIRFLOW_CTX_TRY_NUMBER='1' AIRFLOW_CTX_DAG_RUN_ID='scheduled__2024-06-01T00:00:00+00:00'
[2024-08-12T19:20:58.147+0000] {external_task.py:244} INFO - Poking for tasks ['optimize_and_register_best_classifier'] in dag quarterly_retrain on 2024-05-31T00:00:00+00:00 ... 
[2024-08-12T19:20:58.163+0000] {taskinstance.py:1895} INFO - Rescheduling task, marking task as UP_FOR_RESCHEDULE
[2024-08-12T19:20:58.191+0000] {local_task_job_runner.py:228} INFO - Task exited with return code 0
[2024-08-12T19:20:58.202+0000] {taskinstance.py:2776} INFO - 0 downstream tasks scheduled from follow-on schedule check
[2024-08-12T19:45:46.635+0000] {taskinstance.py:1157} INFO - Dependencies all met for dep_context=non-requeueable deps ti=<TaskInstance: monthly_prediction.wait_for_retrain scheduled__2024-06-01T00:00:00+00:00 [queued]>
[2024-08-12T19:45:46.691+0000] {taskinstance.py:1157} INFO - Dependencies all met for dep_context=requeueable deps ti=<TaskInstance: monthly_prediction.wait_for_retrain scheduled__2024-06-01T00:00:00+00:00 [queued]>
[2024-08-12T19:45:46.696+0000] {taskinstance.py:1359} INFO - Starting attempt 1 of 1
[2024-08-12T19:45:46.768+0000] {taskinstance.py:1380} INFO - Executing <Task(ExternalTaskSensor): wait_for_retrain> on 2024-06-01 00:00:00+00:00
[2024-08-12T19:45:46.860+0000] {standard_task_runner.py:57} INFO - Started process 8135 to run task
[2024-08-12T19:45:46.907+0000] {standard_task_runner.py:84} INFO - Running: ['***', 'tasks', 'run', 'monthly_prediction', 'wait_for_retrain', 'scheduled__2024-06-01T00:00:00+00:00', '--job-id', '664', '--raw', '--subdir', 'DAGS_FOLDER/monthly_prediction.py', '--cfg-path', '/tmp/tmp4qn1epuv']
[2024-08-12T19:45:46.930+0000] {standard_task_runner.py:85} INFO - Job 664: Subtask wait_for_retrain
[2024-08-12T19:45:47.489+0000] {task_command.py:415} INFO - Running <TaskInstance: monthly_prediction.wait_for_retrain scheduled__2024-06-01T00:00:00+00:00 [running]> on host a9166c5dc5ae
[2024-08-12T19:45:47.631+0000] {taskinstance.py:1660} INFO - Exporting env vars: AIRFLOW_CTX_DAG_OWNER='***' AIRFLOW_CTX_DAG_ID='monthly_prediction' AIRFLOW_CTX_TASK_ID='wait_for_retrain' AIRFLOW_CTX_EXECUTION_DATE='2024-06-01T00:00:00+00:00' AIRFLOW_CTX_TRY_NUMBER='1' AIRFLOW_CTX_DAG_RUN_ID='scheduled__2024-06-01T00:00:00+00:00'
[2024-08-12T19:45:47.662+0000] {external_task.py:244} INFO - Poking for tasks ['optimize_and_register_best_classifier'] in dag quarterly_retrain on 2024-05-31T00:00:00+00:00 ... 
[2024-08-12T19:45:47.713+0000] {taskinstance.py:1895} INFO - Rescheduling task, marking task as UP_FOR_RESCHEDULE
[2024-08-12T19:45:47.776+0000] {local_task_job_runner.py:228} INFO - Task exited with return code 0
[2024-08-12T19:45:47.950+0000] {taskinstance.py:2776} INFO - 0 downstream tasks scheduled from follow-on schedule check
[2024-08-12T19:46:52.788+0000] {taskinstance.py:1157} INFO - Dependencies all met for dep_context=non-requeueable deps ti=<TaskInstance: monthly_prediction.wait_for_retrain scheduled__2024-06-01T00:00:00+00:00 [queued]>
[2024-08-12T19:46:52.801+0000] {taskinstance.py:1157} INFO - Dependencies all met for dep_context=requeueable deps ti=<TaskInstance: monthly_prediction.wait_for_retrain scheduled__2024-06-01T00:00:00+00:00 [queued]>
[2024-08-12T19:46:52.802+0000] {taskinstance.py:1359} INFO - Starting attempt 1 of 1
[2024-08-12T19:46:52.839+0000] {taskinstance.py:1380} INFO - Executing <Task(ExternalTaskSensor): wait_for_retrain> on 2024-06-01 00:00:00+00:00
[2024-08-12T19:46:52.863+0000] {standard_task_runner.py:57} INFO - Started process 8557 to run task
[2024-08-12T19:46:52.894+0000] {standard_task_runner.py:84} INFO - Running: ['***', 'tasks', 'run', 'monthly_prediction', 'wait_for_retrain', 'scheduled__2024-06-01T00:00:00+00:00', '--job-id', '682', '--raw', '--subdir', 'DAGS_FOLDER/monthly_prediction.py', '--cfg-path', '/tmp/tmpdtzejwtp']
[2024-08-12T19:46:52.927+0000] {standard_task_runner.py:85} INFO - Job 682: Subtask wait_for_retrain
[2024-08-12T19:46:53.673+0000] {task_command.py:415} INFO - Running <TaskInstance: monthly_prediction.wait_for_retrain scheduled__2024-06-01T00:00:00+00:00 [running]> on host a9166c5dc5ae
[2024-08-12T19:46:53.878+0000] {taskinstance.py:1660} INFO - Exporting env vars: AIRFLOW_CTX_DAG_OWNER='***' AIRFLOW_CTX_DAG_ID='monthly_prediction' AIRFLOW_CTX_TASK_ID='wait_for_retrain' AIRFLOW_CTX_EXECUTION_DATE='2024-06-01T00:00:00+00:00' AIRFLOW_CTX_TRY_NUMBER='1' AIRFLOW_CTX_DAG_RUN_ID='scheduled__2024-06-01T00:00:00+00:00'
[2024-08-12T19:46:53.909+0000] {external_task.py:244} INFO - Poking for tasks ['optimize_and_register_best_classifier'] in dag quarterly_retrain on 2024-05-31T00:00:00+00:00 ... 
[2024-08-12T19:46:53.998+0000] {taskinstance.py:1895} INFO - Rescheduling task, marking task as UP_FOR_RESCHEDULE
[2024-08-12T19:46:54.054+0000] {local_task_job_runner.py:228} INFO - Task exited with return code 0
[2024-08-12T19:46:54.106+0000] {taskinstance.py:2776} INFO - 0 downstream tasks scheduled from follow-on schedule check
[2024-08-12T19:47:55.331+0000] {taskinstance.py:1157} INFO - Dependencies all met for dep_context=non-requeueable deps ti=<TaskInstance: monthly_prediction.wait_for_retrain scheduled__2024-06-01T00:00:00+00:00 [queued]>
[2024-08-12T19:47:55.340+0000] {taskinstance.py:1157} INFO - Dependencies all met for dep_context=requeueable deps ti=<TaskInstance: monthly_prediction.wait_for_retrain scheduled__2024-06-01T00:00:00+00:00 [queued]>
[2024-08-12T19:47:55.341+0000] {taskinstance.py:1359} INFO - Starting attempt 1 of 1
[2024-08-12T19:47:55.357+0000] {taskinstance.py:1380} INFO - Executing <Task(ExternalTaskSensor): wait_for_retrain> on 2024-06-01 00:00:00+00:00
[2024-08-12T19:47:55.367+0000] {standard_task_runner.py:57} INFO - Started process 8848 to run task
[2024-08-12T19:47:55.370+0000] {standard_task_runner.py:84} INFO - Running: ['***', 'tasks', 'run', 'monthly_prediction', 'wait_for_retrain', 'scheduled__2024-06-01T00:00:00+00:00', '--job-id', '698', '--raw', '--subdir', 'DAGS_FOLDER/monthly_prediction.py', '--cfg-path', '/tmp/tmpk4j6vhhr']
[2024-08-12T19:47:55.373+0000] {standard_task_runner.py:85} INFO - Job 698: Subtask wait_for_retrain
[2024-08-12T19:47:55.583+0000] {task_command.py:415} INFO - Running <TaskInstance: monthly_prediction.wait_for_retrain scheduled__2024-06-01T00:00:00+00:00 [running]> on host a9166c5dc5ae
[2024-08-12T19:47:55.634+0000] {taskinstance.py:1660} INFO - Exporting env vars: AIRFLOW_CTX_DAG_OWNER='***' AIRFLOW_CTX_DAG_ID='monthly_prediction' AIRFLOW_CTX_TASK_ID='wait_for_retrain' AIRFLOW_CTX_EXECUTION_DATE='2024-06-01T00:00:00+00:00' AIRFLOW_CTX_TRY_NUMBER='1' AIRFLOW_CTX_DAG_RUN_ID='scheduled__2024-06-01T00:00:00+00:00'
[2024-08-12T19:47:55.644+0000] {external_task.py:244} INFO - Poking for tasks ['optimize_and_register_best_classifier'] in dag quarterly_retrain on 2024-05-31T00:00:00+00:00 ... 
[2024-08-12T19:47:55.670+0000] {taskinstance.py:1895} INFO - Rescheduling task, marking task as UP_FOR_RESCHEDULE
[2024-08-12T19:47:55.719+0000] {local_task_job_runner.py:228} INFO - Task exited with return code 0
[2024-08-12T19:47:55.735+0000] {taskinstance.py:2776} INFO - 0 downstream tasks scheduled from follow-on schedule check
[2024-08-12T19:48:58.547+0000] {taskinstance.py:1157} INFO - Dependencies all met for dep_context=non-requeueable deps ti=<TaskInstance: monthly_prediction.wait_for_retrain scheduled__2024-06-01T00:00:00+00:00 [queued]>
[2024-08-12T19:48:58.561+0000] {taskinstance.py:1157} INFO - Dependencies all met for dep_context=requeueable deps ti=<TaskInstance: monthly_prediction.wait_for_retrain scheduled__2024-06-01T00:00:00+00:00 [queued]>
[2024-08-12T19:48:58.563+0000] {taskinstance.py:1359} INFO - Starting attempt 1 of 1
[2024-08-12T19:48:58.573+0000] {taskinstance.py:1380} INFO - Executing <Task(ExternalTaskSensor): wait_for_retrain> on 2024-06-01 00:00:00+00:00
[2024-08-12T19:48:58.580+0000] {standard_task_runner.py:57} INFO - Started process 9017 to run task
[2024-08-12T19:48:58.583+0000] {standard_task_runner.py:84} INFO - Running: ['***', 'tasks', 'run', 'monthly_prediction', 'wait_for_retrain', 'scheduled__2024-06-01T00:00:00+00:00', '--job-id', '705', '--raw', '--subdir', 'DAGS_FOLDER/monthly_prediction.py', '--cfg-path', '/tmp/tmph_ww2tsy']
[2024-08-12T19:48:58.586+0000] {standard_task_runner.py:85} INFO - Job 705: Subtask wait_for_retrain
[2024-08-12T19:48:58.644+0000] {task_command.py:415} INFO - Running <TaskInstance: monthly_prediction.wait_for_retrain scheduled__2024-06-01T00:00:00+00:00 [running]> on host a9166c5dc5ae
[2024-08-12T19:48:58.866+0000] {taskinstance.py:1660} INFO - Exporting env vars: AIRFLOW_CTX_DAG_OWNER='***' AIRFLOW_CTX_DAG_ID='monthly_prediction' AIRFLOW_CTX_TASK_ID='wait_for_retrain' AIRFLOW_CTX_EXECUTION_DATE='2024-06-01T00:00:00+00:00' AIRFLOW_CTX_TRY_NUMBER='1' AIRFLOW_CTX_DAG_RUN_ID='scheduled__2024-06-01T00:00:00+00:00'
[2024-08-12T19:48:58.873+0000] {external_task.py:244} INFO - Poking for tasks ['optimize_and_register_best_classifier'] in dag quarterly_retrain on 2024-05-31T00:00:00+00:00 ... 
[2024-08-12T19:48:58.893+0000] {taskinstance.py:1895} INFO - Rescheduling task, marking task as UP_FOR_RESCHEDULE
[2024-08-12T19:48:58.936+0000] {local_task_job_runner.py:228} INFO - Task exited with return code 0
[2024-08-12T19:48:58.961+0000] {taskinstance.py:2776} INFO - 0 downstream tasks scheduled from follow-on schedule check
[2024-08-12T19:50:00.531+0000] {taskinstance.py:1157} INFO - Dependencies all met for dep_context=non-requeueable deps ti=<TaskInstance: monthly_prediction.wait_for_retrain scheduled__2024-06-01T00:00:00+00:00 [queued]>
[2024-08-12T19:50:00.546+0000] {taskinstance.py:1157} INFO - Dependencies all met for dep_context=requeueable deps ti=<TaskInstance: monthly_prediction.wait_for_retrain scheduled__2024-06-01T00:00:00+00:00 [queued]>
[2024-08-12T19:50:00.547+0000] {taskinstance.py:1359} INFO - Starting attempt 1 of 1
[2024-08-12T19:50:00.556+0000] {taskinstance.py:1380} INFO - Executing <Task(ExternalTaskSensor): wait_for_retrain> on 2024-06-01 00:00:00+00:00
[2024-08-12T19:50:00.566+0000] {standard_task_runner.py:57} INFO - Started process 9254 to run task
[2024-08-12T19:50:00.569+0000] {standard_task_runner.py:84} INFO - Running: ['***', 'tasks', 'run', 'monthly_prediction', 'wait_for_retrain', 'scheduled__2024-06-01T00:00:00+00:00', '--job-id', '715', '--raw', '--subdir', 'DAGS_FOLDER/monthly_prediction.py', '--cfg-path', '/tmp/tmptb3ybkux']
[2024-08-12T19:50:00.572+0000] {standard_task_runner.py:85} INFO - Job 715: Subtask wait_for_retrain
[2024-08-12T19:50:00.990+0000] {task_command.py:415} INFO - Running <TaskInstance: monthly_prediction.wait_for_retrain scheduled__2024-06-01T00:00:00+00:00 [running]> on host a9166c5dc5ae
[2024-08-12T19:50:01.074+0000] {taskinstance.py:1660} INFO - Exporting env vars: AIRFLOW_CTX_DAG_OWNER='***' AIRFLOW_CTX_DAG_ID='monthly_prediction' AIRFLOW_CTX_TASK_ID='wait_for_retrain' AIRFLOW_CTX_EXECUTION_DATE='2024-06-01T00:00:00+00:00' AIRFLOW_CTX_TRY_NUMBER='1' AIRFLOW_CTX_DAG_RUN_ID='scheduled__2024-06-01T00:00:00+00:00'
[2024-08-12T19:50:01.094+0000] {external_task.py:244} INFO - Poking for tasks ['optimize_and_register_best_classifier'] in dag quarterly_retrain on 2024-05-31T00:00:00+00:00 ... 
[2024-08-12T19:50:01.140+0000] {taskinstance.py:1895} INFO - Rescheduling task, marking task as UP_FOR_RESCHEDULE
[2024-08-12T19:50:01.161+0000] {local_task_job_runner.py:228} INFO - Task exited with return code 0
[2024-08-12T19:50:01.180+0000] {taskinstance.py:2776} INFO - 0 downstream tasks scheduled from follow-on schedule check
[2024-08-12T19:51:04.769+0000] {taskinstance.py:1157} INFO - Dependencies all met for dep_context=non-requeueable deps ti=<TaskInstance: monthly_prediction.wait_for_retrain scheduled__2024-06-01T00:00:00+00:00 [queued]>
[2024-08-12T19:51:04.793+0000] {taskinstance.py:1157} INFO - Dependencies all met for dep_context=requeueable deps ti=<TaskInstance: monthly_prediction.wait_for_retrain scheduled__2024-06-01T00:00:00+00:00 [queued]>
[2024-08-12T19:51:04.795+0000] {taskinstance.py:1359} INFO - Starting attempt 1 of 1
[2024-08-12T19:51:04.813+0000] {taskinstance.py:1380} INFO - Executing <Task(ExternalTaskSensor): wait_for_retrain> on 2024-06-01 00:00:00+00:00
[2024-08-12T19:51:04.827+0000] {standard_task_runner.py:57} INFO - Started process 9545 to run task
[2024-08-12T19:51:04.838+0000] {standard_task_runner.py:84} INFO - Running: ['***', 'tasks', 'run', 'monthly_prediction', 'wait_for_retrain', 'scheduled__2024-06-01T00:00:00+00:00', '--job-id', '734', '--raw', '--subdir', 'DAGS_FOLDER/monthly_prediction.py', '--cfg-path', '/tmp/tmpsw_drybp']
[2024-08-12T19:51:04.842+0000] {standard_task_runner.py:85} INFO - Job 734: Subtask wait_for_retrain
[2024-08-12T19:51:05.258+0000] {task_command.py:415} INFO - Running <TaskInstance: monthly_prediction.wait_for_retrain scheduled__2024-06-01T00:00:00+00:00 [running]> on host a9166c5dc5ae
[2024-08-12T19:51:05.363+0000] {taskinstance.py:1660} INFO - Exporting env vars: AIRFLOW_CTX_DAG_OWNER='***' AIRFLOW_CTX_DAG_ID='monthly_prediction' AIRFLOW_CTX_TASK_ID='wait_for_retrain' AIRFLOW_CTX_EXECUTION_DATE='2024-06-01T00:00:00+00:00' AIRFLOW_CTX_TRY_NUMBER='1' AIRFLOW_CTX_DAG_RUN_ID='scheduled__2024-06-01T00:00:00+00:00'
[2024-08-12T19:51:05.384+0000] {external_task.py:244} INFO - Poking for tasks ['optimize_and_register_best_classifier'] in dag quarterly_retrain on 2024-05-31T00:00:00+00:00 ... 
[2024-08-12T19:51:05.443+0000] {taskinstance.py:1895} INFO - Rescheduling task, marking task as UP_FOR_RESCHEDULE
[2024-08-12T19:51:05.481+0000] {local_task_job_runner.py:228} INFO - Task exited with return code 0
[2024-08-12T19:51:05.520+0000] {taskinstance.py:2776} INFO - 0 downstream tasks scheduled from follow-on schedule check
[2024-08-12T19:52:10.232+0000] {taskinstance.py:1157} INFO - Dependencies all met for dep_context=non-requeueable deps ti=<TaskInstance: monthly_prediction.wait_for_retrain scheduled__2024-06-01T00:00:00+00:00 [queued]>
[2024-08-12T19:52:10.266+0000] {taskinstance.py:1157} INFO - Dependencies all met for dep_context=requeueable deps ti=<TaskInstance: monthly_prediction.wait_for_retrain scheduled__2024-06-01T00:00:00+00:00 [queued]>
[2024-08-12T19:52:10.270+0000] {taskinstance.py:1359} INFO - Starting attempt 1 of 1
[2024-08-12T19:52:10.370+0000] {taskinstance.py:1380} INFO - Executing <Task(ExternalTaskSensor): wait_for_retrain> on 2024-06-01 00:00:00+00:00
[2024-08-12T19:52:10.396+0000] {standard_task_runner.py:57} INFO - Started process 9741 to run task
[2024-08-12T19:52:10.405+0000] {standard_task_runner.py:84} INFO - Running: ['***', 'tasks', 'run', 'monthly_prediction', 'wait_for_retrain', 'scheduled__2024-06-01T00:00:00+00:00', '--job-id', '741', '--raw', '--subdir', 'DAGS_FOLDER/monthly_prediction.py', '--cfg-path', '/tmp/tmpmvwgq9hd']
[2024-08-12T19:52:10.411+0000] {standard_task_runner.py:85} INFO - Job 741: Subtask wait_for_retrain
[2024-08-12T19:52:11.351+0000] {task_command.py:415} INFO - Running <TaskInstance: monthly_prediction.wait_for_retrain scheduled__2024-06-01T00:00:00+00:00 [running]> on host a9166c5dc5ae
[2024-08-12T19:52:11.497+0000] {taskinstance.py:1660} INFO - Exporting env vars: AIRFLOW_CTX_DAG_OWNER='***' AIRFLOW_CTX_DAG_ID='monthly_prediction' AIRFLOW_CTX_TASK_ID='wait_for_retrain' AIRFLOW_CTX_EXECUTION_DATE='2024-06-01T00:00:00+00:00' AIRFLOW_CTX_TRY_NUMBER='1' AIRFLOW_CTX_DAG_RUN_ID='scheduled__2024-06-01T00:00:00+00:00'
[2024-08-12T19:52:11.520+0000] {external_task.py:244} INFO - Poking for tasks ['optimize_and_register_best_classifier'] in dag quarterly_retrain on 2024-05-31T00:00:00+00:00 ... 
[2024-08-12T19:52:11.647+0000] {taskinstance.py:1895} INFO - Rescheduling task, marking task as UP_FOR_RESCHEDULE
[2024-08-12T19:52:11.706+0000] {local_task_job_runner.py:228} INFO - Task exited with return code 0
[2024-08-12T19:52:11.753+0000] {taskinstance.py:2776} INFO - 0 downstream tasks scheduled from follow-on schedule check
[2024-08-12T19:53:15.449+0000] {taskinstance.py:1157} INFO - Dependencies all met for dep_context=non-requeueable deps ti=<TaskInstance: monthly_prediction.wait_for_retrain scheduled__2024-06-01T00:00:00+00:00 [queued]>
[2024-08-12T19:53:15.468+0000] {taskinstance.py:1157} INFO - Dependencies all met for dep_context=requeueable deps ti=<TaskInstance: monthly_prediction.wait_for_retrain scheduled__2024-06-01T00:00:00+00:00 [queued]>
[2024-08-12T19:53:15.470+0000] {taskinstance.py:1359} INFO - Starting attempt 1 of 1
[2024-08-12T19:53:15.493+0000] {taskinstance.py:1380} INFO - Executing <Task(ExternalTaskSensor): wait_for_retrain> on 2024-06-01 00:00:00+00:00
[2024-08-12T19:53:15.511+0000] {standard_task_runner.py:57} INFO - Started process 9936 to run task
[2024-08-12T19:53:15.518+0000] {standard_task_runner.py:84} INFO - Running: ['***', 'tasks', 'run', 'monthly_prediction', 'wait_for_retrain', 'scheduled__2024-06-01T00:00:00+00:00', '--job-id', '754', '--raw', '--subdir', 'DAGS_FOLDER/monthly_prediction.py', '--cfg-path', '/tmp/tmplpu9nolc']
[2024-08-12T19:53:15.526+0000] {standard_task_runner.py:85} INFO - Job 754: Subtask wait_for_retrain
[2024-08-12T19:53:15.893+0000] {task_command.py:415} INFO - Running <TaskInstance: monthly_prediction.wait_for_retrain scheduled__2024-06-01T00:00:00+00:00 [running]> on host a9166c5dc5ae
[2024-08-12T19:53:16.870+0000] {taskinstance.py:1660} INFO - Exporting env vars: AIRFLOW_CTX_DAG_OWNER='***' AIRFLOW_CTX_DAG_ID='monthly_prediction' AIRFLOW_CTX_TASK_ID='wait_for_retrain' AIRFLOW_CTX_EXECUTION_DATE='2024-06-01T00:00:00+00:00' AIRFLOW_CTX_TRY_NUMBER='1' AIRFLOW_CTX_DAG_RUN_ID='scheduled__2024-06-01T00:00:00+00:00'
[2024-08-12T19:53:16.898+0000] {external_task.py:244} INFO - Poking for tasks ['optimize_and_register_best_classifier'] in dag quarterly_retrain on 2024-05-31T00:00:00+00:00 ... 
[2024-08-12T19:53:16.974+0000] {taskinstance.py:1895} INFO - Rescheduling task, marking task as UP_FOR_RESCHEDULE
[2024-08-12T19:53:17.020+0000] {local_task_job_runner.py:228} INFO - Task exited with return code 0
[2024-08-12T19:53:17.064+0000] {taskinstance.py:2776} INFO - 0 downstream tasks scheduled from follow-on schedule check
[2024-08-12T19:54:19.812+0000] {taskinstance.py:1157} INFO - Dependencies all met for dep_context=non-requeueable deps ti=<TaskInstance: monthly_prediction.wait_for_retrain scheduled__2024-06-01T00:00:00+00:00 [queued]>
[2024-08-12T19:54:19.829+0000] {taskinstance.py:1157} INFO - Dependencies all met for dep_context=requeueable deps ti=<TaskInstance: monthly_prediction.wait_for_retrain scheduled__2024-06-01T00:00:00+00:00 [queued]>
[2024-08-12T19:54:19.830+0000] {taskinstance.py:1359} INFO - Starting attempt 1 of 1
[2024-08-12T19:54:19.851+0000] {taskinstance.py:1380} INFO - Executing <Task(ExternalTaskSensor): wait_for_retrain> on 2024-06-01 00:00:00+00:00
[2024-08-12T19:54:19.867+0000] {standard_task_runner.py:57} INFO - Started process 10135 to run task
[2024-08-12T19:54:19.874+0000] {standard_task_runner.py:84} INFO - Running: ['***', 'tasks', 'run', 'monthly_prediction', 'wait_for_retrain', 'scheduled__2024-06-01T00:00:00+00:00', '--job-id', '762', '--raw', '--subdir', 'DAGS_FOLDER/monthly_prediction.py', '--cfg-path', '/tmp/tmptsxeohui']
[2024-08-12T19:54:19.879+0000] {standard_task_runner.py:85} INFO - Job 762: Subtask wait_for_retrain
[2024-08-12T19:54:20.506+0000] {task_command.py:415} INFO - Running <TaskInstance: monthly_prediction.wait_for_retrain scheduled__2024-06-01T00:00:00+00:00 [running]> on host a9166c5dc5ae
[2024-08-12T19:54:20.634+0000] {taskinstance.py:1660} INFO - Exporting env vars: AIRFLOW_CTX_DAG_OWNER='***' AIRFLOW_CTX_DAG_ID='monthly_prediction' AIRFLOW_CTX_TASK_ID='wait_for_retrain' AIRFLOW_CTX_EXECUTION_DATE='2024-06-01T00:00:00+00:00' AIRFLOW_CTX_TRY_NUMBER='1' AIRFLOW_CTX_DAG_RUN_ID='scheduled__2024-06-01T00:00:00+00:00'
[2024-08-12T19:54:20.652+0000] {external_task.py:244} INFO - Poking for tasks ['optimize_and_register_best_classifier'] in dag quarterly_retrain on 2024-05-31T00:00:00+00:00 ... 
[2024-08-12T19:54:20.701+0000] {taskinstance.py:1895} INFO - Rescheduling task, marking task as UP_FOR_RESCHEDULE
[2024-08-12T19:54:20.764+0000] {local_task_job_runner.py:228} INFO - Task exited with return code 0
[2024-08-12T19:54:20.797+0000] {taskinstance.py:2776} INFO - 0 downstream tasks scheduled from follow-on schedule check
[2024-08-12T19:55:25.299+0000] {taskinstance.py:1157} INFO - Dependencies all met for dep_context=non-requeueable deps ti=<TaskInstance: monthly_prediction.wait_for_retrain scheduled__2024-06-01T00:00:00+00:00 [queued]>
[2024-08-12T19:55:25.339+0000] {taskinstance.py:1157} INFO - Dependencies all met for dep_context=requeueable deps ti=<TaskInstance: monthly_prediction.wait_for_retrain scheduled__2024-06-01T00:00:00+00:00 [queued]>
[2024-08-12T19:55:25.348+0000] {taskinstance.py:1359} INFO - Starting attempt 1 of 1
[2024-08-12T19:55:25.402+0000] {taskinstance.py:1380} INFO - Executing <Task(ExternalTaskSensor): wait_for_retrain> on 2024-06-01 00:00:00+00:00
[2024-08-12T19:55:25.446+0000] {standard_task_runner.py:57} INFO - Started process 10350 to run task
[2024-08-12T19:55:25.468+0000] {standard_task_runner.py:84} INFO - Running: ['***', 'tasks', 'run', 'monthly_prediction', 'wait_for_retrain', 'scheduled__2024-06-01T00:00:00+00:00', '--job-id', '773', '--raw', '--subdir', 'DAGS_FOLDER/monthly_prediction.py', '--cfg-path', '/tmp/tmppxl6pzc_']
[2024-08-12T19:55:25.474+0000] {standard_task_runner.py:85} INFO - Job 773: Subtask wait_for_retrain
[2024-08-12T19:55:26.701+0000] {task_command.py:415} INFO - Running <TaskInstance: monthly_prediction.wait_for_retrain scheduled__2024-06-01T00:00:00+00:00 [running]> on host a9166c5dc5ae
[2024-08-12T19:55:26.892+0000] {taskinstance.py:1660} INFO - Exporting env vars: AIRFLOW_CTX_DAG_OWNER='***' AIRFLOW_CTX_DAG_ID='monthly_prediction' AIRFLOW_CTX_TASK_ID='wait_for_retrain' AIRFLOW_CTX_EXECUTION_DATE='2024-06-01T00:00:00+00:00' AIRFLOW_CTX_TRY_NUMBER='1' AIRFLOW_CTX_DAG_RUN_ID='scheduled__2024-06-01T00:00:00+00:00'
[2024-08-12T19:55:26.932+0000] {external_task.py:244} INFO - Poking for tasks ['optimize_and_register_best_classifier'] in dag quarterly_retrain on 2024-05-31T00:00:00+00:00 ... 
[2024-08-12T19:55:27.069+0000] {taskinstance.py:1895} INFO - Rescheduling task, marking task as UP_FOR_RESCHEDULE
[2024-08-12T19:55:27.211+0000] {local_task_job_runner.py:228} INFO - Task exited with return code 0
[2024-08-12T19:55:27.301+0000] {taskinstance.py:2776} INFO - 0 downstream tasks scheduled from follow-on schedule check
[2024-08-12T19:56:30.497+0000] {taskinstance.py:1157} INFO - Dependencies all met for dep_context=non-requeueable deps ti=<TaskInstance: monthly_prediction.wait_for_retrain scheduled__2024-06-01T00:00:00+00:00 [queued]>
[2024-08-12T19:56:30.513+0000] {taskinstance.py:1157} INFO - Dependencies all met for dep_context=requeueable deps ti=<TaskInstance: monthly_prediction.wait_for_retrain scheduled__2024-06-01T00:00:00+00:00 [queued]>
[2024-08-12T19:56:30.516+0000] {taskinstance.py:1359} INFO - Starting attempt 1 of 1
[2024-08-12T19:56:30.552+0000] {taskinstance.py:1380} INFO - Executing <Task(ExternalTaskSensor): wait_for_retrain> on 2024-06-01 00:00:00+00:00
[2024-08-12T19:56:30.562+0000] {standard_task_runner.py:57} INFO - Started process 10616 to run task
[2024-08-12T19:56:30.568+0000] {standard_task_runner.py:84} INFO - Running: ['***', 'tasks', 'run', 'monthly_prediction', 'wait_for_retrain', 'scheduled__2024-06-01T00:00:00+00:00', '--job-id', '787', '--raw', '--subdir', 'DAGS_FOLDER/monthly_prediction.py', '--cfg-path', '/tmp/tmp4hyp57p5']
[2024-08-12T19:56:30.575+0000] {standard_task_runner.py:85} INFO - Job 787: Subtask wait_for_retrain
[2024-08-12T19:56:31.377+0000] {task_command.py:415} INFO - Running <TaskInstance: monthly_prediction.wait_for_retrain scheduled__2024-06-01T00:00:00+00:00 [running]> on host a9166c5dc5ae
[2024-08-12T19:56:31.602+0000] {taskinstance.py:1660} INFO - Exporting env vars: AIRFLOW_CTX_DAG_OWNER='***' AIRFLOW_CTX_DAG_ID='monthly_prediction' AIRFLOW_CTX_TASK_ID='wait_for_retrain' AIRFLOW_CTX_EXECUTION_DATE='2024-06-01T00:00:00+00:00' AIRFLOW_CTX_TRY_NUMBER='1' AIRFLOW_CTX_DAG_RUN_ID='scheduled__2024-06-01T00:00:00+00:00'
[2024-08-12T19:56:31.656+0000] {external_task.py:244} INFO - Poking for tasks ['optimize_and_register_best_classifier'] in dag quarterly_retrain on 2024-05-31T00:00:00+00:00 ... 
[2024-08-12T19:56:31.778+0000] {taskinstance.py:1895} INFO - Rescheduling task, marking task as UP_FOR_RESCHEDULE
[2024-08-12T19:56:31.827+0000] {local_task_job_runner.py:228} INFO - Task exited with return code 0
[2024-08-12T19:56:31.870+0000] {taskinstance.py:2776} INFO - 0 downstream tasks scheduled from follow-on schedule check
[2024-08-12T19:57:36.508+0000] {taskinstance.py:1157} INFO - Dependencies all met for dep_context=non-requeueable deps ti=<TaskInstance: monthly_prediction.wait_for_retrain scheduled__2024-06-01T00:00:00+00:00 [queued]>
[2024-08-12T19:57:36.551+0000] {taskinstance.py:1157} INFO - Dependencies all met for dep_context=requeueable deps ti=<TaskInstance: monthly_prediction.wait_for_retrain scheduled__2024-06-01T00:00:00+00:00 [queued]>
[2024-08-12T19:57:36.552+0000] {taskinstance.py:1359} INFO - Starting attempt 1 of 1
[2024-08-12T19:57:36.644+0000] {taskinstance.py:1380} INFO - Executing <Task(ExternalTaskSensor): wait_for_retrain> on 2024-06-01 00:00:00+00:00
[2024-08-12T19:57:36.657+0000] {standard_task_runner.py:57} INFO - Started process 10916 to run task
[2024-08-12T19:57:36.668+0000] {standard_task_runner.py:84} INFO - Running: ['***', 'tasks', 'run', 'monthly_prediction', 'wait_for_retrain', 'scheduled__2024-06-01T00:00:00+00:00', '--job-id', '805', '--raw', '--subdir', 'DAGS_FOLDER/monthly_prediction.py', '--cfg-path', '/tmp/tmpng0dciq3']
[2024-08-12T19:57:36.685+0000] {standard_task_runner.py:85} INFO - Job 805: Subtask wait_for_retrain
[2024-08-12T19:57:38.097+0000] {task_command.py:415} INFO - Running <TaskInstance: monthly_prediction.wait_for_retrain scheduled__2024-06-01T00:00:00+00:00 [running]> on host a9166c5dc5ae
[2024-08-12T19:57:39.033+0000] {taskinstance.py:1660} INFO - Exporting env vars: AIRFLOW_CTX_DAG_OWNER='***' AIRFLOW_CTX_DAG_ID='monthly_prediction' AIRFLOW_CTX_TASK_ID='wait_for_retrain' AIRFLOW_CTX_EXECUTION_DATE='2024-06-01T00:00:00+00:00' AIRFLOW_CTX_TRY_NUMBER='1' AIRFLOW_CTX_DAG_RUN_ID='scheduled__2024-06-01T00:00:00+00:00'
[2024-08-12T19:57:39.061+0000] {external_task.py:244} INFO - Poking for tasks ['optimize_and_register_best_classifier'] in dag quarterly_retrain on 2024-05-31T00:00:00+00:00 ... 
[2024-08-12T19:57:39.181+0000] {taskinstance.py:1935} ERROR - Task failed with exception
Traceback (most recent call last):
  File "/home/airflow/.local/lib/python3.8/site-packages/airflow/sensors/external_task.py", line 334, in execute
    super().execute(context)
  File "/home/airflow/.local/lib/python3.8/site-packages/airflow/sensors/base.py", line 274, in execute
    raise AirflowSensorTimeout(message)
airflow.exceptions.AirflowSensorTimeout: Sensor has timed out; run duration of 645.420644 seconds exceeds the specified timeout of 600.0.
[2024-08-12T19:57:39.242+0000] {taskinstance.py:1398} INFO - Immediate failure requested. Marking task as FAILED. dag_id=monthly_prediction, task_id=wait_for_retrain, execution_date=20240601T000000, start_date=20240812T195736, end_date=20240812T195739
[2024-08-12T19:57:39.342+0000] {standard_task_runner.py:104} ERROR - Failed to execute job 805 for task wait_for_retrain (Sensor has timed out; run duration of 645.420644 seconds exceeds the specified timeout of 600.0.; 10916)
[2024-08-12T19:57:39.436+0000] {local_task_job_runner.py:228} INFO - Task exited with return code 1
[2024-08-12T19:57:39.821+0000] {taskinstance.py:2776} INFO - 0 downstream tasks scheduled from follow-on schedule check
[2024-08-12T20:08:13.600+0000] {taskinstance.py:1157} INFO - Dependencies all met for dep_context=non-requeueable deps ti=<TaskInstance: monthly_prediction.wait_for_retrain scheduled__2024-06-01T00:00:00+00:00 [queued]>
[2024-08-12T20:08:13.664+0000] {taskinstance.py:1157} INFO - Dependencies all met for dep_context=requeueable deps ti=<TaskInstance: monthly_prediction.wait_for_retrain scheduled__2024-06-01T00:00:00+00:00 [queued]>
[2024-08-12T20:08:13.672+0000] {taskinstance.py:1359} INFO - Starting attempt 1 of 1
[2024-08-12T20:08:13.737+0000] {taskinstance.py:1380} INFO - Executing <Task(ExternalTaskSensor): wait_for_retrain> on 2024-06-01 00:00:00+00:00
[2024-08-12T20:08:13.802+0000] {standard_task_runner.py:57} INFO - Started process 12566 to run task
[2024-08-12T20:08:13.837+0000] {standard_task_runner.py:84} INFO - Running: ['***', 'tasks', 'run', 'monthly_prediction', 'wait_for_retrain', 'scheduled__2024-06-01T00:00:00+00:00', '--job-id', '876', '--raw', '--subdir', 'DAGS_FOLDER/monthly_prediction.py', '--cfg-path', '/tmp/tmp8d6bja4u']
[2024-08-12T20:08:13.869+0000] {standard_task_runner.py:85} INFO - Job 876: Subtask wait_for_retrain
[2024-08-12T20:08:14.930+0000] {task_command.py:415} INFO - Running <TaskInstance: monthly_prediction.wait_for_retrain scheduled__2024-06-01T00:00:00+00:00 [running]> on host a9166c5dc5ae
[2024-08-12T20:08:15.179+0000] {taskinstance.py:1660} INFO - Exporting env vars: AIRFLOW_CTX_DAG_OWNER='***' AIRFLOW_CTX_DAG_ID='monthly_prediction' AIRFLOW_CTX_TASK_ID='wait_for_retrain' AIRFLOW_CTX_EXECUTION_DATE='2024-06-01T00:00:00+00:00' AIRFLOW_CTX_TRY_NUMBER='1' AIRFLOW_CTX_DAG_RUN_ID='scheduled__2024-06-01T00:00:00+00:00'
[2024-08-12T20:08:15.258+0000] {external_task.py:244} INFO - Poking for tasks ['optimize_and_register_best_classifier'] in dag quarterly_retrain on 2024-05-31T00:00:00+00:00 ... 
[2024-08-12T20:08:15.441+0000] {taskinstance.py:1895} INFO - Rescheduling task, marking task as UP_FOR_RESCHEDULE
[2024-08-12T20:08:15.507+0000] {local_task_job_runner.py:228} INFO - Task exited with return code 0
[2024-08-12T20:08:15.593+0000] {taskinstance.py:2776} INFO - 0 downstream tasks scheduled from follow-on schedule check
[2024-08-12T20:09:39.701+0000] {taskinstance.py:1157} INFO - Dependencies all met for dep_context=non-requeueable deps ti=<TaskInstance: monthly_prediction.wait_for_retrain scheduled__2024-06-01T00:00:00+00:00 [queued]>
[2024-08-12T20:09:39.850+0000] {taskinstance.py:1157} INFO - Dependencies all met for dep_context=requeueable deps ti=<TaskInstance: monthly_prediction.wait_for_retrain scheduled__2024-06-01T00:00:00+00:00 [queued]>
[2024-08-12T20:09:39.938+0000] {taskinstance.py:1359} INFO - Starting attempt 1 of 1
[2024-08-12T20:09:40.816+0000] {taskinstance.py:1380} INFO - Executing <Task(ExternalTaskSensor): wait_for_retrain> on 2024-06-01 00:00:00+00:00
[2024-08-12T20:09:41.018+0000] {standard_task_runner.py:57} INFO - Started process 13027 to run task
[2024-08-12T20:09:41.081+0000] {standard_task_runner.py:84} INFO - Running: ['***', 'tasks', 'run', 'monthly_prediction', 'wait_for_retrain', 'scheduled__2024-06-01T00:00:00+00:00', '--job-id', '891', '--raw', '--subdir', 'DAGS_FOLDER/monthly_prediction.py', '--cfg-path', '/tmp/tmp8pgq2skr']
[2024-08-12T20:09:41.109+0000] {standard_task_runner.py:85} INFO - Job 891: Subtask wait_for_retrain
[2024-08-12T20:09:47.701+0000] {task_command.py:415} INFO - Running <TaskInstance: monthly_prediction.wait_for_retrain scheduled__2024-06-01T00:00:00+00:00 [running]> on host a9166c5dc5ae
[2024-08-12T20:09:49.335+0000] {taskinstance.py:1660} INFO - Exporting env vars: AIRFLOW_CTX_DAG_OWNER='***' AIRFLOW_CTX_DAG_ID='monthly_prediction' AIRFLOW_CTX_TASK_ID='wait_for_retrain' AIRFLOW_CTX_EXECUTION_DATE='2024-06-01T00:00:00+00:00' AIRFLOW_CTX_TRY_NUMBER='1' AIRFLOW_CTX_DAG_RUN_ID='scheduled__2024-06-01T00:00:00+00:00'
[2024-08-12T20:09:49.505+0000] {external_task.py:244} INFO - Poking for tasks ['optimize_and_register_best_classifier'] in dag quarterly_retrain on 2024-05-31T00:00:00+00:00 ... 
[2024-08-12T20:09:50.896+0000] {taskinstance.py:1895} INFO - Rescheduling task, marking task as UP_FOR_RESCHEDULE
[2024-08-12T20:09:51.054+0000] {local_task_job_runner.py:228} INFO - Task exited with return code 0
[2024-08-12T20:09:55.478+0000] {taskinstance.py:2776} INFO - 0 downstream tasks scheduled from follow-on schedule check
[2024-08-12T20:10:52.374+0000] {taskinstance.py:1157} INFO - Dependencies all met for dep_context=non-requeueable deps ti=<TaskInstance: monthly_prediction.wait_for_retrain scheduled__2024-06-01T00:00:00+00:00 [queued]>
[2024-08-12T20:10:52.381+0000] {taskinstance.py:1157} INFO - Dependencies all met for dep_context=requeueable deps ti=<TaskInstance: monthly_prediction.wait_for_retrain scheduled__2024-06-01T00:00:00+00:00 [queued]>
[2024-08-12T20:10:52.382+0000] {taskinstance.py:1359} INFO - Starting attempt 1 of 1
[2024-08-12T20:10:52.392+0000] {taskinstance.py:1380} INFO - Executing <Task(ExternalTaskSensor): wait_for_retrain> on 2024-06-01 00:00:00+00:00
[2024-08-12T20:10:52.399+0000] {standard_task_runner.py:57} INFO - Started process 13330 to run task
[2024-08-12T20:10:52.403+0000] {standard_task_runner.py:84} INFO - Running: ['***', 'tasks', 'run', 'monthly_prediction', 'wait_for_retrain', 'scheduled__2024-06-01T00:00:00+00:00', '--job-id', '924', '--raw', '--subdir', 'DAGS_FOLDER/monthly_prediction.py', '--cfg-path', '/tmp/tmpw4og5wlm']
[2024-08-12T20:10:52.407+0000] {standard_task_runner.py:85} INFO - Job 924: Subtask wait_for_retrain
[2024-08-12T20:10:52.804+0000] {task_command.py:415} INFO - Running <TaskInstance: monthly_prediction.wait_for_retrain scheduled__2024-06-01T00:00:00+00:00 [running]> on host a9166c5dc5ae
[2024-08-12T20:10:52.876+0000] {taskinstance.py:1660} INFO - Exporting env vars: AIRFLOW_CTX_DAG_OWNER='***' AIRFLOW_CTX_DAG_ID='monthly_prediction' AIRFLOW_CTX_TASK_ID='wait_for_retrain' AIRFLOW_CTX_EXECUTION_DATE='2024-06-01T00:00:00+00:00' AIRFLOW_CTX_TRY_NUMBER='1' AIRFLOW_CTX_DAG_RUN_ID='scheduled__2024-06-01T00:00:00+00:00'
[2024-08-12T20:10:52.885+0000] {external_task.py:244} INFO - Poking for tasks ['optimize_and_register_best_classifier'] in dag quarterly_retrain on 2024-05-31T00:00:00+00:00 ... 
[2024-08-12T20:10:52.910+0000] {taskinstance.py:1895} INFO - Rescheduling task, marking task as UP_FOR_RESCHEDULE
[2024-08-12T20:10:52.974+0000] {local_task_job_runner.py:228} INFO - Task exited with return code 0
[2024-08-12T20:10:52.995+0000] {taskinstance.py:2776} INFO - 0 downstream tasks scheduled from follow-on schedule check
[2024-08-12T20:11:55.534+0000] {taskinstance.py:1157} INFO - Dependencies all met for dep_context=non-requeueable deps ti=<TaskInstance: monthly_prediction.wait_for_retrain scheduled__2024-06-01T00:00:00+00:00 [queued]>
[2024-08-12T20:11:55.553+0000] {taskinstance.py:1157} INFO - Dependencies all met for dep_context=requeueable deps ti=<TaskInstance: monthly_prediction.wait_for_retrain scheduled__2024-06-01T00:00:00+00:00 [queued]>
[2024-08-12T20:11:55.555+0000] {taskinstance.py:1359} INFO - Starting attempt 1 of 1
[2024-08-12T20:11:55.601+0000] {taskinstance.py:1380} INFO - Executing <Task(ExternalTaskSensor): wait_for_retrain> on 2024-06-01 00:00:00+00:00
[2024-08-12T20:11:55.631+0000] {standard_task_runner.py:57} INFO - Started process 13503 to run task
[2024-08-12T20:11:55.648+0000] {standard_task_runner.py:84} INFO - Running: ['***', 'tasks', 'run', 'monthly_prediction', 'wait_for_retrain', 'scheduled__2024-06-01T00:00:00+00:00', '--job-id', '932', '--raw', '--subdir', 'DAGS_FOLDER/monthly_prediction.py', '--cfg-path', '/tmp/tmp_ptxvtq4']
[2024-08-12T20:11:55.657+0000] {standard_task_runner.py:85} INFO - Job 932: Subtask wait_for_retrain
[2024-08-12T20:11:56.281+0000] {task_command.py:415} INFO - Running <TaskInstance: monthly_prediction.wait_for_retrain scheduled__2024-06-01T00:00:00+00:00 [running]> on host a9166c5dc5ae
[2024-08-12T20:11:56.351+0000] {taskinstance.py:1660} INFO - Exporting env vars: AIRFLOW_CTX_DAG_OWNER='***' AIRFLOW_CTX_DAG_ID='monthly_prediction' AIRFLOW_CTX_TASK_ID='wait_for_retrain' AIRFLOW_CTX_EXECUTION_DATE='2024-06-01T00:00:00+00:00' AIRFLOW_CTX_TRY_NUMBER='1' AIRFLOW_CTX_DAG_RUN_ID='scheduled__2024-06-01T00:00:00+00:00'
[2024-08-12T20:11:56.358+0000] {external_task.py:244} INFO - Poking for tasks ['optimize_and_register_best_classifier'] in dag quarterly_retrain on 2024-05-31T00:00:00+00:00 ... 
[2024-08-12T20:11:56.379+0000] {taskinstance.py:1895} INFO - Rescheduling task, marking task as UP_FOR_RESCHEDULE
[2024-08-12T20:11:56.421+0000] {local_task_job_runner.py:228} INFO - Task exited with return code 0
[2024-08-12T20:11:56.443+0000] {taskinstance.py:2776} INFO - 0 downstream tasks scheduled from follow-on schedule check
[2024-08-12T20:12:57.829+0000] {taskinstance.py:1157} INFO - Dependencies all met for dep_context=non-requeueable deps ti=<TaskInstance: monthly_prediction.wait_for_retrain scheduled__2024-06-01T00:00:00+00:00 [queued]>
[2024-08-12T20:12:57.835+0000] {taskinstance.py:1157} INFO - Dependencies all met for dep_context=requeueable deps ti=<TaskInstance: monthly_prediction.wait_for_retrain scheduled__2024-06-01T00:00:00+00:00 [queued]>
[2024-08-12T20:12:57.835+0000] {taskinstance.py:1359} INFO - Starting attempt 1 of 1
[2024-08-12T20:12:57.843+0000] {taskinstance.py:1380} INFO - Executing <Task(ExternalTaskSensor): wait_for_retrain> on 2024-06-01 00:00:00+00:00
[2024-08-12T20:12:57.851+0000] {standard_task_runner.py:57} INFO - Started process 13674 to run task
[2024-08-12T20:12:57.855+0000] {standard_task_runner.py:84} INFO - Running: ['***', 'tasks', 'run', 'monthly_prediction', 'wait_for_retrain', 'scheduled__2024-06-01T00:00:00+00:00', '--job-id', '942', '--raw', '--subdir', 'DAGS_FOLDER/monthly_prediction.py', '--cfg-path', '/tmp/tmpcviex8va']
[2024-08-12T20:12:57.859+0000] {standard_task_runner.py:85} INFO - Job 942: Subtask wait_for_retrain
[2024-08-12T20:12:58.145+0000] {task_command.py:415} INFO - Running <TaskInstance: monthly_prediction.wait_for_retrain scheduled__2024-06-01T00:00:00+00:00 [running]> on host a9166c5dc5ae
[2024-08-12T20:12:58.192+0000] {taskinstance.py:1660} INFO - Exporting env vars: AIRFLOW_CTX_DAG_OWNER='***' AIRFLOW_CTX_DAG_ID='monthly_prediction' AIRFLOW_CTX_TASK_ID='wait_for_retrain' AIRFLOW_CTX_EXECUTION_DATE='2024-06-01T00:00:00+00:00' AIRFLOW_CTX_TRY_NUMBER='1' AIRFLOW_CTX_DAG_RUN_ID='scheduled__2024-06-01T00:00:00+00:00'
[2024-08-12T20:12:58.201+0000] {external_task.py:244} INFO - Poking for tasks ['optimize_and_register_best_classifier'] in dag quarterly_retrain on 2024-05-31T00:00:00+00:00 ... 
[2024-08-12T20:12:58.223+0000] {taskinstance.py:1895} INFO - Rescheduling task, marking task as UP_FOR_RESCHEDULE
[2024-08-12T20:12:58.250+0000] {local_task_job_runner.py:228} INFO - Task exited with return code 0
[2024-08-12T20:12:58.282+0000] {taskinstance.py:2776} INFO - 0 downstream tasks scheduled from follow-on schedule check
[2024-08-12T20:13:59.691+0000] {taskinstance.py:1157} INFO - Dependencies all met for dep_context=non-requeueable deps ti=<TaskInstance: monthly_prediction.wait_for_retrain scheduled__2024-06-01T00:00:00+00:00 [queued]>
[2024-08-12T20:13:59.696+0000] {taskinstance.py:1157} INFO - Dependencies all met for dep_context=requeueable deps ti=<TaskInstance: monthly_prediction.wait_for_retrain scheduled__2024-06-01T00:00:00+00:00 [queued]>
[2024-08-12T20:13:59.696+0000] {taskinstance.py:1359} INFO - Starting attempt 1 of 1
[2024-08-12T20:13:59.702+0000] {taskinstance.py:1380} INFO - Executing <Task(ExternalTaskSensor): wait_for_retrain> on 2024-06-01 00:00:00+00:00
[2024-08-12T20:13:59.708+0000] {standard_task_runner.py:57} INFO - Started process 13846 to run task
[2024-08-12T20:13:59.710+0000] {standard_task_runner.py:84} INFO - Running: ['***', 'tasks', 'run', 'monthly_prediction', 'wait_for_retrain', 'scheduled__2024-06-01T00:00:00+00:00', '--job-id', '948', '--raw', '--subdir', 'DAGS_FOLDER/monthly_prediction.py', '--cfg-path', '/tmp/tmp3g2j3cc3']
[2024-08-12T20:13:59.713+0000] {standard_task_runner.py:85} INFO - Job 948: Subtask wait_for_retrain
[2024-08-12T20:13:59.970+0000] {task_command.py:415} INFO - Running <TaskInstance: monthly_prediction.wait_for_retrain scheduled__2024-06-01T00:00:00+00:00 [running]> on host a9166c5dc5ae
[2024-08-12T20:14:00.012+0000] {taskinstance.py:1660} INFO - Exporting env vars: AIRFLOW_CTX_DAG_OWNER='***' AIRFLOW_CTX_DAG_ID='monthly_prediction' AIRFLOW_CTX_TASK_ID='wait_for_retrain' AIRFLOW_CTX_EXECUTION_DATE='2024-06-01T00:00:00+00:00' AIRFLOW_CTX_TRY_NUMBER='1' AIRFLOW_CTX_DAG_RUN_ID='scheduled__2024-06-01T00:00:00+00:00'
[2024-08-12T20:14:00.019+0000] {external_task.py:244} INFO - Poking for tasks ['optimize_and_register_best_classifier'] in dag quarterly_retrain on 2024-05-31T00:00:00+00:00 ... 
[2024-08-12T20:14:00.036+0000] {taskinstance.py:1895} INFO - Rescheduling task, marking task as UP_FOR_RESCHEDULE
[2024-08-12T20:14:00.054+0000] {local_task_job_runner.py:228} INFO - Task exited with return code 0
[2024-08-12T20:14:00.066+0000] {taskinstance.py:2776} INFO - 0 downstream tasks scheduled from follow-on schedule check
[2024-08-12T20:15:01.346+0000] {taskinstance.py:1157} INFO - Dependencies all met for dep_context=non-requeueable deps ti=<TaskInstance: monthly_prediction.wait_for_retrain scheduled__2024-06-01T00:00:00+00:00 [queued]>
[2024-08-12T20:15:01.354+0000] {taskinstance.py:1157} INFO - Dependencies all met for dep_context=requeueable deps ti=<TaskInstance: monthly_prediction.wait_for_retrain scheduled__2024-06-01T00:00:00+00:00 [queued]>
[2024-08-12T20:15:01.355+0000] {taskinstance.py:1359} INFO - Starting attempt 1 of 1
[2024-08-12T20:15:01.365+0000] {taskinstance.py:1380} INFO - Executing <Task(ExternalTaskSensor): wait_for_retrain> on 2024-06-01 00:00:00+00:00
[2024-08-12T20:15:01.371+0000] {standard_task_runner.py:57} INFO - Started process 14023 to run task
[2024-08-12T20:15:01.374+0000] {standard_task_runner.py:84} INFO - Running: ['***', 'tasks', 'run', 'monthly_prediction', 'wait_for_retrain', 'scheduled__2024-06-01T00:00:00+00:00', '--job-id', '957', '--raw', '--subdir', 'DAGS_FOLDER/monthly_prediction.py', '--cfg-path', '/tmp/tmposwaxa08']
[2024-08-12T20:15:01.377+0000] {standard_task_runner.py:85} INFO - Job 957: Subtask wait_for_retrain
[2024-08-12T20:15:01.654+0000] {task_command.py:415} INFO - Running <TaskInstance: monthly_prediction.wait_for_retrain scheduled__2024-06-01T00:00:00+00:00 [running]> on host a9166c5dc5ae
[2024-08-12T20:15:01.693+0000] {taskinstance.py:1660} INFO - Exporting env vars: AIRFLOW_CTX_DAG_OWNER='***' AIRFLOW_CTX_DAG_ID='monthly_prediction' AIRFLOW_CTX_TASK_ID='wait_for_retrain' AIRFLOW_CTX_EXECUTION_DATE='2024-06-01T00:00:00+00:00' AIRFLOW_CTX_TRY_NUMBER='1' AIRFLOW_CTX_DAG_RUN_ID='scheduled__2024-06-01T00:00:00+00:00'
[2024-08-12T20:15:01.700+0000] {external_task.py:244} INFO - Poking for tasks ['optimize_and_register_best_classifier'] in dag quarterly_retrain on 2024-05-31T00:00:00+00:00 ... 
[2024-08-12T20:15:01.717+0000] {taskinstance.py:1895} INFO - Rescheduling task, marking task as UP_FOR_RESCHEDULE
[2024-08-12T20:15:01.760+0000] {local_task_job_runner.py:228} INFO - Task exited with return code 0
[2024-08-12T20:15:01.774+0000] {taskinstance.py:2776} INFO - 0 downstream tasks scheduled from follow-on schedule check
[2024-08-12T20:16:03.012+0000] {taskinstance.py:1157} INFO - Dependencies all met for dep_context=non-requeueable deps ti=<TaskInstance: monthly_prediction.wait_for_retrain scheduled__2024-06-01T00:00:00+00:00 [queued]>
[2024-08-12T20:16:03.017+0000] {taskinstance.py:1157} INFO - Dependencies all met for dep_context=requeueable deps ti=<TaskInstance: monthly_prediction.wait_for_retrain scheduled__2024-06-01T00:00:00+00:00 [queued]>
[2024-08-12T20:16:03.018+0000] {taskinstance.py:1359} INFO - Starting attempt 1 of 1
[2024-08-12T20:16:03.029+0000] {taskinstance.py:1380} INFO - Executing <Task(ExternalTaskSensor): wait_for_retrain> on 2024-06-01 00:00:00+00:00
[2024-08-12T20:16:03.034+0000] {standard_task_runner.py:57} INFO - Started process 14190 to run task
[2024-08-12T20:16:03.037+0000] {standard_task_runner.py:84} INFO - Running: ['***', 'tasks', 'run', 'monthly_prediction', 'wait_for_retrain', 'scheduled__2024-06-01T00:00:00+00:00', '--job-id', '966', '--raw', '--subdir', 'DAGS_FOLDER/monthly_prediction.py', '--cfg-path', '/tmp/tmptxgqupdr']
[2024-08-12T20:16:03.040+0000] {standard_task_runner.py:85} INFO - Job 966: Subtask wait_for_retrain
[2024-08-12T20:16:03.312+0000] {task_command.py:415} INFO - Running <TaskInstance: monthly_prediction.wait_for_retrain scheduled__2024-06-01T00:00:00+00:00 [running]> on host a9166c5dc5ae
[2024-08-12T20:16:03.377+0000] {taskinstance.py:1660} INFO - Exporting env vars: AIRFLOW_CTX_DAG_OWNER='***' AIRFLOW_CTX_DAG_ID='monthly_prediction' AIRFLOW_CTX_TASK_ID='wait_for_retrain' AIRFLOW_CTX_EXECUTION_DATE='2024-06-01T00:00:00+00:00' AIRFLOW_CTX_TRY_NUMBER='1' AIRFLOW_CTX_DAG_RUN_ID='scheduled__2024-06-01T00:00:00+00:00'
[2024-08-12T20:16:03.386+0000] {external_task.py:244} INFO - Poking for tasks ['optimize_and_register_best_classifier'] in dag quarterly_retrain on 2024-05-31T00:00:00+00:00 ... 
[2024-08-12T20:16:03.411+0000] {taskinstance.py:1895} INFO - Rescheduling task, marking task as UP_FOR_RESCHEDULE
[2024-08-12T20:16:03.429+0000] {local_task_job_runner.py:228} INFO - Task exited with return code 0
[2024-08-12T20:16:03.440+0000] {taskinstance.py:2776} INFO - 0 downstream tasks scheduled from follow-on schedule check
[2024-08-12T20:17:04.860+0000] {taskinstance.py:1157} INFO - Dependencies all met for dep_context=non-requeueable deps ti=<TaskInstance: monthly_prediction.wait_for_retrain scheduled__2024-06-01T00:00:00+00:00 [queued]>
[2024-08-12T20:17:04.864+0000] {taskinstance.py:1157} INFO - Dependencies all met for dep_context=requeueable deps ti=<TaskInstance: monthly_prediction.wait_for_retrain scheduled__2024-06-01T00:00:00+00:00 [queued]>
[2024-08-12T20:17:04.864+0000] {taskinstance.py:1359} INFO - Starting attempt 1 of 1
[2024-08-12T20:17:04.870+0000] {taskinstance.py:1380} INFO - Executing <Task(ExternalTaskSensor): wait_for_retrain> on 2024-06-01 00:00:00+00:00
[2024-08-12T20:17:04.875+0000] {standard_task_runner.py:57} INFO - Started process 14355 to run task
[2024-08-12T20:17:04.878+0000] {standard_task_runner.py:84} INFO - Running: ['***', 'tasks', 'run', 'monthly_prediction', 'wait_for_retrain', 'scheduled__2024-06-01T00:00:00+00:00', '--job-id', '972', '--raw', '--subdir', 'DAGS_FOLDER/monthly_prediction.py', '--cfg-path', '/tmp/tmp0muosnw8']
[2024-08-12T20:17:04.881+0000] {standard_task_runner.py:85} INFO - Job 972: Subtask wait_for_retrain
[2024-08-12T20:17:05.088+0000] {task_command.py:415} INFO - Running <TaskInstance: monthly_prediction.wait_for_retrain scheduled__2024-06-01T00:00:00+00:00 [running]> on host a9166c5dc5ae
[2024-08-12T20:17:05.132+0000] {taskinstance.py:1660} INFO - Exporting env vars: AIRFLOW_CTX_DAG_OWNER='***' AIRFLOW_CTX_DAG_ID='monthly_prediction' AIRFLOW_CTX_TASK_ID='wait_for_retrain' AIRFLOW_CTX_EXECUTION_DATE='2024-06-01T00:00:00+00:00' AIRFLOW_CTX_TRY_NUMBER='1' AIRFLOW_CTX_DAG_RUN_ID='scheduled__2024-06-01T00:00:00+00:00'
[2024-08-12T20:17:05.139+0000] {external_task.py:244} INFO - Poking for tasks ['optimize_and_register_best_classifier'] in dag quarterly_retrain on 2024-05-31T00:00:00+00:00 ... 
[2024-08-12T20:17:05.156+0000] {taskinstance.py:1895} INFO - Rescheduling task, marking task as UP_FOR_RESCHEDULE
[2024-08-12T20:17:05.190+0000] {local_task_job_runner.py:228} INFO - Task exited with return code 0
[2024-08-12T20:17:05.200+0000] {taskinstance.py:2776} INFO - 0 downstream tasks scheduled from follow-on schedule check
[2024-08-12T20:18:06.840+0000] {taskinstance.py:1157} INFO - Dependencies all met for dep_context=non-requeueable deps ti=<TaskInstance: monthly_prediction.wait_for_retrain scheduled__2024-06-01T00:00:00+00:00 [queued]>
[2024-08-12T20:18:06.845+0000] {taskinstance.py:1157} INFO - Dependencies all met for dep_context=requeueable deps ti=<TaskInstance: monthly_prediction.wait_for_retrain scheduled__2024-06-01T00:00:00+00:00 [queued]>
[2024-08-12T20:18:06.845+0000] {taskinstance.py:1359} INFO - Starting attempt 1 of 1
[2024-08-12T20:18:06.851+0000] {taskinstance.py:1380} INFO - Executing <Task(ExternalTaskSensor): wait_for_retrain> on 2024-06-01 00:00:00+00:00
[2024-08-12T20:18:06.856+0000] {standard_task_runner.py:57} INFO - Started process 14527 to run task
[2024-08-12T20:18:06.860+0000] {standard_task_runner.py:84} INFO - Running: ['***', 'tasks', 'run', 'monthly_prediction', 'wait_for_retrain', 'scheduled__2024-06-01T00:00:00+00:00', '--job-id', '981', '--raw', '--subdir', 'DAGS_FOLDER/monthly_prediction.py', '--cfg-path', '/tmp/tmpgne9auxa']
[2024-08-12T20:18:06.862+0000] {standard_task_runner.py:85} INFO - Job 981: Subtask wait_for_retrain
[2024-08-12T20:18:07.086+0000] {task_command.py:415} INFO - Running <TaskInstance: monthly_prediction.wait_for_retrain scheduled__2024-06-01T00:00:00+00:00 [running]> on host a9166c5dc5ae
[2024-08-12T20:18:07.125+0000] {taskinstance.py:1660} INFO - Exporting env vars: AIRFLOW_CTX_DAG_OWNER='***' AIRFLOW_CTX_DAG_ID='monthly_prediction' AIRFLOW_CTX_TASK_ID='wait_for_retrain' AIRFLOW_CTX_EXECUTION_DATE='2024-06-01T00:00:00+00:00' AIRFLOW_CTX_TRY_NUMBER='1' AIRFLOW_CTX_DAG_RUN_ID='scheduled__2024-06-01T00:00:00+00:00'
[2024-08-12T20:18:07.131+0000] {external_task.py:244} INFO - Poking for tasks ['optimize_and_register_best_classifier'] in dag quarterly_retrain on 2024-05-31T00:00:00+00:00 ... 
[2024-08-12T20:18:07.149+0000] {taskinstance.py:1895} INFO - Rescheduling task, marking task as UP_FOR_RESCHEDULE
[2024-08-12T20:18:07.173+0000] {local_task_job_runner.py:228} INFO - Task exited with return code 0
[2024-08-12T20:18:07.185+0000] {taskinstance.py:2776} INFO - 0 downstream tasks scheduled from follow-on schedule check
[2024-08-12T20:19:08.620+0000] {taskinstance.py:1157} INFO - Dependencies all met for dep_context=non-requeueable deps ti=<TaskInstance: monthly_prediction.wait_for_retrain scheduled__2024-06-01T00:00:00+00:00 [queued]>
[2024-08-12T20:19:08.624+0000] {taskinstance.py:1157} INFO - Dependencies all met for dep_context=requeueable deps ti=<TaskInstance: monthly_prediction.wait_for_retrain scheduled__2024-06-01T00:00:00+00:00 [queued]>
[2024-08-12T20:19:08.625+0000] {taskinstance.py:1359} INFO - Starting attempt 1 of 1
[2024-08-12T20:19:08.630+0000] {taskinstance.py:1380} INFO - Executing <Task(ExternalTaskSensor): wait_for_retrain> on 2024-06-01 00:00:00+00:00
[2024-08-12T20:19:08.635+0000] {standard_task_runner.py:57} INFO - Started process 14699 to run task
[2024-08-12T20:19:08.638+0000] {standard_task_runner.py:84} INFO - Running: ['***', 'tasks', 'run', 'monthly_prediction', 'wait_for_retrain', 'scheduled__2024-06-01T00:00:00+00:00', '--job-id', '990', '--raw', '--subdir', 'DAGS_FOLDER/monthly_prediction.py', '--cfg-path', '/tmp/tmppbrys5u1']
[2024-08-12T20:19:08.640+0000] {standard_task_runner.py:85} INFO - Job 990: Subtask wait_for_retrain
[2024-08-12T20:19:08.857+0000] {task_command.py:415} INFO - Running <TaskInstance: monthly_prediction.wait_for_retrain scheduled__2024-06-01T00:00:00+00:00 [running]> on host a9166c5dc5ae
[2024-08-12T20:19:08.897+0000] {taskinstance.py:1660} INFO - Exporting env vars: AIRFLOW_CTX_DAG_OWNER='***' AIRFLOW_CTX_DAG_ID='monthly_prediction' AIRFLOW_CTX_TASK_ID='wait_for_retrain' AIRFLOW_CTX_EXECUTION_DATE='2024-06-01T00:00:00+00:00' AIRFLOW_CTX_TRY_NUMBER='1' AIRFLOW_CTX_DAG_RUN_ID='scheduled__2024-06-01T00:00:00+00:00'
[2024-08-12T20:19:08.903+0000] {external_task.py:244} INFO - Poking for tasks ['optimize_and_register_best_classifier'] in dag quarterly_retrain on 2024-05-31T00:00:00+00:00 ... 
[2024-08-12T20:19:08.910+0000] {taskinstance.py:1935} ERROR - Task failed with exception
Traceback (most recent call last):
  File "/home/airflow/.local/lib/python3.8/site-packages/airflow/sensors/external_task.py", line 334, in execute
    super().execute(context)
  File "/home/airflow/.local/lib/python3.8/site-packages/airflow/sensors/base.py", line 274, in execute
    raise AirflowSensorTimeout(message)
airflow.exceptions.AirflowSensorTimeout: Sensor has timed out; run duration of 653.892439 seconds exceeds the specified timeout of 600.0.
[2024-08-12T20:19:08.916+0000] {taskinstance.py:1398} INFO - Immediate failure requested. Marking task as FAILED. dag_id=monthly_prediction, task_id=wait_for_retrain, execution_date=20240601T000000, start_date=20240812T201908, end_date=20240812T201908
[2024-08-12T20:19:08.921+0000] {standard_task_runner.py:104} ERROR - Failed to execute job 990 for task wait_for_retrain (Sensor has timed out; run duration of 653.892439 seconds exceeds the specified timeout of 600.0.; 14699)
[2024-08-12T20:19:08.944+0000] {local_task_job_runner.py:228} INFO - Task exited with return code 1
[2024-08-12T20:19:08.956+0000] {taskinstance.py:2776} INFO - 0 downstream tasks scheduled from follow-on schedule check
