[2024-08-12T16:43:53.826+0000] {taskinstance.py:1157} INFO - Dependencies all met for dep_context=non-requeueable deps ti=<TaskInstance: monthly_prediction.predict_and_save manual__2024-08-12T16:43:49.726109+00:00 [queued]>
[2024-08-12T16:43:53.830+0000] {taskinstance.py:1157} INFO - Dependencies all met for dep_context=requeueable deps ti=<TaskInstance: monthly_prediction.predict_and_save manual__2024-08-12T16:43:49.726109+00:00 [queued]>
[2024-08-12T16:43:53.830+0000] {taskinstance.py:1359} INFO - Starting attempt 1 of 1
[2024-08-12T16:43:53.835+0000] {taskinstance.py:1380} INFO - Executing <Task(_PythonDecoratedOperator): predict_and_save> on 2024-08-12 16:43:49.726109+00:00
[2024-08-12T16:43:53.839+0000] {standard_task_runner.py:57} INFO - Started process 23070 to run task
[2024-08-12T16:43:53.841+0000] {standard_task_runner.py:84} INFO - Running: ['***', 'tasks', 'run', 'monthly_prediction', 'predict_and_save', 'manual__2024-08-12T16:43:49.726109+00:00', '--job-id', '144', '--raw', '--subdir', 'DAGS_FOLDER/monthly_prediction.py', '--cfg-path', '/tmp/tmp4vrhg422']
[2024-08-12T16:43:53.843+0000] {standard_task_runner.py:85} INFO - Job 144: Subtask predict_and_save
[2024-08-12T16:43:53.865+0000] {task_command.py:415} INFO - Running <TaskInstance: monthly_prediction.predict_and_save manual__2024-08-12T16:43:49.726109+00:00 [running]> on host fa284eed0508
[2024-08-12T16:43:54.031+0000] {taskinstance.py:1660} INFO - Exporting env vars: AIRFLOW_CTX_DAG_OWNER='***' AIRFLOW_CTX_DAG_ID='monthly_prediction' AIRFLOW_CTX_TASK_ID='predict_and_save' AIRFLOW_CTX_EXECUTION_DATE='2024-08-12T16:43:49.726109+00:00' AIRFLOW_CTX_TRY_NUMBER='1' AIRFLOW_CTX_DAG_RUN_ID='manual__2024-08-12T16:43:49.726109+00:00'
[2024-08-12T16:43:54.083+0000] {logging_mixin.py:151} INFO - gs://mlflow-artifacts-bt/1/fab1118790cd421ab4d4d45e0b254b51/artifacts/models
[2024-08-12T16:43:54.589+0000] {logging_mixin.py:151} WARNING - Downloading artifacts:   0%|          | 0/9 [00:00<?, ?it/s]
[2024-08-12T16:43:54.589+0000] {logging_mixin.py:151} WARNING - Downloading artifacts:  11%|#1        | 1/9 [00:00<00:00, 19065.02it/s]
[2024-08-12T16:43:54.589+0000] {logging_mixin.py:151} WARNING - Downloading artifacts:  22%|##2       | 2/9 [00:00<00:00, 3425.32it/s] 
[2024-08-12T16:43:54.643+0000] {logging_mixin.py:151} WARNING - Downloading artifacts:  33%|###3      | 3/9 [00:00<00:00, 55.17it/s]  
[2024-08-12T16:43:54.648+0000] {logging_mixin.py:151} WARNING - Downloading artifacts:  44%|####4     | 4/9 [00:00<00:00, 68.59it/s]
[2024-08-12T16:43:54.678+0000] {logging_mixin.py:151} WARNING - Downloading artifacts:  56%|#####5    | 5/9 [00:00<00:00, 56.37it/s]
[2024-08-12T16:43:54.701+0000] {logging_mixin.py:151} WARNING - Downloading artifacts:  67%|######6   | 6/9 [00:00<00:00, 53.52it/s]
[2024-08-12T16:43:54.702+0000] {logging_mixin.py:151} WARNING - Downloading artifacts:  67%|######6   | 6/9 [00:00<00:00, 53.52it/s]
[2024-08-12T16:43:54.705+0000] {logging_mixin.py:151} WARNING - Downloading artifacts:  78%|#######7  | 7/9 [00:00<00:00, 53.52it/s]
[2024-08-12T16:43:54.733+0000] {logging_mixin.py:151} WARNING - Downloading artifacts:  89%|########8 | 8/9 [00:00<00:00, 53.52it/s]
[2024-08-12T16:43:55.662+0000] {logging_mixin.py:151} WARNING - Downloading artifacts: 100%|##########| 9/9 [00:01<00:00, 53.52it/s]
[2024-08-12T16:43:55.664+0000] {logging_mixin.py:151} WARNING - Downloading artifacts: 100%|##########| 9/9 [00:01<00:00,  8.37it/s]
[2024-08-12T16:43:55.844+0000] {logging_mixin.py:151} INFO - RandomForestClassifier version 1 loaded
[2024-08-12T16:43:56.214+0000] {python.py:194} INFO - Done. Returned value was: None
[2024-08-12T16:43:56.231+0000] {taskinstance.py:1398} INFO - Marking task as SUCCESS. dag_id=monthly_prediction, task_id=predict_and_save, execution_date=20240812T164349, start_date=20240812T164353, end_date=20240812T164356
[2024-08-12T16:43:56.260+0000] {local_task_job_runner.py:228} INFO - Task exited with return code 0
[2024-08-12T16:43:56.272+0000] {taskinstance.py:2776} INFO - 0 downstream tasks scheduled from follow-on schedule check
