[2024-08-12T16:45:18.085+0000] {taskinstance.py:1157} INFO - Dependencies all met for dep_context=non-requeueable deps ti=<TaskInstance: monthly_prediction.predict_and_save manual__2024-08-12T16:45:13.372186+00:00 [queued]>
[2024-08-12T16:45:18.089+0000] {taskinstance.py:1157} INFO - Dependencies all met for dep_context=requeueable deps ti=<TaskInstance: monthly_prediction.predict_and_save manual__2024-08-12T16:45:13.372186+00:00 [queued]>
[2024-08-12T16:45:18.089+0000] {taskinstance.py:1359} INFO - Starting attempt 1 of 1
[2024-08-12T16:45:18.094+0000] {taskinstance.py:1380} INFO - Executing <Task(_PythonDecoratedOperator): predict_and_save> on 2024-08-12 16:45:13.372186+00:00
[2024-08-12T16:45:18.098+0000] {standard_task_runner.py:57} INFO - Started process 23220 to run task
[2024-08-12T16:45:18.100+0000] {standard_task_runner.py:84} INFO - Running: ['***', 'tasks', 'run', 'monthly_prediction', 'predict_and_save', 'manual__2024-08-12T16:45:13.372186+00:00', '--job-id', '148', '--raw', '--subdir', 'DAGS_FOLDER/monthly_prediction.py', '--cfg-path', '/tmp/tmp9ivmgtq7']
[2024-08-12T16:45:18.101+0000] {standard_task_runner.py:85} INFO - Job 148: Subtask predict_and_save
[2024-08-12T16:45:18.123+0000] {task_command.py:415} INFO - Running <TaskInstance: monthly_prediction.predict_and_save manual__2024-08-12T16:45:13.372186+00:00 [running]> on host fa284eed0508
[2024-08-12T16:45:18.284+0000] {taskinstance.py:1660} INFO - Exporting env vars: AIRFLOW_CTX_DAG_OWNER='***' AIRFLOW_CTX_DAG_ID='monthly_prediction' AIRFLOW_CTX_TASK_ID='predict_and_save' AIRFLOW_CTX_EXECUTION_DATE='2024-08-12T16:45:13.372186+00:00' AIRFLOW_CTX_TRY_NUMBER='1' AIRFLOW_CTX_DAG_RUN_ID='manual__2024-08-12T16:45:13.372186+00:00'
[2024-08-12T16:45:18.341+0000] {logging_mixin.py:151} INFO - gs://mlflow-artifacts-bt/1/fab1118790cd421ab4d4d45e0b254b51/artifacts/models
[2024-08-12T16:45:19.617+0000] {logging_mixin.py:151} WARNING - Downloading artifacts:   0%|          | 0/9 [00:00<?, ?it/s]
[2024-08-12T16:45:19.617+0000] {logging_mixin.py:151} WARNING - Downloading artifacts:  11%|#1        | 1/9 [00:00<00:00, 18724.57it/s]
[2024-08-12T16:45:19.617+0000] {logging_mixin.py:151} WARNING - Downloading artifacts:  22%|##2       | 2/9 [00:00<00:00, 6610.41it/s] 
[2024-08-12T16:45:19.648+0000] {logging_mixin.py:151} WARNING - Downloading artifacts:  33%|###3      | 3/9 [00:00<00:00, 98.35it/s]  
[2024-08-12T16:45:19.660+0000] {logging_mixin.py:151} WARNING - Downloading artifacts:  44%|####4     | 4/9 [00:00<00:00, 94.57it/s]
[2024-08-12T16:45:19.684+0000] {logging_mixin.py:151} WARNING - Downloading artifacts:  56%|#####5    | 5/9 [00:00<00:00, 74.84it/s]
[2024-08-12T16:45:19.701+0000] {logging_mixin.py:151} WARNING - Downloading artifacts:  67%|######6   | 6/9 [00:00<00:00, 71.98it/s]
[2024-08-12T16:45:19.750+0000] {logging_mixin.py:151} WARNING - Downloading artifacts:  78%|#######7  | 7/9 [00:00<00:00, 52.66it/s]
[2024-08-12T16:45:19.752+0000] {logging_mixin.py:151} WARNING - Downloading artifacts:  78%|#######7  | 7/9 [00:00<00:00, 52.66it/s]
[2024-08-12T16:45:19.791+0000] {logging_mixin.py:151} WARNING - Downloading artifacts:  89%|########8 | 8/9 [00:00<00:00, 52.66it/s]
[2024-08-12T16:45:20.665+0000] {logging_mixin.py:151} WARNING - Downloading artifacts: 100%|##########| 9/9 [00:01<00:00, 52.66it/s]
[2024-08-12T16:45:20.666+0000] {logging_mixin.py:151} WARNING - Downloading artifacts: 100%|##########| 9/9 [00:01<00:00,  8.58it/s]
[2024-08-12T16:45:20.834+0000] {logging_mixin.py:151} INFO - RandomForestClassifier version 1 loaded
[2024-08-12T16:45:22.220+0000] {python.py:194} INFO - Done. Returned value was: None
[2024-08-12T16:45:22.231+0000] {taskinstance.py:1398} INFO - Marking task as SUCCESS. dag_id=monthly_prediction, task_id=predict_and_save, execution_date=20240812T164513, start_date=20240812T164518, end_date=20240812T164522
[2024-08-12T16:45:22.277+0000] {local_task_job_runner.py:228} INFO - Task exited with return code 0
[2024-08-12T16:45:22.292+0000] {taskinstance.py:2776} INFO - 0 downstream tasks scheduled from follow-on schedule check
