[2024-08-12T18:13:52.882+0000] {taskinstance.py:1157} INFO - Dependencies all met for dep_context=non-requeueable deps ti=<TaskInstance: monthly_prediction.wait_for_retrain scheduled__2024-02-01T00:00:00+00:00 [queued]>
[2024-08-12T18:13:53.049+0000] {taskinstance.py:1157} INFO - Dependencies all met for dep_context=requeueable deps ti=<TaskInstance: monthly_prediction.wait_for_retrain scheduled__2024-02-01T00:00:00+00:00 [queued]>
[2024-08-12T18:13:53.051+0000] {taskinstance.py:1359} INFO - Starting attempt 1 of 1
[2024-08-12T18:13:53.190+0000] {taskinstance.py:1380} INFO - Executing <Task(ExternalTaskSensor): wait_for_retrain> on 2024-02-01 00:00:00+00:00
[2024-08-12T18:13:54.059+0000] {standard_task_runner.py:57} INFO - Started process 9295 to run task
[2024-08-12T18:13:54.150+0000] {standard_task_runner.py:84} INFO - Running: ['***', 'tasks', 'run', 'monthly_prediction', 'wait_for_retrain', 'scheduled__2024-02-01T00:00:00+00:00', '--job-id', '266', '--raw', '--subdir', 'DAGS_FOLDER/monthly_prediction.py', '--cfg-path', '/tmp/tmpiu17g3gi']
[2024-08-12T18:13:54.210+0000] {standard_task_runner.py:85} INFO - Job 266: Subtask wait_for_retrain
[2024-08-12T18:13:54.752+0000] {task_command.py:415} INFO - Running <TaskInstance: monthly_prediction.wait_for_retrain scheduled__2024-02-01T00:00:00+00:00 [running]> on host a9166c5dc5ae
[2024-08-12T18:13:55.608+0000] {taskinstance.py:1660} INFO - Exporting env vars: AIRFLOW_CTX_DAG_OWNER='***' AIRFLOW_CTX_DAG_ID='monthly_prediction' AIRFLOW_CTX_TASK_ID='wait_for_retrain' AIRFLOW_CTX_EXECUTION_DATE='2024-02-01T00:00:00+00:00' AIRFLOW_CTX_TRY_NUMBER='1' AIRFLOW_CTX_DAG_RUN_ID='scheduled__2024-02-01T00:00:00+00:00'
[2024-08-12T18:13:55.712+0000] {external_task.py:244} INFO - Poking for tasks ['optimize_and_register_best_classifier'] in dag quarterly_retrain on 2024-01-31T00:00:00+00:00 ... 
[2024-08-12T18:13:55.956+0000] {taskinstance.py:1895} INFO - Rescheduling task, marking task as UP_FOR_RESCHEDULE
[2024-08-12T18:13:56.025+0000] {local_task_job_runner.py:228} INFO - Task exited with return code 0
[2024-08-12T18:13:56.190+0000] {taskinstance.py:2776} INFO - 0 downstream tasks scheduled from follow-on schedule check
[2024-08-12T18:14:57.259+0000] {taskinstance.py:1157} INFO - Dependencies all met for dep_context=non-requeueable deps ti=<TaskInstance: monthly_prediction.wait_for_retrain scheduled__2024-02-01T00:00:00+00:00 [queued]>
[2024-08-12T18:14:57.263+0000] {taskinstance.py:1157} INFO - Dependencies all met for dep_context=requeueable deps ti=<TaskInstance: monthly_prediction.wait_for_retrain scheduled__2024-02-01T00:00:00+00:00 [queued]>
[2024-08-12T18:14:57.263+0000] {taskinstance.py:1359} INFO - Starting attempt 1 of 1
[2024-08-12T18:14:57.269+0000] {taskinstance.py:1380} INFO - Executing <Task(ExternalTaskSensor): wait_for_retrain> on 2024-02-01 00:00:00+00:00
[2024-08-12T18:14:57.273+0000] {standard_task_runner.py:57} INFO - Started process 9898 to run task
[2024-08-12T18:14:57.275+0000] {standard_task_runner.py:84} INFO - Running: ['***', 'tasks', 'run', 'monthly_prediction', 'wait_for_retrain', 'scheduled__2024-02-01T00:00:00+00:00', '--job-id', '297', '--raw', '--subdir', 'DAGS_FOLDER/monthly_prediction.py', '--cfg-path', '/tmp/tmp2wyw7mc8']
[2024-08-12T18:14:57.277+0000] {standard_task_runner.py:85} INFO - Job 297: Subtask wait_for_retrain
[2024-08-12T18:14:57.303+0000] {task_command.py:415} INFO - Running <TaskInstance: monthly_prediction.wait_for_retrain scheduled__2024-02-01T00:00:00+00:00 [running]> on host a9166c5dc5ae
[2024-08-12T18:14:57.351+0000] {taskinstance.py:1660} INFO - Exporting env vars: AIRFLOW_CTX_DAG_OWNER='***' AIRFLOW_CTX_DAG_ID='monthly_prediction' AIRFLOW_CTX_TASK_ID='wait_for_retrain' AIRFLOW_CTX_EXECUTION_DATE='2024-02-01T00:00:00+00:00' AIRFLOW_CTX_TRY_NUMBER='1' AIRFLOW_CTX_DAG_RUN_ID='scheduled__2024-02-01T00:00:00+00:00'
[2024-08-12T18:14:57.385+0000] {external_task.py:244} INFO - Poking for tasks ['optimize_and_register_best_classifier'] in dag quarterly_retrain on 2024-01-31T00:00:00+00:00 ... 
[2024-08-12T18:14:57.417+0000] {taskinstance.py:1895} INFO - Rescheduling task, marking task as UP_FOR_RESCHEDULE
[2024-08-12T18:14:57.458+0000] {local_task_job_runner.py:228} INFO - Task exited with return code 0
[2024-08-12T18:14:57.468+0000] {taskinstance.py:2776} INFO - 0 downstream tasks scheduled from follow-on schedule check
[2024-08-12T18:16:00.210+0000] {taskinstance.py:1157} INFO - Dependencies all met for dep_context=non-requeueable deps ti=<TaskInstance: monthly_prediction.wait_for_retrain scheduled__2024-02-01T00:00:00+00:00 [queued]>
[2024-08-12T18:16:00.215+0000] {taskinstance.py:1157} INFO - Dependencies all met for dep_context=requeueable deps ti=<TaskInstance: monthly_prediction.wait_for_retrain scheduled__2024-02-01T00:00:00+00:00 [queued]>
[2024-08-12T18:16:00.215+0000] {taskinstance.py:1359} INFO - Starting attempt 1 of 1
[2024-08-12T18:16:00.224+0000] {taskinstance.py:1380} INFO - Executing <Task(ExternalTaskSensor): wait_for_retrain> on 2024-02-01 00:00:00+00:00
[2024-08-12T18:16:00.232+0000] {standard_task_runner.py:57} INFO - Started process 10489 to run task
[2024-08-12T18:16:00.235+0000] {standard_task_runner.py:84} INFO - Running: ['***', 'tasks', 'run', 'monthly_prediction', 'wait_for_retrain', 'scheduled__2024-02-01T00:00:00+00:00', '--job-id', '304', '--raw', '--subdir', 'DAGS_FOLDER/monthly_prediction.py', '--cfg-path', '/tmp/tmpends6ci4']
[2024-08-12T18:16:00.238+0000] {standard_task_runner.py:85} INFO - Job 304: Subtask wait_for_retrain
[2024-08-12T18:16:00.284+0000] {task_command.py:415} INFO - Running <TaskInstance: monthly_prediction.wait_for_retrain scheduled__2024-02-01T00:00:00+00:00 [running]> on host a9166c5dc5ae
[2024-08-12T18:16:00.365+0000] {taskinstance.py:1660} INFO - Exporting env vars: AIRFLOW_CTX_DAG_OWNER='***' AIRFLOW_CTX_DAG_ID='monthly_prediction' AIRFLOW_CTX_TASK_ID='wait_for_retrain' AIRFLOW_CTX_EXECUTION_DATE='2024-02-01T00:00:00+00:00' AIRFLOW_CTX_TRY_NUMBER='1' AIRFLOW_CTX_DAG_RUN_ID='scheduled__2024-02-01T00:00:00+00:00'
[2024-08-12T18:16:00.373+0000] {external_task.py:244} INFO - Poking for tasks ['optimize_and_register_best_classifier'] in dag quarterly_retrain on 2024-01-31T00:00:00+00:00 ... 
[2024-08-12T18:16:00.387+0000] {taskinstance.py:1895} INFO - Rescheduling task, marking task as UP_FOR_RESCHEDULE
[2024-08-12T18:16:00.415+0000] {local_task_job_runner.py:228} INFO - Task exited with return code 0
[2024-08-12T18:16:00.426+0000] {taskinstance.py:2776} INFO - 0 downstream tasks scheduled from follow-on schedule check
[2024-08-12T18:17:01.956+0000] {taskinstance.py:1157} INFO - Dependencies all met for dep_context=non-requeueable deps ti=<TaskInstance: monthly_prediction.wait_for_retrain scheduled__2024-02-01T00:00:00+00:00 [queued]>
[2024-08-12T18:17:01.960+0000] {taskinstance.py:1157} INFO - Dependencies all met for dep_context=requeueable deps ti=<TaskInstance: monthly_prediction.wait_for_retrain scheduled__2024-02-01T00:00:00+00:00 [queued]>
[2024-08-12T18:17:01.960+0000] {taskinstance.py:1359} INFO - Starting attempt 1 of 1
[2024-08-12T18:17:01.966+0000] {taskinstance.py:1380} INFO - Executing <Task(ExternalTaskSensor): wait_for_retrain> on 2024-02-01 00:00:00+00:00
[2024-08-12T18:17:01.971+0000] {standard_task_runner.py:57} INFO - Started process 10983 to run task
[2024-08-12T18:17:01.972+0000] {standard_task_runner.py:84} INFO - Running: ['***', 'tasks', 'run', 'monthly_prediction', 'wait_for_retrain', 'scheduled__2024-02-01T00:00:00+00:00', '--job-id', '310', '--raw', '--subdir', 'DAGS_FOLDER/monthly_prediction.py', '--cfg-path', '/tmp/tmpmbytn8_n']
[2024-08-12T18:17:01.974+0000] {standard_task_runner.py:85} INFO - Job 310: Subtask wait_for_retrain
[2024-08-12T18:17:02.000+0000] {task_command.py:415} INFO - Running <TaskInstance: monthly_prediction.wait_for_retrain scheduled__2024-02-01T00:00:00+00:00 [running]> on host a9166c5dc5ae
[2024-08-12T18:17:02.033+0000] {taskinstance.py:1660} INFO - Exporting env vars: AIRFLOW_CTX_DAG_OWNER='***' AIRFLOW_CTX_DAG_ID='monthly_prediction' AIRFLOW_CTX_TASK_ID='wait_for_retrain' AIRFLOW_CTX_EXECUTION_DATE='2024-02-01T00:00:00+00:00' AIRFLOW_CTX_TRY_NUMBER='1' AIRFLOW_CTX_DAG_RUN_ID='scheduled__2024-02-01T00:00:00+00:00'
[2024-08-12T18:17:02.038+0000] {external_task.py:244} INFO - Poking for tasks ['optimize_and_register_best_classifier'] in dag quarterly_retrain on 2024-01-31T00:00:00+00:00 ... 
[2024-08-12T18:17:02.051+0000] {taskinstance.py:1895} INFO - Rescheduling task, marking task as UP_FOR_RESCHEDULE
[2024-08-12T18:17:02.069+0000] {local_task_job_runner.py:228} INFO - Task exited with return code 0
[2024-08-12T18:17:02.077+0000] {taskinstance.py:2776} INFO - 0 downstream tasks scheduled from follow-on schedule check
[2024-08-12T18:18:03.755+0000] {taskinstance.py:1157} INFO - Dependencies all met for dep_context=non-requeueable deps ti=<TaskInstance: monthly_prediction.wait_for_retrain scheduled__2024-02-01T00:00:00+00:00 [queued]>
[2024-08-12T18:18:03.758+0000] {taskinstance.py:1157} INFO - Dependencies all met for dep_context=requeueable deps ti=<TaskInstance: monthly_prediction.wait_for_retrain scheduled__2024-02-01T00:00:00+00:00 [queued]>
[2024-08-12T18:18:03.759+0000] {taskinstance.py:1359} INFO - Starting attempt 1 of 1
[2024-08-12T18:18:03.765+0000] {taskinstance.py:1380} INFO - Executing <Task(ExternalTaskSensor): wait_for_retrain> on 2024-02-01 00:00:00+00:00
[2024-08-12T18:18:03.769+0000] {standard_task_runner.py:57} INFO - Started process 11135 to run task
[2024-08-12T18:18:03.771+0000] {standard_task_runner.py:84} INFO - Running: ['***', 'tasks', 'run', 'monthly_prediction', 'wait_for_retrain', 'scheduled__2024-02-01T00:00:00+00:00', '--job-id', '316', '--raw', '--subdir', 'DAGS_FOLDER/monthly_prediction.py', '--cfg-path', '/tmp/tmpuzd1vky9']
[2024-08-12T18:18:03.773+0000] {standard_task_runner.py:85} INFO - Job 316: Subtask wait_for_retrain
[2024-08-12T18:18:03.800+0000] {task_command.py:415} INFO - Running <TaskInstance: monthly_prediction.wait_for_retrain scheduled__2024-02-01T00:00:00+00:00 [running]> on host a9166c5dc5ae
[2024-08-12T18:18:03.834+0000] {taskinstance.py:1660} INFO - Exporting env vars: AIRFLOW_CTX_DAG_OWNER='***' AIRFLOW_CTX_DAG_ID='monthly_prediction' AIRFLOW_CTX_TASK_ID='wait_for_retrain' AIRFLOW_CTX_EXECUTION_DATE='2024-02-01T00:00:00+00:00' AIRFLOW_CTX_TRY_NUMBER='1' AIRFLOW_CTX_DAG_RUN_ID='scheduled__2024-02-01T00:00:00+00:00'
[2024-08-12T18:18:03.840+0000] {external_task.py:244} INFO - Poking for tasks ['optimize_and_register_best_classifier'] in dag quarterly_retrain on 2024-01-31T00:00:00+00:00 ... 
[2024-08-12T18:18:03.854+0000] {taskinstance.py:1895} INFO - Rescheduling task, marking task as UP_FOR_RESCHEDULE
[2024-08-12T18:18:03.868+0000] {local_task_job_runner.py:228} INFO - Task exited with return code 0
[2024-08-12T18:18:03.882+0000] {taskinstance.py:2776} INFO - 0 downstream tasks scheduled from follow-on schedule check
[2024-08-12T18:19:05.476+0000] {taskinstance.py:1157} INFO - Dependencies all met for dep_context=non-requeueable deps ti=<TaskInstance: monthly_prediction.wait_for_retrain scheduled__2024-02-01T00:00:00+00:00 [queued]>
[2024-08-12T18:19:05.480+0000] {taskinstance.py:1157} INFO - Dependencies all met for dep_context=requeueable deps ti=<TaskInstance: monthly_prediction.wait_for_retrain scheduled__2024-02-01T00:00:00+00:00 [queued]>
[2024-08-12T18:19:05.481+0000] {taskinstance.py:1359} INFO - Starting attempt 1 of 1
[2024-08-12T18:19:05.486+0000] {taskinstance.py:1380} INFO - Executing <Task(ExternalTaskSensor): wait_for_retrain> on 2024-02-01 00:00:00+00:00
[2024-08-12T18:19:05.491+0000] {standard_task_runner.py:57} INFO - Started process 11287 to run task
[2024-08-12T18:19:05.493+0000] {standard_task_runner.py:84} INFO - Running: ['***', 'tasks', 'run', 'monthly_prediction', 'wait_for_retrain', 'scheduled__2024-02-01T00:00:00+00:00', '--job-id', '322', '--raw', '--subdir', 'DAGS_FOLDER/monthly_prediction.py', '--cfg-path', '/tmp/tmphuyxhruc']
[2024-08-12T18:19:05.495+0000] {standard_task_runner.py:85} INFO - Job 322: Subtask wait_for_retrain
[2024-08-12T18:19:05.523+0000] {task_command.py:415} INFO - Running <TaskInstance: monthly_prediction.wait_for_retrain scheduled__2024-02-01T00:00:00+00:00 [running]> on host a9166c5dc5ae
[2024-08-12T18:19:05.559+0000] {taskinstance.py:1660} INFO - Exporting env vars: AIRFLOW_CTX_DAG_OWNER='***' AIRFLOW_CTX_DAG_ID='monthly_prediction' AIRFLOW_CTX_TASK_ID='wait_for_retrain' AIRFLOW_CTX_EXECUTION_DATE='2024-02-01T00:00:00+00:00' AIRFLOW_CTX_TRY_NUMBER='1' AIRFLOW_CTX_DAG_RUN_ID='scheduled__2024-02-01T00:00:00+00:00'
[2024-08-12T18:19:05.565+0000] {external_task.py:244} INFO - Poking for tasks ['optimize_and_register_best_classifier'] in dag quarterly_retrain on 2024-01-31T00:00:00+00:00 ... 
[2024-08-12T18:19:05.580+0000] {taskinstance.py:1895} INFO - Rescheduling task, marking task as UP_FOR_RESCHEDULE
[2024-08-12T18:19:05.595+0000] {local_task_job_runner.py:228} INFO - Task exited with return code 0
[2024-08-12T18:19:05.605+0000] {taskinstance.py:2776} INFO - 0 downstream tasks scheduled from follow-on schedule check
[2024-08-12T18:20:07.043+0000] {taskinstance.py:1157} INFO - Dependencies all met for dep_context=non-requeueable deps ti=<TaskInstance: monthly_prediction.wait_for_retrain scheduled__2024-02-01T00:00:00+00:00 [queued]>
[2024-08-12T18:20:07.047+0000] {taskinstance.py:1157} INFO - Dependencies all met for dep_context=requeueable deps ti=<TaskInstance: monthly_prediction.wait_for_retrain scheduled__2024-02-01T00:00:00+00:00 [queued]>
[2024-08-12T18:20:07.047+0000] {taskinstance.py:1359} INFO - Starting attempt 1 of 1
[2024-08-12T18:20:07.052+0000] {taskinstance.py:1380} INFO - Executing <Task(ExternalTaskSensor): wait_for_retrain> on 2024-02-01 00:00:00+00:00
[2024-08-12T18:20:07.056+0000] {standard_task_runner.py:57} INFO - Started process 11438 to run task
[2024-08-12T18:20:07.058+0000] {standard_task_runner.py:84} INFO - Running: ['***', 'tasks', 'run', 'monthly_prediction', 'wait_for_retrain', 'scheduled__2024-02-01T00:00:00+00:00', '--job-id', '328', '--raw', '--subdir', 'DAGS_FOLDER/monthly_prediction.py', '--cfg-path', '/tmp/tmp7k3f99en']
[2024-08-12T18:20:07.060+0000] {standard_task_runner.py:85} INFO - Job 328: Subtask wait_for_retrain
[2024-08-12T18:20:07.085+0000] {task_command.py:415} INFO - Running <TaskInstance: monthly_prediction.wait_for_retrain scheduled__2024-02-01T00:00:00+00:00 [running]> on host a9166c5dc5ae
[2024-08-12T18:20:07.118+0000] {taskinstance.py:1660} INFO - Exporting env vars: AIRFLOW_CTX_DAG_OWNER='***' AIRFLOW_CTX_DAG_ID='monthly_prediction' AIRFLOW_CTX_TASK_ID='wait_for_retrain' AIRFLOW_CTX_EXECUTION_DATE='2024-02-01T00:00:00+00:00' AIRFLOW_CTX_TRY_NUMBER='1' AIRFLOW_CTX_DAG_RUN_ID='scheduled__2024-02-01T00:00:00+00:00'
[2024-08-12T18:20:07.123+0000] {external_task.py:244} INFO - Poking for tasks ['optimize_and_register_best_classifier'] in dag quarterly_retrain on 2024-01-31T00:00:00+00:00 ... 
[2024-08-12T18:20:07.136+0000] {taskinstance.py:1895} INFO - Rescheduling task, marking task as UP_FOR_RESCHEDULE
[2024-08-12T18:20:07.156+0000] {local_task_job_runner.py:228} INFO - Task exited with return code 0
[2024-08-12T18:20:07.184+0000] {taskinstance.py:2776} INFO - 0 downstream tasks scheduled from follow-on schedule check
[2024-08-12T18:21:08.806+0000] {taskinstance.py:1157} INFO - Dependencies all met for dep_context=non-requeueable deps ti=<TaskInstance: monthly_prediction.wait_for_retrain scheduled__2024-02-01T00:00:00+00:00 [queued]>
[2024-08-12T18:21:08.811+0000] {taskinstance.py:1157} INFO - Dependencies all met for dep_context=requeueable deps ti=<TaskInstance: monthly_prediction.wait_for_retrain scheduled__2024-02-01T00:00:00+00:00 [queued]>
[2024-08-12T18:21:08.812+0000] {taskinstance.py:1359} INFO - Starting attempt 1 of 1
[2024-08-12T18:21:08.818+0000] {taskinstance.py:1380} INFO - Executing <Task(ExternalTaskSensor): wait_for_retrain> on 2024-02-01 00:00:00+00:00
[2024-08-12T18:21:08.825+0000] {standard_task_runner.py:57} INFO - Started process 11589 to run task
[2024-08-12T18:21:08.828+0000] {standard_task_runner.py:84} INFO - Running: ['***', 'tasks', 'run', 'monthly_prediction', 'wait_for_retrain', 'scheduled__2024-02-01T00:00:00+00:00', '--job-id', '333', '--raw', '--subdir', 'DAGS_FOLDER/monthly_prediction.py', '--cfg-path', '/tmp/tmpaoj0awkt']
[2024-08-12T18:21:08.830+0000] {standard_task_runner.py:85} INFO - Job 333: Subtask wait_for_retrain
[2024-08-12T18:21:08.872+0000] {task_command.py:415} INFO - Running <TaskInstance: monthly_prediction.wait_for_retrain scheduled__2024-02-01T00:00:00+00:00 [running]> on host a9166c5dc5ae
[2024-08-12T18:21:08.930+0000] {taskinstance.py:1660} INFO - Exporting env vars: AIRFLOW_CTX_DAG_OWNER='***' AIRFLOW_CTX_DAG_ID='monthly_prediction' AIRFLOW_CTX_TASK_ID='wait_for_retrain' AIRFLOW_CTX_EXECUTION_DATE='2024-02-01T00:00:00+00:00' AIRFLOW_CTX_TRY_NUMBER='1' AIRFLOW_CTX_DAG_RUN_ID='scheduled__2024-02-01T00:00:00+00:00'
[2024-08-12T18:21:08.943+0000] {external_task.py:244} INFO - Poking for tasks ['optimize_and_register_best_classifier'] in dag quarterly_retrain on 2024-01-31T00:00:00+00:00 ... 
[2024-08-12T18:21:08.966+0000] {taskinstance.py:1895} INFO - Rescheduling task, marking task as UP_FOR_RESCHEDULE
[2024-08-12T18:21:09.008+0000] {local_task_job_runner.py:228} INFO - Task exited with return code 0
[2024-08-12T18:21:09.017+0000] {taskinstance.py:2776} INFO - 0 downstream tasks scheduled from follow-on schedule check
[2024-08-12T18:22:11.228+0000] {taskinstance.py:1157} INFO - Dependencies all met for dep_context=non-requeueable deps ti=<TaskInstance: monthly_prediction.wait_for_retrain scheduled__2024-02-01T00:00:00+00:00 [queued]>
[2024-08-12T18:22:11.235+0000] {taskinstance.py:1157} INFO - Dependencies all met for dep_context=requeueable deps ti=<TaskInstance: monthly_prediction.wait_for_retrain scheduled__2024-02-01T00:00:00+00:00 [queued]>
[2024-08-12T18:22:11.235+0000] {taskinstance.py:1359} INFO - Starting attempt 1 of 1
[2024-08-12T18:22:11.245+0000] {taskinstance.py:1380} INFO - Executing <Task(ExternalTaskSensor): wait_for_retrain> on 2024-02-01 00:00:00+00:00
[2024-08-12T18:22:11.252+0000] {standard_task_runner.py:57} INFO - Started process 11740 to run task
[2024-08-12T18:22:11.256+0000] {standard_task_runner.py:84} INFO - Running: ['***', 'tasks', 'run', 'monthly_prediction', 'wait_for_retrain', 'scheduled__2024-02-01T00:00:00+00:00', '--job-id', '340', '--raw', '--subdir', 'DAGS_FOLDER/monthly_prediction.py', '--cfg-path', '/tmp/tmpoh_wtonu']
[2024-08-12T18:22:11.260+0000] {standard_task_runner.py:85} INFO - Job 340: Subtask wait_for_retrain
[2024-08-12T18:22:11.309+0000] {task_command.py:415} INFO - Running <TaskInstance: monthly_prediction.wait_for_retrain scheduled__2024-02-01T00:00:00+00:00 [running]> on host a9166c5dc5ae
[2024-08-12T18:22:11.381+0000] {taskinstance.py:1660} INFO - Exporting env vars: AIRFLOW_CTX_DAG_OWNER='***' AIRFLOW_CTX_DAG_ID='monthly_prediction' AIRFLOW_CTX_TASK_ID='wait_for_retrain' AIRFLOW_CTX_EXECUTION_DATE='2024-02-01T00:00:00+00:00' AIRFLOW_CTX_TRY_NUMBER='1' AIRFLOW_CTX_DAG_RUN_ID='scheduled__2024-02-01T00:00:00+00:00'
[2024-08-12T18:22:11.411+0000] {external_task.py:244} INFO - Poking for tasks ['optimize_and_register_best_classifier'] in dag quarterly_retrain on 2024-01-31T00:00:00+00:00 ... 
[2024-08-12T18:22:11.446+0000] {taskinstance.py:1895} INFO - Rescheduling task, marking task as UP_FOR_RESCHEDULE
[2024-08-12T18:22:11.477+0000] {local_task_job_runner.py:228} INFO - Task exited with return code 0
[2024-08-12T18:22:11.498+0000] {taskinstance.py:2776} INFO - 0 downstream tasks scheduled from follow-on schedule check
[2024-08-12T18:23:13.383+0000] {taskinstance.py:1157} INFO - Dependencies all met for dep_context=non-requeueable deps ti=<TaskInstance: monthly_prediction.wait_for_retrain scheduled__2024-02-01T00:00:00+00:00 [queued]>
[2024-08-12T18:23:13.387+0000] {taskinstance.py:1157} INFO - Dependencies all met for dep_context=requeueable deps ti=<TaskInstance: monthly_prediction.wait_for_retrain scheduled__2024-02-01T00:00:00+00:00 [queued]>
[2024-08-12T18:23:13.387+0000] {taskinstance.py:1359} INFO - Starting attempt 1 of 1
[2024-08-12T18:23:13.392+0000] {taskinstance.py:1380} INFO - Executing <Task(ExternalTaskSensor): wait_for_retrain> on 2024-02-01 00:00:00+00:00
[2024-08-12T18:23:13.398+0000] {standard_task_runner.py:57} INFO - Started process 11880 to run task
[2024-08-12T18:23:13.400+0000] {standard_task_runner.py:84} INFO - Running: ['***', 'tasks', 'run', 'monthly_prediction', 'wait_for_retrain', 'scheduled__2024-02-01T00:00:00+00:00', '--job-id', '345', '--raw', '--subdir', 'DAGS_FOLDER/monthly_prediction.py', '--cfg-path', '/tmp/tmpcibt1_al']
[2024-08-12T18:23:13.403+0000] {standard_task_runner.py:85} INFO - Job 345: Subtask wait_for_retrain
[2024-08-12T18:23:13.438+0000] {task_command.py:415} INFO - Running <TaskInstance: monthly_prediction.wait_for_retrain scheduled__2024-02-01T00:00:00+00:00 [running]> on host a9166c5dc5ae
[2024-08-12T18:23:13.488+0000] {taskinstance.py:1660} INFO - Exporting env vars: AIRFLOW_CTX_DAG_OWNER='***' AIRFLOW_CTX_DAG_ID='monthly_prediction' AIRFLOW_CTX_TASK_ID='wait_for_retrain' AIRFLOW_CTX_EXECUTION_DATE='2024-02-01T00:00:00+00:00' AIRFLOW_CTX_TRY_NUMBER='1' AIRFLOW_CTX_DAG_RUN_ID='scheduled__2024-02-01T00:00:00+00:00'
[2024-08-12T18:23:13.494+0000] {external_task.py:244} INFO - Poking for tasks ['optimize_and_register_best_classifier'] in dag quarterly_retrain on 2024-01-31T00:00:00+00:00 ... 
[2024-08-12T18:23:13.512+0000] {taskinstance.py:1895} INFO - Rescheduling task, marking task as UP_FOR_RESCHEDULE
[2024-08-12T18:23:13.541+0000] {local_task_job_runner.py:228} INFO - Task exited with return code 0
[2024-08-12T18:23:13.552+0000] {taskinstance.py:2776} INFO - 0 downstream tasks scheduled from follow-on schedule check
[2024-08-12T18:24:15.496+0000] {taskinstance.py:1157} INFO - Dependencies all met for dep_context=non-requeueable deps ti=<TaskInstance: monthly_prediction.wait_for_retrain scheduled__2024-02-01T00:00:00+00:00 [queued]>
[2024-08-12T18:24:15.502+0000] {taskinstance.py:1157} INFO - Dependencies all met for dep_context=requeueable deps ti=<TaskInstance: monthly_prediction.wait_for_retrain scheduled__2024-02-01T00:00:00+00:00 [queued]>
[2024-08-12T18:24:15.503+0000] {taskinstance.py:1359} INFO - Starting attempt 1 of 1
[2024-08-12T18:24:15.532+0000] {taskinstance.py:1380} INFO - Executing <Task(ExternalTaskSensor): wait_for_retrain> on 2024-02-01 00:00:00+00:00
[2024-08-12T18:24:15.542+0000] {standard_task_runner.py:57} INFO - Started process 12034 to run task
[2024-08-12T18:24:15.547+0000] {standard_task_runner.py:84} INFO - Running: ['***', 'tasks', 'run', 'monthly_prediction', 'wait_for_retrain', 'scheduled__2024-02-01T00:00:00+00:00', '--job-id', '352', '--raw', '--subdir', 'DAGS_FOLDER/monthly_prediction.py', '--cfg-path', '/tmp/tmpdb49kjv7']
[2024-08-12T18:24:15.551+0000] {standard_task_runner.py:85} INFO - Job 352: Subtask wait_for_retrain
[2024-08-12T18:24:15.620+0000] {task_command.py:415} INFO - Running <TaskInstance: monthly_prediction.wait_for_retrain scheduled__2024-02-01T00:00:00+00:00 [running]> on host a9166c5dc5ae
[2024-08-12T18:24:15.698+0000] {taskinstance.py:1660} INFO - Exporting env vars: AIRFLOW_CTX_DAG_OWNER='***' AIRFLOW_CTX_DAG_ID='monthly_prediction' AIRFLOW_CTX_TASK_ID='wait_for_retrain' AIRFLOW_CTX_EXECUTION_DATE='2024-02-01T00:00:00+00:00' AIRFLOW_CTX_TRY_NUMBER='1' AIRFLOW_CTX_DAG_RUN_ID='scheduled__2024-02-01T00:00:00+00:00'
[2024-08-12T18:24:15.713+0000] {external_task.py:244} INFO - Poking for tasks ['optimize_and_register_best_classifier'] in dag quarterly_retrain on 2024-01-31T00:00:00+00:00 ... 
[2024-08-12T18:24:15.725+0000] {taskinstance.py:1935} ERROR - Task failed with exception
Traceback (most recent call last):
  File "/home/airflow/.local/lib/python3.8/site-packages/airflow/sensors/external_task.py", line 334, in execute
    super().execute(context)
  File "/home/airflow/.local/lib/python3.8/site-packages/airflow/sensors/base.py", line 274, in execute
    raise AirflowSensorTimeout(message)
airflow.exceptions.AirflowSensorTimeout: Sensor has timed out; run duration of 620.650634 seconds exceeds the specified timeout of 600.0.
[2024-08-12T18:24:15.736+0000] {taskinstance.py:1398} INFO - Immediate failure requested. Marking task as FAILED. dag_id=monthly_prediction, task_id=wait_for_retrain, execution_date=20240201T000000, start_date=20240812T182415, end_date=20240812T182415
[2024-08-12T18:24:15.747+0000] {standard_task_runner.py:104} ERROR - Failed to execute job 352 for task wait_for_retrain (Sensor has timed out; run duration of 620.650634 seconds exceeds the specified timeout of 600.0.; 12034)
[2024-08-12T18:24:15.769+0000] {local_task_job_runner.py:228} INFO - Task exited with return code 1
[2024-08-12T18:24:15.781+0000] {taskinstance.py:2776} INFO - 0 downstream tasks scheduled from follow-on schedule check
[2024-08-12T19:18:36.454+0000] {taskinstance.py:1157} INFO - Dependencies all met for dep_context=non-requeueable deps ti=<TaskInstance: monthly_prediction.wait_for_retrain scheduled__2024-02-01T00:00:00+00:00 [queued]>
[2024-08-12T19:18:36.671+0000] {taskinstance.py:1157} INFO - Dependencies all met for dep_context=requeueable deps ti=<TaskInstance: monthly_prediction.wait_for_retrain scheduled__2024-02-01T00:00:00+00:00 [queued]>
[2024-08-12T19:18:36.679+0000] {taskinstance.py:1359} INFO - Starting attempt 1 of 1
[2024-08-12T19:18:36.833+0000] {taskinstance.py:1380} INFO - Executing <Task(ExternalTaskSensor): wait_for_retrain> on 2024-02-01 00:00:00+00:00
[2024-08-12T19:18:37.052+0000] {standard_task_runner.py:57} INFO - Started process 3353 to run task
[2024-08-12T19:18:37.319+0000] {standard_task_runner.py:84} INFO - Running: ['***', 'tasks', 'run', 'monthly_prediction', 'wait_for_retrain', 'scheduled__2024-02-01T00:00:00+00:00', '--job-id', '434', '--raw', '--subdir', 'DAGS_FOLDER/monthly_prediction.py', '--cfg-path', '/tmp/tmpjpqu7en6']
[2024-08-12T19:18:37.511+0000] {standard_task_runner.py:85} INFO - Job 434: Subtask wait_for_retrain
[2024-08-12T19:18:49.354+0000] {task_command.py:415} INFO - Running <TaskInstance: monthly_prediction.wait_for_retrain scheduled__2024-02-01T00:00:00+00:00 [running]> on host a9166c5dc5ae
[2024-08-12T19:18:51.346+0000] {taskinstance.py:1660} INFO - Exporting env vars: AIRFLOW_CTX_DAG_OWNER='***' AIRFLOW_CTX_DAG_ID='monthly_prediction' AIRFLOW_CTX_TASK_ID='wait_for_retrain' AIRFLOW_CTX_EXECUTION_DATE='2024-02-01T00:00:00+00:00' AIRFLOW_CTX_TRY_NUMBER='1' AIRFLOW_CTX_DAG_RUN_ID='scheduled__2024-02-01T00:00:00+00:00'
[2024-08-12T19:18:51.554+0000] {external_task.py:244} INFO - Poking for tasks ['optimize_and_register_best_classifier'] in dag quarterly_retrain on 2024-01-31T00:00:00+00:00 ... 
[2024-08-12T19:18:51.795+0000] {taskinstance.py:1895} INFO - Rescheduling task, marking task as UP_FOR_RESCHEDULE
[2024-08-12T19:18:55.344+0000] {local_task_job_runner.py:228} INFO - Task exited with return code 0
[2024-08-12T19:18:56.161+0000] {taskinstance.py:2776} INFO - 0 downstream tasks scheduled from follow-on schedule check
[2024-08-12T19:19:53.362+0000] {taskinstance.py:1157} INFO - Dependencies all met for dep_context=non-requeueable deps ti=<TaskInstance: monthly_prediction.wait_for_retrain scheduled__2024-02-01T00:00:00+00:00 [queued]>
[2024-08-12T19:19:53.366+0000] {taskinstance.py:1157} INFO - Dependencies all met for dep_context=requeueable deps ti=<TaskInstance: monthly_prediction.wait_for_retrain scheduled__2024-02-01T00:00:00+00:00 [queued]>
[2024-08-12T19:19:53.366+0000] {taskinstance.py:1359} INFO - Starting attempt 1 of 1
[2024-08-12T19:19:53.372+0000] {taskinstance.py:1380} INFO - Executing <Task(ExternalTaskSensor): wait_for_retrain> on 2024-02-01 00:00:00+00:00
[2024-08-12T19:19:53.377+0000] {standard_task_runner.py:57} INFO - Started process 3782 to run task
[2024-08-12T19:19:53.379+0000] {standard_task_runner.py:84} INFO - Running: ['***', 'tasks', 'run', 'monthly_prediction', 'wait_for_retrain', 'scheduled__2024-02-01T00:00:00+00:00', '--job-id', '462', '--raw', '--subdir', 'DAGS_FOLDER/monthly_prediction.py', '--cfg-path', '/tmp/tmp2e1s9034']
[2024-08-12T19:19:53.381+0000] {standard_task_runner.py:85} INFO - Job 462: Subtask wait_for_retrain
[2024-08-12T19:19:53.668+0000] {task_command.py:415} INFO - Running <TaskInstance: monthly_prediction.wait_for_retrain scheduled__2024-02-01T00:00:00+00:00 [running]> on host a9166c5dc5ae
[2024-08-12T19:19:53.716+0000] {taskinstance.py:1660} INFO - Exporting env vars: AIRFLOW_CTX_DAG_OWNER='***' AIRFLOW_CTX_DAG_ID='monthly_prediction' AIRFLOW_CTX_TASK_ID='wait_for_retrain' AIRFLOW_CTX_EXECUTION_DATE='2024-02-01T00:00:00+00:00' AIRFLOW_CTX_TRY_NUMBER='1' AIRFLOW_CTX_DAG_RUN_ID='scheduled__2024-02-01T00:00:00+00:00'
[2024-08-12T19:19:53.722+0000] {external_task.py:244} INFO - Poking for tasks ['optimize_and_register_best_classifier'] in dag quarterly_retrain on 2024-01-31T00:00:00+00:00 ... 
[2024-08-12T19:19:53.738+0000] {taskinstance.py:1895} INFO - Rescheduling task, marking task as UP_FOR_RESCHEDULE
[2024-08-12T19:19:53.779+0000] {local_task_job_runner.py:228} INFO - Task exited with return code 0
[2024-08-12T19:19:53.793+0000] {taskinstance.py:2776} INFO - 0 downstream tasks scheduled from follow-on schedule check
[2024-08-12T19:20:55.696+0000] {taskinstance.py:1157} INFO - Dependencies all met for dep_context=non-requeueable deps ti=<TaskInstance: monthly_prediction.wait_for_retrain scheduled__2024-02-01T00:00:00+00:00 [queued]>
[2024-08-12T19:20:55.699+0000] {taskinstance.py:1157} INFO - Dependencies all met for dep_context=requeueable deps ti=<TaskInstance: monthly_prediction.wait_for_retrain scheduled__2024-02-01T00:00:00+00:00 [queued]>
[2024-08-12T19:20:55.699+0000] {taskinstance.py:1359} INFO - Starting attempt 1 of 1
[2024-08-12T19:20:55.705+0000] {taskinstance.py:1380} INFO - Executing <Task(ExternalTaskSensor): wait_for_retrain> on 2024-02-01 00:00:00+00:00
[2024-08-12T19:20:55.709+0000] {standard_task_runner.py:57} INFO - Started process 3954 to run task
[2024-08-12T19:20:55.711+0000] {standard_task_runner.py:84} INFO - Running: ['***', 'tasks', 'run', 'monthly_prediction', 'wait_for_retrain', 'scheduled__2024-02-01T00:00:00+00:00', '--job-id', '470', '--raw', '--subdir', 'DAGS_FOLDER/monthly_prediction.py', '--cfg-path', '/tmp/tmpfyxkgjyr']
[2024-08-12T19:20:55.713+0000] {standard_task_runner.py:85} INFO - Job 470: Subtask wait_for_retrain
[2024-08-12T19:20:55.862+0000] {task_command.py:415} INFO - Running <TaskInstance: monthly_prediction.wait_for_retrain scheduled__2024-02-01T00:00:00+00:00 [running]> on host a9166c5dc5ae
[2024-08-12T19:20:55.895+0000] {taskinstance.py:1660} INFO - Exporting env vars: AIRFLOW_CTX_DAG_OWNER='***' AIRFLOW_CTX_DAG_ID='monthly_prediction' AIRFLOW_CTX_TASK_ID='wait_for_retrain' AIRFLOW_CTX_EXECUTION_DATE='2024-02-01T00:00:00+00:00' AIRFLOW_CTX_TRY_NUMBER='1' AIRFLOW_CTX_DAG_RUN_ID='scheduled__2024-02-01T00:00:00+00:00'
[2024-08-12T19:20:55.900+0000] {external_task.py:244} INFO - Poking for tasks ['optimize_and_register_best_classifier'] in dag quarterly_retrain on 2024-01-31T00:00:00+00:00 ... 
[2024-08-12T19:20:55.914+0000] {taskinstance.py:1895} INFO - Rescheduling task, marking task as UP_FOR_RESCHEDULE
[2024-08-12T19:20:55.939+0000] {local_task_job_runner.py:228} INFO - Task exited with return code 0
[2024-08-12T19:20:55.955+0000] {taskinstance.py:2776} INFO - 0 downstream tasks scheduled from follow-on schedule check
[2024-08-12T19:45:45.529+0000] {taskinstance.py:1157} INFO - Dependencies all met for dep_context=non-requeueable deps ti=<TaskInstance: monthly_prediction.wait_for_retrain scheduled__2024-02-01T00:00:00+00:00 [queued]>
[2024-08-12T19:45:45.581+0000] {taskinstance.py:1157} INFO - Dependencies all met for dep_context=requeueable deps ti=<TaskInstance: monthly_prediction.wait_for_retrain scheduled__2024-02-01T00:00:00+00:00 [queued]>
[2024-08-12T19:45:45.587+0000] {taskinstance.py:1359} INFO - Starting attempt 1 of 1
[2024-08-12T19:45:45.696+0000] {taskinstance.py:1380} INFO - Executing <Task(ExternalTaskSensor): wait_for_retrain> on 2024-02-01 00:00:00+00:00
[2024-08-12T19:45:45.757+0000] {standard_task_runner.py:57} INFO - Started process 8130 to run task
[2024-08-12T19:45:45.826+0000] {standard_task_runner.py:84} INFO - Running: ['***', 'tasks', 'run', 'monthly_prediction', 'wait_for_retrain', 'scheduled__2024-02-01T00:00:00+00:00', '--job-id', '662', '--raw', '--subdir', 'DAGS_FOLDER/monthly_prediction.py', '--cfg-path', '/tmp/tmpwfwaikhs']
[2024-08-12T19:45:45.893+0000] {standard_task_runner.py:85} INFO - Job 662: Subtask wait_for_retrain
[2024-08-12T19:45:47.388+0000] {task_command.py:415} INFO - Running <TaskInstance: monthly_prediction.wait_for_retrain scheduled__2024-02-01T00:00:00+00:00 [running]> on host a9166c5dc5ae
[2024-08-12T19:45:47.545+0000] {taskinstance.py:1660} INFO - Exporting env vars: AIRFLOW_CTX_DAG_OWNER='***' AIRFLOW_CTX_DAG_ID='monthly_prediction' AIRFLOW_CTX_TASK_ID='wait_for_retrain' AIRFLOW_CTX_EXECUTION_DATE='2024-02-01T00:00:00+00:00' AIRFLOW_CTX_TRY_NUMBER='1' AIRFLOW_CTX_DAG_RUN_ID='scheduled__2024-02-01T00:00:00+00:00'
[2024-08-12T19:45:47.571+0000] {external_task.py:244} INFO - Poking for tasks ['optimize_and_register_best_classifier'] in dag quarterly_retrain on 2024-01-31T00:00:00+00:00 ... 
[2024-08-12T19:45:47.709+0000] {taskinstance.py:1895} INFO - Rescheduling task, marking task as UP_FOR_RESCHEDULE
[2024-08-12T19:45:47.739+0000] {local_task_job_runner.py:228} INFO - Task exited with return code 0
[2024-08-12T19:45:47.808+0000] {taskinstance.py:2776} INFO - 0 downstream tasks scheduled from follow-on schedule check
[2024-08-12T19:46:51.009+0000] {taskinstance.py:1157} INFO - Dependencies all met for dep_context=non-requeueable deps ti=<TaskInstance: monthly_prediction.wait_for_retrain scheduled__2024-02-01T00:00:00+00:00 [queued]>
[2024-08-12T19:46:51.042+0000] {taskinstance.py:1157} INFO - Dependencies all met for dep_context=requeueable deps ti=<TaskInstance: monthly_prediction.wait_for_retrain scheduled__2024-02-01T00:00:00+00:00 [queued]>
[2024-08-12T19:46:51.052+0000] {taskinstance.py:1359} INFO - Starting attempt 1 of 1
[2024-08-12T19:46:51.099+0000] {taskinstance.py:1380} INFO - Executing <Task(ExternalTaskSensor): wait_for_retrain> on 2024-02-01 00:00:00+00:00
[2024-08-12T19:46:51.122+0000] {standard_task_runner.py:57} INFO - Started process 8536 to run task
[2024-08-12T19:46:51.149+0000] {standard_task_runner.py:84} INFO - Running: ['***', 'tasks', 'run', 'monthly_prediction', 'wait_for_retrain', 'scheduled__2024-02-01T00:00:00+00:00', '--job-id', '675', '--raw', '--subdir', 'DAGS_FOLDER/monthly_prediction.py', '--cfg-path', '/tmp/tmp8zw54mc8']
[2024-08-12T19:46:51.153+0000] {standard_task_runner.py:85} INFO - Job 675: Subtask wait_for_retrain
[2024-08-12T19:46:52.124+0000] {task_command.py:415} INFO - Running <TaskInstance: monthly_prediction.wait_for_retrain scheduled__2024-02-01T00:00:00+00:00 [running]> on host a9166c5dc5ae
[2024-08-12T19:46:52.345+0000] {taskinstance.py:1660} INFO - Exporting env vars: AIRFLOW_CTX_DAG_OWNER='***' AIRFLOW_CTX_DAG_ID='monthly_prediction' AIRFLOW_CTX_TASK_ID='wait_for_retrain' AIRFLOW_CTX_EXECUTION_DATE='2024-02-01T00:00:00+00:00' AIRFLOW_CTX_TRY_NUMBER='1' AIRFLOW_CTX_DAG_RUN_ID='scheduled__2024-02-01T00:00:00+00:00'
[2024-08-12T19:46:52.407+0000] {external_task.py:244} INFO - Poking for tasks ['optimize_and_register_best_classifier'] in dag quarterly_retrain on 2024-01-31T00:00:00+00:00 ... 
[2024-08-12T19:46:52.605+0000] {taskinstance.py:1895} INFO - Rescheduling task, marking task as UP_FOR_RESCHEDULE
[2024-08-12T19:46:52.640+0000] {local_task_job_runner.py:228} INFO - Task exited with return code 0
[2024-08-12T19:46:52.801+0000] {taskinstance.py:2776} INFO - 0 downstream tasks scheduled from follow-on schedule check
[2024-08-12T19:47:54.089+0000] {taskinstance.py:1157} INFO - Dependencies all met for dep_context=non-requeueable deps ti=<TaskInstance: monthly_prediction.wait_for_retrain scheduled__2024-02-01T00:00:00+00:00 [queued]>
[2024-08-12T19:47:54.094+0000] {taskinstance.py:1157} INFO - Dependencies all met for dep_context=requeueable deps ti=<TaskInstance: monthly_prediction.wait_for_retrain scheduled__2024-02-01T00:00:00+00:00 [queued]>
[2024-08-12T19:47:54.094+0000] {taskinstance.py:1359} INFO - Starting attempt 1 of 1
[2024-08-12T19:47:54.102+0000] {taskinstance.py:1380} INFO - Executing <Task(ExternalTaskSensor): wait_for_retrain> on 2024-02-01 00:00:00+00:00
[2024-08-12T19:47:54.109+0000] {standard_task_runner.py:57} INFO - Started process 8827 to run task
[2024-08-12T19:47:54.113+0000] {standard_task_runner.py:84} INFO - Running: ['***', 'tasks', 'run', 'monthly_prediction', 'wait_for_retrain', 'scheduled__2024-02-01T00:00:00+00:00', '--job-id', '694', '--raw', '--subdir', 'DAGS_FOLDER/monthly_prediction.py', '--cfg-path', '/tmp/tmp30wmvhvp']
[2024-08-12T19:47:54.117+0000] {standard_task_runner.py:85} INFO - Job 694: Subtask wait_for_retrain
[2024-08-12T19:47:54.473+0000] {task_command.py:415} INFO - Running <TaskInstance: monthly_prediction.wait_for_retrain scheduled__2024-02-01T00:00:00+00:00 [running]> on host a9166c5dc5ae
[2024-08-12T19:47:54.545+0000] {taskinstance.py:1660} INFO - Exporting env vars: AIRFLOW_CTX_DAG_OWNER='***' AIRFLOW_CTX_DAG_ID='monthly_prediction' AIRFLOW_CTX_TASK_ID='wait_for_retrain' AIRFLOW_CTX_EXECUTION_DATE='2024-02-01T00:00:00+00:00' AIRFLOW_CTX_TRY_NUMBER='1' AIRFLOW_CTX_DAG_RUN_ID='scheduled__2024-02-01T00:00:00+00:00'
[2024-08-12T19:47:54.560+0000] {external_task.py:244} INFO - Poking for tasks ['optimize_and_register_best_classifier'] in dag quarterly_retrain on 2024-01-31T00:00:00+00:00 ... 
[2024-08-12T19:47:54.596+0000] {taskinstance.py:1895} INFO - Rescheduling task, marking task as UP_FOR_RESCHEDULE
[2024-08-12T19:47:54.629+0000] {local_task_job_runner.py:228} INFO - Task exited with return code 0
[2024-08-12T19:47:54.649+0000] {taskinstance.py:2776} INFO - 0 downstream tasks scheduled from follow-on schedule check
[2024-08-12T19:48:57.372+0000] {taskinstance.py:1157} INFO - Dependencies all met for dep_context=non-requeueable deps ti=<TaskInstance: monthly_prediction.wait_for_retrain scheduled__2024-02-01T00:00:00+00:00 [queued]>
[2024-08-12T19:48:57.384+0000] {taskinstance.py:1157} INFO - Dependencies all met for dep_context=requeueable deps ti=<TaskInstance: monthly_prediction.wait_for_retrain scheduled__2024-02-01T00:00:00+00:00 [queued]>
[2024-08-12T19:48:57.384+0000] {taskinstance.py:1359} INFO - Starting attempt 1 of 1
[2024-08-12T19:48:57.404+0000] {taskinstance.py:1380} INFO - Executing <Task(ExternalTaskSensor): wait_for_retrain> on 2024-02-01 00:00:00+00:00
[2024-08-12T19:48:57.413+0000] {standard_task_runner.py:57} INFO - Started process 8993 to run task
[2024-08-12T19:48:57.417+0000] {standard_task_runner.py:84} INFO - Running: ['***', 'tasks', 'run', 'monthly_prediction', 'wait_for_retrain', 'scheduled__2024-02-01T00:00:00+00:00', '--job-id', '703', '--raw', '--subdir', 'DAGS_FOLDER/monthly_prediction.py', '--cfg-path', '/tmp/tmpph4yvbqa']
[2024-08-12T19:48:57.422+0000] {standard_task_runner.py:85} INFO - Job 703: Subtask wait_for_retrain
[2024-08-12T19:48:57.983+0000] {task_command.py:415} INFO - Running <TaskInstance: monthly_prediction.wait_for_retrain scheduled__2024-02-01T00:00:00+00:00 [running]> on host a9166c5dc5ae
[2024-08-12T19:48:58.136+0000] {taskinstance.py:1660} INFO - Exporting env vars: AIRFLOW_CTX_DAG_OWNER='***' AIRFLOW_CTX_DAG_ID='monthly_prediction' AIRFLOW_CTX_TASK_ID='wait_for_retrain' AIRFLOW_CTX_EXECUTION_DATE='2024-02-01T00:00:00+00:00' AIRFLOW_CTX_TRY_NUMBER='1' AIRFLOW_CTX_DAG_RUN_ID='scheduled__2024-02-01T00:00:00+00:00'
[2024-08-12T19:48:58.152+0000] {external_task.py:244} INFO - Poking for tasks ['optimize_and_register_best_classifier'] in dag quarterly_retrain on 2024-01-31T00:00:00+00:00 ... 
[2024-08-12T19:48:58.197+0000] {taskinstance.py:1895} INFO - Rescheduling task, marking task as UP_FOR_RESCHEDULE
[2024-08-12T19:48:58.236+0000] {local_task_job_runner.py:228} INFO - Task exited with return code 0
[2024-08-12T19:48:58.296+0000] {taskinstance.py:2776} INFO - 0 downstream tasks scheduled from follow-on schedule check
[2024-08-12T19:50:00.567+0000] {taskinstance.py:1157} INFO - Dependencies all met for dep_context=non-requeueable deps ti=<TaskInstance: monthly_prediction.wait_for_retrain scheduled__2024-02-01T00:00:00+00:00 [queued]>
[2024-08-12T19:50:00.579+0000] {taskinstance.py:1157} INFO - Dependencies all met for dep_context=requeueable deps ti=<TaskInstance: monthly_prediction.wait_for_retrain scheduled__2024-02-01T00:00:00+00:00 [queued]>
[2024-08-12T19:50:00.579+0000] {taskinstance.py:1359} INFO - Starting attempt 1 of 1
[2024-08-12T19:50:00.596+0000] {taskinstance.py:1380} INFO - Executing <Task(ExternalTaskSensor): wait_for_retrain> on 2024-02-01 00:00:00+00:00
[2024-08-12T19:50:00.610+0000] {standard_task_runner.py:57} INFO - Started process 9256 to run task
[2024-08-12T19:50:00.615+0000] {standard_task_runner.py:84} INFO - Running: ['***', 'tasks', 'run', 'monthly_prediction', 'wait_for_retrain', 'scheduled__2024-02-01T00:00:00+00:00', '--job-id', '717', '--raw', '--subdir', 'DAGS_FOLDER/monthly_prediction.py', '--cfg-path', '/tmp/tmpkzpqudhj']
[2024-08-12T19:50:00.620+0000] {standard_task_runner.py:85} INFO - Job 717: Subtask wait_for_retrain
[2024-08-12T19:50:01.026+0000] {task_command.py:415} INFO - Running <TaskInstance: monthly_prediction.wait_for_retrain scheduled__2024-02-01T00:00:00+00:00 [running]> on host a9166c5dc5ae
[2024-08-12T19:50:01.089+0000] {taskinstance.py:1660} INFO - Exporting env vars: AIRFLOW_CTX_DAG_OWNER='***' AIRFLOW_CTX_DAG_ID='monthly_prediction' AIRFLOW_CTX_TASK_ID='wait_for_retrain' AIRFLOW_CTX_EXECUTION_DATE='2024-02-01T00:00:00+00:00' AIRFLOW_CTX_TRY_NUMBER='1' AIRFLOW_CTX_DAG_RUN_ID='scheduled__2024-02-01T00:00:00+00:00'
[2024-08-12T19:50:01.100+0000] {external_task.py:244} INFO - Poking for tasks ['optimize_and_register_best_classifier'] in dag quarterly_retrain on 2024-01-31T00:00:00+00:00 ... 
[2024-08-12T19:50:01.155+0000] {taskinstance.py:1895} INFO - Rescheduling task, marking task as UP_FOR_RESCHEDULE
[2024-08-12T19:50:01.169+0000] {local_task_job_runner.py:228} INFO - Task exited with return code 0
[2024-08-12T19:50:01.209+0000] {taskinstance.py:2776} INFO - 0 downstream tasks scheduled from follow-on schedule check
[2024-08-12T19:51:04.671+0000] {taskinstance.py:1157} INFO - Dependencies all met for dep_context=non-requeueable deps ti=<TaskInstance: monthly_prediction.wait_for_retrain scheduled__2024-02-01T00:00:00+00:00 [queued]>
[2024-08-12T19:51:04.690+0000] {taskinstance.py:1157} INFO - Dependencies all met for dep_context=requeueable deps ti=<TaskInstance: monthly_prediction.wait_for_retrain scheduled__2024-02-01T00:00:00+00:00 [queued]>
[2024-08-12T19:51:04.691+0000] {taskinstance.py:1359} INFO - Starting attempt 1 of 1
[2024-08-12T19:51:04.715+0000] {taskinstance.py:1380} INFO - Executing <Task(ExternalTaskSensor): wait_for_retrain> on 2024-02-01 00:00:00+00:00
[2024-08-12T19:51:04.728+0000] {standard_task_runner.py:57} INFO - Started process 9544 to run task
[2024-08-12T19:51:04.735+0000] {standard_task_runner.py:84} INFO - Running: ['***', 'tasks', 'run', 'monthly_prediction', 'wait_for_retrain', 'scheduled__2024-02-01T00:00:00+00:00', '--job-id', '733', '--raw', '--subdir', 'DAGS_FOLDER/monthly_prediction.py', '--cfg-path', '/tmp/tmpzn4x0pty']
[2024-08-12T19:51:04.740+0000] {standard_task_runner.py:85} INFO - Job 733: Subtask wait_for_retrain
[2024-08-12T19:51:05.193+0000] {task_command.py:415} INFO - Running <TaskInstance: monthly_prediction.wait_for_retrain scheduled__2024-02-01T00:00:00+00:00 [running]> on host a9166c5dc5ae
[2024-08-12T19:51:05.292+0000] {taskinstance.py:1660} INFO - Exporting env vars: AIRFLOW_CTX_DAG_OWNER='***' AIRFLOW_CTX_DAG_ID='monthly_prediction' AIRFLOW_CTX_TASK_ID='wait_for_retrain' AIRFLOW_CTX_EXECUTION_DATE='2024-02-01T00:00:00+00:00' AIRFLOW_CTX_TRY_NUMBER='1' AIRFLOW_CTX_DAG_RUN_ID='scheduled__2024-02-01T00:00:00+00:00'
[2024-08-12T19:51:05.306+0000] {external_task.py:244} INFO - Poking for tasks ['optimize_and_register_best_classifier'] in dag quarterly_retrain on 2024-01-31T00:00:00+00:00 ... 
[2024-08-12T19:51:05.361+0000] {taskinstance.py:1895} INFO - Rescheduling task, marking task as UP_FOR_RESCHEDULE
[2024-08-12T19:51:05.384+0000] {local_task_job_runner.py:228} INFO - Task exited with return code 0
[2024-08-12T19:51:05.435+0000] {taskinstance.py:2776} INFO - 0 downstream tasks scheduled from follow-on schedule check
[2024-08-12T19:52:10.409+0000] {taskinstance.py:1157} INFO - Dependencies all met for dep_context=non-requeueable deps ti=<TaskInstance: monthly_prediction.wait_for_retrain scheduled__2024-02-01T00:00:00+00:00 [queued]>
[2024-08-12T19:52:10.425+0000] {taskinstance.py:1157} INFO - Dependencies all met for dep_context=requeueable deps ti=<TaskInstance: monthly_prediction.wait_for_retrain scheduled__2024-02-01T00:00:00+00:00 [queued]>
[2024-08-12T19:52:10.428+0000] {taskinstance.py:1359} INFO - Starting attempt 1 of 1
[2024-08-12T19:52:10.491+0000] {taskinstance.py:1380} INFO - Executing <Task(ExternalTaskSensor): wait_for_retrain> on 2024-02-01 00:00:00+00:00
[2024-08-12T19:52:10.526+0000] {standard_task_runner.py:57} INFO - Started process 9744 to run task
[2024-08-12T19:52:10.528+0000] {standard_task_runner.py:84} INFO - Running: ['***', 'tasks', 'run', 'monthly_prediction', 'wait_for_retrain', 'scheduled__2024-02-01T00:00:00+00:00', '--job-id', '744', '--raw', '--subdir', 'DAGS_FOLDER/monthly_prediction.py', '--cfg-path', '/tmp/tmpvbtc8t_e']
[2024-08-12T19:52:10.536+0000] {standard_task_runner.py:85} INFO - Job 744: Subtask wait_for_retrain
[2024-08-12T19:52:11.407+0000] {task_command.py:415} INFO - Running <TaskInstance: monthly_prediction.wait_for_retrain scheduled__2024-02-01T00:00:00+00:00 [running]> on host a9166c5dc5ae
[2024-08-12T19:52:11.573+0000] {taskinstance.py:1660} INFO - Exporting env vars: AIRFLOW_CTX_DAG_OWNER='***' AIRFLOW_CTX_DAG_ID='monthly_prediction' AIRFLOW_CTX_TASK_ID='wait_for_retrain' AIRFLOW_CTX_EXECUTION_DATE='2024-02-01T00:00:00+00:00' AIRFLOW_CTX_TRY_NUMBER='1' AIRFLOW_CTX_DAG_RUN_ID='scheduled__2024-02-01T00:00:00+00:00'
[2024-08-12T19:52:11.606+0000] {external_task.py:244} INFO - Poking for tasks ['optimize_and_register_best_classifier'] in dag quarterly_retrain on 2024-01-31T00:00:00+00:00 ... 
[2024-08-12T19:52:11.671+0000] {taskinstance.py:1895} INFO - Rescheduling task, marking task as UP_FOR_RESCHEDULE
[2024-08-12T19:52:11.700+0000] {local_task_job_runner.py:228} INFO - Task exited with return code 0
[2024-08-12T19:52:11.745+0000] {taskinstance.py:2776} INFO - 0 downstream tasks scheduled from follow-on schedule check
[2024-08-12T19:53:15.469+0000] {taskinstance.py:1157} INFO - Dependencies all met for dep_context=non-requeueable deps ti=<TaskInstance: monthly_prediction.wait_for_retrain scheduled__2024-02-01T00:00:00+00:00 [queued]>
[2024-08-12T19:53:15.487+0000] {taskinstance.py:1157} INFO - Dependencies all met for dep_context=requeueable deps ti=<TaskInstance: monthly_prediction.wait_for_retrain scheduled__2024-02-01T00:00:00+00:00 [queued]>
[2024-08-12T19:53:15.491+0000] {taskinstance.py:1359} INFO - Starting attempt 1 of 1
[2024-08-12T19:53:15.524+0000] {taskinstance.py:1380} INFO - Executing <Task(ExternalTaskSensor): wait_for_retrain> on 2024-02-01 00:00:00+00:00
[2024-08-12T19:53:15.548+0000] {standard_task_runner.py:57} INFO - Started process 9938 to run task
[2024-08-12T19:53:15.562+0000] {standard_task_runner.py:84} INFO - Running: ['***', 'tasks', 'run', 'monthly_prediction', 'wait_for_retrain', 'scheduled__2024-02-01T00:00:00+00:00', '--job-id', '755', '--raw', '--subdir', 'DAGS_FOLDER/monthly_prediction.py', '--cfg-path', '/tmp/tmpvbxoytg9']
[2024-08-12T19:53:15.582+0000] {standard_task_runner.py:85} INFO - Job 755: Subtask wait_for_retrain
[2024-08-12T19:53:16.674+0000] {task_command.py:415} INFO - Running <TaskInstance: monthly_prediction.wait_for_retrain scheduled__2024-02-01T00:00:00+00:00 [running]> on host a9166c5dc5ae
[2024-08-12T19:53:16.863+0000] {taskinstance.py:1660} INFO - Exporting env vars: AIRFLOW_CTX_DAG_OWNER='***' AIRFLOW_CTX_DAG_ID='monthly_prediction' AIRFLOW_CTX_TASK_ID='wait_for_retrain' AIRFLOW_CTX_EXECUTION_DATE='2024-02-01T00:00:00+00:00' AIRFLOW_CTX_TRY_NUMBER='1' AIRFLOW_CTX_DAG_RUN_ID='scheduled__2024-02-01T00:00:00+00:00'
[2024-08-12T19:53:16.915+0000] {external_task.py:244} INFO - Poking for tasks ['optimize_and_register_best_classifier'] in dag quarterly_retrain on 2024-01-31T00:00:00+00:00 ... 
[2024-08-12T19:53:17.002+0000] {taskinstance.py:1895} INFO - Rescheduling task, marking task as UP_FOR_RESCHEDULE
[2024-08-12T19:53:17.036+0000] {local_task_job_runner.py:228} INFO - Task exited with return code 0
[2024-08-12T19:53:17.077+0000] {taskinstance.py:2776} INFO - 0 downstream tasks scheduled from follow-on schedule check
[2024-08-12T19:54:19.849+0000] {taskinstance.py:1157} INFO - Dependencies all met for dep_context=non-requeueable deps ti=<TaskInstance: monthly_prediction.wait_for_retrain scheduled__2024-02-01T00:00:00+00:00 [queued]>
[2024-08-12T19:54:19.860+0000] {taskinstance.py:1157} INFO - Dependencies all met for dep_context=requeueable deps ti=<TaskInstance: monthly_prediction.wait_for_retrain scheduled__2024-02-01T00:00:00+00:00 [queued]>
[2024-08-12T19:54:19.869+0000] {taskinstance.py:1359} INFO - Starting attempt 1 of 1
[2024-08-12T19:54:19.904+0000] {taskinstance.py:1380} INFO - Executing <Task(ExternalTaskSensor): wait_for_retrain> on 2024-02-01 00:00:00+00:00
[2024-08-12T19:54:19.917+0000] {standard_task_runner.py:57} INFO - Started process 10138 to run task
[2024-08-12T19:54:19.921+0000] {standard_task_runner.py:84} INFO - Running: ['***', 'tasks', 'run', 'monthly_prediction', 'wait_for_retrain', 'scheduled__2024-02-01T00:00:00+00:00', '--job-id', '766', '--raw', '--subdir', 'DAGS_FOLDER/monthly_prediction.py', '--cfg-path', '/tmp/tmp3yd599_y']
[2024-08-12T19:54:19.926+0000] {standard_task_runner.py:85} INFO - Job 766: Subtask wait_for_retrain
[2024-08-12T19:54:20.582+0000] {task_command.py:415} INFO - Running <TaskInstance: monthly_prediction.wait_for_retrain scheduled__2024-02-01T00:00:00+00:00 [running]> on host a9166c5dc5ae
[2024-08-12T19:54:20.725+0000] {taskinstance.py:1660} INFO - Exporting env vars: AIRFLOW_CTX_DAG_OWNER='***' AIRFLOW_CTX_DAG_ID='monthly_prediction' AIRFLOW_CTX_TASK_ID='wait_for_retrain' AIRFLOW_CTX_EXECUTION_DATE='2024-02-01T00:00:00+00:00' AIRFLOW_CTX_TRY_NUMBER='1' AIRFLOW_CTX_DAG_RUN_ID='scheduled__2024-02-01T00:00:00+00:00'
[2024-08-12T19:54:20.742+0000] {external_task.py:244} INFO - Poking for tasks ['optimize_and_register_best_classifier'] in dag quarterly_retrain on 2024-01-31T00:00:00+00:00 ... 
[2024-08-12T19:54:20.800+0000] {taskinstance.py:1895} INFO - Rescheduling task, marking task as UP_FOR_RESCHEDULE
[2024-08-12T19:54:20.855+0000] {local_task_job_runner.py:228} INFO - Task exited with return code 0
[2024-08-12T19:54:20.941+0000] {taskinstance.py:2776} INFO - 0 downstream tasks scheduled from follow-on schedule check
[2024-08-12T19:55:25.351+0000] {taskinstance.py:1157} INFO - Dependencies all met for dep_context=non-requeueable deps ti=<TaskInstance: monthly_prediction.wait_for_retrain scheduled__2024-02-01T00:00:00+00:00 [queued]>
[2024-08-12T19:55:25.372+0000] {taskinstance.py:1157} INFO - Dependencies all met for dep_context=requeueable deps ti=<TaskInstance: monthly_prediction.wait_for_retrain scheduled__2024-02-01T00:00:00+00:00 [queued]>
[2024-08-12T19:55:25.380+0000] {taskinstance.py:1359} INFO - Starting attempt 1 of 1
[2024-08-12T19:55:25.414+0000] {taskinstance.py:1380} INFO - Executing <Task(ExternalTaskSensor): wait_for_retrain> on 2024-02-01 00:00:00+00:00
[2024-08-12T19:55:25.437+0000] {standard_task_runner.py:57} INFO - Started process 10349 to run task
[2024-08-12T19:55:25.443+0000] {standard_task_runner.py:84} INFO - Running: ['***', 'tasks', 'run', 'monthly_prediction', 'wait_for_retrain', 'scheduled__2024-02-01T00:00:00+00:00', '--job-id', '776', '--raw', '--subdir', 'DAGS_FOLDER/monthly_prediction.py', '--cfg-path', '/tmp/tmpxcwzbirf']
[2024-08-12T19:55:25.451+0000] {standard_task_runner.py:85} INFO - Job 776: Subtask wait_for_retrain
[2024-08-12T19:55:26.671+0000] {task_command.py:415} INFO - Running <TaskInstance: monthly_prediction.wait_for_retrain scheduled__2024-02-01T00:00:00+00:00 [running]> on host a9166c5dc5ae
[2024-08-12T19:55:26.809+0000] {taskinstance.py:1660} INFO - Exporting env vars: AIRFLOW_CTX_DAG_OWNER='***' AIRFLOW_CTX_DAG_ID='monthly_prediction' AIRFLOW_CTX_TASK_ID='wait_for_retrain' AIRFLOW_CTX_EXECUTION_DATE='2024-02-01T00:00:00+00:00' AIRFLOW_CTX_TRY_NUMBER='1' AIRFLOW_CTX_DAG_RUN_ID='scheduled__2024-02-01T00:00:00+00:00'
[2024-08-12T19:55:26.854+0000] {external_task.py:244} INFO - Poking for tasks ['optimize_and_register_best_classifier'] in dag quarterly_retrain on 2024-01-31T00:00:00+00:00 ... 
[2024-08-12T19:55:26.925+0000] {taskinstance.py:1895} INFO - Rescheduling task, marking task as UP_FOR_RESCHEDULE
[2024-08-12T19:55:27.012+0000] {local_task_job_runner.py:228} INFO - Task exited with return code 0
[2024-08-12T19:55:27.115+0000] {taskinstance.py:2776} INFO - 0 downstream tasks scheduled from follow-on schedule check
[2024-08-12T19:56:30.831+0000] {taskinstance.py:1157} INFO - Dependencies all met for dep_context=non-requeueable deps ti=<TaskInstance: monthly_prediction.wait_for_retrain scheduled__2024-02-01T00:00:00+00:00 [queued]>
[2024-08-12T19:56:30.878+0000] {taskinstance.py:1157} INFO - Dependencies all met for dep_context=requeueable deps ti=<TaskInstance: monthly_prediction.wait_for_retrain scheduled__2024-02-01T00:00:00+00:00 [queued]>
[2024-08-12T19:56:30.889+0000] {taskinstance.py:1359} INFO - Starting attempt 1 of 1
[2024-08-12T19:56:31.026+0000] {taskinstance.py:1380} INFO - Executing <Task(ExternalTaskSensor): wait_for_retrain> on 2024-02-01 00:00:00+00:00
[2024-08-12T19:56:31.054+0000] {standard_task_runner.py:57} INFO - Started process 10623 to run task
[2024-08-12T19:56:31.078+0000] {standard_task_runner.py:84} INFO - Running: ['***', 'tasks', 'run', 'monthly_prediction', 'wait_for_retrain', 'scheduled__2024-02-01T00:00:00+00:00', '--job-id', '791', '--raw', '--subdir', 'DAGS_FOLDER/monthly_prediction.py', '--cfg-path', '/tmp/tmprkbsesap']
[2024-08-12T19:56:31.085+0000] {standard_task_runner.py:85} INFO - Job 791: Subtask wait_for_retrain
[2024-08-12T19:56:31.894+0000] {task_command.py:415} INFO - Running <TaskInstance: monthly_prediction.wait_for_retrain scheduled__2024-02-01T00:00:00+00:00 [running]> on host a9166c5dc5ae
[2024-08-12T19:56:32.046+0000] {taskinstance.py:1660} INFO - Exporting env vars: AIRFLOW_CTX_DAG_OWNER='***' AIRFLOW_CTX_DAG_ID='monthly_prediction' AIRFLOW_CTX_TASK_ID='wait_for_retrain' AIRFLOW_CTX_EXECUTION_DATE='2024-02-01T00:00:00+00:00' AIRFLOW_CTX_TRY_NUMBER='1' AIRFLOW_CTX_DAG_RUN_ID='scheduled__2024-02-01T00:00:00+00:00'
[2024-08-12T19:56:32.066+0000] {external_task.py:244} INFO - Poking for tasks ['optimize_and_register_best_classifier'] in dag quarterly_retrain on 2024-01-31T00:00:00+00:00 ... 
[2024-08-12T19:56:32.158+0000] {taskinstance.py:1895} INFO - Rescheduling task, marking task as UP_FOR_RESCHEDULE
[2024-08-12T19:56:32.208+0000] {local_task_job_runner.py:228} INFO - Task exited with return code 0
[2024-08-12T19:56:32.257+0000] {taskinstance.py:2776} INFO - 0 downstream tasks scheduled from follow-on schedule check
[2024-08-12T19:57:37.117+0000] {taskinstance.py:1157} INFO - Dependencies all met for dep_context=non-requeueable deps ti=<TaskInstance: monthly_prediction.wait_for_retrain scheduled__2024-02-01T00:00:00+00:00 [queued]>
[2024-08-12T19:57:37.155+0000] {taskinstance.py:1157} INFO - Dependencies all met for dep_context=requeueable deps ti=<TaskInstance: monthly_prediction.wait_for_retrain scheduled__2024-02-01T00:00:00+00:00 [queued]>
[2024-08-12T19:57:37.166+0000] {taskinstance.py:1359} INFO - Starting attempt 1 of 1
[2024-08-12T19:57:37.211+0000] {taskinstance.py:1380} INFO - Executing <Task(ExternalTaskSensor): wait_for_retrain> on 2024-02-01 00:00:00+00:00
[2024-08-12T19:57:37.297+0000] {standard_task_runner.py:57} INFO - Started process 10918 to run task
[2024-08-12T19:57:37.316+0000] {standard_task_runner.py:84} INFO - Running: ['***', 'tasks', 'run', 'monthly_prediction', 'wait_for_retrain', 'scheduled__2024-02-01T00:00:00+00:00', '--job-id', '809', '--raw', '--subdir', 'DAGS_FOLDER/monthly_prediction.py', '--cfg-path', '/tmp/tmp59k5dl75']
[2024-08-12T19:57:37.340+0000] {standard_task_runner.py:85} INFO - Job 809: Subtask wait_for_retrain
[2024-08-12T19:57:39.092+0000] {task_command.py:415} INFO - Running <TaskInstance: monthly_prediction.wait_for_retrain scheduled__2024-02-01T00:00:00+00:00 [running]> on host a9166c5dc5ae
[2024-08-12T19:57:39.425+0000] {taskinstance.py:1660} INFO - Exporting env vars: AIRFLOW_CTX_DAG_OWNER='***' AIRFLOW_CTX_DAG_ID='monthly_prediction' AIRFLOW_CTX_TASK_ID='wait_for_retrain' AIRFLOW_CTX_EXECUTION_DATE='2024-02-01T00:00:00+00:00' AIRFLOW_CTX_TRY_NUMBER='1' AIRFLOW_CTX_DAG_RUN_ID='scheduled__2024-02-01T00:00:00+00:00'
[2024-08-12T19:57:39.531+0000] {external_task.py:244} INFO - Poking for tasks ['optimize_and_register_best_classifier'] in dag quarterly_retrain on 2024-01-31T00:00:00+00:00 ... 
[2024-08-12T19:57:39.563+0000] {taskinstance.py:1935} ERROR - Task failed with exception
Traceback (most recent call last):
  File "/home/airflow/.local/lib/python3.8/site-packages/airflow/sensors/external_task.py", line 334, in execute
    super().execute(context)
  File "/home/airflow/.local/lib/python3.8/site-packages/airflow/sensors/base.py", line 274, in execute
    raise AirflowSensorTimeout(message)
airflow.exceptions.AirflowSensorTimeout: Sensor has timed out; run duration of 647.381854 seconds exceeds the specified timeout of 600.0.
[2024-08-12T19:57:39.592+0000] {taskinstance.py:1398} INFO - Immediate failure requested. Marking task as FAILED. dag_id=monthly_prediction, task_id=wait_for_retrain, execution_date=20240201T000000, start_date=20240812T195737, end_date=20240812T195739
[2024-08-12T19:57:39.651+0000] {standard_task_runner.py:104} ERROR - Failed to execute job 809 for task wait_for_retrain (Sensor has timed out; run duration of 647.381854 seconds exceeds the specified timeout of 600.0.; 10918)
[2024-08-12T19:57:39.726+0000] {local_task_job_runner.py:228} INFO - Task exited with return code 1
[2024-08-12T19:57:39.856+0000] {taskinstance.py:2776} INFO - 0 downstream tasks scheduled from follow-on schedule check
[2024-08-12T20:08:09.525+0000] {taskinstance.py:1157} INFO - Dependencies all met for dep_context=non-requeueable deps ti=<TaskInstance: monthly_prediction.wait_for_retrain scheduled__2024-02-01T00:00:00+00:00 [queued]>
[2024-08-12T20:08:09.540+0000] {taskinstance.py:1157} INFO - Dependencies all met for dep_context=requeueable deps ti=<TaskInstance: monthly_prediction.wait_for_retrain scheduled__2024-02-01T00:00:00+00:00 [queued]>
[2024-08-12T20:08:09.548+0000] {taskinstance.py:1359} INFO - Starting attempt 1 of 1
[2024-08-12T20:08:09.594+0000] {taskinstance.py:1380} INFO - Executing <Task(ExternalTaskSensor): wait_for_retrain> on 2024-02-01 00:00:00+00:00
[2024-08-12T20:08:09.639+0000] {standard_task_runner.py:57} INFO - Started process 12556 to run task
[2024-08-12T20:08:09.662+0000] {standard_task_runner.py:84} INFO - Running: ['***', 'tasks', 'run', 'monthly_prediction', 'wait_for_retrain', 'scheduled__2024-02-01T00:00:00+00:00', '--job-id', '866', '--raw', '--subdir', 'DAGS_FOLDER/monthly_prediction.py', '--cfg-path', '/tmp/tmps4igim3c']
[2024-08-12T20:08:09.679+0000] {standard_task_runner.py:85} INFO - Job 866: Subtask wait_for_retrain
[2024-08-12T20:08:12.409+0000] {task_command.py:415} INFO - Running <TaskInstance: monthly_prediction.wait_for_retrain scheduled__2024-02-01T00:00:00+00:00 [running]> on host a9166c5dc5ae
[2024-08-12T20:08:12.989+0000] {taskinstance.py:1660} INFO - Exporting env vars: AIRFLOW_CTX_DAG_OWNER='***' AIRFLOW_CTX_DAG_ID='monthly_prediction' AIRFLOW_CTX_TASK_ID='wait_for_retrain' AIRFLOW_CTX_EXECUTION_DATE='2024-02-01T00:00:00+00:00' AIRFLOW_CTX_TRY_NUMBER='1' AIRFLOW_CTX_DAG_RUN_ID='scheduled__2024-02-01T00:00:00+00:00'
[2024-08-12T20:08:13.083+0000] {external_task.py:244} INFO - Poking for tasks ['optimize_and_register_best_classifier'] in dag quarterly_retrain on 2024-01-31T00:00:00+00:00 ... 
[2024-08-12T20:08:13.344+0000] {taskinstance.py:1895} INFO - Rescheduling task, marking task as UP_FOR_RESCHEDULE
[2024-08-12T20:08:13.425+0000] {local_task_job_runner.py:228} INFO - Task exited with return code 0
[2024-08-12T20:08:13.548+0000] {taskinstance.py:2776} INFO - 0 downstream tasks scheduled from follow-on schedule check
[2024-08-12T20:09:39.386+0000] {taskinstance.py:1157} INFO - Dependencies all met for dep_context=non-requeueable deps ti=<TaskInstance: monthly_prediction.wait_for_retrain scheduled__2024-02-01T00:00:00+00:00 [queued]>
[2024-08-12T20:09:39.420+0000] {taskinstance.py:1157} INFO - Dependencies all met for dep_context=requeueable deps ti=<TaskInstance: monthly_prediction.wait_for_retrain scheduled__2024-02-01T00:00:00+00:00 [queued]>
[2024-08-12T20:09:39.433+0000] {taskinstance.py:1359} INFO - Starting attempt 1 of 1
[2024-08-12T20:09:39.510+0000] {taskinstance.py:1380} INFO - Executing <Task(ExternalTaskSensor): wait_for_retrain> on 2024-02-01 00:00:00+00:00
[2024-08-12T20:09:39.596+0000] {standard_task_runner.py:57} INFO - Started process 13023 to run task
[2024-08-12T20:09:39.649+0000] {standard_task_runner.py:84} INFO - Running: ['***', 'tasks', 'run', 'monthly_prediction', 'wait_for_retrain', 'scheduled__2024-02-01T00:00:00+00:00', '--job-id', '890', '--raw', '--subdir', 'DAGS_FOLDER/monthly_prediction.py', '--cfg-path', '/tmp/tmptkmdxy8i']
[2024-08-12T20:09:39.672+0000] {standard_task_runner.py:85} INFO - Job 890: Subtask wait_for_retrain
[2024-08-12T20:09:44.682+0000] {task_command.py:415} INFO - Running <TaskInstance: monthly_prediction.wait_for_retrain scheduled__2024-02-01T00:00:00+00:00 [running]> on host a9166c5dc5ae
[2024-08-12T20:09:45.262+0000] {taskinstance.py:1660} INFO - Exporting env vars: AIRFLOW_CTX_DAG_OWNER='***' AIRFLOW_CTX_DAG_ID='monthly_prediction' AIRFLOW_CTX_TASK_ID='wait_for_retrain' AIRFLOW_CTX_EXECUTION_DATE='2024-02-01T00:00:00+00:00' AIRFLOW_CTX_TRY_NUMBER='1' AIRFLOW_CTX_DAG_RUN_ID='scheduled__2024-02-01T00:00:00+00:00'
[2024-08-12T20:09:45.441+0000] {external_task.py:244} INFO - Poking for tasks ['optimize_and_register_best_classifier'] in dag quarterly_retrain on 2024-01-31T00:00:00+00:00 ... 
[2024-08-12T20:09:47.349+0000] {taskinstance.py:1895} INFO - Rescheduling task, marking task as UP_FOR_RESCHEDULE
[2024-08-12T20:09:47.802+0000] {local_task_job_runner.py:228} INFO - Task exited with return code 0
[2024-08-12T20:09:50.596+0000] {taskinstance.py:2776} INFO - 0 downstream tasks scheduled from follow-on schedule check
[2024-08-12T20:10:48.705+0000] {taskinstance.py:1157} INFO - Dependencies all met for dep_context=non-requeueable deps ti=<TaskInstance: monthly_prediction.wait_for_retrain scheduled__2024-02-01T00:00:00+00:00 [queued]>
[2024-08-12T20:10:48.737+0000] {taskinstance.py:1157} INFO - Dependencies all met for dep_context=requeueable deps ti=<TaskInstance: monthly_prediction.wait_for_retrain scheduled__2024-02-01T00:00:00+00:00 [queued]>
[2024-08-12T20:10:48.741+0000] {taskinstance.py:1359} INFO - Starting attempt 1 of 1
[2024-08-12T20:10:48.767+0000] {taskinstance.py:1380} INFO - Executing <Task(ExternalTaskSensor): wait_for_retrain> on 2024-02-01 00:00:00+00:00
[2024-08-12T20:10:48.786+0000] {standard_task_runner.py:57} INFO - Started process 13283 to run task
[2024-08-12T20:10:48.795+0000] {standard_task_runner.py:84} INFO - Running: ['***', 'tasks', 'run', 'monthly_prediction', 'wait_for_retrain', 'scheduled__2024-02-01T00:00:00+00:00', '--job-id', '922', '--raw', '--subdir', 'DAGS_FOLDER/monthly_prediction.py', '--cfg-path', '/tmp/tmpw0dzm7f4']
[2024-08-12T20:10:48.801+0000] {standard_task_runner.py:85} INFO - Job 922: Subtask wait_for_retrain
[2024-08-12T20:10:49.509+0000] {task_command.py:415} INFO - Running <TaskInstance: monthly_prediction.wait_for_retrain scheduled__2024-02-01T00:00:00+00:00 [running]> on host a9166c5dc5ae
[2024-08-12T20:10:49.628+0000] {taskinstance.py:1660} INFO - Exporting env vars: AIRFLOW_CTX_DAG_OWNER='***' AIRFLOW_CTX_DAG_ID='monthly_prediction' AIRFLOW_CTX_TASK_ID='wait_for_retrain' AIRFLOW_CTX_EXECUTION_DATE='2024-02-01T00:00:00+00:00' AIRFLOW_CTX_TRY_NUMBER='1' AIRFLOW_CTX_DAG_RUN_ID='scheduled__2024-02-01T00:00:00+00:00'
[2024-08-12T20:10:49.640+0000] {external_task.py:244} INFO - Poking for tasks ['optimize_and_register_best_classifier'] in dag quarterly_retrain on 2024-01-31T00:00:00+00:00 ... 
[2024-08-12T20:10:49.713+0000] {taskinstance.py:1895} INFO - Rescheduling task, marking task as UP_FOR_RESCHEDULE
[2024-08-12T20:10:49.767+0000] {local_task_job_runner.py:228} INFO - Task exited with return code 0
[2024-08-12T20:10:49.801+0000] {taskinstance.py:2776} INFO - 0 downstream tasks scheduled from follow-on schedule check
[2024-08-12T20:11:51.831+0000] {taskinstance.py:1157} INFO - Dependencies all met for dep_context=non-requeueable deps ti=<TaskInstance: monthly_prediction.wait_for_retrain scheduled__2024-02-01T00:00:00+00:00 [queued]>
[2024-08-12T20:11:51.836+0000] {taskinstance.py:1157} INFO - Dependencies all met for dep_context=requeueable deps ti=<TaskInstance: monthly_prediction.wait_for_retrain scheduled__2024-02-01T00:00:00+00:00 [queued]>
[2024-08-12T20:11:51.836+0000] {taskinstance.py:1359} INFO - Starting attempt 1 of 1
[2024-08-12T20:11:51.842+0000] {taskinstance.py:1380} INFO - Executing <Task(ExternalTaskSensor): wait_for_retrain> on 2024-02-01 00:00:00+00:00
[2024-08-12T20:11:51.849+0000] {standard_task_runner.py:57} INFO - Started process 13451 to run task
[2024-08-12T20:11:51.851+0000] {standard_task_runner.py:84} INFO - Running: ['***', 'tasks', 'run', 'monthly_prediction', 'wait_for_retrain', 'scheduled__2024-02-01T00:00:00+00:00', '--job-id', '930', '--raw', '--subdir', 'DAGS_FOLDER/monthly_prediction.py', '--cfg-path', '/tmp/tmp7h67ltm8']
[2024-08-12T20:11:51.854+0000] {standard_task_runner.py:85} INFO - Job 930: Subtask wait_for_retrain
[2024-08-12T20:11:52.316+0000] {task_command.py:415} INFO - Running <TaskInstance: monthly_prediction.wait_for_retrain scheduled__2024-02-01T00:00:00+00:00 [running]> on host a9166c5dc5ae
[2024-08-12T20:11:52.380+0000] {taskinstance.py:1660} INFO - Exporting env vars: AIRFLOW_CTX_DAG_OWNER='***' AIRFLOW_CTX_DAG_ID='monthly_prediction' AIRFLOW_CTX_TASK_ID='wait_for_retrain' AIRFLOW_CTX_EXECUTION_DATE='2024-02-01T00:00:00+00:00' AIRFLOW_CTX_TRY_NUMBER='1' AIRFLOW_CTX_DAG_RUN_ID='scheduled__2024-02-01T00:00:00+00:00'
[2024-08-12T20:11:52.388+0000] {external_task.py:244} INFO - Poking for tasks ['optimize_and_register_best_classifier'] in dag quarterly_retrain on 2024-01-31T00:00:00+00:00 ... 
[2024-08-12T20:11:52.428+0000] {taskinstance.py:1895} INFO - Rescheduling task, marking task as UP_FOR_RESCHEDULE
[2024-08-12T20:11:52.446+0000] {local_task_job_runner.py:228} INFO - Task exited with return code 0
[2024-08-12T20:11:52.467+0000] {taskinstance.py:2776} INFO - 0 downstream tasks scheduled from follow-on schedule check
[2024-08-12T20:12:53.813+0000] {taskinstance.py:1157} INFO - Dependencies all met for dep_context=non-requeueable deps ti=<TaskInstance: monthly_prediction.wait_for_retrain scheduled__2024-02-01T00:00:00+00:00 [queued]>
[2024-08-12T20:12:53.819+0000] {taskinstance.py:1157} INFO - Dependencies all met for dep_context=requeueable deps ti=<TaskInstance: monthly_prediction.wait_for_retrain scheduled__2024-02-01T00:00:00+00:00 [queued]>
[2024-08-12T20:12:53.819+0000] {taskinstance.py:1359} INFO - Starting attempt 1 of 1
[2024-08-12T20:12:53.826+0000] {taskinstance.py:1380} INFO - Executing <Task(ExternalTaskSensor): wait_for_retrain> on 2024-02-01 00:00:00+00:00
[2024-08-12T20:12:53.834+0000] {standard_task_runner.py:57} INFO - Started process 13623 to run task
[2024-08-12T20:12:53.841+0000] {standard_task_runner.py:84} INFO - Running: ['***', 'tasks', 'run', 'monthly_prediction', 'wait_for_retrain', 'scheduled__2024-02-01T00:00:00+00:00', '--job-id', '938', '--raw', '--subdir', 'DAGS_FOLDER/monthly_prediction.py', '--cfg-path', '/tmp/tmpor46saxf']
[2024-08-12T20:12:53.848+0000] {standard_task_runner.py:85} INFO - Job 938: Subtask wait_for_retrain
[2024-08-12T20:12:54.103+0000] {task_command.py:415} INFO - Running <TaskInstance: monthly_prediction.wait_for_retrain scheduled__2024-02-01T00:00:00+00:00 [running]> on host a9166c5dc5ae
[2024-08-12T20:12:54.162+0000] {taskinstance.py:1660} INFO - Exporting env vars: AIRFLOW_CTX_DAG_OWNER='***' AIRFLOW_CTX_DAG_ID='monthly_prediction' AIRFLOW_CTX_TASK_ID='wait_for_retrain' AIRFLOW_CTX_EXECUTION_DATE='2024-02-01T00:00:00+00:00' AIRFLOW_CTX_TRY_NUMBER='1' AIRFLOW_CTX_DAG_RUN_ID='scheduled__2024-02-01T00:00:00+00:00'
[2024-08-12T20:12:54.169+0000] {external_task.py:244} INFO - Poking for tasks ['optimize_and_register_best_classifier'] in dag quarterly_retrain on 2024-01-31T00:00:00+00:00 ... 
[2024-08-12T20:12:54.191+0000] {taskinstance.py:1895} INFO - Rescheduling task, marking task as UP_FOR_RESCHEDULE
[2024-08-12T20:12:54.233+0000] {local_task_job_runner.py:228} INFO - Task exited with return code 0
[2024-08-12T20:12:54.248+0000] {taskinstance.py:2776} INFO - 0 downstream tasks scheduled from follow-on schedule check
[2024-08-12T20:13:55.755+0000] {taskinstance.py:1157} INFO - Dependencies all met for dep_context=non-requeueable deps ti=<TaskInstance: monthly_prediction.wait_for_retrain scheduled__2024-02-01T00:00:00+00:00 [queued]>
[2024-08-12T20:13:55.760+0000] {taskinstance.py:1157} INFO - Dependencies all met for dep_context=requeueable deps ti=<TaskInstance: monthly_prediction.wait_for_retrain scheduled__2024-02-01T00:00:00+00:00 [queued]>
[2024-08-12T20:13:55.760+0000] {taskinstance.py:1359} INFO - Starting attempt 1 of 1
[2024-08-12T20:13:55.766+0000] {taskinstance.py:1380} INFO - Executing <Task(ExternalTaskSensor): wait_for_retrain> on 2024-02-01 00:00:00+00:00
[2024-08-12T20:13:55.773+0000] {standard_task_runner.py:57} INFO - Started process 13795 to run task
[2024-08-12T20:13:55.778+0000] {standard_task_runner.py:84} INFO - Running: ['***', 'tasks', 'run', 'monthly_prediction', 'wait_for_retrain', 'scheduled__2024-02-01T00:00:00+00:00', '--job-id', '946', '--raw', '--subdir', 'DAGS_FOLDER/monthly_prediction.py', '--cfg-path', '/tmp/tmptqgd0_p7']
[2024-08-12T20:13:55.782+0000] {standard_task_runner.py:85} INFO - Job 946: Subtask wait_for_retrain
[2024-08-12T20:13:56.139+0000] {task_command.py:415} INFO - Running <TaskInstance: monthly_prediction.wait_for_retrain scheduled__2024-02-01T00:00:00+00:00 [running]> on host a9166c5dc5ae
[2024-08-12T20:13:56.230+0000] {taskinstance.py:1660} INFO - Exporting env vars: AIRFLOW_CTX_DAG_OWNER='***' AIRFLOW_CTX_DAG_ID='monthly_prediction' AIRFLOW_CTX_TASK_ID='wait_for_retrain' AIRFLOW_CTX_EXECUTION_DATE='2024-02-01T00:00:00+00:00' AIRFLOW_CTX_TRY_NUMBER='1' AIRFLOW_CTX_DAG_RUN_ID='scheduled__2024-02-01T00:00:00+00:00'
[2024-08-12T20:13:56.238+0000] {external_task.py:244} INFO - Poking for tasks ['optimize_and_register_best_classifier'] in dag quarterly_retrain on 2024-01-31T00:00:00+00:00 ... 
[2024-08-12T20:13:56.257+0000] {taskinstance.py:1895} INFO - Rescheduling task, marking task as UP_FOR_RESCHEDULE
[2024-08-12T20:13:56.282+0000] {local_task_job_runner.py:228} INFO - Task exited with return code 0
[2024-08-12T20:13:56.298+0000] {taskinstance.py:2776} INFO - 0 downstream tasks scheduled from follow-on schedule check
[2024-08-12T20:14:58.536+0000] {taskinstance.py:1157} INFO - Dependencies all met for dep_context=non-requeueable deps ti=<TaskInstance: monthly_prediction.wait_for_retrain scheduled__2024-02-01T00:00:00+00:00 [queued]>
[2024-08-12T20:14:58.541+0000] {taskinstance.py:1157} INFO - Dependencies all met for dep_context=requeueable deps ti=<TaskInstance: monthly_prediction.wait_for_retrain scheduled__2024-02-01T00:00:00+00:00 [queued]>
[2024-08-12T20:14:58.541+0000] {taskinstance.py:1359} INFO - Starting attempt 1 of 1
[2024-08-12T20:14:58.547+0000] {taskinstance.py:1380} INFO - Executing <Task(ExternalTaskSensor): wait_for_retrain> on 2024-02-01 00:00:00+00:00
[2024-08-12T20:14:58.553+0000] {standard_task_runner.py:57} INFO - Started process 13969 to run task
[2024-08-12T20:14:58.556+0000] {standard_task_runner.py:84} INFO - Running: ['***', 'tasks', 'run', 'monthly_prediction', 'wait_for_retrain', 'scheduled__2024-02-01T00:00:00+00:00', '--job-id', '954', '--raw', '--subdir', 'DAGS_FOLDER/monthly_prediction.py', '--cfg-path', '/tmp/tmpg2l90po7']
[2024-08-12T20:14:58.558+0000] {standard_task_runner.py:85} INFO - Job 954: Subtask wait_for_retrain
[2024-08-12T20:14:58.785+0000] {task_command.py:415} INFO - Running <TaskInstance: monthly_prediction.wait_for_retrain scheduled__2024-02-01T00:00:00+00:00 [running]> on host a9166c5dc5ae
[2024-08-12T20:14:58.828+0000] {taskinstance.py:1660} INFO - Exporting env vars: AIRFLOW_CTX_DAG_OWNER='***' AIRFLOW_CTX_DAG_ID='monthly_prediction' AIRFLOW_CTX_TASK_ID='wait_for_retrain' AIRFLOW_CTX_EXECUTION_DATE='2024-02-01T00:00:00+00:00' AIRFLOW_CTX_TRY_NUMBER='1' AIRFLOW_CTX_DAG_RUN_ID='scheduled__2024-02-01T00:00:00+00:00'
[2024-08-12T20:14:58.835+0000] {external_task.py:244} INFO - Poking for tasks ['optimize_and_register_best_classifier'] in dag quarterly_retrain on 2024-01-31T00:00:00+00:00 ... 
[2024-08-12T20:14:58.898+0000] {taskinstance.py:1895} INFO - Rescheduling task, marking task as UP_FOR_RESCHEDULE
[2024-08-12T20:14:58.949+0000] {local_task_job_runner.py:228} INFO - Task exited with return code 0
[2024-08-12T20:14:58.960+0000] {taskinstance.py:2776} INFO - 0 downstream tasks scheduled from follow-on schedule check
[2024-08-12T20:16:00.925+0000] {taskinstance.py:1157} INFO - Dependencies all met for dep_context=non-requeueable deps ti=<TaskInstance: monthly_prediction.wait_for_retrain scheduled__2024-02-01T00:00:00+00:00 [queued]>
[2024-08-12T20:16:00.931+0000] {taskinstance.py:1157} INFO - Dependencies all met for dep_context=requeueable deps ti=<TaskInstance: monthly_prediction.wait_for_retrain scheduled__2024-02-01T00:00:00+00:00 [queued]>
[2024-08-12T20:16:00.931+0000] {taskinstance.py:1359} INFO - Starting attempt 1 of 1
[2024-08-12T20:16:00.939+0000] {taskinstance.py:1380} INFO - Executing <Task(ExternalTaskSensor): wait_for_retrain> on 2024-02-01 00:00:00+00:00
[2024-08-12T20:16:00.946+0000] {standard_task_runner.py:57} INFO - Started process 14155 to run task
[2024-08-12T20:16:00.949+0000] {standard_task_runner.py:84} INFO - Running: ['***', 'tasks', 'run', 'monthly_prediction', 'wait_for_retrain', 'scheduled__2024-02-01T00:00:00+00:00', '--job-id', '963', '--raw', '--subdir', 'DAGS_FOLDER/monthly_prediction.py', '--cfg-path', '/tmp/tmpl4uqlb2e']
[2024-08-12T20:16:00.955+0000] {standard_task_runner.py:85} INFO - Job 963: Subtask wait_for_retrain
[2024-08-12T20:16:01.205+0000] {task_command.py:415} INFO - Running <TaskInstance: monthly_prediction.wait_for_retrain scheduled__2024-02-01T00:00:00+00:00 [running]> on host a9166c5dc5ae
[2024-08-12T20:16:01.251+0000] {taskinstance.py:1660} INFO - Exporting env vars: AIRFLOW_CTX_DAG_OWNER='***' AIRFLOW_CTX_DAG_ID='monthly_prediction' AIRFLOW_CTX_TASK_ID='wait_for_retrain' AIRFLOW_CTX_EXECUTION_DATE='2024-02-01T00:00:00+00:00' AIRFLOW_CTX_TRY_NUMBER='1' AIRFLOW_CTX_DAG_RUN_ID='scheduled__2024-02-01T00:00:00+00:00'
[2024-08-12T20:16:01.259+0000] {external_task.py:244} INFO - Poking for tasks ['optimize_and_register_best_classifier'] in dag quarterly_retrain on 2024-01-31T00:00:00+00:00 ... 
[2024-08-12T20:16:01.279+0000] {taskinstance.py:1895} INFO - Rescheduling task, marking task as UP_FOR_RESCHEDULE
[2024-08-12T20:16:01.294+0000] {local_task_job_runner.py:228} INFO - Task exited with return code 0
[2024-08-12T20:16:01.308+0000] {taskinstance.py:2776} INFO - 0 downstream tasks scheduled from follow-on schedule check
[2024-08-12T20:17:02.931+0000] {taskinstance.py:1157} INFO - Dependencies all met for dep_context=non-requeueable deps ti=<TaskInstance: monthly_prediction.wait_for_retrain scheduled__2024-02-01T00:00:00+00:00 [queued]>
[2024-08-12T20:17:02.936+0000] {taskinstance.py:1157} INFO - Dependencies all met for dep_context=requeueable deps ti=<TaskInstance: monthly_prediction.wait_for_retrain scheduled__2024-02-01T00:00:00+00:00 [queued]>
[2024-08-12T20:17:02.936+0000] {taskinstance.py:1359} INFO - Starting attempt 1 of 1
[2024-08-12T20:17:02.943+0000] {taskinstance.py:1380} INFO - Executing <Task(ExternalTaskSensor): wait_for_retrain> on 2024-02-01 00:00:00+00:00
[2024-08-12T20:17:02.948+0000] {standard_task_runner.py:57} INFO - Started process 14327 to run task
[2024-08-12T20:17:02.950+0000] {standard_task_runner.py:84} INFO - Running: ['***', 'tasks', 'run', 'monthly_prediction', 'wait_for_retrain', 'scheduled__2024-02-01T00:00:00+00:00', '--job-id', '971', '--raw', '--subdir', 'DAGS_FOLDER/monthly_prediction.py', '--cfg-path', '/tmp/tmp_llk0cgv']
[2024-08-12T20:17:02.953+0000] {standard_task_runner.py:85} INFO - Job 971: Subtask wait_for_retrain
[2024-08-12T20:17:03.169+0000] {task_command.py:415} INFO - Running <TaskInstance: monthly_prediction.wait_for_retrain scheduled__2024-02-01T00:00:00+00:00 [running]> on host a9166c5dc5ae
[2024-08-12T20:17:03.207+0000] {taskinstance.py:1660} INFO - Exporting env vars: AIRFLOW_CTX_DAG_OWNER='***' AIRFLOW_CTX_DAG_ID='monthly_prediction' AIRFLOW_CTX_TASK_ID='wait_for_retrain' AIRFLOW_CTX_EXECUTION_DATE='2024-02-01T00:00:00+00:00' AIRFLOW_CTX_TRY_NUMBER='1' AIRFLOW_CTX_DAG_RUN_ID='scheduled__2024-02-01T00:00:00+00:00'
[2024-08-12T20:17:03.214+0000] {external_task.py:244} INFO - Poking for tasks ['optimize_and_register_best_classifier'] in dag quarterly_retrain on 2024-01-31T00:00:00+00:00 ... 
[2024-08-12T20:17:03.232+0000] {taskinstance.py:1895} INFO - Rescheduling task, marking task as UP_FOR_RESCHEDULE
[2024-08-12T20:17:03.253+0000] {local_task_job_runner.py:228} INFO - Task exited with return code 0
[2024-08-12T20:17:03.265+0000] {taskinstance.py:2776} INFO - 0 downstream tasks scheduled from follow-on schedule check
[2024-08-12T20:18:04.796+0000] {taskinstance.py:1157} INFO - Dependencies all met for dep_context=non-requeueable deps ti=<TaskInstance: monthly_prediction.wait_for_retrain scheduled__2024-02-01T00:00:00+00:00 [queued]>
[2024-08-12T20:18:04.801+0000] {taskinstance.py:1157} INFO - Dependencies all met for dep_context=requeueable deps ti=<TaskInstance: monthly_prediction.wait_for_retrain scheduled__2024-02-01T00:00:00+00:00 [queued]>
[2024-08-12T20:18:04.802+0000] {taskinstance.py:1359} INFO - Starting attempt 1 of 1
[2024-08-12T20:18:04.810+0000] {taskinstance.py:1380} INFO - Executing <Task(ExternalTaskSensor): wait_for_retrain> on 2024-02-01 00:00:00+00:00
[2024-08-12T20:18:04.816+0000] {standard_task_runner.py:57} INFO - Started process 14498 to run task
[2024-08-12T20:18:04.819+0000] {standard_task_runner.py:84} INFO - Running: ['***', 'tasks', 'run', 'monthly_prediction', 'wait_for_retrain', 'scheduled__2024-02-01T00:00:00+00:00', '--job-id', '978', '--raw', '--subdir', 'DAGS_FOLDER/monthly_prediction.py', '--cfg-path', '/tmp/tmp2vhj4vpg']
[2024-08-12T20:18:04.821+0000] {standard_task_runner.py:85} INFO - Job 978: Subtask wait_for_retrain
[2024-08-12T20:18:05.019+0000] {task_command.py:415} INFO - Running <TaskInstance: monthly_prediction.wait_for_retrain scheduled__2024-02-01T00:00:00+00:00 [running]> on host a9166c5dc5ae
[2024-08-12T20:18:05.059+0000] {taskinstance.py:1660} INFO - Exporting env vars: AIRFLOW_CTX_DAG_OWNER='***' AIRFLOW_CTX_DAG_ID='monthly_prediction' AIRFLOW_CTX_TASK_ID='wait_for_retrain' AIRFLOW_CTX_EXECUTION_DATE='2024-02-01T00:00:00+00:00' AIRFLOW_CTX_TRY_NUMBER='1' AIRFLOW_CTX_DAG_RUN_ID='scheduled__2024-02-01T00:00:00+00:00'
[2024-08-12T20:18:05.066+0000] {external_task.py:244} INFO - Poking for tasks ['optimize_and_register_best_classifier'] in dag quarterly_retrain on 2024-01-31T00:00:00+00:00 ... 
[2024-08-12T20:18:05.082+0000] {taskinstance.py:1895} INFO - Rescheduling task, marking task as UP_FOR_RESCHEDULE
[2024-08-12T20:18:05.091+0000] {local_task_job_runner.py:228} INFO - Task exited with return code 0
[2024-08-12T20:18:05.101+0000] {taskinstance.py:2776} INFO - 0 downstream tasks scheduled from follow-on schedule check
[2024-08-12T20:19:06.679+0000] {taskinstance.py:1157} INFO - Dependencies all met for dep_context=non-requeueable deps ti=<TaskInstance: monthly_prediction.wait_for_retrain scheduled__2024-02-01T00:00:00+00:00 [queued]>
[2024-08-12T20:19:06.685+0000] {taskinstance.py:1157} INFO - Dependencies all met for dep_context=requeueable deps ti=<TaskInstance: monthly_prediction.wait_for_retrain scheduled__2024-02-01T00:00:00+00:00 [queued]>
[2024-08-12T20:19:06.685+0000] {taskinstance.py:1359} INFO - Starting attempt 1 of 1
[2024-08-12T20:19:06.692+0000] {taskinstance.py:1380} INFO - Executing <Task(ExternalTaskSensor): wait_for_retrain> on 2024-02-01 00:00:00+00:00
[2024-08-12T20:19:06.700+0000] {standard_task_runner.py:57} INFO - Started process 14670 to run task
[2024-08-12T20:19:06.703+0000] {standard_task_runner.py:84} INFO - Running: ['***', 'tasks', 'run', 'monthly_prediction', 'wait_for_retrain', 'scheduled__2024-02-01T00:00:00+00:00', '--job-id', '987', '--raw', '--subdir', 'DAGS_FOLDER/monthly_prediction.py', '--cfg-path', '/tmp/tmpkhvgx_hj']
[2024-08-12T20:19:06.706+0000] {standard_task_runner.py:85} INFO - Job 987: Subtask wait_for_retrain
[2024-08-12T20:19:06.925+0000] {task_command.py:415} INFO - Running <TaskInstance: monthly_prediction.wait_for_retrain scheduled__2024-02-01T00:00:00+00:00 [running]> on host a9166c5dc5ae
[2024-08-12T20:19:06.964+0000] {taskinstance.py:1660} INFO - Exporting env vars: AIRFLOW_CTX_DAG_OWNER='***' AIRFLOW_CTX_DAG_ID='monthly_prediction' AIRFLOW_CTX_TASK_ID='wait_for_retrain' AIRFLOW_CTX_EXECUTION_DATE='2024-02-01T00:00:00+00:00' AIRFLOW_CTX_TRY_NUMBER='1' AIRFLOW_CTX_DAG_RUN_ID='scheduled__2024-02-01T00:00:00+00:00'
[2024-08-12T20:19:06.969+0000] {external_task.py:244} INFO - Poking for tasks ['optimize_and_register_best_classifier'] in dag quarterly_retrain on 2024-01-31T00:00:00+00:00 ... 
[2024-08-12T20:19:06.976+0000] {taskinstance.py:1935} ERROR - Task failed with exception
Traceback (most recent call last):
  File "/home/airflow/.local/lib/python3.8/site-packages/airflow/sensors/external_task.py", line 334, in execute
    super().execute(context)
  File "/home/airflow/.local/lib/python3.8/site-packages/airflow/sensors/base.py", line 274, in execute
    raise AirflowSensorTimeout(message)
airflow.exceptions.AirflowSensorTimeout: Sensor has timed out; run duration of 654.468552 seconds exceeds the specified timeout of 600.0.
[2024-08-12T20:19:06.982+0000] {taskinstance.py:1398} INFO - Immediate failure requested. Marking task as FAILED. dag_id=monthly_prediction, task_id=wait_for_retrain, execution_date=20240201T000000, start_date=20240812T201906, end_date=20240812T201906
[2024-08-12T20:19:06.987+0000] {standard_task_runner.py:104} ERROR - Failed to execute job 987 for task wait_for_retrain (Sensor has timed out; run duration of 654.468552 seconds exceeds the specified timeout of 600.0.; 14670)
[2024-08-12T20:19:07.010+0000] {local_task_job_runner.py:228} INFO - Task exited with return code 1
[2024-08-12T20:19:07.021+0000] {taskinstance.py:2776} INFO - 0 downstream tasks scheduled from follow-on schedule check
