[2024-08-12T19:56:58.893+0000] {taskinstance.py:1157} INFO - Dependencies all met for dep_context=non-requeueable deps ti=<TaskInstance: monthly_prediction.wait_for_retrain manual__2024-08-12T19:56:56.401693+00:00 [queued]>
[2024-08-12T19:56:58.898+0000] {taskinstance.py:1157} INFO - Dependencies all met for dep_context=requeueable deps ti=<TaskInstance: monthly_prediction.wait_for_retrain manual__2024-08-12T19:56:56.401693+00:00 [queued]>
[2024-08-12T19:56:58.898+0000] {taskinstance.py:1359} INFO - Starting attempt 1 of 1
[2024-08-12T19:56:58.905+0000] {taskinstance.py:1380} INFO - Executing <Task(ExternalTaskSensor): wait_for_retrain> on 2024-08-12 19:56:56.401693+00:00
[2024-08-12T19:56:58.911+0000] {standard_task_runner.py:57} INFO - Started process 10773 to run task
[2024-08-12T19:56:58.914+0000] {standard_task_runner.py:84} INFO - Running: ['***', 'tasks', 'run', 'monthly_prediction', 'wait_for_retrain', 'manual__2024-08-12T19:56:56.401693+00:00', '--job-id', '801', '--raw', '--subdir', 'DAGS_FOLDER/monthly_prediction.py', '--cfg-path', '/tmp/tmp7ge32y3i']
[2024-08-12T19:56:58.917+0000] {standard_task_runner.py:85} INFO - Job 801: Subtask wait_for_retrain
[2024-08-12T19:56:59.192+0000] {task_command.py:415} INFO - Running <TaskInstance: monthly_prediction.wait_for_retrain manual__2024-08-12T19:56:56.401693+00:00 [running]> on host a9166c5dc5ae
[2024-08-12T19:56:59.240+0000] {taskinstance.py:1660} INFO - Exporting env vars: AIRFLOW_CTX_DAG_OWNER='***' AIRFLOW_CTX_DAG_ID='monthly_prediction' AIRFLOW_CTX_TASK_ID='wait_for_retrain' AIRFLOW_CTX_EXECUTION_DATE='2024-08-12T19:56:56.401693+00:00' AIRFLOW_CTX_TRY_NUMBER='1' AIRFLOW_CTX_DAG_RUN_ID='manual__2024-08-12T19:56:56.401693+00:00'
[2024-08-12T19:56:59.248+0000] {external_task.py:244} INFO - Poking for tasks ['optimize_and_register_best_classifier'] in dag quarterly_retrain on 2024-07-31T19:56:56.401693+00:00 ... 
[2024-08-12T19:56:59.270+0000] {taskinstance.py:1895} INFO - Rescheduling task, marking task as UP_FOR_RESCHEDULE
[2024-08-12T19:56:59.313+0000] {local_task_job_runner.py:228} INFO - Task exited with return code 0
[2024-08-12T19:56:59.329+0000] {taskinstance.py:2776} INFO - 0 downstream tasks scheduled from follow-on schedule check
[2024-08-12T19:58:01.311+0000] {taskinstance.py:1157} INFO - Dependencies all met for dep_context=non-requeueable deps ti=<TaskInstance: monthly_prediction.wait_for_retrain manual__2024-08-12T19:56:56.401693+00:00 [queued]>
[2024-08-12T19:58:01.316+0000] {taskinstance.py:1157} INFO - Dependencies all met for dep_context=requeueable deps ti=<TaskInstance: monthly_prediction.wait_for_retrain manual__2024-08-12T19:56:56.401693+00:00 [queued]>
[2024-08-12T19:58:01.316+0000] {taskinstance.py:1359} INFO - Starting attempt 1 of 1
[2024-08-12T19:58:01.323+0000] {taskinstance.py:1380} INFO - Executing <Task(ExternalTaskSensor): wait_for_retrain> on 2024-08-12 19:56:56.401693+00:00
[2024-08-12T19:58:01.330+0000] {standard_task_runner.py:57} INFO - Started process 11018 to run task
[2024-08-12T19:58:01.333+0000] {standard_task_runner.py:84} INFO - Running: ['***', 'tasks', 'run', 'monthly_prediction', 'wait_for_retrain', 'manual__2024-08-12T19:56:56.401693+00:00', '--job-id', '816', '--raw', '--subdir', 'DAGS_FOLDER/monthly_prediction.py', '--cfg-path', '/tmp/tmp6mlc8vop']
[2024-08-12T19:58:01.335+0000] {standard_task_runner.py:85} INFO - Job 816: Subtask wait_for_retrain
[2024-08-12T19:58:01.506+0000] {task_command.py:415} INFO - Running <TaskInstance: monthly_prediction.wait_for_retrain manual__2024-08-12T19:56:56.401693+00:00 [running]> on host a9166c5dc5ae
[2024-08-12T19:58:01.542+0000] {taskinstance.py:1660} INFO - Exporting env vars: AIRFLOW_CTX_DAG_OWNER='***' AIRFLOW_CTX_DAG_ID='monthly_prediction' AIRFLOW_CTX_TASK_ID='wait_for_retrain' AIRFLOW_CTX_EXECUTION_DATE='2024-08-12T19:56:56.401693+00:00' AIRFLOW_CTX_TRY_NUMBER='1' AIRFLOW_CTX_DAG_RUN_ID='manual__2024-08-12T19:56:56.401693+00:00'
[2024-08-12T19:58:01.548+0000] {external_task.py:244} INFO - Poking for tasks ['optimize_and_register_best_classifier'] in dag quarterly_retrain on 2024-07-31T19:56:56.401693+00:00 ... 
[2024-08-12T19:58:01.563+0000] {taskinstance.py:1895} INFO - Rescheduling task, marking task as UP_FOR_RESCHEDULE
[2024-08-12T19:58:01.614+0000] {local_task_job_runner.py:228} INFO - Task exited with return code 0
[2024-08-12T19:58:01.624+0000] {taskinstance.py:2776} INFO - 0 downstream tasks scheduled from follow-on schedule check
[2024-08-12T19:59:04.510+0000] {taskinstance.py:1157} INFO - Dependencies all met for dep_context=non-requeueable deps ti=<TaskInstance: monthly_prediction.wait_for_retrain manual__2024-08-12T19:56:56.401693+00:00 [queued]>
[2024-08-12T19:59:04.517+0000] {taskinstance.py:1157} INFO - Dependencies all met for dep_context=requeueable deps ti=<TaskInstance: monthly_prediction.wait_for_retrain manual__2024-08-12T19:56:56.401693+00:00 [queued]>
[2024-08-12T19:59:04.518+0000] {taskinstance.py:1359} INFO - Starting attempt 1 of 1
[2024-08-12T19:59:04.527+0000] {taskinstance.py:1380} INFO - Executing <Task(ExternalTaskSensor): wait_for_retrain> on 2024-08-12 19:56:56.401693+00:00
[2024-08-12T19:59:04.535+0000] {standard_task_runner.py:57} INFO - Started process 11179 to run task
[2024-08-12T19:59:04.539+0000] {standard_task_runner.py:84} INFO - Running: ['***', 'tasks', 'run', 'monthly_prediction', 'wait_for_retrain', 'manual__2024-08-12T19:56:56.401693+00:00', '--job-id', '823', '--raw', '--subdir', 'DAGS_FOLDER/monthly_prediction.py', '--cfg-path', '/tmp/tmp_qf16tcp']
[2024-08-12T19:59:04.545+0000] {standard_task_runner.py:85} INFO - Job 823: Subtask wait_for_retrain
[2024-08-12T19:59:04.867+0000] {task_command.py:415} INFO - Running <TaskInstance: monthly_prediction.wait_for_retrain manual__2024-08-12T19:56:56.401693+00:00 [running]> on host a9166c5dc5ae
[2024-08-12T19:59:04.927+0000] {taskinstance.py:1660} INFO - Exporting env vars: AIRFLOW_CTX_DAG_OWNER='***' AIRFLOW_CTX_DAG_ID='monthly_prediction' AIRFLOW_CTX_TASK_ID='wait_for_retrain' AIRFLOW_CTX_EXECUTION_DATE='2024-08-12T19:56:56.401693+00:00' AIRFLOW_CTX_TRY_NUMBER='1' AIRFLOW_CTX_DAG_RUN_ID='manual__2024-08-12T19:56:56.401693+00:00'
[2024-08-12T19:59:04.938+0000] {external_task.py:244} INFO - Poking for tasks ['optimize_and_register_best_classifier'] in dag quarterly_retrain on 2024-07-31T19:56:56.401693+00:00 ... 
[2024-08-12T19:59:04.968+0000] {taskinstance.py:1895} INFO - Rescheduling task, marking task as UP_FOR_RESCHEDULE
[2024-08-12T19:59:05.022+0000] {local_task_job_runner.py:228} INFO - Task exited with return code 0
[2024-08-12T19:59:05.040+0000] {taskinstance.py:2776} INFO - 0 downstream tasks scheduled from follow-on schedule check
[2024-08-12T20:00:08.451+0000] {taskinstance.py:1157} INFO - Dependencies all met for dep_context=non-requeueable deps ti=<TaskInstance: monthly_prediction.wait_for_retrain manual__2024-08-12T19:56:56.401693+00:00 [queued]>
[2024-08-12T20:00:08.469+0000] {taskinstance.py:1157} INFO - Dependencies all met for dep_context=requeueable deps ti=<TaskInstance: monthly_prediction.wait_for_retrain manual__2024-08-12T19:56:56.401693+00:00 [queued]>
[2024-08-12T20:00:08.472+0000] {taskinstance.py:1359} INFO - Starting attempt 1 of 1
[2024-08-12T20:00:08.509+0000] {taskinstance.py:1380} INFO - Executing <Task(ExternalTaskSensor): wait_for_retrain> on 2024-08-12 19:56:56.401693+00:00
[2024-08-12T20:00:08.578+0000] {standard_task_runner.py:57} INFO - Started process 11341 to run task
[2024-08-12T20:00:08.586+0000] {standard_task_runner.py:84} INFO - Running: ['***', 'tasks', 'run', 'monthly_prediction', 'wait_for_retrain', 'manual__2024-08-12T19:56:56.401693+00:00', '--job-id', '830', '--raw', '--subdir', 'DAGS_FOLDER/monthly_prediction.py', '--cfg-path', '/tmp/tmpgkzn7dkb']
[2024-08-12T20:00:08.590+0000] {standard_task_runner.py:85} INFO - Job 830: Subtask wait_for_retrain
[2024-08-12T20:00:09.214+0000] {task_command.py:415} INFO - Running <TaskInstance: monthly_prediction.wait_for_retrain manual__2024-08-12T19:56:56.401693+00:00 [running]> on host a9166c5dc5ae
[2024-08-12T20:00:09.265+0000] {taskinstance.py:1660} INFO - Exporting env vars: AIRFLOW_CTX_DAG_OWNER='***' AIRFLOW_CTX_DAG_ID='monthly_prediction' AIRFLOW_CTX_TASK_ID='wait_for_retrain' AIRFLOW_CTX_EXECUTION_DATE='2024-08-12T19:56:56.401693+00:00' AIRFLOW_CTX_TRY_NUMBER='1' AIRFLOW_CTX_DAG_RUN_ID='manual__2024-08-12T19:56:56.401693+00:00'
[2024-08-12T20:00:09.273+0000] {external_task.py:244} INFO - Poking for tasks ['optimize_and_register_best_classifier'] in dag quarterly_retrain on 2024-07-31T19:56:56.401693+00:00 ... 
[2024-08-12T20:00:09.301+0000] {taskinstance.py:1895} INFO - Rescheduling task, marking task as UP_FOR_RESCHEDULE
[2024-08-12T20:00:09.352+0000] {local_task_job_runner.py:228} INFO - Task exited with return code 0
[2024-08-12T20:00:09.389+0000] {taskinstance.py:2776} INFO - 0 downstream tasks scheduled from follow-on schedule check
[2024-08-12T20:01:12.379+0000] {taskinstance.py:1157} INFO - Dependencies all met for dep_context=non-requeueable deps ti=<TaskInstance: monthly_prediction.wait_for_retrain manual__2024-08-12T19:56:56.401693+00:00 [queued]>
[2024-08-12T20:01:12.385+0000] {taskinstance.py:1157} INFO - Dependencies all met for dep_context=requeueable deps ti=<TaskInstance: monthly_prediction.wait_for_retrain manual__2024-08-12T19:56:56.401693+00:00 [queued]>
[2024-08-12T20:01:12.386+0000] {taskinstance.py:1359} INFO - Starting attempt 1 of 1
[2024-08-12T20:01:12.394+0000] {taskinstance.py:1380} INFO - Executing <Task(ExternalTaskSensor): wait_for_retrain> on 2024-08-12 19:56:56.401693+00:00
[2024-08-12T20:01:12.403+0000] {standard_task_runner.py:57} INFO - Started process 11483 to run task
[2024-08-12T20:01:12.406+0000] {standard_task_runner.py:84} INFO - Running: ['***', 'tasks', 'run', 'monthly_prediction', 'wait_for_retrain', 'manual__2024-08-12T19:56:56.401693+00:00', '--job-id', '835', '--raw', '--subdir', 'DAGS_FOLDER/monthly_prediction.py', '--cfg-path', '/tmp/tmppj9rali3']
[2024-08-12T20:01:12.409+0000] {standard_task_runner.py:85} INFO - Job 835: Subtask wait_for_retrain
[2024-08-12T20:01:12.841+0000] {task_command.py:415} INFO - Running <TaskInstance: monthly_prediction.wait_for_retrain manual__2024-08-12T19:56:56.401693+00:00 [running]> on host a9166c5dc5ae
[2024-08-12T20:01:12.917+0000] {taskinstance.py:1660} INFO - Exporting env vars: AIRFLOW_CTX_DAG_OWNER='***' AIRFLOW_CTX_DAG_ID='monthly_prediction' AIRFLOW_CTX_TASK_ID='wait_for_retrain' AIRFLOW_CTX_EXECUTION_DATE='2024-08-12T19:56:56.401693+00:00' AIRFLOW_CTX_TRY_NUMBER='1' AIRFLOW_CTX_DAG_RUN_ID='manual__2024-08-12T19:56:56.401693+00:00'
[2024-08-12T20:01:12.933+0000] {external_task.py:244} INFO - Poking for tasks ['optimize_and_register_best_classifier'] in dag quarterly_retrain on 2024-07-31T19:56:56.401693+00:00 ... 
[2024-08-12T20:01:12.984+0000] {taskinstance.py:1895} INFO - Rescheduling task, marking task as UP_FOR_RESCHEDULE
[2024-08-12T20:01:13.006+0000] {local_task_job_runner.py:228} INFO - Task exited with return code 0
[2024-08-12T20:01:13.025+0000] {taskinstance.py:2776} INFO - 0 downstream tasks scheduled from follow-on schedule check
[2024-08-12T20:02:15.288+0000] {taskinstance.py:1157} INFO - Dependencies all met for dep_context=non-requeueable deps ti=<TaskInstance: monthly_prediction.wait_for_retrain manual__2024-08-12T19:56:56.401693+00:00 [queued]>
[2024-08-12T20:02:15.293+0000] {taskinstance.py:1157} INFO - Dependencies all met for dep_context=requeueable deps ti=<TaskInstance: monthly_prediction.wait_for_retrain manual__2024-08-12T19:56:56.401693+00:00 [queued]>
[2024-08-12T20:02:15.294+0000] {taskinstance.py:1359} INFO - Starting attempt 1 of 1
[2024-08-12T20:02:15.301+0000] {taskinstance.py:1380} INFO - Executing <Task(ExternalTaskSensor): wait_for_retrain> on 2024-08-12 19:56:56.401693+00:00
[2024-08-12T20:02:15.309+0000] {standard_task_runner.py:57} INFO - Started process 11605 to run task
[2024-08-12T20:02:15.313+0000] {standard_task_runner.py:84} INFO - Running: ['***', 'tasks', 'run', 'monthly_prediction', 'wait_for_retrain', 'manual__2024-08-12T19:56:56.401693+00:00', '--job-id', '838', '--raw', '--subdir', 'DAGS_FOLDER/monthly_prediction.py', '--cfg-path', '/tmp/tmp52ncdl_g']
[2024-08-12T20:02:15.316+0000] {standard_task_runner.py:85} INFO - Job 838: Subtask wait_for_retrain
[2024-08-12T20:02:15.537+0000] {task_command.py:415} INFO - Running <TaskInstance: monthly_prediction.wait_for_retrain manual__2024-08-12T19:56:56.401693+00:00 [running]> on host a9166c5dc5ae
[2024-08-12T20:02:15.586+0000] {taskinstance.py:1660} INFO - Exporting env vars: AIRFLOW_CTX_DAG_OWNER='***' AIRFLOW_CTX_DAG_ID='monthly_prediction' AIRFLOW_CTX_TASK_ID='wait_for_retrain' AIRFLOW_CTX_EXECUTION_DATE='2024-08-12T19:56:56.401693+00:00' AIRFLOW_CTX_TRY_NUMBER='1' AIRFLOW_CTX_DAG_RUN_ID='manual__2024-08-12T19:56:56.401693+00:00'
[2024-08-12T20:02:15.595+0000] {external_task.py:244} INFO - Poking for tasks ['optimize_and_register_best_classifier'] in dag quarterly_retrain on 2024-07-31T19:56:56.401693+00:00 ... 
[2024-08-12T20:02:15.616+0000] {taskinstance.py:1895} INFO - Rescheduling task, marking task as UP_FOR_RESCHEDULE
[2024-08-12T20:02:15.628+0000] {local_task_job_runner.py:228} INFO - Task exited with return code 0
[2024-08-12T20:02:15.641+0000] {taskinstance.py:2776} INFO - 0 downstream tasks scheduled from follow-on schedule check
[2024-08-12T20:03:17.126+0000] {taskinstance.py:1157} INFO - Dependencies all met for dep_context=non-requeueable deps ti=<TaskInstance: monthly_prediction.wait_for_retrain manual__2024-08-12T19:56:56.401693+00:00 [queued]>
[2024-08-12T20:03:17.130+0000] {taskinstance.py:1157} INFO - Dependencies all met for dep_context=requeueable deps ti=<TaskInstance: monthly_prediction.wait_for_retrain manual__2024-08-12T19:56:56.401693+00:00 [queued]>
[2024-08-12T20:03:17.130+0000] {taskinstance.py:1359} INFO - Starting attempt 1 of 1
[2024-08-12T20:03:17.135+0000] {taskinstance.py:1380} INFO - Executing <Task(ExternalTaskSensor): wait_for_retrain> on 2024-08-12 19:56:56.401693+00:00
[2024-08-12T20:03:17.140+0000] {standard_task_runner.py:57} INFO - Started process 11727 to run task
[2024-08-12T20:03:17.141+0000] {standard_task_runner.py:84} INFO - Running: ['***', 'tasks', 'run', 'monthly_prediction', 'wait_for_retrain', 'manual__2024-08-12T19:56:56.401693+00:00', '--job-id', '841', '--raw', '--subdir', 'DAGS_FOLDER/monthly_prediction.py', '--cfg-path', '/tmp/tmptyiq_120']
[2024-08-12T20:03:17.143+0000] {standard_task_runner.py:85} INFO - Job 841: Subtask wait_for_retrain
[2024-08-12T20:03:17.287+0000] {task_command.py:415} INFO - Running <TaskInstance: monthly_prediction.wait_for_retrain manual__2024-08-12T19:56:56.401693+00:00 [running]> on host a9166c5dc5ae
[2024-08-12T20:03:17.322+0000] {taskinstance.py:1660} INFO - Exporting env vars: AIRFLOW_CTX_DAG_OWNER='***' AIRFLOW_CTX_DAG_ID='monthly_prediction' AIRFLOW_CTX_TASK_ID='wait_for_retrain' AIRFLOW_CTX_EXECUTION_DATE='2024-08-12T19:56:56.401693+00:00' AIRFLOW_CTX_TRY_NUMBER='1' AIRFLOW_CTX_DAG_RUN_ID='manual__2024-08-12T19:56:56.401693+00:00'
[2024-08-12T20:03:17.328+0000] {external_task.py:244} INFO - Poking for tasks ['optimize_and_register_best_classifier'] in dag quarterly_retrain on 2024-07-31T19:56:56.401693+00:00 ... 
[2024-08-12T20:03:17.343+0000] {taskinstance.py:1895} INFO - Rescheduling task, marking task as UP_FOR_RESCHEDULE
[2024-08-12T20:03:17.372+0000] {local_task_job_runner.py:228} INFO - Task exited with return code 0
[2024-08-12T20:03:17.382+0000] {taskinstance.py:2776} INFO - 0 downstream tasks scheduled from follow-on schedule check
[2024-08-12T20:04:18.839+0000] {taskinstance.py:1157} INFO - Dependencies all met for dep_context=non-requeueable deps ti=<TaskInstance: monthly_prediction.wait_for_retrain manual__2024-08-12T19:56:56.401693+00:00 [queued]>
[2024-08-12T20:04:18.844+0000] {taskinstance.py:1157} INFO - Dependencies all met for dep_context=requeueable deps ti=<TaskInstance: monthly_prediction.wait_for_retrain manual__2024-08-12T19:56:56.401693+00:00 [queued]>
[2024-08-12T20:04:18.844+0000] {taskinstance.py:1359} INFO - Starting attempt 1 of 1
[2024-08-12T20:04:18.851+0000] {taskinstance.py:1380} INFO - Executing <Task(ExternalTaskSensor): wait_for_retrain> on 2024-08-12 19:56:56.401693+00:00
[2024-08-12T20:04:18.857+0000] {standard_task_runner.py:57} INFO - Started process 11848 to run task
[2024-08-12T20:04:18.859+0000] {standard_task_runner.py:84} INFO - Running: ['***', 'tasks', 'run', 'monthly_prediction', 'wait_for_retrain', 'manual__2024-08-12T19:56:56.401693+00:00', '--job-id', '844', '--raw', '--subdir', 'DAGS_FOLDER/monthly_prediction.py', '--cfg-path', '/tmp/tmpiotunu1q']
[2024-08-12T20:04:18.861+0000] {standard_task_runner.py:85} INFO - Job 844: Subtask wait_for_retrain
[2024-08-12T20:04:19.011+0000] {task_command.py:415} INFO - Running <TaskInstance: monthly_prediction.wait_for_retrain manual__2024-08-12T19:56:56.401693+00:00 [running]> on host a9166c5dc5ae
[2024-08-12T20:04:19.047+0000] {taskinstance.py:1660} INFO - Exporting env vars: AIRFLOW_CTX_DAG_OWNER='***' AIRFLOW_CTX_DAG_ID='monthly_prediction' AIRFLOW_CTX_TASK_ID='wait_for_retrain' AIRFLOW_CTX_EXECUTION_DATE='2024-08-12T19:56:56.401693+00:00' AIRFLOW_CTX_TRY_NUMBER='1' AIRFLOW_CTX_DAG_RUN_ID='manual__2024-08-12T19:56:56.401693+00:00'
[2024-08-12T20:04:19.054+0000] {external_task.py:244} INFO - Poking for tasks ['optimize_and_register_best_classifier'] in dag quarterly_retrain on 2024-07-31T19:56:56.401693+00:00 ... 
[2024-08-12T20:04:19.070+0000] {taskinstance.py:1895} INFO - Rescheduling task, marking task as UP_FOR_RESCHEDULE
[2024-08-12T20:04:19.087+0000] {local_task_job_runner.py:228} INFO - Task exited with return code 0
[2024-08-12T20:04:19.098+0000] {taskinstance.py:2776} INFO - 0 downstream tasks scheduled from follow-on schedule check
[2024-08-12T20:05:20.188+0000] {taskinstance.py:1157} INFO - Dependencies all met for dep_context=non-requeueable deps ti=<TaskInstance: monthly_prediction.wait_for_retrain manual__2024-08-12T19:56:56.401693+00:00 [queued]>
[2024-08-12T20:05:20.192+0000] {taskinstance.py:1157} INFO - Dependencies all met for dep_context=requeueable deps ti=<TaskInstance: monthly_prediction.wait_for_retrain manual__2024-08-12T19:56:56.401693+00:00 [queued]>
[2024-08-12T20:05:20.192+0000] {taskinstance.py:1359} INFO - Starting attempt 1 of 1
[2024-08-12T20:05:20.198+0000] {taskinstance.py:1380} INFO - Executing <Task(ExternalTaskSensor): wait_for_retrain> on 2024-08-12 19:56:56.401693+00:00
[2024-08-12T20:05:20.202+0000] {standard_task_runner.py:57} INFO - Started process 11970 to run task
[2024-08-12T20:05:20.204+0000] {standard_task_runner.py:84} INFO - Running: ['***', 'tasks', 'run', 'monthly_prediction', 'wait_for_retrain', 'manual__2024-08-12T19:56:56.401693+00:00', '--job-id', '847', '--raw', '--subdir', 'DAGS_FOLDER/monthly_prediction.py', '--cfg-path', '/tmp/tmptogp_8s9']
[2024-08-12T20:05:20.206+0000] {standard_task_runner.py:85} INFO - Job 847: Subtask wait_for_retrain
[2024-08-12T20:05:20.233+0000] {task_command.py:415} INFO - Running <TaskInstance: monthly_prediction.wait_for_retrain manual__2024-08-12T19:56:56.401693+00:00 [running]> on host a9166c5dc5ae
[2024-08-12T20:05:20.392+0000] {taskinstance.py:1660} INFO - Exporting env vars: AIRFLOW_CTX_DAG_OWNER='***' AIRFLOW_CTX_DAG_ID='monthly_prediction' AIRFLOW_CTX_TASK_ID='wait_for_retrain' AIRFLOW_CTX_EXECUTION_DATE='2024-08-12T19:56:56.401693+00:00' AIRFLOW_CTX_TRY_NUMBER='1' AIRFLOW_CTX_DAG_RUN_ID='manual__2024-08-12T19:56:56.401693+00:00'
[2024-08-12T20:05:20.398+0000] {external_task.py:244} INFO - Poking for tasks ['optimize_and_register_best_classifier'] in dag quarterly_retrain on 2024-07-31T19:56:56.401693+00:00 ... 
[2024-08-12T20:05:20.412+0000] {taskinstance.py:1895} INFO - Rescheduling task, marking task as UP_FOR_RESCHEDULE
[2024-08-12T20:05:20.433+0000] {local_task_job_runner.py:228} INFO - Task exited with return code 0
[2024-08-12T20:05:20.444+0000] {taskinstance.py:2776} INFO - 0 downstream tasks scheduled from follow-on schedule check
[2024-08-12T20:06:22.422+0000] {taskinstance.py:1157} INFO - Dependencies all met for dep_context=non-requeueable deps ti=<TaskInstance: monthly_prediction.wait_for_retrain manual__2024-08-12T19:56:56.401693+00:00 [queued]>
[2024-08-12T20:06:22.428+0000] {taskinstance.py:1157} INFO - Dependencies all met for dep_context=requeueable deps ti=<TaskInstance: monthly_prediction.wait_for_retrain manual__2024-08-12T19:56:56.401693+00:00 [queued]>
[2024-08-12T20:06:22.428+0000] {taskinstance.py:1359} INFO - Starting attempt 1 of 1
[2024-08-12T20:06:22.435+0000] {taskinstance.py:1380} INFO - Executing <Task(ExternalTaskSensor): wait_for_retrain> on 2024-08-12 19:56:56.401693+00:00
[2024-08-12T20:06:22.443+0000] {standard_task_runner.py:57} INFO - Started process 12092 to run task
[2024-08-12T20:06:22.446+0000] {standard_task_runner.py:84} INFO - Running: ['***', 'tasks', 'run', 'monthly_prediction', 'wait_for_retrain', 'manual__2024-08-12T19:56:56.401693+00:00', '--job-id', '850', '--raw', '--subdir', 'DAGS_FOLDER/monthly_prediction.py', '--cfg-path', '/tmp/tmpxcwfipo_']
[2024-08-12T20:06:22.449+0000] {standard_task_runner.py:85} INFO - Job 850: Subtask wait_for_retrain
[2024-08-12T20:06:22.746+0000] {task_command.py:415} INFO - Running <TaskInstance: monthly_prediction.wait_for_retrain manual__2024-08-12T19:56:56.401693+00:00 [running]> on host a9166c5dc5ae
[2024-08-12T20:06:22.797+0000] {taskinstance.py:1660} INFO - Exporting env vars: AIRFLOW_CTX_DAG_OWNER='***' AIRFLOW_CTX_DAG_ID='monthly_prediction' AIRFLOW_CTX_TASK_ID='wait_for_retrain' AIRFLOW_CTX_EXECUTION_DATE='2024-08-12T19:56:56.401693+00:00' AIRFLOW_CTX_TRY_NUMBER='1' AIRFLOW_CTX_DAG_RUN_ID='manual__2024-08-12T19:56:56.401693+00:00'
[2024-08-12T20:06:22.808+0000] {external_task.py:244} INFO - Poking for tasks ['optimize_and_register_best_classifier'] in dag quarterly_retrain on 2024-07-31T19:56:56.401693+00:00 ... 
[2024-08-12T20:06:22.829+0000] {taskinstance.py:1895} INFO - Rescheduling task, marking task as UP_FOR_RESCHEDULE
[2024-08-12T20:06:22.846+0000] {local_task_job_runner.py:228} INFO - Task exited with return code 0
[2024-08-12T20:06:22.860+0000] {taskinstance.py:2776} INFO - 0 downstream tasks scheduled from follow-on schedule check
[2024-08-12T20:07:25.189+0000] {taskinstance.py:1157} INFO - Dependencies all met for dep_context=non-requeueable deps ti=<TaskInstance: monthly_prediction.wait_for_retrain manual__2024-08-12T19:56:56.401693+00:00 [queued]>
[2024-08-12T20:07:25.194+0000] {taskinstance.py:1157} INFO - Dependencies all met for dep_context=requeueable deps ti=<TaskInstance: monthly_prediction.wait_for_retrain manual__2024-08-12T19:56:56.401693+00:00 [queued]>
[2024-08-12T20:07:25.194+0000] {taskinstance.py:1359} INFO - Starting attempt 1 of 1
[2024-08-12T20:07:25.201+0000] {taskinstance.py:1380} INFO - Executing <Task(ExternalTaskSensor): wait_for_retrain> on 2024-08-12 19:56:56.401693+00:00
[2024-08-12T20:07:25.207+0000] {standard_task_runner.py:57} INFO - Started process 12318 to run task
[2024-08-12T20:07:25.210+0000] {standard_task_runner.py:84} INFO - Running: ['***', 'tasks', 'run', 'monthly_prediction', 'wait_for_retrain', 'manual__2024-08-12T19:56:56.401693+00:00', '--job-id', '861', '--raw', '--subdir', 'DAGS_FOLDER/monthly_prediction.py', '--cfg-path', '/tmp/tmpg533bbjb']
[2024-08-12T20:07:25.213+0000] {standard_task_runner.py:85} INFO - Job 861: Subtask wait_for_retrain
[2024-08-12T20:07:25.424+0000] {task_command.py:415} INFO - Running <TaskInstance: monthly_prediction.wait_for_retrain manual__2024-08-12T19:56:56.401693+00:00 [running]> on host a9166c5dc5ae
[2024-08-12T20:07:25.477+0000] {taskinstance.py:1660} INFO - Exporting env vars: AIRFLOW_CTX_DAG_OWNER='***' AIRFLOW_CTX_DAG_ID='monthly_prediction' AIRFLOW_CTX_TASK_ID='wait_for_retrain' AIRFLOW_CTX_EXECUTION_DATE='2024-08-12T19:56:56.401693+00:00' AIRFLOW_CTX_TRY_NUMBER='1' AIRFLOW_CTX_DAG_RUN_ID='manual__2024-08-12T19:56:56.401693+00:00'
[2024-08-12T20:07:25.485+0000] {external_task.py:244} INFO - Poking for tasks ['optimize_and_register_best_classifier'] in dag quarterly_retrain on 2024-07-31T19:56:56.401693+00:00 ... 
[2024-08-12T20:07:25.493+0000] {taskinstance.py:1935} ERROR - Task failed with exception
Traceback (most recent call last):
  File "/home/airflow/.local/lib/python3.8/site-packages/airflow/sensors/external_task.py", line 334, in execute
    super().execute(context)
  File "/home/airflow/.local/lib/python3.8/site-packages/airflow/sensors/base.py", line 274, in execute
    raise AirflowSensorTimeout(message)
airflow.exceptions.AirflowSensorTimeout: Sensor has timed out; run duration of 626.285923 seconds exceeds the specified timeout of 600.0.
[2024-08-12T20:07:25.499+0000] {taskinstance.py:1398} INFO - Immediate failure requested. Marking task as FAILED. dag_id=monthly_prediction, task_id=wait_for_retrain, execution_date=20240812T195656, start_date=20240812T200725, end_date=20240812T200725
[2024-08-12T20:07:25.506+0000] {standard_task_runner.py:104} ERROR - Failed to execute job 861 for task wait_for_retrain (Sensor has timed out; run duration of 626.285923 seconds exceeds the specified timeout of 600.0.; 12318)
[2024-08-12T20:07:25.522+0000] {local_task_job_runner.py:228} INFO - Task exited with return code 1
[2024-08-12T20:07:25.536+0000] {taskinstance.py:2776} INFO - 0 downstream tasks scheduled from follow-on schedule check
