[2024-08-12T20:07:57.628+0000] {taskinstance.py:1157} INFO - Dependencies all met for dep_context=non-requeueable deps ti=<TaskInstance: monthly_prediction.wait_for_retrain manual__2024-08-12T20:07:54.657198+00:00 [queued]>
[2024-08-12T20:07:57.647+0000] {taskinstance.py:1157} INFO - Dependencies all met for dep_context=requeueable deps ti=<TaskInstance: monthly_prediction.wait_for_retrain manual__2024-08-12T20:07:54.657198+00:00 [queued]>
[2024-08-12T20:07:57.648+0000] {taskinstance.py:1359} INFO - Starting attempt 1 of 1
[2024-08-12T20:07:57.672+0000] {taskinstance.py:1380} INFO - Executing <Task(ExternalTaskSensor): wait_for_retrain> on 2024-08-12 20:07:54.657198+00:00
[2024-08-12T20:07:57.691+0000] {standard_task_runner.py:57} INFO - Started process 12399 to run task
[2024-08-12T20:07:57.702+0000] {standard_task_runner.py:84} INFO - Running: ['***', 'tasks', 'run', 'monthly_prediction', 'wait_for_retrain', 'manual__2024-08-12T20:07:54.657198+00:00', '--job-id', '864', '--raw', '--subdir', 'DAGS_FOLDER/monthly_prediction.py', '--cfg-path', '/tmp/tmpsg2746m8']
[2024-08-12T20:07:57.711+0000] {standard_task_runner.py:85} INFO - Job 864: Subtask wait_for_retrain
[2024-08-12T20:07:58.099+0000] {task_command.py:415} INFO - Running <TaskInstance: monthly_prediction.wait_for_retrain manual__2024-08-12T20:07:54.657198+00:00 [running]> on host a9166c5dc5ae
[2024-08-12T20:07:58.167+0000] {taskinstance.py:1660} INFO - Exporting env vars: AIRFLOW_CTX_DAG_OWNER='***' AIRFLOW_CTX_DAG_ID='monthly_prediction' AIRFLOW_CTX_TASK_ID='wait_for_retrain' AIRFLOW_CTX_EXECUTION_DATE='2024-08-12T20:07:54.657198+00:00' AIRFLOW_CTX_TRY_NUMBER='1' AIRFLOW_CTX_DAG_RUN_ID='manual__2024-08-12T20:07:54.657198+00:00'
[2024-08-12T20:07:58.180+0000] {external_task.py:244} INFO - Poking for tasks ['optimize_and_register_best_classifier'] in dag quarterly_retrain on 2024-07-31T20:07:54.657198+00:00 ... 
[2024-08-12T20:07:58.208+0000] {taskinstance.py:1895} INFO - Rescheduling task, marking task as UP_FOR_RESCHEDULE
[2024-08-12T20:07:58.232+0000] {local_task_job_runner.py:228} INFO - Task exited with return code 0
[2024-08-12T20:07:58.247+0000] {taskinstance.py:2776} INFO - 0 downstream tasks scheduled from follow-on schedule check
[2024-08-12T20:09:01.962+0000] {taskinstance.py:1157} INFO - Dependencies all met for dep_context=non-requeueable deps ti=<TaskInstance: monthly_prediction.wait_for_retrain manual__2024-08-12T20:07:54.657198+00:00 [queued]>
[2024-08-12T20:09:01.971+0000] {taskinstance.py:1157} INFO - Dependencies all met for dep_context=requeueable deps ti=<TaskInstance: monthly_prediction.wait_for_retrain manual__2024-08-12T20:07:54.657198+00:00 [queued]>
[2024-08-12T20:09:01.971+0000] {taskinstance.py:1359} INFO - Starting attempt 1 of 1
[2024-08-12T20:09:01.982+0000] {taskinstance.py:1380} INFO - Executing <Task(ExternalTaskSensor): wait_for_retrain> on 2024-08-12 20:07:54.657198+00:00
[2024-08-12T20:09:01.992+0000] {standard_task_runner.py:57} INFO - Started process 12790 to run task
[2024-08-12T20:09:01.995+0000] {standard_task_runner.py:84} INFO - Running: ['***', 'tasks', 'run', 'monthly_prediction', 'wait_for_retrain', 'manual__2024-08-12T20:07:54.657198+00:00', '--job-id', '884', '--raw', '--subdir', 'DAGS_FOLDER/monthly_prediction.py', '--cfg-path', '/tmp/tmp_p33ptga']
[2024-08-12T20:09:01.999+0000] {standard_task_runner.py:85} INFO - Job 884: Subtask wait_for_retrain
[2024-08-12T20:09:02.288+0000] {task_command.py:415} INFO - Running <TaskInstance: monthly_prediction.wait_for_retrain manual__2024-08-12T20:07:54.657198+00:00 [running]> on host a9166c5dc5ae
[2024-08-12T20:09:02.346+0000] {taskinstance.py:1660} INFO - Exporting env vars: AIRFLOW_CTX_DAG_OWNER='***' AIRFLOW_CTX_DAG_ID='monthly_prediction' AIRFLOW_CTX_TASK_ID='wait_for_retrain' AIRFLOW_CTX_EXECUTION_DATE='2024-08-12T20:07:54.657198+00:00' AIRFLOW_CTX_TRY_NUMBER='1' AIRFLOW_CTX_DAG_RUN_ID='manual__2024-08-12T20:07:54.657198+00:00'
[2024-08-12T20:09:02.360+0000] {external_task.py:244} INFO - Poking for tasks ['optimize_and_register_best_classifier'] in dag quarterly_retrain on 2024-07-31T20:07:54.657198+00:00 ... 
[2024-08-12T20:09:02.435+0000] {taskinstance.py:1895} INFO - Rescheduling task, marking task as UP_FOR_RESCHEDULE
[2024-08-12T20:09:02.494+0000] {local_task_job_runner.py:228} INFO - Task exited with return code 0
[2024-08-12T20:09:02.509+0000] {taskinstance.py:2776} INFO - 0 downstream tasks scheduled from follow-on schedule check
[2024-08-12T20:10:12.617+0000] {taskinstance.py:1157} INFO - Dependencies all met for dep_context=non-requeueable deps ti=<TaskInstance: monthly_prediction.wait_for_retrain manual__2024-08-12T20:07:54.657198+00:00 [queued]>
[2024-08-12T20:10:12.636+0000] {taskinstance.py:1157} INFO - Dependencies all met for dep_context=requeueable deps ti=<TaskInstance: monthly_prediction.wait_for_retrain manual__2024-08-12T20:07:54.657198+00:00 [queued]>
[2024-08-12T20:10:12.643+0000] {taskinstance.py:1359} INFO - Starting attempt 1 of 1
[2024-08-12T20:10:12.692+0000] {taskinstance.py:1380} INFO - Executing <Task(ExternalTaskSensor): wait_for_retrain> on 2024-08-12 20:07:54.657198+00:00
[2024-08-12T20:10:12.770+0000] {standard_task_runner.py:57} INFO - Started process 13198 to run task
[2024-08-12T20:10:12.819+0000] {standard_task_runner.py:84} INFO - Running: ['***', 'tasks', 'run', 'monthly_prediction', 'wait_for_retrain', 'manual__2024-08-12T20:07:54.657198+00:00', '--job-id', '908', '--raw', '--subdir', 'DAGS_FOLDER/monthly_prediction.py', '--cfg-path', '/tmp/tmpym93fk9c']
[2024-08-12T20:10:12.835+0000] {standard_task_runner.py:85} INFO - Job 908: Subtask wait_for_retrain
[2024-08-12T20:10:14.219+0000] {task_command.py:415} INFO - Running <TaskInstance: monthly_prediction.wait_for_retrain manual__2024-08-12T20:07:54.657198+00:00 [running]> on host a9166c5dc5ae
[2024-08-12T20:10:14.576+0000] {taskinstance.py:1660} INFO - Exporting env vars: AIRFLOW_CTX_DAG_OWNER='***' AIRFLOW_CTX_DAG_ID='monthly_prediction' AIRFLOW_CTX_TASK_ID='wait_for_retrain' AIRFLOW_CTX_EXECUTION_DATE='2024-08-12T20:07:54.657198+00:00' AIRFLOW_CTX_TRY_NUMBER='1' AIRFLOW_CTX_DAG_RUN_ID='manual__2024-08-12T20:07:54.657198+00:00'
[2024-08-12T20:10:14.648+0000] {external_task.py:244} INFO - Poking for tasks ['optimize_and_register_best_classifier'] in dag quarterly_retrain on 2024-07-31T20:07:54.657198+00:00 ... 
[2024-08-12T20:10:14.809+0000] {taskinstance.py:1895} INFO - Rescheduling task, marking task as UP_FOR_RESCHEDULE
[2024-08-12T20:10:14.862+0000] {local_task_job_runner.py:228} INFO - Task exited with return code 0
[2024-08-12T20:10:14.954+0000] {taskinstance.py:2776} INFO - 0 downstream tasks scheduled from follow-on schedule check
[2024-08-12T20:11:16.339+0000] {taskinstance.py:1157} INFO - Dependencies all met for dep_context=non-requeueable deps ti=<TaskInstance: monthly_prediction.wait_for_retrain manual__2024-08-12T20:07:54.657198+00:00 [queued]>
[2024-08-12T20:11:16.345+0000] {taskinstance.py:1157} INFO - Dependencies all met for dep_context=requeueable deps ti=<TaskInstance: monthly_prediction.wait_for_retrain manual__2024-08-12T20:07:54.657198+00:00 [queued]>
[2024-08-12T20:11:16.345+0000] {taskinstance.py:1359} INFO - Starting attempt 1 of 1
[2024-08-12T20:11:16.352+0000] {taskinstance.py:1380} INFO - Executing <Task(ExternalTaskSensor): wait_for_retrain> on 2024-08-12 20:07:54.657198+00:00
[2024-08-12T20:11:16.357+0000] {standard_task_runner.py:57} INFO - Started process 13395 to run task
[2024-08-12T20:11:16.360+0000] {standard_task_runner.py:84} INFO - Running: ['***', 'tasks', 'run', 'monthly_prediction', 'wait_for_retrain', 'manual__2024-08-12T20:07:54.657198+00:00', '--job-id', '929', '--raw', '--subdir', 'DAGS_FOLDER/monthly_prediction.py', '--cfg-path', '/tmp/tmp51i0wpdk']
[2024-08-12T20:11:16.363+0000] {standard_task_runner.py:85} INFO - Job 929: Subtask wait_for_retrain
[2024-08-12T20:11:16.657+0000] {task_command.py:415} INFO - Running <TaskInstance: monthly_prediction.wait_for_retrain manual__2024-08-12T20:07:54.657198+00:00 [running]> on host a9166c5dc5ae
[2024-08-12T20:11:16.704+0000] {taskinstance.py:1660} INFO - Exporting env vars: AIRFLOW_CTX_DAG_OWNER='***' AIRFLOW_CTX_DAG_ID='monthly_prediction' AIRFLOW_CTX_TASK_ID='wait_for_retrain' AIRFLOW_CTX_EXECUTION_DATE='2024-08-12T20:07:54.657198+00:00' AIRFLOW_CTX_TRY_NUMBER='1' AIRFLOW_CTX_DAG_RUN_ID='manual__2024-08-12T20:07:54.657198+00:00'
[2024-08-12T20:11:16.711+0000] {external_task.py:244} INFO - Poking for tasks ['optimize_and_register_best_classifier'] in dag quarterly_retrain on 2024-07-31T20:07:54.657198+00:00 ... 
[2024-08-12T20:11:16.730+0000] {taskinstance.py:1895} INFO - Rescheduling task, marking task as UP_FOR_RESCHEDULE
[2024-08-12T20:11:16.754+0000] {local_task_job_runner.py:228} INFO - Task exited with return code 0
[2024-08-12T20:11:16.767+0000] {taskinstance.py:2776} INFO - 0 downstream tasks scheduled from follow-on schedule check
[2024-08-12T20:12:18.623+0000] {taskinstance.py:1157} INFO - Dependencies all met for dep_context=non-requeueable deps ti=<TaskInstance: monthly_prediction.wait_for_retrain manual__2024-08-12T20:07:54.657198+00:00 [queued]>
[2024-08-12T20:12:18.628+0000] {taskinstance.py:1157} INFO - Dependencies all met for dep_context=requeueable deps ti=<TaskInstance: monthly_prediction.wait_for_retrain manual__2024-08-12T20:07:54.657198+00:00 [queued]>
[2024-08-12T20:12:18.628+0000] {taskinstance.py:1359} INFO - Starting attempt 1 of 1
[2024-08-12T20:12:18.635+0000] {taskinstance.py:1380} INFO - Executing <Task(ExternalTaskSensor): wait_for_retrain> on 2024-08-12 20:07:54.657198+00:00
[2024-08-12T20:12:18.643+0000] {standard_task_runner.py:57} INFO - Started process 13567 to run task
[2024-08-12T20:12:18.660+0000] {standard_task_runner.py:84} INFO - Running: ['***', 'tasks', 'run', 'monthly_prediction', 'wait_for_retrain', 'manual__2024-08-12T20:07:54.657198+00:00', '--job-id', '937', '--raw', '--subdir', 'DAGS_FOLDER/monthly_prediction.py', '--cfg-path', '/tmp/tmp0shvwyk2']
[2024-08-12T20:12:18.663+0000] {standard_task_runner.py:85} INFO - Job 937: Subtask wait_for_retrain
[2024-08-12T20:12:19.025+0000] {task_command.py:415} INFO - Running <TaskInstance: monthly_prediction.wait_for_retrain manual__2024-08-12T20:07:54.657198+00:00 [running]> on host a9166c5dc5ae
[2024-08-12T20:12:19.074+0000] {taskinstance.py:1660} INFO - Exporting env vars: AIRFLOW_CTX_DAG_OWNER='***' AIRFLOW_CTX_DAG_ID='monthly_prediction' AIRFLOW_CTX_TASK_ID='wait_for_retrain' AIRFLOW_CTX_EXECUTION_DATE='2024-08-12T20:07:54.657198+00:00' AIRFLOW_CTX_TRY_NUMBER='1' AIRFLOW_CTX_DAG_RUN_ID='manual__2024-08-12T20:07:54.657198+00:00'
[2024-08-12T20:12:19.080+0000] {external_task.py:244} INFO - Poking for tasks ['optimize_and_register_best_classifier'] in dag quarterly_retrain on 2024-07-31T20:07:54.657198+00:00 ... 
[2024-08-12T20:12:19.099+0000] {taskinstance.py:1895} INFO - Rescheduling task, marking task as UP_FOR_RESCHEDULE
[2024-08-12T20:12:19.148+0000] {local_task_job_runner.py:228} INFO - Task exited with return code 0
[2024-08-12T20:12:19.163+0000] {taskinstance.py:2776} INFO - 0 downstream tasks scheduled from follow-on schedule check
[2024-08-12T20:13:20.751+0000] {taskinstance.py:1157} INFO - Dependencies all met for dep_context=non-requeueable deps ti=<TaskInstance: monthly_prediction.wait_for_retrain manual__2024-08-12T20:07:54.657198+00:00 [queued]>
[2024-08-12T20:13:20.755+0000] {taskinstance.py:1157} INFO - Dependencies all met for dep_context=requeueable deps ti=<TaskInstance: monthly_prediction.wait_for_retrain manual__2024-08-12T20:07:54.657198+00:00 [queued]>
[2024-08-12T20:13:20.757+0000] {taskinstance.py:1359} INFO - Starting attempt 1 of 1
[2024-08-12T20:13:20.763+0000] {taskinstance.py:1380} INFO - Executing <Task(ExternalTaskSensor): wait_for_retrain> on 2024-08-12 20:07:54.657198+00:00
[2024-08-12T20:13:20.768+0000] {standard_task_runner.py:57} INFO - Started process 13739 to run task
[2024-08-12T20:13:20.770+0000] {standard_task_runner.py:84} INFO - Running: ['***', 'tasks', 'run', 'monthly_prediction', 'wait_for_retrain', 'manual__2024-08-12T20:07:54.657198+00:00', '--job-id', '945', '--raw', '--subdir', 'DAGS_FOLDER/monthly_prediction.py', '--cfg-path', '/tmp/tmp95ocbm_k']
[2024-08-12T20:13:20.773+0000] {standard_task_runner.py:85} INFO - Job 945: Subtask wait_for_retrain
[2024-08-12T20:13:21.085+0000] {task_command.py:415} INFO - Running <TaskInstance: monthly_prediction.wait_for_retrain manual__2024-08-12T20:07:54.657198+00:00 [running]> on host a9166c5dc5ae
[2024-08-12T20:13:21.131+0000] {taskinstance.py:1660} INFO - Exporting env vars: AIRFLOW_CTX_DAG_OWNER='***' AIRFLOW_CTX_DAG_ID='monthly_prediction' AIRFLOW_CTX_TASK_ID='wait_for_retrain' AIRFLOW_CTX_EXECUTION_DATE='2024-08-12T20:07:54.657198+00:00' AIRFLOW_CTX_TRY_NUMBER='1' AIRFLOW_CTX_DAG_RUN_ID='manual__2024-08-12T20:07:54.657198+00:00'
[2024-08-12T20:13:21.137+0000] {external_task.py:244} INFO - Poking for tasks ['optimize_and_register_best_classifier'] in dag quarterly_retrain on 2024-07-31T20:07:54.657198+00:00 ... 
[2024-08-12T20:13:21.153+0000] {taskinstance.py:1895} INFO - Rescheduling task, marking task as UP_FOR_RESCHEDULE
[2024-08-12T20:13:21.169+0000] {local_task_job_runner.py:228} INFO - Task exited with return code 0
[2024-08-12T20:13:21.181+0000] {taskinstance.py:2776} INFO - 0 downstream tasks scheduled from follow-on schedule check
[2024-08-12T20:14:22.751+0000] {taskinstance.py:1157} INFO - Dependencies all met for dep_context=non-requeueable deps ti=<TaskInstance: monthly_prediction.wait_for_retrain manual__2024-08-12T20:07:54.657198+00:00 [queued]>
[2024-08-12T20:14:22.755+0000] {taskinstance.py:1157} INFO - Dependencies all met for dep_context=requeueable deps ti=<TaskInstance: monthly_prediction.wait_for_retrain manual__2024-08-12T20:07:54.657198+00:00 [queued]>
[2024-08-12T20:14:22.755+0000] {taskinstance.py:1359} INFO - Starting attempt 1 of 1
[2024-08-12T20:14:22.762+0000] {taskinstance.py:1380} INFO - Executing <Task(ExternalTaskSensor): wait_for_retrain> on 2024-08-12 20:07:54.657198+00:00
[2024-08-12T20:14:22.767+0000] {standard_task_runner.py:57} INFO - Started process 13909 to run task
[2024-08-12T20:14:22.769+0000] {standard_task_runner.py:84} INFO - Running: ['***', 'tasks', 'run', 'monthly_prediction', 'wait_for_retrain', 'manual__2024-08-12T20:07:54.657198+00:00', '--job-id', '953', '--raw', '--subdir', 'DAGS_FOLDER/monthly_prediction.py', '--cfg-path', '/tmp/tmphmfa7f9g']
[2024-08-12T20:14:22.771+0000] {standard_task_runner.py:85} INFO - Job 953: Subtask wait_for_retrain
[2024-08-12T20:14:22.912+0000] {task_command.py:415} INFO - Running <TaskInstance: monthly_prediction.wait_for_retrain manual__2024-08-12T20:07:54.657198+00:00 [running]> on host a9166c5dc5ae
[2024-08-12T20:14:22.943+0000] {taskinstance.py:1660} INFO - Exporting env vars: AIRFLOW_CTX_DAG_OWNER='***' AIRFLOW_CTX_DAG_ID='monthly_prediction' AIRFLOW_CTX_TASK_ID='wait_for_retrain' AIRFLOW_CTX_EXECUTION_DATE='2024-08-12T20:07:54.657198+00:00' AIRFLOW_CTX_TRY_NUMBER='1' AIRFLOW_CTX_DAG_RUN_ID='manual__2024-08-12T20:07:54.657198+00:00'
[2024-08-12T20:14:22.948+0000] {external_task.py:244} INFO - Poking for tasks ['optimize_and_register_best_classifier'] in dag quarterly_retrain on 2024-07-31T20:07:54.657198+00:00 ... 
[2024-08-12T20:14:22.961+0000] {taskinstance.py:1895} INFO - Rescheduling task, marking task as UP_FOR_RESCHEDULE
[2024-08-12T20:14:22.995+0000] {local_task_job_runner.py:228} INFO - Task exited with return code 0
[2024-08-12T20:14:23.005+0000] {taskinstance.py:2776} INFO - 0 downstream tasks scheduled from follow-on schedule check
[2024-08-12T20:15:25.201+0000] {taskinstance.py:1157} INFO - Dependencies all met for dep_context=non-requeueable deps ti=<TaskInstance: monthly_prediction.wait_for_retrain manual__2024-08-12T20:07:54.657198+00:00 [queued]>
[2024-08-12T20:15:25.207+0000] {taskinstance.py:1157} INFO - Dependencies all met for dep_context=requeueable deps ti=<TaskInstance: monthly_prediction.wait_for_retrain manual__2024-08-12T20:07:54.657198+00:00 [queued]>
[2024-08-12T20:15:25.207+0000] {taskinstance.py:1359} INFO - Starting attempt 1 of 1
[2024-08-12T20:15:25.214+0000] {taskinstance.py:1380} INFO - Executing <Task(ExternalTaskSensor): wait_for_retrain> on 2024-08-12 20:07:54.657198+00:00
[2024-08-12T20:15:25.219+0000] {standard_task_runner.py:57} INFO - Started process 14081 to run task
[2024-08-12T20:15:25.222+0000] {standard_task_runner.py:84} INFO - Running: ['***', 'tasks', 'run', 'monthly_prediction', 'wait_for_retrain', 'manual__2024-08-12T20:07:54.657198+00:00', '--job-id', '961', '--raw', '--subdir', 'DAGS_FOLDER/monthly_prediction.py', '--cfg-path', '/tmp/tmpcvywbu9d']
[2024-08-12T20:15:25.225+0000] {standard_task_runner.py:85} INFO - Job 961: Subtask wait_for_retrain
[2024-08-12T20:15:25.419+0000] {task_command.py:415} INFO - Running <TaskInstance: monthly_prediction.wait_for_retrain manual__2024-08-12T20:07:54.657198+00:00 [running]> on host a9166c5dc5ae
[2024-08-12T20:15:25.457+0000] {taskinstance.py:1660} INFO - Exporting env vars: AIRFLOW_CTX_DAG_OWNER='***' AIRFLOW_CTX_DAG_ID='monthly_prediction' AIRFLOW_CTX_TASK_ID='wait_for_retrain' AIRFLOW_CTX_EXECUTION_DATE='2024-08-12T20:07:54.657198+00:00' AIRFLOW_CTX_TRY_NUMBER='1' AIRFLOW_CTX_DAG_RUN_ID='manual__2024-08-12T20:07:54.657198+00:00'
[2024-08-12T20:15:25.462+0000] {external_task.py:244} INFO - Poking for tasks ['optimize_and_register_best_classifier'] in dag quarterly_retrain on 2024-07-31T20:07:54.657198+00:00 ... 
[2024-08-12T20:15:25.478+0000] {taskinstance.py:1895} INFO - Rescheduling task, marking task as UP_FOR_RESCHEDULE
[2024-08-12T20:15:25.490+0000] {local_task_job_runner.py:228} INFO - Task exited with return code 0
[2024-08-12T20:15:25.501+0000] {taskinstance.py:2776} INFO - 0 downstream tasks scheduled from follow-on schedule check
[2024-08-12T20:16:26.986+0000] {taskinstance.py:1157} INFO - Dependencies all met for dep_context=non-requeueable deps ti=<TaskInstance: monthly_prediction.wait_for_retrain manual__2024-08-12T20:07:54.657198+00:00 [queued]>
[2024-08-12T20:16:26.990+0000] {taskinstance.py:1157} INFO - Dependencies all met for dep_context=requeueable deps ti=<TaskInstance: monthly_prediction.wait_for_retrain manual__2024-08-12T20:07:54.657198+00:00 [queued]>
[2024-08-12T20:16:26.990+0000] {taskinstance.py:1359} INFO - Starting attempt 1 of 1
[2024-08-12T20:16:26.995+0000] {taskinstance.py:1380} INFO - Executing <Task(ExternalTaskSensor): wait_for_retrain> on 2024-08-12 20:07:54.657198+00:00
[2024-08-12T20:16:27.000+0000] {standard_task_runner.py:57} INFO - Started process 14242 to run task
[2024-08-12T20:16:27.004+0000] {standard_task_runner.py:84} INFO - Running: ['***', 'tasks', 'run', 'monthly_prediction', 'wait_for_retrain', 'manual__2024-08-12T20:07:54.657198+00:00', '--job-id', '969', '--raw', '--subdir', 'DAGS_FOLDER/monthly_prediction.py', '--cfg-path', '/tmp/tmp3l5sg55g']
[2024-08-12T20:16:27.006+0000] {standard_task_runner.py:85} INFO - Job 969: Subtask wait_for_retrain
[2024-08-12T20:16:27.222+0000] {task_command.py:415} INFO - Running <TaskInstance: monthly_prediction.wait_for_retrain manual__2024-08-12T20:07:54.657198+00:00 [running]> on host a9166c5dc5ae
[2024-08-12T20:16:27.257+0000] {taskinstance.py:1660} INFO - Exporting env vars: AIRFLOW_CTX_DAG_OWNER='***' AIRFLOW_CTX_DAG_ID='monthly_prediction' AIRFLOW_CTX_TASK_ID='wait_for_retrain' AIRFLOW_CTX_EXECUTION_DATE='2024-08-12T20:07:54.657198+00:00' AIRFLOW_CTX_TRY_NUMBER='1' AIRFLOW_CTX_DAG_RUN_ID='manual__2024-08-12T20:07:54.657198+00:00'
[2024-08-12T20:16:27.269+0000] {external_task.py:244} INFO - Poking for tasks ['optimize_and_register_best_classifier'] in dag quarterly_retrain on 2024-07-31T20:07:54.657198+00:00 ... 
[2024-08-12T20:16:27.288+0000] {taskinstance.py:1895} INFO - Rescheduling task, marking task as UP_FOR_RESCHEDULE
[2024-08-12T20:16:27.323+0000] {local_task_job_runner.py:228} INFO - Task exited with return code 0
[2024-08-12T20:16:27.334+0000] {taskinstance.py:2776} INFO - 0 downstream tasks scheduled from follow-on schedule check
[2024-08-12T20:17:28.997+0000] {taskinstance.py:1157} INFO - Dependencies all met for dep_context=non-requeueable deps ti=<TaskInstance: monthly_prediction.wait_for_retrain manual__2024-08-12T20:07:54.657198+00:00 [queued]>
[2024-08-12T20:17:29.001+0000] {taskinstance.py:1157} INFO - Dependencies all met for dep_context=requeueable deps ti=<TaskInstance: monthly_prediction.wait_for_retrain manual__2024-08-12T20:07:54.657198+00:00 [queued]>
[2024-08-12T20:17:29.001+0000] {taskinstance.py:1359} INFO - Starting attempt 1 of 1
[2024-08-12T20:17:29.006+0000] {taskinstance.py:1380} INFO - Executing <Task(ExternalTaskSensor): wait_for_retrain> on 2024-08-12 20:07:54.657198+00:00
[2024-08-12T20:17:29.010+0000] {standard_task_runner.py:57} INFO - Started process 14413 to run task
[2024-08-12T20:17:29.012+0000] {standard_task_runner.py:84} INFO - Running: ['***', 'tasks', 'run', 'monthly_prediction', 'wait_for_retrain', 'manual__2024-08-12T20:07:54.657198+00:00', '--job-id', '977', '--raw', '--subdir', 'DAGS_FOLDER/monthly_prediction.py', '--cfg-path', '/tmp/tmpfk_4h58r']
[2024-08-12T20:17:29.014+0000] {standard_task_runner.py:85} INFO - Job 977: Subtask wait_for_retrain
[2024-08-12T20:17:29.155+0000] {task_command.py:415} INFO - Running <TaskInstance: monthly_prediction.wait_for_retrain manual__2024-08-12T20:07:54.657198+00:00 [running]> on host a9166c5dc5ae
[2024-08-12T20:17:29.187+0000] {taskinstance.py:1660} INFO - Exporting env vars: AIRFLOW_CTX_DAG_OWNER='***' AIRFLOW_CTX_DAG_ID='monthly_prediction' AIRFLOW_CTX_TASK_ID='wait_for_retrain' AIRFLOW_CTX_EXECUTION_DATE='2024-08-12T20:07:54.657198+00:00' AIRFLOW_CTX_TRY_NUMBER='1' AIRFLOW_CTX_DAG_RUN_ID='manual__2024-08-12T20:07:54.657198+00:00'
[2024-08-12T20:17:29.192+0000] {external_task.py:244} INFO - Poking for tasks ['optimize_and_register_best_classifier'] in dag quarterly_retrain on 2024-07-31T20:07:54.657198+00:00 ... 
[2024-08-12T20:17:29.205+0000] {taskinstance.py:1895} INFO - Rescheduling task, marking task as UP_FOR_RESCHEDULE
[2024-08-12T20:17:29.243+0000] {local_task_job_runner.py:228} INFO - Task exited with return code 0
[2024-08-12T20:17:29.252+0000] {taskinstance.py:2776} INFO - 0 downstream tasks scheduled from follow-on schedule check
[2024-08-12T20:18:30.531+0000] {taskinstance.py:1157} INFO - Dependencies all met for dep_context=non-requeueable deps ti=<TaskInstance: monthly_prediction.wait_for_retrain manual__2024-08-12T20:07:54.657198+00:00 [queued]>
[2024-08-12T20:18:30.535+0000] {taskinstance.py:1157} INFO - Dependencies all met for dep_context=requeueable deps ti=<TaskInstance: monthly_prediction.wait_for_retrain manual__2024-08-12T20:07:54.657198+00:00 [queued]>
[2024-08-12T20:18:30.535+0000] {taskinstance.py:1359} INFO - Starting attempt 1 of 1
[2024-08-12T20:18:30.541+0000] {taskinstance.py:1380} INFO - Executing <Task(ExternalTaskSensor): wait_for_retrain> on 2024-08-12 20:07:54.657198+00:00
[2024-08-12T20:18:30.546+0000] {standard_task_runner.py:57} INFO - Started process 14585 to run task
[2024-08-12T20:18:30.549+0000] {standard_task_runner.py:84} INFO - Running: ['***', 'tasks', 'run', 'monthly_prediction', 'wait_for_retrain', 'manual__2024-08-12T20:07:54.657198+00:00', '--job-id', '985', '--raw', '--subdir', 'DAGS_FOLDER/monthly_prediction.py', '--cfg-path', '/tmp/tmp9jdxdvrr']
[2024-08-12T20:18:30.552+0000] {standard_task_runner.py:85} INFO - Job 985: Subtask wait_for_retrain
[2024-08-12T20:18:30.890+0000] {task_command.py:415} INFO - Running <TaskInstance: monthly_prediction.wait_for_retrain manual__2024-08-12T20:07:54.657198+00:00 [running]> on host a9166c5dc5ae
[2024-08-12T20:18:30.929+0000] {taskinstance.py:1660} INFO - Exporting env vars: AIRFLOW_CTX_DAG_OWNER='***' AIRFLOW_CTX_DAG_ID='monthly_prediction' AIRFLOW_CTX_TASK_ID='wait_for_retrain' AIRFLOW_CTX_EXECUTION_DATE='2024-08-12T20:07:54.657198+00:00' AIRFLOW_CTX_TRY_NUMBER='1' AIRFLOW_CTX_DAG_RUN_ID='manual__2024-08-12T20:07:54.657198+00:00'
[2024-08-12T20:18:30.934+0000] {external_task.py:244} INFO - Poking for tasks ['optimize_and_register_best_classifier'] in dag quarterly_retrain on 2024-07-31T20:07:54.657198+00:00 ... 
[2024-08-12T20:18:30.940+0000] {taskinstance.py:1935} ERROR - Task failed with exception
Traceback (most recent call last):
  File "/home/airflow/.local/lib/python3.8/site-packages/airflow/sensors/external_task.py", line 334, in execute
    super().execute(context)
  File "/home/airflow/.local/lib/python3.8/site-packages/airflow/sensors/base.py", line 274, in execute
    raise AirflowSensorTimeout(message)
airflow.exceptions.AirflowSensorTimeout: Sensor has timed out; run duration of 632.820202 seconds exceeds the specified timeout of 600.0.
[2024-08-12T20:18:30.950+0000] {taskinstance.py:1398} INFO - Immediate failure requested. Marking task as FAILED. dag_id=monthly_prediction, task_id=wait_for_retrain, execution_date=20240812T200754, start_date=20240812T201830, end_date=20240812T201830
[2024-08-12T20:18:30.958+0000] {standard_task_runner.py:104} ERROR - Failed to execute job 985 for task wait_for_retrain (Sensor has timed out; run duration of 632.820202 seconds exceeds the specified timeout of 600.0.; 14585)
[2024-08-12T20:18:31.000+0000] {local_task_job_runner.py:228} INFO - Task exited with return code 1
[2024-08-12T20:18:31.012+0000] {taskinstance.py:2776} INFO - 0 downstream tasks scheduled from follow-on schedule check
