[2024-08-12T18:04:48.454+0000] {taskinstance.py:1157} INFO - Dependencies all met for dep_context=non-requeueable deps ti=<TaskInstance: monthly_monitor.prep_data scheduled__2024-05-01T00:00:00+00:00 [queued]>
[2024-08-12T18:04:48.478+0000] {taskinstance.py:1157} INFO - Dependencies all met for dep_context=requeueable deps ti=<TaskInstance: monthly_monitor.prep_data scheduled__2024-05-01T00:00:00+00:00 [queued]>
[2024-08-12T18:04:48.489+0000] {taskinstance.py:1359} INFO - Starting attempt 1 of 1
[2024-08-12T18:04:48.579+0000] {taskinstance.py:1380} INFO - Executing <Task(_PythonDecoratedOperator): prep_data> on 2024-05-01 00:00:00+00:00
[2024-08-12T18:04:48.719+0000] {standard_task_runner.py:57} INFO - Started process 7842 to run task
[2024-08-12T18:04:48.766+0000] {standard_task_runner.py:84} INFO - Running: ['***', 'tasks', 'run', 'monthly_monitor', 'prep_data', 'scheduled__2024-05-01T00:00:00+00:00', '--job-id', '208', '--raw', '--subdir', 'DAGS_FOLDER/monitor.py', '--cfg-path', '/tmp/tmp1c10n9fb']
[2024-08-12T18:04:48.778+0000] {standard_task_runner.py:85} INFO - Job 208: Subtask prep_data
[2024-08-12T18:04:49.094+0000] {task_command.py:415} INFO - Running <TaskInstance: monthly_monitor.prep_data scheduled__2024-05-01T00:00:00+00:00 [running]> on host a9166c5dc5ae
[2024-08-12T18:04:49.505+0000] {taskinstance.py:1660} INFO - Exporting env vars: AIRFLOW_CTX_DAG_OWNER='***' AIRFLOW_CTX_DAG_ID='monthly_monitor' AIRFLOW_CTX_TASK_ID='prep_data' AIRFLOW_CTX_EXECUTION_DATE='2024-05-01T00:00:00+00:00' AIRFLOW_CTX_TRY_NUMBER='1' AIRFLOW_CTX_DAG_RUN_ID='scheduled__2024-05-01T00:00:00+00:00'
[2024-08-12T18:04:49.514+0000] {taskinstance.py:1935} ERROR - Task failed with exception
Traceback (most recent call last):
  File "/home/airflow/.local/lib/python3.8/site-packages/airflow/decorators/base.py", line 221, in execute
    return_value = super().execute(context)
  File "/home/airflow/.local/lib/python3.8/site-packages/airflow/operators/python.py", line 192, in execute
    return_value = self.execute_callable()
  File "/home/airflow/.local/lib/python3.8/site-packages/airflow/operators/python.py", line 209, in execute_callable
    return self.python_callable(*self.op_args, **self.op_kwargs)
  File "/opt/airflow/dags/monitor.py", line 65, in prep_data
    previous_month = (month_end + pd.offsets.MonthEnd(-1))
TypeError: can only concatenate str (not "pandas._libs.tslibs.offsets.MonthEnd") to str
[2024-08-12T18:04:49.555+0000] {taskinstance.py:1398} INFO - Marking task as FAILED. dag_id=monthly_monitor, task_id=prep_data, execution_date=20240501T000000, start_date=20240812T180448, end_date=20240812T180449
[2024-08-12T18:04:49.605+0000] {standard_task_runner.py:104} ERROR - Failed to execute job 208 for task prep_data (can only concatenate str (not "pandas._libs.tslibs.offsets.MonthEnd") to str; 7842)
[2024-08-12T18:04:49.698+0000] {local_task_job_runner.py:228} INFO - Task exited with return code 1
[2024-08-12T18:04:49.833+0000] {taskinstance.py:2776} INFO - 0 downstream tasks scheduled from follow-on schedule check
[2024-08-12T18:13:34.448+0000] {taskinstance.py:1157} INFO - Dependencies all met for dep_context=non-requeueable deps ti=<TaskInstance: monthly_monitor.prep_data scheduled__2024-05-01T00:00:00+00:00 [queued]>
[2024-08-12T18:13:34.504+0000] {taskinstance.py:1157} INFO - Dependencies all met for dep_context=requeueable deps ti=<TaskInstance: monthly_monitor.prep_data scheduled__2024-05-01T00:00:00+00:00 [queued]>
[2024-08-12T18:13:34.508+0000] {taskinstance.py:1359} INFO - Starting attempt 1 of 1
[2024-08-12T18:13:34.873+0000] {taskinstance.py:1380} INFO - Executing <Task(_PythonDecoratedOperator): prep_data> on 2024-05-01 00:00:00+00:00
[2024-08-12T18:13:34.927+0000] {standard_task_runner.py:84} INFO - Running: ['***', 'tasks', 'run', 'monthly_monitor', 'prep_data', 'scheduled__2024-05-01T00:00:00+00:00', '--job-id', '257', '--raw', '--subdir', 'DAGS_FOLDER/monitor.py', '--cfg-path', '/tmp/tmpze0hozg8']
[2024-08-12T18:13:34.937+0000] {standard_task_runner.py:85} INFO - Job 257: Subtask prep_data
[2024-08-12T18:13:34.965+0000] {standard_task_runner.py:57} INFO - Started process 9108 to run task
[2024-08-12T18:13:35.229+0000] {task_command.py:415} INFO - Running <TaskInstance: monthly_monitor.prep_data scheduled__2024-05-01T00:00:00+00:00 [running]> on host a9166c5dc5ae
[2024-08-12T18:13:36.117+0000] {taskinstance.py:1660} INFO - Exporting env vars: AIRFLOW_CTX_DAG_OWNER='***' AIRFLOW_CTX_DAG_ID='monthly_monitor' AIRFLOW_CTX_TASK_ID='prep_data' AIRFLOW_CTX_EXECUTION_DATE='2024-05-01T00:00:00+00:00' AIRFLOW_CTX_TRY_NUMBER='1' AIRFLOW_CTX_DAG_RUN_ID='scheduled__2024-05-01T00:00:00+00:00'
[2024-08-12T18:13:41.447+0000] {python.py:194} INFO - Done. Returned value was: ('2024-04-30', 1.0, 0)
[2024-08-12T18:13:41.547+0000] {taskinstance.py:1398} INFO - Marking task as SUCCESS. dag_id=monthly_monitor, task_id=prep_data, execution_date=20240501T000000, start_date=20240812T181334, end_date=20240812T181341
[2024-08-12T18:13:41.698+0000] {local_task_job_runner.py:228} INFO - Task exited with return code 0
[2024-08-12T18:13:41.863+0000] {taskinstance.py:2776} INFO - 1 downstream tasks scheduled from follow-on schedule check
[2024-08-12T19:22:03.999+0000] {taskinstance.py:1157} INFO - Dependencies all met for dep_context=non-requeueable deps ti=<TaskInstance: monthly_monitor.prep_data scheduled__2024-05-01T00:00:00+00:00 [queued]>
[2024-08-12T19:22:04.043+0000] {taskinstance.py:1157} INFO - Dependencies all met for dep_context=requeueable deps ti=<TaskInstance: monthly_monitor.prep_data scheduled__2024-05-01T00:00:00+00:00 [queued]>
[2024-08-12T19:22:04.052+0000] {taskinstance.py:1359} INFO - Starting attempt 1 of 1
[2024-08-12T19:22:04.327+0000] {taskinstance.py:1380} INFO - Executing <Task(_PythonDecoratedOperator): prep_data> on 2024-05-01 00:00:00+00:00
[2024-08-12T19:22:04.421+0000] {standard_task_runner.py:57} INFO - Started process 4274 to run task
[2024-08-12T19:22:04.437+0000] {standard_task_runner.py:84} INFO - Running: ['***', 'tasks', 'run', 'monthly_monitor', 'prep_data', 'scheduled__2024-05-01T00:00:00+00:00', '--job-id', '489', '--raw', '--subdir', 'DAGS_FOLDER/monitor.py', '--cfg-path', '/tmp/tmp888pedqv']
[2024-08-12T19:22:04.522+0000] {standard_task_runner.py:85} INFO - Job 489: Subtask prep_data
[2024-08-12T19:22:04.786+0000] {task_command.py:415} INFO - Running <TaskInstance: monthly_monitor.prep_data scheduled__2024-05-01T00:00:00+00:00 [running]> on host a9166c5dc5ae
[2024-08-12T19:22:04.997+0000] {taskinstance.py:1660} INFO - Exporting env vars: AIRFLOW_CTX_DAG_OWNER='***' AIRFLOW_CTX_DAG_ID='monthly_monitor' AIRFLOW_CTX_TASK_ID='prep_data' AIRFLOW_CTX_EXECUTION_DATE='2024-05-01T00:00:00+00:00' AIRFLOW_CTX_TRY_NUMBER='1' AIRFLOW_CTX_DAG_RUN_ID='scheduled__2024-05-01T00:00:00+00:00'
[2024-08-12T19:22:07.075+0000] {python.py:194} INFO - Done. Returned value was: ('2024-04-30', 1.0, 0, 0.0)
[2024-08-12T19:22:07.307+0000] {taskinstance.py:1398} INFO - Marking task as SUCCESS. dag_id=monthly_monitor, task_id=prep_data, execution_date=20240501T000000, start_date=20240812T192204, end_date=20240812T192207
[2024-08-12T19:22:07.645+0000] {local_task_job_runner.py:228} INFO - Task exited with return code 0
[2024-08-12T19:22:07.776+0000] {taskinstance.py:2776} INFO - 1 downstream tasks scheduled from follow-on schedule check
[2024-08-12T19:27:12.522+0000] {taskinstance.py:1157} INFO - Dependencies all met for dep_context=non-requeueable deps ti=<TaskInstance: monthly_monitor.prep_data scheduled__2024-05-01T00:00:00+00:00 [queued]>
[2024-08-12T19:27:12.553+0000] {taskinstance.py:1157} INFO - Dependencies all met for dep_context=requeueable deps ti=<TaskInstance: monthly_monitor.prep_data scheduled__2024-05-01T00:00:00+00:00 [queued]>
[2024-08-12T19:27:12.561+0000] {taskinstance.py:1359} INFO - Starting attempt 1 of 1
[2024-08-12T19:27:12.679+0000] {taskinstance.py:1380} INFO - Executing <Task(_PythonDecoratedOperator): prep_data> on 2024-05-01 00:00:00+00:00
[2024-08-12T19:27:12.740+0000] {standard_task_runner.py:57} INFO - Started process 5244 to run task
[2024-08-12T19:27:12.771+0000] {standard_task_runner.py:84} INFO - Running: ['***', 'tasks', 'run', 'monthly_monitor', 'prep_data', 'scheduled__2024-05-01T00:00:00+00:00', '--job-id', '533', '--raw', '--subdir', 'DAGS_FOLDER/monitor.py', '--cfg-path', '/tmp/tmpxjauyh9m']
[2024-08-12T19:27:12.777+0000] {standard_task_runner.py:85} INFO - Job 533: Subtask prep_data
[2024-08-12T19:27:12.968+0000] {task_command.py:415} INFO - Running <TaskInstance: monthly_monitor.prep_data scheduled__2024-05-01T00:00:00+00:00 [running]> on host a9166c5dc5ae
[2024-08-12T19:27:13.161+0000] {taskinstance.py:1660} INFO - Exporting env vars: AIRFLOW_CTX_DAG_OWNER='***' AIRFLOW_CTX_DAG_ID='monthly_monitor' AIRFLOW_CTX_TASK_ID='prep_data' AIRFLOW_CTX_EXECUTION_DATE='2024-05-01T00:00:00+00:00' AIRFLOW_CTX_TRY_NUMBER='1' AIRFLOW_CTX_DAG_RUN_ID='scheduled__2024-05-01T00:00:00+00:00'
[2024-08-12T19:27:15.803+0000] {python.py:194} INFO - Done. Returned value was: ('2024-04-30', 1.0, 0, 0.0)
[2024-08-12T19:27:16.043+0000] {taskinstance.py:1398} INFO - Marking task as SUCCESS. dag_id=monthly_monitor, task_id=prep_data, execution_date=20240501T000000, start_date=20240812T192712, end_date=20240812T192716
[2024-08-12T19:27:16.161+0000] {local_task_job_runner.py:228} INFO - Task exited with return code 0
[2024-08-12T19:27:16.545+0000] {taskinstance.py:2776} INFO - 0 downstream tasks scheduled from follow-on schedule check
[2024-08-12T19:28:39.052+0000] {taskinstance.py:1157} INFO - Dependencies all met for dep_context=non-requeueable deps ti=<TaskInstance: monthly_monitor.prep_data scheduled__2024-05-01T00:00:00+00:00 [queued]>
[2024-08-12T19:28:39.063+0000] {taskinstance.py:1157} INFO - Dependencies all met for dep_context=requeueable deps ti=<TaskInstance: monthly_monitor.prep_data scheduled__2024-05-01T00:00:00+00:00 [queued]>
[2024-08-12T19:28:39.066+0000] {taskinstance.py:1359} INFO - Starting attempt 1 of 1
[2024-08-12T19:28:39.116+0000] {taskinstance.py:1380} INFO - Executing <Task(_PythonDecoratedOperator): prep_data> on 2024-05-01 00:00:00+00:00
[2024-08-12T19:28:39.125+0000] {standard_task_runner.py:57} INFO - Started process 5783 to run task
[2024-08-12T19:28:39.135+0000] {standard_task_runner.py:84} INFO - Running: ['***', 'tasks', 'run', 'monthly_monitor', 'prep_data', 'scheduled__2024-05-01T00:00:00+00:00', '--job-id', '580', '--raw', '--subdir', 'DAGS_FOLDER/monitor.py', '--cfg-path', '/tmp/tmp92dzjh6u']
[2024-08-12T19:28:39.140+0000] {standard_task_runner.py:85} INFO - Job 580: Subtask prep_data
[2024-08-12T19:28:39.240+0000] {task_command.py:415} INFO - Running <TaskInstance: monthly_monitor.prep_data scheduled__2024-05-01T00:00:00+00:00 [running]> on host a9166c5dc5ae
[2024-08-12T19:28:39.386+0000] {taskinstance.py:1660} INFO - Exporting env vars: AIRFLOW_CTX_DAG_OWNER='***' AIRFLOW_CTX_DAG_ID='monthly_monitor' AIRFLOW_CTX_TASK_ID='prep_data' AIRFLOW_CTX_EXECUTION_DATE='2024-05-01T00:00:00+00:00' AIRFLOW_CTX_TRY_NUMBER='1' AIRFLOW_CTX_DAG_RUN_ID='scheduled__2024-05-01T00:00:00+00:00'
[2024-08-12T19:28:40.856+0000] {python.py:194} INFO - Done. Returned value was: ('2024-04-30', 1.0, 0, 0.0)
[2024-08-12T19:28:40.957+0000] {taskinstance.py:1398} INFO - Marking task as SUCCESS. dag_id=monthly_monitor, task_id=prep_data, execution_date=20240501T000000, start_date=20240812T192839, end_date=20240812T192840
[2024-08-12T19:28:41.073+0000] {local_task_job_runner.py:228} INFO - Task exited with return code 0
[2024-08-12T19:28:41.170+0000] {taskinstance.py:2776} INFO - 1 downstream tasks scheduled from follow-on schedule check
[2024-08-12T20:09:48.563+0000] {taskinstance.py:1157} INFO - Dependencies all met for dep_context=non-requeueable deps ti=<TaskInstance: monthly_monitor.prep_data scheduled__2024-05-01T00:00:00+00:00 [queued]>
[2024-08-12T20:09:48.625+0000] {taskinstance.py:1157} INFO - Dependencies all met for dep_context=requeueable deps ti=<TaskInstance: monthly_monitor.prep_data scheduled__2024-05-01T00:00:00+00:00 [queued]>
[2024-08-12T20:09:48.635+0000] {taskinstance.py:1359} INFO - Starting attempt 1 of 1
[2024-08-12T20:09:48.801+0000] {taskinstance.py:1380} INFO - Executing <Task(_PythonDecoratedOperator): prep_data> on 2024-05-01 00:00:00+00:00
[2024-08-12T20:09:48.933+0000] {standard_task_runner.py:57} INFO - Started process 13041 to run task
[2024-08-12T20:09:48.952+0000] {standard_task_runner.py:84} INFO - Running: ['***', 'tasks', 'run', 'monthly_monitor', 'prep_data', 'scheduled__2024-05-01T00:00:00+00:00', '--job-id', '899', '--raw', '--subdir', 'DAGS_FOLDER/monitor.py', '--cfg-path', '/tmp/tmp54y211bi']
[2024-08-12T20:09:48.994+0000] {standard_task_runner.py:85} INFO - Job 899: Subtask prep_data
[2024-08-12T20:09:49.588+0000] {task_command.py:415} INFO - Running <TaskInstance: monthly_monitor.prep_data scheduled__2024-05-01T00:00:00+00:00 [running]> on host a9166c5dc5ae
[2024-08-12T20:09:51.127+0000] {taskinstance.py:1660} INFO - Exporting env vars: AIRFLOW_CTX_DAG_OWNER='***' AIRFLOW_CTX_DAG_ID='monthly_monitor' AIRFLOW_CTX_TASK_ID='prep_data' AIRFLOW_CTX_EXECUTION_DATE='2024-05-01T00:00:00+00:00' AIRFLOW_CTX_TRY_NUMBER='1' AIRFLOW_CTX_DAG_RUN_ID='scheduled__2024-05-01T00:00:00+00:00'
[2024-08-12T20:09:59.158+0000] {python.py:194} INFO - Done. Returned value was: ('2024-04-30', 0.03323009782223374, 4, 0.12903225806451613)
[2024-08-12T20:09:59.422+0000] {taskinstance.py:1398} INFO - Marking task as SUCCESS. dag_id=monthly_monitor, task_id=prep_data, execution_date=20240501T000000, start_date=20240812T200948, end_date=20240812T200959
[2024-08-12T20:09:59.877+0000] {local_task_job_runner.py:228} INFO - Task exited with return code 0
[2024-08-12T20:10:00.486+0000] {taskinstance.py:2776} INFO - 0 downstream tasks scheduled from follow-on schedule check
