[2024-08-12T17:36:51.318+0000] {taskinstance.py:1157} INFO - Dependencies all met for dep_context=non-requeueable deps ti=<TaskInstance: monthly_prediction.predict_and_save manual__2024-08-12T17:36:48.153734+00:00 [queued]>
[2024-08-12T17:36:51.321+0000] {taskinstance.py:1157} INFO - Dependencies all met for dep_context=requeueable deps ti=<TaskInstance: monthly_prediction.predict_and_save manual__2024-08-12T17:36:48.153734+00:00 [queued]>
[2024-08-12T17:36:51.321+0000] {taskinstance.py:1359} INFO - Starting attempt 1 of 1
[2024-08-12T17:36:51.326+0000] {taskinstance.py:1380} INFO - Executing <Task(_PythonDecoratedOperator): predict_and_save> on 2024-08-12 17:36:48.153734+00:00
[2024-08-12T17:36:51.329+0000] {standard_task_runner.py:57} INFO - Started process 4010 to run task
[2024-08-12T17:36:51.331+0000] {standard_task_runner.py:84} INFO - Running: ['***', 'tasks', 'run', 'monthly_prediction', 'predict_and_save', 'manual__2024-08-12T17:36:48.153734+00:00', '--job-id', '192', '--raw', '--subdir', 'DAGS_FOLDER/monthly_prediction.py', '--cfg-path', '/tmp/tmpfgy91ett']
[2024-08-12T17:36:51.332+0000] {standard_task_runner.py:85} INFO - Job 192: Subtask predict_and_save
[2024-08-12T17:36:51.355+0000] {task_command.py:415} INFO - Running <TaskInstance: monthly_prediction.predict_and_save manual__2024-08-12T17:36:48.153734+00:00 [running]> on host a9166c5dc5ae
[2024-08-12T17:36:51.522+0000] {taskinstance.py:1660} INFO - Exporting env vars: AIRFLOW_CTX_DAG_OWNER='***' AIRFLOW_CTX_DAG_ID='monthly_prediction' AIRFLOW_CTX_TASK_ID='predict_and_save' AIRFLOW_CTX_EXECUTION_DATE='2024-08-12T17:36:48.153734+00:00' AIRFLOW_CTX_TRY_NUMBER='1' AIRFLOW_CTX_DAG_RUN_ID='manual__2024-08-12T17:36:48.153734+00:00'
[2024-08-12T17:36:51.574+0000] {logging_mixin.py:151} INFO - [<ModelVersion: aliases=[], creation_timestamp=1723483634222, current_stage='None', description='', last_updated_timestamp=1723483634222, name='RandomForestClassifier', run_id='562e66a99b734853943c65acca218544', run_link='', source='gs://mlflow-artifacts-bt/1/562e66a99b734853943c65acca218544/artifacts/models', status='READY', status_message='', tags={}, user_id='', version='1'>]
[2024-08-12T17:36:51.574+0000] {logging_mixin.py:151} INFO - gs://mlflow-artifacts-bt/1/562e66a99b734853943c65acca218544/artifacts/models
[2024-08-12T17:36:52.242+0000] {logging_mixin.py:151} WARNING - Downloading artifacts:   0%|          | 0/9 [00:00<?, ?it/s]
[2024-08-12T17:36:52.242+0000] {logging_mixin.py:151} WARNING - Downloading artifacts:  11%|#1        | 1/9 [00:00<00:00, 15252.01it/s]
[2024-08-12T17:36:52.243+0000] {logging_mixin.py:151} WARNING - Downloading artifacts:  22%|##2       | 2/9 [00:00<00:00, 6218.39it/s] 
[2024-08-12T17:36:52.311+0000] {logging_mixin.py:151} WARNING - Downloading artifacts:  33%|###3      | 3/9 [00:00<00:00, 43.58it/s]  
[2024-08-12T17:36:52.330+0000] {logging_mixin.py:151} WARNING - Downloading artifacts:  44%|####4     | 4/9 [00:00<00:00, 45.88it/s]
[2024-08-12T17:36:52.340+0000] {logging_mixin.py:151} WARNING - Downloading artifacts:  56%|#####5    | 5/9 [00:00<00:00, 51.29it/s]
[2024-08-12T17:36:52.431+0000] {logging_mixin.py:151} WARNING - Downloading artifacts:  67%|######6   | 6/9 [00:00<00:00, 31.89it/s]
[2024-08-12T17:36:52.434+0000] {logging_mixin.py:151} WARNING - Downloading artifacts:  67%|######6   | 6/9 [00:00<00:00, 31.89it/s]
[2024-08-12T17:36:52.435+0000] {logging_mixin.py:151} WARNING - Downloading artifacts:  78%|#######7  | 7/9 [00:00<00:00, 31.89it/s]
[2024-08-12T17:36:52.436+0000] {logging_mixin.py:151} WARNING - Downloading artifacts:  89%|########8 | 8/9 [00:00<00:00, 31.89it/s]
[2024-08-12T17:36:53.401+0000] {logging_mixin.py:151} WARNING - Downloading artifacts: 100%|##########| 9/9 [00:01<00:00, 31.89it/s]
[2024-08-12T17:36:53.402+0000] {logging_mixin.py:151} WARNING - Downloading artifacts: 100%|##########| 9/9 [00:01<00:00,  7.76it/s]
[2024-08-12T17:36:53.554+0000] {logging_mixin.py:151} INFO - RandomForestClassifier version 1 loaded
[2024-08-12T17:36:53.924+0000] {python.py:194} INFO - Done. Returned value was: None
[2024-08-12T17:36:53.939+0000] {taskinstance.py:1398} INFO - Marking task as SUCCESS. dag_id=monthly_prediction, task_id=predict_and_save, execution_date=20240812T173648, start_date=20240812T173651, end_date=20240812T173653
[2024-08-12T17:36:53.970+0000] {local_task_job_runner.py:228} INFO - Task exited with return code 0
[2024-08-12T17:36:53.979+0000] {taskinstance.py:2776} INFO - 0 downstream tasks scheduled from follow-on schedule check
