[2024-08-12T18:04:49.434+0000] {taskinstance.py:1157} INFO - Dependencies all met for dep_context=non-requeueable deps ti=<TaskInstance: monthly_monitor.prep_data scheduled__2024-04-01T00:00:00+00:00 [queued]>
[2024-08-12T18:04:49.444+0000] {taskinstance.py:1157} INFO - Dependencies all met for dep_context=requeueable deps ti=<TaskInstance: monthly_monitor.prep_data scheduled__2024-04-01T00:00:00+00:00 [queued]>
[2024-08-12T18:04:49.448+0000] {taskinstance.py:1359} INFO - Starting attempt 1 of 1
[2024-08-12T18:04:49.519+0000] {taskinstance.py:1380} INFO - Executing <Task(_PythonDecoratedOperator): prep_data> on 2024-04-01 00:00:00+00:00
[2024-08-12T18:04:49.608+0000] {standard_task_runner.py:57} INFO - Started process 7852 to run task
[2024-08-12T18:04:49.638+0000] {standard_task_runner.py:84} INFO - Running: ['***', 'tasks', 'run', 'monthly_monitor', 'prep_data', 'scheduled__2024-04-01T00:00:00+00:00', '--job-id', '213', '--raw', '--subdir', 'DAGS_FOLDER/monitor.py', '--cfg-path', '/tmp/tmpoikwfgsi']
[2024-08-12T18:04:49.665+0000] {standard_task_runner.py:85} INFO - Job 213: Subtask prep_data
[2024-08-12T18:04:49.841+0000] {task_command.py:415} INFO - Running <TaskInstance: monthly_monitor.prep_data scheduled__2024-04-01T00:00:00+00:00 [running]> on host a9166c5dc5ae
[2024-08-12T18:04:49.960+0000] {taskinstance.py:1660} INFO - Exporting env vars: AIRFLOW_CTX_DAG_OWNER='***' AIRFLOW_CTX_DAG_ID='monthly_monitor' AIRFLOW_CTX_TASK_ID='prep_data' AIRFLOW_CTX_EXECUTION_DATE='2024-04-01T00:00:00+00:00' AIRFLOW_CTX_TRY_NUMBER='1' AIRFLOW_CTX_DAG_RUN_ID='scheduled__2024-04-01T00:00:00+00:00'
[2024-08-12T18:04:49.964+0000] {taskinstance.py:1935} ERROR - Task failed with exception
Traceback (most recent call last):
  File "/home/airflow/.local/lib/python3.8/site-packages/airflow/decorators/base.py", line 221, in execute
    return_value = super().execute(context)
  File "/home/airflow/.local/lib/python3.8/site-packages/airflow/operators/python.py", line 192, in execute
    return_value = self.execute_callable()
  File "/home/airflow/.local/lib/python3.8/site-packages/airflow/operators/python.py", line 209, in execute_callable
    return self.python_callable(*self.op_args, **self.op_kwargs)
  File "/opt/airflow/dags/monitor.py", line 65, in prep_data
    previous_month = (month_end + pd.offsets.MonthEnd(-1))
TypeError: can only concatenate str (not "pandas._libs.tslibs.offsets.MonthEnd") to str
[2024-08-12T18:04:49.995+0000] {taskinstance.py:1398} INFO - Marking task as FAILED. dag_id=monthly_monitor, task_id=prep_data, execution_date=20240401T000000, start_date=20240812T180449, end_date=20240812T180449
[2024-08-12T18:04:50.009+0000] {standard_task_runner.py:104} ERROR - Failed to execute job 213 for task prep_data (can only concatenate str (not "pandas._libs.tslibs.offsets.MonthEnd") to str; 7852)
[2024-08-12T18:04:50.051+0000] {local_task_job_runner.py:228} INFO - Task exited with return code 1
[2024-08-12T18:04:50.125+0000] {taskinstance.py:2776} INFO - 0 downstream tasks scheduled from follow-on schedule check
[2024-08-12T18:13:30.286+0000] {taskinstance.py:1157} INFO - Dependencies all met for dep_context=non-requeueable deps ti=<TaskInstance: monthly_monitor.prep_data scheduled__2024-04-01T00:00:00+00:00 [queued]>
[2024-08-12T18:13:30.322+0000] {taskinstance.py:1157} INFO - Dependencies all met for dep_context=requeueable deps ti=<TaskInstance: monthly_monitor.prep_data scheduled__2024-04-01T00:00:00+00:00 [queued]>
[2024-08-12T18:13:30.326+0000] {taskinstance.py:1359} INFO - Starting attempt 1 of 1
[2024-08-12T18:13:30.380+0000] {taskinstance.py:1380} INFO - Executing <Task(_PythonDecoratedOperator): prep_data> on 2024-04-01 00:00:00+00:00
[2024-08-12T18:13:30.517+0000] {standard_task_runner.py:57} INFO - Started process 9077 to run task
[2024-08-12T18:13:30.563+0000] {standard_task_runner.py:84} INFO - Running: ['***', 'tasks', 'run', 'monthly_monitor', 'prep_data', 'scheduled__2024-04-01T00:00:00+00:00', '--job-id', '246', '--raw', '--subdir', 'DAGS_FOLDER/monitor.py', '--cfg-path', '/tmp/tmp_efy4as0']
[2024-08-12T18:13:30.634+0000] {standard_task_runner.py:85} INFO - Job 246: Subtask prep_data
[2024-08-12T18:13:30.987+0000] {task_command.py:415} INFO - Running <TaskInstance: monthly_monitor.prep_data scheduled__2024-04-01T00:00:00+00:00 [running]> on host a9166c5dc5ae
[2024-08-12T18:13:31.342+0000] {taskinstance.py:1660} INFO - Exporting env vars: AIRFLOW_CTX_DAG_OWNER='***' AIRFLOW_CTX_DAG_ID='monthly_monitor' AIRFLOW_CTX_TASK_ID='prep_data' AIRFLOW_CTX_EXECUTION_DATE='2024-04-01T00:00:00+00:00' AIRFLOW_CTX_TRY_NUMBER='1' AIRFLOW_CTX_DAG_RUN_ID='scheduled__2024-04-01T00:00:00+00:00'
[2024-08-12T18:13:35.625+0000] {python.py:194} INFO - Done. Returned value was: ('2024-03-31', 1.0, 0)
[2024-08-12T18:13:35.988+0000] {taskinstance.py:1398} INFO - Marking task as SUCCESS. dag_id=monthly_monitor, task_id=prep_data, execution_date=20240401T000000, start_date=20240812T181330, end_date=20240812T181335
[2024-08-12T18:13:36.165+0000] {local_task_job_runner.py:228} INFO - Task exited with return code 0
[2024-08-12T18:13:36.676+0000] {taskinstance.py:2776} INFO - 0 downstream tasks scheduled from follow-on schedule check
[2024-08-12T19:22:04.182+0000] {taskinstance.py:1157} INFO - Dependencies all met for dep_context=non-requeueable deps ti=<TaskInstance: monthly_monitor.prep_data scheduled__2024-04-01T00:00:00+00:00 [queued]>
[2024-08-12T19:22:04.220+0000] {taskinstance.py:1157} INFO - Dependencies all met for dep_context=requeueable deps ti=<TaskInstance: monthly_monitor.prep_data scheduled__2024-04-01T00:00:00+00:00 [queued]>
[2024-08-12T19:22:04.225+0000] {taskinstance.py:1359} INFO - Starting attempt 1 of 1
[2024-08-12T19:22:04.324+0000] {taskinstance.py:1380} INFO - Executing <Task(_PythonDecoratedOperator): prep_data> on 2024-04-01 00:00:00+00:00
[2024-08-12T19:22:04.364+0000] {standard_task_runner.py:57} INFO - Started process 4273 to run task
[2024-08-12T19:22:04.496+0000] {standard_task_runner.py:84} INFO - Running: ['***', 'tasks', 'run', 'monthly_monitor', 'prep_data', 'scheduled__2024-04-01T00:00:00+00:00', '--job-id', '490', '--raw', '--subdir', 'DAGS_FOLDER/monitor.py', '--cfg-path', '/tmp/tmpgvs1xp1w']
[2024-08-12T19:22:04.514+0000] {standard_task_runner.py:85} INFO - Job 490: Subtask prep_data
[2024-08-12T19:22:04.790+0000] {task_command.py:415} INFO - Running <TaskInstance: monthly_monitor.prep_data scheduled__2024-04-01T00:00:00+00:00 [running]> on host a9166c5dc5ae
[2024-08-12T19:22:05.144+0000] {taskinstance.py:1660} INFO - Exporting env vars: AIRFLOW_CTX_DAG_OWNER='***' AIRFLOW_CTX_DAG_ID='monthly_monitor' AIRFLOW_CTX_TASK_ID='prep_data' AIRFLOW_CTX_EXECUTION_DATE='2024-04-01T00:00:00+00:00' AIRFLOW_CTX_TRY_NUMBER='1' AIRFLOW_CTX_DAG_RUN_ID='scheduled__2024-04-01T00:00:00+00:00'
[2024-08-12T19:22:07.171+0000] {python.py:194} INFO - Done. Returned value was: ('2024-03-31', 1.0, 0, 0.0)
[2024-08-12T19:22:07.565+0000] {taskinstance.py:1398} INFO - Marking task as SUCCESS. dag_id=monthly_monitor, task_id=prep_data, execution_date=20240401T000000, start_date=20240812T192204, end_date=20240812T192207
[2024-08-12T19:22:07.826+0000] {local_task_job_runner.py:228} INFO - Task exited with return code 0
[2024-08-12T19:22:07.967+0000] {taskinstance.py:2776} INFO - 1 downstream tasks scheduled from follow-on schedule check
[2024-08-12T19:27:11.632+0000] {taskinstance.py:1157} INFO - Dependencies all met for dep_context=non-requeueable deps ti=<TaskInstance: monthly_monitor.prep_data scheduled__2024-04-01T00:00:00+00:00 [queued]>
[2024-08-12T19:27:11.671+0000] {taskinstance.py:1157} INFO - Dependencies all met for dep_context=requeueable deps ti=<TaskInstance: monthly_monitor.prep_data scheduled__2024-04-01T00:00:00+00:00 [queued]>
[2024-08-12T19:27:11.676+0000] {taskinstance.py:1359} INFO - Starting attempt 1 of 1
[2024-08-12T19:27:11.761+0000] {taskinstance.py:1380} INFO - Executing <Task(_PythonDecoratedOperator): prep_data> on 2024-04-01 00:00:00+00:00
[2024-08-12T19:27:11.783+0000] {standard_task_runner.py:57} INFO - Started process 5240 to run task
[2024-08-12T19:27:11.800+0000] {standard_task_runner.py:84} INFO - Running: ['***', 'tasks', 'run', 'monthly_monitor', 'prep_data', 'scheduled__2024-04-01T00:00:00+00:00', '--job-id', '530', '--raw', '--subdir', 'DAGS_FOLDER/monitor.py', '--cfg-path', '/tmp/tmp1dcvf10p']
[2024-08-12T19:27:11.819+0000] {standard_task_runner.py:85} INFO - Job 530: Subtask prep_data
[2024-08-12T19:27:11.980+0000] {task_command.py:415} INFO - Running <TaskInstance: monthly_monitor.prep_data scheduled__2024-04-01T00:00:00+00:00 [running]> on host a9166c5dc5ae
[2024-08-12T19:27:12.526+0000] {taskinstance.py:1660} INFO - Exporting env vars: AIRFLOW_CTX_DAG_OWNER='***' AIRFLOW_CTX_DAG_ID='monthly_monitor' AIRFLOW_CTX_TASK_ID='prep_data' AIRFLOW_CTX_EXECUTION_DATE='2024-04-01T00:00:00+00:00' AIRFLOW_CTX_TRY_NUMBER='1' AIRFLOW_CTX_DAG_RUN_ID='scheduled__2024-04-01T00:00:00+00:00'
[2024-08-12T19:27:15.586+0000] {python.py:194} INFO - Done. Returned value was: ('2024-03-31', 1.0, 0, 0.0)
[2024-08-12T19:27:15.836+0000] {taskinstance.py:1398} INFO - Marking task as SUCCESS. dag_id=monthly_monitor, task_id=prep_data, execution_date=20240401T000000, start_date=20240812T192711, end_date=20240812T192715
[2024-08-12T19:27:15.990+0000] {local_task_job_runner.py:228} INFO - Task exited with return code 0
[2024-08-12T19:27:16.154+0000] {taskinstance.py:2776} INFO - 1 downstream tasks scheduled from follow-on schedule check
[2024-08-12T19:28:36.951+0000] {taskinstance.py:1157} INFO - Dependencies all met for dep_context=non-requeueable deps ti=<TaskInstance: monthly_monitor.prep_data scheduled__2024-04-01T00:00:00+00:00 [queued]>
[2024-08-12T19:28:37.035+0000] {taskinstance.py:1157} INFO - Dependencies all met for dep_context=requeueable deps ti=<TaskInstance: monthly_monitor.prep_data scheduled__2024-04-01T00:00:00+00:00 [queued]>
[2024-08-12T19:28:37.044+0000] {taskinstance.py:1359} INFO - Starting attempt 1 of 1
[2024-08-12T19:28:37.084+0000] {taskinstance.py:1380} INFO - Executing <Task(_PythonDecoratedOperator): prep_data> on 2024-04-01 00:00:00+00:00
[2024-08-12T19:28:37.142+0000] {standard_task_runner.py:57} INFO - Started process 5753 to run task
[2024-08-12T19:28:37.155+0000] {standard_task_runner.py:84} INFO - Running: ['***', 'tasks', 'run', 'monthly_monitor', 'prep_data', 'scheduled__2024-04-01T00:00:00+00:00', '--job-id', '571', '--raw', '--subdir', 'DAGS_FOLDER/monitor.py', '--cfg-path', '/tmp/tmp2o442k_d']
[2024-08-12T19:28:37.182+0000] {standard_task_runner.py:85} INFO - Job 571: Subtask prep_data
[2024-08-12T19:28:37.337+0000] {task_command.py:415} INFO - Running <TaskInstance: monthly_monitor.prep_data scheduled__2024-04-01T00:00:00+00:00 [running]> on host a9166c5dc5ae
[2024-08-12T19:28:37.533+0000] {taskinstance.py:1660} INFO - Exporting env vars: AIRFLOW_CTX_DAG_OWNER='***' AIRFLOW_CTX_DAG_ID='monthly_monitor' AIRFLOW_CTX_TASK_ID='prep_data' AIRFLOW_CTX_EXECUTION_DATE='2024-04-01T00:00:00+00:00' AIRFLOW_CTX_TRY_NUMBER='1' AIRFLOW_CTX_DAG_RUN_ID='scheduled__2024-04-01T00:00:00+00:00'
[2024-08-12T19:28:38.996+0000] {python.py:194} INFO - Done. Returned value was: ('2024-03-31', 1.0, 0, 0.0)
[2024-08-12T19:28:39.050+0000] {taskinstance.py:1398} INFO - Marking task as SUCCESS. dag_id=monthly_monitor, task_id=prep_data, execution_date=20240401T000000, start_date=20240812T192836, end_date=20240812T192839
[2024-08-12T19:28:39.105+0000] {local_task_job_runner.py:228} INFO - Task exited with return code 0
[2024-08-12T19:28:39.163+0000] {taskinstance.py:2776} INFO - 1 downstream tasks scheduled from follow-on schedule check
[2024-08-12T20:09:53.136+0000] {taskinstance.py:1157} INFO - Dependencies all met for dep_context=non-requeueable deps ti=<TaskInstance: monthly_monitor.prep_data scheduled__2024-04-01T00:00:00+00:00 [queued]>
[2024-08-12T20:09:53.484+0000] {taskinstance.py:1157} INFO - Dependencies all met for dep_context=requeueable deps ti=<TaskInstance: monthly_monitor.prep_data scheduled__2024-04-01T00:00:00+00:00 [queued]>
[2024-08-12T20:09:53.507+0000] {taskinstance.py:1359} INFO - Starting attempt 1 of 1
[2024-08-12T20:09:53.825+0000] {taskinstance.py:1380} INFO - Executing <Task(_PythonDecoratedOperator): prep_data> on 2024-04-01 00:00:00+00:00
[2024-08-12T20:09:54.032+0000] {standard_task_runner.py:57} INFO - Started process 13051 to run task
[2024-08-12T20:09:54.063+0000] {standard_task_runner.py:84} INFO - Running: ['***', 'tasks', 'run', 'monthly_monitor', 'prep_data', 'scheduled__2024-04-01T00:00:00+00:00', '--job-id', '904', '--raw', '--subdir', 'DAGS_FOLDER/monitor.py', '--cfg-path', '/tmp/tmphu1hf2co']
[2024-08-12T20:09:54.105+0000] {standard_task_runner.py:85} INFO - Job 904: Subtask prep_data
[2024-08-12T20:09:54.833+0000] {task_command.py:415} INFO - Running <TaskInstance: monthly_monitor.prep_data scheduled__2024-04-01T00:00:00+00:00 [running]> on host a9166c5dc5ae
[2024-08-12T20:09:55.689+0000] {taskinstance.py:1660} INFO - Exporting env vars: AIRFLOW_CTX_DAG_OWNER='***' AIRFLOW_CTX_DAG_ID='monthly_monitor' AIRFLOW_CTX_TASK_ID='prep_data' AIRFLOW_CTX_EXECUTION_DATE='2024-04-01T00:00:00+00:00' AIRFLOW_CTX_TRY_NUMBER='1' AIRFLOW_CTX_DAG_RUN_ID='scheduled__2024-04-01T00:00:00+00:00'
[2024-08-12T20:10:00.801+0000] {python.py:194} INFO - Done. Returned value was: ('2024-03-31', 1.0, 0, 0.0)
[2024-08-12T20:10:01.056+0000] {taskinstance.py:1398} INFO - Marking task as SUCCESS. dag_id=monthly_monitor, task_id=prep_data, execution_date=20240401T000000, start_date=20240812T200953, end_date=20240812T201001
[2024-08-12T20:10:01.615+0000] {local_task_job_runner.py:228} INFO - Task exited with return code 0
[2024-08-12T20:10:01.773+0000] {taskinstance.py:2776} INFO - 1 downstream tasks scheduled from follow-on schedule check
