[2024-08-12T19:49:21.334+0000] {taskinstance.py:1157} INFO - Dependencies all met for dep_context=non-requeueable deps ti=<TaskInstance: monthly_prediction.wait_for_retrain manual__2024-08-12T19:49:19.102498+00:00 [queued]>
[2024-08-12T19:49:21.338+0000] {taskinstance.py:1157} INFO - Dependencies all met for dep_context=requeueable deps ti=<TaskInstance: monthly_prediction.wait_for_retrain manual__2024-08-12T19:49:19.102498+00:00 [queued]>
[2024-08-12T19:49:21.338+0000] {taskinstance.py:1359} INFO - Starting attempt 1 of 1
[2024-08-12T19:49:21.345+0000] {taskinstance.py:1380} INFO - Executing <Task(ExternalTaskSensor): wait_for_retrain> on 2024-08-12 19:49:19.102498+00:00
[2024-08-12T19:49:21.352+0000] {standard_task_runner.py:57} INFO - Started process 9106 to run task
[2024-08-12T19:49:21.359+0000] {standard_task_runner.py:84} INFO - Running: ['***', 'tasks', 'run', 'monthly_prediction', 'wait_for_retrain', 'manual__2024-08-12T19:49:19.102498+00:00', '--job-id', '710', '--raw', '--subdir', 'DAGS_FOLDER/monthly_prediction.py', '--cfg-path', '/tmp/tmp3n7rbdep']
[2024-08-12T19:49:21.361+0000] {standard_task_runner.py:85} INFO - Job 710: Subtask wait_for_retrain
[2024-08-12T19:49:21.619+0000] {task_command.py:415} INFO - Running <TaskInstance: monthly_prediction.wait_for_retrain manual__2024-08-12T19:49:19.102498+00:00 [running]> on host a9166c5dc5ae
[2024-08-12T19:49:21.666+0000] {taskinstance.py:1660} INFO - Exporting env vars: AIRFLOW_CTX_DAG_OWNER='***' AIRFLOW_CTX_DAG_ID='monthly_prediction' AIRFLOW_CTX_TASK_ID='wait_for_retrain' AIRFLOW_CTX_EXECUTION_DATE='2024-08-12T19:49:19.102498+00:00' AIRFLOW_CTX_TRY_NUMBER='1' AIRFLOW_CTX_DAG_RUN_ID='manual__2024-08-12T19:49:19.102498+00:00'
[2024-08-12T19:49:21.672+0000] {external_task.py:244} INFO - Poking for tasks ['optimize_and_register_best_classifier'] in dag quarterly_retrain on 2024-07-31T19:49:19.102498+00:00 ... 
[2024-08-12T19:49:21.694+0000] {taskinstance.py:1895} INFO - Rescheduling task, marking task as UP_FOR_RESCHEDULE
[2024-08-12T19:49:21.715+0000] {local_task_job_runner.py:228} INFO - Task exited with return code 0
[2024-08-12T19:49:21.726+0000] {taskinstance.py:2776} INFO - 0 downstream tasks scheduled from follow-on schedule check
[2024-08-12T19:50:23.725+0000] {taskinstance.py:1157} INFO - Dependencies all met for dep_context=non-requeueable deps ti=<TaskInstance: monthly_prediction.wait_for_retrain manual__2024-08-12T19:49:19.102498+00:00 [queued]>
[2024-08-12T19:50:23.729+0000] {taskinstance.py:1157} INFO - Dependencies all met for dep_context=requeueable deps ti=<TaskInstance: monthly_prediction.wait_for_retrain manual__2024-08-12T19:49:19.102498+00:00 [queued]>
[2024-08-12T19:50:23.729+0000] {taskinstance.py:1359} INFO - Starting attempt 1 of 1
[2024-08-12T19:50:23.793+0000] {taskinstance.py:1380} INFO - Executing <Task(ExternalTaskSensor): wait_for_retrain> on 2024-08-12 19:49:19.102498+00:00
[2024-08-12T19:50:23.810+0000] {standard_task_runner.py:57} INFO - Started process 9374 to run task
[2024-08-12T19:50:23.814+0000] {standard_task_runner.py:84} INFO - Running: ['***', 'tasks', 'run', 'monthly_prediction', 'wait_for_retrain', 'manual__2024-08-12T19:49:19.102498+00:00', '--job-id', '724', '--raw', '--subdir', 'DAGS_FOLDER/monthly_prediction.py', '--cfg-path', '/tmp/tmpkqt3icli']
[2024-08-12T19:50:23.818+0000] {standard_task_runner.py:85} INFO - Job 724: Subtask wait_for_retrain
[2024-08-12T19:50:24.095+0000] {task_command.py:415} INFO - Running <TaskInstance: monthly_prediction.wait_for_retrain manual__2024-08-12T19:49:19.102498+00:00 [running]> on host a9166c5dc5ae
[2024-08-12T19:50:24.139+0000] {taskinstance.py:1660} INFO - Exporting env vars: AIRFLOW_CTX_DAG_OWNER='***' AIRFLOW_CTX_DAG_ID='monthly_prediction' AIRFLOW_CTX_TASK_ID='wait_for_retrain' AIRFLOW_CTX_EXECUTION_DATE='2024-08-12T19:49:19.102498+00:00' AIRFLOW_CTX_TRY_NUMBER='1' AIRFLOW_CTX_DAG_RUN_ID='manual__2024-08-12T19:49:19.102498+00:00'
[2024-08-12T19:50:24.145+0000] {external_task.py:244} INFO - Poking for tasks ['optimize_and_register_best_classifier'] in dag quarterly_retrain on 2024-07-31T19:49:19.102498+00:00 ... 
[2024-08-12T19:50:24.162+0000] {taskinstance.py:1895} INFO - Rescheduling task, marking task as UP_FOR_RESCHEDULE
[2024-08-12T19:50:24.205+0000] {local_task_job_runner.py:228} INFO - Task exited with return code 0
[2024-08-12T19:50:24.217+0000] {taskinstance.py:2776} INFO - 0 downstream tasks scheduled from follow-on schedule check
[2024-08-12T19:51:26.020+0000] {taskinstance.py:1157} INFO - Dependencies all met for dep_context=non-requeueable deps ti=<TaskInstance: monthly_prediction.wait_for_retrain manual__2024-08-12T19:49:19.102498+00:00 [queued]>
[2024-08-12T19:51:26.025+0000] {taskinstance.py:1157} INFO - Dependencies all met for dep_context=requeueable deps ti=<TaskInstance: monthly_prediction.wait_for_retrain manual__2024-08-12T19:49:19.102498+00:00 [queued]>
[2024-08-12T19:51:26.025+0000] {taskinstance.py:1359} INFO - Starting attempt 1 of 1
[2024-08-12T19:51:26.032+0000] {taskinstance.py:1380} INFO - Executing <Task(ExternalTaskSensor): wait_for_retrain> on 2024-08-12 19:49:19.102498+00:00
[2024-08-12T19:51:26.038+0000] {standard_task_runner.py:57} INFO - Started process 9608 to run task
[2024-08-12T19:51:26.041+0000] {standard_task_runner.py:84} INFO - Running: ['***', 'tasks', 'run', 'monthly_prediction', 'wait_for_retrain', 'manual__2024-08-12T19:49:19.102498+00:00', '--job-id', '737', '--raw', '--subdir', 'DAGS_FOLDER/monthly_prediction.py', '--cfg-path', '/tmp/tmpbyq73j7d']
[2024-08-12T19:51:26.044+0000] {standard_task_runner.py:85} INFO - Job 737: Subtask wait_for_retrain
[2024-08-12T19:51:26.262+0000] {task_command.py:415} INFO - Running <TaskInstance: monthly_prediction.wait_for_retrain manual__2024-08-12T19:49:19.102498+00:00 [running]> on host a9166c5dc5ae
[2024-08-12T19:51:26.310+0000] {taskinstance.py:1660} INFO - Exporting env vars: AIRFLOW_CTX_DAG_OWNER='***' AIRFLOW_CTX_DAG_ID='monthly_prediction' AIRFLOW_CTX_TASK_ID='wait_for_retrain' AIRFLOW_CTX_EXECUTION_DATE='2024-08-12T19:49:19.102498+00:00' AIRFLOW_CTX_TRY_NUMBER='1' AIRFLOW_CTX_DAG_RUN_ID='manual__2024-08-12T19:49:19.102498+00:00'
[2024-08-12T19:51:26.319+0000] {external_task.py:244} INFO - Poking for tasks ['optimize_and_register_best_classifier'] in dag quarterly_retrain on 2024-07-31T19:49:19.102498+00:00 ... 
[2024-08-12T19:51:26.338+0000] {taskinstance.py:1895} INFO - Rescheduling task, marking task as UP_FOR_RESCHEDULE
[2024-08-12T19:51:26.362+0000] {local_task_job_runner.py:228} INFO - Task exited with return code 0
[2024-08-12T19:51:26.375+0000] {taskinstance.py:2776} INFO - 0 downstream tasks scheduled from follow-on schedule check
[2024-08-12T19:52:29.303+0000] {taskinstance.py:1157} INFO - Dependencies all met for dep_context=non-requeueable deps ti=<TaskInstance: monthly_prediction.wait_for_retrain manual__2024-08-12T19:49:19.102498+00:00 [queued]>
[2024-08-12T19:52:29.315+0000] {taskinstance.py:1157} INFO - Dependencies all met for dep_context=requeueable deps ti=<TaskInstance: monthly_prediction.wait_for_retrain manual__2024-08-12T19:49:19.102498+00:00 [queued]>
[2024-08-12T19:52:29.316+0000] {taskinstance.py:1359} INFO - Starting attempt 1 of 1
[2024-08-12T19:52:29.330+0000] {taskinstance.py:1380} INFO - Executing <Task(ExternalTaskSensor): wait_for_retrain> on 2024-08-12 19:49:19.102498+00:00
[2024-08-12T19:52:29.339+0000] {standard_task_runner.py:57} INFO - Started process 9810 to run task
[2024-08-12T19:52:29.343+0000] {standard_task_runner.py:84} INFO - Running: ['***', 'tasks', 'run', 'monthly_prediction', 'wait_for_retrain', 'manual__2024-08-12T19:49:19.102498+00:00', '--job-id', '748', '--raw', '--subdir', 'DAGS_FOLDER/monthly_prediction.py', '--cfg-path', '/tmp/tmpcyws70rv']
[2024-08-12T19:52:29.347+0000] {standard_task_runner.py:85} INFO - Job 748: Subtask wait_for_retrain
[2024-08-12T19:52:29.655+0000] {task_command.py:415} INFO - Running <TaskInstance: monthly_prediction.wait_for_retrain manual__2024-08-12T19:49:19.102498+00:00 [running]> on host a9166c5dc5ae
[2024-08-12T19:52:29.724+0000] {taskinstance.py:1660} INFO - Exporting env vars: AIRFLOW_CTX_DAG_OWNER='***' AIRFLOW_CTX_DAG_ID='monthly_prediction' AIRFLOW_CTX_TASK_ID='wait_for_retrain' AIRFLOW_CTX_EXECUTION_DATE='2024-08-12T19:49:19.102498+00:00' AIRFLOW_CTX_TRY_NUMBER='1' AIRFLOW_CTX_DAG_RUN_ID='manual__2024-08-12T19:49:19.102498+00:00'
[2024-08-12T19:52:29.735+0000] {external_task.py:244} INFO - Poking for tasks ['optimize_and_register_best_classifier'] in dag quarterly_retrain on 2024-07-31T19:49:19.102498+00:00 ... 
[2024-08-12T19:52:29.766+0000] {taskinstance.py:1895} INFO - Rescheduling task, marking task as UP_FOR_RESCHEDULE
[2024-08-12T19:52:29.788+0000] {local_task_job_runner.py:228} INFO - Task exited with return code 0
[2024-08-12T19:52:29.812+0000] {taskinstance.py:2776} INFO - 0 downstream tasks scheduled from follow-on schedule check
[2024-08-12T19:53:31.829+0000] {taskinstance.py:1157} INFO - Dependencies all met for dep_context=non-requeueable deps ti=<TaskInstance: monthly_prediction.wait_for_retrain manual__2024-08-12T19:49:19.102498+00:00 [queued]>
[2024-08-12T19:53:31.836+0000] {taskinstance.py:1157} INFO - Dependencies all met for dep_context=requeueable deps ti=<TaskInstance: monthly_prediction.wait_for_retrain manual__2024-08-12T19:49:19.102498+00:00 [queued]>
[2024-08-12T19:53:31.837+0000] {taskinstance.py:1359} INFO - Starting attempt 1 of 1
[2024-08-12T19:53:31.845+0000] {taskinstance.py:1380} INFO - Executing <Task(ExternalTaskSensor): wait_for_retrain> on 2024-08-12 19:49:19.102498+00:00
[2024-08-12T19:53:31.852+0000] {standard_task_runner.py:57} INFO - Started process 10012 to run task
[2024-08-12T19:53:31.855+0000] {standard_task_runner.py:84} INFO - Running: ['***', 'tasks', 'run', 'monthly_prediction', 'wait_for_retrain', 'manual__2024-08-12T19:49:19.102498+00:00', '--job-id', '759', '--raw', '--subdir', 'DAGS_FOLDER/monthly_prediction.py', '--cfg-path', '/tmp/tmpzuk767he']
[2024-08-12T19:53:31.858+0000] {standard_task_runner.py:85} INFO - Job 759: Subtask wait_for_retrain
[2024-08-12T19:53:32.082+0000] {task_command.py:415} INFO - Running <TaskInstance: monthly_prediction.wait_for_retrain manual__2024-08-12T19:49:19.102498+00:00 [running]> on host a9166c5dc5ae
[2024-08-12T19:53:32.138+0000] {taskinstance.py:1660} INFO - Exporting env vars: AIRFLOW_CTX_DAG_OWNER='***' AIRFLOW_CTX_DAG_ID='monthly_prediction' AIRFLOW_CTX_TASK_ID='wait_for_retrain' AIRFLOW_CTX_EXECUTION_DATE='2024-08-12T19:49:19.102498+00:00' AIRFLOW_CTX_TRY_NUMBER='1' AIRFLOW_CTX_DAG_RUN_ID='manual__2024-08-12T19:49:19.102498+00:00'
[2024-08-12T19:53:32.148+0000] {external_task.py:244} INFO - Poking for tasks ['optimize_and_register_best_classifier'] in dag quarterly_retrain on 2024-07-31T19:49:19.102498+00:00 ... 
[2024-08-12T19:53:32.173+0000] {taskinstance.py:1895} INFO - Rescheduling task, marking task as UP_FOR_RESCHEDULE
[2024-08-12T19:53:32.215+0000] {local_task_job_runner.py:228} INFO - Task exited with return code 0
[2024-08-12T19:53:32.288+0000] {taskinstance.py:2776} INFO - 0 downstream tasks scheduled from follow-on schedule check
[2024-08-12T19:54:34.219+0000] {taskinstance.py:1157} INFO - Dependencies all met for dep_context=non-requeueable deps ti=<TaskInstance: monthly_prediction.wait_for_retrain manual__2024-08-12T19:49:19.102498+00:00 [queued]>
[2024-08-12T19:54:34.226+0000] {taskinstance.py:1157} INFO - Dependencies all met for dep_context=requeueable deps ti=<TaskInstance: monthly_prediction.wait_for_retrain manual__2024-08-12T19:49:19.102498+00:00 [queued]>
[2024-08-12T19:54:34.226+0000] {taskinstance.py:1359} INFO - Starting attempt 1 of 1
[2024-08-12T19:54:34.233+0000] {taskinstance.py:1380} INFO - Executing <Task(ExternalTaskSensor): wait_for_retrain> on 2024-08-12 19:49:19.102498+00:00
[2024-08-12T19:54:34.239+0000] {standard_task_runner.py:57} INFO - Started process 10214 to run task
[2024-08-12T19:54:34.242+0000] {standard_task_runner.py:84} INFO - Running: ['***', 'tasks', 'run', 'monthly_prediction', 'wait_for_retrain', 'manual__2024-08-12T19:49:19.102498+00:00', '--job-id', '770', '--raw', '--subdir', 'DAGS_FOLDER/monthly_prediction.py', '--cfg-path', '/tmp/tmpoivm1_ii']
[2024-08-12T19:54:34.245+0000] {standard_task_runner.py:85} INFO - Job 770: Subtask wait_for_retrain
[2024-08-12T19:54:34.469+0000] {task_command.py:415} INFO - Running <TaskInstance: monthly_prediction.wait_for_retrain manual__2024-08-12T19:49:19.102498+00:00 [running]> on host a9166c5dc5ae
[2024-08-12T19:54:34.513+0000] {taskinstance.py:1660} INFO - Exporting env vars: AIRFLOW_CTX_DAG_OWNER='***' AIRFLOW_CTX_DAG_ID='monthly_prediction' AIRFLOW_CTX_TASK_ID='wait_for_retrain' AIRFLOW_CTX_EXECUTION_DATE='2024-08-12T19:49:19.102498+00:00' AIRFLOW_CTX_TRY_NUMBER='1' AIRFLOW_CTX_DAG_RUN_ID='manual__2024-08-12T19:49:19.102498+00:00'
[2024-08-12T19:54:34.520+0000] {external_task.py:244} INFO - Poking for tasks ['optimize_and_register_best_classifier'] in dag quarterly_retrain on 2024-07-31T19:49:19.102498+00:00 ... 
[2024-08-12T19:54:34.547+0000] {taskinstance.py:1895} INFO - Rescheduling task, marking task as UP_FOR_RESCHEDULE
[2024-08-12T19:54:34.595+0000] {local_task_job_runner.py:228} INFO - Task exited with return code 0
[2024-08-12T19:54:34.610+0000] {taskinstance.py:2776} INFO - 0 downstream tasks scheduled from follow-on schedule check
[2024-08-12T19:55:36.135+0000] {taskinstance.py:1157} INFO - Dependencies all met for dep_context=non-requeueable deps ti=<TaskInstance: monthly_prediction.wait_for_retrain manual__2024-08-12T19:49:19.102498+00:00 [queued]>
[2024-08-12T19:55:36.141+0000] {taskinstance.py:1157} INFO - Dependencies all met for dep_context=requeueable deps ti=<TaskInstance: monthly_prediction.wait_for_retrain manual__2024-08-12T19:49:19.102498+00:00 [queued]>
[2024-08-12T19:55:36.141+0000] {taskinstance.py:1359} INFO - Starting attempt 1 of 1
[2024-08-12T19:55:36.148+0000] {taskinstance.py:1380} INFO - Executing <Task(ExternalTaskSensor): wait_for_retrain> on 2024-08-12 19:49:19.102498+00:00
[2024-08-12T19:55:36.154+0000] {standard_task_runner.py:57} INFO - Started process 10427 to run task
[2024-08-12T19:55:36.157+0000] {standard_task_runner.py:84} INFO - Running: ['***', 'tasks', 'run', 'monthly_prediction', 'wait_for_retrain', 'manual__2024-08-12T19:49:19.102498+00:00', '--job-id', '781', '--raw', '--subdir', 'DAGS_FOLDER/monthly_prediction.py', '--cfg-path', '/tmp/tmpaq63r2b0']
[2024-08-12T19:55:36.159+0000] {standard_task_runner.py:85} INFO - Job 781: Subtask wait_for_retrain
[2024-08-12T19:55:36.434+0000] {task_command.py:415} INFO - Running <TaskInstance: monthly_prediction.wait_for_retrain manual__2024-08-12T19:49:19.102498+00:00 [running]> on host a9166c5dc5ae
[2024-08-12T19:55:36.489+0000] {taskinstance.py:1660} INFO - Exporting env vars: AIRFLOW_CTX_DAG_OWNER='***' AIRFLOW_CTX_DAG_ID='monthly_prediction' AIRFLOW_CTX_TASK_ID='wait_for_retrain' AIRFLOW_CTX_EXECUTION_DATE='2024-08-12T19:49:19.102498+00:00' AIRFLOW_CTX_TRY_NUMBER='1' AIRFLOW_CTX_DAG_RUN_ID='manual__2024-08-12T19:49:19.102498+00:00'
[2024-08-12T19:55:36.498+0000] {external_task.py:244} INFO - Poking for tasks ['optimize_and_register_best_classifier'] in dag quarterly_retrain on 2024-07-31T19:49:19.102498+00:00 ... 
[2024-08-12T19:55:36.517+0000] {taskinstance.py:1895} INFO - Rescheduling task, marking task as UP_FOR_RESCHEDULE
[2024-08-12T19:55:36.547+0000] {local_task_job_runner.py:228} INFO - Task exited with return code 0
[2024-08-12T19:55:36.560+0000] {taskinstance.py:2776} INFO - 0 downstream tasks scheduled from follow-on schedule check
[2024-08-12T19:56:38.465+0000] {taskinstance.py:1157} INFO - Dependencies all met for dep_context=non-requeueable deps ti=<TaskInstance: monthly_prediction.wait_for_retrain manual__2024-08-12T19:49:19.102498+00:00 [queued]>
[2024-08-12T19:56:38.475+0000] {taskinstance.py:1157} INFO - Dependencies all met for dep_context=requeueable deps ti=<TaskInstance: monthly_prediction.wait_for_retrain manual__2024-08-12T19:49:19.102498+00:00 [queued]>
[2024-08-12T19:56:38.475+0000] {taskinstance.py:1359} INFO - Starting attempt 1 of 1
[2024-08-12T19:56:38.485+0000] {taskinstance.py:1380} INFO - Executing <Task(ExternalTaskSensor): wait_for_retrain> on 2024-08-12 19:49:19.102498+00:00
[2024-08-12T19:56:38.492+0000] {standard_task_runner.py:57} INFO - Started process 10660 to run task
[2024-08-12T19:56:38.496+0000] {standard_task_runner.py:84} INFO - Running: ['***', 'tasks', 'run', 'monthly_prediction', 'wait_for_retrain', 'manual__2024-08-12T19:49:19.102498+00:00', '--job-id', '795', '--raw', '--subdir', 'DAGS_FOLDER/monthly_prediction.py', '--cfg-path', '/tmp/tmps38ecjjc']
[2024-08-12T19:56:38.499+0000] {standard_task_runner.py:85} INFO - Job 795: Subtask wait_for_retrain
[2024-08-12T19:56:38.682+0000] {task_command.py:415} INFO - Running <TaskInstance: monthly_prediction.wait_for_retrain manual__2024-08-12T19:49:19.102498+00:00 [running]> on host a9166c5dc5ae
[2024-08-12T19:56:38.724+0000] {taskinstance.py:1660} INFO - Exporting env vars: AIRFLOW_CTX_DAG_OWNER='***' AIRFLOW_CTX_DAG_ID='monthly_prediction' AIRFLOW_CTX_TASK_ID='wait_for_retrain' AIRFLOW_CTX_EXECUTION_DATE='2024-08-12T19:49:19.102498+00:00' AIRFLOW_CTX_TRY_NUMBER='1' AIRFLOW_CTX_DAG_RUN_ID='manual__2024-08-12T19:49:19.102498+00:00'
[2024-08-12T19:56:38.731+0000] {external_task.py:244} INFO - Poking for tasks ['optimize_and_register_best_classifier'] in dag quarterly_retrain on 2024-07-31T19:49:19.102498+00:00 ... 
[2024-08-12T19:56:38.748+0000] {taskinstance.py:1895} INFO - Rescheduling task, marking task as UP_FOR_RESCHEDULE
[2024-08-12T19:56:38.767+0000] {local_task_job_runner.py:228} INFO - Task exited with return code 0
[2024-08-12T19:56:38.779+0000] {taskinstance.py:2776} INFO - 0 downstream tasks scheduled from follow-on schedule check
[2024-08-12T19:57:42.604+0000] {taskinstance.py:1157} INFO - Dependencies all met for dep_context=non-requeueable deps ti=<TaskInstance: monthly_prediction.wait_for_retrain manual__2024-08-12T19:49:19.102498+00:00 [queued]>
[2024-08-12T19:57:42.613+0000] {taskinstance.py:1157} INFO - Dependencies all met for dep_context=requeueable deps ti=<TaskInstance: monthly_prediction.wait_for_retrain manual__2024-08-12T19:49:19.102498+00:00 [queued]>
[2024-08-12T19:57:42.613+0000] {taskinstance.py:1359} INFO - Starting attempt 1 of 1
[2024-08-12T19:57:42.628+0000] {taskinstance.py:1380} INFO - Executing <Task(ExternalTaskSensor): wait_for_retrain> on 2024-08-12 19:49:19.102498+00:00
[2024-08-12T19:57:42.637+0000] {standard_task_runner.py:57} INFO - Started process 10955 to run task
[2024-08-12T19:57:42.642+0000] {standard_task_runner.py:84} INFO - Running: ['***', 'tasks', 'run', 'monthly_prediction', 'wait_for_retrain', 'manual__2024-08-12T19:49:19.102498+00:00', '--job-id', '813', '--raw', '--subdir', 'DAGS_FOLDER/monthly_prediction.py', '--cfg-path', '/tmp/tmp_tei8qpl']
[2024-08-12T19:57:42.646+0000] {standard_task_runner.py:85} INFO - Job 813: Subtask wait_for_retrain
[2024-08-12T19:57:42.917+0000] {task_command.py:415} INFO - Running <TaskInstance: monthly_prediction.wait_for_retrain manual__2024-08-12T19:49:19.102498+00:00 [running]> on host a9166c5dc5ae
[2024-08-12T19:57:42.969+0000] {taskinstance.py:1660} INFO - Exporting env vars: AIRFLOW_CTX_DAG_OWNER='***' AIRFLOW_CTX_DAG_ID='monthly_prediction' AIRFLOW_CTX_TASK_ID='wait_for_retrain' AIRFLOW_CTX_EXECUTION_DATE='2024-08-12T19:49:19.102498+00:00' AIRFLOW_CTX_TRY_NUMBER='1' AIRFLOW_CTX_DAG_RUN_ID='manual__2024-08-12T19:49:19.102498+00:00'
[2024-08-12T19:57:42.977+0000] {external_task.py:244} INFO - Poking for tasks ['optimize_and_register_best_classifier'] in dag quarterly_retrain on 2024-07-31T19:49:19.102498+00:00 ... 
[2024-08-12T19:57:42.998+0000] {taskinstance.py:1895} INFO - Rescheduling task, marking task as UP_FOR_RESCHEDULE
[2024-08-12T19:57:43.032+0000] {local_task_job_runner.py:228} INFO - Task exited with return code 0
[2024-08-12T19:57:43.046+0000] {taskinstance.py:2776} INFO - 0 downstream tasks scheduled from follow-on schedule check
[2024-08-12T19:58:46.250+0000] {taskinstance.py:1157} INFO - Dependencies all met for dep_context=non-requeueable deps ti=<TaskInstance: monthly_prediction.wait_for_retrain manual__2024-08-12T19:49:19.102498+00:00 [queued]>
[2024-08-12T19:58:46.256+0000] {taskinstance.py:1157} INFO - Dependencies all met for dep_context=requeueable deps ti=<TaskInstance: monthly_prediction.wait_for_retrain manual__2024-08-12T19:49:19.102498+00:00 [queued]>
[2024-08-12T19:58:46.256+0000] {taskinstance.py:1359} INFO - Starting attempt 1 of 1
[2024-08-12T19:58:46.267+0000] {taskinstance.py:1380} INFO - Executing <Task(ExternalTaskSensor): wait_for_retrain> on 2024-08-12 19:49:19.102498+00:00
[2024-08-12T19:58:46.275+0000] {standard_task_runner.py:57} INFO - Started process 11115 to run task
[2024-08-12T19:58:46.278+0000] {standard_task_runner.py:84} INFO - Running: ['***', 'tasks', 'run', 'monthly_prediction', 'wait_for_retrain', 'manual__2024-08-12T19:49:19.102498+00:00', '--job-id', '820', '--raw', '--subdir', 'DAGS_FOLDER/monthly_prediction.py', '--cfg-path', '/tmp/tmpxsvocd90']
[2024-08-12T19:58:46.281+0000] {standard_task_runner.py:85} INFO - Job 820: Subtask wait_for_retrain
[2024-08-12T19:58:46.558+0000] {task_command.py:415} INFO - Running <TaskInstance: monthly_prediction.wait_for_retrain manual__2024-08-12T19:49:19.102498+00:00 [running]> on host a9166c5dc5ae
[2024-08-12T19:58:46.616+0000] {taskinstance.py:1660} INFO - Exporting env vars: AIRFLOW_CTX_DAG_OWNER='***' AIRFLOW_CTX_DAG_ID='monthly_prediction' AIRFLOW_CTX_TASK_ID='wait_for_retrain' AIRFLOW_CTX_EXECUTION_DATE='2024-08-12T19:49:19.102498+00:00' AIRFLOW_CTX_TRY_NUMBER='1' AIRFLOW_CTX_DAG_RUN_ID='manual__2024-08-12T19:49:19.102498+00:00'
[2024-08-12T19:58:46.624+0000] {external_task.py:244} INFO - Poking for tasks ['optimize_and_register_best_classifier'] in dag quarterly_retrain on 2024-07-31T19:49:19.102498+00:00 ... 
[2024-08-12T19:58:46.645+0000] {taskinstance.py:1895} INFO - Rescheduling task, marking task as UP_FOR_RESCHEDULE
[2024-08-12T19:58:46.668+0000] {local_task_job_runner.py:228} INFO - Task exited with return code 0
[2024-08-12T19:58:46.719+0000] {taskinstance.py:2776} INFO - 0 downstream tasks scheduled from follow-on schedule check
[2024-08-12T19:59:49.375+0000] {taskinstance.py:1157} INFO - Dependencies all met for dep_context=non-requeueable deps ti=<TaskInstance: monthly_prediction.wait_for_retrain manual__2024-08-12T19:49:19.102498+00:00 [queued]>
[2024-08-12T19:59:49.396+0000] {taskinstance.py:1157} INFO - Dependencies all met for dep_context=requeueable deps ti=<TaskInstance: monthly_prediction.wait_for_retrain manual__2024-08-12T19:49:19.102498+00:00 [queued]>
[2024-08-12T19:59:49.397+0000] {taskinstance.py:1359} INFO - Starting attempt 1 of 1
[2024-08-12T19:59:49.412+0000] {taskinstance.py:1380} INFO - Executing <Task(ExternalTaskSensor): wait_for_retrain> on 2024-08-12 19:49:19.102498+00:00
[2024-08-12T19:59:49.422+0000] {standard_task_runner.py:57} INFO - Started process 11268 to run task
[2024-08-12T19:59:49.427+0000] {standard_task_runner.py:84} INFO - Running: ['***', 'tasks', 'run', 'monthly_prediction', 'wait_for_retrain', 'manual__2024-08-12T19:49:19.102498+00:00', '--job-id', '827', '--raw', '--subdir', 'DAGS_FOLDER/monthly_prediction.py', '--cfg-path', '/tmp/tmp6v0bn1y_']
[2024-08-12T19:59:49.432+0000] {standard_task_runner.py:85} INFO - Job 827: Subtask wait_for_retrain
[2024-08-12T19:59:50.033+0000] {task_command.py:415} INFO - Running <TaskInstance: monthly_prediction.wait_for_retrain manual__2024-08-12T19:49:19.102498+00:00 [running]> on host a9166c5dc5ae
[2024-08-12T19:59:50.287+0000] {taskinstance.py:1660} INFO - Exporting env vars: AIRFLOW_CTX_DAG_OWNER='***' AIRFLOW_CTX_DAG_ID='monthly_prediction' AIRFLOW_CTX_TASK_ID='wait_for_retrain' AIRFLOW_CTX_EXECUTION_DATE='2024-08-12T19:49:19.102498+00:00' AIRFLOW_CTX_TRY_NUMBER='1' AIRFLOW_CTX_DAG_RUN_ID='manual__2024-08-12T19:49:19.102498+00:00'
[2024-08-12T19:59:50.324+0000] {external_task.py:244} INFO - Poking for tasks ['optimize_and_register_best_classifier'] in dag quarterly_retrain on 2024-07-31T19:49:19.102498+00:00 ... 
[2024-08-12T19:59:50.385+0000] {taskinstance.py:1935} ERROR - Task failed with exception
Traceback (most recent call last):
  File "/home/airflow/.local/lib/python3.8/site-packages/airflow/sensors/external_task.py", line 334, in execute
    super().execute(context)
  File "/home/airflow/.local/lib/python3.8/site-packages/airflow/sensors/base.py", line 274, in execute
    raise AirflowSensorTimeout(message)
airflow.exceptions.AirflowSensorTimeout: Sensor has timed out; run duration of 628.752996 seconds exceeds the specified timeout of 600.0.
[2024-08-12T19:59:50.413+0000] {taskinstance.py:1398} INFO - Immediate failure requested. Marking task as FAILED. dag_id=monthly_prediction, task_id=wait_for_retrain, execution_date=20240812T194919, start_date=20240812T195949, end_date=20240812T195950
[2024-08-12T19:59:50.443+0000] {standard_task_runner.py:104} ERROR - Failed to execute job 827 for task wait_for_retrain (Sensor has timed out; run duration of 628.752996 seconds exceeds the specified timeout of 600.0.; 11268)
[2024-08-12T19:59:50.465+0000] {local_task_job_runner.py:228} INFO - Task exited with return code 1
[2024-08-12T19:59:50.513+0000] {taskinstance.py:2776} INFO - 0 downstream tasks scheduled from follow-on schedule check
