[2024-08-12T19:49:07.377+0000] {taskinstance.py:1157} INFO - Dependencies all met for dep_context=non-requeueable deps ti=<TaskInstance: monthly_prediction.wait_for_retrain manual__2024-08-12T19:49:05.540562+00:00 [queued]>
[2024-08-12T19:49:07.381+0000] {taskinstance.py:1157} INFO - Dependencies all met for dep_context=requeueable deps ti=<TaskInstance: monthly_prediction.wait_for_retrain manual__2024-08-12T19:49:05.540562+00:00 [queued]>
[2024-08-12T19:49:07.382+0000] {taskinstance.py:1359} INFO - Starting attempt 1 of 1
[2024-08-12T19:49:07.388+0000] {taskinstance.py:1380} INFO - Executing <Task(ExternalTaskSensor): wait_for_retrain> on 2024-08-12 19:49:05.540562+00:00
[2024-08-12T19:49:07.394+0000] {standard_task_runner.py:57} INFO - Started process 9055 to run task
[2024-08-12T19:49:07.397+0000] {standard_task_runner.py:84} INFO - Running: ['***', 'tasks', 'run', 'monthly_prediction', 'wait_for_retrain', 'manual__2024-08-12T19:49:05.540562+00:00', '--job-id', '708', '--raw', '--subdir', 'DAGS_FOLDER/monthly_prediction.py', '--cfg-path', '/tmp/tmp1hxa_nm8']
[2024-08-12T19:49:07.400+0000] {standard_task_runner.py:85} INFO - Job 708: Subtask wait_for_retrain
[2024-08-12T19:49:07.692+0000] {task_command.py:415} INFO - Running <TaskInstance: monthly_prediction.wait_for_retrain manual__2024-08-12T19:49:05.540562+00:00 [running]> on host a9166c5dc5ae
[2024-08-12T19:49:07.768+0000] {taskinstance.py:1660} INFO - Exporting env vars: AIRFLOW_CTX_DAG_OWNER='***' AIRFLOW_CTX_DAG_ID='monthly_prediction' AIRFLOW_CTX_TASK_ID='wait_for_retrain' AIRFLOW_CTX_EXECUTION_DATE='2024-08-12T19:49:05.540562+00:00' AIRFLOW_CTX_TRY_NUMBER='1' AIRFLOW_CTX_DAG_RUN_ID='manual__2024-08-12T19:49:05.540562+00:00'
[2024-08-12T19:49:07.783+0000] {external_task.py:244} INFO - Poking for tasks ['optimize_and_register_best_classifier'] in dag quarterly_retrain on 2024-07-31T19:49:05.540562+00:00 ... 
[2024-08-12T19:49:07.809+0000] {taskinstance.py:1895} INFO - Rescheduling task, marking task as UP_FOR_RESCHEDULE
[2024-08-12T19:49:07.833+0000] {local_task_job_runner.py:228} INFO - Task exited with return code 0
[2024-08-12T19:49:07.845+0000] {taskinstance.py:2776} INFO - 0 downstream tasks scheduled from follow-on schedule check
[2024-08-12T19:50:10.038+0000] {taskinstance.py:1157} INFO - Dependencies all met for dep_context=non-requeueable deps ti=<TaskInstance: monthly_prediction.wait_for_retrain manual__2024-08-12T19:49:05.540562+00:00 [queued]>
[2024-08-12T19:50:10.050+0000] {taskinstance.py:1157} INFO - Dependencies all met for dep_context=requeueable deps ti=<TaskInstance: monthly_prediction.wait_for_retrain manual__2024-08-12T19:49:05.540562+00:00 [queued]>
[2024-08-12T19:50:10.051+0000] {taskinstance.py:1359} INFO - Starting attempt 1 of 1
[2024-08-12T19:50:10.077+0000] {taskinstance.py:1380} INFO - Executing <Task(ExternalTaskSensor): wait_for_retrain> on 2024-08-12 19:49:05.540562+00:00
[2024-08-12T19:50:10.093+0000] {standard_task_runner.py:57} INFO - Started process 9292 to run task
[2024-08-12T19:50:10.095+0000] {standard_task_runner.py:84} INFO - Running: ['***', 'tasks', 'run', 'monthly_prediction', 'wait_for_retrain', 'manual__2024-08-12T19:49:05.540562+00:00', '--job-id', '720', '--raw', '--subdir', 'DAGS_FOLDER/monthly_prediction.py', '--cfg-path', '/tmp/tmpu4bv6vrh']
[2024-08-12T19:50:10.099+0000] {standard_task_runner.py:85} INFO - Job 720: Subtask wait_for_retrain
[2024-08-12T19:50:10.166+0000] {task_command.py:415} INFO - Running <TaskInstance: monthly_prediction.wait_for_retrain manual__2024-08-12T19:49:05.540562+00:00 [running]> on host a9166c5dc5ae
[2024-08-12T19:50:10.612+0000] {taskinstance.py:1660} INFO - Exporting env vars: AIRFLOW_CTX_DAG_OWNER='***' AIRFLOW_CTX_DAG_ID='monthly_prediction' AIRFLOW_CTX_TASK_ID='wait_for_retrain' AIRFLOW_CTX_EXECUTION_DATE='2024-08-12T19:49:05.540562+00:00' AIRFLOW_CTX_TRY_NUMBER='1' AIRFLOW_CTX_DAG_RUN_ID='manual__2024-08-12T19:49:05.540562+00:00'
[2024-08-12T19:50:10.630+0000] {external_task.py:244} INFO - Poking for tasks ['optimize_and_register_best_classifier'] in dag quarterly_retrain on 2024-07-31T19:49:05.540562+00:00 ... 
[2024-08-12T19:50:10.685+0000] {taskinstance.py:1895} INFO - Rescheduling task, marking task as UP_FOR_RESCHEDULE
[2024-08-12T19:50:10.737+0000] {local_task_job_runner.py:228} INFO - Task exited with return code 0
[2024-08-12T19:50:10.758+0000] {taskinstance.py:2776} INFO - 0 downstream tasks scheduled from follow-on schedule check
[2024-08-12T19:51:12.593+0000] {taskinstance.py:1157} INFO - Dependencies all met for dep_context=non-requeueable deps ti=<TaskInstance: monthly_prediction.wait_for_retrain manual__2024-08-12T19:49:05.540562+00:00 [queued]>
[2024-08-12T19:51:12.598+0000] {taskinstance.py:1157} INFO - Dependencies all met for dep_context=requeueable deps ti=<TaskInstance: monthly_prediction.wait_for_retrain manual__2024-08-12T19:49:05.540562+00:00 [queued]>
[2024-08-12T19:51:12.598+0000] {taskinstance.py:1359} INFO - Starting attempt 1 of 1
[2024-08-12T19:51:12.608+0000] {taskinstance.py:1380} INFO - Executing <Task(ExternalTaskSensor): wait_for_retrain> on 2024-08-12 19:49:05.540562+00:00
[2024-08-12T19:51:12.620+0000] {standard_task_runner.py:57} INFO - Started process 9555 to run task
[2024-08-12T19:51:12.625+0000] {standard_task_runner.py:84} INFO - Running: ['***', 'tasks', 'run', 'monthly_prediction', 'wait_for_retrain', 'manual__2024-08-12T19:49:05.540562+00:00', '--job-id', '735', '--raw', '--subdir', 'DAGS_FOLDER/monthly_prediction.py', '--cfg-path', '/tmp/tmpd6em0ow_']
[2024-08-12T19:51:12.629+0000] {standard_task_runner.py:85} INFO - Job 735: Subtask wait_for_retrain
[2024-08-12T19:51:12.910+0000] {task_command.py:415} INFO - Running <TaskInstance: monthly_prediction.wait_for_retrain manual__2024-08-12T19:49:05.540562+00:00 [running]> on host a9166c5dc5ae
[2024-08-12T19:51:12.998+0000] {taskinstance.py:1660} INFO - Exporting env vars: AIRFLOW_CTX_DAG_OWNER='***' AIRFLOW_CTX_DAG_ID='monthly_prediction' AIRFLOW_CTX_TASK_ID='wait_for_retrain' AIRFLOW_CTX_EXECUTION_DATE='2024-08-12T19:49:05.540562+00:00' AIRFLOW_CTX_TRY_NUMBER='1' AIRFLOW_CTX_DAG_RUN_ID='manual__2024-08-12T19:49:05.540562+00:00'
[2024-08-12T19:51:13.017+0000] {external_task.py:244} INFO - Poking for tasks ['optimize_and_register_best_classifier'] in dag quarterly_retrain on 2024-07-31T19:49:05.540562+00:00 ... 
[2024-08-12T19:51:13.091+0000] {taskinstance.py:1895} INFO - Rescheduling task, marking task as UP_FOR_RESCHEDULE
[2024-08-12T19:51:13.144+0000] {local_task_job_runner.py:228} INFO - Task exited with return code 0
[2024-08-12T19:51:13.159+0000] {taskinstance.py:2776} INFO - 0 downstream tasks scheduled from follow-on schedule check
[2024-08-12T19:52:15.114+0000] {taskinstance.py:1157} INFO - Dependencies all met for dep_context=non-requeueable deps ti=<TaskInstance: monthly_prediction.wait_for_retrain manual__2024-08-12T19:49:05.540562+00:00 [queued]>
[2024-08-12T19:52:15.121+0000] {taskinstance.py:1157} INFO - Dependencies all met for dep_context=requeueable deps ti=<TaskInstance: monthly_prediction.wait_for_retrain manual__2024-08-12T19:49:05.540562+00:00 [queued]>
[2024-08-12T19:52:15.121+0000] {taskinstance.py:1359} INFO - Starting attempt 1 of 1
[2024-08-12T19:52:15.137+0000] {taskinstance.py:1380} INFO - Executing <Task(ExternalTaskSensor): wait_for_retrain> on 2024-08-12 19:49:05.540562+00:00
[2024-08-12T19:52:15.155+0000] {standard_task_runner.py:57} INFO - Started process 9757 to run task
[2024-08-12T19:52:15.161+0000] {standard_task_runner.py:84} INFO - Running: ['***', 'tasks', 'run', 'monthly_prediction', 'wait_for_retrain', 'manual__2024-08-12T19:49:05.540562+00:00', '--job-id', '746', '--raw', '--subdir', 'DAGS_FOLDER/monthly_prediction.py', '--cfg-path', '/tmp/tmpv1bbgldu']
[2024-08-12T19:52:15.172+0000] {standard_task_runner.py:85} INFO - Job 746: Subtask wait_for_retrain
[2024-08-12T19:52:15.243+0000] {task_command.py:415} INFO - Running <TaskInstance: monthly_prediction.wait_for_retrain manual__2024-08-12T19:49:05.540562+00:00 [running]> on host a9166c5dc5ae
[2024-08-12T19:52:15.519+0000] {taskinstance.py:1660} INFO - Exporting env vars: AIRFLOW_CTX_DAG_OWNER='***' AIRFLOW_CTX_DAG_ID='monthly_prediction' AIRFLOW_CTX_TASK_ID='wait_for_retrain' AIRFLOW_CTX_EXECUTION_DATE='2024-08-12T19:49:05.540562+00:00' AIRFLOW_CTX_TRY_NUMBER='1' AIRFLOW_CTX_DAG_RUN_ID='manual__2024-08-12T19:49:05.540562+00:00'
[2024-08-12T19:52:15.529+0000] {external_task.py:244} INFO - Poking for tasks ['optimize_and_register_best_classifier'] in dag quarterly_retrain on 2024-07-31T19:49:05.540562+00:00 ... 
[2024-08-12T19:52:15.553+0000] {taskinstance.py:1895} INFO - Rescheduling task, marking task as UP_FOR_RESCHEDULE
[2024-08-12T19:52:15.601+0000] {local_task_job_runner.py:228} INFO - Task exited with return code 0
[2024-08-12T19:52:15.616+0000] {taskinstance.py:2776} INFO - 0 downstream tasks scheduled from follow-on schedule check
[2024-08-12T19:53:18.752+0000] {taskinstance.py:1157} INFO - Dependencies all met for dep_context=non-requeueable deps ti=<TaskInstance: monthly_prediction.wait_for_retrain manual__2024-08-12T19:49:05.540562+00:00 [queued]>
[2024-08-12T19:53:18.760+0000] {taskinstance.py:1157} INFO - Dependencies all met for dep_context=requeueable deps ti=<TaskInstance: monthly_prediction.wait_for_retrain manual__2024-08-12T19:49:05.540562+00:00 [queued]>
[2024-08-12T19:53:18.761+0000] {taskinstance.py:1359} INFO - Starting attempt 1 of 1
[2024-08-12T19:53:18.770+0000] {taskinstance.py:1380} INFO - Executing <Task(ExternalTaskSensor): wait_for_retrain> on 2024-08-12 19:49:05.540562+00:00
[2024-08-12T19:53:18.778+0000] {standard_task_runner.py:57} INFO - Started process 9959 to run task
[2024-08-12T19:53:18.781+0000] {standard_task_runner.py:84} INFO - Running: ['***', 'tasks', 'run', 'monthly_prediction', 'wait_for_retrain', 'manual__2024-08-12T19:49:05.540562+00:00', '--job-id', '757', '--raw', '--subdir', 'DAGS_FOLDER/monthly_prediction.py', '--cfg-path', '/tmp/tmp5aeb4uzj']
[2024-08-12T19:53:18.784+0000] {standard_task_runner.py:85} INFO - Job 757: Subtask wait_for_retrain
[2024-08-12T19:53:19.141+0000] {task_command.py:415} INFO - Running <TaskInstance: monthly_prediction.wait_for_retrain manual__2024-08-12T19:49:05.540562+00:00 [running]> on host a9166c5dc5ae
[2024-08-12T19:53:19.215+0000] {taskinstance.py:1660} INFO - Exporting env vars: AIRFLOW_CTX_DAG_OWNER='***' AIRFLOW_CTX_DAG_ID='monthly_prediction' AIRFLOW_CTX_TASK_ID='wait_for_retrain' AIRFLOW_CTX_EXECUTION_DATE='2024-08-12T19:49:05.540562+00:00' AIRFLOW_CTX_TRY_NUMBER='1' AIRFLOW_CTX_DAG_RUN_ID='manual__2024-08-12T19:49:05.540562+00:00'
[2024-08-12T19:53:19.229+0000] {external_task.py:244} INFO - Poking for tasks ['optimize_and_register_best_classifier'] in dag quarterly_retrain on 2024-07-31T19:49:05.540562+00:00 ... 
[2024-08-12T19:53:19.331+0000] {taskinstance.py:1895} INFO - Rescheduling task, marking task as UP_FOR_RESCHEDULE
[2024-08-12T19:53:19.400+0000] {local_task_job_runner.py:228} INFO - Task exited with return code 0
[2024-08-12T19:53:19.438+0000] {taskinstance.py:2776} INFO - 0 downstream tasks scheduled from follow-on schedule check
[2024-08-12T19:54:21.923+0000] {taskinstance.py:1157} INFO - Dependencies all met for dep_context=non-requeueable deps ti=<TaskInstance: monthly_prediction.wait_for_retrain manual__2024-08-12T19:49:05.540562+00:00 [queued]>
[2024-08-12T19:54:21.930+0000] {taskinstance.py:1157} INFO - Dependencies all met for dep_context=requeueable deps ti=<TaskInstance: monthly_prediction.wait_for_retrain manual__2024-08-12T19:49:05.540562+00:00 [queued]>
[2024-08-12T19:54:21.930+0000] {taskinstance.py:1359} INFO - Starting attempt 1 of 1
[2024-08-12T19:54:21.940+0000] {taskinstance.py:1380} INFO - Executing <Task(ExternalTaskSensor): wait_for_retrain> on 2024-08-12 19:49:05.540562+00:00
[2024-08-12T19:54:21.947+0000] {standard_task_runner.py:57} INFO - Started process 10159 to run task
[2024-08-12T19:54:21.950+0000] {standard_task_runner.py:84} INFO - Running: ['***', 'tasks', 'run', 'monthly_prediction', 'wait_for_retrain', 'manual__2024-08-12T19:49:05.540562+00:00', '--job-id', '768', '--raw', '--subdir', 'DAGS_FOLDER/monthly_prediction.py', '--cfg-path', '/tmp/tmpaldkp9yg']
[2024-08-12T19:54:21.952+0000] {standard_task_runner.py:85} INFO - Job 768: Subtask wait_for_retrain
[2024-08-12T19:54:21.996+0000] {task_command.py:415} INFO - Running <TaskInstance: monthly_prediction.wait_for_retrain manual__2024-08-12T19:49:05.540562+00:00 [running]> on host a9166c5dc5ae
[2024-08-12T19:54:22.233+0000] {taskinstance.py:1660} INFO - Exporting env vars: AIRFLOW_CTX_DAG_OWNER='***' AIRFLOW_CTX_DAG_ID='monthly_prediction' AIRFLOW_CTX_TASK_ID='wait_for_retrain' AIRFLOW_CTX_EXECUTION_DATE='2024-08-12T19:49:05.540562+00:00' AIRFLOW_CTX_TRY_NUMBER='1' AIRFLOW_CTX_DAG_RUN_ID='manual__2024-08-12T19:49:05.540562+00:00'
[2024-08-12T19:54:22.242+0000] {external_task.py:244} INFO - Poking for tasks ['optimize_and_register_best_classifier'] in dag quarterly_retrain on 2024-07-31T19:49:05.540562+00:00 ... 
[2024-08-12T19:54:22.266+0000] {taskinstance.py:1895} INFO - Rescheduling task, marking task as UP_FOR_RESCHEDULE
[2024-08-12T19:54:22.312+0000] {local_task_job_runner.py:228} INFO - Task exited with return code 0
[2024-08-12T19:54:22.326+0000] {taskinstance.py:2776} INFO - 0 downstream tasks scheduled from follow-on schedule check
[2024-08-12T19:55:28.092+0000] {taskinstance.py:1157} INFO - Dependencies all met for dep_context=non-requeueable deps ti=<TaskInstance: monthly_prediction.wait_for_retrain manual__2024-08-12T19:49:05.540562+00:00 [queued]>
[2024-08-12T19:55:28.102+0000] {taskinstance.py:1157} INFO - Dependencies all met for dep_context=requeueable deps ti=<TaskInstance: monthly_prediction.wait_for_retrain manual__2024-08-12T19:49:05.540562+00:00 [queued]>
[2024-08-12T19:55:28.103+0000] {taskinstance.py:1359} INFO - Starting attempt 1 of 1
[2024-08-12T19:55:28.116+0000] {taskinstance.py:1380} INFO - Executing <Task(ExternalTaskSensor): wait_for_retrain> on 2024-08-12 19:49:05.540562+00:00
[2024-08-12T19:55:28.126+0000] {standard_task_runner.py:57} INFO - Started process 10388 to run task
[2024-08-12T19:55:28.129+0000] {standard_task_runner.py:84} INFO - Running: ['***', 'tasks', 'run', 'monthly_prediction', 'wait_for_retrain', 'manual__2024-08-12T19:49:05.540562+00:00', '--job-id', '779', '--raw', '--subdir', 'DAGS_FOLDER/monthly_prediction.py', '--cfg-path', '/tmp/tmpasv95mlv']
[2024-08-12T19:55:28.132+0000] {standard_task_runner.py:85} INFO - Job 779: Subtask wait_for_retrain
[2024-08-12T19:55:28.403+0000] {task_command.py:415} INFO - Running <TaskInstance: monthly_prediction.wait_for_retrain manual__2024-08-12T19:49:05.540562+00:00 [running]> on host a9166c5dc5ae
[2024-08-12T19:55:28.460+0000] {taskinstance.py:1660} INFO - Exporting env vars: AIRFLOW_CTX_DAG_OWNER='***' AIRFLOW_CTX_DAG_ID='monthly_prediction' AIRFLOW_CTX_TASK_ID='wait_for_retrain' AIRFLOW_CTX_EXECUTION_DATE='2024-08-12T19:49:05.540562+00:00' AIRFLOW_CTX_TRY_NUMBER='1' AIRFLOW_CTX_DAG_RUN_ID='manual__2024-08-12T19:49:05.540562+00:00'
[2024-08-12T19:55:28.469+0000] {external_task.py:244} INFO - Poking for tasks ['optimize_and_register_best_classifier'] in dag quarterly_retrain on 2024-07-31T19:49:05.540562+00:00 ... 
[2024-08-12T19:55:28.498+0000] {taskinstance.py:1895} INFO - Rescheduling task, marking task as UP_FOR_RESCHEDULE
[2024-08-12T19:55:28.518+0000] {local_task_job_runner.py:228} INFO - Task exited with return code 0
[2024-08-12T19:55:28.541+0000] {taskinstance.py:2776} INFO - 0 downstream tasks scheduled from follow-on schedule check
[2024-08-12T19:56:32.798+0000] {taskinstance.py:1157} INFO - Dependencies all met for dep_context=non-requeueable deps ti=<TaskInstance: monthly_prediction.wait_for_retrain manual__2024-08-12T19:49:05.540562+00:00 [queued]>
[2024-08-12T19:56:32.808+0000] {taskinstance.py:1157} INFO - Dependencies all met for dep_context=requeueable deps ti=<TaskInstance: monthly_prediction.wait_for_retrain manual__2024-08-12T19:49:05.540562+00:00 [queued]>
[2024-08-12T19:56:32.809+0000] {taskinstance.py:1359} INFO - Starting attempt 1 of 1
[2024-08-12T19:56:32.823+0000] {taskinstance.py:1380} INFO - Executing <Task(ExternalTaskSensor): wait_for_retrain> on 2024-08-12 19:49:05.540562+00:00
[2024-08-12T19:56:32.833+0000] {standard_task_runner.py:57} INFO - Started process 10648 to run task
[2024-08-12T19:56:32.836+0000] {standard_task_runner.py:84} INFO - Running: ['***', 'tasks', 'run', 'monthly_prediction', 'wait_for_retrain', 'manual__2024-08-12T19:49:05.540562+00:00', '--job-id', '794', '--raw', '--subdir', 'DAGS_FOLDER/monthly_prediction.py', '--cfg-path', '/tmp/tmph_k7rqv9']
[2024-08-12T19:56:32.839+0000] {standard_task_runner.py:85} INFO - Job 794: Subtask wait_for_retrain
[2024-08-12T19:56:33.080+0000] {task_command.py:415} INFO - Running <TaskInstance: monthly_prediction.wait_for_retrain manual__2024-08-12T19:49:05.540562+00:00 [running]> on host a9166c5dc5ae
[2024-08-12T19:56:33.147+0000] {taskinstance.py:1660} INFO - Exporting env vars: AIRFLOW_CTX_DAG_OWNER='***' AIRFLOW_CTX_DAG_ID='monthly_prediction' AIRFLOW_CTX_TASK_ID='wait_for_retrain' AIRFLOW_CTX_EXECUTION_DATE='2024-08-12T19:49:05.540562+00:00' AIRFLOW_CTX_TRY_NUMBER='1' AIRFLOW_CTX_DAG_RUN_ID='manual__2024-08-12T19:49:05.540562+00:00'
[2024-08-12T19:56:33.161+0000] {external_task.py:244} INFO - Poking for tasks ['optimize_and_register_best_classifier'] in dag quarterly_retrain on 2024-07-31T19:49:05.540562+00:00 ... 
[2024-08-12T19:56:33.204+0000] {taskinstance.py:1895} INFO - Rescheduling task, marking task as UP_FOR_RESCHEDULE
[2024-08-12T19:56:33.241+0000] {local_task_job_runner.py:228} INFO - Task exited with return code 0
[2024-08-12T19:56:33.270+0000] {taskinstance.py:2776} INFO - 0 downstream tasks scheduled from follow-on schedule check
[2024-08-12T19:57:40.996+0000] {taskinstance.py:1157} INFO - Dependencies all met for dep_context=non-requeueable deps ti=<TaskInstance: monthly_prediction.wait_for_retrain manual__2024-08-12T19:49:05.540562+00:00 [queued]>
[2024-08-12T19:57:41.022+0000] {taskinstance.py:1157} INFO - Dependencies all met for dep_context=requeueable deps ti=<TaskInstance: monthly_prediction.wait_for_retrain manual__2024-08-12T19:49:05.540562+00:00 [queued]>
[2024-08-12T19:57:41.024+0000] {taskinstance.py:1359} INFO - Starting attempt 1 of 1
[2024-08-12T19:57:41.046+0000] {taskinstance.py:1380} INFO - Executing <Task(ExternalTaskSensor): wait_for_retrain> on 2024-08-12 19:49:05.540562+00:00
[2024-08-12T19:57:41.061+0000] {standard_task_runner.py:57} INFO - Started process 10945 to run task
[2024-08-12T19:57:41.068+0000] {standard_task_runner.py:84} INFO - Running: ['***', 'tasks', 'run', 'monthly_prediction', 'wait_for_retrain', 'manual__2024-08-12T19:49:05.540562+00:00', '--job-id', '812', '--raw', '--subdir', 'DAGS_FOLDER/monthly_prediction.py', '--cfg-path', '/tmp/tmpd24cejki']
[2024-08-12T19:57:41.074+0000] {standard_task_runner.py:85} INFO - Job 812: Subtask wait_for_retrain
[2024-08-12T19:57:41.512+0000] {task_command.py:415} INFO - Running <TaskInstance: monthly_prediction.wait_for_retrain manual__2024-08-12T19:49:05.540562+00:00 [running]> on host a9166c5dc5ae
[2024-08-12T19:57:41.601+0000] {taskinstance.py:1660} INFO - Exporting env vars: AIRFLOW_CTX_DAG_OWNER='***' AIRFLOW_CTX_DAG_ID='monthly_prediction' AIRFLOW_CTX_TASK_ID='wait_for_retrain' AIRFLOW_CTX_EXECUTION_DATE='2024-08-12T19:49:05.540562+00:00' AIRFLOW_CTX_TRY_NUMBER='1' AIRFLOW_CTX_DAG_RUN_ID='manual__2024-08-12T19:49:05.540562+00:00'
[2024-08-12T19:57:41.617+0000] {external_task.py:244} INFO - Poking for tasks ['optimize_and_register_best_classifier'] in dag quarterly_retrain on 2024-07-31T19:49:05.540562+00:00 ... 
[2024-08-12T19:57:41.654+0000] {taskinstance.py:1895} INFO - Rescheduling task, marking task as UP_FOR_RESCHEDULE
[2024-08-12T19:57:41.706+0000] {local_task_job_runner.py:228} INFO - Task exited with return code 0
[2024-08-12T19:57:41.784+0000] {taskinstance.py:2776} INFO - 0 downstream tasks scheduled from follow-on schedule check
[2024-08-12T19:58:43.832+0000] {taskinstance.py:1157} INFO - Dependencies all met for dep_context=non-requeueable deps ti=<TaskInstance: monthly_prediction.wait_for_retrain manual__2024-08-12T19:49:05.540562+00:00 [queued]>
[2024-08-12T19:58:43.856+0000] {taskinstance.py:1157} INFO - Dependencies all met for dep_context=requeueable deps ti=<TaskInstance: monthly_prediction.wait_for_retrain manual__2024-08-12T19:49:05.540562+00:00 [queued]>
[2024-08-12T19:58:43.856+0000] {taskinstance.py:1359} INFO - Starting attempt 1 of 1
[2024-08-12T19:58:43.870+0000] {taskinstance.py:1380} INFO - Executing <Task(ExternalTaskSensor): wait_for_retrain> on 2024-08-12 19:49:05.540562+00:00
[2024-08-12T19:58:43.879+0000] {standard_task_runner.py:57} INFO - Started process 11094 to run task
[2024-08-12T19:58:43.895+0000] {standard_task_runner.py:84} INFO - Running: ['***', 'tasks', 'run', 'monthly_prediction', 'wait_for_retrain', 'manual__2024-08-12T19:49:05.540562+00:00', '--job-id', '819', '--raw', '--subdir', 'DAGS_FOLDER/monthly_prediction.py', '--cfg-path', '/tmp/tmp774f_3bt']
[2024-08-12T19:58:43.899+0000] {standard_task_runner.py:85} INFO - Job 819: Subtask wait_for_retrain
[2024-08-12T19:58:44.222+0000] {task_command.py:415} INFO - Running <TaskInstance: monthly_prediction.wait_for_retrain manual__2024-08-12T19:49:05.540562+00:00 [running]> on host a9166c5dc5ae
[2024-08-12T19:58:44.296+0000] {taskinstance.py:1660} INFO - Exporting env vars: AIRFLOW_CTX_DAG_OWNER='***' AIRFLOW_CTX_DAG_ID='monthly_prediction' AIRFLOW_CTX_TASK_ID='wait_for_retrain' AIRFLOW_CTX_EXECUTION_DATE='2024-08-12T19:49:05.540562+00:00' AIRFLOW_CTX_TRY_NUMBER='1' AIRFLOW_CTX_DAG_RUN_ID='manual__2024-08-12T19:49:05.540562+00:00'
[2024-08-12T19:58:44.312+0000] {external_task.py:244} INFO - Poking for tasks ['optimize_and_register_best_classifier'] in dag quarterly_retrain on 2024-07-31T19:49:05.540562+00:00 ... 
[2024-08-12T19:58:44.346+0000] {taskinstance.py:1895} INFO - Rescheduling task, marking task as UP_FOR_RESCHEDULE
[2024-08-12T19:58:44.368+0000] {local_task_job_runner.py:228} INFO - Task exited with return code 0
[2024-08-12T19:58:44.393+0000] {taskinstance.py:2776} INFO - 0 downstream tasks scheduled from follow-on schedule check
[2024-08-12T19:59:46.872+0000] {taskinstance.py:1157} INFO - Dependencies all met for dep_context=non-requeueable deps ti=<TaskInstance: monthly_prediction.wait_for_retrain manual__2024-08-12T19:49:05.540562+00:00 [queued]>
[2024-08-12T19:59:46.878+0000] {taskinstance.py:1157} INFO - Dependencies all met for dep_context=requeueable deps ti=<TaskInstance: monthly_prediction.wait_for_retrain manual__2024-08-12T19:49:05.540562+00:00 [queued]>
[2024-08-12T19:59:46.879+0000] {taskinstance.py:1359} INFO - Starting attempt 1 of 1
[2024-08-12T19:59:46.887+0000] {taskinstance.py:1380} INFO - Executing <Task(ExternalTaskSensor): wait_for_retrain> on 2024-08-12 19:49:05.540562+00:00
[2024-08-12T19:59:46.895+0000] {standard_task_runner.py:57} INFO - Started process 11254 to run task
[2024-08-12T19:59:46.898+0000] {standard_task_runner.py:84} INFO - Running: ['***', 'tasks', 'run', 'monthly_prediction', 'wait_for_retrain', 'manual__2024-08-12T19:49:05.540562+00:00', '--job-id', '826', '--raw', '--subdir', 'DAGS_FOLDER/monthly_prediction.py', '--cfg-path', '/tmp/tmp65fgwi8l']
[2024-08-12T19:59:46.903+0000] {standard_task_runner.py:85} INFO - Job 826: Subtask wait_for_retrain
[2024-08-12T19:59:47.377+0000] {task_command.py:415} INFO - Running <TaskInstance: monthly_prediction.wait_for_retrain manual__2024-08-12T19:49:05.540562+00:00 [running]> on host a9166c5dc5ae
[2024-08-12T19:59:47.478+0000] {taskinstance.py:1660} INFO - Exporting env vars: AIRFLOW_CTX_DAG_OWNER='***' AIRFLOW_CTX_DAG_ID='monthly_prediction' AIRFLOW_CTX_TASK_ID='wait_for_retrain' AIRFLOW_CTX_EXECUTION_DATE='2024-08-12T19:49:05.540562+00:00' AIRFLOW_CTX_TRY_NUMBER='1' AIRFLOW_CTX_DAG_RUN_ID='manual__2024-08-12T19:49:05.540562+00:00'
[2024-08-12T19:59:47.489+0000] {external_task.py:244} INFO - Poking for tasks ['optimize_and_register_best_classifier'] in dag quarterly_retrain on 2024-07-31T19:49:05.540562+00:00 ... 
[2024-08-12T19:59:47.502+0000] {taskinstance.py:1935} ERROR - Task failed with exception
Traceback (most recent call last):
  File "/home/airflow/.local/lib/python3.8/site-packages/airflow/sensors/external_task.py", line 334, in execute
    super().execute(context)
  File "/home/airflow/.local/lib/python3.8/site-packages/airflow/sensors/base.py", line 274, in execute
    raise AirflowSensorTimeout(message)
airflow.exceptions.AirflowSensorTimeout: Sensor has timed out; run duration of 639.787138 seconds exceeds the specified timeout of 600.0.
[2024-08-12T19:59:47.510+0000] {taskinstance.py:1398} INFO - Immediate failure requested. Marking task as FAILED. dag_id=monthly_prediction, task_id=wait_for_retrain, execution_date=20240812T194905, start_date=20240812T195946, end_date=20240812T195947
[2024-08-12T19:59:47.520+0000] {standard_task_runner.py:104} ERROR - Failed to execute job 826 for task wait_for_retrain (Sensor has timed out; run duration of 639.787138 seconds exceeds the specified timeout of 600.0.; 11254)
[2024-08-12T19:59:47.549+0000] {local_task_job_runner.py:228} INFO - Task exited with return code 1
[2024-08-12T19:59:47.570+0000] {taskinstance.py:2776} INFO - 0 downstream tasks scheduled from follow-on schedule check
