[2024-08-12T18:13:57.982+0000] {taskinstance.py:1157} INFO - Dependencies all met for dep_context=non-requeueable deps ti=<TaskInstance: monthly_prediction.wait_for_retrain scheduled__2024-07-01T00:00:00+00:00 [queued]>
[2024-08-12T18:13:58.009+0000] {taskinstance.py:1157} INFO - Dependencies all met for dep_context=requeueable deps ti=<TaskInstance: monthly_prediction.wait_for_retrain scheduled__2024-07-01T00:00:00+00:00 [queued]>
[2024-08-12T18:13:58.033+0000] {taskinstance.py:1359} INFO - Starting attempt 1 of 1
[2024-08-12T18:13:58.123+0000] {taskinstance.py:1380} INFO - Executing <Task(ExternalTaskSensor): wait_for_retrain> on 2024-07-01 00:00:00+00:00
[2024-08-12T18:13:58.232+0000] {standard_task_runner.py:57} INFO - Started process 9359 to run task
[2024-08-12T18:13:58.237+0000] {standard_task_runner.py:84} INFO - Running: ['***', 'tasks', 'run', 'monthly_prediction', 'wait_for_retrain', 'scheduled__2024-07-01T00:00:00+00:00', '--job-id', '275', '--raw', '--subdir', 'DAGS_FOLDER/monthly_prediction.py', '--cfg-path', '/tmp/tmpl210crcr']
[2024-08-12T18:13:58.303+0000] {standard_task_runner.py:85} INFO - Job 275: Subtask wait_for_retrain
[2024-08-12T18:13:58.616+0000] {task_command.py:415} INFO - Running <TaskInstance: monthly_prediction.wait_for_retrain scheduled__2024-07-01T00:00:00+00:00 [running]> on host a9166c5dc5ae
[2024-08-12T18:13:59.065+0000] {taskinstance.py:1660} INFO - Exporting env vars: AIRFLOW_CTX_DAG_OWNER='***' AIRFLOW_CTX_DAG_ID='monthly_prediction' AIRFLOW_CTX_TASK_ID='wait_for_retrain' AIRFLOW_CTX_EXECUTION_DATE='2024-07-01T00:00:00+00:00' AIRFLOW_CTX_TRY_NUMBER='1' AIRFLOW_CTX_DAG_RUN_ID='scheduled__2024-07-01T00:00:00+00:00'
[2024-08-12T18:13:59.231+0000] {external_task.py:244} INFO - Poking for tasks ['optimize_and_register_best_classifier'] in dag quarterly_retrain on 2024-06-30T00:00:00+00:00 ... 
[2024-08-12T18:13:59.375+0000] {taskinstance.py:1895} INFO - Rescheduling task, marking task as UP_FOR_RESCHEDULE
[2024-08-12T18:13:59.498+0000] {local_task_job_runner.py:228} INFO - Task exited with return code 0
[2024-08-12T18:13:59.631+0000] {taskinstance.py:2776} INFO - 0 downstream tasks scheduled from follow-on schedule check
[2024-08-12T18:15:01.867+0000] {taskinstance.py:1157} INFO - Dependencies all met for dep_context=non-requeueable deps ti=<TaskInstance: monthly_prediction.wait_for_retrain scheduled__2024-07-01T00:00:00+00:00 [queued]>
[2024-08-12T18:15:01.873+0000] {taskinstance.py:1157} INFO - Dependencies all met for dep_context=requeueable deps ti=<TaskInstance: monthly_prediction.wait_for_retrain scheduled__2024-07-01T00:00:00+00:00 [queued]>
[2024-08-12T18:15:01.874+0000] {taskinstance.py:1359} INFO - Starting attempt 1 of 1
[2024-08-12T18:15:01.881+0000] {taskinstance.py:1380} INFO - Executing <Task(ExternalTaskSensor): wait_for_retrain> on 2024-07-01 00:00:00+00:00
[2024-08-12T18:15:01.886+0000] {standard_task_runner.py:57} INFO - Started process 9980 to run task
[2024-08-12T18:15:01.890+0000] {standard_task_runner.py:84} INFO - Running: ['***', 'tasks', 'run', 'monthly_prediction', 'wait_for_retrain', 'scheduled__2024-07-01T00:00:00+00:00', '--job-id', '301', '--raw', '--subdir', 'DAGS_FOLDER/monthly_prediction.py', '--cfg-path', '/tmp/tmp_fnz_0lf']
[2024-08-12T18:15:01.894+0000] {standard_task_runner.py:85} INFO - Job 301: Subtask wait_for_retrain
[2024-08-12T18:15:01.960+0000] {task_command.py:415} INFO - Running <TaskInstance: monthly_prediction.wait_for_retrain scheduled__2024-07-01T00:00:00+00:00 [running]> on host a9166c5dc5ae
[2024-08-12T18:15:02.012+0000] {taskinstance.py:1660} INFO - Exporting env vars: AIRFLOW_CTX_DAG_OWNER='***' AIRFLOW_CTX_DAG_ID='monthly_prediction' AIRFLOW_CTX_TASK_ID='wait_for_retrain' AIRFLOW_CTX_EXECUTION_DATE='2024-07-01T00:00:00+00:00' AIRFLOW_CTX_TRY_NUMBER='1' AIRFLOW_CTX_DAG_RUN_ID='scheduled__2024-07-01T00:00:00+00:00'
[2024-08-12T18:15:02.019+0000] {external_task.py:244} INFO - Poking for tasks ['optimize_and_register_best_classifier'] in dag quarterly_retrain on 2024-06-30T00:00:00+00:00 ... 
[2024-08-12T18:15:02.036+0000] {taskinstance.py:1895} INFO - Rescheduling task, marking task as UP_FOR_RESCHEDULE
[2024-08-12T18:15:02.076+0000] {local_task_job_runner.py:228} INFO - Task exited with return code 0
[2024-08-12T18:15:02.086+0000] {taskinstance.py:2776} INFO - 0 downstream tasks scheduled from follow-on schedule check
[2024-08-12T18:16:04.578+0000] {taskinstance.py:1157} INFO - Dependencies all met for dep_context=non-requeueable deps ti=<TaskInstance: monthly_prediction.wait_for_retrain scheduled__2024-07-01T00:00:00+00:00 [queued]>
[2024-08-12T18:16:04.583+0000] {taskinstance.py:1157} INFO - Dependencies all met for dep_context=requeueable deps ti=<TaskInstance: monthly_prediction.wait_for_retrain scheduled__2024-07-01T00:00:00+00:00 [queued]>
[2024-08-12T18:16:04.583+0000] {taskinstance.py:1359} INFO - Starting attempt 1 of 1
[2024-08-12T18:16:04.591+0000] {taskinstance.py:1380} INFO - Executing <Task(ExternalTaskSensor): wait_for_retrain> on 2024-07-01 00:00:00+00:00
[2024-08-12T18:16:04.605+0000] {standard_task_runner.py:57} INFO - Started process 10549 to run task
[2024-08-12T18:16:04.618+0000] {standard_task_runner.py:84} INFO - Running: ['***', 'tasks', 'run', 'monthly_prediction', 'wait_for_retrain', 'scheduled__2024-07-01T00:00:00+00:00', '--job-id', '307', '--raw', '--subdir', 'DAGS_FOLDER/monthly_prediction.py', '--cfg-path', '/tmp/tmpz6a7m5cu']
[2024-08-12T18:16:04.621+0000] {standard_task_runner.py:85} INFO - Job 307: Subtask wait_for_retrain
[2024-08-12T18:16:04.673+0000] {task_command.py:415} INFO - Running <TaskInstance: monthly_prediction.wait_for_retrain scheduled__2024-07-01T00:00:00+00:00 [running]> on host a9166c5dc5ae
[2024-08-12T18:16:04.733+0000] {taskinstance.py:1660} INFO - Exporting env vars: AIRFLOW_CTX_DAG_OWNER='***' AIRFLOW_CTX_DAG_ID='monthly_prediction' AIRFLOW_CTX_TASK_ID='wait_for_retrain' AIRFLOW_CTX_EXECUTION_DATE='2024-07-01T00:00:00+00:00' AIRFLOW_CTX_TRY_NUMBER='1' AIRFLOW_CTX_DAG_RUN_ID='scheduled__2024-07-01T00:00:00+00:00'
[2024-08-12T18:16:04.743+0000] {external_task.py:244} INFO - Poking for tasks ['optimize_and_register_best_classifier'] in dag quarterly_retrain on 2024-06-30T00:00:00+00:00 ... 
[2024-08-12T18:16:04.768+0000] {taskinstance.py:1895} INFO - Rescheduling task, marking task as UP_FOR_RESCHEDULE
[2024-08-12T18:16:04.800+0000] {local_task_job_runner.py:228} INFO - Task exited with return code 0
[2024-08-12T18:16:04.814+0000] {taskinstance.py:2776} INFO - 0 downstream tasks scheduled from follow-on schedule check
[2024-08-12T18:17:06.926+0000] {taskinstance.py:1157} INFO - Dependencies all met for dep_context=non-requeueable deps ti=<TaskInstance: monthly_prediction.wait_for_retrain scheduled__2024-07-01T00:00:00+00:00 [queued]>
[2024-08-12T18:17:06.931+0000] {taskinstance.py:1157} INFO - Dependencies all met for dep_context=requeueable deps ti=<TaskInstance: monthly_prediction.wait_for_retrain scheduled__2024-07-01T00:00:00+00:00 [queued]>
[2024-08-12T18:17:06.931+0000] {taskinstance.py:1359} INFO - Starting attempt 1 of 1
[2024-08-12T18:17:06.937+0000] {taskinstance.py:1380} INFO - Executing <Task(ExternalTaskSensor): wait_for_retrain> on 2024-07-01 00:00:00+00:00
[2024-08-12T18:17:06.943+0000] {standard_task_runner.py:57} INFO - Started process 11023 to run task
[2024-08-12T18:17:06.946+0000] {standard_task_runner.py:84} INFO - Running: ['***', 'tasks', 'run', 'monthly_prediction', 'wait_for_retrain', 'scheduled__2024-07-01T00:00:00+00:00', '--job-id', '314', '--raw', '--subdir', 'DAGS_FOLDER/monthly_prediction.py', '--cfg-path', '/tmp/tmpwh_50d32']
[2024-08-12T18:17:06.949+0000] {standard_task_runner.py:85} INFO - Job 314: Subtask wait_for_retrain
[2024-08-12T18:17:06.979+0000] {task_command.py:415} INFO - Running <TaskInstance: monthly_prediction.wait_for_retrain scheduled__2024-07-01T00:00:00+00:00 [running]> on host a9166c5dc5ae
[2024-08-12T18:17:07.018+0000] {taskinstance.py:1660} INFO - Exporting env vars: AIRFLOW_CTX_DAG_OWNER='***' AIRFLOW_CTX_DAG_ID='monthly_prediction' AIRFLOW_CTX_TASK_ID='wait_for_retrain' AIRFLOW_CTX_EXECUTION_DATE='2024-07-01T00:00:00+00:00' AIRFLOW_CTX_TRY_NUMBER='1' AIRFLOW_CTX_DAG_RUN_ID='scheduled__2024-07-01T00:00:00+00:00'
[2024-08-12T18:17:07.025+0000] {external_task.py:244} INFO - Poking for tasks ['optimize_and_register_best_classifier'] in dag quarterly_retrain on 2024-06-30T00:00:00+00:00 ... 
[2024-08-12T18:17:07.042+0000] {taskinstance.py:1895} INFO - Rescheduling task, marking task as UP_FOR_RESCHEDULE
[2024-08-12T18:17:07.087+0000] {local_task_job_runner.py:228} INFO - Task exited with return code 0
[2024-08-12T18:17:07.097+0000] {taskinstance.py:2776} INFO - 0 downstream tasks scheduled from follow-on schedule check
[2024-08-12T18:18:08.738+0000] {taskinstance.py:1157} INFO - Dependencies all met for dep_context=non-requeueable deps ti=<TaskInstance: monthly_prediction.wait_for_retrain scheduled__2024-07-01T00:00:00+00:00 [queued]>
[2024-08-12T18:18:08.742+0000] {taskinstance.py:1157} INFO - Dependencies all met for dep_context=requeueable deps ti=<TaskInstance: monthly_prediction.wait_for_retrain scheduled__2024-07-01T00:00:00+00:00 [queued]>
[2024-08-12T18:18:08.742+0000] {taskinstance.py:1359} INFO - Starting attempt 1 of 1
[2024-08-12T18:18:08.749+0000] {taskinstance.py:1380} INFO - Executing <Task(ExternalTaskSensor): wait_for_retrain> on 2024-07-01 00:00:00+00:00
[2024-08-12T18:18:08.754+0000] {standard_task_runner.py:57} INFO - Started process 11174 to run task
[2024-08-12T18:18:08.756+0000] {standard_task_runner.py:84} INFO - Running: ['***', 'tasks', 'run', 'monthly_prediction', 'wait_for_retrain', 'scheduled__2024-07-01T00:00:00+00:00', '--job-id', '319', '--raw', '--subdir', 'DAGS_FOLDER/monthly_prediction.py', '--cfg-path', '/tmp/tmprqej9z7b']
[2024-08-12T18:18:08.758+0000] {standard_task_runner.py:85} INFO - Job 319: Subtask wait_for_retrain
[2024-08-12T18:18:08.789+0000] {task_command.py:415} INFO - Running <TaskInstance: monthly_prediction.wait_for_retrain scheduled__2024-07-01T00:00:00+00:00 [running]> on host a9166c5dc5ae
[2024-08-12T18:18:08.825+0000] {taskinstance.py:1660} INFO - Exporting env vars: AIRFLOW_CTX_DAG_OWNER='***' AIRFLOW_CTX_DAG_ID='monthly_prediction' AIRFLOW_CTX_TASK_ID='wait_for_retrain' AIRFLOW_CTX_EXECUTION_DATE='2024-07-01T00:00:00+00:00' AIRFLOW_CTX_TRY_NUMBER='1' AIRFLOW_CTX_DAG_RUN_ID='scheduled__2024-07-01T00:00:00+00:00'
[2024-08-12T18:18:08.831+0000] {external_task.py:244} INFO - Poking for tasks ['optimize_and_register_best_classifier'] in dag quarterly_retrain on 2024-06-30T00:00:00+00:00 ... 
[2024-08-12T18:18:08.846+0000] {taskinstance.py:1895} INFO - Rescheduling task, marking task as UP_FOR_RESCHEDULE
[2024-08-12T18:18:08.856+0000] {local_task_job_runner.py:228} INFO - Task exited with return code 0
[2024-08-12T18:18:08.866+0000] {taskinstance.py:2776} INFO - 0 downstream tasks scheduled from follow-on schedule check
[2024-08-12T18:19:10.853+0000] {taskinstance.py:1157} INFO - Dependencies all met for dep_context=non-requeueable deps ti=<TaskInstance: monthly_prediction.wait_for_retrain scheduled__2024-07-01T00:00:00+00:00 [queued]>
[2024-08-12T18:19:10.857+0000] {taskinstance.py:1157} INFO - Dependencies all met for dep_context=requeueable deps ti=<TaskInstance: monthly_prediction.wait_for_retrain scheduled__2024-07-01T00:00:00+00:00 [queued]>
[2024-08-12T18:19:10.857+0000] {taskinstance.py:1359} INFO - Starting attempt 1 of 1
[2024-08-12T18:19:10.863+0000] {taskinstance.py:1380} INFO - Executing <Task(ExternalTaskSensor): wait_for_retrain> on 2024-07-01 00:00:00+00:00
[2024-08-12T18:19:10.868+0000] {standard_task_runner.py:57} INFO - Started process 11327 to run task
[2024-08-12T18:19:10.871+0000] {standard_task_runner.py:84} INFO - Running: ['***', 'tasks', 'run', 'monthly_prediction', 'wait_for_retrain', 'scheduled__2024-07-01T00:00:00+00:00', '--job-id', '326', '--raw', '--subdir', 'DAGS_FOLDER/monthly_prediction.py', '--cfg-path', '/tmp/tmpxwi5dm1s']
[2024-08-12T18:19:10.873+0000] {standard_task_runner.py:85} INFO - Job 326: Subtask wait_for_retrain
[2024-08-12T18:19:10.902+0000] {task_command.py:415} INFO - Running <TaskInstance: monthly_prediction.wait_for_retrain scheduled__2024-07-01T00:00:00+00:00 [running]> on host a9166c5dc5ae
[2024-08-12T18:19:10.946+0000] {taskinstance.py:1660} INFO - Exporting env vars: AIRFLOW_CTX_DAG_OWNER='***' AIRFLOW_CTX_DAG_ID='monthly_prediction' AIRFLOW_CTX_TASK_ID='wait_for_retrain' AIRFLOW_CTX_EXECUTION_DATE='2024-07-01T00:00:00+00:00' AIRFLOW_CTX_TRY_NUMBER='1' AIRFLOW_CTX_DAG_RUN_ID='scheduled__2024-07-01T00:00:00+00:00'
[2024-08-12T18:19:10.952+0000] {external_task.py:244} INFO - Poking for tasks ['optimize_and_register_best_classifier'] in dag quarterly_retrain on 2024-06-30T00:00:00+00:00 ... 
[2024-08-12T18:19:10.971+0000] {taskinstance.py:1895} INFO - Rescheduling task, marking task as UP_FOR_RESCHEDULE
[2024-08-12T18:19:11.010+0000] {local_task_job_runner.py:228} INFO - Task exited with return code 0
[2024-08-12T18:19:11.019+0000] {taskinstance.py:2776} INFO - 0 downstream tasks scheduled from follow-on schedule check
[2024-08-12T18:20:12.542+0000] {taskinstance.py:1157} INFO - Dependencies all met for dep_context=non-requeueable deps ti=<TaskInstance: monthly_prediction.wait_for_retrain scheduled__2024-07-01T00:00:00+00:00 [queued]>
[2024-08-12T18:20:12.546+0000] {taskinstance.py:1157} INFO - Dependencies all met for dep_context=requeueable deps ti=<TaskInstance: monthly_prediction.wait_for_retrain scheduled__2024-07-01T00:00:00+00:00 [queued]>
[2024-08-12T18:20:12.547+0000] {taskinstance.py:1359} INFO - Starting attempt 1 of 1
[2024-08-12T18:20:12.552+0000] {taskinstance.py:1380} INFO - Executing <Task(ExternalTaskSensor): wait_for_retrain> on 2024-07-01 00:00:00+00:00
[2024-08-12T18:20:12.557+0000] {standard_task_runner.py:57} INFO - Started process 11478 to run task
[2024-08-12T18:20:12.562+0000] {standard_task_runner.py:84} INFO - Running: ['***', 'tasks', 'run', 'monthly_prediction', 'wait_for_retrain', 'scheduled__2024-07-01T00:00:00+00:00', '--job-id', '331', '--raw', '--subdir', 'DAGS_FOLDER/monthly_prediction.py', '--cfg-path', '/tmp/tmpo0lj443z']
[2024-08-12T18:20:12.564+0000] {standard_task_runner.py:85} INFO - Job 331: Subtask wait_for_retrain
[2024-08-12T18:20:12.589+0000] {task_command.py:415} INFO - Running <TaskInstance: monthly_prediction.wait_for_retrain scheduled__2024-07-01T00:00:00+00:00 [running]> on host a9166c5dc5ae
[2024-08-12T18:20:12.622+0000] {taskinstance.py:1660} INFO - Exporting env vars: AIRFLOW_CTX_DAG_OWNER='***' AIRFLOW_CTX_DAG_ID='monthly_prediction' AIRFLOW_CTX_TASK_ID='wait_for_retrain' AIRFLOW_CTX_EXECUTION_DATE='2024-07-01T00:00:00+00:00' AIRFLOW_CTX_TRY_NUMBER='1' AIRFLOW_CTX_DAG_RUN_ID='scheduled__2024-07-01T00:00:00+00:00'
[2024-08-12T18:20:12.627+0000] {external_task.py:244} INFO - Poking for tasks ['optimize_and_register_best_classifier'] in dag quarterly_retrain on 2024-06-30T00:00:00+00:00 ... 
[2024-08-12T18:20:12.641+0000] {taskinstance.py:1895} INFO - Rescheduling task, marking task as UP_FOR_RESCHEDULE
[2024-08-12T18:20:12.658+0000] {local_task_job_runner.py:228} INFO - Task exited with return code 0
[2024-08-12T18:20:12.666+0000] {taskinstance.py:2776} INFO - 0 downstream tasks scheduled from follow-on schedule check
[2024-08-12T18:21:13.854+0000] {taskinstance.py:1157} INFO - Dependencies all met for dep_context=non-requeueable deps ti=<TaskInstance: monthly_prediction.wait_for_retrain scheduled__2024-07-01T00:00:00+00:00 [queued]>
[2024-08-12T18:21:13.858+0000] {taskinstance.py:1157} INFO - Dependencies all met for dep_context=requeueable deps ti=<TaskInstance: monthly_prediction.wait_for_retrain scheduled__2024-07-01T00:00:00+00:00 [queued]>
[2024-08-12T18:21:13.858+0000] {taskinstance.py:1359} INFO - Starting attempt 1 of 1
[2024-08-12T18:21:13.866+0000] {taskinstance.py:1380} INFO - Executing <Task(ExternalTaskSensor): wait_for_retrain> on 2024-07-01 00:00:00+00:00
[2024-08-12T18:21:13.876+0000] {standard_task_runner.py:57} INFO - Started process 11629 to run task
[2024-08-12T18:21:13.882+0000] {standard_task_runner.py:84} INFO - Running: ['***', 'tasks', 'run', 'monthly_prediction', 'wait_for_retrain', 'scheduled__2024-07-01T00:00:00+00:00', '--job-id', '337', '--raw', '--subdir', 'DAGS_FOLDER/monthly_prediction.py', '--cfg-path', '/tmp/tmprihchi4a']
[2024-08-12T18:21:13.886+0000] {standard_task_runner.py:85} INFO - Job 337: Subtask wait_for_retrain
[2024-08-12T18:21:14.024+0000] {task_command.py:415} INFO - Running <TaskInstance: monthly_prediction.wait_for_retrain scheduled__2024-07-01T00:00:00+00:00 [running]> on host a9166c5dc5ae
[2024-08-12T18:21:14.075+0000] {taskinstance.py:1660} INFO - Exporting env vars: AIRFLOW_CTX_DAG_OWNER='***' AIRFLOW_CTX_DAG_ID='monthly_prediction' AIRFLOW_CTX_TASK_ID='wait_for_retrain' AIRFLOW_CTX_EXECUTION_DATE='2024-07-01T00:00:00+00:00' AIRFLOW_CTX_TRY_NUMBER='1' AIRFLOW_CTX_DAG_RUN_ID='scheduled__2024-07-01T00:00:00+00:00'
[2024-08-12T18:21:14.090+0000] {external_task.py:244} INFO - Poking for tasks ['optimize_and_register_best_classifier'] in dag quarterly_retrain on 2024-06-30T00:00:00+00:00 ... 
[2024-08-12T18:21:14.114+0000] {taskinstance.py:1895} INFO - Rescheduling task, marking task as UP_FOR_RESCHEDULE
[2024-08-12T18:21:14.121+0000] {local_task_job_runner.py:228} INFO - Task exited with return code 0
[2024-08-12T18:21:14.134+0000] {taskinstance.py:2776} INFO - 0 downstream tasks scheduled from follow-on schedule check
[2024-08-12T18:22:16.321+0000] {taskinstance.py:1157} INFO - Dependencies all met for dep_context=non-requeueable deps ti=<TaskInstance: monthly_prediction.wait_for_retrain scheduled__2024-07-01T00:00:00+00:00 [queued]>
[2024-08-12T18:22:16.326+0000] {taskinstance.py:1157} INFO - Dependencies all met for dep_context=requeueable deps ti=<TaskInstance: monthly_prediction.wait_for_retrain scheduled__2024-07-01T00:00:00+00:00 [queued]>
[2024-08-12T18:22:16.326+0000] {taskinstance.py:1359} INFO - Starting attempt 1 of 1
[2024-08-12T18:22:16.332+0000] {taskinstance.py:1380} INFO - Executing <Task(ExternalTaskSensor): wait_for_retrain> on 2024-07-01 00:00:00+00:00
[2024-08-12T18:22:16.338+0000] {standard_task_runner.py:57} INFO - Started process 11782 to run task
[2024-08-12T18:22:16.340+0000] {standard_task_runner.py:84} INFO - Running: ['***', 'tasks', 'run', 'monthly_prediction', 'wait_for_retrain', 'scheduled__2024-07-01T00:00:00+00:00', '--job-id', '343', '--raw', '--subdir', 'DAGS_FOLDER/monthly_prediction.py', '--cfg-path', '/tmp/tmpvsxb94ra']
[2024-08-12T18:22:16.343+0000] {standard_task_runner.py:85} INFO - Job 343: Subtask wait_for_retrain
[2024-08-12T18:22:16.374+0000] {task_command.py:415} INFO - Running <TaskInstance: monthly_prediction.wait_for_retrain scheduled__2024-07-01T00:00:00+00:00 [running]> on host a9166c5dc5ae
[2024-08-12T18:22:16.412+0000] {taskinstance.py:1660} INFO - Exporting env vars: AIRFLOW_CTX_DAG_OWNER='***' AIRFLOW_CTX_DAG_ID='monthly_prediction' AIRFLOW_CTX_TASK_ID='wait_for_retrain' AIRFLOW_CTX_EXECUTION_DATE='2024-07-01T00:00:00+00:00' AIRFLOW_CTX_TRY_NUMBER='1' AIRFLOW_CTX_DAG_RUN_ID='scheduled__2024-07-01T00:00:00+00:00'
[2024-08-12T18:22:16.419+0000] {external_task.py:244} INFO - Poking for tasks ['optimize_and_register_best_classifier'] in dag quarterly_retrain on 2024-06-30T00:00:00+00:00 ... 
[2024-08-12T18:22:16.434+0000] {taskinstance.py:1895} INFO - Rescheduling task, marking task as UP_FOR_RESCHEDULE
[2024-08-12T18:22:16.440+0000] {local_task_job_runner.py:228} INFO - Task exited with return code 0
[2024-08-12T18:22:16.451+0000] {taskinstance.py:2776} INFO - 0 downstream tasks scheduled from follow-on schedule check
[2024-08-12T18:23:18.054+0000] {taskinstance.py:1157} INFO - Dependencies all met for dep_context=non-requeueable deps ti=<TaskInstance: monthly_prediction.wait_for_retrain scheduled__2024-07-01T00:00:00+00:00 [queued]>
[2024-08-12T18:23:18.057+0000] {taskinstance.py:1157} INFO - Dependencies all met for dep_context=requeueable deps ti=<TaskInstance: monthly_prediction.wait_for_retrain scheduled__2024-07-01T00:00:00+00:00 [queued]>
[2024-08-12T18:23:18.058+0000] {taskinstance.py:1359} INFO - Starting attempt 1 of 1
[2024-08-12T18:23:18.063+0000] {taskinstance.py:1380} INFO - Executing <Task(ExternalTaskSensor): wait_for_retrain> on 2024-07-01 00:00:00+00:00
[2024-08-12T18:23:18.068+0000] {standard_task_runner.py:57} INFO - Started process 11940 to run task
[2024-08-12T18:23:18.070+0000] {standard_task_runner.py:84} INFO - Running: ['***', 'tasks', 'run', 'monthly_prediction', 'wait_for_retrain', 'scheduled__2024-07-01T00:00:00+00:00', '--job-id', '350', '--raw', '--subdir', 'DAGS_FOLDER/monthly_prediction.py', '--cfg-path', '/tmp/tmpci1ogxyk']
[2024-08-12T18:23:18.071+0000] {standard_task_runner.py:85} INFO - Job 350: Subtask wait_for_retrain
[2024-08-12T18:23:18.099+0000] {task_command.py:415} INFO - Running <TaskInstance: monthly_prediction.wait_for_retrain scheduled__2024-07-01T00:00:00+00:00 [running]> on host a9166c5dc5ae
[2024-08-12T18:23:18.133+0000] {taskinstance.py:1660} INFO - Exporting env vars: AIRFLOW_CTX_DAG_OWNER='***' AIRFLOW_CTX_DAG_ID='monthly_prediction' AIRFLOW_CTX_TASK_ID='wait_for_retrain' AIRFLOW_CTX_EXECUTION_DATE='2024-07-01T00:00:00+00:00' AIRFLOW_CTX_TRY_NUMBER='1' AIRFLOW_CTX_DAG_RUN_ID='scheduled__2024-07-01T00:00:00+00:00'
[2024-08-12T18:23:18.139+0000] {external_task.py:244} INFO - Poking for tasks ['optimize_and_register_best_classifier'] in dag quarterly_retrain on 2024-06-30T00:00:00+00:00 ... 
[2024-08-12T18:23:18.153+0000] {taskinstance.py:1895} INFO - Rescheduling task, marking task as UP_FOR_RESCHEDULE
[2024-08-12T18:23:18.168+0000] {local_task_job_runner.py:228} INFO - Task exited with return code 0
[2024-08-12T18:23:18.177+0000] {taskinstance.py:2776} INFO - 0 downstream tasks scheduled from follow-on schedule check
[2024-08-12T18:24:19.443+0000] {taskinstance.py:1157} INFO - Dependencies all met for dep_context=non-requeueable deps ti=<TaskInstance: monthly_prediction.wait_for_retrain scheduled__2024-07-01T00:00:00+00:00 [queued]>
[2024-08-12T18:24:19.447+0000] {taskinstance.py:1157} INFO - Dependencies all met for dep_context=requeueable deps ti=<TaskInstance: monthly_prediction.wait_for_retrain scheduled__2024-07-01T00:00:00+00:00 [queued]>
[2024-08-12T18:24:19.447+0000] {taskinstance.py:1359} INFO - Starting attempt 1 of 1
[2024-08-12T18:24:19.453+0000] {taskinstance.py:1380} INFO - Executing <Task(ExternalTaskSensor): wait_for_retrain> on 2024-07-01 00:00:00+00:00
[2024-08-12T18:24:19.457+0000] {standard_task_runner.py:57} INFO - Started process 12092 to run task
[2024-08-12T18:24:19.460+0000] {standard_task_runner.py:84} INFO - Running: ['***', 'tasks', 'run', 'monthly_prediction', 'wait_for_retrain', 'scheduled__2024-07-01T00:00:00+00:00', '--job-id', '356', '--raw', '--subdir', 'DAGS_FOLDER/monthly_prediction.py', '--cfg-path', '/tmp/tmp0431hps3']
[2024-08-12T18:24:19.462+0000] {standard_task_runner.py:85} INFO - Job 356: Subtask wait_for_retrain
[2024-08-12T18:24:19.489+0000] {task_command.py:415} INFO - Running <TaskInstance: monthly_prediction.wait_for_retrain scheduled__2024-07-01T00:00:00+00:00 [running]> on host a9166c5dc5ae
[2024-08-12T18:24:19.525+0000] {taskinstance.py:1660} INFO - Exporting env vars: AIRFLOW_CTX_DAG_OWNER='***' AIRFLOW_CTX_DAG_ID='monthly_prediction' AIRFLOW_CTX_TASK_ID='wait_for_retrain' AIRFLOW_CTX_EXECUTION_DATE='2024-07-01T00:00:00+00:00' AIRFLOW_CTX_TRY_NUMBER='1' AIRFLOW_CTX_DAG_RUN_ID='scheduled__2024-07-01T00:00:00+00:00'
[2024-08-12T18:24:19.531+0000] {external_task.py:244} INFO - Poking for tasks ['optimize_and_register_best_classifier'] in dag quarterly_retrain on 2024-06-30T00:00:00+00:00 ... 
[2024-08-12T18:24:19.537+0000] {taskinstance.py:1935} ERROR - Task failed with exception
Traceback (most recent call last):
  File "/home/airflow/.local/lib/python3.8/site-packages/airflow/sensors/external_task.py", line 334, in execute
    super().execute(context)
  File "/home/airflow/.local/lib/python3.8/site-packages/airflow/sensors/base.py", line 274, in execute
    raise AirflowSensorTimeout(message)
airflow.exceptions.AirflowSensorTimeout: Sensor has timed out; run duration of 620.822377 seconds exceeds the specified timeout of 600.0.
[2024-08-12T18:24:19.542+0000] {taskinstance.py:1398} INFO - Immediate failure requested. Marking task as FAILED. dag_id=monthly_prediction, task_id=wait_for_retrain, execution_date=20240701T000000, start_date=20240812T182419, end_date=20240812T182419
[2024-08-12T18:24:19.547+0000] {standard_task_runner.py:104} ERROR - Failed to execute job 356 for task wait_for_retrain (Sensor has timed out; run duration of 620.822377 seconds exceeds the specified timeout of 600.0.; 12092)
[2024-08-12T18:24:19.557+0000] {local_task_job_runner.py:228} INFO - Task exited with return code 1
[2024-08-12T18:24:19.567+0000] {taskinstance.py:2776} INFO - 0 downstream tasks scheduled from follow-on schedule check
[2024-08-12T19:18:56.808+0000] {taskinstance.py:1157} INFO - Dependencies all met for dep_context=non-requeueable deps ti=<TaskInstance: monthly_prediction.wait_for_retrain scheduled__2024-07-01T00:00:00+00:00 [queued]>
[2024-08-12T19:18:56.899+0000] {taskinstance.py:1157} INFO - Dependencies all met for dep_context=requeueable deps ti=<TaskInstance: monthly_prediction.wait_for_retrain scheduled__2024-07-01T00:00:00+00:00 [queued]>
[2024-08-12T19:18:56.920+0000] {taskinstance.py:1359} INFO - Starting attempt 1 of 1
[2024-08-12T19:18:57.141+0000] {taskinstance.py:1380} INFO - Executing <Task(ExternalTaskSensor): wait_for_retrain> on 2024-07-01 00:00:00+00:00
[2024-08-12T19:18:57.264+0000] {standard_task_runner.py:57} INFO - Started process 3444 to run task
[2024-08-12T19:18:57.314+0000] {standard_task_runner.py:84} INFO - Running: ['***', 'tasks', 'run', 'monthly_prediction', 'wait_for_retrain', 'scheduled__2024-07-01T00:00:00+00:00', '--job-id', '440', '--raw', '--subdir', 'DAGS_FOLDER/monthly_prediction.py', '--cfg-path', '/tmp/tmpghsfo_10']
[2024-08-12T19:18:57.354+0000] {standard_task_runner.py:85} INFO - Job 440: Subtask wait_for_retrain
[2024-08-12T19:19:01.593+0000] {task_command.py:415} INFO - Running <TaskInstance: monthly_prediction.wait_for_retrain scheduled__2024-07-01T00:00:00+00:00 [running]> on host a9166c5dc5ae
[2024-08-12T19:19:02.439+0000] {taskinstance.py:1660} INFO - Exporting env vars: AIRFLOW_CTX_DAG_OWNER='***' AIRFLOW_CTX_DAG_ID='monthly_prediction' AIRFLOW_CTX_TASK_ID='wait_for_retrain' AIRFLOW_CTX_EXECUTION_DATE='2024-07-01T00:00:00+00:00' AIRFLOW_CTX_TRY_NUMBER='1' AIRFLOW_CTX_DAG_RUN_ID='scheduled__2024-07-01T00:00:00+00:00'
[2024-08-12T19:19:02.699+0000] {external_task.py:244} INFO - Poking for tasks ['optimize_and_register_best_classifier'] in dag quarterly_retrain on 2024-06-30T00:00:00+00:00 ... 
[2024-08-12T19:19:03.230+0000] {taskinstance.py:1895} INFO - Rescheduling task, marking task as UP_FOR_RESCHEDULE
[2024-08-12T19:19:03.700+0000] {local_task_job_runner.py:228} INFO - Task exited with return code 0
[2024-08-12T19:19:15.476+0000] {taskinstance.py:2776} INFO - 0 downstream tasks scheduled from follow-on schedule check
[2024-08-12T19:20:04.673+0000] {taskinstance.py:1157} INFO - Dependencies all met for dep_context=non-requeueable deps ti=<TaskInstance: monthly_prediction.wait_for_retrain scheduled__2024-07-01T00:00:00+00:00 [queued]>
[2024-08-12T19:20:04.676+0000] {taskinstance.py:1157} INFO - Dependencies all met for dep_context=requeueable deps ti=<TaskInstance: monthly_prediction.wait_for_retrain scheduled__2024-07-01T00:00:00+00:00 [queued]>
[2024-08-12T19:20:04.677+0000] {taskinstance.py:1359} INFO - Starting attempt 1 of 1
[2024-08-12T19:20:04.682+0000] {taskinstance.py:1380} INFO - Executing <Task(ExternalTaskSensor): wait_for_retrain> on 2024-07-01 00:00:00+00:00
[2024-08-12T19:20:04.687+0000] {standard_task_runner.py:57} INFO - Started process 3815 to run task
[2024-08-12T19:20:04.689+0000] {standard_task_runner.py:84} INFO - Running: ['***', 'tasks', 'run', 'monthly_prediction', 'wait_for_retrain', 'scheduled__2024-07-01T00:00:00+00:00', '--job-id', '464', '--raw', '--subdir', 'DAGS_FOLDER/monthly_prediction.py', '--cfg-path', '/tmp/tmp1hfwh_wd']
[2024-08-12T19:20:04.690+0000] {standard_task_runner.py:85} INFO - Job 464: Subtask wait_for_retrain
[2024-08-12T19:20:04.933+0000] {task_command.py:415} INFO - Running <TaskInstance: monthly_prediction.wait_for_retrain scheduled__2024-07-01T00:00:00+00:00 [running]> on host a9166c5dc5ae
[2024-08-12T19:20:04.975+0000] {taskinstance.py:1660} INFO - Exporting env vars: AIRFLOW_CTX_DAG_OWNER='***' AIRFLOW_CTX_DAG_ID='monthly_prediction' AIRFLOW_CTX_TASK_ID='wait_for_retrain' AIRFLOW_CTX_EXECUTION_DATE='2024-07-01T00:00:00+00:00' AIRFLOW_CTX_TRY_NUMBER='1' AIRFLOW_CTX_DAG_RUN_ID='scheduled__2024-07-01T00:00:00+00:00'
[2024-08-12T19:20:04.985+0000] {external_task.py:244} INFO - Poking for tasks ['optimize_and_register_best_classifier'] in dag quarterly_retrain on 2024-06-30T00:00:00+00:00 ... 
[2024-08-12T19:20:05.004+0000] {taskinstance.py:1895} INFO - Rescheduling task, marking task as UP_FOR_RESCHEDULE
[2024-08-12T19:20:05.014+0000] {local_task_job_runner.py:228} INFO - Task exited with return code 0
[2024-08-12T19:20:05.030+0000] {taskinstance.py:2776} INFO - 0 downstream tasks scheduled from follow-on schedule check
[2024-08-12T19:21:06.399+0000] {taskinstance.py:1157} INFO - Dependencies all met for dep_context=non-requeueable deps ti=<TaskInstance: monthly_prediction.wait_for_retrain scheduled__2024-07-01T00:00:00+00:00 [queued]>
[2024-08-12T19:21:06.404+0000] {taskinstance.py:1157} INFO - Dependencies all met for dep_context=requeueable deps ti=<TaskInstance: monthly_prediction.wait_for_retrain scheduled__2024-07-01T00:00:00+00:00 [queued]>
[2024-08-12T19:21:06.405+0000] {taskinstance.py:1359} INFO - Starting attempt 1 of 1
[2024-08-12T19:21:06.410+0000] {taskinstance.py:1380} INFO - Executing <Task(ExternalTaskSensor): wait_for_retrain> on 2024-07-01 00:00:00+00:00
[2024-08-12T19:21:06.416+0000] {standard_task_runner.py:57} INFO - Started process 3987 to run task
[2024-08-12T19:21:06.418+0000] {standard_task_runner.py:84} INFO - Running: ['***', 'tasks', 'run', 'monthly_prediction', 'wait_for_retrain', 'scheduled__2024-07-01T00:00:00+00:00', '--job-id', '472', '--raw', '--subdir', 'DAGS_FOLDER/monthly_prediction.py', '--cfg-path', '/tmp/tmpbdv2pzqg']
[2024-08-12T19:21:06.421+0000] {standard_task_runner.py:85} INFO - Job 472: Subtask wait_for_retrain
[2024-08-12T19:21:06.712+0000] {task_command.py:415} INFO - Running <TaskInstance: monthly_prediction.wait_for_retrain scheduled__2024-07-01T00:00:00+00:00 [running]> on host a9166c5dc5ae
[2024-08-12T19:21:06.759+0000] {taskinstance.py:1660} INFO - Exporting env vars: AIRFLOW_CTX_DAG_OWNER='***' AIRFLOW_CTX_DAG_ID='monthly_prediction' AIRFLOW_CTX_TASK_ID='wait_for_retrain' AIRFLOW_CTX_EXECUTION_DATE='2024-07-01T00:00:00+00:00' AIRFLOW_CTX_TRY_NUMBER='1' AIRFLOW_CTX_DAG_RUN_ID='scheduled__2024-07-01T00:00:00+00:00'
[2024-08-12T19:21:06.767+0000] {external_task.py:244} INFO - Poking for tasks ['optimize_and_register_best_classifier'] in dag quarterly_retrain on 2024-06-30T00:00:00+00:00 ... 
[2024-08-12T19:21:06.786+0000] {taskinstance.py:1895} INFO - Rescheduling task, marking task as UP_FOR_RESCHEDULE
[2024-08-12T19:21:06.811+0000] {local_task_job_runner.py:228} INFO - Task exited with return code 0
[2024-08-12T19:21:06.827+0000] {taskinstance.py:2776} INFO - 0 downstream tasks scheduled from follow-on schedule check
[2024-08-12T19:45:44.605+0000] {taskinstance.py:1157} INFO - Dependencies all met for dep_context=non-requeueable deps ti=<TaskInstance: monthly_prediction.wait_for_retrain scheduled__2024-07-01T00:00:00+00:00 [queued]>
[2024-08-12T19:45:44.619+0000] {taskinstance.py:1157} INFO - Dependencies all met for dep_context=requeueable deps ti=<TaskInstance: monthly_prediction.wait_for_retrain scheduled__2024-07-01T00:00:00+00:00 [queued]>
[2024-08-12T19:45:44.628+0000] {taskinstance.py:1359} INFO - Starting attempt 1 of 1
[2024-08-12T19:45:44.687+0000] {taskinstance.py:1380} INFO - Executing <Task(ExternalTaskSensor): wait_for_retrain> on 2024-07-01 00:00:00+00:00
[2024-08-12T19:45:44.730+0000] {standard_task_runner.py:57} INFO - Started process 8122 to run task
[2024-08-12T19:45:44.773+0000] {standard_task_runner.py:84} INFO - Running: ['***', 'tasks', 'run', 'monthly_prediction', 'wait_for_retrain', 'scheduled__2024-07-01T00:00:00+00:00', '--job-id', '655', '--raw', '--subdir', 'DAGS_FOLDER/monthly_prediction.py', '--cfg-path', '/tmp/tmplct0t_h4']
[2024-08-12T19:45:44.777+0000] {standard_task_runner.py:85} INFO - Job 655: Subtask wait_for_retrain
[2024-08-12T19:45:45.893+0000] {task_command.py:415} INFO - Running <TaskInstance: monthly_prediction.wait_for_retrain scheduled__2024-07-01T00:00:00+00:00 [running]> on host a9166c5dc5ae
[2024-08-12T19:45:46.276+0000] {taskinstance.py:1660} INFO - Exporting env vars: AIRFLOW_CTX_DAG_OWNER='***' AIRFLOW_CTX_DAG_ID='monthly_prediction' AIRFLOW_CTX_TASK_ID='wait_for_retrain' AIRFLOW_CTX_EXECUTION_DATE='2024-07-01T00:00:00+00:00' AIRFLOW_CTX_TRY_NUMBER='1' AIRFLOW_CTX_DAG_RUN_ID='scheduled__2024-07-01T00:00:00+00:00'
[2024-08-12T19:45:46.414+0000] {external_task.py:244} INFO - Poking for tasks ['optimize_and_register_best_classifier'] in dag quarterly_retrain on 2024-06-30T00:00:00+00:00 ... 
[2024-08-12T19:45:46.583+0000] {taskinstance.py:1895} INFO - Rescheduling task, marking task as UP_FOR_RESCHEDULE
[2024-08-12T19:45:46.736+0000] {local_task_job_runner.py:228} INFO - Task exited with return code 0
[2024-08-12T19:45:46.935+0000] {taskinstance.py:2776} INFO - 0 downstream tasks scheduled from follow-on schedule check
[2024-08-12T19:46:53.711+0000] {taskinstance.py:1157} INFO - Dependencies all met for dep_context=non-requeueable deps ti=<TaskInstance: monthly_prediction.wait_for_retrain scheduled__2024-07-01T00:00:00+00:00 [queued]>
[2024-08-12T19:46:53.764+0000] {taskinstance.py:1157} INFO - Dependencies all met for dep_context=requeueable deps ti=<TaskInstance: monthly_prediction.wait_for_retrain scheduled__2024-07-01T00:00:00+00:00 [queued]>
[2024-08-12T19:46:53.765+0000] {taskinstance.py:1359} INFO - Starting attempt 1 of 1
[2024-08-12T19:46:53.794+0000] {taskinstance.py:1380} INFO - Executing <Task(ExternalTaskSensor): wait_for_retrain> on 2024-07-01 00:00:00+00:00
[2024-08-12T19:46:53.808+0000] {standard_task_runner.py:57} INFO - Started process 8564 to run task
[2024-08-12T19:46:53.811+0000] {standard_task_runner.py:84} INFO - Running: ['***', 'tasks', 'run', 'monthly_prediction', 'wait_for_retrain', 'scheduled__2024-07-01T00:00:00+00:00', '--job-id', '685', '--raw', '--subdir', 'DAGS_FOLDER/monthly_prediction.py', '--cfg-path', '/tmp/tmp_s2n_l45']
[2024-08-12T19:46:53.820+0000] {standard_task_runner.py:85} INFO - Job 685: Subtask wait_for_retrain
[2024-08-12T19:46:54.330+0000] {task_command.py:415} INFO - Running <TaskInstance: monthly_prediction.wait_for_retrain scheduled__2024-07-01T00:00:00+00:00 [running]> on host a9166c5dc5ae
[2024-08-12T19:46:54.437+0000] {taskinstance.py:1660} INFO - Exporting env vars: AIRFLOW_CTX_DAG_OWNER='***' AIRFLOW_CTX_DAG_ID='monthly_prediction' AIRFLOW_CTX_TASK_ID='wait_for_retrain' AIRFLOW_CTX_EXECUTION_DATE='2024-07-01T00:00:00+00:00' AIRFLOW_CTX_TRY_NUMBER='1' AIRFLOW_CTX_DAG_RUN_ID='scheduled__2024-07-01T00:00:00+00:00'
[2024-08-12T19:46:54.448+0000] {external_task.py:244} INFO - Poking for tasks ['optimize_and_register_best_classifier'] in dag quarterly_retrain on 2024-06-30T00:00:00+00:00 ... 
[2024-08-12T19:46:54.500+0000] {taskinstance.py:1895} INFO - Rescheduling task, marking task as UP_FOR_RESCHEDULE
[2024-08-12T19:46:54.557+0000] {local_task_job_runner.py:228} INFO - Task exited with return code 0
[2024-08-12T19:46:54.606+0000] {taskinstance.py:2776} INFO - 0 downstream tasks scheduled from follow-on schedule check
[2024-08-12T19:47:56.301+0000] {taskinstance.py:1157} INFO - Dependencies all met for dep_context=non-requeueable deps ti=<TaskInstance: monthly_prediction.wait_for_retrain scheduled__2024-07-01T00:00:00+00:00 [queued]>
[2024-08-12T19:47:56.305+0000] {taskinstance.py:1157} INFO - Dependencies all met for dep_context=requeueable deps ti=<TaskInstance: monthly_prediction.wait_for_retrain scheduled__2024-07-01T00:00:00+00:00 [queued]>
[2024-08-12T19:47:56.305+0000] {taskinstance.py:1359} INFO - Starting attempt 1 of 1
[2024-08-12T19:47:56.310+0000] {taskinstance.py:1380} INFO - Executing <Task(ExternalTaskSensor): wait_for_retrain> on 2024-07-01 00:00:00+00:00
[2024-08-12T19:47:56.314+0000] {standard_task_runner.py:57} INFO - Started process 8857 to run task
[2024-08-12T19:47:56.316+0000] {standard_task_runner.py:84} INFO - Running: ['***', 'tasks', 'run', 'monthly_prediction', 'wait_for_retrain', 'scheduled__2024-07-01T00:00:00+00:00', '--job-id', '699', '--raw', '--subdir', 'DAGS_FOLDER/monthly_prediction.py', '--cfg-path', '/tmp/tmp61n0wisi']
[2024-08-12T19:47:56.318+0000] {standard_task_runner.py:85} INFO - Job 699: Subtask wait_for_retrain
[2024-08-12T19:47:56.480+0000] {task_command.py:415} INFO - Running <TaskInstance: monthly_prediction.wait_for_retrain scheduled__2024-07-01T00:00:00+00:00 [running]> on host a9166c5dc5ae
[2024-08-12T19:47:56.526+0000] {taskinstance.py:1660} INFO - Exporting env vars: AIRFLOW_CTX_DAG_OWNER='***' AIRFLOW_CTX_DAG_ID='monthly_prediction' AIRFLOW_CTX_TASK_ID='wait_for_retrain' AIRFLOW_CTX_EXECUTION_DATE='2024-07-01T00:00:00+00:00' AIRFLOW_CTX_TRY_NUMBER='1' AIRFLOW_CTX_DAG_RUN_ID='scheduled__2024-07-01T00:00:00+00:00'
[2024-08-12T19:47:56.532+0000] {external_task.py:244} INFO - Poking for tasks ['optimize_and_register_best_classifier'] in dag quarterly_retrain on 2024-06-30T00:00:00+00:00 ... 
[2024-08-12T19:47:56.548+0000] {taskinstance.py:1895} INFO - Rescheduling task, marking task as UP_FOR_RESCHEDULE
[2024-08-12T19:47:56.593+0000] {local_task_job_runner.py:228} INFO - Task exited with return code 0
[2024-08-12T19:47:56.605+0000] {taskinstance.py:2776} INFO - 0 downstream tasks scheduled from follow-on schedule check
[2024-08-12T19:48:58.856+0000] {taskinstance.py:1157} INFO - Dependencies all met for dep_context=non-requeueable deps ti=<TaskInstance: monthly_prediction.wait_for_retrain scheduled__2024-07-01T00:00:00+00:00 [queued]>
[2024-08-12T19:48:58.860+0000] {taskinstance.py:1157} INFO - Dependencies all met for dep_context=requeueable deps ti=<TaskInstance: monthly_prediction.wait_for_retrain scheduled__2024-07-01T00:00:00+00:00 [queued]>
[2024-08-12T19:48:58.860+0000] {taskinstance.py:1359} INFO - Starting attempt 1 of 1
[2024-08-12T19:48:58.867+0000] {taskinstance.py:1380} INFO - Executing <Task(ExternalTaskSensor): wait_for_retrain> on 2024-07-01 00:00:00+00:00
[2024-08-12T19:48:58.872+0000] {standard_task_runner.py:57} INFO - Started process 9018 to run task
[2024-08-12T19:48:58.874+0000] {standard_task_runner.py:84} INFO - Running: ['***', 'tasks', 'run', 'monthly_prediction', 'wait_for_retrain', 'scheduled__2024-07-01T00:00:00+00:00', '--job-id', '706', '--raw', '--subdir', 'DAGS_FOLDER/monthly_prediction.py', '--cfg-path', '/tmp/tmped5ncyie']
[2024-08-12T19:48:58.876+0000] {standard_task_runner.py:85} INFO - Job 706: Subtask wait_for_retrain
[2024-08-12T19:48:59.066+0000] {task_command.py:415} INFO - Running <TaskInstance: monthly_prediction.wait_for_retrain scheduled__2024-07-01T00:00:00+00:00 [running]> on host a9166c5dc5ae
[2024-08-12T19:48:59.098+0000] {taskinstance.py:1660} INFO - Exporting env vars: AIRFLOW_CTX_DAG_OWNER='***' AIRFLOW_CTX_DAG_ID='monthly_prediction' AIRFLOW_CTX_TASK_ID='wait_for_retrain' AIRFLOW_CTX_EXECUTION_DATE='2024-07-01T00:00:00+00:00' AIRFLOW_CTX_TRY_NUMBER='1' AIRFLOW_CTX_DAG_RUN_ID='scheduled__2024-07-01T00:00:00+00:00'
[2024-08-12T19:48:59.103+0000] {external_task.py:244} INFO - Poking for tasks ['optimize_and_register_best_classifier'] in dag quarterly_retrain on 2024-06-30T00:00:00+00:00 ... 
[2024-08-12T19:48:59.116+0000] {taskinstance.py:1895} INFO - Rescheduling task, marking task as UP_FOR_RESCHEDULE
[2024-08-12T19:48:59.140+0000] {local_task_job_runner.py:228} INFO - Task exited with return code 0
[2024-08-12T19:48:59.152+0000] {taskinstance.py:2776} INFO - 0 downstream tasks scheduled from follow-on schedule check
[2024-08-12T19:50:01.605+0000] {taskinstance.py:1157} INFO - Dependencies all met for dep_context=non-requeueable deps ti=<TaskInstance: monthly_prediction.wait_for_retrain scheduled__2024-07-01T00:00:00+00:00 [queued]>
[2024-08-12T19:50:01.609+0000] {taskinstance.py:1157} INFO - Dependencies all met for dep_context=requeueable deps ti=<TaskInstance: monthly_prediction.wait_for_retrain scheduled__2024-07-01T00:00:00+00:00 [queued]>
[2024-08-12T19:50:01.609+0000] {taskinstance.py:1359} INFO - Starting attempt 1 of 1
[2024-08-12T19:50:01.614+0000] {taskinstance.py:1380} INFO - Executing <Task(ExternalTaskSensor): wait_for_retrain> on 2024-07-01 00:00:00+00:00
[2024-08-12T19:50:01.618+0000] {standard_task_runner.py:57} INFO - Started process 9265 to run task
[2024-08-12T19:50:01.620+0000] {standard_task_runner.py:84} INFO - Running: ['***', 'tasks', 'run', 'monthly_prediction', 'wait_for_retrain', 'scheduled__2024-07-01T00:00:00+00:00', '--job-id', '719', '--raw', '--subdir', 'DAGS_FOLDER/monthly_prediction.py', '--cfg-path', '/tmp/tmpykcwikbh']
[2024-08-12T19:50:01.622+0000] {standard_task_runner.py:85} INFO - Job 719: Subtask wait_for_retrain
[2024-08-12T19:50:01.764+0000] {task_command.py:415} INFO - Running <TaskInstance: monthly_prediction.wait_for_retrain scheduled__2024-07-01T00:00:00+00:00 [running]> on host a9166c5dc5ae
[2024-08-12T19:50:01.800+0000] {taskinstance.py:1660} INFO - Exporting env vars: AIRFLOW_CTX_DAG_OWNER='***' AIRFLOW_CTX_DAG_ID='monthly_prediction' AIRFLOW_CTX_TASK_ID='wait_for_retrain' AIRFLOW_CTX_EXECUTION_DATE='2024-07-01T00:00:00+00:00' AIRFLOW_CTX_TRY_NUMBER='1' AIRFLOW_CTX_DAG_RUN_ID='scheduled__2024-07-01T00:00:00+00:00'
[2024-08-12T19:50:01.806+0000] {external_task.py:244} INFO - Poking for tasks ['optimize_and_register_best_classifier'] in dag quarterly_retrain on 2024-06-30T00:00:00+00:00 ... 
[2024-08-12T19:50:01.822+0000] {taskinstance.py:1895} INFO - Rescheduling task, marking task as UP_FOR_RESCHEDULE
[2024-08-12T19:50:01.859+0000] {local_task_job_runner.py:228} INFO - Task exited with return code 0
[2024-08-12T19:50:01.893+0000] {taskinstance.py:2776} INFO - 0 downstream tasks scheduled from follow-on schedule check
[2024-08-12T19:51:04.586+0000] {taskinstance.py:1157} INFO - Dependencies all met for dep_context=non-requeueable deps ti=<TaskInstance: monthly_prediction.wait_for_retrain scheduled__2024-07-01T00:00:00+00:00 [queued]>
[2024-08-12T19:51:04.598+0000] {taskinstance.py:1157} INFO - Dependencies all met for dep_context=requeueable deps ti=<TaskInstance: monthly_prediction.wait_for_retrain scheduled__2024-07-01T00:00:00+00:00 [queued]>
[2024-08-12T19:51:04.599+0000] {taskinstance.py:1359} INFO - Starting attempt 1 of 1
[2024-08-12T19:51:04.612+0000] {taskinstance.py:1380} INFO - Executing <Task(ExternalTaskSensor): wait_for_retrain> on 2024-07-01 00:00:00+00:00
[2024-08-12T19:51:04.624+0000] {standard_task_runner.py:57} INFO - Started process 9539 to run task
[2024-08-12T19:51:04.631+0000] {standard_task_runner.py:84} INFO - Running: ['***', 'tasks', 'run', 'monthly_prediction', 'wait_for_retrain', 'scheduled__2024-07-01T00:00:00+00:00', '--job-id', '730', '--raw', '--subdir', 'DAGS_FOLDER/monthly_prediction.py', '--cfg-path', '/tmp/tmp4yyczgpt']
[2024-08-12T19:51:04.636+0000] {standard_task_runner.py:85} INFO - Job 730: Subtask wait_for_retrain
[2024-08-12T19:51:05.044+0000] {task_command.py:415} INFO - Running <TaskInstance: monthly_prediction.wait_for_retrain scheduled__2024-07-01T00:00:00+00:00 [running]> on host a9166c5dc5ae
[2024-08-12T19:51:05.160+0000] {taskinstance.py:1660} INFO - Exporting env vars: AIRFLOW_CTX_DAG_OWNER='***' AIRFLOW_CTX_DAG_ID='monthly_prediction' AIRFLOW_CTX_TASK_ID='wait_for_retrain' AIRFLOW_CTX_EXECUTION_DATE='2024-07-01T00:00:00+00:00' AIRFLOW_CTX_TRY_NUMBER='1' AIRFLOW_CTX_DAG_RUN_ID='scheduled__2024-07-01T00:00:00+00:00'
[2024-08-12T19:51:05.187+0000] {external_task.py:244} INFO - Poking for tasks ['optimize_and_register_best_classifier'] in dag quarterly_retrain on 2024-06-30T00:00:00+00:00 ... 
[2024-08-12T19:51:05.237+0000] {taskinstance.py:1895} INFO - Rescheduling task, marking task as UP_FOR_RESCHEDULE
[2024-08-12T19:51:05.266+0000] {local_task_job_runner.py:228} INFO - Task exited with return code 0
[2024-08-12T19:51:05.293+0000] {taskinstance.py:2776} INFO - 0 downstream tasks scheduled from follow-on schedule check
[2024-08-12T19:52:10.439+0000] {taskinstance.py:1157} INFO - Dependencies all met for dep_context=non-requeueable deps ti=<TaskInstance: monthly_prediction.wait_for_retrain scheduled__2024-07-01T00:00:00+00:00 [queued]>
[2024-08-12T19:52:10.472+0000] {taskinstance.py:1157} INFO - Dependencies all met for dep_context=requeueable deps ti=<TaskInstance: monthly_prediction.wait_for_retrain scheduled__2024-07-01T00:00:00+00:00 [queued]>
[2024-08-12T19:52:10.476+0000] {taskinstance.py:1359} INFO - Starting attempt 1 of 1
[2024-08-12T19:52:10.547+0000] {taskinstance.py:1380} INFO - Executing <Task(ExternalTaskSensor): wait_for_retrain> on 2024-07-01 00:00:00+00:00
[2024-08-12T19:52:10.620+0000] {standard_task_runner.py:57} INFO - Started process 9745 to run task
[2024-08-12T19:52:10.650+0000] {standard_task_runner.py:84} INFO - Running: ['***', 'tasks', 'run', 'monthly_prediction', 'wait_for_retrain', 'scheduled__2024-07-01T00:00:00+00:00', '--job-id', '745', '--raw', '--subdir', 'DAGS_FOLDER/monthly_prediction.py', '--cfg-path', '/tmp/tmpyb4dz7wt']
[2024-08-12T19:52:10.660+0000] {standard_task_runner.py:85} INFO - Job 745: Subtask wait_for_retrain
[2024-08-12T19:52:11.463+0000] {task_command.py:415} INFO - Running <TaskInstance: monthly_prediction.wait_for_retrain scheduled__2024-07-01T00:00:00+00:00 [running]> on host a9166c5dc5ae
[2024-08-12T19:52:11.679+0000] {taskinstance.py:1660} INFO - Exporting env vars: AIRFLOW_CTX_DAG_OWNER='***' AIRFLOW_CTX_DAG_ID='monthly_prediction' AIRFLOW_CTX_TASK_ID='wait_for_retrain' AIRFLOW_CTX_EXECUTION_DATE='2024-07-01T00:00:00+00:00' AIRFLOW_CTX_TRY_NUMBER='1' AIRFLOW_CTX_DAG_RUN_ID='scheduled__2024-07-01T00:00:00+00:00'
[2024-08-12T19:52:11.709+0000] {external_task.py:244} INFO - Poking for tasks ['optimize_and_register_best_classifier'] in dag quarterly_retrain on 2024-06-30T00:00:00+00:00 ... 
[2024-08-12T19:52:11.795+0000] {taskinstance.py:1895} INFO - Rescheduling task, marking task as UP_FOR_RESCHEDULE
[2024-08-12T19:52:11.835+0000] {local_task_job_runner.py:228} INFO - Task exited with return code 0
[2024-08-12T19:52:11.896+0000] {taskinstance.py:2776} INFO - 0 downstream tasks scheduled from follow-on schedule check
[2024-08-12T19:53:15.557+0000] {taskinstance.py:1157} INFO - Dependencies all met for dep_context=non-requeueable deps ti=<TaskInstance: monthly_prediction.wait_for_retrain scheduled__2024-07-01T00:00:00+00:00 [queued]>
[2024-08-12T19:53:15.632+0000] {taskinstance.py:1157} INFO - Dependencies all met for dep_context=requeueable deps ti=<TaskInstance: monthly_prediction.wait_for_retrain scheduled__2024-07-01T00:00:00+00:00 [queued]>
[2024-08-12T19:53:15.644+0000] {taskinstance.py:1359} INFO - Starting attempt 1 of 1
[2024-08-12T19:53:15.682+0000] {taskinstance.py:1380} INFO - Executing <Task(ExternalTaskSensor): wait_for_retrain> on 2024-07-01 00:00:00+00:00
[2024-08-12T19:53:15.776+0000] {standard_task_runner.py:57} INFO - Started process 9939 to run task
[2024-08-12T19:53:15.803+0000] {standard_task_runner.py:84} INFO - Running: ['***', 'tasks', 'run', 'monthly_prediction', 'wait_for_retrain', 'scheduled__2024-07-01T00:00:00+00:00', '--job-id', '756', '--raw', '--subdir', 'DAGS_FOLDER/monthly_prediction.py', '--cfg-path', '/tmp/tmpey1bmsn0']
[2024-08-12T19:53:15.855+0000] {standard_task_runner.py:85} INFO - Job 756: Subtask wait_for_retrain
[2024-08-12T19:53:16.776+0000] {task_command.py:415} INFO - Running <TaskInstance: monthly_prediction.wait_for_retrain scheduled__2024-07-01T00:00:00+00:00 [running]> on host a9166c5dc5ae
[2024-08-12T19:53:16.924+0000] {taskinstance.py:1660} INFO - Exporting env vars: AIRFLOW_CTX_DAG_OWNER='***' AIRFLOW_CTX_DAG_ID='monthly_prediction' AIRFLOW_CTX_TASK_ID='wait_for_retrain' AIRFLOW_CTX_EXECUTION_DATE='2024-07-01T00:00:00+00:00' AIRFLOW_CTX_TRY_NUMBER='1' AIRFLOW_CTX_DAG_RUN_ID='scheduled__2024-07-01T00:00:00+00:00'
[2024-08-12T19:53:16.949+0000] {external_task.py:244} INFO - Poking for tasks ['optimize_and_register_best_classifier'] in dag quarterly_retrain on 2024-06-30T00:00:00+00:00 ... 
[2024-08-12T19:53:17.015+0000] {taskinstance.py:1895} INFO - Rescheduling task, marking task as UP_FOR_RESCHEDULE
[2024-08-12T19:53:17.067+0000] {local_task_job_runner.py:228} INFO - Task exited with return code 0
[2024-08-12T19:53:17.108+0000] {taskinstance.py:2776} INFO - 0 downstream tasks scheduled from follow-on schedule check
[2024-08-12T19:54:19.810+0000] {taskinstance.py:1157} INFO - Dependencies all met for dep_context=non-requeueable deps ti=<TaskInstance: monthly_prediction.wait_for_retrain scheduled__2024-07-01T00:00:00+00:00 [queued]>
[2024-08-12T19:54:19.826+0000] {taskinstance.py:1157} INFO - Dependencies all met for dep_context=requeueable deps ti=<TaskInstance: monthly_prediction.wait_for_retrain scheduled__2024-07-01T00:00:00+00:00 [queued]>
[2024-08-12T19:54:19.827+0000] {taskinstance.py:1359} INFO - Starting attempt 1 of 1
[2024-08-12T19:54:19.853+0000] {taskinstance.py:1380} INFO - Executing <Task(ExternalTaskSensor): wait_for_retrain> on 2024-07-01 00:00:00+00:00
[2024-08-12T19:54:19.867+0000] {standard_task_runner.py:57} INFO - Started process 10136 to run task
[2024-08-12T19:54:19.873+0000] {standard_task_runner.py:84} INFO - Running: ['***', 'tasks', 'run', 'monthly_prediction', 'wait_for_retrain', 'scheduled__2024-07-01T00:00:00+00:00', '--job-id', '763', '--raw', '--subdir', 'DAGS_FOLDER/monthly_prediction.py', '--cfg-path', '/tmp/tmpcike_vcb']
[2024-08-12T19:54:19.880+0000] {standard_task_runner.py:85} INFO - Job 763: Subtask wait_for_retrain
[2024-08-12T19:54:20.507+0000] {task_command.py:415} INFO - Running <TaskInstance: monthly_prediction.wait_for_retrain scheduled__2024-07-01T00:00:00+00:00 [running]> on host a9166c5dc5ae
[2024-08-12T19:54:20.635+0000] {taskinstance.py:1660} INFO - Exporting env vars: AIRFLOW_CTX_DAG_OWNER='***' AIRFLOW_CTX_DAG_ID='monthly_prediction' AIRFLOW_CTX_TASK_ID='wait_for_retrain' AIRFLOW_CTX_EXECUTION_DATE='2024-07-01T00:00:00+00:00' AIRFLOW_CTX_TRY_NUMBER='1' AIRFLOW_CTX_DAG_RUN_ID='scheduled__2024-07-01T00:00:00+00:00'
[2024-08-12T19:54:20.651+0000] {external_task.py:244} INFO - Poking for tasks ['optimize_and_register_best_classifier'] in dag quarterly_retrain on 2024-06-30T00:00:00+00:00 ... 
[2024-08-12T19:54:20.695+0000] {taskinstance.py:1895} INFO - Rescheduling task, marking task as UP_FOR_RESCHEDULE
[2024-08-12T19:54:20.759+0000] {local_task_job_runner.py:228} INFO - Task exited with return code 0
[2024-08-12T19:54:20.798+0000] {taskinstance.py:2776} INFO - 0 downstream tasks scheduled from follow-on schedule check
[2024-08-12T19:55:25.344+0000] {taskinstance.py:1157} INFO - Dependencies all met for dep_context=non-requeueable deps ti=<TaskInstance: monthly_prediction.wait_for_retrain scheduled__2024-07-01T00:00:00+00:00 [queued]>
[2024-08-12T19:55:25.368+0000] {taskinstance.py:1157} INFO - Dependencies all met for dep_context=requeueable deps ti=<TaskInstance: monthly_prediction.wait_for_retrain scheduled__2024-07-01T00:00:00+00:00 [queued]>
[2024-08-12T19:55:25.375+0000] {taskinstance.py:1359} INFO - Starting attempt 1 of 1
[2024-08-12T19:55:25.437+0000] {taskinstance.py:1380} INFO - Executing <Task(ExternalTaskSensor): wait_for_retrain> on 2024-07-01 00:00:00+00:00
[2024-08-12T19:55:25.457+0000] {standard_task_runner.py:57} INFO - Started process 10351 to run task
[2024-08-12T19:55:25.463+0000] {standard_task_runner.py:84} INFO - Running: ['***', 'tasks', 'run', 'monthly_prediction', 'wait_for_retrain', 'scheduled__2024-07-01T00:00:00+00:00', '--job-id', '775', '--raw', '--subdir', 'DAGS_FOLDER/monthly_prediction.py', '--cfg-path', '/tmp/tmp_sunv_0s']
[2024-08-12T19:55:25.468+0000] {standard_task_runner.py:85} INFO - Job 775: Subtask wait_for_retrain
[2024-08-12T19:55:26.591+0000] {task_command.py:415} INFO - Running <TaskInstance: monthly_prediction.wait_for_retrain scheduled__2024-07-01T00:00:00+00:00 [running]> on host a9166c5dc5ae
[2024-08-12T19:55:26.831+0000] {taskinstance.py:1660} INFO - Exporting env vars: AIRFLOW_CTX_DAG_OWNER='***' AIRFLOW_CTX_DAG_ID='monthly_prediction' AIRFLOW_CTX_TASK_ID='wait_for_retrain' AIRFLOW_CTX_EXECUTION_DATE='2024-07-01T00:00:00+00:00' AIRFLOW_CTX_TRY_NUMBER='1' AIRFLOW_CTX_DAG_RUN_ID='scheduled__2024-07-01T00:00:00+00:00'
[2024-08-12T19:55:26.856+0000] {external_task.py:244} INFO - Poking for tasks ['optimize_and_register_best_classifier'] in dag quarterly_retrain on 2024-06-30T00:00:00+00:00 ... 
[2024-08-12T19:55:26.972+0000] {taskinstance.py:1895} INFO - Rescheduling task, marking task as UP_FOR_RESCHEDULE
[2024-08-12T19:55:27.072+0000] {local_task_job_runner.py:228} INFO - Task exited with return code 0
[2024-08-12T19:55:27.191+0000] {taskinstance.py:2776} INFO - 0 downstream tasks scheduled from follow-on schedule check
[2024-08-12T19:56:30.532+0000] {taskinstance.py:1157} INFO - Dependencies all met for dep_context=non-requeueable deps ti=<TaskInstance: monthly_prediction.wait_for_retrain scheduled__2024-07-01T00:00:00+00:00 [queued]>
[2024-08-12T19:56:30.542+0000] {taskinstance.py:1157} INFO - Dependencies all met for dep_context=requeueable deps ti=<TaskInstance: monthly_prediction.wait_for_retrain scheduled__2024-07-01T00:00:00+00:00 [queued]>
[2024-08-12T19:56:30.543+0000] {taskinstance.py:1359} INFO - Starting attempt 1 of 1
[2024-08-12T19:56:30.555+0000] {taskinstance.py:1380} INFO - Executing <Task(ExternalTaskSensor): wait_for_retrain> on 2024-07-01 00:00:00+00:00
[2024-08-12T19:56:30.570+0000] {standard_task_runner.py:57} INFO - Started process 10617 to run task
[2024-08-12T19:56:30.579+0000] {standard_task_runner.py:84} INFO - Running: ['***', 'tasks', 'run', 'monthly_prediction', 'wait_for_retrain', 'scheduled__2024-07-01T00:00:00+00:00', '--job-id', '788', '--raw', '--subdir', 'DAGS_FOLDER/monthly_prediction.py', '--cfg-path', '/tmp/tmp0r_gecxl']
[2024-08-12T19:56:30.586+0000] {standard_task_runner.py:85} INFO - Job 788: Subtask wait_for_retrain
[2024-08-12T19:56:31.376+0000] {task_command.py:415} INFO - Running <TaskInstance: monthly_prediction.wait_for_retrain scheduled__2024-07-01T00:00:00+00:00 [running]> on host a9166c5dc5ae
[2024-08-12T19:56:31.677+0000] {taskinstance.py:1660} INFO - Exporting env vars: AIRFLOW_CTX_DAG_OWNER='***' AIRFLOW_CTX_DAG_ID='monthly_prediction' AIRFLOW_CTX_TASK_ID='wait_for_retrain' AIRFLOW_CTX_EXECUTION_DATE='2024-07-01T00:00:00+00:00' AIRFLOW_CTX_TRY_NUMBER='1' AIRFLOW_CTX_DAG_RUN_ID='scheduled__2024-07-01T00:00:00+00:00'
[2024-08-12T19:56:31.760+0000] {external_task.py:244} INFO - Poking for tasks ['optimize_and_register_best_classifier'] in dag quarterly_retrain on 2024-06-30T00:00:00+00:00 ... 
[2024-08-12T19:56:31.861+0000] {taskinstance.py:1895} INFO - Rescheduling task, marking task as UP_FOR_RESCHEDULE
[2024-08-12T19:56:31.925+0000] {local_task_job_runner.py:228} INFO - Task exited with return code 0
[2024-08-12T19:56:32.035+0000] {taskinstance.py:2776} INFO - 0 downstream tasks scheduled from follow-on schedule check
[2024-08-12T19:57:36.507+0000] {taskinstance.py:1157} INFO - Dependencies all met for dep_context=non-requeueable deps ti=<TaskInstance: monthly_prediction.wait_for_retrain scheduled__2024-07-01T00:00:00+00:00 [queued]>
[2024-08-12T19:57:36.560+0000] {taskinstance.py:1157} INFO - Dependencies all met for dep_context=requeueable deps ti=<TaskInstance: monthly_prediction.wait_for_retrain scheduled__2024-07-01T00:00:00+00:00 [queued]>
[2024-08-12T19:57:36.572+0000] {taskinstance.py:1359} INFO - Starting attempt 1 of 1
[2024-08-12T19:57:36.640+0000] {taskinstance.py:1380} INFO - Executing <Task(ExternalTaskSensor): wait_for_retrain> on 2024-07-01 00:00:00+00:00
[2024-08-12T19:57:36.656+0000] {standard_task_runner.py:57} INFO - Started process 10915 to run task
[2024-08-12T19:57:36.669+0000] {standard_task_runner.py:84} INFO - Running: ['***', 'tasks', 'run', 'monthly_prediction', 'wait_for_retrain', 'scheduled__2024-07-01T00:00:00+00:00', '--job-id', '806', '--raw', '--subdir', 'DAGS_FOLDER/monthly_prediction.py', '--cfg-path', '/tmp/tmpkdi9se9z']
[2024-08-12T19:57:36.686+0000] {standard_task_runner.py:85} INFO - Job 806: Subtask wait_for_retrain
[2024-08-12T19:57:38.112+0000] {task_command.py:415} INFO - Running <TaskInstance: monthly_prediction.wait_for_retrain scheduled__2024-07-01T00:00:00+00:00 [running]> on host a9166c5dc5ae
[2024-08-12T19:57:39.036+0000] {taskinstance.py:1660} INFO - Exporting env vars: AIRFLOW_CTX_DAG_OWNER='***' AIRFLOW_CTX_DAG_ID='monthly_prediction' AIRFLOW_CTX_TASK_ID='wait_for_retrain' AIRFLOW_CTX_EXECUTION_DATE='2024-07-01T00:00:00+00:00' AIRFLOW_CTX_TRY_NUMBER='1' AIRFLOW_CTX_DAG_RUN_ID='scheduled__2024-07-01T00:00:00+00:00'
[2024-08-12T19:57:39.173+0000] {external_task.py:244} INFO - Poking for tasks ['optimize_and_register_best_classifier'] in dag quarterly_retrain on 2024-06-30T00:00:00+00:00 ... 
[2024-08-12T19:57:39.256+0000] {taskinstance.py:1935} ERROR - Task failed with exception
Traceback (most recent call last):
  File "/home/airflow/.local/lib/python3.8/site-packages/airflow/sensors/external_task.py", line 334, in execute
    super().execute(context)
  File "/home/airflow/.local/lib/python3.8/site-packages/airflow/sensors/base.py", line 274, in execute
    raise AirflowSensorTimeout(message)
airflow.exceptions.AirflowSensorTimeout: Sensor has timed out; run duration of 644.872672 seconds exceeds the specified timeout of 600.0.
[2024-08-12T19:57:39.279+0000] {taskinstance.py:1398} INFO - Immediate failure requested. Marking task as FAILED. dag_id=monthly_prediction, task_id=wait_for_retrain, execution_date=20240701T000000, start_date=20240812T195736, end_date=20240812T195739
[2024-08-12T19:57:39.339+0000] {standard_task_runner.py:104} ERROR - Failed to execute job 806 for task wait_for_retrain (Sensor has timed out; run duration of 644.872672 seconds exceeds the specified timeout of 600.0.; 10915)
[2024-08-12T19:57:39.387+0000] {local_task_job_runner.py:228} INFO - Task exited with return code 1
[2024-08-12T19:57:39.816+0000] {taskinstance.py:2776} INFO - 0 downstream tasks scheduled from follow-on schedule check
[2024-08-12T20:08:13.651+0000] {taskinstance.py:1157} INFO - Dependencies all met for dep_context=non-requeueable deps ti=<TaskInstance: monthly_prediction.wait_for_retrain scheduled__2024-07-01T00:00:00+00:00 [queued]>
[2024-08-12T20:08:13.697+0000] {taskinstance.py:1157} INFO - Dependencies all met for dep_context=requeueable deps ti=<TaskInstance: monthly_prediction.wait_for_retrain scheduled__2024-07-01T00:00:00+00:00 [queued]>
[2024-08-12T20:08:13.705+0000] {taskinstance.py:1359} INFO - Starting attempt 1 of 1
[2024-08-12T20:08:13.765+0000] {taskinstance.py:1380} INFO - Executing <Task(ExternalTaskSensor): wait_for_retrain> on 2024-07-01 00:00:00+00:00
[2024-08-12T20:08:13.839+0000] {standard_task_runner.py:57} INFO - Started process 12568 to run task
[2024-08-12T20:08:13.865+0000] {standard_task_runner.py:84} INFO - Running: ['***', 'tasks', 'run', 'monthly_prediction', 'wait_for_retrain', 'scheduled__2024-07-01T00:00:00+00:00', '--job-id', '877', '--raw', '--subdir', 'DAGS_FOLDER/monthly_prediction.py', '--cfg-path', '/tmp/tmpg3ytum3c']
[2024-08-12T20:08:13.882+0000] {standard_task_runner.py:85} INFO - Job 877: Subtask wait_for_retrain
[2024-08-12T20:08:15.038+0000] {task_command.py:415} INFO - Running <TaskInstance: monthly_prediction.wait_for_retrain scheduled__2024-07-01T00:00:00+00:00 [running]> on host a9166c5dc5ae
[2024-08-12T20:08:15.361+0000] {taskinstance.py:1660} INFO - Exporting env vars: AIRFLOW_CTX_DAG_OWNER='***' AIRFLOW_CTX_DAG_ID='monthly_prediction' AIRFLOW_CTX_TASK_ID='wait_for_retrain' AIRFLOW_CTX_EXECUTION_DATE='2024-07-01T00:00:00+00:00' AIRFLOW_CTX_TRY_NUMBER='1' AIRFLOW_CTX_DAG_RUN_ID='scheduled__2024-07-01T00:00:00+00:00'
[2024-08-12T20:08:15.488+0000] {external_task.py:244} INFO - Poking for tasks ['optimize_and_register_best_classifier'] in dag quarterly_retrain on 2024-06-30T00:00:00+00:00 ... 
[2024-08-12T20:08:15.611+0000] {taskinstance.py:1895} INFO - Rescheduling task, marking task as UP_FOR_RESCHEDULE
[2024-08-12T20:08:15.688+0000] {local_task_job_runner.py:228} INFO - Task exited with return code 0
[2024-08-12T20:08:15.764+0000] {taskinstance.py:2776} INFO - 0 downstream tasks scheduled from follow-on schedule check
[2024-08-12T20:09:57.666+0000] {taskinstance.py:1157} INFO - Dependencies all met for dep_context=non-requeueable deps ti=<TaskInstance: monthly_prediction.wait_for_retrain scheduled__2024-07-01T00:00:00+00:00 [queued]>
[2024-08-12T20:09:57.970+0000] {taskinstance.py:1157} INFO - Dependencies all met for dep_context=requeueable deps ti=<TaskInstance: monthly_prediction.wait_for_retrain scheduled__2024-07-01T00:00:00+00:00 [queued]>
[2024-08-12T20:09:57.995+0000] {taskinstance.py:1359} INFO - Starting attempt 1 of 1
[2024-08-12T20:09:58.366+0000] {taskinstance.py:1380} INFO - Executing <Task(ExternalTaskSensor): wait_for_retrain> on 2024-07-01 00:00:00+00:00
[2024-08-12T20:09:58.728+0000] {standard_task_runner.py:57} INFO - Started process 13063 to run task
[2024-08-12T20:09:58.838+0000] {standard_task_runner.py:84} INFO - Running: ['***', 'tasks', 'run', 'monthly_prediction', 'wait_for_retrain', 'scheduled__2024-07-01T00:00:00+00:00', '--job-id', '906', '--raw', '--subdir', 'DAGS_FOLDER/monthly_prediction.py', '--cfg-path', '/tmp/tmpjg0swcze']
[2024-08-12T20:09:58.872+0000] {standard_task_runner.py:85} INFO - Job 906: Subtask wait_for_retrain
[2024-08-12T20:10:00.589+0000] {task_command.py:415} INFO - Running <TaskInstance: monthly_prediction.wait_for_retrain scheduled__2024-07-01T00:00:00+00:00 [running]> on host a9166c5dc5ae
[2024-08-12T20:10:01.038+0000] {taskinstance.py:1660} INFO - Exporting env vars: AIRFLOW_CTX_DAG_OWNER='***' AIRFLOW_CTX_DAG_ID='monthly_prediction' AIRFLOW_CTX_TASK_ID='wait_for_retrain' AIRFLOW_CTX_EXECUTION_DATE='2024-07-01T00:00:00+00:00' AIRFLOW_CTX_TRY_NUMBER='1' AIRFLOW_CTX_DAG_RUN_ID='scheduled__2024-07-01T00:00:00+00:00'
[2024-08-12T20:10:01.128+0000] {external_task.py:244} INFO - Poking for tasks ['optimize_and_register_best_classifier'] in dag quarterly_retrain on 2024-06-30T00:00:00+00:00 ... 
[2024-08-12T20:10:01.642+0000] {taskinstance.py:1895} INFO - Rescheduling task, marking task as UP_FOR_RESCHEDULE
[2024-08-12T20:10:01.732+0000] {local_task_job_runner.py:228} INFO - Task exited with return code 0
[2024-08-12T20:10:02.381+0000] {taskinstance.py:2776} INFO - 0 downstream tasks scheduled from follow-on schedule check
[2024-08-12T20:11:02.663+0000] {taskinstance.py:1157} INFO - Dependencies all met for dep_context=non-requeueable deps ti=<TaskInstance: monthly_prediction.wait_for_retrain scheduled__2024-07-01T00:00:00+00:00 [queued]>
[2024-08-12T20:11:02.669+0000] {taskinstance.py:1157} INFO - Dependencies all met for dep_context=requeueable deps ti=<TaskInstance: monthly_prediction.wait_for_retrain scheduled__2024-07-01T00:00:00+00:00 [queued]>
[2024-08-12T20:11:02.669+0000] {taskinstance.py:1359} INFO - Starting attempt 1 of 1
[2024-08-12T20:11:02.676+0000] {taskinstance.py:1380} INFO - Executing <Task(ExternalTaskSensor): wait_for_retrain> on 2024-07-01 00:00:00+00:00
[2024-08-12T20:11:02.682+0000] {standard_task_runner.py:57} INFO - Started process 13372 to run task
[2024-08-12T20:11:02.686+0000] {standard_task_runner.py:84} INFO - Running: ['***', 'tasks', 'run', 'monthly_prediction', 'wait_for_retrain', 'scheduled__2024-07-01T00:00:00+00:00', '--job-id', '928', '--raw', '--subdir', 'DAGS_FOLDER/monthly_prediction.py', '--cfg-path', '/tmp/tmpjctzn6qy']
[2024-08-12T20:11:02.689+0000] {standard_task_runner.py:85} INFO - Job 928: Subtask wait_for_retrain
[2024-08-12T20:11:02.976+0000] {task_command.py:415} INFO - Running <TaskInstance: monthly_prediction.wait_for_retrain scheduled__2024-07-01T00:00:00+00:00 [running]> on host a9166c5dc5ae
[2024-08-12T20:11:03.020+0000] {taskinstance.py:1660} INFO - Exporting env vars: AIRFLOW_CTX_DAG_OWNER='***' AIRFLOW_CTX_DAG_ID='monthly_prediction' AIRFLOW_CTX_TASK_ID='wait_for_retrain' AIRFLOW_CTX_EXECUTION_DATE='2024-07-01T00:00:00+00:00' AIRFLOW_CTX_TRY_NUMBER='1' AIRFLOW_CTX_DAG_RUN_ID='scheduled__2024-07-01T00:00:00+00:00'
[2024-08-12T20:11:03.026+0000] {external_task.py:244} INFO - Poking for tasks ['optimize_and_register_best_classifier'] in dag quarterly_retrain on 2024-06-30T00:00:00+00:00 ... 
[2024-08-12T20:11:03.043+0000] {taskinstance.py:1895} INFO - Rescheduling task, marking task as UP_FOR_RESCHEDULE
[2024-08-12T20:11:03.088+0000] {local_task_job_runner.py:228} INFO - Task exited with return code 0
[2024-08-12T20:11:03.102+0000] {taskinstance.py:2776} INFO - 0 downstream tasks scheduled from follow-on schedule check
[2024-08-12T20:12:04.929+0000] {taskinstance.py:1157} INFO - Dependencies all met for dep_context=non-requeueable deps ti=<TaskInstance: monthly_prediction.wait_for_retrain scheduled__2024-07-01T00:00:00+00:00 [queued]>
[2024-08-12T20:12:04.933+0000] {taskinstance.py:1157} INFO - Dependencies all met for dep_context=requeueable deps ti=<TaskInstance: monthly_prediction.wait_for_retrain scheduled__2024-07-01T00:00:00+00:00 [queued]>
[2024-08-12T20:12:04.934+0000] {taskinstance.py:1359} INFO - Starting attempt 1 of 1
[2024-08-12T20:12:04.940+0000] {taskinstance.py:1380} INFO - Executing <Task(ExternalTaskSensor): wait_for_retrain> on 2024-07-01 00:00:00+00:00
[2024-08-12T20:12:04.946+0000] {standard_task_runner.py:57} INFO - Started process 13544 to run task
[2024-08-12T20:12:04.950+0000] {standard_task_runner.py:84} INFO - Running: ['***', 'tasks', 'run', 'monthly_prediction', 'wait_for_retrain', 'scheduled__2024-07-01T00:00:00+00:00', '--job-id', '936', '--raw', '--subdir', 'DAGS_FOLDER/monthly_prediction.py', '--cfg-path', '/tmp/tmpwguqfraw']
[2024-08-12T20:12:04.953+0000] {standard_task_runner.py:85} INFO - Job 936: Subtask wait_for_retrain
[2024-08-12T20:12:04.993+0000] {task_command.py:415} INFO - Running <TaskInstance: monthly_prediction.wait_for_retrain scheduled__2024-07-01T00:00:00+00:00 [running]> on host a9166c5dc5ae
[2024-08-12T20:12:05.262+0000] {taskinstance.py:1660} INFO - Exporting env vars: AIRFLOW_CTX_DAG_OWNER='***' AIRFLOW_CTX_DAG_ID='monthly_prediction' AIRFLOW_CTX_TASK_ID='wait_for_retrain' AIRFLOW_CTX_EXECUTION_DATE='2024-07-01T00:00:00+00:00' AIRFLOW_CTX_TRY_NUMBER='1' AIRFLOW_CTX_DAG_RUN_ID='scheduled__2024-07-01T00:00:00+00:00'
[2024-08-12T20:12:05.269+0000] {external_task.py:244} INFO - Poking for tasks ['optimize_and_register_best_classifier'] in dag quarterly_retrain on 2024-06-30T00:00:00+00:00 ... 
[2024-08-12T20:12:05.286+0000] {taskinstance.py:1895} INFO - Rescheduling task, marking task as UP_FOR_RESCHEDULE
[2024-08-12T20:12:05.311+0000] {local_task_job_runner.py:228} INFO - Task exited with return code 0
[2024-08-12T20:12:05.322+0000] {taskinstance.py:2776} INFO - 0 downstream tasks scheduled from follow-on schedule check
[2024-08-12T20:13:06.632+0000] {taskinstance.py:1157} INFO - Dependencies all met for dep_context=non-requeueable deps ti=<TaskInstance: monthly_prediction.wait_for_retrain scheduled__2024-07-01T00:00:00+00:00 [queued]>
[2024-08-12T20:13:06.636+0000] {taskinstance.py:1157} INFO - Dependencies all met for dep_context=requeueable deps ti=<TaskInstance: monthly_prediction.wait_for_retrain scheduled__2024-07-01T00:00:00+00:00 [queued]>
[2024-08-12T20:13:06.636+0000] {taskinstance.py:1359} INFO - Starting attempt 1 of 1
[2024-08-12T20:13:06.642+0000] {taskinstance.py:1380} INFO - Executing <Task(ExternalTaskSensor): wait_for_retrain> on 2024-07-01 00:00:00+00:00
[2024-08-12T20:13:06.646+0000] {standard_task_runner.py:57} INFO - Started process 13716 to run task
[2024-08-12T20:13:06.648+0000] {standard_task_runner.py:84} INFO - Running: ['***', 'tasks', 'run', 'monthly_prediction', 'wait_for_retrain', 'scheduled__2024-07-01T00:00:00+00:00', '--job-id', '944', '--raw', '--subdir', 'DAGS_FOLDER/monthly_prediction.py', '--cfg-path', '/tmp/tmpr9clssdl']
[2024-08-12T20:13:06.649+0000] {standard_task_runner.py:85} INFO - Job 944: Subtask wait_for_retrain
[2024-08-12T20:13:06.804+0000] {task_command.py:415} INFO - Running <TaskInstance: monthly_prediction.wait_for_retrain scheduled__2024-07-01T00:00:00+00:00 [running]> on host a9166c5dc5ae
[2024-08-12T20:13:06.840+0000] {taskinstance.py:1660} INFO - Exporting env vars: AIRFLOW_CTX_DAG_OWNER='***' AIRFLOW_CTX_DAG_ID='monthly_prediction' AIRFLOW_CTX_TASK_ID='wait_for_retrain' AIRFLOW_CTX_EXECUTION_DATE='2024-07-01T00:00:00+00:00' AIRFLOW_CTX_TRY_NUMBER='1' AIRFLOW_CTX_DAG_RUN_ID='scheduled__2024-07-01T00:00:00+00:00'
[2024-08-12T20:13:06.845+0000] {external_task.py:244} INFO - Poking for tasks ['optimize_and_register_best_classifier'] in dag quarterly_retrain on 2024-06-30T00:00:00+00:00 ... 
[2024-08-12T20:13:06.859+0000] {taskinstance.py:1895} INFO - Rescheduling task, marking task as UP_FOR_RESCHEDULE
[2024-08-12T20:13:06.877+0000] {local_task_job_runner.py:228} INFO - Task exited with return code 0
[2024-08-12T20:13:06.888+0000] {taskinstance.py:2776} INFO - 0 downstream tasks scheduled from follow-on schedule check
[2024-08-12T20:14:08.564+0000] {taskinstance.py:1157} INFO - Dependencies all met for dep_context=non-requeueable deps ti=<TaskInstance: monthly_prediction.wait_for_retrain scheduled__2024-07-01T00:00:00+00:00 [queued]>
[2024-08-12T20:14:08.569+0000] {taskinstance.py:1157} INFO - Dependencies all met for dep_context=requeueable deps ti=<TaskInstance: monthly_prediction.wait_for_retrain scheduled__2024-07-01T00:00:00+00:00 [queued]>
[2024-08-12T20:14:08.569+0000] {taskinstance.py:1359} INFO - Starting attempt 1 of 1
[2024-08-12T20:14:08.574+0000] {taskinstance.py:1380} INFO - Executing <Task(ExternalTaskSensor): wait_for_retrain> on 2024-07-01 00:00:00+00:00
[2024-08-12T20:14:08.578+0000] {standard_task_runner.py:57} INFO - Started process 13886 to run task
[2024-08-12T20:14:08.580+0000] {standard_task_runner.py:84} INFO - Running: ['***', 'tasks', 'run', 'monthly_prediction', 'wait_for_retrain', 'scheduled__2024-07-01T00:00:00+00:00', '--job-id', '952', '--raw', '--subdir', 'DAGS_FOLDER/monthly_prediction.py', '--cfg-path', '/tmp/tmp05y5imr0']
[2024-08-12T20:14:08.581+0000] {standard_task_runner.py:85} INFO - Job 952: Subtask wait_for_retrain
[2024-08-12T20:14:08.721+0000] {task_command.py:415} INFO - Running <TaskInstance: monthly_prediction.wait_for_retrain scheduled__2024-07-01T00:00:00+00:00 [running]> on host a9166c5dc5ae
[2024-08-12T20:14:08.756+0000] {taskinstance.py:1660} INFO - Exporting env vars: AIRFLOW_CTX_DAG_OWNER='***' AIRFLOW_CTX_DAG_ID='monthly_prediction' AIRFLOW_CTX_TASK_ID='wait_for_retrain' AIRFLOW_CTX_EXECUTION_DATE='2024-07-01T00:00:00+00:00' AIRFLOW_CTX_TRY_NUMBER='1' AIRFLOW_CTX_DAG_RUN_ID='scheduled__2024-07-01T00:00:00+00:00'
[2024-08-12T20:14:08.762+0000] {external_task.py:244} INFO - Poking for tasks ['optimize_and_register_best_classifier'] in dag quarterly_retrain on 2024-06-30T00:00:00+00:00 ... 
[2024-08-12T20:14:08.776+0000] {taskinstance.py:1895} INFO - Rescheduling task, marking task as UP_FOR_RESCHEDULE
[2024-08-12T20:14:08.809+0000] {local_task_job_runner.py:228} INFO - Task exited with return code 0
[2024-08-12T20:14:08.820+0000] {taskinstance.py:2776} INFO - 0 downstream tasks scheduled from follow-on schedule check
[2024-08-12T20:15:09.953+0000] {taskinstance.py:1157} INFO - Dependencies all met for dep_context=non-requeueable deps ti=<TaskInstance: monthly_prediction.wait_for_retrain scheduled__2024-07-01T00:00:00+00:00 [queued]>
[2024-08-12T20:15:09.957+0000] {taskinstance.py:1157} INFO - Dependencies all met for dep_context=requeueable deps ti=<TaskInstance: monthly_prediction.wait_for_retrain scheduled__2024-07-01T00:00:00+00:00 [queued]>
[2024-08-12T20:15:09.957+0000] {taskinstance.py:1359} INFO - Starting attempt 1 of 1
[2024-08-12T20:15:09.962+0000] {taskinstance.py:1380} INFO - Executing <Task(ExternalTaskSensor): wait_for_retrain> on 2024-07-01 00:00:00+00:00
[2024-08-12T20:15:09.966+0000] {standard_task_runner.py:57} INFO - Started process 14047 to run task
[2024-08-12T20:15:09.967+0000] {standard_task_runner.py:84} INFO - Running: ['***', 'tasks', 'run', 'monthly_prediction', 'wait_for_retrain', 'scheduled__2024-07-01T00:00:00+00:00', '--job-id', '960', '--raw', '--subdir', 'DAGS_FOLDER/monthly_prediction.py', '--cfg-path', '/tmp/tmpyoihjupc']
[2024-08-12T20:15:09.969+0000] {standard_task_runner.py:85} INFO - Job 960: Subtask wait_for_retrain
[2024-08-12T20:15:10.107+0000] {task_command.py:415} INFO - Running <TaskInstance: monthly_prediction.wait_for_retrain scheduled__2024-07-01T00:00:00+00:00 [running]> on host a9166c5dc5ae
[2024-08-12T20:15:10.138+0000] {taskinstance.py:1660} INFO - Exporting env vars: AIRFLOW_CTX_DAG_OWNER='***' AIRFLOW_CTX_DAG_ID='monthly_prediction' AIRFLOW_CTX_TASK_ID='wait_for_retrain' AIRFLOW_CTX_EXECUTION_DATE='2024-07-01T00:00:00+00:00' AIRFLOW_CTX_TRY_NUMBER='1' AIRFLOW_CTX_DAG_RUN_ID='scheduled__2024-07-01T00:00:00+00:00'
[2024-08-12T20:15:10.143+0000] {external_task.py:244} INFO - Poking for tasks ['optimize_and_register_best_classifier'] in dag quarterly_retrain on 2024-06-30T00:00:00+00:00 ... 
[2024-08-12T20:15:10.156+0000] {taskinstance.py:1895} INFO - Rescheduling task, marking task as UP_FOR_RESCHEDULE
[2024-08-12T20:15:10.203+0000] {local_task_job_runner.py:228} INFO - Task exited with return code 0
[2024-08-12T20:15:10.213+0000] {taskinstance.py:2776} INFO - 0 downstream tasks scheduled from follow-on schedule check
[2024-08-12T20:16:11.804+0000] {taskinstance.py:1157} INFO - Dependencies all met for dep_context=non-requeueable deps ti=<TaskInstance: monthly_prediction.wait_for_retrain scheduled__2024-07-01T00:00:00+00:00 [queued]>
[2024-08-12T20:16:11.808+0000] {taskinstance.py:1157} INFO - Dependencies all met for dep_context=requeueable deps ti=<TaskInstance: monthly_prediction.wait_for_retrain scheduled__2024-07-01T00:00:00+00:00 [queued]>
[2024-08-12T20:16:11.808+0000] {taskinstance.py:1359} INFO - Starting attempt 1 of 1
[2024-08-12T20:16:11.814+0000] {taskinstance.py:1380} INFO - Executing <Task(ExternalTaskSensor): wait_for_retrain> on 2024-07-01 00:00:00+00:00
[2024-08-12T20:16:11.819+0000] {standard_task_runner.py:57} INFO - Started process 14219 to run task
[2024-08-12T20:16:11.821+0000] {standard_task_runner.py:84} INFO - Running: ['***', 'tasks', 'run', 'monthly_prediction', 'wait_for_retrain', 'scheduled__2024-07-01T00:00:00+00:00', '--job-id', '968', '--raw', '--subdir', 'DAGS_FOLDER/monthly_prediction.py', '--cfg-path', '/tmp/tmptcq03x6e']
[2024-08-12T20:16:11.824+0000] {standard_task_runner.py:85} INFO - Job 968: Subtask wait_for_retrain
[2024-08-12T20:16:11.894+0000] {task_command.py:415} INFO - Running <TaskInstance: monthly_prediction.wait_for_retrain scheduled__2024-07-01T00:00:00+00:00 [running]> on host a9166c5dc5ae
[2024-08-12T20:16:12.171+0000] {taskinstance.py:1660} INFO - Exporting env vars: AIRFLOW_CTX_DAG_OWNER='***' AIRFLOW_CTX_DAG_ID='monthly_prediction' AIRFLOW_CTX_TASK_ID='wait_for_retrain' AIRFLOW_CTX_EXECUTION_DATE='2024-07-01T00:00:00+00:00' AIRFLOW_CTX_TRY_NUMBER='1' AIRFLOW_CTX_DAG_RUN_ID='scheduled__2024-07-01T00:00:00+00:00'
[2024-08-12T20:16:12.176+0000] {external_task.py:244} INFO - Poking for tasks ['optimize_and_register_best_classifier'] in dag quarterly_retrain on 2024-06-30T00:00:00+00:00 ... 
[2024-08-12T20:16:12.190+0000] {taskinstance.py:1895} INFO - Rescheduling task, marking task as UP_FOR_RESCHEDULE
[2024-08-12T20:16:12.217+0000] {local_task_job_runner.py:228} INFO - Task exited with return code 0
[2024-08-12T20:16:12.227+0000] {taskinstance.py:2776} INFO - 0 downstream tasks scheduled from follow-on schedule check
[2024-08-12T20:17:13.739+0000] {taskinstance.py:1157} INFO - Dependencies all met for dep_context=non-requeueable deps ti=<TaskInstance: monthly_prediction.wait_for_retrain scheduled__2024-07-01T00:00:00+00:00 [queued]>
[2024-08-12T20:17:13.743+0000] {taskinstance.py:1157} INFO - Dependencies all met for dep_context=requeueable deps ti=<TaskInstance: monthly_prediction.wait_for_retrain scheduled__2024-07-01T00:00:00+00:00 [queued]>
[2024-08-12T20:17:13.743+0000] {taskinstance.py:1359} INFO - Starting attempt 1 of 1
[2024-08-12T20:17:13.748+0000] {taskinstance.py:1380} INFO - Executing <Task(ExternalTaskSensor): wait_for_retrain> on 2024-07-01 00:00:00+00:00
[2024-08-12T20:17:13.751+0000] {standard_task_runner.py:57} INFO - Started process 14390 to run task
[2024-08-12T20:17:13.753+0000] {standard_task_runner.py:84} INFO - Running: ['***', 'tasks', 'run', 'monthly_prediction', 'wait_for_retrain', 'scheduled__2024-07-01T00:00:00+00:00', '--job-id', '976', '--raw', '--subdir', 'DAGS_FOLDER/monthly_prediction.py', '--cfg-path', '/tmp/tmp23fi_rtb']
[2024-08-12T20:17:13.755+0000] {standard_task_runner.py:85} INFO - Job 976: Subtask wait_for_retrain
[2024-08-12T20:17:13.888+0000] {task_command.py:415} INFO - Running <TaskInstance: monthly_prediction.wait_for_retrain scheduled__2024-07-01T00:00:00+00:00 [running]> on host a9166c5dc5ae
[2024-08-12T20:17:13.919+0000] {taskinstance.py:1660} INFO - Exporting env vars: AIRFLOW_CTX_DAG_OWNER='***' AIRFLOW_CTX_DAG_ID='monthly_prediction' AIRFLOW_CTX_TASK_ID='wait_for_retrain' AIRFLOW_CTX_EXECUTION_DATE='2024-07-01T00:00:00+00:00' AIRFLOW_CTX_TRY_NUMBER='1' AIRFLOW_CTX_DAG_RUN_ID='scheduled__2024-07-01T00:00:00+00:00'
[2024-08-12T20:17:13.924+0000] {external_task.py:244} INFO - Poking for tasks ['optimize_and_register_best_classifier'] in dag quarterly_retrain on 2024-06-30T00:00:00+00:00 ... 
[2024-08-12T20:17:13.938+0000] {taskinstance.py:1895} INFO - Rescheduling task, marking task as UP_FOR_RESCHEDULE
[2024-08-12T20:17:13.973+0000] {local_task_job_runner.py:228} INFO - Task exited with return code 0
[2024-08-12T20:17:13.983+0000] {taskinstance.py:2776} INFO - 0 downstream tasks scheduled from follow-on schedule check
[2024-08-12T20:18:15.678+0000] {taskinstance.py:1157} INFO - Dependencies all met for dep_context=non-requeueable deps ti=<TaskInstance: monthly_prediction.wait_for_retrain scheduled__2024-07-01T00:00:00+00:00 [queued]>
[2024-08-12T20:18:15.682+0000] {taskinstance.py:1157} INFO - Dependencies all met for dep_context=requeueable deps ti=<TaskInstance: monthly_prediction.wait_for_retrain scheduled__2024-07-01T00:00:00+00:00 [queued]>
[2024-08-12T20:18:15.682+0000] {taskinstance.py:1359} INFO - Starting attempt 1 of 1
[2024-08-12T20:18:15.687+0000] {taskinstance.py:1380} INFO - Executing <Task(ExternalTaskSensor): wait_for_retrain> on 2024-07-01 00:00:00+00:00
[2024-08-12T20:18:15.691+0000] {standard_task_runner.py:57} INFO - Started process 14562 to run task
[2024-08-12T20:18:15.692+0000] {standard_task_runner.py:84} INFO - Running: ['***', 'tasks', 'run', 'monthly_prediction', 'wait_for_retrain', 'scheduled__2024-07-01T00:00:00+00:00', '--job-id', '984', '--raw', '--subdir', 'DAGS_FOLDER/monthly_prediction.py', '--cfg-path', '/tmp/tmpp4y4wlns']
[2024-08-12T20:18:15.694+0000] {standard_task_runner.py:85} INFO - Job 984: Subtask wait_for_retrain
[2024-08-12T20:18:15.828+0000] {task_command.py:415} INFO - Running <TaskInstance: monthly_prediction.wait_for_retrain scheduled__2024-07-01T00:00:00+00:00 [running]> on host a9166c5dc5ae
[2024-08-12T20:18:15.859+0000] {taskinstance.py:1660} INFO - Exporting env vars: AIRFLOW_CTX_DAG_OWNER='***' AIRFLOW_CTX_DAG_ID='monthly_prediction' AIRFLOW_CTX_TASK_ID='wait_for_retrain' AIRFLOW_CTX_EXECUTION_DATE='2024-07-01T00:00:00+00:00' AIRFLOW_CTX_TRY_NUMBER='1' AIRFLOW_CTX_DAG_RUN_ID='scheduled__2024-07-01T00:00:00+00:00'
[2024-08-12T20:18:15.864+0000] {external_task.py:244} INFO - Poking for tasks ['optimize_and_register_best_classifier'] in dag quarterly_retrain on 2024-06-30T00:00:00+00:00 ... 
[2024-08-12T20:18:15.869+0000] {taskinstance.py:1935} ERROR - Task failed with exception
Traceback (most recent call last):
  File "/home/airflow/.local/lib/python3.8/site-packages/airflow/sensors/external_task.py", line 334, in execute
    super().execute(context)
  File "/home/airflow/.local/lib/python3.8/site-packages/airflow/sensors/base.py", line 274, in execute
    raise AirflowSensorTimeout(message)
airflow.exceptions.AirflowSensorTimeout: Sensor has timed out; run duration of 600.736087 seconds exceeds the specified timeout of 600.0.
[2024-08-12T20:18:15.874+0000] {taskinstance.py:1398} INFO - Immediate failure requested. Marking task as FAILED. dag_id=monthly_prediction, task_id=wait_for_retrain, execution_date=20240701T000000, start_date=20240812T201815, end_date=20240812T201815
[2024-08-12T20:18:15.879+0000] {standard_task_runner.py:104} ERROR - Failed to execute job 984 for task wait_for_retrain (Sensor has timed out; run duration of 600.736087 seconds exceeds the specified timeout of 600.0.; 14562)
[2024-08-12T20:18:15.890+0000] {local_task_job_runner.py:228} INFO - Task exited with return code 1
[2024-08-12T20:18:15.900+0000] {taskinstance.py:2776} INFO - 0 downstream tasks scheduled from follow-on schedule check
