[2024-08-12T18:04:49.745+0000] {taskinstance.py:1157} INFO - Dependencies all met for dep_context=non-requeueable deps ti=<TaskInstance: monthly_monitor.create_table scheduled__2024-05-01T00:00:00+00:00 [queued]>
[2024-08-12T18:04:49.799+0000] {taskinstance.py:1157} INFO - Dependencies all met for dep_context=requeueable deps ti=<TaskInstance: monthly_monitor.create_table scheduled__2024-05-01T00:00:00+00:00 [queued]>
[2024-08-12T18:04:49.812+0000] {taskinstance.py:1359} INFO - Starting attempt 1 of 1
[2024-08-12T18:04:49.840+0000] {taskinstance.py:1380} INFO - Executing <Task(_PythonDecoratedOperator): create_table> on 2024-05-01 00:00:00+00:00
[2024-08-12T18:04:49.854+0000] {standard_task_runner.py:57} INFO - Started process 7855 to run task
[2024-08-12T18:04:49.869+0000] {standard_task_runner.py:84} INFO - Running: ['***', 'tasks', 'run', 'monthly_monitor', 'create_table', 'scheduled__2024-05-01T00:00:00+00:00', '--job-id', '214', '--raw', '--subdir', 'DAGS_FOLDER/monitor.py', '--cfg-path', '/tmp/tmpjgjausr0']
[2024-08-12T18:04:49.880+0000] {standard_task_runner.py:85} INFO - Job 214: Subtask create_table
[2024-08-12T18:04:49.982+0000] {task_command.py:415} INFO - Running <TaskInstance: monthly_monitor.create_table scheduled__2024-05-01T00:00:00+00:00 [running]> on host a9166c5dc5ae
[2024-08-12T18:04:50.215+0000] {taskinstance.py:1660} INFO - Exporting env vars: AIRFLOW_CTX_DAG_OWNER='***' AIRFLOW_CTX_DAG_ID='monthly_monitor' AIRFLOW_CTX_TASK_ID='create_table' AIRFLOW_CTX_EXECUTION_DATE='2024-05-01T00:00:00+00:00' AIRFLOW_CTX_TRY_NUMBER='1' AIRFLOW_CTX_DAG_RUN_ID='scheduled__2024-05-01T00:00:00+00:00'
[2024-08-12T18:04:50.220+0000] {taskinstance.py:1935} ERROR - Task failed with exception
Traceback (most recent call last):
  File "/home/airflow/.local/lib/python3.8/site-packages/airflow/decorators/base.py", line 221, in execute
    return_value = super().execute(context)
  File "/home/airflow/.local/lib/python3.8/site-packages/airflow/operators/python.py", line 192, in execute
    return_value = self.execute_callable()
  File "/home/airflow/.local/lib/python3.8/site-packages/airflow/operators/python.py", line 209, in execute_callable
    return self.python_callable(*self.op_args, **self.op_kwargs)
  File "/opt/airflow/dags/monitor.py", line 44, in create_table
    conn = psycopg2.connect(**conn_params)
  File "/home/airflow/.local/lib/python3.8/site-packages/psycopg2/__init__.py", line 122, in connect
    conn = _connect(dsn, connection_factory=connection_factory, **kwasync)
psycopg2.OperationalError: connection to server at "localhost" (127.0.0.1), port 5432 failed: Connection refused
	Is the server running on that host and accepting TCP/IP connections?
connection to server at "localhost" (::1), port 5432 failed: Cannot assign requested address
	Is the server running on that host and accepting TCP/IP connections?

[2024-08-12T18:04:50.251+0000] {taskinstance.py:1398} INFO - Marking task as FAILED. dag_id=monthly_monitor, task_id=create_table, execution_date=20240501T000000, start_date=20240812T180449, end_date=20240812T180450
[2024-08-12T18:04:50.269+0000] {standard_task_runner.py:104} ERROR - Failed to execute job 214 for task create_table (connection to server at "localhost" (127.0.0.1), port 5432 failed: Connection refused
	Is the server running on that host and accepting TCP/IP connections?
connection to server at "localhost" (::1), port 5432 failed: Cannot assign requested address
	Is the server running on that host and accepting TCP/IP connections?
; 7855)
[2024-08-12T18:04:50.309+0000] {local_task_job_runner.py:228} INFO - Task exited with return code 1
[2024-08-12T18:04:50.348+0000] {taskinstance.py:2776} INFO - 0 downstream tasks scheduled from follow-on schedule check
[2024-08-12T18:13:32.393+0000] {taskinstance.py:1157} INFO - Dependencies all met for dep_context=non-requeueable deps ti=<TaskInstance: monthly_monitor.create_table scheduled__2024-05-01T00:00:00+00:00 [queued]>
[2024-08-12T18:13:32.439+0000] {taskinstance.py:1157} INFO - Dependencies all met for dep_context=requeueable deps ti=<TaskInstance: monthly_monitor.create_table scheduled__2024-05-01T00:00:00+00:00 [queued]>
[2024-08-12T18:13:32.462+0000] {taskinstance.py:1359} INFO - Starting attempt 1 of 1
[2024-08-12T18:13:32.677+0000] {taskinstance.py:1380} INFO - Executing <Task(_PythonDecoratedOperator): create_table> on 2024-05-01 00:00:00+00:00
[2024-08-12T18:13:32.794+0000] {standard_task_runner.py:84} INFO - Running: ['***', 'tasks', 'run', 'monthly_monitor', 'create_table', 'scheduled__2024-05-01T00:00:00+00:00', '--job-id', '253', '--raw', '--subdir', 'DAGS_FOLDER/monitor.py', '--cfg-path', '/tmp/tmph9zhc8oo']
[2024-08-12T18:13:32.831+0000] {standard_task_runner.py:85} INFO - Job 253: Subtask create_table
[2024-08-12T18:13:32.759+0000] {standard_task_runner.py:57} INFO - Started process 9096 to run task
[2024-08-12T18:13:33.168+0000] {task_command.py:415} INFO - Running <TaskInstance: monthly_monitor.create_table scheduled__2024-05-01T00:00:00+00:00 [running]> on host a9166c5dc5ae
[2024-08-12T18:13:33.901+0000] {taskinstance.py:1660} INFO - Exporting env vars: AIRFLOW_CTX_DAG_OWNER='***' AIRFLOW_CTX_DAG_ID='monthly_monitor' AIRFLOW_CTX_TASK_ID='create_table' AIRFLOW_CTX_EXECUTION_DATE='2024-05-01T00:00:00+00:00' AIRFLOW_CTX_TRY_NUMBER='1' AIRFLOW_CTX_DAG_RUN_ID='scheduled__2024-05-01T00:00:00+00:00'
[2024-08-12T18:13:34.030+0000] {logging_mixin.py:151} INFO - table monitor_metrics already exists
[2024-08-12T18:13:34.059+0000] {python.py:194} INFO - Done. Returned value was: None
[2024-08-12T18:13:34.107+0000] {taskinstance.py:1398} INFO - Marking task as SUCCESS. dag_id=monthly_monitor, task_id=create_table, execution_date=20240501T000000, start_date=20240812T181332, end_date=20240812T181334
[2024-08-12T18:13:34.362+0000] {local_task_job_runner.py:228} INFO - Task exited with return code 0
[2024-08-12T18:13:34.437+0000] {taskinstance.py:2776} INFO - 0 downstream tasks scheduled from follow-on schedule check
[2024-08-12T19:19:40.552+0000] {taskinstance.py:1157} INFO - Dependencies all met for dep_context=non-requeueable deps ti=<TaskInstance: monthly_monitor.create_table scheduled__2024-05-01T00:00:00+00:00 [queued]>
[2024-08-12T19:19:40.584+0000] {taskinstance.py:1157} INFO - Dependencies all met for dep_context=requeueable deps ti=<TaskInstance: monthly_monitor.create_table scheduled__2024-05-01T00:00:00+00:00 [queued]>
[2024-08-12T19:19:40.588+0000] {taskinstance.py:1359} INFO - Starting attempt 1 of 1
[2024-08-12T19:19:40.644+0000] {taskinstance.py:1380} INFO - Executing <Task(_PythonDecoratedOperator): create_table> on 2024-05-01 00:00:00+00:00
[2024-08-12T19:19:40.663+0000] {standard_task_runner.py:57} INFO - Started process 3711 to run task
[2024-08-12T19:19:40.674+0000] {standard_task_runner.py:84} INFO - Running: ['***', 'tasks', 'run', 'monthly_monitor', 'create_table', 'scheduled__2024-05-01T00:00:00+00:00', '--job-id', '454', '--raw', '--subdir', 'DAGS_FOLDER/monitor.py', '--cfg-path', '/tmp/tmpoj1_stk8']
[2024-08-12T19:19:40.677+0000] {standard_task_runner.py:85} INFO - Job 454: Subtask create_table
[2024-08-12T19:19:40.745+0000] {task_command.py:415} INFO - Running <TaskInstance: monthly_monitor.create_table scheduled__2024-05-01T00:00:00+00:00 [running]> on host a9166c5dc5ae
[2024-08-12T19:19:40.901+0000] {taskinstance.py:1660} INFO - Exporting env vars: AIRFLOW_CTX_DAG_OWNER='***' AIRFLOW_CTX_DAG_ID='monthly_monitor' AIRFLOW_CTX_TASK_ID='create_table' AIRFLOW_CTX_EXECUTION_DATE='2024-05-01T00:00:00+00:00' AIRFLOW_CTX_TRY_NUMBER='1' AIRFLOW_CTX_DAG_RUN_ID='scheduled__2024-05-01T00:00:00+00:00'
[2024-08-12T19:19:40.925+0000] {logging_mixin.py:151} INFO - table monitor_metrics already exists
[2024-08-12T19:19:40.928+0000] {python.py:194} INFO - Done. Returned value was: None
[2024-08-12T19:19:40.947+0000] {taskinstance.py:1398} INFO - Marking task as SUCCESS. dag_id=monthly_monitor, task_id=create_table, execution_date=20240501T000000, start_date=20240812T191940, end_date=20240812T191940
[2024-08-12T19:19:40.972+0000] {local_task_job_runner.py:228} INFO - Task exited with return code 0
[2024-08-12T19:19:40.991+0000] {taskinstance.py:2776} INFO - 0 downstream tasks scheduled from follow-on schedule check
[2024-08-12T19:22:12.189+0000] {taskinstance.py:1157} INFO - Dependencies all met for dep_context=non-requeueable deps ti=<TaskInstance: monthly_monitor.create_table scheduled__2024-05-01T00:00:00+00:00 [queued]>
[2024-08-12T19:22:12.273+0000] {taskinstance.py:1157} INFO - Dependencies all met for dep_context=requeueable deps ti=<TaskInstance: monthly_monitor.create_table scheduled__2024-05-01T00:00:00+00:00 [queued]>
[2024-08-12T19:22:12.282+0000] {taskinstance.py:1359} INFO - Starting attempt 1 of 1
[2024-08-12T19:22:12.436+0000] {taskinstance.py:1380} INFO - Executing <Task(_PythonDecoratedOperator): create_table> on 2024-05-01 00:00:00+00:00
[2024-08-12T19:22:12.480+0000] {standard_task_runner.py:57} INFO - Started process 4385 to run task
[2024-08-12T19:22:12.501+0000] {standard_task_runner.py:84} INFO - Running: ['***', 'tasks', 'run', 'monthly_monitor', 'create_table', 'scheduled__2024-05-01T00:00:00+00:00', '--job-id', '496', '--raw', '--subdir', 'DAGS_FOLDER/monitor.py', '--cfg-path', '/tmp/tmpthdwdmd6']
[2024-08-12T19:22:12.523+0000] {standard_task_runner.py:85} INFO - Job 496: Subtask create_table
[2024-08-12T19:22:12.722+0000] {task_command.py:415} INFO - Running <TaskInstance: monthly_monitor.create_table scheduled__2024-05-01T00:00:00+00:00 [running]> on host a9166c5dc5ae
[2024-08-12T19:22:13.112+0000] {taskinstance.py:1660} INFO - Exporting env vars: AIRFLOW_CTX_DAG_OWNER='***' AIRFLOW_CTX_DAG_ID='monthly_monitor' AIRFLOW_CTX_TASK_ID='create_table' AIRFLOW_CTX_EXECUTION_DATE='2024-05-01T00:00:00+00:00' AIRFLOW_CTX_TRY_NUMBER='1' AIRFLOW_CTX_DAG_RUN_ID='scheduled__2024-05-01T00:00:00+00:00'
[2024-08-12T19:22:13.154+0000] {logging_mixin.py:151} INFO - table monitor_metrics already exists
[2024-08-12T19:22:13.161+0000] {python.py:194} INFO - Done. Returned value was: None
[2024-08-12T19:22:13.195+0000] {taskinstance.py:1398} INFO - Marking task as SUCCESS. dag_id=monthly_monitor, task_id=create_table, execution_date=20240501T000000, start_date=20240812T192212, end_date=20240812T192213
[2024-08-12T19:22:13.307+0000] {local_task_job_runner.py:228} INFO - Task exited with return code 0
[2024-08-12T19:22:13.370+0000] {taskinstance.py:2776} INFO - 0 downstream tasks scheduled from follow-on schedule check
[2024-08-12T19:27:23.605+0000] {taskinstance.py:1157} INFO - Dependencies all met for dep_context=non-requeueable deps ti=<TaskInstance: monthly_monitor.create_table scheduled__2024-05-01T00:00:00+00:00 [queued]>
[2024-08-12T19:27:23.649+0000] {taskinstance.py:1157} INFO - Dependencies all met for dep_context=requeueable deps ti=<TaskInstance: monthly_monitor.create_table scheduled__2024-05-01T00:00:00+00:00 [queued]>
[2024-08-12T19:27:23.672+0000] {taskinstance.py:1359} INFO - Starting attempt 1 of 1
[2024-08-12T19:27:23.900+0000] {taskinstance.py:1380} INFO - Executing <Task(_PythonDecoratedOperator): create_table> on 2024-05-01 00:00:00+00:00
[2024-08-12T19:27:23.946+0000] {standard_task_runner.py:57} INFO - Started process 5394 to run task
[2024-08-12T19:27:23.951+0000] {standard_task_runner.py:84} INFO - Running: ['***', 'tasks', 'run', 'monthly_monitor', 'create_table', 'scheduled__2024-05-01T00:00:00+00:00', '--job-id', '549', '--raw', '--subdir', 'DAGS_FOLDER/monitor.py', '--cfg-path', '/tmp/tmpydf5gc6w']
[2024-08-12T19:27:23.955+0000] {standard_task_runner.py:85} INFO - Job 549: Subtask create_table
[2024-08-12T19:27:24.103+0000] {task_command.py:415} INFO - Running <TaskInstance: monthly_monitor.create_table scheduled__2024-05-01T00:00:00+00:00 [running]> on host a9166c5dc5ae
[2024-08-12T19:27:24.334+0000] {taskinstance.py:1660} INFO - Exporting env vars: AIRFLOW_CTX_DAG_OWNER='***' AIRFLOW_CTX_DAG_ID='monthly_monitor' AIRFLOW_CTX_TASK_ID='create_table' AIRFLOW_CTX_EXECUTION_DATE='2024-05-01T00:00:00+00:00' AIRFLOW_CTX_TRY_NUMBER='1' AIRFLOW_CTX_DAG_RUN_ID='scheduled__2024-05-01T00:00:00+00:00'
[2024-08-12T19:27:24.362+0000] {logging_mixin.py:151} INFO - table monitor_metrics already exists
[2024-08-12T19:27:24.384+0000] {python.py:194} INFO - Done. Returned value was: None
[2024-08-12T19:27:24.406+0000] {taskinstance.py:1398} INFO - Marking task as SUCCESS. dag_id=monthly_monitor, task_id=create_table, execution_date=20240501T000000, start_date=20240812T192723, end_date=20240812T192724
[2024-08-12T19:27:24.485+0000] {local_task_job_runner.py:228} INFO - Task exited with return code 0
[2024-08-12T19:27:24.521+0000] {taskinstance.py:2776} INFO - 0 downstream tasks scheduled from follow-on schedule check
[2024-08-12T19:28:42.548+0000] {taskinstance.py:1157} INFO - Dependencies all met for dep_context=non-requeueable deps ti=<TaskInstance: monthly_monitor.create_table scheduled__2024-05-01T00:00:00+00:00 [queued]>
[2024-08-12T19:28:42.580+0000] {taskinstance.py:1157} INFO - Dependencies all met for dep_context=requeueable deps ti=<TaskInstance: monthly_monitor.create_table scheduled__2024-05-01T00:00:00+00:00 [queued]>
[2024-08-12T19:28:42.580+0000] {taskinstance.py:1359} INFO - Starting attempt 1 of 1
[2024-08-12T19:28:42.616+0000] {taskinstance.py:1380} INFO - Executing <Task(_PythonDecoratedOperator): create_table> on 2024-05-01 00:00:00+00:00
[2024-08-12T19:28:42.640+0000] {standard_task_runner.py:57} INFO - Started process 5856 to run task
[2024-08-12T19:28:42.651+0000] {standard_task_runner.py:84} INFO - Running: ['***', 'tasks', 'run', 'monthly_monitor', 'create_table', 'scheduled__2024-05-01T00:00:00+00:00', '--job-id', '581', '--raw', '--subdir', 'DAGS_FOLDER/monitor.py', '--cfg-path', '/tmp/tmpd14duhru']
[2024-08-12T19:28:42.658+0000] {standard_task_runner.py:85} INFO - Job 581: Subtask create_table
[2024-08-12T19:28:42.825+0000] {task_command.py:415} INFO - Running <TaskInstance: monthly_monitor.create_table scheduled__2024-05-01T00:00:00+00:00 [running]> on host a9166c5dc5ae
[2024-08-12T19:28:43.033+0000] {taskinstance.py:1660} INFO - Exporting env vars: AIRFLOW_CTX_DAG_OWNER='***' AIRFLOW_CTX_DAG_ID='monthly_monitor' AIRFLOW_CTX_TASK_ID='create_table' AIRFLOW_CTX_EXECUTION_DATE='2024-05-01T00:00:00+00:00' AIRFLOW_CTX_TRY_NUMBER='1' AIRFLOW_CTX_DAG_RUN_ID='scheduled__2024-05-01T00:00:00+00:00'
[2024-08-12T19:28:43.052+0000] {logging_mixin.py:151} INFO - table monitor_metrics already exists
[2024-08-12T19:28:43.065+0000] {python.py:194} INFO - Done. Returned value was: None
[2024-08-12T19:28:43.104+0000] {taskinstance.py:1398} INFO - Marking task as SUCCESS. dag_id=monthly_monitor, task_id=create_table, execution_date=20240501T000000, start_date=20240812T192842, end_date=20240812T192843
[2024-08-12T19:28:43.234+0000] {local_task_job_runner.py:228} INFO - Task exited with return code 0
[2024-08-12T19:28:43.254+0000] {taskinstance.py:2776} INFO - 0 downstream tasks scheduled from follow-on schedule check
[2024-08-12T20:10:13.947+0000] {taskinstance.py:1157} INFO - Dependencies all met for dep_context=non-requeueable deps ti=<TaskInstance: monthly_monitor.create_table scheduled__2024-05-01T00:00:00+00:00 [queued]>
[2024-08-12T20:10:14.003+0000] {taskinstance.py:1157} INFO - Dependencies all met for dep_context=requeueable deps ti=<TaskInstance: monthly_monitor.create_table scheduled__2024-05-01T00:00:00+00:00 [queued]>
[2024-08-12T20:10:14.036+0000] {taskinstance.py:1359} INFO - Starting attempt 1 of 1
[2024-08-12T20:10:14.198+0000] {taskinstance.py:1380} INFO - Executing <Task(_PythonDecoratedOperator): create_table> on 2024-05-01 00:00:00+00:00
[2024-08-12T20:10:14.253+0000] {standard_task_runner.py:57} INFO - Started process 13205 to run task
[2024-08-12T20:10:14.272+0000] {standard_task_runner.py:84} INFO - Running: ['***', 'tasks', 'run', 'monthly_monitor', 'create_table', 'scheduled__2024-05-01T00:00:00+00:00', '--job-id', '914', '--raw', '--subdir', 'DAGS_FOLDER/monitor.py', '--cfg-path', '/tmp/tmpvdazce7u']
[2024-08-12T20:10:14.287+0000] {standard_task_runner.py:85} INFO - Job 914: Subtask create_table
[2024-08-12T20:10:14.673+0000] {task_command.py:415} INFO - Running <TaskInstance: monthly_monitor.create_table scheduled__2024-05-01T00:00:00+00:00 [running]> on host a9166c5dc5ae
[2024-08-12T20:10:15.040+0000] {taskinstance.py:1660} INFO - Exporting env vars: AIRFLOW_CTX_DAG_OWNER='***' AIRFLOW_CTX_DAG_ID='monthly_monitor' AIRFLOW_CTX_TASK_ID='create_table' AIRFLOW_CTX_EXECUTION_DATE='2024-05-01T00:00:00+00:00' AIRFLOW_CTX_TRY_NUMBER='1' AIRFLOW_CTX_DAG_RUN_ID='scheduled__2024-05-01T00:00:00+00:00'
[2024-08-12T20:10:15.060+0000] {logging_mixin.py:151} INFO - table monitor_metrics already exists
[2024-08-12T20:10:15.061+0000] {python.py:194} INFO - Done. Returned value was: None
[2024-08-12T20:10:15.086+0000] {taskinstance.py:1398} INFO - Marking task as SUCCESS. dag_id=monthly_monitor, task_id=create_table, execution_date=20240501T000000, start_date=20240812T201013, end_date=20240812T201015
[2024-08-12T20:10:15.185+0000] {local_task_job_runner.py:228} INFO - Task exited with return code 0
[2024-08-12T20:10:15.314+0000] {taskinstance.py:2776} INFO - 0 downstream tasks scheduled from follow-on schedule check
