[2024-08-12T05:59:44.533+0000] {taskinstance.py:1157} INFO - Dependencies all met for dep_context=non-requeueable deps ti=<TaskInstance: generate_monthly_data.simulate_and_prepare_data manual__2024-08-12T05:59:42.397647+00:00 [queued]>
[2024-08-12T05:59:44.537+0000] {taskinstance.py:1157} INFO - Dependencies all met for dep_context=requeueable deps ti=<TaskInstance: generate_monthly_data.simulate_and_prepare_data manual__2024-08-12T05:59:42.397647+00:00 [queued]>
[2024-08-12T05:59:44.537+0000] {taskinstance.py:1359} INFO - Starting attempt 1 of 1
[2024-08-12T05:59:44.542+0000] {taskinstance.py:1380} INFO - Executing <Task(_PythonDecoratedOperator): simulate_and_prepare_data> on 2024-08-12 05:59:42.397647+00:00
[2024-08-12T05:59:44.547+0000] {standard_task_runner.py:57} INFO - Started process 6617 to run task
[2024-08-12T05:59:44.556+0000] {standard_task_runner.py:84} INFO - Running: ['***', 'tasks', 'run', 'generate_monthly_data', 'simulate_and_prepare_data', 'manual__2024-08-12T05:59:42.397647+00:00', '--job-id', '95', '--raw', '--subdir', 'DAGS_FOLDER/monthly_prediction.py', '--cfg-path', '/tmp/tmpy8mp0gkn']
[2024-08-12T05:59:44.558+0000] {standard_task_runner.py:85} INFO - Job 95: Subtask simulate_and_prepare_data
[2024-08-12T05:59:44.604+0000] {task_command.py:415} INFO - Running <TaskInstance: generate_monthly_data.simulate_and_prepare_data manual__2024-08-12T05:59:42.397647+00:00 [running]> on host fa284eed0508
[2024-08-12T05:59:44.677+0000] {taskinstance.py:1660} INFO - Exporting env vars: AIRFLOW_CTX_DAG_OWNER='***' AIRFLOW_CTX_DAG_ID='generate_monthly_data' AIRFLOW_CTX_TASK_ID='simulate_and_prepare_data' AIRFLOW_CTX_EXECUTION_DATE='2024-08-12T05:59:42.397647+00:00' AIRFLOW_CTX_TRY_NUMBER='1' AIRFLOW_CTX_DAG_RUN_ID='manual__2024-08-12T05:59:42.397647+00:00'
[2024-08-12T05:59:44.694+0000] {python.py:194} INFO - Done. Returned value was:           age  ...  payment_method_mailed_check
0   -1.527973  ...                          0.0
1   -1.527973  ...                          0.0
2   -0.009926  ...                          0.0
3    0.340393  ...                          0.0
4    0.924257  ...                          0.0
..        ...  ...                          ...
995 -0.243471  ...                          0.0
996 -1.236041  ...                          0.0
997  0.924257  ...                          0.0
998  1.566508  ...                          0.0
999  1.216190  ...                          0.0

[1000 rows x 56 columns]
[2024-08-12T05:59:44.761+0000] {taskinstance.py:1398} INFO - Marking task as SUCCESS. dag_id=generate_monthly_data, task_id=simulate_and_prepare_data, execution_date=20240812T055942, start_date=20240812T055944, end_date=20240812T055944
[2024-08-12T05:59:44.777+0000] {local_task_job_runner.py:228} INFO - Task exited with return code 0
[2024-08-12T05:59:44.801+0000] {taskinstance.py:2776} INFO - 1 downstream tasks scheduled from follow-on schedule check
