[2024-08-12T20:09:48.379+0000] {taskinstance.py:1157} INFO - Dependencies all met for dep_context=non-requeueable deps ti=<TaskInstance: monthly_monitor.wait_for_data manual__2024-08-12T20:09:10.250524+00:00 [queued]>
[2024-08-12T20:09:48.655+0000] {taskinstance.py:1157} INFO - Dependencies all met for dep_context=requeueable deps ti=<TaskInstance: monthly_monitor.wait_for_data manual__2024-08-12T20:09:10.250524+00:00 [queued]>
[2024-08-12T20:09:48.674+0000] {taskinstance.py:1359} INFO - Starting attempt 1 of 1
[2024-08-12T20:09:48.995+0000] {taskinstance.py:1380} INFO - Executing <Task(ExternalTaskSensor): wait_for_data> on 2024-08-12 20:09:10.250524+00:00
[2024-08-12T20:09:49.098+0000] {standard_task_runner.py:57} INFO - Started process 13043 to run task
[2024-08-12T20:09:49.236+0000] {standard_task_runner.py:84} INFO - Running: ['***', 'tasks', 'run', 'monthly_monitor', 'wait_for_data', 'manual__2024-08-12T20:09:10.250524+00:00', '--job-id', '898', '--raw', '--subdir', 'DAGS_FOLDER/monitor.py', '--cfg-path', '/tmp/tmprsfxdnd2']
[2024-08-12T20:09:49.324+0000] {standard_task_runner.py:85} INFO - Job 898: Subtask wait_for_data
[2024-08-12T20:09:50.312+0000] {task_command.py:415} INFO - Running <TaskInstance: monthly_monitor.wait_for_data manual__2024-08-12T20:09:10.250524+00:00 [running]> on host a9166c5dc5ae
[2024-08-12T20:09:53.379+0000] {taskinstance.py:1660} INFO - Exporting env vars: AIRFLOW_CTX_DAG_OWNER='***' AIRFLOW_CTX_DAG_ID='monthly_monitor' AIRFLOW_CTX_TASK_ID='wait_for_data' AIRFLOW_CTX_EXECUTION_DATE='2024-08-12T20:09:10.250524+00:00' AIRFLOW_CTX_TRY_NUMBER='1' AIRFLOW_CTX_DAG_RUN_ID='manual__2024-08-12T20:09:10.250524+00:00'
[2024-08-12T20:09:53.524+0000] {external_task.py:244} INFO - Poking for tasks ['predict_and_save'] in dag monthly_prediction on 2024-08-12T20:09:10.250524+00:00 ... 
[2024-08-12T20:09:54.297+0000] {taskinstance.py:1895} INFO - Rescheduling task, marking task as UP_FOR_RESCHEDULE
[2024-08-12T20:09:54.562+0000] {local_task_job_runner.py:228} INFO - Task exited with return code 0
[2024-08-12T20:09:54.811+0000] {taskinstance.py:2776} INFO - 0 downstream tasks scheduled from follow-on schedule check
[2024-08-12T20:10:58.218+0000] {taskinstance.py:1157} INFO - Dependencies all met for dep_context=non-requeueable deps ti=<TaskInstance: monthly_monitor.wait_for_data manual__2024-08-12T20:09:10.250524+00:00 [queued]>
[2024-08-12T20:10:58.223+0000] {taskinstance.py:1157} INFO - Dependencies all met for dep_context=requeueable deps ti=<TaskInstance: monthly_monitor.wait_for_data manual__2024-08-12T20:09:10.250524+00:00 [queued]>
[2024-08-12T20:10:58.223+0000] {taskinstance.py:1359} INFO - Starting attempt 1 of 1
[2024-08-12T20:10:58.230+0000] {taskinstance.py:1380} INFO - Executing <Task(ExternalTaskSensor): wait_for_data> on 2024-08-12 20:09:10.250524+00:00
[2024-08-12T20:10:58.238+0000] {standard_task_runner.py:57} INFO - Started process 13355 to run task
[2024-08-12T20:10:58.241+0000] {standard_task_runner.py:84} INFO - Running: ['***', 'tasks', 'run', 'monthly_monitor', 'wait_for_data', 'manual__2024-08-12T20:09:10.250524+00:00', '--job-id', '927', '--raw', '--subdir', 'DAGS_FOLDER/monitor.py', '--cfg-path', '/tmp/tmpgdlw8qkd']
[2024-08-12T20:10:58.243+0000] {standard_task_runner.py:85} INFO - Job 927: Subtask wait_for_data
[2024-08-12T20:10:58.274+0000] {task_command.py:415} INFO - Running <TaskInstance: monthly_monitor.wait_for_data manual__2024-08-12T20:09:10.250524+00:00 [running]> on host a9166c5dc5ae
[2024-08-12T20:10:58.329+0000] {taskinstance.py:1660} INFO - Exporting env vars: AIRFLOW_CTX_DAG_OWNER='***' AIRFLOW_CTX_DAG_ID='monthly_monitor' AIRFLOW_CTX_TASK_ID='wait_for_data' AIRFLOW_CTX_EXECUTION_DATE='2024-08-12T20:09:10.250524+00:00' AIRFLOW_CTX_TRY_NUMBER='1' AIRFLOW_CTX_DAG_RUN_ID='manual__2024-08-12T20:09:10.250524+00:00'
[2024-08-12T20:10:58.336+0000] {external_task.py:244} INFO - Poking for tasks ['predict_and_save'] in dag monthly_prediction on 2024-08-12T20:09:10.250524+00:00 ... 
[2024-08-12T20:10:58.363+0000] {taskinstance.py:1895} INFO - Rescheduling task, marking task as UP_FOR_RESCHEDULE
[2024-08-12T20:10:58.383+0000] {local_task_job_runner.py:228} INFO - Task exited with return code 0
[2024-08-12T20:10:58.395+0000] {taskinstance.py:2776} INFO - 0 downstream tasks scheduled from follow-on schedule check
[2024-08-12T20:12:00.561+0000] {taskinstance.py:1157} INFO - Dependencies all met for dep_context=non-requeueable deps ti=<TaskInstance: monthly_monitor.wait_for_data manual__2024-08-12T20:09:10.250524+00:00 [queued]>
[2024-08-12T20:12:00.567+0000] {taskinstance.py:1157} INFO - Dependencies all met for dep_context=requeueable deps ti=<TaskInstance: monthly_monitor.wait_for_data manual__2024-08-12T20:09:10.250524+00:00 [queued]>
[2024-08-12T20:12:00.567+0000] {taskinstance.py:1359} INFO - Starting attempt 1 of 1
[2024-08-12T20:12:00.575+0000] {taskinstance.py:1380} INFO - Executing <Task(ExternalTaskSensor): wait_for_data> on 2024-08-12 20:09:10.250524+00:00
[2024-08-12T20:12:00.581+0000] {standard_task_runner.py:57} INFO - Started process 13532 to run task
[2024-08-12T20:12:00.584+0000] {standard_task_runner.py:84} INFO - Running: ['***', 'tasks', 'run', 'monthly_monitor', 'wait_for_data', 'manual__2024-08-12T20:09:10.250524+00:00', '--job-id', '935', '--raw', '--subdir', 'DAGS_FOLDER/monitor.py', '--cfg-path', '/tmp/tmplr18572h']
[2024-08-12T20:12:00.587+0000] {standard_task_runner.py:85} INFO - Job 935: Subtask wait_for_data
[2024-08-12T20:12:00.622+0000] {task_command.py:415} INFO - Running <TaskInstance: monthly_monitor.wait_for_data manual__2024-08-12T20:09:10.250524+00:00 [running]> on host a9166c5dc5ae
[2024-08-12T20:12:00.676+0000] {taskinstance.py:1660} INFO - Exporting env vars: AIRFLOW_CTX_DAG_OWNER='***' AIRFLOW_CTX_DAG_ID='monthly_monitor' AIRFLOW_CTX_TASK_ID='wait_for_data' AIRFLOW_CTX_EXECUTION_DATE='2024-08-12T20:09:10.250524+00:00' AIRFLOW_CTX_TRY_NUMBER='1' AIRFLOW_CTX_DAG_RUN_ID='manual__2024-08-12T20:09:10.250524+00:00'
[2024-08-12T20:12:00.686+0000] {external_task.py:244} INFO - Poking for tasks ['predict_and_save'] in dag monthly_prediction on 2024-08-12T20:09:10.250524+00:00 ... 
[2024-08-12T20:12:00.710+0000] {taskinstance.py:1895} INFO - Rescheduling task, marking task as UP_FOR_RESCHEDULE
[2024-08-12T20:12:00.724+0000] {local_task_job_runner.py:228} INFO - Task exited with return code 0
[2024-08-12T20:12:00.737+0000] {taskinstance.py:2776} INFO - 0 downstream tasks scheduled from follow-on schedule check
[2024-08-12T20:13:02.375+0000] {taskinstance.py:1157} INFO - Dependencies all met for dep_context=non-requeueable deps ti=<TaskInstance: monthly_monitor.wait_for_data manual__2024-08-12T20:09:10.250524+00:00 [queued]>
[2024-08-12T20:13:02.379+0000] {taskinstance.py:1157} INFO - Dependencies all met for dep_context=requeueable deps ti=<TaskInstance: monthly_monitor.wait_for_data manual__2024-08-12T20:09:10.250524+00:00 [queued]>
[2024-08-12T20:13:02.380+0000] {taskinstance.py:1359} INFO - Starting attempt 1 of 1
[2024-08-12T20:13:02.385+0000] {taskinstance.py:1380} INFO - Executing <Task(ExternalTaskSensor): wait_for_data> on 2024-08-12 20:09:10.250524+00:00
[2024-08-12T20:13:02.389+0000] {standard_task_runner.py:57} INFO - Started process 13693 to run task
[2024-08-12T20:13:02.392+0000] {standard_task_runner.py:84} INFO - Running: ['***', 'tasks', 'run', 'monthly_monitor', 'wait_for_data', 'manual__2024-08-12T20:09:10.250524+00:00', '--job-id', '943', '--raw', '--subdir', 'DAGS_FOLDER/monitor.py', '--cfg-path', '/tmp/tmplhp4s9p9']
[2024-08-12T20:13:02.394+0000] {standard_task_runner.py:85} INFO - Job 943: Subtask wait_for_data
[2024-08-12T20:13:02.420+0000] {task_command.py:415} INFO - Running <TaskInstance: monthly_monitor.wait_for_data manual__2024-08-12T20:09:10.250524+00:00 [running]> on host a9166c5dc5ae
[2024-08-12T20:13:02.461+0000] {taskinstance.py:1660} INFO - Exporting env vars: AIRFLOW_CTX_DAG_OWNER='***' AIRFLOW_CTX_DAG_ID='monthly_monitor' AIRFLOW_CTX_TASK_ID='wait_for_data' AIRFLOW_CTX_EXECUTION_DATE='2024-08-12T20:09:10.250524+00:00' AIRFLOW_CTX_TRY_NUMBER='1' AIRFLOW_CTX_DAG_RUN_ID='manual__2024-08-12T20:09:10.250524+00:00'
[2024-08-12T20:13:02.467+0000] {external_task.py:244} INFO - Poking for tasks ['predict_and_save'] in dag monthly_prediction on 2024-08-12T20:09:10.250524+00:00 ... 
[2024-08-12T20:13:02.482+0000] {taskinstance.py:1895} INFO - Rescheduling task, marking task as UP_FOR_RESCHEDULE
[2024-08-12T20:13:02.490+0000] {local_task_job_runner.py:228} INFO - Task exited with return code 0
[2024-08-12T20:13:02.500+0000] {taskinstance.py:2776} INFO - 0 downstream tasks scheduled from follow-on schedule check
[2024-08-12T20:14:04.398+0000] {taskinstance.py:1157} INFO - Dependencies all met for dep_context=non-requeueable deps ti=<TaskInstance: monthly_monitor.wait_for_data manual__2024-08-12T20:09:10.250524+00:00 [queued]>
[2024-08-12T20:14:04.402+0000] {taskinstance.py:1157} INFO - Dependencies all met for dep_context=requeueable deps ti=<TaskInstance: monthly_monitor.wait_for_data manual__2024-08-12T20:09:10.250524+00:00 [queued]>
[2024-08-12T20:14:04.402+0000] {taskinstance.py:1359} INFO - Starting attempt 1 of 1
[2024-08-12T20:14:04.407+0000] {taskinstance.py:1380} INFO - Executing <Task(ExternalTaskSensor): wait_for_data> on 2024-08-12 20:09:10.250524+00:00
[2024-08-12T20:14:04.412+0000] {standard_task_runner.py:57} INFO - Started process 13865 to run task
[2024-08-12T20:14:04.414+0000] {standard_task_runner.py:84} INFO - Running: ['***', 'tasks', 'run', 'monthly_monitor', 'wait_for_data', 'manual__2024-08-12T20:09:10.250524+00:00', '--job-id', '951', '--raw', '--subdir', 'DAGS_FOLDER/monitor.py', '--cfg-path', '/tmp/tmprwh57qzm']
[2024-08-12T20:14:04.416+0000] {standard_task_runner.py:85} INFO - Job 951: Subtask wait_for_data
[2024-08-12T20:14:04.441+0000] {task_command.py:415} INFO - Running <TaskInstance: monthly_monitor.wait_for_data manual__2024-08-12T20:09:10.250524+00:00 [running]> on host a9166c5dc5ae
[2024-08-12T20:14:04.480+0000] {taskinstance.py:1660} INFO - Exporting env vars: AIRFLOW_CTX_DAG_OWNER='***' AIRFLOW_CTX_DAG_ID='monthly_monitor' AIRFLOW_CTX_TASK_ID='wait_for_data' AIRFLOW_CTX_EXECUTION_DATE='2024-08-12T20:09:10.250524+00:00' AIRFLOW_CTX_TRY_NUMBER='1' AIRFLOW_CTX_DAG_RUN_ID='manual__2024-08-12T20:09:10.250524+00:00'
[2024-08-12T20:14:04.485+0000] {external_task.py:244} INFO - Poking for tasks ['predict_and_save'] in dag monthly_prediction on 2024-08-12T20:09:10.250524+00:00 ... 
[2024-08-12T20:14:04.498+0000] {taskinstance.py:1895} INFO - Rescheduling task, marking task as UP_FOR_RESCHEDULE
[2024-08-12T20:14:04.515+0000] {local_task_job_runner.py:228} INFO - Task exited with return code 0
[2024-08-12T20:14:04.523+0000] {taskinstance.py:2776} INFO - 0 downstream tasks scheduled from follow-on schedule check
[2024-08-12T20:15:05.808+0000] {taskinstance.py:1157} INFO - Dependencies all met for dep_context=non-requeueable deps ti=<TaskInstance: monthly_monitor.wait_for_data manual__2024-08-12T20:09:10.250524+00:00 [queued]>
[2024-08-12T20:15:05.812+0000] {taskinstance.py:1157} INFO - Dependencies all met for dep_context=requeueable deps ti=<TaskInstance: monthly_monitor.wait_for_data manual__2024-08-12T20:09:10.250524+00:00 [queued]>
[2024-08-12T20:15:05.812+0000] {taskinstance.py:1359} INFO - Starting attempt 1 of 1
[2024-08-12T20:15:05.817+0000] {taskinstance.py:1380} INFO - Executing <Task(ExternalTaskSensor): wait_for_data> on 2024-08-12 20:09:10.250524+00:00
[2024-08-12T20:15:05.821+0000] {standard_task_runner.py:57} INFO - Started process 14037 to run task
[2024-08-12T20:15:05.823+0000] {standard_task_runner.py:84} INFO - Running: ['***', 'tasks', 'run', 'monthly_monitor', 'wait_for_data', 'manual__2024-08-12T20:09:10.250524+00:00', '--job-id', '959', '--raw', '--subdir', 'DAGS_FOLDER/monitor.py', '--cfg-path', '/tmp/tmpk8l1bm96']
[2024-08-12T20:15:05.824+0000] {standard_task_runner.py:85} INFO - Job 959: Subtask wait_for_data
[2024-08-12T20:15:05.846+0000] {task_command.py:415} INFO - Running <TaskInstance: monthly_monitor.wait_for_data manual__2024-08-12T20:09:10.250524+00:00 [running]> on host a9166c5dc5ae
[2024-08-12T20:15:05.880+0000] {taskinstance.py:1660} INFO - Exporting env vars: AIRFLOW_CTX_DAG_OWNER='***' AIRFLOW_CTX_DAG_ID='monthly_monitor' AIRFLOW_CTX_TASK_ID='wait_for_data' AIRFLOW_CTX_EXECUTION_DATE='2024-08-12T20:09:10.250524+00:00' AIRFLOW_CTX_TRY_NUMBER='1' AIRFLOW_CTX_DAG_RUN_ID='manual__2024-08-12T20:09:10.250524+00:00'
[2024-08-12T20:15:05.885+0000] {external_task.py:244} INFO - Poking for tasks ['predict_and_save'] in dag monthly_prediction on 2024-08-12T20:09:10.250524+00:00 ... 
[2024-08-12T20:15:05.899+0000] {taskinstance.py:1895} INFO - Rescheduling task, marking task as UP_FOR_RESCHEDULE
[2024-08-12T20:15:05.925+0000] {local_task_job_runner.py:228} INFO - Task exited with return code 0
[2024-08-12T20:15:05.934+0000] {taskinstance.py:2776} INFO - 0 downstream tasks scheduled from follow-on schedule check
[2024-08-12T20:16:07.221+0000] {taskinstance.py:1157} INFO - Dependencies all met for dep_context=non-requeueable deps ti=<TaskInstance: monthly_monitor.wait_for_data manual__2024-08-12T20:09:10.250524+00:00 [queued]>
[2024-08-12T20:16:07.225+0000] {taskinstance.py:1157} INFO - Dependencies all met for dep_context=requeueable deps ti=<TaskInstance: monthly_monitor.wait_for_data manual__2024-08-12T20:09:10.250524+00:00 [queued]>
[2024-08-12T20:16:07.225+0000] {taskinstance.py:1359} INFO - Starting attempt 1 of 1
[2024-08-12T20:16:07.230+0000] {taskinstance.py:1380} INFO - Executing <Task(ExternalTaskSensor): wait_for_data> on 2024-08-12 20:09:10.250524+00:00
[2024-08-12T20:16:07.234+0000] {standard_task_runner.py:57} INFO - Started process 14209 to run task
[2024-08-12T20:16:07.236+0000] {standard_task_runner.py:84} INFO - Running: ['***', 'tasks', 'run', 'monthly_monitor', 'wait_for_data', 'manual__2024-08-12T20:09:10.250524+00:00', '--job-id', '967', '--raw', '--subdir', 'DAGS_FOLDER/monitor.py', '--cfg-path', '/tmp/tmpaasnx5th']
[2024-08-12T20:16:07.238+0000] {standard_task_runner.py:85} INFO - Job 967: Subtask wait_for_data
[2024-08-12T20:16:07.261+0000] {task_command.py:415} INFO - Running <TaskInstance: monthly_monitor.wait_for_data manual__2024-08-12T20:09:10.250524+00:00 [running]> on host a9166c5dc5ae
[2024-08-12T20:16:07.297+0000] {taskinstance.py:1660} INFO - Exporting env vars: AIRFLOW_CTX_DAG_OWNER='***' AIRFLOW_CTX_DAG_ID='monthly_monitor' AIRFLOW_CTX_TASK_ID='wait_for_data' AIRFLOW_CTX_EXECUTION_DATE='2024-08-12T20:09:10.250524+00:00' AIRFLOW_CTX_TRY_NUMBER='1' AIRFLOW_CTX_DAG_RUN_ID='manual__2024-08-12T20:09:10.250524+00:00'
[2024-08-12T20:16:07.302+0000] {external_task.py:244} INFO - Poking for tasks ['predict_and_save'] in dag monthly_prediction on 2024-08-12T20:09:10.250524+00:00 ... 
[2024-08-12T20:16:07.315+0000] {taskinstance.py:1895} INFO - Rescheduling task, marking task as UP_FOR_RESCHEDULE
[2024-08-12T20:16:07.334+0000] {local_task_job_runner.py:228} INFO - Task exited with return code 0
[2024-08-12T20:16:07.342+0000] {taskinstance.py:2776} INFO - 0 downstream tasks scheduled from follow-on schedule check
[2024-08-12T20:17:09.038+0000] {taskinstance.py:1157} INFO - Dependencies all met for dep_context=non-requeueable deps ti=<TaskInstance: monthly_monitor.wait_for_data manual__2024-08-12T20:09:10.250524+00:00 [queued]>
[2024-08-12T20:17:09.042+0000] {taskinstance.py:1157} INFO - Dependencies all met for dep_context=requeueable deps ti=<TaskInstance: monthly_monitor.wait_for_data manual__2024-08-12T20:09:10.250524+00:00 [queued]>
[2024-08-12T20:17:09.042+0000] {taskinstance.py:1359} INFO - Starting attempt 1 of 1
[2024-08-12T20:17:09.046+0000] {taskinstance.py:1380} INFO - Executing <Task(ExternalTaskSensor): wait_for_data> on 2024-08-12 20:09:10.250524+00:00
[2024-08-12T20:17:09.051+0000] {standard_task_runner.py:57} INFO - Started process 14380 to run task
[2024-08-12T20:17:09.053+0000] {standard_task_runner.py:84} INFO - Running: ['***', 'tasks', 'run', 'monthly_monitor', 'wait_for_data', 'manual__2024-08-12T20:09:10.250524+00:00', '--job-id', '975', '--raw', '--subdir', 'DAGS_FOLDER/monitor.py', '--cfg-path', '/tmp/tmpu5nukn81']
[2024-08-12T20:17:09.055+0000] {standard_task_runner.py:85} INFO - Job 975: Subtask wait_for_data
[2024-08-12T20:17:09.076+0000] {task_command.py:415} INFO - Running <TaskInstance: monthly_monitor.wait_for_data manual__2024-08-12T20:09:10.250524+00:00 [running]> on host a9166c5dc5ae
[2024-08-12T20:17:09.112+0000] {taskinstance.py:1660} INFO - Exporting env vars: AIRFLOW_CTX_DAG_OWNER='***' AIRFLOW_CTX_DAG_ID='monthly_monitor' AIRFLOW_CTX_TASK_ID='wait_for_data' AIRFLOW_CTX_EXECUTION_DATE='2024-08-12T20:09:10.250524+00:00' AIRFLOW_CTX_TRY_NUMBER='1' AIRFLOW_CTX_DAG_RUN_ID='manual__2024-08-12T20:09:10.250524+00:00'
[2024-08-12T20:17:09.117+0000] {external_task.py:244} INFO - Poking for tasks ['predict_and_save'] in dag monthly_prediction on 2024-08-12T20:09:10.250524+00:00 ... 
[2024-08-12T20:17:09.130+0000] {taskinstance.py:1895} INFO - Rescheduling task, marking task as UP_FOR_RESCHEDULE
[2024-08-12T20:17:09.149+0000] {local_task_job_runner.py:228} INFO - Task exited with return code 0
[2024-08-12T20:17:09.158+0000] {taskinstance.py:2776} INFO - 0 downstream tasks scheduled from follow-on schedule check
[2024-08-12T20:18:10.498+0000] {taskinstance.py:1157} INFO - Dependencies all met for dep_context=non-requeueable deps ti=<TaskInstance: monthly_monitor.wait_for_data manual__2024-08-12T20:09:10.250524+00:00 [queued]>
[2024-08-12T20:18:10.502+0000] {taskinstance.py:1157} INFO - Dependencies all met for dep_context=requeueable deps ti=<TaskInstance: monthly_monitor.wait_for_data manual__2024-08-12T20:09:10.250524+00:00 [queued]>
[2024-08-12T20:18:10.502+0000] {taskinstance.py:1359} INFO - Starting attempt 1 of 1
[2024-08-12T20:18:10.507+0000] {taskinstance.py:1380} INFO - Executing <Task(ExternalTaskSensor): wait_for_data> on 2024-08-12 20:09:10.250524+00:00
[2024-08-12T20:18:10.511+0000] {standard_task_runner.py:57} INFO - Started process 14552 to run task
[2024-08-12T20:18:10.513+0000] {standard_task_runner.py:84} INFO - Running: ['***', 'tasks', 'run', 'monthly_monitor', 'wait_for_data', 'manual__2024-08-12T20:09:10.250524+00:00', '--job-id', '983', '--raw', '--subdir', 'DAGS_FOLDER/monitor.py', '--cfg-path', '/tmp/tmprj387tk8']
[2024-08-12T20:18:10.515+0000] {standard_task_runner.py:85} INFO - Job 983: Subtask wait_for_data
[2024-08-12T20:18:10.537+0000] {task_command.py:415} INFO - Running <TaskInstance: monthly_monitor.wait_for_data manual__2024-08-12T20:09:10.250524+00:00 [running]> on host a9166c5dc5ae
[2024-08-12T20:18:10.572+0000] {taskinstance.py:1660} INFO - Exporting env vars: AIRFLOW_CTX_DAG_OWNER='***' AIRFLOW_CTX_DAG_ID='monthly_monitor' AIRFLOW_CTX_TASK_ID='wait_for_data' AIRFLOW_CTX_EXECUTION_DATE='2024-08-12T20:09:10.250524+00:00' AIRFLOW_CTX_TRY_NUMBER='1' AIRFLOW_CTX_DAG_RUN_ID='manual__2024-08-12T20:09:10.250524+00:00'
[2024-08-12T20:18:10.577+0000] {external_task.py:244} INFO - Poking for tasks ['predict_and_save'] in dag monthly_prediction on 2024-08-12T20:09:10.250524+00:00 ... 
[2024-08-12T20:18:10.591+0000] {taskinstance.py:1895} INFO - Rescheduling task, marking task as UP_FOR_RESCHEDULE
[2024-08-12T20:18:10.615+0000] {local_task_job_runner.py:228} INFO - Task exited with return code 0
[2024-08-12T20:18:10.623+0000] {taskinstance.py:2776} INFO - 0 downstream tasks scheduled from follow-on schedule check
[2024-08-12T20:19:11.911+0000] {taskinstance.py:1157} INFO - Dependencies all met for dep_context=non-requeueable deps ti=<TaskInstance: monthly_monitor.wait_for_data manual__2024-08-12T20:09:10.250524+00:00 [queued]>
[2024-08-12T20:19:11.916+0000] {taskinstance.py:1157} INFO - Dependencies all met for dep_context=requeueable deps ti=<TaskInstance: monthly_monitor.wait_for_data manual__2024-08-12T20:09:10.250524+00:00 [queued]>
[2024-08-12T20:19:11.916+0000] {taskinstance.py:1359} INFO - Starting attempt 1 of 1
[2024-08-12T20:19:11.921+0000] {taskinstance.py:1380} INFO - Executing <Task(ExternalTaskSensor): wait_for_data> on 2024-08-12 20:09:10.250524+00:00
[2024-08-12T20:19:11.925+0000] {standard_task_runner.py:57} INFO - Started process 14724 to run task
[2024-08-12T20:19:11.927+0000] {standard_task_runner.py:84} INFO - Running: ['***', 'tasks', 'run', 'monthly_monitor', 'wait_for_data', 'manual__2024-08-12T20:09:10.250524+00:00', '--job-id', '991', '--raw', '--subdir', 'DAGS_FOLDER/monitor.py', '--cfg-path', '/tmp/tmp3wnvta7d']
[2024-08-12T20:19:11.928+0000] {standard_task_runner.py:85} INFO - Job 991: Subtask wait_for_data
[2024-08-12T20:19:11.950+0000] {task_command.py:415} INFO - Running <TaskInstance: monthly_monitor.wait_for_data manual__2024-08-12T20:09:10.250524+00:00 [running]> on host a9166c5dc5ae
[2024-08-12T20:19:11.985+0000] {taskinstance.py:1660} INFO - Exporting env vars: AIRFLOW_CTX_DAG_OWNER='***' AIRFLOW_CTX_DAG_ID='monthly_monitor' AIRFLOW_CTX_TASK_ID='wait_for_data' AIRFLOW_CTX_EXECUTION_DATE='2024-08-12T20:09:10.250524+00:00' AIRFLOW_CTX_TRY_NUMBER='1' AIRFLOW_CTX_DAG_RUN_ID='manual__2024-08-12T20:09:10.250524+00:00'
[2024-08-12T20:19:11.991+0000] {external_task.py:244} INFO - Poking for tasks ['predict_and_save'] in dag monthly_prediction on 2024-08-12T20:09:10.250524+00:00 ... 
[2024-08-12T20:19:12.004+0000] {taskinstance.py:1895} INFO - Rescheduling task, marking task as UP_FOR_RESCHEDULE
[2024-08-12T20:19:12.027+0000] {local_task_job_runner.py:228} INFO - Task exited with return code 0
[2024-08-12T20:19:12.036+0000] {taskinstance.py:2776} INFO - 0 downstream tasks scheduled from follow-on schedule check
[2024-08-12T20:20:13.770+0000] {taskinstance.py:1157} INFO - Dependencies all met for dep_context=non-requeueable deps ti=<TaskInstance: monthly_monitor.wait_for_data manual__2024-08-12T20:09:10.250524+00:00 [queued]>
[2024-08-12T20:20:13.775+0000] {taskinstance.py:1157} INFO - Dependencies all met for dep_context=requeueable deps ti=<TaskInstance: monthly_monitor.wait_for_data manual__2024-08-12T20:09:10.250524+00:00 [queued]>
[2024-08-12T20:20:13.775+0000] {taskinstance.py:1359} INFO - Starting attempt 1 of 1
[2024-08-12T20:20:13.781+0000] {taskinstance.py:1380} INFO - Executing <Task(ExternalTaskSensor): wait_for_data> on 2024-08-12 20:09:10.250524+00:00
[2024-08-12T20:20:13.789+0000] {standard_task_runner.py:57} INFO - Started process 14824 to run task
[2024-08-12T20:20:13.792+0000] {standard_task_runner.py:84} INFO - Running: ['***', 'tasks', 'run', 'monthly_monitor', 'wait_for_data', 'manual__2024-08-12T20:09:10.250524+00:00', '--job-id', '992', '--raw', '--subdir', 'DAGS_FOLDER/monitor.py', '--cfg-path', '/tmp/tmpd516bc71']
[2024-08-12T20:20:13.796+0000] {standard_task_runner.py:85} INFO - Job 992: Subtask wait_for_data
[2024-08-12T20:20:13.831+0000] {task_command.py:415} INFO - Running <TaskInstance: monthly_monitor.wait_for_data manual__2024-08-12T20:09:10.250524+00:00 [running]> on host a9166c5dc5ae
[2024-08-12T20:20:13.876+0000] {taskinstance.py:1660} INFO - Exporting env vars: AIRFLOW_CTX_DAG_OWNER='***' AIRFLOW_CTX_DAG_ID='monthly_monitor' AIRFLOW_CTX_TASK_ID='wait_for_data' AIRFLOW_CTX_EXECUTION_DATE='2024-08-12T20:09:10.250524+00:00' AIRFLOW_CTX_TRY_NUMBER='1' AIRFLOW_CTX_DAG_RUN_ID='manual__2024-08-12T20:09:10.250524+00:00'
[2024-08-12T20:20:13.881+0000] {external_task.py:244} INFO - Poking for tasks ['predict_and_save'] in dag monthly_prediction on 2024-08-12T20:09:10.250524+00:00 ... 
[2024-08-12T20:20:13.888+0000] {taskinstance.py:1935} ERROR - Task failed with exception
Traceback (most recent call last):
  File "/home/airflow/.local/lib/python3.8/site-packages/airflow/sensors/external_task.py", line 334, in execute
    super().execute(context)
  File "/home/airflow/.local/lib/python3.8/site-packages/airflow/sensors/base.py", line 274, in execute
    raise AirflowSensorTimeout(message)
airflow.exceptions.AirflowSensorTimeout: Sensor has timed out; run duration of 623.313174 seconds exceeds the specified timeout of 600.0.
[2024-08-12T20:20:13.893+0000] {taskinstance.py:1398} INFO - Immediate failure requested. Marking task as FAILED. dag_id=monthly_monitor, task_id=wait_for_data, execution_date=20240812T200910, start_date=20240812T202013, end_date=20240812T202013
[2024-08-12T20:20:13.898+0000] {standard_task_runner.py:104} ERROR - Failed to execute job 992 for task wait_for_data (Sensor has timed out; run duration of 623.313174 seconds exceeds the specified timeout of 600.0.; 14824)
[2024-08-12T20:20:13.931+0000] {local_task_job_runner.py:228} INFO - Task exited with return code 1
[2024-08-12T20:20:13.940+0000] {taskinstance.py:2776} INFO - 0 downstream tasks scheduled from follow-on schedule check
