[2024-08-12T17:40:16.861+0000] {taskinstance.py:1157} INFO - Dependencies all met for dep_context=non-requeueable deps ti=<TaskInstance: monthly_prediction.predict_and_save manual__2024-08-12T17:40:13.699465+00:00 [queued]>
[2024-08-12T17:40:16.864+0000] {taskinstance.py:1157} INFO - Dependencies all met for dep_context=requeueable deps ti=<TaskInstance: monthly_prediction.predict_and_save manual__2024-08-12T17:40:13.699465+00:00 [queued]>
[2024-08-12T17:40:16.865+0000] {taskinstance.py:1359} INFO - Starting attempt 1 of 1
[2024-08-12T17:40:16.869+0000] {taskinstance.py:1380} INFO - Executing <Task(_PythonDecoratedOperator): predict_and_save> on 2024-08-12 17:40:13.699465+00:00
[2024-08-12T17:40:16.873+0000] {standard_task_runner.py:57} INFO - Started process 5374 to run task
[2024-08-12T17:40:16.875+0000] {standard_task_runner.py:84} INFO - Running: ['***', 'tasks', 'run', 'monthly_prediction', 'predict_and_save', 'manual__2024-08-12T17:40:13.699465+00:00', '--job-id', '197', '--raw', '--subdir', 'DAGS_FOLDER/monthly_prediction.py', '--cfg-path', '/tmp/tmpz41f_9ea']
[2024-08-12T17:40:16.876+0000] {standard_task_runner.py:85} INFO - Job 197: Subtask predict_and_save
[2024-08-12T17:40:16.900+0000] {task_command.py:415} INFO - Running <TaskInstance: monthly_prediction.predict_and_save manual__2024-08-12T17:40:13.699465+00:00 [running]> on host a9166c5dc5ae
[2024-08-12T17:40:17.066+0000] {taskinstance.py:1660} INFO - Exporting env vars: AIRFLOW_CTX_DAG_OWNER='***' AIRFLOW_CTX_DAG_ID='monthly_prediction' AIRFLOW_CTX_TASK_ID='predict_and_save' AIRFLOW_CTX_EXECUTION_DATE='2024-08-12T17:40:13.699465+00:00' AIRFLOW_CTX_TRY_NUMBER='1' AIRFLOW_CTX_DAG_RUN_ID='manual__2024-08-12T17:40:13.699465+00:00'
[2024-08-12T17:40:17.117+0000] {logging_mixin.py:151} INFO - [<ModelVersion: aliases=[], creation_timestamp=1723484397049, current_stage='None', description='', last_updated_timestamp=1723484397049, name='RandomForestClassifier', run_id='24df18fe78344cedac31ecd5ee99d839', run_link='', source='gs://mlflow-artifacts-bt/1/24df18fe78344cedac31ecd5ee99d839/artifacts/models', status='READY', status_message='', tags={}, user_id='', version='2'>, <ModelVersion: aliases=[], creation_timestamp=1723483634222, current_stage='None', description='', last_updated_timestamp=1723483634222, name='RandomForestClassifier', run_id='562e66a99b734853943c65acca218544', run_link='', source='gs://mlflow-artifacts-bt/1/562e66a99b734853943c65acca218544/artifacts/models', status='READY', status_message='', tags={}, user_id='', version='1'>]
[2024-08-12T17:40:17.117+0000] {logging_mixin.py:151} INFO - gs://mlflow-artifacts-bt/1/562e66a99b734853943c65acca218544/artifacts/models
[2024-08-12T17:40:17.627+0000] {logging_mixin.py:151} WARNING - Downloading artifacts:   0%|          | 0/9 [00:00<?, ?it/s]
[2024-08-12T17:40:17.627+0000] {logging_mixin.py:151} WARNING - Downloading artifacts:  11%|#1        | 1/9 [00:00<00:00, 17331.83it/s]
[2024-08-12T17:40:17.627+0000] {logging_mixin.py:151} WARNING - Downloading artifacts:  22%|##2       | 2/9 [00:00<00:00, 6331.02it/s] 
[2024-08-12T17:40:17.668+0000] {logging_mixin.py:151} WARNING - Downloading artifacts:  33%|###3      | 3/9 [00:00<00:00, 73.43it/s]  
[2024-08-12T17:40:17.678+0000] {logging_mixin.py:151} WARNING - Downloading artifacts:  44%|####4     | 4/9 [00:00<00:00, 79.22it/s]
[2024-08-12T17:40:17.683+0000] {logging_mixin.py:151} WARNING - Downloading artifacts:  56%|#####5    | 5/9 [00:00<00:00, 90.12it/s]
[2024-08-12T17:40:17.726+0000] {logging_mixin.py:151} WARNING - Downloading artifacts:  67%|######6   | 6/9 [00:00<00:00, 61.07it/s]
[2024-08-12T17:40:17.748+0000] {logging_mixin.py:151} WARNING - Downloading artifacts:  78%|#######7  | 7/9 [00:00<00:00, 57.97it/s]
[2024-08-12T17:40:17.749+0000] {logging_mixin.py:151} WARNING - Downloading artifacts:  78%|#######7  | 7/9 [00:00<00:00, 57.97it/s]
[2024-08-12T17:40:17.758+0000] {logging_mixin.py:151} WARNING - Downloading artifacts:  89%|########8 | 8/9 [00:00<00:00, 57.97it/s]
[2024-08-12T17:40:18.668+0000] {logging_mixin.py:151} WARNING - Downloading artifacts: 100%|##########| 9/9 [00:01<00:00, 57.97it/s]
[2024-08-12T17:40:18.669+0000] {logging_mixin.py:151} WARNING - Downloading artifacts: 100%|##########| 9/9 [00:01<00:00,  8.64it/s]
[2024-08-12T17:40:18.829+0000] {logging_mixin.py:151} INFO - RandomForestClassifier version 1 loaded
[2024-08-12T17:40:19.255+0000] {python.py:194} INFO - Done. Returned value was: None
[2024-08-12T17:40:19.273+0000] {taskinstance.py:1398} INFO - Marking task as SUCCESS. dag_id=monthly_prediction, task_id=predict_and_save, execution_date=20240812T174013, start_date=20240812T174016, end_date=20240812T174019
[2024-08-12T17:40:19.309+0000] {local_task_job_runner.py:228} INFO - Task exited with return code 0
[2024-08-12T17:40:19.319+0000] {taskinstance.py:2776} INFO - 0 downstream tasks scheduled from follow-on schedule check
