[2024-08-12T19:56:10.131+0000] {taskinstance.py:1157} INFO - Dependencies all met for dep_context=non-requeueable deps ti=<TaskInstance: monthly_prediction.wait_for_retrain manual__2024-08-12T19:56:07.579197+00:00 [queued]>
[2024-08-12T19:56:10.136+0000] {taskinstance.py:1157} INFO - Dependencies all met for dep_context=requeueable deps ti=<TaskInstance: monthly_prediction.wait_for_retrain manual__2024-08-12T19:56:07.579197+00:00 [queued]>
[2024-08-12T19:56:10.137+0000] {taskinstance.py:1359} INFO - Starting attempt 1 of 1
[2024-08-12T19:56:10.146+0000] {taskinstance.py:1380} INFO - Executing <Task(ExternalTaskSensor): wait_for_retrain> on 2024-08-12 19:56:07.579197+00:00
[2024-08-12T19:56:10.154+0000] {standard_task_runner.py:57} INFO - Started process 10514 to run task
[2024-08-12T19:56:10.157+0000] {standard_task_runner.py:84} INFO - Running: ['***', 'tasks', 'run', 'monthly_prediction', 'wait_for_retrain', 'manual__2024-08-12T19:56:07.579197+00:00', '--job-id', '784', '--raw', '--subdir', 'DAGS_FOLDER/monthly_prediction.py', '--cfg-path', '/tmp/tmppxrkevjr']
[2024-08-12T19:56:10.160+0000] {standard_task_runner.py:85} INFO - Job 784: Subtask wait_for_retrain
[2024-08-12T19:56:10.447+0000] {task_command.py:415} INFO - Running <TaskInstance: monthly_prediction.wait_for_retrain manual__2024-08-12T19:56:07.579197+00:00 [running]> on host a9166c5dc5ae
[2024-08-12T19:56:10.510+0000] {taskinstance.py:1660} INFO - Exporting env vars: AIRFLOW_CTX_DAG_OWNER='***' AIRFLOW_CTX_DAG_ID='monthly_prediction' AIRFLOW_CTX_TASK_ID='wait_for_retrain' AIRFLOW_CTX_EXECUTION_DATE='2024-08-12T19:56:07.579197+00:00' AIRFLOW_CTX_TRY_NUMBER='1' AIRFLOW_CTX_DAG_RUN_ID='manual__2024-08-12T19:56:07.579197+00:00'
[2024-08-12T19:56:10.518+0000] {external_task.py:244} INFO - Poking for tasks ['optimize_and_register_best_classifier'] in dag quarterly_retrain on 2024-07-31T19:56:07.579197+00:00 ... 
[2024-08-12T19:56:10.542+0000] {taskinstance.py:1895} INFO - Rescheduling task, marking task as UP_FOR_RESCHEDULE
[2024-08-12T19:56:10.555+0000] {local_task_job_runner.py:228} INFO - Task exited with return code 0
[2024-08-12T19:56:10.573+0000] {taskinstance.py:2776} INFO - 0 downstream tasks scheduled from follow-on schedule check
[2024-08-12T19:57:12.729+0000] {taskinstance.py:1157} INFO - Dependencies all met for dep_context=non-requeueable deps ti=<TaskInstance: monthly_prediction.wait_for_retrain manual__2024-08-12T19:56:07.579197+00:00 [queued]>
[2024-08-12T19:57:12.734+0000] {taskinstance.py:1157} INFO - Dependencies all met for dep_context=requeueable deps ti=<TaskInstance: monthly_prediction.wait_for_retrain manual__2024-08-12T19:56:07.579197+00:00 [queued]>
[2024-08-12T19:57:12.735+0000] {taskinstance.py:1359} INFO - Starting attempt 1 of 1
[2024-08-12T19:57:12.742+0000] {taskinstance.py:1380} INFO - Executing <Task(ExternalTaskSensor): wait_for_retrain> on 2024-08-12 19:56:07.579197+00:00
[2024-08-12T19:57:12.748+0000] {standard_task_runner.py:57} INFO - Started process 10819 to run task
[2024-08-12T19:57:12.750+0000] {standard_task_runner.py:84} INFO - Running: ['***', 'tasks', 'run', 'monthly_prediction', 'wait_for_retrain', 'manual__2024-08-12T19:56:07.579197+00:00', '--job-id', '804', '--raw', '--subdir', 'DAGS_FOLDER/monthly_prediction.py', '--cfg-path', '/tmp/tmp9r_xgtem']
[2024-08-12T19:57:12.752+0000] {standard_task_runner.py:85} INFO - Job 804: Subtask wait_for_retrain
[2024-08-12T19:57:12.924+0000] {task_command.py:415} INFO - Running <TaskInstance: monthly_prediction.wait_for_retrain manual__2024-08-12T19:56:07.579197+00:00 [running]> on host a9166c5dc5ae
[2024-08-12T19:57:12.969+0000] {taskinstance.py:1660} INFO - Exporting env vars: AIRFLOW_CTX_DAG_OWNER='***' AIRFLOW_CTX_DAG_ID='monthly_prediction' AIRFLOW_CTX_TASK_ID='wait_for_retrain' AIRFLOW_CTX_EXECUTION_DATE='2024-08-12T19:56:07.579197+00:00' AIRFLOW_CTX_TRY_NUMBER='1' AIRFLOW_CTX_DAG_RUN_ID='manual__2024-08-12T19:56:07.579197+00:00'
[2024-08-12T19:57:12.976+0000] {external_task.py:244} INFO - Poking for tasks ['optimize_and_register_best_classifier'] in dag quarterly_retrain on 2024-07-31T19:56:07.579197+00:00 ... 
[2024-08-12T19:57:12.997+0000] {taskinstance.py:1895} INFO - Rescheduling task, marking task as UP_FOR_RESCHEDULE
[2024-08-12T19:57:13.030+0000] {local_task_job_runner.py:228} INFO - Task exited with return code 0
[2024-08-12T19:57:13.043+0000] {taskinstance.py:2776} INFO - 0 downstream tasks scheduled from follow-on schedule check
[2024-08-12T19:58:14.818+0000] {taskinstance.py:1157} INFO - Dependencies all met for dep_context=non-requeueable deps ti=<TaskInstance: monthly_prediction.wait_for_retrain manual__2024-08-12T19:56:07.579197+00:00 [queued]>
[2024-08-12T19:58:14.822+0000] {taskinstance.py:1157} INFO - Dependencies all met for dep_context=requeueable deps ti=<TaskInstance: monthly_prediction.wait_for_retrain manual__2024-08-12T19:56:07.579197+00:00 [queued]>
[2024-08-12T19:58:14.823+0000] {taskinstance.py:1359} INFO - Starting attempt 1 of 1
[2024-08-12T19:58:14.829+0000] {taskinstance.py:1380} INFO - Executing <Task(ExternalTaskSensor): wait_for_retrain> on 2024-08-12 19:56:07.579197+00:00
[2024-08-12T19:58:14.835+0000] {standard_task_runner.py:57} INFO - Started process 11041 to run task
[2024-08-12T19:58:14.837+0000] {standard_task_runner.py:84} INFO - Running: ['***', 'tasks', 'run', 'monthly_prediction', 'wait_for_retrain', 'manual__2024-08-12T19:56:07.579197+00:00', '--job-id', '817', '--raw', '--subdir', 'DAGS_FOLDER/monthly_prediction.py', '--cfg-path', '/tmp/tmp2wojhbjh']
[2024-08-12T19:58:14.839+0000] {standard_task_runner.py:85} INFO - Job 817: Subtask wait_for_retrain
[2024-08-12T19:58:14.869+0000] {task_command.py:415} INFO - Running <TaskInstance: monthly_prediction.wait_for_retrain manual__2024-08-12T19:56:07.579197+00:00 [running]> on host a9166c5dc5ae
[2024-08-12T19:58:15.040+0000] {taskinstance.py:1660} INFO - Exporting env vars: AIRFLOW_CTX_DAG_OWNER='***' AIRFLOW_CTX_DAG_ID='monthly_prediction' AIRFLOW_CTX_TASK_ID='wait_for_retrain' AIRFLOW_CTX_EXECUTION_DATE='2024-08-12T19:56:07.579197+00:00' AIRFLOW_CTX_TRY_NUMBER='1' AIRFLOW_CTX_DAG_RUN_ID='manual__2024-08-12T19:56:07.579197+00:00'
[2024-08-12T19:58:15.046+0000] {external_task.py:244} INFO - Poking for tasks ['optimize_and_register_best_classifier'] in dag quarterly_retrain on 2024-07-31T19:56:07.579197+00:00 ... 
[2024-08-12T19:58:15.064+0000] {taskinstance.py:1895} INFO - Rescheduling task, marking task as UP_FOR_RESCHEDULE
[2024-08-12T19:58:15.075+0000] {local_task_job_runner.py:228} INFO - Task exited with return code 0
[2024-08-12T19:58:15.087+0000] {taskinstance.py:2776} INFO - 0 downstream tasks scheduled from follow-on schedule check
[2024-08-12T19:59:17.407+0000] {taskinstance.py:1157} INFO - Dependencies all met for dep_context=non-requeueable deps ti=<TaskInstance: monthly_prediction.wait_for_retrain manual__2024-08-12T19:56:07.579197+00:00 [queued]>
[2024-08-12T19:59:17.414+0000] {taskinstance.py:1157} INFO - Dependencies all met for dep_context=requeueable deps ti=<TaskInstance: monthly_prediction.wait_for_retrain manual__2024-08-12T19:56:07.579197+00:00 [queued]>
[2024-08-12T19:59:17.415+0000] {taskinstance.py:1359} INFO - Starting attempt 1 of 1
[2024-08-12T19:59:17.424+0000] {taskinstance.py:1380} INFO - Executing <Task(ExternalTaskSensor): wait_for_retrain> on 2024-08-12 19:56:07.579197+00:00
[2024-08-12T19:59:17.432+0000] {standard_task_runner.py:57} INFO - Started process 11192 to run task
[2024-08-12T19:59:17.436+0000] {standard_task_runner.py:84} INFO - Running: ['***', 'tasks', 'run', 'monthly_prediction', 'wait_for_retrain', 'manual__2024-08-12T19:56:07.579197+00:00', '--job-id', '824', '--raw', '--subdir', 'DAGS_FOLDER/monthly_prediction.py', '--cfg-path', '/tmp/tmpph6rce8x']
[2024-08-12T19:59:17.439+0000] {standard_task_runner.py:85} INFO - Job 824: Subtask wait_for_retrain
[2024-08-12T19:59:17.752+0000] {task_command.py:415} INFO - Running <TaskInstance: monthly_prediction.wait_for_retrain manual__2024-08-12T19:56:07.579197+00:00 [running]> on host a9166c5dc5ae
[2024-08-12T19:59:17.816+0000] {taskinstance.py:1660} INFO - Exporting env vars: AIRFLOW_CTX_DAG_OWNER='***' AIRFLOW_CTX_DAG_ID='monthly_prediction' AIRFLOW_CTX_TASK_ID='wait_for_retrain' AIRFLOW_CTX_EXECUTION_DATE='2024-08-12T19:56:07.579197+00:00' AIRFLOW_CTX_TRY_NUMBER='1' AIRFLOW_CTX_DAG_RUN_ID='manual__2024-08-12T19:56:07.579197+00:00'
[2024-08-12T19:59:17.827+0000] {external_task.py:244} INFO - Poking for tasks ['optimize_and_register_best_classifier'] in dag quarterly_retrain on 2024-07-31T19:56:07.579197+00:00 ... 
[2024-08-12T19:59:17.853+0000] {taskinstance.py:1895} INFO - Rescheduling task, marking task as UP_FOR_RESCHEDULE
[2024-08-12T19:59:17.876+0000] {local_task_job_runner.py:228} INFO - Task exited with return code 0
[2024-08-12T19:59:17.896+0000] {taskinstance.py:2776} INFO - 0 downstream tasks scheduled from follow-on schedule check
[2024-08-12T20:00:20.960+0000] {taskinstance.py:1157} INFO - Dependencies all met for dep_context=non-requeueable deps ti=<TaskInstance: monthly_prediction.wait_for_retrain manual__2024-08-12T19:56:07.579197+00:00 [queued]>
[2024-08-12T20:00:20.967+0000] {taskinstance.py:1157} INFO - Dependencies all met for dep_context=requeueable deps ti=<TaskInstance: monthly_prediction.wait_for_retrain manual__2024-08-12T19:56:07.579197+00:00 [queued]>
[2024-08-12T20:00:20.967+0000] {taskinstance.py:1359} INFO - Starting attempt 1 of 1
[2024-08-12T20:00:20.977+0000] {taskinstance.py:1380} INFO - Executing <Task(ExternalTaskSensor): wait_for_retrain> on 2024-08-12 19:56:07.579197+00:00
[2024-08-12T20:00:20.984+0000] {standard_task_runner.py:57} INFO - Started process 11351 to run task
[2024-08-12T20:00:20.987+0000] {standard_task_runner.py:84} INFO - Running: ['***', 'tasks', 'run', 'monthly_prediction', 'wait_for_retrain', 'manual__2024-08-12T19:56:07.579197+00:00', '--job-id', '831', '--raw', '--subdir', 'DAGS_FOLDER/monthly_prediction.py', '--cfg-path', '/tmp/tmpo_qmh9zi']
[2024-08-12T20:00:20.994+0000] {standard_task_runner.py:85} INFO - Job 831: Subtask wait_for_retrain
[2024-08-12T20:00:21.055+0000] {task_command.py:415} INFO - Running <TaskInstance: monthly_prediction.wait_for_retrain manual__2024-08-12T19:56:07.579197+00:00 [running]> on host a9166c5dc5ae
[2024-08-12T20:00:21.324+0000] {taskinstance.py:1660} INFO - Exporting env vars: AIRFLOW_CTX_DAG_OWNER='***' AIRFLOW_CTX_DAG_ID='monthly_prediction' AIRFLOW_CTX_TASK_ID='wait_for_retrain' AIRFLOW_CTX_EXECUTION_DATE='2024-08-12T19:56:07.579197+00:00' AIRFLOW_CTX_TRY_NUMBER='1' AIRFLOW_CTX_DAG_RUN_ID='manual__2024-08-12T19:56:07.579197+00:00'
[2024-08-12T20:00:21.331+0000] {external_task.py:244} INFO - Poking for tasks ['optimize_and_register_best_classifier'] in dag quarterly_retrain on 2024-07-31T19:56:07.579197+00:00 ... 
[2024-08-12T20:00:21.352+0000] {taskinstance.py:1895} INFO - Rescheduling task, marking task as UP_FOR_RESCHEDULE
[2024-08-12T20:00:21.395+0000] {local_task_job_runner.py:228} INFO - Task exited with return code 0
[2024-08-12T20:00:21.417+0000] {taskinstance.py:2776} INFO - 0 downstream tasks scheduled from follow-on schedule check
[2024-08-12T20:01:23.704+0000] {taskinstance.py:1157} INFO - Dependencies all met for dep_context=non-requeueable deps ti=<TaskInstance: monthly_prediction.wait_for_retrain manual__2024-08-12T19:56:07.579197+00:00 [queued]>
[2024-08-12T20:01:23.711+0000] {taskinstance.py:1157} INFO - Dependencies all met for dep_context=requeueable deps ti=<TaskInstance: monthly_prediction.wait_for_retrain manual__2024-08-12T19:56:07.579197+00:00 [queued]>
[2024-08-12T20:01:23.711+0000] {taskinstance.py:1359} INFO - Starting attempt 1 of 1
[2024-08-12T20:01:23.719+0000] {taskinstance.py:1380} INFO - Executing <Task(ExternalTaskSensor): wait_for_retrain> on 2024-08-12 19:56:07.579197+00:00
[2024-08-12T20:01:23.727+0000] {standard_task_runner.py:57} INFO - Started process 11493 to run task
[2024-08-12T20:01:23.732+0000] {standard_task_runner.py:84} INFO - Running: ['***', 'tasks', 'run', 'monthly_prediction', 'wait_for_retrain', 'manual__2024-08-12T19:56:07.579197+00:00', '--job-id', '836', '--raw', '--subdir', 'DAGS_FOLDER/monthly_prediction.py', '--cfg-path', '/tmp/tmpcrfeukto']
[2024-08-12T20:01:23.735+0000] {standard_task_runner.py:85} INFO - Job 836: Subtask wait_for_retrain
[2024-08-12T20:01:24.053+0000] {task_command.py:415} INFO - Running <TaskInstance: monthly_prediction.wait_for_retrain manual__2024-08-12T19:56:07.579197+00:00 [running]> on host a9166c5dc5ae
[2024-08-12T20:01:24.100+0000] {taskinstance.py:1660} INFO - Exporting env vars: AIRFLOW_CTX_DAG_OWNER='***' AIRFLOW_CTX_DAG_ID='monthly_prediction' AIRFLOW_CTX_TASK_ID='wait_for_retrain' AIRFLOW_CTX_EXECUTION_DATE='2024-08-12T19:56:07.579197+00:00' AIRFLOW_CTX_TRY_NUMBER='1' AIRFLOW_CTX_DAG_RUN_ID='manual__2024-08-12T19:56:07.579197+00:00'
[2024-08-12T20:01:24.112+0000] {external_task.py:244} INFO - Poking for tasks ['optimize_and_register_best_classifier'] in dag quarterly_retrain on 2024-07-31T19:56:07.579197+00:00 ... 
[2024-08-12T20:01:24.130+0000] {taskinstance.py:1895} INFO - Rescheduling task, marking task as UP_FOR_RESCHEDULE
[2024-08-12T20:01:24.160+0000] {local_task_job_runner.py:228} INFO - Task exited with return code 0
[2024-08-12T20:01:24.173+0000] {taskinstance.py:2776} INFO - 0 downstream tasks scheduled from follow-on schedule check
[2024-08-12T20:02:26.112+0000] {taskinstance.py:1157} INFO - Dependencies all met for dep_context=non-requeueable deps ti=<TaskInstance: monthly_prediction.wait_for_retrain manual__2024-08-12T19:56:07.579197+00:00 [queued]>
[2024-08-12T20:02:26.118+0000] {taskinstance.py:1157} INFO - Dependencies all met for dep_context=requeueable deps ti=<TaskInstance: monthly_prediction.wait_for_retrain manual__2024-08-12T19:56:07.579197+00:00 [queued]>
[2024-08-12T20:02:26.118+0000] {taskinstance.py:1359} INFO - Starting attempt 1 of 1
[2024-08-12T20:02:26.125+0000] {taskinstance.py:1380} INFO - Executing <Task(ExternalTaskSensor): wait_for_retrain> on 2024-08-12 19:56:07.579197+00:00
[2024-08-12T20:02:26.132+0000] {standard_task_runner.py:57} INFO - Started process 11622 to run task
[2024-08-12T20:02:26.135+0000] {standard_task_runner.py:84} INFO - Running: ['***', 'tasks', 'run', 'monthly_prediction', 'wait_for_retrain', 'manual__2024-08-12T19:56:07.579197+00:00', '--job-id', '839', '--raw', '--subdir', 'DAGS_FOLDER/monthly_prediction.py', '--cfg-path', '/tmp/tmpa5iq_lfu']
[2024-08-12T20:02:26.138+0000] {standard_task_runner.py:85} INFO - Job 839: Subtask wait_for_retrain
[2024-08-12T20:02:26.317+0000] {task_command.py:415} INFO - Running <TaskInstance: monthly_prediction.wait_for_retrain manual__2024-08-12T19:56:07.579197+00:00 [running]> on host a9166c5dc5ae
[2024-08-12T20:02:26.357+0000] {taskinstance.py:1660} INFO - Exporting env vars: AIRFLOW_CTX_DAG_OWNER='***' AIRFLOW_CTX_DAG_ID='monthly_prediction' AIRFLOW_CTX_TASK_ID='wait_for_retrain' AIRFLOW_CTX_EXECUTION_DATE='2024-08-12T19:56:07.579197+00:00' AIRFLOW_CTX_TRY_NUMBER='1' AIRFLOW_CTX_DAG_RUN_ID='manual__2024-08-12T19:56:07.579197+00:00'
[2024-08-12T20:02:26.364+0000] {external_task.py:244} INFO - Poking for tasks ['optimize_and_register_best_classifier'] in dag quarterly_retrain on 2024-07-31T19:56:07.579197+00:00 ... 
[2024-08-12T20:02:26.382+0000] {taskinstance.py:1895} INFO - Rescheduling task, marking task as UP_FOR_RESCHEDULE
[2024-08-12T20:02:26.411+0000] {local_task_job_runner.py:228} INFO - Task exited with return code 0
[2024-08-12T20:02:26.423+0000] {taskinstance.py:2776} INFO - 0 downstream tasks scheduled from follow-on schedule check
[2024-08-12T20:03:28.272+0000] {taskinstance.py:1157} INFO - Dependencies all met for dep_context=non-requeueable deps ti=<TaskInstance: monthly_prediction.wait_for_retrain manual__2024-08-12T19:56:07.579197+00:00 [queued]>
[2024-08-12T20:03:28.276+0000] {taskinstance.py:1157} INFO - Dependencies all met for dep_context=requeueable deps ti=<TaskInstance: monthly_prediction.wait_for_retrain manual__2024-08-12T19:56:07.579197+00:00 [queued]>
[2024-08-12T20:03:28.277+0000] {taskinstance.py:1359} INFO - Starting attempt 1 of 1
[2024-08-12T20:03:28.282+0000] {taskinstance.py:1380} INFO - Executing <Task(ExternalTaskSensor): wait_for_retrain> on 2024-08-12 19:56:07.579197+00:00
[2024-08-12T20:03:28.287+0000] {standard_task_runner.py:57} INFO - Started process 11744 to run task
[2024-08-12T20:03:28.289+0000] {standard_task_runner.py:84} INFO - Running: ['***', 'tasks', 'run', 'monthly_prediction', 'wait_for_retrain', 'manual__2024-08-12T19:56:07.579197+00:00', '--job-id', '842', '--raw', '--subdir', 'DAGS_FOLDER/monthly_prediction.py', '--cfg-path', '/tmp/tmpp1a0zjlc']
[2024-08-12T20:03:28.290+0000] {standard_task_runner.py:85} INFO - Job 842: Subtask wait_for_retrain
[2024-08-12T20:03:28.436+0000] {task_command.py:415} INFO - Running <TaskInstance: monthly_prediction.wait_for_retrain manual__2024-08-12T19:56:07.579197+00:00 [running]> on host a9166c5dc5ae
[2024-08-12T20:03:28.469+0000] {taskinstance.py:1660} INFO - Exporting env vars: AIRFLOW_CTX_DAG_OWNER='***' AIRFLOW_CTX_DAG_ID='monthly_prediction' AIRFLOW_CTX_TASK_ID='wait_for_retrain' AIRFLOW_CTX_EXECUTION_DATE='2024-08-12T19:56:07.579197+00:00' AIRFLOW_CTX_TRY_NUMBER='1' AIRFLOW_CTX_DAG_RUN_ID='manual__2024-08-12T19:56:07.579197+00:00'
[2024-08-12T20:03:28.474+0000] {external_task.py:244} INFO - Poking for tasks ['optimize_and_register_best_classifier'] in dag quarterly_retrain on 2024-07-31T19:56:07.579197+00:00 ... 
[2024-08-12T20:03:28.489+0000] {taskinstance.py:1895} INFO - Rescheduling task, marking task as UP_FOR_RESCHEDULE
[2024-08-12T20:03:28.516+0000] {local_task_job_runner.py:228} INFO - Task exited with return code 0
[2024-08-12T20:03:28.527+0000] {taskinstance.py:2776} INFO - 0 downstream tasks scheduled from follow-on schedule check
[2024-08-12T20:04:29.922+0000] {taskinstance.py:1157} INFO - Dependencies all met for dep_context=non-requeueable deps ti=<TaskInstance: monthly_prediction.wait_for_retrain manual__2024-08-12T19:56:07.579197+00:00 [queued]>
[2024-08-12T20:04:29.926+0000] {taskinstance.py:1157} INFO - Dependencies all met for dep_context=requeueable deps ti=<TaskInstance: monthly_prediction.wait_for_retrain manual__2024-08-12T19:56:07.579197+00:00 [queued]>
[2024-08-12T20:04:29.927+0000] {taskinstance.py:1359} INFO - Starting attempt 1 of 1
[2024-08-12T20:04:29.932+0000] {taskinstance.py:1380} INFO - Executing <Task(ExternalTaskSensor): wait_for_retrain> on 2024-08-12 19:56:07.579197+00:00
[2024-08-12T20:04:29.936+0000] {standard_task_runner.py:57} INFO - Started process 11865 to run task
[2024-08-12T20:04:29.938+0000] {standard_task_runner.py:84} INFO - Running: ['***', 'tasks', 'run', 'monthly_prediction', 'wait_for_retrain', 'manual__2024-08-12T19:56:07.579197+00:00', '--job-id', '845', '--raw', '--subdir', 'DAGS_FOLDER/monthly_prediction.py', '--cfg-path', '/tmp/tmptu_3mbuy']
[2024-08-12T20:04:29.940+0000] {standard_task_runner.py:85} INFO - Job 845: Subtask wait_for_retrain
[2024-08-12T20:04:30.089+0000] {task_command.py:415} INFO - Running <TaskInstance: monthly_prediction.wait_for_retrain manual__2024-08-12T19:56:07.579197+00:00 [running]> on host a9166c5dc5ae
[2024-08-12T20:04:30.125+0000] {taskinstance.py:1660} INFO - Exporting env vars: AIRFLOW_CTX_DAG_OWNER='***' AIRFLOW_CTX_DAG_ID='monthly_prediction' AIRFLOW_CTX_TASK_ID='wait_for_retrain' AIRFLOW_CTX_EXECUTION_DATE='2024-08-12T19:56:07.579197+00:00' AIRFLOW_CTX_TRY_NUMBER='1' AIRFLOW_CTX_DAG_RUN_ID='manual__2024-08-12T19:56:07.579197+00:00'
[2024-08-12T20:04:30.130+0000] {external_task.py:244} INFO - Poking for tasks ['optimize_and_register_best_classifier'] in dag quarterly_retrain on 2024-07-31T19:56:07.579197+00:00 ... 
[2024-08-12T20:04:30.148+0000] {taskinstance.py:1895} INFO - Rescheduling task, marking task as UP_FOR_RESCHEDULE
[2024-08-12T20:04:30.173+0000] {local_task_job_runner.py:228} INFO - Task exited with return code 0
[2024-08-12T20:04:30.186+0000] {taskinstance.py:2776} INFO - 0 downstream tasks scheduled from follow-on schedule check
[2024-08-12T20:05:31.609+0000] {taskinstance.py:1157} INFO - Dependencies all met for dep_context=non-requeueable deps ti=<TaskInstance: monthly_prediction.wait_for_retrain manual__2024-08-12T19:56:07.579197+00:00 [queued]>
[2024-08-12T20:05:31.613+0000] {taskinstance.py:1157} INFO - Dependencies all met for dep_context=requeueable deps ti=<TaskInstance: monthly_prediction.wait_for_retrain manual__2024-08-12T19:56:07.579197+00:00 [queued]>
[2024-08-12T20:05:31.614+0000] {taskinstance.py:1359} INFO - Starting attempt 1 of 1
[2024-08-12T20:05:31.620+0000] {taskinstance.py:1380} INFO - Executing <Task(ExternalTaskSensor): wait_for_retrain> on 2024-08-12 19:56:07.579197+00:00
[2024-08-12T20:05:31.625+0000] {standard_task_runner.py:57} INFO - Started process 11987 to run task
[2024-08-12T20:05:31.628+0000] {standard_task_runner.py:84} INFO - Running: ['***', 'tasks', 'run', 'monthly_prediction', 'wait_for_retrain', 'manual__2024-08-12T19:56:07.579197+00:00', '--job-id', '848', '--raw', '--subdir', 'DAGS_FOLDER/monthly_prediction.py', '--cfg-path', '/tmp/tmp05c2cbz3']
[2024-08-12T20:05:31.630+0000] {standard_task_runner.py:85} INFO - Job 848: Subtask wait_for_retrain
[2024-08-12T20:05:31.802+0000] {task_command.py:415} INFO - Running <TaskInstance: monthly_prediction.wait_for_retrain manual__2024-08-12T19:56:07.579197+00:00 [running]> on host a9166c5dc5ae
[2024-08-12T20:05:31.841+0000] {taskinstance.py:1660} INFO - Exporting env vars: AIRFLOW_CTX_DAG_OWNER='***' AIRFLOW_CTX_DAG_ID='monthly_prediction' AIRFLOW_CTX_TASK_ID='wait_for_retrain' AIRFLOW_CTX_EXECUTION_DATE='2024-08-12T19:56:07.579197+00:00' AIRFLOW_CTX_TRY_NUMBER='1' AIRFLOW_CTX_DAG_RUN_ID='manual__2024-08-12T19:56:07.579197+00:00'
[2024-08-12T20:05:31.847+0000] {external_task.py:244} INFO - Poking for tasks ['optimize_and_register_best_classifier'] in dag quarterly_retrain on 2024-07-31T19:56:07.579197+00:00 ... 
[2024-08-12T20:05:31.865+0000] {taskinstance.py:1895} INFO - Rescheduling task, marking task as UP_FOR_RESCHEDULE
[2024-08-12T20:05:31.899+0000] {local_task_job_runner.py:228} INFO - Task exited with return code 0
[2024-08-12T20:05:31.911+0000] {taskinstance.py:2776} INFO - 0 downstream tasks scheduled from follow-on schedule check
[2024-08-12T20:06:33.854+0000] {taskinstance.py:1157} INFO - Dependencies all met for dep_context=non-requeueable deps ti=<TaskInstance: monthly_prediction.wait_for_retrain manual__2024-08-12T19:56:07.579197+00:00 [queued]>
[2024-08-12T20:06:33.859+0000] {taskinstance.py:1157} INFO - Dependencies all met for dep_context=requeueable deps ti=<TaskInstance: monthly_prediction.wait_for_retrain manual__2024-08-12T19:56:07.579197+00:00 [queued]>
[2024-08-12T20:06:33.860+0000] {taskinstance.py:1359} INFO - Starting attempt 1 of 1
[2024-08-12T20:06:33.867+0000] {taskinstance.py:1380} INFO - Executing <Task(ExternalTaskSensor): wait_for_retrain> on 2024-08-12 19:56:07.579197+00:00
[2024-08-12T20:06:33.878+0000] {standard_task_runner.py:57} INFO - Started process 12122 to run task
[2024-08-12T20:06:33.881+0000] {standard_task_runner.py:84} INFO - Running: ['***', 'tasks', 'run', 'monthly_prediction', 'wait_for_retrain', 'manual__2024-08-12T19:56:07.579197+00:00', '--job-id', '851', '--raw', '--subdir', 'DAGS_FOLDER/monthly_prediction.py', '--cfg-path', '/tmp/tmpmyhlqp8e']
[2024-08-12T20:06:33.884+0000] {standard_task_runner.py:85} INFO - Job 851: Subtask wait_for_retrain
[2024-08-12T20:06:34.213+0000] {task_command.py:415} INFO - Running <TaskInstance: monthly_prediction.wait_for_retrain manual__2024-08-12T19:56:07.579197+00:00 [running]> on host a9166c5dc5ae
[2024-08-12T20:06:34.255+0000] {taskinstance.py:1660} INFO - Exporting env vars: AIRFLOW_CTX_DAG_OWNER='***' AIRFLOW_CTX_DAG_ID='monthly_prediction' AIRFLOW_CTX_TASK_ID='wait_for_retrain' AIRFLOW_CTX_EXECUTION_DATE='2024-08-12T19:56:07.579197+00:00' AIRFLOW_CTX_TRY_NUMBER='1' AIRFLOW_CTX_DAG_RUN_ID='manual__2024-08-12T19:56:07.579197+00:00'
[2024-08-12T20:06:34.262+0000] {external_task.py:244} INFO - Poking for tasks ['optimize_and_register_best_classifier'] in dag quarterly_retrain on 2024-07-31T19:56:07.579197+00:00 ... 
[2024-08-12T20:06:34.269+0000] {taskinstance.py:1935} ERROR - Task failed with exception
Traceback (most recent call last):
  File "/home/airflow/.local/lib/python3.8/site-packages/airflow/sensors/external_task.py", line 334, in execute
    super().execute(context)
  File "/home/airflow/.local/lib/python3.8/site-packages/airflow/sensors/base.py", line 274, in execute
    raise AirflowSensorTimeout(message)
airflow.exceptions.AirflowSensorTimeout: Sensor has timed out; run duration of 623.800333 seconds exceeds the specified timeout of 600.0.
[2024-08-12T20:06:34.276+0000] {taskinstance.py:1398} INFO - Immediate failure requested. Marking task as FAILED. dag_id=monthly_prediction, task_id=wait_for_retrain, execution_date=20240812T195607, start_date=20240812T200633, end_date=20240812T200634
[2024-08-12T20:06:34.282+0000] {standard_task_runner.py:104} ERROR - Failed to execute job 851 for task wait_for_retrain (Sensor has timed out; run duration of 623.800333 seconds exceeds the specified timeout of 600.0.; 12122)
[2024-08-12T20:06:34.295+0000] {local_task_job_runner.py:228} INFO - Task exited with return code 1
[2024-08-12T20:06:34.307+0000] {taskinstance.py:2776} INFO - 0 downstream tasks scheduled from follow-on schedule check
