[2024-08-12T17:41:54.583+0000] {taskinstance.py:1157} INFO - Dependencies all met for dep_context=non-requeueable deps ti=<TaskInstance: monthly_prediction.predict_and_save manual__2024-08-12T17:41:50.115163+00:00 [queued]>
[2024-08-12T17:41:54.586+0000] {taskinstance.py:1157} INFO - Dependencies all met for dep_context=requeueable deps ti=<TaskInstance: monthly_prediction.predict_and_save manual__2024-08-12T17:41:50.115163+00:00 [queued]>
[2024-08-12T17:41:54.587+0000] {taskinstance.py:1359} INFO - Starting attempt 1 of 1
[2024-08-12T17:41:54.591+0000] {taskinstance.py:1380} INFO - Executing <Task(_PythonDecoratedOperator): predict_and_save> on 2024-08-12 17:41:50.115163+00:00
[2024-08-12T17:41:54.595+0000] {standard_task_runner.py:57} INFO - Started process 5556 to run task
[2024-08-12T17:41:54.597+0000] {standard_task_runner.py:84} INFO - Running: ['***', 'tasks', 'run', 'monthly_prediction', 'predict_and_save', 'manual__2024-08-12T17:41:50.115163+00:00', '--job-id', '199', '--raw', '--subdir', 'DAGS_FOLDER/monthly_prediction.py', '--cfg-path', '/tmp/tmpzck33gf_']
[2024-08-12T17:41:54.598+0000] {standard_task_runner.py:85} INFO - Job 199: Subtask predict_and_save
[2024-08-12T17:41:54.620+0000] {task_command.py:415} INFO - Running <TaskInstance: monthly_prediction.predict_and_save manual__2024-08-12T17:41:50.115163+00:00 [running]> on host a9166c5dc5ae
[2024-08-12T17:41:54.776+0000] {taskinstance.py:1660} INFO - Exporting env vars: AIRFLOW_CTX_DAG_OWNER='***' AIRFLOW_CTX_DAG_ID='monthly_prediction' AIRFLOW_CTX_TASK_ID='predict_and_save' AIRFLOW_CTX_EXECUTION_DATE='2024-08-12T17:41:50.115163+00:00' AIRFLOW_CTX_TRY_NUMBER='1' AIRFLOW_CTX_DAG_RUN_ID='manual__2024-08-12T17:41:50.115163+00:00'
[2024-08-12T17:41:54.827+0000] {logging_mixin.py:151} INFO - [<ModelVersion: aliases=[], creation_timestamp=1723484397049, current_stage='None', description='', last_updated_timestamp=1723484397049, name='RandomForestClassifier', run_id='24df18fe78344cedac31ecd5ee99d839', run_link='', source='gs://mlflow-artifacts-bt/1/24df18fe78344cedac31ecd5ee99d839/artifacts/models', status='READY', status_message='', tags={}, user_id='', version='2'>, <ModelVersion: aliases=[], creation_timestamp=1723483634222, current_stage='None', description='', last_updated_timestamp=1723483634222, name='RandomForestClassifier', run_id='562e66a99b734853943c65acca218544', run_link='', source='gs://mlflow-artifacts-bt/1/562e66a99b734853943c65acca218544/artifacts/models', status='READY', status_message='', tags={}, user_id='', version='1'>]
[2024-08-12T17:41:54.828+0000] {logging_mixin.py:151} INFO - gs://mlflow-artifacts-bt/1/24df18fe78344cedac31ecd5ee99d839/artifacts/models
[2024-08-12T17:41:55.435+0000] {logging_mixin.py:151} WARNING - Downloading artifacts:   0%|          | 0/9 [00:00<?, ?it/s]
[2024-08-12T17:41:55.436+0000] {logging_mixin.py:151} WARNING - Downloading artifacts:  11%|#1        | 1/9 [00:00<00:00, 18315.74it/s]
[2024-08-12T17:41:55.436+0000] {logging_mixin.py:151} WARNING - Downloading artifacts:  22%|##2       | 2/9 [00:00<00:00, 6574.14it/s] 
[2024-08-12T17:41:55.505+0000] {logging_mixin.py:151} WARNING - Downloading artifacts:  33%|###3      | 3/9 [00:00<00:00, 43.20it/s]  
[2024-08-12T17:41:55.512+0000] {logging_mixin.py:151} WARNING - Downloading artifacts:  44%|####4     | 4/9 [00:00<00:00, 52.30it/s]
[2024-08-12T17:41:55.520+0000] {logging_mixin.py:151} WARNING - Downloading artifacts:  56%|#####5    | 5/9 [00:00<00:00, 59.85it/s]
[2024-08-12T17:41:55.559+0000] {logging_mixin.py:151} WARNING - Downloading artifacts:  67%|######6   | 6/9 [00:00<00:00, 48.58it/s]
[2024-08-12T17:41:55.560+0000] {logging_mixin.py:151} WARNING - Downloading artifacts:  67%|######6   | 6/9 [00:00<00:00, 48.58it/s]
[2024-08-12T17:41:55.561+0000] {logging_mixin.py:151} WARNING - Downloading artifacts:  78%|#######7  | 7/9 [00:00<00:00, 48.58it/s]
[2024-08-12T17:41:55.578+0000] {logging_mixin.py:151} WARNING - Downloading artifacts:  89%|########8 | 8/9 [00:00<00:00, 48.58it/s]
[2024-08-12T17:41:56.510+0000] {logging_mixin.py:151} WARNING - Downloading artifacts: 100%|##########| 9/9 [00:01<00:00, 48.58it/s]
[2024-08-12T17:41:56.511+0000] {logging_mixin.py:151} WARNING - Downloading artifacts: 100%|##########| 9/9 [00:01<00:00,  8.37it/s]
[2024-08-12T17:41:56.690+0000] {logging_mixin.py:151} INFO - RandomForestClassifier version 2 loaded
[2024-08-12T17:41:57.826+0000] {python.py:194} INFO - Done. Returned value was: None
[2024-08-12T17:41:57.845+0000] {taskinstance.py:1398} INFO - Marking task as SUCCESS. dag_id=monthly_prediction, task_id=predict_and_save, execution_date=20240812T174150, start_date=20240812T174154, end_date=20240812T174157
[2024-08-12T17:41:57.881+0000] {local_task_job_runner.py:228} INFO - Task exited with return code 0
[2024-08-12T17:41:57.890+0000] {taskinstance.py:2776} INFO - 0 downstream tasks scheduled from follow-on schedule check
