[2024-08-12T16:39:35.140+0000] {taskinstance.py:1157} INFO - Dependencies all met for dep_context=non-requeueable deps ti=<TaskInstance: monthly_prediction.predict_and_save manual__2024-08-12T16:39:30.903129+00:00 [queued]>
[2024-08-12T16:39:35.145+0000] {taskinstance.py:1157} INFO - Dependencies all met for dep_context=requeueable deps ti=<TaskInstance: monthly_prediction.predict_and_save manual__2024-08-12T16:39:30.903129+00:00 [queued]>
[2024-08-12T16:39:35.145+0000] {taskinstance.py:1359} INFO - Starting attempt 1 of 1
[2024-08-12T16:39:35.151+0000] {taskinstance.py:1380} INFO - Executing <Task(_PythonDecoratedOperator): predict_and_save> on 2024-08-12 16:39:30.903129+00:00
[2024-08-12T16:39:35.156+0000] {standard_task_runner.py:57} INFO - Started process 22632 to run task
[2024-08-12T16:39:35.158+0000] {standard_task_runner.py:84} INFO - Running: ['***', 'tasks', 'run', 'monthly_prediction', 'predict_and_save', 'manual__2024-08-12T16:39:30.903129+00:00', '--job-id', '136', '--raw', '--subdir', 'DAGS_FOLDER/monthly_prediction.py', '--cfg-path', '/tmp/tmpj9_km96t']
[2024-08-12T16:39:35.159+0000] {standard_task_runner.py:85} INFO - Job 136: Subtask predict_and_save
[2024-08-12T16:39:35.183+0000] {task_command.py:415} INFO - Running <TaskInstance: monthly_prediction.predict_and_save manual__2024-08-12T16:39:30.903129+00:00 [running]> on host fa284eed0508
[2024-08-12T16:39:35.358+0000] {taskinstance.py:1660} INFO - Exporting env vars: AIRFLOW_CTX_DAG_OWNER='***' AIRFLOW_CTX_DAG_ID='monthly_prediction' AIRFLOW_CTX_TASK_ID='predict_and_save' AIRFLOW_CTX_EXECUTION_DATE='2024-08-12T16:39:30.903129+00:00' AIRFLOW_CTX_TRY_NUMBER='1' AIRFLOW_CTX_DAG_RUN_ID='manual__2024-08-12T16:39:30.903129+00:00'
[2024-08-12T16:39:35.399+0000] {logging_mixin.py:151} INFO - gs://mlflow-artifacts-bt/1/fab1118790cd421ab4d4d45e0b254b51/artifacts/models
[2024-08-12T16:39:35.925+0000] {logging_mixin.py:151} WARNING - Downloading artifacts:   0%|          | 0/9 [00:00<?, ?it/s]
[2024-08-12T16:39:35.926+0000] {logging_mixin.py:151} WARNING - Downloading artifacts:  11%|#1        | 1/9 [00:00<00:00, 13842.59it/s]
[2024-08-12T16:39:35.941+0000] {logging_mixin.py:151} WARNING - Downloading artifacts:  22%|##2       | 2/9 [00:00<00:00, 130.99it/s]  
[2024-08-12T16:39:35.976+0000] {logging_mixin.py:151} WARNING - Downloading artifacts:  33%|###3      | 3/9 [00:00<00:00, 59.76it/s] 
[2024-08-12T16:39:35.977+0000] {logging_mixin.py:151} WARNING - Downloading artifacts:  44%|####4     | 4/9 [00:00<00:00, 77.32it/s]
[2024-08-12T16:39:36.034+0000] {logging_mixin.py:151} WARNING - Downloading artifacts:  56%|#####5    | 5/9 [00:00<00:00, 46.06it/s]
[2024-08-12T16:39:36.035+0000] {logging_mixin.py:151} WARNING - Downloading artifacts:  56%|#####5    | 5/9 [00:00<00:00, 46.06it/s]
[2024-08-12T16:39:36.038+0000] {logging_mixin.py:151} WARNING - Downloading artifacts:  67%|######6   | 6/9 [00:00<00:00, 46.06it/s]
[2024-08-12T16:39:36.042+0000] {logging_mixin.py:151} WARNING - Downloading artifacts:  78%|#######7  | 7/9 [00:00<00:00, 46.06it/s]
[2024-08-12T16:39:36.081+0000] {logging_mixin.py:151} WARNING - Downloading artifacts:  89%|########8 | 8/9 [00:00<00:00, 46.06it/s]
[2024-08-12T16:39:37.013+0000] {logging_mixin.py:151} WARNING - Downloading artifacts: 100%|##########| 9/9 [00:01<00:00, 46.06it/s]
[2024-08-12T16:39:37.014+0000] {logging_mixin.py:151} WARNING - Downloading artifacts: 100%|##########| 9/9 [00:01<00:00,  8.27it/s]
[2024-08-12T16:39:37.177+0000] {logging_mixin.py:151} INFO - RandomForestClassifier version 1 loaded
[2024-08-12T16:39:37.777+0000] {python.py:194} INFO - Done. Returned value was: None
[2024-08-12T16:39:37.807+0000] {taskinstance.py:1398} INFO - Marking task as SUCCESS. dag_id=monthly_prediction, task_id=predict_and_save, execution_date=20240812T163930, start_date=20240812T163935, end_date=20240812T163937
[2024-08-12T16:39:37.851+0000] {local_task_job_runner.py:228} INFO - Task exited with return code 0
[2024-08-12T16:39:37.863+0000] {taskinstance.py:2776} INFO - 0 downstream tasks scheduled from follow-on schedule check
