[2024-08-12T18:04:46.579+0000] {taskinstance.py:1157} INFO - Dependencies all met for dep_context=non-requeueable deps ti=<TaskInstance: monthly_monitor.wait_for_data scheduled__2024-05-01T00:00:00+00:00 [queued]>
[2024-08-12T18:04:46.609+0000] {taskinstance.py:1157} INFO - Dependencies all met for dep_context=requeueable deps ti=<TaskInstance: monthly_monitor.wait_for_data scheduled__2024-05-01T00:00:00+00:00 [queued]>
[2024-08-12T18:04:46.625+0000] {taskinstance.py:1359} INFO - Starting attempt 1 of 1
[2024-08-12T18:04:46.818+0000] {taskinstance.py:1380} INFO - Executing <Task(ExternalTaskSensor): wait_for_data> on 2024-05-01 00:00:00+00:00
[2024-08-12T18:04:46.860+0000] {standard_task_runner.py:57} INFO - Started process 7835 to run task
[2024-08-12T18:04:46.865+0000] {standard_task_runner.py:84} INFO - Running: ['***', 'tasks', 'run', 'monthly_monitor', 'wait_for_data', 'scheduled__2024-05-01T00:00:00+00:00', '--job-id', '203', '--raw', '--subdir', 'DAGS_FOLDER/monitor.py', '--cfg-path', '/tmp/tmp7ybulvg1']
[2024-08-12T18:04:46.944+0000] {standard_task_runner.py:85} INFO - Job 203: Subtask wait_for_data
[2024-08-12T18:04:47.325+0000] {task_command.py:415} INFO - Running <TaskInstance: monthly_monitor.wait_for_data scheduled__2024-05-01T00:00:00+00:00 [running]> on host a9166c5dc5ae
[2024-08-12T18:04:47.727+0000] {taskinstance.py:1660} INFO - Exporting env vars: AIRFLOW_CTX_DAG_OWNER='***' AIRFLOW_CTX_DAG_ID='monthly_monitor' AIRFLOW_CTX_TASK_ID='wait_for_data' AIRFLOW_CTX_EXECUTION_DATE='2024-05-01T00:00:00+00:00' AIRFLOW_CTX_TRY_NUMBER='1' AIRFLOW_CTX_DAG_RUN_ID='scheduled__2024-05-01T00:00:00+00:00'
[2024-08-12T18:04:47.778+0000] {external_task.py:244} INFO - Poking for tasks ['predict_and_save'] in dag monthly_prediction on 2024-05-01T00:00:00+00:00 ... 
[2024-08-12T18:04:47.833+0000] {base.py:287} INFO - Success criteria met. Exiting.
[2024-08-12T18:04:47.932+0000] {taskinstance.py:1398} INFO - Marking task as SUCCESS. dag_id=monthly_monitor, task_id=wait_for_data, execution_date=20240501T000000, start_date=20240812T180446, end_date=20240812T180447
[2024-08-12T18:04:48.027+0000] {local_task_job_runner.py:228} INFO - Task exited with return code 0
[2024-08-12T18:04:48.162+0000] {taskinstance.py:2776} INFO - 0 downstream tasks scheduled from follow-on schedule check
[2024-08-12T18:13:31.248+0000] {taskinstance.py:1157} INFO - Dependencies all met for dep_context=non-requeueable deps ti=<TaskInstance: monthly_monitor.wait_for_data scheduled__2024-05-01T00:00:00+00:00 [queued]>
[2024-08-12T18:13:31.313+0000] {taskinstance.py:1157} INFO - Dependencies all met for dep_context=requeueable deps ti=<TaskInstance: monthly_monitor.wait_for_data scheduled__2024-05-01T00:00:00+00:00 [queued]>
[2024-08-12T18:13:31.335+0000] {taskinstance.py:1359} INFO - Starting attempt 1 of 1
[2024-08-12T18:13:31.429+0000] {taskinstance.py:1380} INFO - Executing <Task(ExternalTaskSensor): wait_for_data> on 2024-05-01 00:00:00+00:00
[2024-08-12T18:13:31.505+0000] {standard_task_runner.py:57} INFO - Started process 9080 to run task
[2024-08-12T18:13:31.528+0000] {standard_task_runner.py:84} INFO - Running: ['***', 'tasks', 'run', 'monthly_monitor', 'wait_for_data', 'scheduled__2024-05-01T00:00:00+00:00', '--job-id', '249', '--raw', '--subdir', 'DAGS_FOLDER/monitor.py', '--cfg-path', '/tmp/tmpq1jf168m']
[2024-08-12T18:13:31.542+0000] {standard_task_runner.py:85} INFO - Job 249: Subtask wait_for_data
[2024-08-12T18:13:31.799+0000] {task_command.py:415} INFO - Running <TaskInstance: monthly_monitor.wait_for_data scheduled__2024-05-01T00:00:00+00:00 [running]> on host a9166c5dc5ae
[2024-08-12T18:13:32.124+0000] {taskinstance.py:1660} INFO - Exporting env vars: AIRFLOW_CTX_DAG_OWNER='***' AIRFLOW_CTX_DAG_ID='monthly_monitor' AIRFLOW_CTX_TASK_ID='wait_for_data' AIRFLOW_CTX_EXECUTION_DATE='2024-05-01T00:00:00+00:00' AIRFLOW_CTX_TRY_NUMBER='1' AIRFLOW_CTX_DAG_RUN_ID='scheduled__2024-05-01T00:00:00+00:00'
[2024-08-12T18:13:32.172+0000] {external_task.py:244} INFO - Poking for tasks ['predict_and_save'] in dag monthly_prediction on 2024-05-01T00:00:00+00:00 ... 
[2024-08-12T18:13:32.650+0000] {taskinstance.py:1895} INFO - Rescheduling task, marking task as UP_FOR_RESCHEDULE
[2024-08-12T18:13:32.694+0000] {local_task_job_runner.py:228} INFO - Task exited with return code 0
[2024-08-12T18:13:33.099+0000] {taskinstance.py:2776} INFO - 0 downstream tasks scheduled from follow-on schedule check
[2024-08-12T18:14:34.446+0000] {taskinstance.py:1157} INFO - Dependencies all met for dep_context=non-requeueable deps ti=<TaskInstance: monthly_monitor.wait_for_data scheduled__2024-05-01T00:00:00+00:00 [queued]>
[2024-08-12T18:14:34.453+0000] {taskinstance.py:1157} INFO - Dependencies all met for dep_context=requeueable deps ti=<TaskInstance: monthly_monitor.wait_for_data scheduled__2024-05-01T00:00:00+00:00 [queued]>
[2024-08-12T18:14:34.453+0000] {taskinstance.py:1359} INFO - Starting attempt 1 of 1
[2024-08-12T18:14:34.467+0000] {taskinstance.py:1380} INFO - Executing <Task(ExternalTaskSensor): wait_for_data> on 2024-05-01 00:00:00+00:00
[2024-08-12T18:14:34.474+0000] {standard_task_runner.py:57} INFO - Started process 9670 to run task
[2024-08-12T18:14:34.479+0000] {standard_task_runner.py:84} INFO - Running: ['***', 'tasks', 'run', 'monthly_monitor', 'wait_for_data', 'scheduled__2024-05-01T00:00:00+00:00', '--job-id', '293', '--raw', '--subdir', 'DAGS_FOLDER/monitor.py', '--cfg-path', '/tmp/tmpnb20kzg2']
[2024-08-12T18:14:34.483+0000] {standard_task_runner.py:85} INFO - Job 293: Subtask wait_for_data
[2024-08-12T18:14:34.529+0000] {task_command.py:415} INFO - Running <TaskInstance: monthly_monitor.wait_for_data scheduled__2024-05-01T00:00:00+00:00 [running]> on host a9166c5dc5ae
[2024-08-12T18:14:34.580+0000] {taskinstance.py:1660} INFO - Exporting env vars: AIRFLOW_CTX_DAG_OWNER='***' AIRFLOW_CTX_DAG_ID='monthly_monitor' AIRFLOW_CTX_TASK_ID='wait_for_data' AIRFLOW_CTX_EXECUTION_DATE='2024-05-01T00:00:00+00:00' AIRFLOW_CTX_TRY_NUMBER='1' AIRFLOW_CTX_DAG_RUN_ID='scheduled__2024-05-01T00:00:00+00:00'
[2024-08-12T18:14:34.591+0000] {external_task.py:244} INFO - Poking for tasks ['predict_and_save'] in dag monthly_prediction on 2024-05-01T00:00:00+00:00 ... 
[2024-08-12T18:14:34.610+0000] {base.py:287} INFO - Success criteria met. Exiting.
[2024-08-12T18:14:34.620+0000] {taskinstance.py:1398} INFO - Marking task as SUCCESS. dag_id=monthly_monitor, task_id=wait_for_data, execution_date=20240501T000000, start_date=20240812T181434, end_date=20240812T181434
[2024-08-12T18:14:34.659+0000] {local_task_job_runner.py:228} INFO - Task exited with return code 0
[2024-08-12T18:14:34.689+0000] {taskinstance.py:2776} INFO - 0 downstream tasks scheduled from follow-on schedule check
[2024-08-12T19:22:03.160+0000] {taskinstance.py:1157} INFO - Dependencies all met for dep_context=non-requeueable deps ti=<TaskInstance: monthly_monitor.wait_for_data scheduled__2024-05-01T00:00:00+00:00 [queued]>
[2024-08-12T19:22:03.200+0000] {taskinstance.py:1157} INFO - Dependencies all met for dep_context=requeueable deps ti=<TaskInstance: monthly_monitor.wait_for_data scheduled__2024-05-01T00:00:00+00:00 [queued]>
[2024-08-12T19:22:03.216+0000] {taskinstance.py:1359} INFO - Starting attempt 1 of 1
[2024-08-12T19:22:03.323+0000] {taskinstance.py:1380} INFO - Executing <Task(ExternalTaskSensor): wait_for_data> on 2024-05-01 00:00:00+00:00
[2024-08-12T19:22:03.340+0000] {standard_task_runner.py:57} INFO - Started process 4262 to run task
[2024-08-12T19:22:03.350+0000] {standard_task_runner.py:84} INFO - Running: ['***', 'tasks', 'run', 'monthly_monitor', 'wait_for_data', 'scheduled__2024-05-01T00:00:00+00:00', '--job-id', '485', '--raw', '--subdir', 'DAGS_FOLDER/monitor.py', '--cfg-path', '/tmp/tmp7nw6sq29']
[2024-08-12T19:22:03.367+0000] {standard_task_runner.py:85} INFO - Job 485: Subtask wait_for_data
[2024-08-12T19:22:03.557+0000] {task_command.py:415} INFO - Running <TaskInstance: monthly_monitor.wait_for_data scheduled__2024-05-01T00:00:00+00:00 [running]> on host a9166c5dc5ae
[2024-08-12T19:22:03.814+0000] {taskinstance.py:1660} INFO - Exporting env vars: AIRFLOW_CTX_DAG_OWNER='***' AIRFLOW_CTX_DAG_ID='monthly_monitor' AIRFLOW_CTX_TASK_ID='wait_for_data' AIRFLOW_CTX_EXECUTION_DATE='2024-05-01T00:00:00+00:00' AIRFLOW_CTX_TRY_NUMBER='1' AIRFLOW_CTX_DAG_RUN_ID='scheduled__2024-05-01T00:00:00+00:00'
[2024-08-12T19:22:03.896+0000] {external_task.py:244} INFO - Poking for tasks ['predict_and_save'] in dag monthly_prediction on 2024-05-01T00:00:00+00:00 ... 
[2024-08-12T19:22:04.298+0000] {taskinstance.py:1895} INFO - Rescheduling task, marking task as UP_FOR_RESCHEDULE
[2024-08-12T19:22:04.380+0000] {local_task_job_runner.py:228} INFO - Task exited with return code 0
[2024-08-12T19:22:04.585+0000] {taskinstance.py:2776} INFO - 0 downstream tasks scheduled from follow-on schedule check
[2024-08-12T19:23:05.643+0000] {taskinstance.py:1157} INFO - Dependencies all met for dep_context=non-requeueable deps ti=<TaskInstance: monthly_monitor.wait_for_data scheduled__2024-05-01T00:00:00+00:00 [queued]>
[2024-08-12T19:23:05.648+0000] {taskinstance.py:1157} INFO - Dependencies all met for dep_context=requeueable deps ti=<TaskInstance: monthly_monitor.wait_for_data scheduled__2024-05-01T00:00:00+00:00 [queued]>
[2024-08-12T19:23:05.649+0000] {taskinstance.py:1359} INFO - Starting attempt 1 of 1
[2024-08-12T19:23:05.655+0000] {taskinstance.py:1380} INFO - Executing <Task(ExternalTaskSensor): wait_for_data> on 2024-05-01 00:00:00+00:00
[2024-08-12T19:23:05.660+0000] {standard_task_runner.py:57} INFO - Started process 4511 to run task
[2024-08-12T19:23:05.662+0000] {standard_task_runner.py:84} INFO - Running: ['***', 'tasks', 'run', 'monthly_monitor', 'wait_for_data', 'scheduled__2024-05-01T00:00:00+00:00', '--job-id', '506', '--raw', '--subdir', 'DAGS_FOLDER/monitor.py', '--cfg-path', '/tmp/tmptl2fzwdv']
[2024-08-12T19:23:05.665+0000] {standard_task_runner.py:85} INFO - Job 506: Subtask wait_for_data
[2024-08-12T19:23:05.693+0000] {task_command.py:415} INFO - Running <TaskInstance: monthly_monitor.wait_for_data scheduled__2024-05-01T00:00:00+00:00 [running]> on host a9166c5dc5ae
[2024-08-12T19:23:05.739+0000] {taskinstance.py:1660} INFO - Exporting env vars: AIRFLOW_CTX_DAG_OWNER='***' AIRFLOW_CTX_DAG_ID='monthly_monitor' AIRFLOW_CTX_TASK_ID='wait_for_data' AIRFLOW_CTX_EXECUTION_DATE='2024-05-01T00:00:00+00:00' AIRFLOW_CTX_TRY_NUMBER='1' AIRFLOW_CTX_DAG_RUN_ID='scheduled__2024-05-01T00:00:00+00:00'
[2024-08-12T19:23:05.746+0000] {external_task.py:244} INFO - Poking for tasks ['predict_and_save'] in dag monthly_prediction on 2024-05-01T00:00:00+00:00 ... 
[2024-08-12T19:23:05.769+0000] {taskinstance.py:1895} INFO - Rescheduling task, marking task as UP_FOR_RESCHEDULE
[2024-08-12T19:23:05.806+0000] {local_task_job_runner.py:228} INFO - Task exited with return code 0
[2024-08-12T19:23:05.824+0000] {taskinstance.py:2776} INFO - 0 downstream tasks scheduled from follow-on schedule check
[2024-08-12T19:24:07.768+0000] {taskinstance.py:1157} INFO - Dependencies all met for dep_context=non-requeueable deps ti=<TaskInstance: monthly_monitor.wait_for_data scheduled__2024-05-01T00:00:00+00:00 [queued]>
[2024-08-12T19:24:07.772+0000] {taskinstance.py:1157} INFO - Dependencies all met for dep_context=requeueable deps ti=<TaskInstance: monthly_monitor.wait_for_data scheduled__2024-05-01T00:00:00+00:00 [queued]>
[2024-08-12T19:24:07.772+0000] {taskinstance.py:1359} INFO - Starting attempt 1 of 1
[2024-08-12T19:24:07.778+0000] {taskinstance.py:1380} INFO - Executing <Task(ExternalTaskSensor): wait_for_data> on 2024-05-01 00:00:00+00:00
[2024-08-12T19:24:07.782+0000] {standard_task_runner.py:57} INFO - Started process 4662 to run task
[2024-08-12T19:24:07.785+0000] {standard_task_runner.py:84} INFO - Running: ['***', 'tasks', 'run', 'monthly_monitor', 'wait_for_data', 'scheduled__2024-05-01T00:00:00+00:00', '--job-id', '512', '--raw', '--subdir', 'DAGS_FOLDER/monitor.py', '--cfg-path', '/tmp/tmpddy3ng2o']
[2024-08-12T19:24:07.786+0000] {standard_task_runner.py:85} INFO - Job 512: Subtask wait_for_data
[2024-08-12T19:24:07.812+0000] {task_command.py:415} INFO - Running <TaskInstance: monthly_monitor.wait_for_data scheduled__2024-05-01T00:00:00+00:00 [running]> on host a9166c5dc5ae
[2024-08-12T19:24:07.848+0000] {taskinstance.py:1660} INFO - Exporting env vars: AIRFLOW_CTX_DAG_OWNER='***' AIRFLOW_CTX_DAG_ID='monthly_monitor' AIRFLOW_CTX_TASK_ID='wait_for_data' AIRFLOW_CTX_EXECUTION_DATE='2024-05-01T00:00:00+00:00' AIRFLOW_CTX_TRY_NUMBER='1' AIRFLOW_CTX_DAG_RUN_ID='scheduled__2024-05-01T00:00:00+00:00'
[2024-08-12T19:24:07.853+0000] {external_task.py:244} INFO - Poking for tasks ['predict_and_save'] in dag monthly_prediction on 2024-05-01T00:00:00+00:00 ... 
[2024-08-12T19:24:07.867+0000] {taskinstance.py:1895} INFO - Rescheduling task, marking task as UP_FOR_RESCHEDULE
[2024-08-12T19:24:07.884+0000] {local_task_job_runner.py:228} INFO - Task exited with return code 0
[2024-08-12T19:24:07.893+0000] {taskinstance.py:2776} INFO - 0 downstream tasks scheduled from follow-on schedule check
[2024-08-12T19:25:10.499+0000] {taskinstance.py:1157} INFO - Dependencies all met for dep_context=non-requeueable deps ti=<TaskInstance: monthly_monitor.wait_for_data scheduled__2024-05-01T00:00:00+00:00 [queued]>
[2024-08-12T19:25:10.505+0000] {taskinstance.py:1157} INFO - Dependencies all met for dep_context=requeueable deps ti=<TaskInstance: monthly_monitor.wait_for_data scheduled__2024-05-01T00:00:00+00:00 [queued]>
[2024-08-12T19:25:10.505+0000] {taskinstance.py:1359} INFO - Starting attempt 1 of 1
[2024-08-12T19:25:10.513+0000] {taskinstance.py:1380} INFO - Executing <Task(ExternalTaskSensor): wait_for_data> on 2024-05-01 00:00:00+00:00
[2024-08-12T19:25:10.520+0000] {standard_task_runner.py:57} INFO - Started process 4814 to run task
[2024-08-12T19:25:10.523+0000] {standard_task_runner.py:84} INFO - Running: ['***', 'tasks', 'run', 'monthly_monitor', 'wait_for_data', 'scheduled__2024-05-01T00:00:00+00:00', '--job-id', '517', '--raw', '--subdir', 'DAGS_FOLDER/monitor.py', '--cfg-path', '/tmp/tmpiyrc9sct']
[2024-08-12T19:25:10.526+0000] {standard_task_runner.py:85} INFO - Job 517: Subtask wait_for_data
[2024-08-12T19:25:10.566+0000] {task_command.py:415} INFO - Running <TaskInstance: monthly_monitor.wait_for_data scheduled__2024-05-01T00:00:00+00:00 [running]> on host a9166c5dc5ae
[2024-08-12T19:25:10.633+0000] {taskinstance.py:1660} INFO - Exporting env vars: AIRFLOW_CTX_DAG_OWNER='***' AIRFLOW_CTX_DAG_ID='monthly_monitor' AIRFLOW_CTX_TASK_ID='wait_for_data' AIRFLOW_CTX_EXECUTION_DATE='2024-05-01T00:00:00+00:00' AIRFLOW_CTX_TRY_NUMBER='1' AIRFLOW_CTX_DAG_RUN_ID='scheduled__2024-05-01T00:00:00+00:00'
[2024-08-12T19:25:10.641+0000] {external_task.py:244} INFO - Poking for tasks ['predict_and_save'] in dag monthly_prediction on 2024-05-01T00:00:00+00:00 ... 
[2024-08-12T19:25:10.666+0000] {taskinstance.py:1895} INFO - Rescheduling task, marking task as UP_FOR_RESCHEDULE
[2024-08-12T19:25:10.703+0000] {local_task_job_runner.py:228} INFO - Task exited with return code 0
[2024-08-12T19:25:10.718+0000] {taskinstance.py:2776} INFO - 0 downstream tasks scheduled from follow-on schedule check
[2024-08-12T19:26:12.882+0000] {taskinstance.py:1157} INFO - Dependencies all met for dep_context=non-requeueable deps ti=<TaskInstance: monthly_monitor.wait_for_data scheduled__2024-05-01T00:00:00+00:00 [queued]>
[2024-08-12T19:26:12.886+0000] {taskinstance.py:1157} INFO - Dependencies all met for dep_context=requeueable deps ti=<TaskInstance: monthly_monitor.wait_for_data scheduled__2024-05-01T00:00:00+00:00 [queued]>
[2024-08-12T19:26:12.887+0000] {taskinstance.py:1359} INFO - Starting attempt 1 of 1
[2024-08-12T19:26:12.893+0000] {taskinstance.py:1380} INFO - Executing <Task(ExternalTaskSensor): wait_for_data> on 2024-05-01 00:00:00+00:00
[2024-08-12T19:26:12.899+0000] {standard_task_runner.py:57} INFO - Started process 4978 to run task
[2024-08-12T19:26:12.903+0000] {standard_task_runner.py:84} INFO - Running: ['***', 'tasks', 'run', 'monthly_monitor', 'wait_for_data', 'scheduled__2024-05-01T00:00:00+00:00', '--job-id', '523', '--raw', '--subdir', 'DAGS_FOLDER/monitor.py', '--cfg-path', '/tmp/tmpmuvogn4g']
[2024-08-12T19:26:12.905+0000] {standard_task_runner.py:85} INFO - Job 523: Subtask wait_for_data
[2024-08-12T19:26:12.945+0000] {task_command.py:415} INFO - Running <TaskInstance: monthly_monitor.wait_for_data scheduled__2024-05-01T00:00:00+00:00 [running]> on host a9166c5dc5ae
[2024-08-12T19:26:12.990+0000] {taskinstance.py:1660} INFO - Exporting env vars: AIRFLOW_CTX_DAG_OWNER='***' AIRFLOW_CTX_DAG_ID='monthly_monitor' AIRFLOW_CTX_TASK_ID='wait_for_data' AIRFLOW_CTX_EXECUTION_DATE='2024-05-01T00:00:00+00:00' AIRFLOW_CTX_TRY_NUMBER='1' AIRFLOW_CTX_DAG_RUN_ID='scheduled__2024-05-01T00:00:00+00:00'
[2024-08-12T19:26:12.999+0000] {external_task.py:244} INFO - Poking for tasks ['predict_and_save'] in dag monthly_prediction on 2024-05-01T00:00:00+00:00 ... 
[2024-08-12T19:26:13.017+0000] {taskinstance.py:1895} INFO - Rescheduling task, marking task as UP_FOR_RESCHEDULE
[2024-08-12T19:26:13.041+0000] {local_task_job_runner.py:228} INFO - Task exited with return code 0
[2024-08-12T19:26:13.051+0000] {taskinstance.py:2776} INFO - 0 downstream tasks scheduled from follow-on schedule check
[2024-08-12T19:27:10.553+0000] {taskinstance.py:1157} INFO - Dependencies all met for dep_context=non-requeueable deps ti=<TaskInstance: monthly_monitor.wait_for_data scheduled__2024-05-01T00:00:00+00:00 [queued]>
[2024-08-12T19:27:10.613+0000] {taskinstance.py:1157} INFO - Dependencies all met for dep_context=requeueable deps ti=<TaskInstance: monthly_monitor.wait_for_data scheduled__2024-05-01T00:00:00+00:00 [queued]>
[2024-08-12T19:27:10.613+0000] {taskinstance.py:1359} INFO - Starting attempt 1 of 1
[2024-08-12T19:27:10.649+0000] {taskinstance.py:1380} INFO - Executing <Task(ExternalTaskSensor): wait_for_data> on 2024-05-01 00:00:00+00:00
[2024-08-12T19:27:10.703+0000] {standard_task_runner.py:57} INFO - Started process 5237 to run task
[2024-08-12T19:27:10.749+0000] {standard_task_runner.py:84} INFO - Running: ['***', 'tasks', 'run', 'monthly_monitor', 'wait_for_data', 'scheduled__2024-05-01T00:00:00+00:00', '--job-id', '528', '--raw', '--subdir', 'DAGS_FOLDER/monitor.py', '--cfg-path', '/tmp/tmpxf6th6v3']
[2024-08-12T19:27:10.834+0000] {standard_task_runner.py:85} INFO - Job 528: Subtask wait_for_data
[2024-08-12T19:27:11.130+0000] {task_command.py:415} INFO - Running <TaskInstance: monthly_monitor.wait_for_data scheduled__2024-05-01T00:00:00+00:00 [running]> on host a9166c5dc5ae
[2024-08-12T19:27:11.413+0000] {taskinstance.py:1660} INFO - Exporting env vars: AIRFLOW_CTX_DAG_OWNER='***' AIRFLOW_CTX_DAG_ID='monthly_monitor' AIRFLOW_CTX_TASK_ID='wait_for_data' AIRFLOW_CTX_EXECUTION_DATE='2024-05-01T00:00:00+00:00' AIRFLOW_CTX_TRY_NUMBER='1' AIRFLOW_CTX_DAG_RUN_ID='scheduled__2024-05-01T00:00:00+00:00'
[2024-08-12T19:27:11.477+0000] {external_task.py:244} INFO - Poking for tasks ['predict_and_save'] in dag monthly_prediction on 2024-05-01T00:00:00+00:00 ... 
[2024-08-12T19:27:11.670+0000] {taskinstance.py:1895} INFO - Rescheduling task, marking task as UP_FOR_RESCHEDULE
[2024-08-12T19:27:11.806+0000] {local_task_job_runner.py:228} INFO - Task exited with return code 0
[2024-08-12T19:27:11.932+0000] {taskinstance.py:2776} INFO - 0 downstream tasks scheduled from follow-on schedule check
[2024-08-12T19:28:13.795+0000] {taskinstance.py:1157} INFO - Dependencies all met for dep_context=non-requeueable deps ti=<TaskInstance: monthly_monitor.wait_for_data scheduled__2024-05-01T00:00:00+00:00 [queued]>
[2024-08-12T19:28:13.799+0000] {taskinstance.py:1157} INFO - Dependencies all met for dep_context=requeueable deps ti=<TaskInstance: monthly_monitor.wait_for_data scheduled__2024-05-01T00:00:00+00:00 [queued]>
[2024-08-12T19:28:13.800+0000] {taskinstance.py:1359} INFO - Starting attempt 1 of 1
[2024-08-12T19:28:13.805+0000] {taskinstance.py:1380} INFO - Executing <Task(ExternalTaskSensor): wait_for_data> on 2024-05-01 00:00:00+00:00
[2024-08-12T19:28:13.811+0000] {standard_task_runner.py:57} INFO - Started process 5513 to run task
[2024-08-12T19:28:13.814+0000] {standard_task_runner.py:84} INFO - Running: ['***', 'tasks', 'run', 'monthly_monitor', 'wait_for_data', 'scheduled__2024-05-01T00:00:00+00:00', '--job-id', '557', '--raw', '--subdir', 'DAGS_FOLDER/monitor.py', '--cfg-path', '/tmp/tmpoqk9rqlm']
[2024-08-12T19:28:13.815+0000] {standard_task_runner.py:85} INFO - Job 557: Subtask wait_for_data
[2024-08-12T19:28:13.846+0000] {task_command.py:415} INFO - Running <TaskInstance: monthly_monitor.wait_for_data scheduled__2024-05-01T00:00:00+00:00 [running]> on host a9166c5dc5ae
[2024-08-12T19:28:13.886+0000] {taskinstance.py:1660} INFO - Exporting env vars: AIRFLOW_CTX_DAG_OWNER='***' AIRFLOW_CTX_DAG_ID='monthly_monitor' AIRFLOW_CTX_TASK_ID='wait_for_data' AIRFLOW_CTX_EXECUTION_DATE='2024-05-01T00:00:00+00:00' AIRFLOW_CTX_TRY_NUMBER='1' AIRFLOW_CTX_DAG_RUN_ID='scheduled__2024-05-01T00:00:00+00:00'
[2024-08-12T19:28:13.893+0000] {external_task.py:244} INFO - Poking for tasks ['predict_and_save'] in dag monthly_prediction on 2024-05-01T00:00:00+00:00 ... 
[2024-08-12T19:28:13.910+0000] {taskinstance.py:1895} INFO - Rescheduling task, marking task as UP_FOR_RESCHEDULE
[2024-08-12T19:28:13.955+0000] {local_task_job_runner.py:228} INFO - Task exited with return code 0
[2024-08-12T19:28:13.964+0000] {taskinstance.py:2776} INFO - 0 downstream tasks scheduled from follow-on schedule check
[2024-08-12T19:28:37.527+0000] {taskinstance.py:1157} INFO - Dependencies all met for dep_context=non-requeueable deps ti=<TaskInstance: monthly_monitor.wait_for_data scheduled__2024-05-01T00:00:00+00:00 [queued]>
[2024-08-12T19:28:37.533+0000] {taskinstance.py:1157} INFO - Dependencies all met for dep_context=requeueable deps ti=<TaskInstance: monthly_monitor.wait_for_data scheduled__2024-05-01T00:00:00+00:00 [queued]>
[2024-08-12T19:28:37.535+0000] {taskinstance.py:1359} INFO - Starting attempt 1 of 1
[2024-08-12T19:28:37.587+0000] {taskinstance.py:1380} INFO - Executing <Task(ExternalTaskSensor): wait_for_data> on 2024-05-01 00:00:00+00:00
[2024-08-12T19:28:37.620+0000] {standard_task_runner.py:57} INFO - Started process 5766 to run task
[2024-08-12T19:28:37.619+0000] {standard_task_runner.py:84} INFO - Running: ['***', 'tasks', 'run', 'monthly_monitor', 'wait_for_data', 'scheduled__2024-05-01T00:00:00+00:00', '--job-id', '574', '--raw', '--subdir', 'DAGS_FOLDER/monitor.py', '--cfg-path', '/tmp/tmp0w3qc4ba']
[2024-08-12T19:28:37.639+0000] {standard_task_runner.py:85} INFO - Job 574: Subtask wait_for_data
[2024-08-12T19:28:37.765+0000] {task_command.py:415} INFO - Running <TaskInstance: monthly_monitor.wait_for_data scheduled__2024-05-01T00:00:00+00:00 [running]> on host a9166c5dc5ae
[2024-08-12T19:28:38.084+0000] {taskinstance.py:1660} INFO - Exporting env vars: AIRFLOW_CTX_DAG_OWNER='***' AIRFLOW_CTX_DAG_ID='monthly_monitor' AIRFLOW_CTX_TASK_ID='wait_for_data' AIRFLOW_CTX_EXECUTION_DATE='2024-05-01T00:00:00+00:00' AIRFLOW_CTX_TRY_NUMBER='1' AIRFLOW_CTX_DAG_RUN_ID='scheduled__2024-05-01T00:00:00+00:00'
[2024-08-12T19:28:38.134+0000] {external_task.py:244} INFO - Poking for tasks ['predict_and_save'] in dag monthly_prediction on 2024-05-01T00:00:00+00:00 ... 
[2024-08-12T19:28:38.308+0000] {taskinstance.py:1895} INFO - Rescheduling task, marking task as UP_FOR_RESCHEDULE
[2024-08-12T19:28:38.390+0000] {local_task_job_runner.py:228} INFO - Task exited with return code 0
[2024-08-12T19:28:38.496+0000] {taskinstance.py:2776} INFO - 0 downstream tasks scheduled from follow-on schedule check
[2024-08-12T19:29:40.381+0000] {taskinstance.py:1157} INFO - Dependencies all met for dep_context=non-requeueable deps ti=<TaskInstance: monthly_monitor.wait_for_data scheduled__2024-05-01T00:00:00+00:00 [queued]>
[2024-08-12T19:29:40.390+0000] {taskinstance.py:1157} INFO - Dependencies all met for dep_context=requeueable deps ti=<TaskInstance: monthly_monitor.wait_for_data scheduled__2024-05-01T00:00:00+00:00 [queued]>
[2024-08-12T19:29:40.390+0000] {taskinstance.py:1359} INFO - Starting attempt 1 of 1
[2024-08-12T19:29:40.398+0000] {taskinstance.py:1380} INFO - Executing <Task(ExternalTaskSensor): wait_for_data> on 2024-05-01 00:00:00+00:00
[2024-08-12T19:29:40.403+0000] {standard_task_runner.py:57} INFO - Started process 6001 to run task
[2024-08-12T19:29:40.406+0000] {standard_task_runner.py:84} INFO - Running: ['***', 'tasks', 'run', 'monthly_monitor', 'wait_for_data', 'scheduled__2024-05-01T00:00:00+00:00', '--job-id', '593', '--raw', '--subdir', 'DAGS_FOLDER/monitor.py', '--cfg-path', '/tmp/tmpw1zzyo6b']
[2024-08-12T19:29:40.409+0000] {standard_task_runner.py:85} INFO - Job 593: Subtask wait_for_data
[2024-08-12T19:29:40.458+0000] {task_command.py:415} INFO - Running <TaskInstance: monthly_monitor.wait_for_data scheduled__2024-05-01T00:00:00+00:00 [running]> on host a9166c5dc5ae
[2024-08-12T19:29:40.529+0000] {taskinstance.py:1660} INFO - Exporting env vars: AIRFLOW_CTX_DAG_OWNER='***' AIRFLOW_CTX_DAG_ID='monthly_monitor' AIRFLOW_CTX_TASK_ID='wait_for_data' AIRFLOW_CTX_EXECUTION_DATE='2024-05-01T00:00:00+00:00' AIRFLOW_CTX_TRY_NUMBER='1' AIRFLOW_CTX_DAG_RUN_ID='scheduled__2024-05-01T00:00:00+00:00'
[2024-08-12T19:29:40.542+0000] {external_task.py:244} INFO - Poking for tasks ['predict_and_save'] in dag monthly_prediction on 2024-05-01T00:00:00+00:00 ... 
[2024-08-12T19:29:40.571+0000] {taskinstance.py:1895} INFO - Rescheduling task, marking task as UP_FOR_RESCHEDULE
[2024-08-12T19:29:40.588+0000] {local_task_job_runner.py:228} INFO - Task exited with return code 0
[2024-08-12T19:29:40.605+0000] {taskinstance.py:2776} INFO - 0 downstream tasks scheduled from follow-on schedule check
[2024-08-12T19:30:42.519+0000] {taskinstance.py:1157} INFO - Dependencies all met for dep_context=non-requeueable deps ti=<TaskInstance: monthly_monitor.wait_for_data scheduled__2024-05-01T00:00:00+00:00 [queued]>
[2024-08-12T19:30:42.526+0000] {taskinstance.py:1157} INFO - Dependencies all met for dep_context=requeueable deps ti=<TaskInstance: monthly_monitor.wait_for_data scheduled__2024-05-01T00:00:00+00:00 [queued]>
[2024-08-12T19:30:42.526+0000] {taskinstance.py:1359} INFO - Starting attempt 1 of 1
[2024-08-12T19:30:42.537+0000] {taskinstance.py:1380} INFO - Executing <Task(ExternalTaskSensor): wait_for_data> on 2024-05-01 00:00:00+00:00
[2024-08-12T19:30:42.545+0000] {standard_task_runner.py:57} INFO - Started process 6154 to run task
[2024-08-12T19:30:42.549+0000] {standard_task_runner.py:84} INFO - Running: ['***', 'tasks', 'run', 'monthly_monitor', 'wait_for_data', 'scheduled__2024-05-01T00:00:00+00:00', '--job-id', '600', '--raw', '--subdir', 'DAGS_FOLDER/monitor.py', '--cfg-path', '/tmp/tmp1g6zqjca']
[2024-08-12T19:30:42.552+0000] {standard_task_runner.py:85} INFO - Job 600: Subtask wait_for_data
[2024-08-12T19:30:42.643+0000] {task_command.py:415} INFO - Running <TaskInstance: monthly_monitor.wait_for_data scheduled__2024-05-01T00:00:00+00:00 [running]> on host a9166c5dc5ae
[2024-08-12T19:30:42.764+0000] {taskinstance.py:1660} INFO - Exporting env vars: AIRFLOW_CTX_DAG_OWNER='***' AIRFLOW_CTX_DAG_ID='monthly_monitor' AIRFLOW_CTX_TASK_ID='wait_for_data' AIRFLOW_CTX_EXECUTION_DATE='2024-05-01T00:00:00+00:00' AIRFLOW_CTX_TRY_NUMBER='1' AIRFLOW_CTX_DAG_RUN_ID='scheduled__2024-05-01T00:00:00+00:00'
[2024-08-12T19:30:42.775+0000] {external_task.py:244} INFO - Poking for tasks ['predict_and_save'] in dag monthly_prediction on 2024-05-01T00:00:00+00:00 ... 
[2024-08-12T19:30:42.802+0000] {taskinstance.py:1895} INFO - Rescheduling task, marking task as UP_FOR_RESCHEDULE
[2024-08-12T19:30:42.809+0000] {local_task_job_runner.py:228} INFO - Task exited with return code 0
[2024-08-12T19:30:42.822+0000] {taskinstance.py:2776} INFO - 0 downstream tasks scheduled from follow-on schedule check
[2024-08-12T19:31:45.132+0000] {taskinstance.py:1157} INFO - Dependencies all met for dep_context=non-requeueable deps ti=<TaskInstance: monthly_monitor.wait_for_data scheduled__2024-05-01T00:00:00+00:00 [queued]>
[2024-08-12T19:31:45.141+0000] {taskinstance.py:1157} INFO - Dependencies all met for dep_context=requeueable deps ti=<TaskInstance: monthly_monitor.wait_for_data scheduled__2024-05-01T00:00:00+00:00 [queued]>
[2024-08-12T19:31:45.141+0000] {taskinstance.py:1359} INFO - Starting attempt 1 of 1
[2024-08-12T19:31:45.150+0000] {taskinstance.py:1380} INFO - Executing <Task(ExternalTaskSensor): wait_for_data> on 2024-05-01 00:00:00+00:00
[2024-08-12T19:31:45.159+0000] {standard_task_runner.py:57} INFO - Started process 6319 to run task
[2024-08-12T19:31:45.162+0000] {standard_task_runner.py:84} INFO - Running: ['***', 'tasks', 'run', 'monthly_monitor', 'wait_for_data', 'scheduled__2024-05-01T00:00:00+00:00', '--job-id', '606', '--raw', '--subdir', 'DAGS_FOLDER/monitor.py', '--cfg-path', '/tmp/tmp0n1buetv']
[2024-08-12T19:31:45.165+0000] {standard_task_runner.py:85} INFO - Job 606: Subtask wait_for_data
[2024-08-12T19:31:45.241+0000] {task_command.py:415} INFO - Running <TaskInstance: monthly_monitor.wait_for_data scheduled__2024-05-01T00:00:00+00:00 [running]> on host a9166c5dc5ae
[2024-08-12T19:31:45.339+0000] {taskinstance.py:1660} INFO - Exporting env vars: AIRFLOW_CTX_DAG_OWNER='***' AIRFLOW_CTX_DAG_ID='monthly_monitor' AIRFLOW_CTX_TASK_ID='wait_for_data' AIRFLOW_CTX_EXECUTION_DATE='2024-05-01T00:00:00+00:00' AIRFLOW_CTX_TRY_NUMBER='1' AIRFLOW_CTX_DAG_RUN_ID='scheduled__2024-05-01T00:00:00+00:00'
[2024-08-12T19:31:45.352+0000] {external_task.py:244} INFO - Poking for tasks ['predict_and_save'] in dag monthly_prediction on 2024-05-01T00:00:00+00:00 ... 
[2024-08-12T19:31:45.383+0000] {taskinstance.py:1895} INFO - Rescheduling task, marking task as UP_FOR_RESCHEDULE
[2024-08-12T19:31:45.425+0000] {local_task_job_runner.py:228} INFO - Task exited with return code 0
[2024-08-12T19:31:45.444+0000] {taskinstance.py:2776} INFO - 0 downstream tasks scheduled from follow-on schedule check
[2024-08-12T19:32:48.485+0000] {taskinstance.py:1157} INFO - Dependencies all met for dep_context=non-requeueable deps ti=<TaskInstance: monthly_monitor.wait_for_data scheduled__2024-05-01T00:00:00+00:00 [queued]>
[2024-08-12T19:32:48.497+0000] {taskinstance.py:1157} INFO - Dependencies all met for dep_context=requeueable deps ti=<TaskInstance: monthly_monitor.wait_for_data scheduled__2024-05-01T00:00:00+00:00 [queued]>
[2024-08-12T19:32:48.499+0000] {taskinstance.py:1359} INFO - Starting attempt 1 of 1
[2024-08-12T19:32:48.508+0000] {taskinstance.py:1380} INFO - Executing <Task(ExternalTaskSensor): wait_for_data> on 2024-05-01 00:00:00+00:00
[2024-08-12T19:32:48.517+0000] {standard_task_runner.py:57} INFO - Started process 6469 to run task
[2024-08-12T19:32:48.523+0000] {standard_task_runner.py:84} INFO - Running: ['***', 'tasks', 'run', 'monthly_monitor', 'wait_for_data', 'scheduled__2024-05-01T00:00:00+00:00', '--job-id', '610', '--raw', '--subdir', 'DAGS_FOLDER/monitor.py', '--cfg-path', '/tmp/tmpvwevtj1n']
[2024-08-12T19:32:48.527+0000] {standard_task_runner.py:85} INFO - Job 610: Subtask wait_for_data
[2024-08-12T19:32:48.615+0000] {task_command.py:415} INFO - Running <TaskInstance: monthly_monitor.wait_for_data scheduled__2024-05-01T00:00:00+00:00 [running]> on host a9166c5dc5ae
[2024-08-12T19:32:48.707+0000] {taskinstance.py:1660} INFO - Exporting env vars: AIRFLOW_CTX_DAG_OWNER='***' AIRFLOW_CTX_DAG_ID='monthly_monitor' AIRFLOW_CTX_TASK_ID='wait_for_data' AIRFLOW_CTX_EXECUTION_DATE='2024-05-01T00:00:00+00:00' AIRFLOW_CTX_TRY_NUMBER='1' AIRFLOW_CTX_DAG_RUN_ID='scheduled__2024-05-01T00:00:00+00:00'
[2024-08-12T19:32:48.721+0000] {external_task.py:244} INFO - Poking for tasks ['predict_and_save'] in dag monthly_prediction on 2024-05-01T00:00:00+00:00 ... 
[2024-08-12T19:32:48.782+0000] {taskinstance.py:1895} INFO - Rescheduling task, marking task as UP_FOR_RESCHEDULE
[2024-08-12T19:32:48.830+0000] {local_task_job_runner.py:228} INFO - Task exited with return code 0
[2024-08-12T19:32:48.856+0000] {taskinstance.py:2776} INFO - 0 downstream tasks scheduled from follow-on schedule check
[2024-08-12T19:33:52.183+0000] {taskinstance.py:1157} INFO - Dependencies all met for dep_context=non-requeueable deps ti=<TaskInstance: monthly_monitor.wait_for_data scheduled__2024-05-01T00:00:00+00:00 [queued]>
[2024-08-12T19:33:52.192+0000] {taskinstance.py:1157} INFO - Dependencies all met for dep_context=requeueable deps ti=<TaskInstance: monthly_monitor.wait_for_data scheduled__2024-05-01T00:00:00+00:00 [queued]>
[2024-08-12T19:33:52.196+0000] {taskinstance.py:1359} INFO - Starting attempt 1 of 1
[2024-08-12T19:33:52.207+0000] {taskinstance.py:1380} INFO - Executing <Task(ExternalTaskSensor): wait_for_data> on 2024-05-01 00:00:00+00:00
[2024-08-12T19:33:52.215+0000] {standard_task_runner.py:57} INFO - Started process 6629 to run task
[2024-08-12T19:33:52.219+0000] {standard_task_runner.py:84} INFO - Running: ['***', 'tasks', 'run', 'monthly_monitor', 'wait_for_data', 'scheduled__2024-05-01T00:00:00+00:00', '--job-id', '617', '--raw', '--subdir', 'DAGS_FOLDER/monitor.py', '--cfg-path', '/tmp/tmpai46jgzw']
[2024-08-12T19:33:52.222+0000] {standard_task_runner.py:85} INFO - Job 617: Subtask wait_for_data
[2024-08-12T19:33:52.346+0000] {task_command.py:415} INFO - Running <TaskInstance: monthly_monitor.wait_for_data scheduled__2024-05-01T00:00:00+00:00 [running]> on host a9166c5dc5ae
[2024-08-12T19:33:52.486+0000] {taskinstance.py:1660} INFO - Exporting env vars: AIRFLOW_CTX_DAG_OWNER='***' AIRFLOW_CTX_DAG_ID='monthly_monitor' AIRFLOW_CTX_TASK_ID='wait_for_data' AIRFLOW_CTX_EXECUTION_DATE='2024-05-01T00:00:00+00:00' AIRFLOW_CTX_TRY_NUMBER='1' AIRFLOW_CTX_DAG_RUN_ID='scheduled__2024-05-01T00:00:00+00:00'
[2024-08-12T19:33:52.515+0000] {external_task.py:244} INFO - Poking for tasks ['predict_and_save'] in dag monthly_prediction on 2024-05-01T00:00:00+00:00 ... 
[2024-08-12T19:33:52.568+0000] {taskinstance.py:1895} INFO - Rescheduling task, marking task as UP_FOR_RESCHEDULE
[2024-08-12T19:33:52.608+0000] {local_task_job_runner.py:228} INFO - Task exited with return code 0
[2024-08-12T19:33:52.655+0000] {taskinstance.py:2776} INFO - 0 downstream tasks scheduled from follow-on schedule check
[2024-08-12T19:34:54.985+0000] {taskinstance.py:1157} INFO - Dependencies all met for dep_context=non-requeueable deps ti=<TaskInstance: monthly_monitor.wait_for_data scheduled__2024-05-01T00:00:00+00:00 [queued]>
[2024-08-12T19:34:54.993+0000] {taskinstance.py:1157} INFO - Dependencies all met for dep_context=requeueable deps ti=<TaskInstance: monthly_monitor.wait_for_data scheduled__2024-05-01T00:00:00+00:00 [queued]>
[2024-08-12T19:34:54.994+0000] {taskinstance.py:1359} INFO - Starting attempt 1 of 1
[2024-08-12T19:34:55.008+0000] {taskinstance.py:1380} INFO - Executing <Task(ExternalTaskSensor): wait_for_data> on 2024-05-01 00:00:00+00:00
[2024-08-12T19:34:55.017+0000] {standard_task_runner.py:57} INFO - Started process 6780 to run task
[2024-08-12T19:34:55.020+0000] {standard_task_runner.py:84} INFO - Running: ['***', 'tasks', 'run', 'monthly_monitor', 'wait_for_data', 'scheduled__2024-05-01T00:00:00+00:00', '--job-id', '622', '--raw', '--subdir', 'DAGS_FOLDER/monitor.py', '--cfg-path', '/tmp/tmp306fmkbk']
[2024-08-12T19:34:55.025+0000] {standard_task_runner.py:85} INFO - Job 622: Subtask wait_for_data
[2024-08-12T19:34:55.076+0000] {task_command.py:415} INFO - Running <TaskInstance: monthly_monitor.wait_for_data scheduled__2024-05-01T00:00:00+00:00 [running]> on host a9166c5dc5ae
[2024-08-12T19:34:55.180+0000] {taskinstance.py:1660} INFO - Exporting env vars: AIRFLOW_CTX_DAG_OWNER='***' AIRFLOW_CTX_DAG_ID='monthly_monitor' AIRFLOW_CTX_TASK_ID='wait_for_data' AIRFLOW_CTX_EXECUTION_DATE='2024-05-01T00:00:00+00:00' AIRFLOW_CTX_TRY_NUMBER='1' AIRFLOW_CTX_DAG_RUN_ID='scheduled__2024-05-01T00:00:00+00:00'
[2024-08-12T19:34:55.192+0000] {external_task.py:244} INFO - Poking for tasks ['predict_and_save'] in dag monthly_prediction on 2024-05-01T00:00:00+00:00 ... 
[2024-08-12T19:34:55.238+0000] {taskinstance.py:1895} INFO - Rescheduling task, marking task as UP_FOR_RESCHEDULE
[2024-08-12T19:34:55.287+0000] {local_task_job_runner.py:228} INFO - Task exited with return code 0
[2024-08-12T19:34:55.300+0000] {taskinstance.py:2776} INFO - 0 downstream tasks scheduled from follow-on schedule check
[2024-08-12T19:35:58.126+0000] {taskinstance.py:1157} INFO - Dependencies all met for dep_context=non-requeueable deps ti=<TaskInstance: monthly_monitor.wait_for_data scheduled__2024-05-01T00:00:00+00:00 [queued]>
[2024-08-12T19:35:58.135+0000] {taskinstance.py:1157} INFO - Dependencies all met for dep_context=requeueable deps ti=<TaskInstance: monthly_monitor.wait_for_data scheduled__2024-05-01T00:00:00+00:00 [queued]>
[2024-08-12T19:35:58.137+0000] {taskinstance.py:1359} INFO - Starting attempt 1 of 1
[2024-08-12T19:35:58.144+0000] {taskinstance.py:1380} INFO - Executing <Task(ExternalTaskSensor): wait_for_data> on 2024-05-01 00:00:00+00:00
[2024-08-12T19:35:58.152+0000] {standard_task_runner.py:57} INFO - Started process 6933 to run task
[2024-08-12T19:35:58.155+0000] {standard_task_runner.py:84} INFO - Running: ['***', 'tasks', 'run', 'monthly_monitor', 'wait_for_data', 'scheduled__2024-05-01T00:00:00+00:00', '--job-id', '629', '--raw', '--subdir', 'DAGS_FOLDER/monitor.py', '--cfg-path', '/tmp/tmp77jxuyk6']
[2024-08-12T19:35:58.160+0000] {standard_task_runner.py:85} INFO - Job 629: Subtask wait_for_data
[2024-08-12T19:35:58.224+0000] {task_command.py:415} INFO - Running <TaskInstance: monthly_monitor.wait_for_data scheduled__2024-05-01T00:00:00+00:00 [running]> on host a9166c5dc5ae
[2024-08-12T19:35:58.302+0000] {taskinstance.py:1660} INFO - Exporting env vars: AIRFLOW_CTX_DAG_OWNER='***' AIRFLOW_CTX_DAG_ID='monthly_monitor' AIRFLOW_CTX_TASK_ID='wait_for_data' AIRFLOW_CTX_EXECUTION_DATE='2024-05-01T00:00:00+00:00' AIRFLOW_CTX_TRY_NUMBER='1' AIRFLOW_CTX_DAG_RUN_ID='scheduled__2024-05-01T00:00:00+00:00'
[2024-08-12T19:35:58.316+0000] {external_task.py:244} INFO - Poking for tasks ['predict_and_save'] in dag monthly_prediction on 2024-05-01T00:00:00+00:00 ... 
[2024-08-12T19:35:58.340+0000] {taskinstance.py:1895} INFO - Rescheduling task, marking task as UP_FOR_RESCHEDULE
[2024-08-12T19:35:58.377+0000] {local_task_job_runner.py:228} INFO - Task exited with return code 0
[2024-08-12T19:35:58.389+0000] {taskinstance.py:2776} INFO - 0 downstream tasks scheduled from follow-on schedule check
[2024-08-12T19:37:01.292+0000] {taskinstance.py:1157} INFO - Dependencies all met for dep_context=non-requeueable deps ti=<TaskInstance: monthly_monitor.wait_for_data scheduled__2024-05-01T00:00:00+00:00 [queued]>
[2024-08-12T19:37:01.301+0000] {taskinstance.py:1157} INFO - Dependencies all met for dep_context=requeueable deps ti=<TaskInstance: monthly_monitor.wait_for_data scheduled__2024-05-01T00:00:00+00:00 [queued]>
[2024-08-12T19:37:01.301+0000] {taskinstance.py:1359} INFO - Starting attempt 1 of 1
[2024-08-12T19:37:01.318+0000] {taskinstance.py:1380} INFO - Executing <Task(ExternalTaskSensor): wait_for_data> on 2024-05-01 00:00:00+00:00
[2024-08-12T19:37:01.329+0000] {standard_task_runner.py:57} INFO - Started process 7087 to run task
[2024-08-12T19:37:01.333+0000] {standard_task_runner.py:84} INFO - Running: ['***', 'tasks', 'run', 'monthly_monitor', 'wait_for_data', 'scheduled__2024-05-01T00:00:00+00:00', '--job-id', '637', '--raw', '--subdir', 'DAGS_FOLDER/monitor.py', '--cfg-path', '/tmp/tmpyfykk8zs']
[2024-08-12T19:37:01.348+0000] {standard_task_runner.py:85} INFO - Job 637: Subtask wait_for_data
[2024-08-12T19:37:01.442+0000] {task_command.py:415} INFO - Running <TaskInstance: monthly_monitor.wait_for_data scheduled__2024-05-01T00:00:00+00:00 [running]> on host a9166c5dc5ae
[2024-08-12T19:37:01.523+0000] {taskinstance.py:1660} INFO - Exporting env vars: AIRFLOW_CTX_DAG_OWNER='***' AIRFLOW_CTX_DAG_ID='monthly_monitor' AIRFLOW_CTX_TASK_ID='wait_for_data' AIRFLOW_CTX_EXECUTION_DATE='2024-05-01T00:00:00+00:00' AIRFLOW_CTX_TRY_NUMBER='1' AIRFLOW_CTX_DAG_RUN_ID='scheduled__2024-05-01T00:00:00+00:00'
[2024-08-12T19:37:01.539+0000] {external_task.py:244} INFO - Poking for tasks ['predict_and_save'] in dag monthly_prediction on 2024-05-01T00:00:00+00:00 ... 
[2024-08-12T19:37:01.582+0000] {taskinstance.py:1895} INFO - Rescheduling task, marking task as UP_FOR_RESCHEDULE
[2024-08-12T19:37:01.593+0000] {local_task_job_runner.py:228} INFO - Task exited with return code 0
[2024-08-12T19:37:01.616+0000] {taskinstance.py:2776} INFO - 0 downstream tasks scheduled from follow-on schedule check
[2024-08-12T19:38:05.130+0000] {taskinstance.py:1157} INFO - Dependencies all met for dep_context=non-requeueable deps ti=<TaskInstance: monthly_monitor.wait_for_data scheduled__2024-05-01T00:00:00+00:00 [queued]>
[2024-08-12T19:38:05.139+0000] {taskinstance.py:1157} INFO - Dependencies all met for dep_context=requeueable deps ti=<TaskInstance: monthly_monitor.wait_for_data scheduled__2024-05-01T00:00:00+00:00 [queued]>
[2024-08-12T19:38:05.140+0000] {taskinstance.py:1359} INFO - Starting attempt 1 of 1
[2024-08-12T19:38:05.160+0000] {taskinstance.py:1380} INFO - Executing <Task(ExternalTaskSensor): wait_for_data> on 2024-05-01 00:00:00+00:00
[2024-08-12T19:38:05.172+0000] {standard_task_runner.py:57} INFO - Started process 7237 to run task
[2024-08-12T19:38:05.176+0000] {standard_task_runner.py:84} INFO - Running: ['***', 'tasks', 'run', 'monthly_monitor', 'wait_for_data', 'scheduled__2024-05-01T00:00:00+00:00', '--job-id', '641', '--raw', '--subdir', 'DAGS_FOLDER/monitor.py', '--cfg-path', '/tmp/tmppnovev1j']
[2024-08-12T19:38:05.179+0000] {standard_task_runner.py:85} INFO - Job 641: Subtask wait_for_data
[2024-08-12T19:38:05.252+0000] {task_command.py:415} INFO - Running <TaskInstance: monthly_monitor.wait_for_data scheduled__2024-05-01T00:00:00+00:00 [running]> on host a9166c5dc5ae
[2024-08-12T19:38:05.340+0000] {taskinstance.py:1660} INFO - Exporting env vars: AIRFLOW_CTX_DAG_OWNER='***' AIRFLOW_CTX_DAG_ID='monthly_monitor' AIRFLOW_CTX_TASK_ID='wait_for_data' AIRFLOW_CTX_EXECUTION_DATE='2024-05-01T00:00:00+00:00' AIRFLOW_CTX_TRY_NUMBER='1' AIRFLOW_CTX_DAG_RUN_ID='scheduled__2024-05-01T00:00:00+00:00'
[2024-08-12T19:38:05.352+0000] {external_task.py:244} INFO - Poking for tasks ['predict_and_save'] in dag monthly_prediction on 2024-05-01T00:00:00+00:00 ... 
[2024-08-12T19:38:05.387+0000] {taskinstance.py:1895} INFO - Rescheduling task, marking task as UP_FOR_RESCHEDULE
[2024-08-12T19:38:05.401+0000] {local_task_job_runner.py:228} INFO - Task exited with return code 0
[2024-08-12T19:38:05.424+0000] {taskinstance.py:2776} INFO - 0 downstream tasks scheduled from follow-on schedule check
[2024-08-12T19:39:08.413+0000] {taskinstance.py:1157} INFO - Dependencies all met for dep_context=non-requeueable deps ti=<TaskInstance: monthly_monitor.wait_for_data scheduled__2024-05-01T00:00:00+00:00 [queued]>
[2024-08-12T19:39:08.428+0000] {taskinstance.py:1157} INFO - Dependencies all met for dep_context=requeueable deps ti=<TaskInstance: monthly_monitor.wait_for_data scheduled__2024-05-01T00:00:00+00:00 [queued]>
[2024-08-12T19:39:08.429+0000] {taskinstance.py:1359} INFO - Starting attempt 1 of 1
[2024-08-12T19:39:08.451+0000] {taskinstance.py:1380} INFO - Executing <Task(ExternalTaskSensor): wait_for_data> on 2024-05-01 00:00:00+00:00
[2024-08-12T19:39:08.465+0000] {standard_task_runner.py:57} INFO - Started process 7392 to run task
[2024-08-12T19:39:08.471+0000] {standard_task_runner.py:84} INFO - Running: ['***', 'tasks', 'run', 'monthly_monitor', 'wait_for_data', 'scheduled__2024-05-01T00:00:00+00:00', '--job-id', '650', '--raw', '--subdir', 'DAGS_FOLDER/monitor.py', '--cfg-path', '/tmp/tmpnugdh6ui']
[2024-08-12T19:39:08.476+0000] {standard_task_runner.py:85} INFO - Job 650: Subtask wait_for_data
[2024-08-12T19:39:08.657+0000] {task_command.py:415} INFO - Running <TaskInstance: monthly_monitor.wait_for_data scheduled__2024-05-01T00:00:00+00:00 [running]> on host a9166c5dc5ae
[2024-08-12T19:39:08.725+0000] {taskinstance.py:1660} INFO - Exporting env vars: AIRFLOW_CTX_DAG_OWNER='***' AIRFLOW_CTX_DAG_ID='monthly_monitor' AIRFLOW_CTX_TASK_ID='wait_for_data' AIRFLOW_CTX_EXECUTION_DATE='2024-05-01T00:00:00+00:00' AIRFLOW_CTX_TRY_NUMBER='1' AIRFLOW_CTX_DAG_RUN_ID='scheduled__2024-05-01T00:00:00+00:00'
[2024-08-12T19:39:08.744+0000] {external_task.py:244} INFO - Poking for tasks ['predict_and_save'] in dag monthly_prediction on 2024-05-01T00:00:00+00:00 ... 
[2024-08-12T19:39:08.761+0000] {taskinstance.py:1935} ERROR - Task failed with exception
Traceback (most recent call last):
  File "/home/airflow/.local/lib/python3.8/site-packages/airflow/sensors/external_task.py", line 334, in execute
    super().execute(context)
  File "/home/airflow/.local/lib/python3.8/site-packages/airflow/sensors/base.py", line 274, in execute
    raise AirflowSensorTimeout(message)
airflow.exceptions.AirflowSensorTimeout: Sensor has timed out; run duration of 630.897951 seconds exceeds the specified timeout of 600.0.
[2024-08-12T19:39:08.771+0000] {taskinstance.py:1398} INFO - Immediate failure requested. Marking task as FAILED. dag_id=monthly_monitor, task_id=wait_for_data, execution_date=20240501T000000, start_date=20240812T193908, end_date=20240812T193908
[2024-08-12T19:39:08.779+0000] {standard_task_runner.py:104} ERROR - Failed to execute job 650 for task wait_for_data (Sensor has timed out; run duration of 630.897951 seconds exceeds the specified timeout of 600.0.; 7392)
[2024-08-12T19:39:08.821+0000] {local_task_job_runner.py:228} INFO - Task exited with return code 1
[2024-08-12T19:39:08.833+0000] {taskinstance.py:2776} INFO - 0 downstream tasks scheduled from follow-on schedule check
[2024-08-12T20:09:49.888+0000] {taskinstance.py:1157} INFO - Dependencies all met for dep_context=non-requeueable deps ti=<TaskInstance: monthly_monitor.wait_for_data scheduled__2024-05-01T00:00:00+00:00 [queued]>
[2024-08-12T20:09:49.940+0000] {taskinstance.py:1157} INFO - Dependencies all met for dep_context=requeueable deps ti=<TaskInstance: monthly_monitor.wait_for_data scheduled__2024-05-01T00:00:00+00:00 [queued]>
[2024-08-12T20:09:49.987+0000] {taskinstance.py:1359} INFO - Starting attempt 1 of 1
[2024-08-12T20:09:50.662+0000] {taskinstance.py:1380} INFO - Executing <Task(ExternalTaskSensor): wait_for_data> on 2024-05-01 00:00:00+00:00
[2024-08-12T20:09:50.790+0000] {standard_task_runner.py:57} INFO - Started process 13048 to run task
[2024-08-12T20:09:50.847+0000] {standard_task_runner.py:84} INFO - Running: ['***', 'tasks', 'run', 'monthly_monitor', 'wait_for_data', 'scheduled__2024-05-01T00:00:00+00:00', '--job-id', '903', '--raw', '--subdir', 'DAGS_FOLDER/monitor.py', '--cfg-path', '/tmp/tmpcwptyas7']
[2024-08-12T20:09:50.884+0000] {standard_task_runner.py:85} INFO - Job 903: Subtask wait_for_data
[2024-08-12T20:09:53.593+0000] {task_command.py:415} INFO - Running <TaskInstance: monthly_monitor.wait_for_data scheduled__2024-05-01T00:00:00+00:00 [running]> on host a9166c5dc5ae
[2024-08-12T20:09:54.811+0000] {taskinstance.py:1660} INFO - Exporting env vars: AIRFLOW_CTX_DAG_OWNER='***' AIRFLOW_CTX_DAG_ID='monthly_monitor' AIRFLOW_CTX_TASK_ID='wait_for_data' AIRFLOW_CTX_EXECUTION_DATE='2024-05-01T00:00:00+00:00' AIRFLOW_CTX_TRY_NUMBER='1' AIRFLOW_CTX_DAG_RUN_ID='scheduled__2024-05-01T00:00:00+00:00'
[2024-08-12T20:09:54.995+0000] {external_task.py:244} INFO - Poking for tasks ['predict_and_save'] in dag monthly_prediction on 2024-05-01T00:00:00+00:00 ... 
[2024-08-12T20:09:55.148+0000] {base.py:287} INFO - Success criteria met. Exiting.
[2024-08-12T20:09:55.324+0000] {taskinstance.py:1398} INFO - Marking task as SUCCESS. dag_id=monthly_monitor, task_id=wait_for_data, execution_date=20240501T000000, start_date=20240812T200949, end_date=20240812T200955
[2024-08-12T20:09:55.679+0000] {local_task_job_runner.py:228} INFO - Task exited with return code 0
[2024-08-12T20:09:56.008+0000] {taskinstance.py:2776} INFO - 0 downstream tasks scheduled from follow-on schedule check
