[2024-08-12T18:59:52.051+0000] {taskinstance.py:1157} INFO - Dependencies all met for dep_context=non-requeueable deps ti=<TaskInstance: monthly_monitor.wait_for_data manual__2024-08-12T18:59:49.437706+00:00 [queued]>
[2024-08-12T18:59:52.056+0000] {taskinstance.py:1157} INFO - Dependencies all met for dep_context=requeueable deps ti=<TaskInstance: monthly_monitor.wait_for_data manual__2024-08-12T18:59:49.437706+00:00 [queued]>
[2024-08-12T18:59:52.057+0000] {taskinstance.py:1359} INFO - Starting attempt 1 of 1
[2024-08-12T18:59:52.063+0000] {taskinstance.py:1380} INFO - Executing <Task(ExternalTaskSensor): wait_for_data> on 2024-08-12 18:59:49.437706+00:00
[2024-08-12T18:59:52.067+0000] {standard_task_runner.py:57} INFO - Started process 1329 to run task
[2024-08-12T18:59:52.069+0000] {standard_task_runner.py:84} INFO - Running: ['***', 'tasks', 'run', 'monthly_monitor', 'wait_for_data', 'manual__2024-08-12T18:59:49.437706+00:00', '--job-id', '395', '--raw', '--subdir', 'DAGS_FOLDER/monitor.py', '--cfg-path', '/tmp/tmpu6kd94vw']
[2024-08-12T18:59:52.071+0000] {standard_task_runner.py:85} INFO - Job 395: Subtask wait_for_data
[2024-08-12T18:59:52.097+0000] {task_command.py:415} INFO - Running <TaskInstance: monthly_monitor.wait_for_data manual__2024-08-12T18:59:49.437706+00:00 [running]> on host a9166c5dc5ae
[2024-08-12T18:59:52.142+0000] {taskinstance.py:1660} INFO - Exporting env vars: AIRFLOW_CTX_DAG_OWNER='***' AIRFLOW_CTX_DAG_ID='monthly_monitor' AIRFLOW_CTX_TASK_ID='wait_for_data' AIRFLOW_CTX_EXECUTION_DATE='2024-08-12T18:59:49.437706+00:00' AIRFLOW_CTX_TRY_NUMBER='1' AIRFLOW_CTX_DAG_RUN_ID='manual__2024-08-12T18:59:49.437706+00:00'
[2024-08-12T18:59:52.148+0000] {external_task.py:244} INFO - Poking for tasks ['predict_and_save'] in dag monthly_prediction on 2024-08-12T18:59:49.437706+00:00 ... 
[2024-08-12T18:59:52.163+0000] {taskinstance.py:1895} INFO - Rescheduling task, marking task as UP_FOR_RESCHEDULE
[2024-08-12T18:59:52.168+0000] {local_task_job_runner.py:228} INFO - Task exited with return code 0
[2024-08-12T18:59:52.176+0000] {taskinstance.py:2776} INFO - 0 downstream tasks scheduled from follow-on schedule check
[2024-08-12T19:00:54.599+0000] {taskinstance.py:1157} INFO - Dependencies all met for dep_context=non-requeueable deps ti=<TaskInstance: monthly_monitor.wait_for_data manual__2024-08-12T18:59:49.437706+00:00 [queued]>
[2024-08-12T19:00:54.603+0000] {taskinstance.py:1157} INFO - Dependencies all met for dep_context=requeueable deps ti=<TaskInstance: monthly_monitor.wait_for_data manual__2024-08-12T18:59:49.437706+00:00 [queued]>
[2024-08-12T19:00:54.603+0000] {taskinstance.py:1359} INFO - Starting attempt 1 of 1
[2024-08-12T19:00:54.608+0000] {taskinstance.py:1380} INFO - Executing <Task(ExternalTaskSensor): wait_for_data> on 2024-08-12 18:59:49.437706+00:00
[2024-08-12T19:00:54.614+0000] {standard_task_runner.py:57} INFO - Started process 1515 to run task
[2024-08-12T19:00:54.616+0000] {standard_task_runner.py:84} INFO - Running: ['***', 'tasks', 'run', 'monthly_monitor', 'wait_for_data', 'manual__2024-08-12T18:59:49.437706+00:00', '--job-id', '404', '--raw', '--subdir', 'DAGS_FOLDER/monitor.py', '--cfg-path', '/tmp/tmpyj6u73vc']
[2024-08-12T19:00:54.618+0000] {standard_task_runner.py:85} INFO - Job 404: Subtask wait_for_data
[2024-08-12T19:00:54.650+0000] {task_command.py:415} INFO - Running <TaskInstance: monthly_monitor.wait_for_data manual__2024-08-12T18:59:49.437706+00:00 [running]> on host a9166c5dc5ae
[2024-08-12T19:00:54.697+0000] {taskinstance.py:1660} INFO - Exporting env vars: AIRFLOW_CTX_DAG_OWNER='***' AIRFLOW_CTX_DAG_ID='monthly_monitor' AIRFLOW_CTX_TASK_ID='wait_for_data' AIRFLOW_CTX_EXECUTION_DATE='2024-08-12T18:59:49.437706+00:00' AIRFLOW_CTX_TRY_NUMBER='1' AIRFLOW_CTX_DAG_RUN_ID='manual__2024-08-12T18:59:49.437706+00:00'
[2024-08-12T19:00:54.702+0000] {external_task.py:244} INFO - Poking for tasks ['predict_and_save'] in dag monthly_prediction on 2024-08-12T18:59:49.437706+00:00 ... 
[2024-08-12T19:00:54.718+0000] {taskinstance.py:1895} INFO - Rescheduling task, marking task as UP_FOR_RESCHEDULE
[2024-08-12T19:00:54.757+0000] {local_task_job_runner.py:228} INFO - Task exited with return code 0
[2024-08-12T19:00:54.767+0000] {taskinstance.py:2776} INFO - 0 downstream tasks scheduled from follow-on schedule check
[2024-08-12T19:01:56.304+0000] {taskinstance.py:1157} INFO - Dependencies all met for dep_context=non-requeueable deps ti=<TaskInstance: monthly_monitor.wait_for_data manual__2024-08-12T18:59:49.437706+00:00 [queued]>
[2024-08-12T19:01:56.308+0000] {taskinstance.py:1157} INFO - Dependencies all met for dep_context=requeueable deps ti=<TaskInstance: monthly_monitor.wait_for_data manual__2024-08-12T18:59:49.437706+00:00 [queued]>
[2024-08-12T19:01:56.308+0000] {taskinstance.py:1359} INFO - Starting attempt 1 of 1
[2024-08-12T19:01:56.313+0000] {taskinstance.py:1380} INFO - Executing <Task(ExternalTaskSensor): wait_for_data> on 2024-08-12 18:59:49.437706+00:00
[2024-08-12T19:01:56.317+0000] {standard_task_runner.py:57} INFO - Started process 1647 to run task
[2024-08-12T19:01:56.319+0000] {standard_task_runner.py:84} INFO - Running: ['***', 'tasks', 'run', 'monthly_monitor', 'wait_for_data', 'manual__2024-08-12T18:59:49.437706+00:00', '--job-id', '408', '--raw', '--subdir', 'DAGS_FOLDER/monitor.py', '--cfg-path', '/tmp/tmpg43wfqq7']
[2024-08-12T19:01:56.320+0000] {standard_task_runner.py:85} INFO - Job 408: Subtask wait_for_data
[2024-08-12T19:01:56.345+0000] {task_command.py:415} INFO - Running <TaskInstance: monthly_monitor.wait_for_data manual__2024-08-12T18:59:49.437706+00:00 [running]> on host a9166c5dc5ae
[2024-08-12T19:01:56.383+0000] {taskinstance.py:1660} INFO - Exporting env vars: AIRFLOW_CTX_DAG_OWNER='***' AIRFLOW_CTX_DAG_ID='monthly_monitor' AIRFLOW_CTX_TASK_ID='wait_for_data' AIRFLOW_CTX_EXECUTION_DATE='2024-08-12T18:59:49.437706+00:00' AIRFLOW_CTX_TRY_NUMBER='1' AIRFLOW_CTX_DAG_RUN_ID='manual__2024-08-12T18:59:49.437706+00:00'
[2024-08-12T19:01:56.388+0000] {external_task.py:244} INFO - Poking for tasks ['predict_and_save'] in dag monthly_prediction on 2024-08-12T18:59:49.437706+00:00 ... 
[2024-08-12T19:01:56.402+0000] {taskinstance.py:1895} INFO - Rescheduling task, marking task as UP_FOR_RESCHEDULE
[2024-08-12T19:01:56.419+0000] {local_task_job_runner.py:228} INFO - Task exited with return code 0
[2024-08-12T19:01:56.428+0000] {taskinstance.py:2776} INFO - 0 downstream tasks scheduled from follow-on schedule check
[2024-08-12T19:02:57.831+0000] {taskinstance.py:1157} INFO - Dependencies all met for dep_context=non-requeueable deps ti=<TaskInstance: monthly_monitor.wait_for_data manual__2024-08-12T18:59:49.437706+00:00 [queued]>
[2024-08-12T19:02:57.835+0000] {taskinstance.py:1157} INFO - Dependencies all met for dep_context=requeueable deps ti=<TaskInstance: monthly_monitor.wait_for_data manual__2024-08-12T18:59:49.437706+00:00 [queued]>
[2024-08-12T19:02:57.835+0000] {taskinstance.py:1359} INFO - Starting attempt 1 of 1
[2024-08-12T19:02:57.840+0000] {taskinstance.py:1380} INFO - Executing <Task(ExternalTaskSensor): wait_for_data> on 2024-08-12 18:59:49.437706+00:00
[2024-08-12T19:02:57.845+0000] {standard_task_runner.py:57} INFO - Started process 1769 to run task
[2024-08-12T19:02:57.847+0000] {standard_task_runner.py:84} INFO - Running: ['***', 'tasks', 'run', 'monthly_monitor', 'wait_for_data', 'manual__2024-08-12T18:59:49.437706+00:00', '--job-id', '411', '--raw', '--subdir', 'DAGS_FOLDER/monitor.py', '--cfg-path', '/tmp/tmpzy1019tr']
[2024-08-12T19:02:57.848+0000] {standard_task_runner.py:85} INFO - Job 411: Subtask wait_for_data
[2024-08-12T19:02:57.870+0000] {task_command.py:415} INFO - Running <TaskInstance: monthly_monitor.wait_for_data manual__2024-08-12T18:59:49.437706+00:00 [running]> on host a9166c5dc5ae
[2024-08-12T19:02:57.906+0000] {taskinstance.py:1660} INFO - Exporting env vars: AIRFLOW_CTX_DAG_OWNER='***' AIRFLOW_CTX_DAG_ID='monthly_monitor' AIRFLOW_CTX_TASK_ID='wait_for_data' AIRFLOW_CTX_EXECUTION_DATE='2024-08-12T18:59:49.437706+00:00' AIRFLOW_CTX_TRY_NUMBER='1' AIRFLOW_CTX_DAG_RUN_ID='manual__2024-08-12T18:59:49.437706+00:00'
[2024-08-12T19:02:57.911+0000] {external_task.py:244} INFO - Poking for tasks ['predict_and_save'] in dag monthly_prediction on 2024-08-12T18:59:49.437706+00:00 ... 
[2024-08-12T19:02:57.924+0000] {taskinstance.py:1895} INFO - Rescheduling task, marking task as UP_FOR_RESCHEDULE
[2024-08-12T19:02:57.944+0000] {local_task_job_runner.py:228} INFO - Task exited with return code 0
[2024-08-12T19:02:57.953+0000] {taskinstance.py:2776} INFO - 0 downstream tasks scheduled from follow-on schedule check
[2024-08-12T19:04:00.449+0000] {taskinstance.py:1157} INFO - Dependencies all met for dep_context=non-requeueable deps ti=<TaskInstance: monthly_monitor.wait_for_data manual__2024-08-12T18:59:49.437706+00:00 [queued]>
[2024-08-12T19:04:00.453+0000] {taskinstance.py:1157} INFO - Dependencies all met for dep_context=requeueable deps ti=<TaskInstance: monthly_monitor.wait_for_data manual__2024-08-12T18:59:49.437706+00:00 [queued]>
[2024-08-12T19:04:00.453+0000] {taskinstance.py:1359} INFO - Starting attempt 1 of 1
[2024-08-12T19:04:00.459+0000] {taskinstance.py:1380} INFO - Executing <Task(ExternalTaskSensor): wait_for_data> on 2024-08-12 18:59:49.437706+00:00
[2024-08-12T19:04:00.467+0000] {standard_task_runner.py:57} INFO - Started process 1891 to run task
[2024-08-12T19:04:00.469+0000] {standard_task_runner.py:84} INFO - Running: ['***', 'tasks', 'run', 'monthly_monitor', 'wait_for_data', 'manual__2024-08-12T18:59:49.437706+00:00', '--job-id', '414', '--raw', '--subdir', 'DAGS_FOLDER/monitor.py', '--cfg-path', '/tmp/tmpph6ituru']
[2024-08-12T19:04:00.471+0000] {standard_task_runner.py:85} INFO - Job 414: Subtask wait_for_data
[2024-08-12T19:04:00.501+0000] {task_command.py:415} INFO - Running <TaskInstance: monthly_monitor.wait_for_data manual__2024-08-12T18:59:49.437706+00:00 [running]> on host a9166c5dc5ae
[2024-08-12T19:04:00.543+0000] {taskinstance.py:1660} INFO - Exporting env vars: AIRFLOW_CTX_DAG_OWNER='***' AIRFLOW_CTX_DAG_ID='monthly_monitor' AIRFLOW_CTX_TASK_ID='wait_for_data' AIRFLOW_CTX_EXECUTION_DATE='2024-08-12T18:59:49.437706+00:00' AIRFLOW_CTX_TRY_NUMBER='1' AIRFLOW_CTX_DAG_RUN_ID='manual__2024-08-12T18:59:49.437706+00:00'
[2024-08-12T19:04:00.549+0000] {external_task.py:244} INFO - Poking for tasks ['predict_and_save'] in dag monthly_prediction on 2024-08-12T18:59:49.437706+00:00 ... 
[2024-08-12T19:04:00.576+0000] {taskinstance.py:1895} INFO - Rescheduling task, marking task as UP_FOR_RESCHEDULE
[2024-08-12T19:04:00.608+0000] {local_task_job_runner.py:228} INFO - Task exited with return code 0
[2024-08-12T19:04:00.626+0000] {taskinstance.py:2776} INFO - 0 downstream tasks scheduled from follow-on schedule check
[2024-08-12T19:05:02.388+0000] {taskinstance.py:1157} INFO - Dependencies all met for dep_context=non-requeueable deps ti=<TaskInstance: monthly_monitor.wait_for_data manual__2024-08-12T18:59:49.437706+00:00 [queued]>
[2024-08-12T19:05:02.392+0000] {taskinstance.py:1157} INFO - Dependencies all met for dep_context=requeueable deps ti=<TaskInstance: monthly_monitor.wait_for_data manual__2024-08-12T18:59:49.437706+00:00 [queued]>
[2024-08-12T19:05:02.392+0000] {taskinstance.py:1359} INFO - Starting attempt 1 of 1
[2024-08-12T19:05:02.397+0000] {taskinstance.py:1380} INFO - Executing <Task(ExternalTaskSensor): wait_for_data> on 2024-08-12 18:59:49.437706+00:00
[2024-08-12T19:05:02.401+0000] {standard_task_runner.py:57} INFO - Started process 2012 to run task
[2024-08-12T19:05:02.403+0000] {standard_task_runner.py:84} INFO - Running: ['***', 'tasks', 'run', 'monthly_monitor', 'wait_for_data', 'manual__2024-08-12T18:59:49.437706+00:00', '--job-id', '417', '--raw', '--subdir', 'DAGS_FOLDER/monitor.py', '--cfg-path', '/tmp/tmpvvpjjn9_']
[2024-08-12T19:05:02.404+0000] {standard_task_runner.py:85} INFO - Job 417: Subtask wait_for_data
[2024-08-12T19:05:02.425+0000] {task_command.py:415} INFO - Running <TaskInstance: monthly_monitor.wait_for_data manual__2024-08-12T18:59:49.437706+00:00 [running]> on host a9166c5dc5ae
[2024-08-12T19:05:02.460+0000] {taskinstance.py:1660} INFO - Exporting env vars: AIRFLOW_CTX_DAG_OWNER='***' AIRFLOW_CTX_DAG_ID='monthly_monitor' AIRFLOW_CTX_TASK_ID='wait_for_data' AIRFLOW_CTX_EXECUTION_DATE='2024-08-12T18:59:49.437706+00:00' AIRFLOW_CTX_TRY_NUMBER='1' AIRFLOW_CTX_DAG_RUN_ID='manual__2024-08-12T18:59:49.437706+00:00'
[2024-08-12T19:05:02.465+0000] {external_task.py:244} INFO - Poking for tasks ['predict_and_save'] in dag monthly_prediction on 2024-08-12T18:59:49.437706+00:00 ... 
[2024-08-12T19:05:02.478+0000] {taskinstance.py:1895} INFO - Rescheduling task, marking task as UP_FOR_RESCHEDULE
[2024-08-12T19:05:02.506+0000] {local_task_job_runner.py:228} INFO - Task exited with return code 0
[2024-08-12T19:05:02.516+0000] {taskinstance.py:2776} INFO - 0 downstream tasks scheduled from follow-on schedule check
[2024-08-12T19:06:04.099+0000] {taskinstance.py:1157} INFO - Dependencies all met for dep_context=non-requeueable deps ti=<TaskInstance: monthly_monitor.wait_for_data manual__2024-08-12T18:59:49.437706+00:00 [queued]>
[2024-08-12T19:06:04.103+0000] {taskinstance.py:1157} INFO - Dependencies all met for dep_context=requeueable deps ti=<TaskInstance: monthly_monitor.wait_for_data manual__2024-08-12T18:59:49.437706+00:00 [queued]>
[2024-08-12T19:06:04.103+0000] {taskinstance.py:1359} INFO - Starting attempt 1 of 1
[2024-08-12T19:06:04.108+0000] {taskinstance.py:1380} INFO - Executing <Task(ExternalTaskSensor): wait_for_data> on 2024-08-12 18:59:49.437706+00:00
[2024-08-12T19:06:04.112+0000] {standard_task_runner.py:57} INFO - Started process 2123 to run task
[2024-08-12T19:06:04.114+0000] {standard_task_runner.py:84} INFO - Running: ['***', 'tasks', 'run', 'monthly_monitor', 'wait_for_data', 'manual__2024-08-12T18:59:49.437706+00:00', '--job-id', '419', '--raw', '--subdir', 'DAGS_FOLDER/monitor.py', '--cfg-path', '/tmp/tmpojn_hjix']
[2024-08-12T19:06:04.116+0000] {standard_task_runner.py:85} INFO - Job 419: Subtask wait_for_data
[2024-08-12T19:06:04.139+0000] {task_command.py:415} INFO - Running <TaskInstance: monthly_monitor.wait_for_data manual__2024-08-12T18:59:49.437706+00:00 [running]> on host a9166c5dc5ae
[2024-08-12T19:06:04.183+0000] {taskinstance.py:1660} INFO - Exporting env vars: AIRFLOW_CTX_DAG_OWNER='***' AIRFLOW_CTX_DAG_ID='monthly_monitor' AIRFLOW_CTX_TASK_ID='wait_for_data' AIRFLOW_CTX_EXECUTION_DATE='2024-08-12T18:59:49.437706+00:00' AIRFLOW_CTX_TRY_NUMBER='1' AIRFLOW_CTX_DAG_RUN_ID='manual__2024-08-12T18:59:49.437706+00:00'
[2024-08-12T19:06:04.189+0000] {external_task.py:244} INFO - Poking for tasks ['predict_and_save'] in dag monthly_prediction on 2024-08-12T18:59:49.437706+00:00 ... 
[2024-08-12T19:06:04.204+0000] {taskinstance.py:1895} INFO - Rescheduling task, marking task as UP_FOR_RESCHEDULE
[2024-08-12T19:06:04.214+0000] {local_task_job_runner.py:228} INFO - Task exited with return code 0
[2024-08-12T19:06:04.225+0000] {taskinstance.py:2776} INFO - 0 downstream tasks scheduled from follow-on schedule check
[2024-08-12T19:07:06.497+0000] {taskinstance.py:1157} INFO - Dependencies all met for dep_context=non-requeueable deps ti=<TaskInstance: monthly_monitor.wait_for_data manual__2024-08-12T18:59:49.437706+00:00 [queued]>
[2024-08-12T19:07:06.501+0000] {taskinstance.py:1157} INFO - Dependencies all met for dep_context=requeueable deps ti=<TaskInstance: monthly_monitor.wait_for_data manual__2024-08-12T18:59:49.437706+00:00 [queued]>
[2024-08-12T19:07:06.501+0000] {taskinstance.py:1359} INFO - Starting attempt 1 of 1
[2024-08-12T19:07:06.506+0000] {taskinstance.py:1380} INFO - Executing <Task(ExternalTaskSensor): wait_for_data> on 2024-08-12 18:59:49.437706+00:00
[2024-08-12T19:07:06.510+0000] {standard_task_runner.py:57} INFO - Started process 2235 to run task
[2024-08-12T19:07:06.512+0000] {standard_task_runner.py:84} INFO - Running: ['***', 'tasks', 'run', 'monthly_monitor', 'wait_for_data', 'manual__2024-08-12T18:59:49.437706+00:00', '--job-id', '421', '--raw', '--subdir', 'DAGS_FOLDER/monitor.py', '--cfg-path', '/tmp/tmpr82nul14']
[2024-08-12T19:07:06.513+0000] {standard_task_runner.py:85} INFO - Job 421: Subtask wait_for_data
[2024-08-12T19:07:06.534+0000] {task_command.py:415} INFO - Running <TaskInstance: monthly_monitor.wait_for_data manual__2024-08-12T18:59:49.437706+00:00 [running]> on host a9166c5dc5ae
[2024-08-12T19:07:06.569+0000] {taskinstance.py:1660} INFO - Exporting env vars: AIRFLOW_CTX_DAG_OWNER='***' AIRFLOW_CTX_DAG_ID='monthly_monitor' AIRFLOW_CTX_TASK_ID='wait_for_data' AIRFLOW_CTX_EXECUTION_DATE='2024-08-12T18:59:49.437706+00:00' AIRFLOW_CTX_TRY_NUMBER='1' AIRFLOW_CTX_DAG_RUN_ID='manual__2024-08-12T18:59:49.437706+00:00'
[2024-08-12T19:07:06.574+0000] {external_task.py:244} INFO - Poking for tasks ['predict_and_save'] in dag monthly_prediction on 2024-08-12T18:59:49.437706+00:00 ... 
[2024-08-12T19:07:06.587+0000] {taskinstance.py:1895} INFO - Rescheduling task, marking task as UP_FOR_RESCHEDULE
[2024-08-12T19:07:06.612+0000] {local_task_job_runner.py:228} INFO - Task exited with return code 0
[2024-08-12T19:07:06.620+0000] {taskinstance.py:2776} INFO - 0 downstream tasks scheduled from follow-on schedule check
[2024-08-12T19:08:08.621+0000] {taskinstance.py:1157} INFO - Dependencies all met for dep_context=non-requeueable deps ti=<TaskInstance: monthly_monitor.wait_for_data manual__2024-08-12T18:59:49.437706+00:00 [queued]>
[2024-08-12T19:08:08.625+0000] {taskinstance.py:1157} INFO - Dependencies all met for dep_context=requeueable deps ti=<TaskInstance: monthly_monitor.wait_for_data manual__2024-08-12T18:59:49.437706+00:00 [queued]>
[2024-08-12T19:08:08.625+0000] {taskinstance.py:1359} INFO - Starting attempt 1 of 1
[2024-08-12T19:08:08.630+0000] {taskinstance.py:1380} INFO - Executing <Task(ExternalTaskSensor): wait_for_data> on 2024-08-12 18:59:49.437706+00:00
[2024-08-12T19:08:08.635+0000] {standard_task_runner.py:57} INFO - Started process 2344 to run task
[2024-08-12T19:08:08.638+0000] {standard_task_runner.py:84} INFO - Running: ['***', 'tasks', 'run', 'monthly_monitor', 'wait_for_data', 'manual__2024-08-12T18:59:49.437706+00:00', '--job-id', '423', '--raw', '--subdir', 'DAGS_FOLDER/monitor.py', '--cfg-path', '/tmp/tmp6cxd0yup']
[2024-08-12T19:08:08.640+0000] {standard_task_runner.py:85} INFO - Job 423: Subtask wait_for_data
[2024-08-12T19:08:08.666+0000] {task_command.py:415} INFO - Running <TaskInstance: monthly_monitor.wait_for_data manual__2024-08-12T18:59:49.437706+00:00 [running]> on host a9166c5dc5ae
[2024-08-12T19:08:08.705+0000] {taskinstance.py:1660} INFO - Exporting env vars: AIRFLOW_CTX_DAG_OWNER='***' AIRFLOW_CTX_DAG_ID='monthly_monitor' AIRFLOW_CTX_TASK_ID='wait_for_data' AIRFLOW_CTX_EXECUTION_DATE='2024-08-12T18:59:49.437706+00:00' AIRFLOW_CTX_TRY_NUMBER='1' AIRFLOW_CTX_DAG_RUN_ID='manual__2024-08-12T18:59:49.437706+00:00'
[2024-08-12T19:08:08.710+0000] {external_task.py:244} INFO - Poking for tasks ['predict_and_save'] in dag monthly_prediction on 2024-08-12T18:59:49.437706+00:00 ... 
[2024-08-12T19:08:08.724+0000] {taskinstance.py:1895} INFO - Rescheduling task, marking task as UP_FOR_RESCHEDULE
[2024-08-12T19:08:08.737+0000] {local_task_job_runner.py:228} INFO - Task exited with return code 0
[2024-08-12T19:08:08.746+0000] {taskinstance.py:2776} INFO - 0 downstream tasks scheduled from follow-on schedule check
[2024-08-12T19:09:10.738+0000] {taskinstance.py:1157} INFO - Dependencies all met for dep_context=non-requeueable deps ti=<TaskInstance: monthly_monitor.wait_for_data manual__2024-08-12T18:59:49.437706+00:00 [queued]>
[2024-08-12T19:09:10.742+0000] {taskinstance.py:1157} INFO - Dependencies all met for dep_context=requeueable deps ti=<TaskInstance: monthly_monitor.wait_for_data manual__2024-08-12T18:59:49.437706+00:00 [queued]>
[2024-08-12T19:09:10.742+0000] {taskinstance.py:1359} INFO - Starting attempt 1 of 1
[2024-08-12T19:09:10.747+0000] {taskinstance.py:1380} INFO - Executing <Task(ExternalTaskSensor): wait_for_data> on 2024-08-12 18:59:49.437706+00:00
[2024-08-12T19:09:10.752+0000] {standard_task_runner.py:57} INFO - Started process 2456 to run task
[2024-08-12T19:09:10.755+0000] {standard_task_runner.py:84} INFO - Running: ['***', 'tasks', 'run', 'monthly_monitor', 'wait_for_data', 'manual__2024-08-12T18:59:49.437706+00:00', '--job-id', '425', '--raw', '--subdir', 'DAGS_FOLDER/monitor.py', '--cfg-path', '/tmp/tmp0ai6hrko']
[2024-08-12T19:09:10.758+0000] {standard_task_runner.py:85} INFO - Job 425: Subtask wait_for_data
[2024-08-12T19:09:10.803+0000] {task_command.py:415} INFO - Running <TaskInstance: monthly_monitor.wait_for_data manual__2024-08-12T18:59:49.437706+00:00 [running]> on host a9166c5dc5ae
[2024-08-12T19:09:10.862+0000] {taskinstance.py:1660} INFO - Exporting env vars: AIRFLOW_CTX_DAG_OWNER='***' AIRFLOW_CTX_DAG_ID='monthly_monitor' AIRFLOW_CTX_TASK_ID='wait_for_data' AIRFLOW_CTX_EXECUTION_DATE='2024-08-12T18:59:49.437706+00:00' AIRFLOW_CTX_TRY_NUMBER='1' AIRFLOW_CTX_DAG_RUN_ID='manual__2024-08-12T18:59:49.437706+00:00'
[2024-08-12T19:09:10.868+0000] {external_task.py:244} INFO - Poking for tasks ['predict_and_save'] in dag monthly_prediction on 2024-08-12T18:59:49.437706+00:00 ... 
[2024-08-12T19:09:10.882+0000] {taskinstance.py:1895} INFO - Rescheduling task, marking task as UP_FOR_RESCHEDULE
[2024-08-12T19:09:10.893+0000] {local_task_job_runner.py:228} INFO - Task exited with return code 0
[2024-08-12T19:09:10.902+0000] {taskinstance.py:2776} INFO - 0 downstream tasks scheduled from follow-on schedule check
[2024-08-12T19:11:04.840+0000] {taskinstance.py:1157} INFO - Dependencies all met for dep_context=non-requeueable deps ti=<TaskInstance: monthly_monitor.wait_for_data manual__2024-08-12T18:59:49.437706+00:00 [queued]>
[2024-08-12T19:11:04.847+0000] {taskinstance.py:1157} INFO - Dependencies all met for dep_context=requeueable deps ti=<TaskInstance: monthly_monitor.wait_for_data manual__2024-08-12T18:59:49.437706+00:00 [queued]>
[2024-08-12T19:11:04.848+0000] {taskinstance.py:1359} INFO - Starting attempt 1 of 1
[2024-08-12T19:11:04.856+0000] {taskinstance.py:1380} INFO - Executing <Task(ExternalTaskSensor): wait_for_data> on 2024-08-12 18:59:49.437706+00:00
[2024-08-12T19:11:04.871+0000] {standard_task_runner.py:57} INFO - Started process 2578 to run task
[2024-08-12T19:11:04.874+0000] {standard_task_runner.py:84} INFO - Running: ['***', 'tasks', 'run', 'monthly_monitor', 'wait_for_data', 'manual__2024-08-12T18:59:49.437706+00:00', '--job-id', '428', '--raw', '--subdir', 'DAGS_FOLDER/monitor.py', '--cfg-path', '/tmp/tmp7dap9fn7']
[2024-08-12T19:11:04.876+0000] {standard_task_runner.py:85} INFO - Job 428: Subtask wait_for_data
[2024-08-12T19:11:05.044+0000] {task_command.py:415} INFO - Running <TaskInstance: monthly_monitor.wait_for_data manual__2024-08-12T18:59:49.437706+00:00 [running]> on host a9166c5dc5ae
[2024-08-12T19:11:05.263+0000] {taskinstance.py:1660} INFO - Exporting env vars: AIRFLOW_CTX_DAG_OWNER='***' AIRFLOW_CTX_DAG_ID='monthly_monitor' AIRFLOW_CTX_TASK_ID='wait_for_data' AIRFLOW_CTX_EXECUTION_DATE='2024-08-12T18:59:49.437706+00:00' AIRFLOW_CTX_TRY_NUMBER='1' AIRFLOW_CTX_DAG_RUN_ID='manual__2024-08-12T18:59:49.437706+00:00'
[2024-08-12T19:11:05.305+0000] {external_task.py:244} INFO - Poking for tasks ['predict_and_save'] in dag monthly_prediction on 2024-08-12T18:59:49.437706+00:00 ... 
[2024-08-12T19:11:05.360+0000] {taskinstance.py:1935} ERROR - Task failed with exception
Traceback (most recent call last):
  File "/home/airflow/.local/lib/python3.8/site-packages/airflow/sensors/external_task.py", line 334, in execute
    super().execute(context)
  File "/home/airflow/.local/lib/python3.8/site-packages/airflow/sensors/base.py", line 274, in execute
    raise AirflowSensorTimeout(message)
airflow.exceptions.AirflowSensorTimeout: Sensor has timed out; run duration of 673.246469 seconds exceeds the specified timeout of 600.0.
[2024-08-12T19:11:05.399+0000] {taskinstance.py:1398} INFO - Immediate failure requested. Marking task as FAILED. dag_id=monthly_monitor, task_id=wait_for_data, execution_date=20240812T185949, start_date=20240812T191104, end_date=20240812T191105
[2024-08-12T19:11:05.422+0000] {standard_task_runner.py:104} ERROR - Failed to execute job 428 for task wait_for_data (Sensor has timed out; run duration of 673.246469 seconds exceeds the specified timeout of 600.0.; 2578)
[2024-08-12T19:11:05.440+0000] {local_task_job_runner.py:228} INFO - Task exited with return code 1
[2024-08-12T19:11:05.523+0000] {taskinstance.py:2776} INFO - 0 downstream tasks scheduled from follow-on schedule check
