[2024-08-12T18:04:47.743+0000] {taskinstance.py:1157} INFO - Dependencies all met for dep_context=non-requeueable deps ti=<TaskInstance: monthly_monitor.prep_data scheduled__2024-03-01T00:00:00+00:00 [queued]>
[2024-08-12T18:04:47.761+0000] {taskinstance.py:1157} INFO - Dependencies all met for dep_context=requeueable deps ti=<TaskInstance: monthly_monitor.prep_data scheduled__2024-03-01T00:00:00+00:00 [queued]>
[2024-08-12T18:04:47.761+0000] {taskinstance.py:1359} INFO - Starting attempt 1 of 1
[2024-08-12T18:04:47.899+0000] {taskinstance.py:1380} INFO - Executing <Task(_PythonDecoratedOperator): prep_data> on 2024-03-01 00:00:00+00:00
[2024-08-12T18:04:47.988+0000] {standard_task_runner.py:57} INFO - Started process 7838 to run task
[2024-08-12T18:04:48.006+0000] {standard_task_runner.py:84} INFO - Running: ['***', 'tasks', 'run', 'monthly_monitor', 'prep_data', 'scheduled__2024-03-01T00:00:00+00:00', '--job-id', '206', '--raw', '--subdir', 'DAGS_FOLDER/monitor.py', '--cfg-path', '/tmp/tmpatk59ug_']
[2024-08-12T18:04:48.022+0000] {standard_task_runner.py:85} INFO - Job 206: Subtask prep_data
[2024-08-12T18:04:48.330+0000] {task_command.py:415} INFO - Running <TaskInstance: monthly_monitor.prep_data scheduled__2024-03-01T00:00:00+00:00 [running]> on host a9166c5dc5ae
[2024-08-12T18:04:48.776+0000] {taskinstance.py:1660} INFO - Exporting env vars: AIRFLOW_CTX_DAG_OWNER='***' AIRFLOW_CTX_DAG_ID='monthly_monitor' AIRFLOW_CTX_TASK_ID='prep_data' AIRFLOW_CTX_EXECUTION_DATE='2024-03-01T00:00:00+00:00' AIRFLOW_CTX_TRY_NUMBER='1' AIRFLOW_CTX_DAG_RUN_ID='scheduled__2024-03-01T00:00:00+00:00'
[2024-08-12T18:04:48.785+0000] {taskinstance.py:1935} ERROR - Task failed with exception
Traceback (most recent call last):
  File "/home/airflow/.local/lib/python3.8/site-packages/airflow/decorators/base.py", line 221, in execute
    return_value = super().execute(context)
  File "/home/airflow/.local/lib/python3.8/site-packages/airflow/operators/python.py", line 192, in execute
    return_value = self.execute_callable()
  File "/home/airflow/.local/lib/python3.8/site-packages/airflow/operators/python.py", line 209, in execute_callable
    return self.python_callable(*self.op_args, **self.op_kwargs)
  File "/opt/airflow/dags/monitor.py", line 65, in prep_data
    previous_month = (month_end + pd.offsets.MonthEnd(-1))
TypeError: can only concatenate str (not "pandas._libs.tslibs.offsets.MonthEnd") to str
[2024-08-12T18:04:48.890+0000] {taskinstance.py:1398} INFO - Marking task as FAILED. dag_id=monthly_monitor, task_id=prep_data, execution_date=20240301T000000, start_date=20240812T180447, end_date=20240812T180448
[2024-08-12T18:04:49.077+0000] {standard_task_runner.py:104} ERROR - Failed to execute job 206 for task prep_data (can only concatenate str (not "pandas._libs.tslibs.offsets.MonthEnd") to str; 7838)
[2024-08-12T18:04:49.168+0000] {local_task_job_runner.py:228} INFO - Task exited with return code 1
[2024-08-12T18:04:49.326+0000] {taskinstance.py:2776} INFO - 0 downstream tasks scheduled from follow-on schedule check
[2024-08-12T18:13:30.377+0000] {taskinstance.py:1157} INFO - Dependencies all met for dep_context=non-requeueable deps ti=<TaskInstance: monthly_monitor.prep_data scheduled__2024-03-01T00:00:00+00:00 [queued]>
[2024-08-12T18:13:30.444+0000] {taskinstance.py:1157} INFO - Dependencies all met for dep_context=requeueable deps ti=<TaskInstance: monthly_monitor.prep_data scheduled__2024-03-01T00:00:00+00:00 [queued]>
[2024-08-12T18:13:30.452+0000] {taskinstance.py:1359} INFO - Starting attempt 1 of 1
[2024-08-12T18:13:30.521+0000] {taskinstance.py:1380} INFO - Executing <Task(_PythonDecoratedOperator): prep_data> on 2024-03-01 00:00:00+00:00
[2024-08-12T18:13:30.567+0000] {standard_task_runner.py:57} INFO - Started process 9078 to run task
[2024-08-12T18:13:30.604+0000] {standard_task_runner.py:84} INFO - Running: ['***', 'tasks', 'run', 'monthly_monitor', 'prep_data', 'scheduled__2024-03-01T00:00:00+00:00', '--job-id', '247', '--raw', '--subdir', 'DAGS_FOLDER/monitor.py', '--cfg-path', '/tmp/tmpq_92qk6h']
[2024-08-12T18:13:30.647+0000] {standard_task_runner.py:85} INFO - Job 247: Subtask prep_data
[2024-08-12T18:13:30.985+0000] {task_command.py:415} INFO - Running <TaskInstance: monthly_monitor.prep_data scheduled__2024-03-01T00:00:00+00:00 [running]> on host a9166c5dc5ae
[2024-08-12T18:13:31.414+0000] {taskinstance.py:1660} INFO - Exporting env vars: AIRFLOW_CTX_DAG_OWNER='***' AIRFLOW_CTX_DAG_ID='monthly_monitor' AIRFLOW_CTX_TASK_ID='prep_data' AIRFLOW_CTX_EXECUTION_DATE='2024-03-01T00:00:00+00:00' AIRFLOW_CTX_TRY_NUMBER='1' AIRFLOW_CTX_DAG_RUN_ID='scheduled__2024-03-01T00:00:00+00:00'
[2024-08-12T18:13:35.393+0000] {python.py:194} INFO - Done. Returned value was: ('2024-02-29', 1.0, 0)
[2024-08-12T18:13:35.759+0000] {taskinstance.py:1398} INFO - Marking task as SUCCESS. dag_id=monthly_monitor, task_id=prep_data, execution_date=20240301T000000, start_date=20240812T181330, end_date=20240812T181335
[2024-08-12T18:13:36.043+0000] {local_task_job_runner.py:228} INFO - Task exited with return code 0
[2024-08-12T18:13:36.212+0000] {taskinstance.py:2776} INFO - 1 downstream tasks scheduled from follow-on schedule check
[2024-08-12T19:22:03.195+0000] {taskinstance.py:1157} INFO - Dependencies all met for dep_context=non-requeueable deps ti=<TaskInstance: monthly_monitor.prep_data scheduled__2024-03-01T00:00:00+00:00 [queued]>
[2024-08-12T19:22:03.233+0000] {taskinstance.py:1157} INFO - Dependencies all met for dep_context=requeueable deps ti=<TaskInstance: monthly_monitor.prep_data scheduled__2024-03-01T00:00:00+00:00 [queued]>
[2024-08-12T19:22:03.246+0000] {taskinstance.py:1359} INFO - Starting attempt 1 of 1
[2024-08-12T19:22:03.321+0000] {taskinstance.py:1380} INFO - Executing <Task(_PythonDecoratedOperator): prep_data> on 2024-03-01 00:00:00+00:00
[2024-08-12T19:22:03.357+0000] {standard_task_runner.py:57} INFO - Started process 4263 to run task
[2024-08-12T19:22:03.366+0000] {standard_task_runner.py:84} INFO - Running: ['***', 'tasks', 'run', 'monthly_monitor', 'prep_data', 'scheduled__2024-03-01T00:00:00+00:00', '--job-id', '486', '--raw', '--subdir', 'DAGS_FOLDER/monitor.py', '--cfg-path', '/tmp/tmp9uyrqlif']
[2024-08-12T19:22:03.375+0000] {standard_task_runner.py:85} INFO - Job 486: Subtask prep_data
[2024-08-12T19:22:03.531+0000] {task_command.py:415} INFO - Running <TaskInstance: monthly_monitor.prep_data scheduled__2024-03-01T00:00:00+00:00 [running]> on host a9166c5dc5ae
[2024-08-12T19:22:03.828+0000] {taskinstance.py:1660} INFO - Exporting env vars: AIRFLOW_CTX_DAG_OWNER='***' AIRFLOW_CTX_DAG_ID='monthly_monitor' AIRFLOW_CTX_TASK_ID='prep_data' AIRFLOW_CTX_EXECUTION_DATE='2024-03-01T00:00:00+00:00' AIRFLOW_CTX_TRY_NUMBER='1' AIRFLOW_CTX_DAG_RUN_ID='scheduled__2024-03-01T00:00:00+00:00'
[2024-08-12T19:22:05.750+0000] {python.py:194} INFO - Done. Returned value was: ('2024-02-29', 1.0, 0, 0.0)
[2024-08-12T19:22:05.819+0000] {taskinstance.py:1398} INFO - Marking task as SUCCESS. dag_id=monthly_monitor, task_id=prep_data, execution_date=20240301T000000, start_date=20240812T192203, end_date=20240812T192205
[2024-08-12T19:22:05.887+0000] {local_task_job_runner.py:228} INFO - Task exited with return code 0
[2024-08-12T19:22:06.004+0000] {taskinstance.py:2776} INFO - 1 downstream tasks scheduled from follow-on schedule check
[2024-08-12T19:27:12.544+0000] {taskinstance.py:1157} INFO - Dependencies all met for dep_context=non-requeueable deps ti=<TaskInstance: monthly_monitor.prep_data scheduled__2024-03-01T00:00:00+00:00 [queued]>
[2024-08-12T19:27:12.575+0000] {taskinstance.py:1157} INFO - Dependencies all met for dep_context=requeueable deps ti=<TaskInstance: monthly_monitor.prep_data scheduled__2024-03-01T00:00:00+00:00 [queued]>
[2024-08-12T19:27:12.580+0000] {taskinstance.py:1359} INFO - Starting attempt 1 of 1
[2024-08-12T19:27:12.680+0000] {taskinstance.py:1380} INFO - Executing <Task(_PythonDecoratedOperator): prep_data> on 2024-03-01 00:00:00+00:00
[2024-08-12T19:27:12.753+0000] {standard_task_runner.py:84} INFO - Running: ['***', 'tasks', 'run', 'monthly_monitor', 'prep_data', 'scheduled__2024-03-01T00:00:00+00:00', '--job-id', '531', '--raw', '--subdir', 'DAGS_FOLDER/monitor.py', '--cfg-path', '/tmp/tmpicjffsos']
[2024-08-12T19:27:12.730+0000] {standard_task_runner.py:57} INFO - Started process 5243 to run task
[2024-08-12T19:27:12.764+0000] {standard_task_runner.py:85} INFO - Job 531: Subtask prep_data
[2024-08-12T19:27:12.979+0000] {task_command.py:415} INFO - Running <TaskInstance: monthly_monitor.prep_data scheduled__2024-03-01T00:00:00+00:00 [running]> on host a9166c5dc5ae
[2024-08-12T19:27:13.309+0000] {taskinstance.py:1660} INFO - Exporting env vars: AIRFLOW_CTX_DAG_OWNER='***' AIRFLOW_CTX_DAG_ID='monthly_monitor' AIRFLOW_CTX_TASK_ID='prep_data' AIRFLOW_CTX_EXECUTION_DATE='2024-03-01T00:00:00+00:00' AIRFLOW_CTX_TRY_NUMBER='1' AIRFLOW_CTX_DAG_RUN_ID='scheduled__2024-03-01T00:00:00+00:00'
[2024-08-12T19:27:16.047+0000] {python.py:194} INFO - Done. Returned value was: ('2024-02-29', 1.0, 0, 0.0)
[2024-08-12T19:27:16.153+0000] {taskinstance.py:1398} INFO - Marking task as SUCCESS. dag_id=monthly_monitor, task_id=prep_data, execution_date=20240301T000000, start_date=20240812T192712, end_date=20240812T192716
[2024-08-12T19:27:16.344+0000] {local_task_job_runner.py:228} INFO - Task exited with return code 0
[2024-08-12T19:27:16.648+0000] {taskinstance.py:2776} INFO - 1 downstream tasks scheduled from follow-on schedule check
[2024-08-12T19:28:36.107+0000] {taskinstance.py:1157} INFO - Dependencies all met for dep_context=non-requeueable deps ti=<TaskInstance: monthly_monitor.prep_data scheduled__2024-03-01T00:00:00+00:00 [queued]>
[2024-08-12T19:28:36.165+0000] {taskinstance.py:1157} INFO - Dependencies all met for dep_context=requeueable deps ti=<TaskInstance: monthly_monitor.prep_data scheduled__2024-03-01T00:00:00+00:00 [queued]>
[2024-08-12T19:28:36.170+0000] {taskinstance.py:1359} INFO - Starting attempt 1 of 1
[2024-08-12T19:28:36.299+0000] {taskinstance.py:1380} INFO - Executing <Task(_PythonDecoratedOperator): prep_data> on 2024-03-01 00:00:00+00:00
[2024-08-12T19:28:36.359+0000] {standard_task_runner.py:57} INFO - Started process 5749 to run task
[2024-08-12T19:28:36.391+0000] {standard_task_runner.py:84} INFO - Running: ['***', 'tasks', 'run', 'monthly_monitor', 'prep_data', 'scheduled__2024-03-01T00:00:00+00:00', '--job-id', '567', '--raw', '--subdir', 'DAGS_FOLDER/monitor.py', '--cfg-path', '/tmp/tmpcle1bgw6']
[2024-08-12T19:28:36.395+0000] {standard_task_runner.py:85} INFO - Job 567: Subtask prep_data
[2024-08-12T19:28:36.722+0000] {task_command.py:415} INFO - Running <TaskInstance: monthly_monitor.prep_data scheduled__2024-03-01T00:00:00+00:00 [running]> on host a9166c5dc5ae
[2024-08-12T19:28:36.954+0000] {taskinstance.py:1660} INFO - Exporting env vars: AIRFLOW_CTX_DAG_OWNER='***' AIRFLOW_CTX_DAG_ID='monthly_monitor' AIRFLOW_CTX_TASK_ID='prep_data' AIRFLOW_CTX_EXECUTION_DATE='2024-03-01T00:00:00+00:00' AIRFLOW_CTX_TRY_NUMBER='1' AIRFLOW_CTX_DAG_RUN_ID='scheduled__2024-03-01T00:00:00+00:00'
[2024-08-12T19:28:38.604+0000] {python.py:194} INFO - Done. Returned value was: ('2024-02-29', 1.0, 0, 0.0)
[2024-08-12T19:28:38.726+0000] {taskinstance.py:1398} INFO - Marking task as SUCCESS. dag_id=monthly_monitor, task_id=prep_data, execution_date=20240301T000000, start_date=20240812T192836, end_date=20240812T192838
[2024-08-12T19:28:38.915+0000] {local_task_job_runner.py:228} INFO - Task exited with return code 0
[2024-08-12T19:28:38.955+0000] {taskinstance.py:2776} INFO - 1 downstream tasks scheduled from follow-on schedule check
[2024-08-12T20:09:36.901+0000] {taskinstance.py:1157} INFO - Dependencies all met for dep_context=non-requeueable deps ti=<TaskInstance: monthly_monitor.prep_data scheduled__2024-03-01T00:00:00+00:00 [queued]>
[2024-08-12T20:09:36.932+0000] {taskinstance.py:1157} INFO - Dependencies all met for dep_context=requeueable deps ti=<TaskInstance: monthly_monitor.prep_data scheduled__2024-03-01T00:00:00+00:00 [queued]>
[2024-08-12T20:09:36.932+0000] {taskinstance.py:1359} INFO - Starting attempt 1 of 1
[2024-08-12T20:09:37.136+0000] {taskinstance.py:1380} INFO - Executing <Task(_PythonDecoratedOperator): prep_data> on 2024-03-01 00:00:00+00:00
[2024-08-12T20:09:37.419+0000] {standard_task_runner.py:57} INFO - Started process 13017 to run task
[2024-08-12T20:09:37.448+0000] {standard_task_runner.py:84} INFO - Running: ['***', 'tasks', 'run', 'monthly_monitor', 'prep_data', 'scheduled__2024-03-01T00:00:00+00:00', '--job-id', '885', '--raw', '--subdir', 'DAGS_FOLDER/monitor.py', '--cfg-path', '/tmp/tmpsssa_15m']
[2024-08-12T20:09:37.489+0000] {standard_task_runner.py:85} INFO - Job 885: Subtask prep_data
[2024-08-12T20:09:37.935+0000] {task_command.py:415} INFO - Running <TaskInstance: monthly_monitor.prep_data scheduled__2024-03-01T00:00:00+00:00 [running]> on host a9166c5dc5ae
[2024-08-12T20:09:38.539+0000] {taskinstance.py:1660} INFO - Exporting env vars: AIRFLOW_CTX_DAG_OWNER='***' AIRFLOW_CTX_DAG_ID='monthly_monitor' AIRFLOW_CTX_TASK_ID='prep_data' AIRFLOW_CTX_EXECUTION_DATE='2024-03-01T00:00:00+00:00' AIRFLOW_CTX_TRY_NUMBER='1' AIRFLOW_CTX_DAG_RUN_ID='scheduled__2024-03-01T00:00:00+00:00'
[2024-08-12T20:09:43.446+0000] {python.py:194} INFO - Done. Returned value was: ('2024-02-29', 0.6981511771133608, 2, 0.06451612903225806)
[2024-08-12T20:09:43.976+0000] {taskinstance.py:1398} INFO - Marking task as SUCCESS. dag_id=monthly_monitor, task_id=prep_data, execution_date=20240301T000000, start_date=20240812T200936, end_date=20240812T200943
[2024-08-12T20:09:44.550+0000] {local_task_job_runner.py:228} INFO - Task exited with return code 0
[2024-08-12T20:09:44.678+0000] {taskinstance.py:2776} INFO - 0 downstream tasks scheduled from follow-on schedule check
