[2024-08-09T18:36:20.257+0000] {processor.py:157} INFO - Started process (PID=173) to work on /opt/airflow/dags/monthly_prediction.py
[2024-08-09T18:36:20.258+0000] {processor.py:829} INFO - Processing file /opt/airflow/dags/monthly_prediction.py for tasks to queue
[2024-08-09T18:36:20.258+0000] {logging_mixin.py:151} INFO - [2024-08-09T18:36:20.258+0000] {dagbag.py:539} INFO - Filling up the DagBag from /opt/airflow/dags/monthly_prediction.py
[2024-08-09T18:36:20.296+0000] {processor.py:839} INFO - DAG(s) dict_keys(['data_ingestion']) retrieved from /opt/airflow/dags/monthly_prediction.py
[2024-08-09T18:36:20.391+0000] {logging_mixin.py:151} INFO - [2024-08-09T18:36:20.391+0000] {manager.py:499} INFO - Created Permission View: %s
[2024-08-09T18:36:20.469+0000] {logging_mixin.py:151} INFO - [2024-08-09T18:36:20.469+0000] {manager.py:499} INFO - Created Permission View: %s
[2024-08-09T18:36:20.472+0000] {logging_mixin.py:151} INFO - [2024-08-09T18:36:20.472+0000] {manager.py:499} INFO - Created Permission View: %s
[2024-08-09T18:36:20.472+0000] {logging_mixin.py:151} INFO - [2024-08-09T18:36:20.472+0000] {security.py:708} INFO - Not syncing DAG-level permissions for DAG 'DAG:data_ingestion' as access control is unset.
[2024-08-09T18:36:20.472+0000] {logging_mixin.py:151} INFO - [2024-08-09T18:36:20.472+0000] {dag.py:2915} INFO - Sync 1 DAGs
[2024-08-09T18:36:20.477+0000] {logging_mixin.py:151} INFO - [2024-08-09T18:36:20.477+0000] {dag.py:2937} INFO - Creating ORM DAG for data_ingestion
[2024-08-09T18:36:20.481+0000] {logging_mixin.py:151} INFO - [2024-08-09T18:36:20.481+0000] {dag.py:3696} INFO - Setting next_dagrun for data_ingestion to 2023-01-01T00:00:00+00:00, run_after=2023-02-01T00:00:00+00:00
[2024-08-09T18:36:20.487+0000] {processor.py:179} INFO - Processing /opt/airflow/dags/monthly_prediction.py took 0.232 seconds
[2024-08-09T18:36:50.557+0000] {processor.py:157} INFO - Started process (PID=190) to work on /opt/airflow/dags/monthly_prediction.py
[2024-08-09T18:36:50.559+0000] {processor.py:829} INFO - Processing file /opt/airflow/dags/monthly_prediction.py for tasks to queue
[2024-08-09T18:36:50.560+0000] {logging_mixin.py:151} INFO - [2024-08-09T18:36:50.559+0000] {dagbag.py:539} INFO - Filling up the DagBag from /opt/airflow/dags/monthly_prediction.py
[2024-08-09T18:36:50.598+0000] {processor.py:839} INFO - DAG(s) dict_keys(['data_ingestion']) retrieved from /opt/airflow/dags/monthly_prediction.py
[2024-08-09T18:36:50.653+0000] {logging_mixin.py:151} INFO - [2024-08-09T18:36:50.652+0000] {dag.py:2915} INFO - Sync 1 DAGs
[2024-08-09T18:36:50.672+0000] {logging_mixin.py:151} INFO - [2024-08-09T18:36:50.672+0000] {dag.py:3696} INFO - Setting next_dagrun for data_ingestion to 2023-01-01T00:00:00+00:00, run_after=2023-02-01T00:00:00+00:00
[2024-08-09T18:36:50.685+0000] {processor.py:179} INFO - Processing /opt/airflow/dags/monthly_prediction.py took 0.133 seconds
[2024-08-09T18:37:20.957+0000] {processor.py:157} INFO - Started process (PID=207) to work on /opt/airflow/dags/monthly_prediction.py
[2024-08-09T18:37:20.958+0000] {processor.py:829} INFO - Processing file /opt/airflow/dags/monthly_prediction.py for tasks to queue
[2024-08-09T18:37:20.959+0000] {logging_mixin.py:151} INFO - [2024-08-09T18:37:20.959+0000] {dagbag.py:539} INFO - Filling up the DagBag from /opt/airflow/dags/monthly_prediction.py
[2024-08-09T18:37:20.973+0000] {processor.py:839} INFO - DAG(s) dict_keys(['data_ingestion']) retrieved from /opt/airflow/dags/monthly_prediction.py
[2024-08-09T18:37:20.996+0000] {logging_mixin.py:151} INFO - [2024-08-09T18:37:20.995+0000] {dag.py:2915} INFO - Sync 1 DAGs
[2024-08-09T18:37:21.010+0000] {logging_mixin.py:151} INFO - [2024-08-09T18:37:21.010+0000] {dag.py:3696} INFO - Setting next_dagrun for data_ingestion to 2023-01-01T00:00:00+00:00, run_after=2023-02-01T00:00:00+00:00
[2024-08-09T18:37:21.024+0000] {processor.py:179} INFO - Processing /opt/airflow/dags/monthly_prediction.py took 0.069 seconds
[2024-08-09T18:37:51.327+0000] {processor.py:157} INFO - Started process (PID=223) to work on /opt/airflow/dags/monthly_prediction.py
[2024-08-09T18:37:51.328+0000] {processor.py:829} INFO - Processing file /opt/airflow/dags/monthly_prediction.py for tasks to queue
[2024-08-09T18:37:51.329+0000] {logging_mixin.py:151} INFO - [2024-08-09T18:37:51.328+0000] {dagbag.py:539} INFO - Filling up the DagBag from /opt/airflow/dags/monthly_prediction.py
[2024-08-09T18:37:51.341+0000] {processor.py:839} INFO - DAG(s) dict_keys(['data_ingestion']) retrieved from /opt/airflow/dags/monthly_prediction.py
[2024-08-09T18:37:51.370+0000] {logging_mixin.py:151} INFO - [2024-08-09T18:37:51.370+0000] {dag.py:2915} INFO - Sync 1 DAGs
[2024-08-09T18:37:51.463+0000] {logging_mixin.py:151} INFO - [2024-08-09T18:37:51.463+0000] {dag.py:3696} INFO - Setting next_dagrun for data_ingestion to 2023-01-01T00:00:00+00:00, run_after=2023-02-01T00:00:00+00:00
[2024-08-09T18:37:51.470+0000] {processor.py:179} INFO - Processing /opt/airflow/dags/monthly_prediction.py took 0.146 seconds
[2024-08-09T18:38:21.698+0000] {processor.py:157} INFO - Started process (PID=240) to work on /opt/airflow/dags/monthly_prediction.py
[2024-08-09T18:38:21.698+0000] {processor.py:829} INFO - Processing file /opt/airflow/dags/monthly_prediction.py for tasks to queue
[2024-08-09T18:38:21.699+0000] {logging_mixin.py:151} INFO - [2024-08-09T18:38:21.699+0000] {dagbag.py:539} INFO - Filling up the DagBag from /opt/airflow/dags/monthly_prediction.py
[2024-08-09T18:38:21.711+0000] {processor.py:839} INFO - DAG(s) dict_keys(['data_ingestion']) retrieved from /opt/airflow/dags/monthly_prediction.py
[2024-08-09T18:38:21.727+0000] {logging_mixin.py:151} INFO - [2024-08-09T18:38:21.727+0000] {dag.py:2915} INFO - Sync 1 DAGs
[2024-08-09T18:38:21.820+0000] {logging_mixin.py:151} INFO - [2024-08-09T18:38:21.819+0000] {dag.py:3696} INFO - Setting next_dagrun for data_ingestion to 2023-01-01T00:00:00+00:00, run_after=2023-02-01T00:00:00+00:00
[2024-08-09T18:38:21.826+0000] {processor.py:179} INFO - Processing /opt/airflow/dags/monthly_prediction.py took 0.131 seconds
[2024-08-09T18:38:52.026+0000] {processor.py:157} INFO - Started process (PID=257) to work on /opt/airflow/dags/monthly_prediction.py
[2024-08-09T18:38:52.027+0000] {processor.py:829} INFO - Processing file /opt/airflow/dags/monthly_prediction.py for tasks to queue
[2024-08-09T18:38:52.027+0000] {logging_mixin.py:151} INFO - [2024-08-09T18:38:52.027+0000] {dagbag.py:539} INFO - Filling up the DagBag from /opt/airflow/dags/monthly_prediction.py
[2024-08-09T18:38:52.042+0000] {processor.py:839} INFO - DAG(s) dict_keys(['data_ingestion']) retrieved from /opt/airflow/dags/monthly_prediction.py
[2024-08-09T18:38:52.170+0000] {logging_mixin.py:151} INFO - [2024-08-09T18:38:52.170+0000] {dag.py:2915} INFO - Sync 1 DAGs
[2024-08-09T18:38:52.180+0000] {logging_mixin.py:151} INFO - [2024-08-09T18:38:52.179+0000] {dag.py:3696} INFO - Setting next_dagrun for data_ingestion to 2023-01-01T00:00:00+00:00, run_after=2023-02-01T00:00:00+00:00
[2024-08-09T18:38:52.186+0000] {processor.py:179} INFO - Processing /opt/airflow/dags/monthly_prediction.py took 0.165 seconds
[2024-08-09T18:39:22.358+0000] {processor.py:157} INFO - Started process (PID=274) to work on /opt/airflow/dags/monthly_prediction.py
[2024-08-09T18:39:22.359+0000] {processor.py:829} INFO - Processing file /opt/airflow/dags/monthly_prediction.py for tasks to queue
[2024-08-09T18:39:22.360+0000] {logging_mixin.py:151} INFO - [2024-08-09T18:39:22.359+0000] {dagbag.py:539} INFO - Filling up the DagBag from /opt/airflow/dags/monthly_prediction.py
[2024-08-09T18:39:22.368+0000] {processor.py:839} INFO - DAG(s) dict_keys(['data_ingestion']) retrieved from /opt/airflow/dags/monthly_prediction.py
[2024-08-09T18:39:22.439+0000] {logging_mixin.py:151} INFO - [2024-08-09T18:39:22.439+0000] {dag.py:2915} INFO - Sync 1 DAGs
[2024-08-09T18:39:22.447+0000] {logging_mixin.py:151} INFO - [2024-08-09T18:39:22.447+0000] {dag.py:3696} INFO - Setting next_dagrun for data_ingestion to 2023-01-01T00:00:00+00:00, run_after=2023-02-01T00:00:00+00:00
[2024-08-09T18:39:22.454+0000] {processor.py:179} INFO - Processing /opt/airflow/dags/monthly_prediction.py took 0.099 seconds
[2024-08-09T18:39:52.730+0000] {processor.py:157} INFO - Started process (PID=290) to work on /opt/airflow/dags/monthly_prediction.py
[2024-08-09T18:39:52.731+0000] {processor.py:829} INFO - Processing file /opt/airflow/dags/monthly_prediction.py for tasks to queue
[2024-08-09T18:39:52.732+0000] {logging_mixin.py:151} INFO - [2024-08-09T18:39:52.732+0000] {dagbag.py:539} INFO - Filling up the DagBag from /opt/airflow/dags/monthly_prediction.py
[2024-08-09T18:39:52.740+0000] {processor.py:839} INFO - DAG(s) dict_keys(['data_ingestion']) retrieved from /opt/airflow/dags/monthly_prediction.py
[2024-08-09T18:39:52.754+0000] {logging_mixin.py:151} INFO - [2024-08-09T18:39:52.754+0000] {dag.py:2915} INFO - Sync 1 DAGs
[2024-08-09T18:39:52.763+0000] {logging_mixin.py:151} INFO - [2024-08-09T18:39:52.763+0000] {dag.py:3696} INFO - Setting next_dagrun for data_ingestion to 2023-01-01T00:00:00+00:00, run_after=2023-02-01T00:00:00+00:00
[2024-08-09T18:39:52.769+0000] {processor.py:179} INFO - Processing /opt/airflow/dags/monthly_prediction.py took 0.042 seconds
[2024-08-09T18:40:23.046+0000] {processor.py:157} INFO - Started process (PID=306) to work on /opt/airflow/dags/monthly_prediction.py
[2024-08-09T18:40:23.047+0000] {processor.py:829} INFO - Processing file /opt/airflow/dags/monthly_prediction.py for tasks to queue
[2024-08-09T18:40:23.047+0000] {logging_mixin.py:151} INFO - [2024-08-09T18:40:23.047+0000] {dagbag.py:539} INFO - Filling up the DagBag from /opt/airflow/dags/monthly_prediction.py
[2024-08-09T18:40:23.060+0000] {processor.py:839} INFO - DAG(s) dict_keys(['data_ingestion']) retrieved from /opt/airflow/dags/monthly_prediction.py
[2024-08-09T18:40:23.074+0000] {logging_mixin.py:151} INFO - [2024-08-09T18:40:23.074+0000] {dag.py:2915} INFO - Sync 1 DAGs
[2024-08-09T18:40:23.084+0000] {logging_mixin.py:151} INFO - [2024-08-09T18:40:23.084+0000] {dag.py:3696} INFO - Setting next_dagrun for data_ingestion to 2023-01-01T00:00:00+00:00, run_after=2023-02-01T00:00:00+00:00
[2024-08-09T18:40:23.092+0000] {processor.py:179} INFO - Processing /opt/airflow/dags/monthly_prediction.py took 0.048 seconds
[2024-08-09T18:40:53.388+0000] {processor.py:157} INFO - Started process (PID=322) to work on /opt/airflow/dags/monthly_prediction.py
[2024-08-09T18:40:53.389+0000] {processor.py:829} INFO - Processing file /opt/airflow/dags/monthly_prediction.py for tasks to queue
[2024-08-09T18:40:53.390+0000] {logging_mixin.py:151} INFO - [2024-08-09T18:40:53.390+0000] {dagbag.py:539} INFO - Filling up the DagBag from /opt/airflow/dags/monthly_prediction.py
[2024-08-09T18:40:53.421+0000] {processor.py:839} INFO - DAG(s) dict_keys(['data_ingestion']) retrieved from /opt/airflow/dags/monthly_prediction.py
[2024-08-09T18:40:53.437+0000] {logging_mixin.py:151} INFO - [2024-08-09T18:40:53.437+0000] {dag.py:2915} INFO - Sync 1 DAGs
[2024-08-09T18:40:53.450+0000] {logging_mixin.py:151} INFO - [2024-08-09T18:40:53.449+0000] {dag.py:3696} INFO - Setting next_dagrun for data_ingestion to 2023-01-01T00:00:00+00:00, run_after=2023-02-01T00:00:00+00:00
[2024-08-09T18:40:53.457+0000] {processor.py:179} INFO - Processing /opt/airflow/dags/monthly_prediction.py took 0.071 seconds
[2024-08-09T18:41:23.797+0000] {processor.py:157} INFO - Started process (PID=339) to work on /opt/airflow/dags/monthly_prediction.py
[2024-08-09T18:41:23.799+0000] {processor.py:829} INFO - Processing file /opt/airflow/dags/monthly_prediction.py for tasks to queue
[2024-08-09T18:41:23.799+0000] {logging_mixin.py:151} INFO - [2024-08-09T18:41:23.799+0000] {dagbag.py:539} INFO - Filling up the DagBag from /opt/airflow/dags/monthly_prediction.py
[2024-08-09T18:41:23.813+0000] {processor.py:839} INFO - DAG(s) dict_keys(['data_ingestion']) retrieved from /opt/airflow/dags/monthly_prediction.py
[2024-08-09T18:57:10.491+0000] {logging_mixin.py:151} INFO - [2024-08-09T18:57:10.491+0000] {dag.py:2915} INFO - Sync 1 DAGs
[2024-08-09T18:57:10.501+0000] {logging_mixin.py:151} INFO - [2024-08-09T18:57:10.501+0000] {dag.py:3696} INFO - Setting next_dagrun for data_ingestion to 2023-01-01T00:00:00+00:00, run_after=2023-02-01T00:00:00+00:00
[2024-08-09T18:57:10.508+0000] {processor.py:179} INFO - Processing /opt/airflow/dags/monthly_prediction.py took 0.051 seconds
[2024-08-09T19:12:05.938+0000] {processor.py:157} INFO - Started process (PID=365) to work on /opt/airflow/dags/monthly_prediction.py
[2024-08-09T19:12:05.939+0000] {processor.py:829} INFO - Processing file /opt/airflow/dags/monthly_prediction.py for tasks to queue
[2024-08-09T19:12:05.941+0000] {logging_mixin.py:151} INFO - [2024-08-09T19:12:05.940+0000] {dagbag.py:539} INFO - Filling up the DagBag from /opt/airflow/dags/monthly_prediction.py
[2024-08-09T19:12:05.964+0000] {processor.py:839} INFO - DAG(s) dict_keys(['data_ingestion']) retrieved from /opt/airflow/dags/monthly_prediction.py
[2024-08-09T19:12:06.027+0000] {logging_mixin.py:151} INFO - [2024-08-09T19:12:06.026+0000] {dag.py:2915} INFO - Sync 1 DAGs
[2024-08-09T19:12:06.071+0000] {logging_mixin.py:151} INFO - [2024-08-09T19:12:06.071+0000] {dag.py:3696} INFO - Setting next_dagrun for data_ingestion to 2023-01-01T00:00:00+00:00, run_after=2023-02-01T00:00:00+00:00
[2024-08-09T19:12:06.098+0000] {processor.py:179} INFO - Processing /opt/airflow/dags/monthly_prediction.py took 0.164 seconds
[2024-08-09T19:12:36.417+0000] {processor.py:157} INFO - Started process (PID=382) to work on /opt/airflow/dags/monthly_prediction.py
[2024-08-09T19:12:36.418+0000] {processor.py:829} INFO - Processing file /opt/airflow/dags/monthly_prediction.py for tasks to queue
[2024-08-09T19:12:36.418+0000] {logging_mixin.py:151} INFO - [2024-08-09T19:12:36.418+0000] {dagbag.py:539} INFO - Filling up the DagBag from /opt/airflow/dags/monthly_prediction.py
[2024-08-09T19:12:36.428+0000] {processor.py:839} INFO - DAG(s) dict_keys(['data_ingestion']) retrieved from /opt/airflow/dags/monthly_prediction.py
[2024-08-09T19:12:36.442+0000] {logging_mixin.py:151} INFO - [2024-08-09T19:12:36.442+0000] {dag.py:2915} INFO - Sync 1 DAGs
[2024-08-09T19:12:36.452+0000] {logging_mixin.py:151} INFO - [2024-08-09T19:12:36.452+0000] {dag.py:3696} INFO - Setting next_dagrun for data_ingestion to 2023-01-01T00:00:00+00:00, run_after=2023-02-01T00:00:00+00:00
[2024-08-09T19:12:36.459+0000] {processor.py:179} INFO - Processing /opt/airflow/dags/monthly_prediction.py took 0.045 seconds
[2024-08-09T19:13:06.843+0000] {processor.py:157} INFO - Started process (PID=399) to work on /opt/airflow/dags/monthly_prediction.py
[2024-08-09T19:13:06.845+0000] {processor.py:829} INFO - Processing file /opt/airflow/dags/monthly_prediction.py for tasks to queue
[2024-08-09T19:13:06.847+0000] {logging_mixin.py:151} INFO - [2024-08-09T19:13:06.847+0000] {dagbag.py:539} INFO - Filling up the DagBag from /opt/airflow/dags/monthly_prediction.py
[2024-08-09T19:13:06.872+0000] {processor.py:839} INFO - DAG(s) dict_keys(['data_ingestion']) retrieved from /opt/airflow/dags/monthly_prediction.py
[2024-08-09T19:13:06.901+0000] {logging_mixin.py:151} INFO - [2024-08-09T19:13:06.901+0000] {dag.py:2915} INFO - Sync 1 DAGs
[2024-08-09T19:13:06.915+0000] {logging_mixin.py:151} INFO - [2024-08-09T19:13:06.915+0000] {dag.py:3696} INFO - Setting next_dagrun for data_ingestion to 2023-01-01T00:00:00+00:00, run_after=2023-02-01T00:00:00+00:00
[2024-08-09T19:13:06.923+0000] {processor.py:179} INFO - Processing /opt/airflow/dags/monthly_prediction.py took 0.089 seconds
[2024-08-09T19:13:37.285+0000] {processor.py:157} INFO - Started process (PID=416) to work on /opt/airflow/dags/monthly_prediction.py
[2024-08-09T19:13:37.286+0000] {processor.py:829} INFO - Processing file /opt/airflow/dags/monthly_prediction.py for tasks to queue
[2024-08-09T19:13:37.287+0000] {logging_mixin.py:151} INFO - [2024-08-09T19:13:37.287+0000] {dagbag.py:539} INFO - Filling up the DagBag from /opt/airflow/dags/monthly_prediction.py
[2024-08-09T19:13:37.304+0000] {processor.py:839} INFO - DAG(s) dict_keys(['data_ingestion']) retrieved from /opt/airflow/dags/monthly_prediction.py
[2024-08-09T19:13:37.322+0000] {logging_mixin.py:151} INFO - [2024-08-09T19:13:37.322+0000] {dag.py:2915} INFO - Sync 1 DAGs
[2024-08-09T19:13:37.333+0000] {logging_mixin.py:151} INFO - [2024-08-09T19:13:37.333+0000] {dag.py:3696} INFO - Setting next_dagrun for data_ingestion to 2023-01-01T00:00:00+00:00, run_after=2023-02-01T00:00:00+00:00
[2024-08-09T19:13:37.341+0000] {processor.py:179} INFO - Processing /opt/airflow/dags/monthly_prediction.py took 0.060 seconds
[2024-08-09T19:25:23.127+0000] {processor.py:157} INFO - Started process (PID=435) to work on /opt/airflow/dags/monthly_prediction.py
[2024-08-09T19:25:23.129+0000] {processor.py:829} INFO - Processing file /opt/airflow/dags/monthly_prediction.py for tasks to queue
[2024-08-09T19:25:23.131+0000] {logging_mixin.py:151} INFO - [2024-08-09T19:25:23.130+0000] {dagbag.py:539} INFO - Filling up the DagBag from /opt/airflow/dags/monthly_prediction.py
[2024-08-09T19:25:23.160+0000] {processor.py:839} INFO - DAG(s) dict_keys(['data_ingestion']) retrieved from /opt/airflow/dags/monthly_prediction.py
[2024-08-09T19:25:23.243+0000] {logging_mixin.py:151} INFO - [2024-08-09T19:25:23.242+0000] {dag.py:2915} INFO - Sync 1 DAGs
[2024-08-09T19:25:23.281+0000] {logging_mixin.py:151} INFO - [2024-08-09T19:25:23.281+0000] {dag.py:3696} INFO - Setting next_dagrun for data_ingestion to 2023-01-01T00:00:00+00:00, run_after=2023-02-01T00:00:00+00:00
[2024-08-09T19:25:23.314+0000] {processor.py:179} INFO - Processing /opt/airflow/dags/monthly_prediction.py took 0.200 seconds
[2024-08-09T19:43:09.609+0000] {processor.py:157} INFO - Started process (PID=452) to work on /opt/airflow/dags/monthly_prediction.py
[2024-08-09T19:43:09.614+0000] {processor.py:829} INFO - Processing file /opt/airflow/dags/monthly_prediction.py for tasks to queue
[2024-08-09T19:43:09.618+0000] {logging_mixin.py:151} INFO - [2024-08-09T19:43:09.617+0000] {dagbag.py:539} INFO - Filling up the DagBag from /opt/airflow/dags/monthly_prediction.py
[2024-08-09T19:43:09.656+0000] {processor.py:839} INFO - DAG(s) dict_keys(['data_ingestion']) retrieved from /opt/airflow/dags/monthly_prediction.py
[2024-08-09T19:43:09.709+0000] {logging_mixin.py:151} INFO - [2024-08-09T19:43:09.709+0000] {dag.py:2915} INFO - Sync 1 DAGs
[2024-08-09T19:43:09.749+0000] {logging_mixin.py:151} INFO - [2024-08-09T19:43:09.748+0000] {dag.py:3696} INFO - Setting next_dagrun for data_ingestion to 2023-01-01T00:00:00+00:00, run_after=2023-02-01T00:00:00+00:00
[2024-08-09T19:43:09.771+0000] {processor.py:179} INFO - Processing /opt/airflow/dags/monthly_prediction.py took 0.175 seconds
[2024-08-09T19:53:05.954+0000] {processor.py:157} INFO - Started process (PID=469) to work on /opt/airflow/dags/monthly_prediction.py
[2024-08-09T19:53:05.957+0000] {processor.py:829} INFO - Processing file /opt/airflow/dags/monthly_prediction.py for tasks to queue
[2024-08-09T19:53:05.959+0000] {logging_mixin.py:151} INFO - [2024-08-09T19:53:05.958+0000] {dagbag.py:539} INFO - Filling up the DagBag from /opt/airflow/dags/monthly_prediction.py
[2024-08-09T19:53:06.001+0000] {processor.py:839} INFO - DAG(s) dict_keys(['data_ingestion']) retrieved from /opt/airflow/dags/monthly_prediction.py
[2024-08-09T19:53:06.034+0000] {logging_mixin.py:151} INFO - [2024-08-09T19:53:06.034+0000] {dag.py:2915} INFO - Sync 1 DAGs
[2024-08-09T19:53:06.065+0000] {logging_mixin.py:151} INFO - [2024-08-09T19:53:06.065+0000] {dag.py:3696} INFO - Setting next_dagrun for data_ingestion to 2023-01-01T00:00:00+00:00, run_after=2023-02-01T00:00:00+00:00
[2024-08-09T19:53:06.087+0000] {processor.py:179} INFO - Processing /opt/airflow/dags/monthly_prediction.py took 0.140 seconds
[2024-08-09T19:56:15.710+0000] {processor.py:157} INFO - Started process (PID=488) to work on /opt/airflow/dags/monthly_prediction.py
[2024-08-09T19:56:15.712+0000] {processor.py:829} INFO - Processing file /opt/airflow/dags/monthly_prediction.py for tasks to queue
[2024-08-09T19:56:15.713+0000] {logging_mixin.py:151} INFO - [2024-08-09T19:56:15.713+0000] {dagbag.py:539} INFO - Filling up the DagBag from /opt/airflow/dags/monthly_prediction.py
[2024-08-09T19:56:15.744+0000] {processor.py:839} INFO - DAG(s) dict_keys(['data_ingestion']) retrieved from /opt/airflow/dags/monthly_prediction.py
[2024-08-09T19:56:15.765+0000] {logging_mixin.py:151} INFO - [2024-08-09T19:56:15.765+0000] {dag.py:2915} INFO - Sync 1 DAGs
[2024-08-09T19:56:15.776+0000] {logging_mixin.py:151} INFO - [2024-08-09T19:56:15.776+0000] {dag.py:3696} INFO - Setting next_dagrun for data_ingestion to 2023-01-01T00:00:00+00:00, run_after=2023-02-01T00:00:00+00:00
[2024-08-09T19:56:15.785+0000] {processor.py:179} INFO - Processing /opt/airflow/dags/monthly_prediction.py took 0.079 seconds
[2024-08-09T20:00:58.540+0000] {processor.py:157} INFO - Started process (PID=505) to work on /opt/airflow/dags/monthly_prediction.py
[2024-08-09T20:00:58.545+0000] {processor.py:829} INFO - Processing file /opt/airflow/dags/monthly_prediction.py for tasks to queue
[2024-08-09T20:00:58.548+0000] {logging_mixin.py:151} INFO - [2024-08-09T20:00:58.547+0000] {dagbag.py:539} INFO - Filling up the DagBag from /opt/airflow/dags/monthly_prediction.py
[2024-08-09T20:00:58.608+0000] {processor.py:839} INFO - DAG(s) dict_keys(['data_ingestion']) retrieved from /opt/airflow/dags/monthly_prediction.py
[2024-08-09T20:00:58.664+0000] {logging_mixin.py:151} INFO - [2024-08-09T20:00:58.664+0000] {dag.py:2915} INFO - Sync 1 DAGs
[2024-08-09T20:00:58.704+0000] {logging_mixin.py:151} INFO - [2024-08-09T20:00:58.704+0000] {dag.py:3696} INFO - Setting next_dagrun for data_ingestion to 2023-01-01T00:00:00+00:00, run_after=2023-02-01T00:00:00+00:00
[2024-08-09T20:00:58.730+0000] {processor.py:179} INFO - Processing /opt/airflow/dags/monthly_prediction.py took 0.199 seconds
[2024-08-09T20:01:29.015+0000] {processor.py:157} INFO - Started process (PID=522) to work on /opt/airflow/dags/monthly_prediction.py
[2024-08-09T20:01:29.017+0000] {processor.py:829} INFO - Processing file /opt/airflow/dags/monthly_prediction.py for tasks to queue
[2024-08-09T20:01:29.018+0000] {logging_mixin.py:151} INFO - [2024-08-09T20:01:29.017+0000] {dagbag.py:539} INFO - Filling up the DagBag from /opt/airflow/dags/monthly_prediction.py
[2024-08-09T20:01:29.055+0000] {processor.py:839} INFO - DAG(s) dict_keys(['data_ingestion']) retrieved from /opt/airflow/dags/monthly_prediction.py
[2024-08-09T20:01:29.076+0000] {logging_mixin.py:151} INFO - [2024-08-09T20:01:29.076+0000] {dag.py:2915} INFO - Sync 1 DAGs
[2024-08-09T20:01:29.088+0000] {logging_mixin.py:151} INFO - [2024-08-09T20:01:29.088+0000] {dag.py:3696} INFO - Setting next_dagrun for data_ingestion to 2023-01-01T00:00:00+00:00, run_after=2023-02-01T00:00:00+00:00
[2024-08-09T20:01:29.096+0000] {processor.py:179} INFO - Processing /opt/airflow/dags/monthly_prediction.py took 0.085 seconds
[2024-08-09T20:01:59.451+0000] {processor.py:157} INFO - Started process (PID=539) to work on /opt/airflow/dags/monthly_prediction.py
[2024-08-09T20:01:59.452+0000] {processor.py:829} INFO - Processing file /opt/airflow/dags/monthly_prediction.py for tasks to queue
[2024-08-09T20:01:59.453+0000] {logging_mixin.py:151} INFO - [2024-08-09T20:01:59.453+0000] {dagbag.py:539} INFO - Filling up the DagBag from /opt/airflow/dags/monthly_prediction.py
[2024-08-09T20:01:59.492+0000] {processor.py:839} INFO - DAG(s) dict_keys(['data_ingestion']) retrieved from /opt/airflow/dags/monthly_prediction.py
[2024-08-09T20:01:59.517+0000] {logging_mixin.py:151} INFO - [2024-08-09T20:01:59.517+0000] {dag.py:2915} INFO - Sync 1 DAGs
[2024-08-09T20:01:59.528+0000] {logging_mixin.py:151} INFO - [2024-08-09T20:01:59.528+0000] {dag.py:3696} INFO - Setting next_dagrun for data_ingestion to 2023-01-01T00:00:00+00:00, run_after=2023-02-01T00:00:00+00:00
[2024-08-09T20:01:59.536+0000] {processor.py:179} INFO - Processing /opt/airflow/dags/monthly_prediction.py took 0.089 seconds
[2024-08-09T20:02:29.901+0000] {processor.py:157} INFO - Started process (PID=556) to work on /opt/airflow/dags/monthly_prediction.py
[2024-08-09T20:02:29.902+0000] {processor.py:829} INFO - Processing file /opt/airflow/dags/monthly_prediction.py for tasks to queue
[2024-08-09T20:02:29.903+0000] {logging_mixin.py:151} INFO - [2024-08-09T20:02:29.903+0000] {dagbag.py:539} INFO - Filling up the DagBag from /opt/airflow/dags/monthly_prediction.py
[2024-08-09T20:02:29.911+0000] {processor.py:839} INFO - DAG(s) dict_keys(['data_ingestion']) retrieved from /opt/airflow/dags/monthly_prediction.py
[2024-08-09T20:02:29.924+0000] {logging_mixin.py:151} INFO - [2024-08-09T20:02:29.924+0000] {dag.py:2915} INFO - Sync 1 DAGs
[2024-08-09T20:02:29.933+0000] {logging_mixin.py:151} INFO - [2024-08-09T20:02:29.933+0000] {dag.py:3696} INFO - Setting next_dagrun for data_ingestion to 2023-01-01T00:00:00+00:00, run_after=2023-02-01T00:00:00+00:00
[2024-08-09T20:02:29.939+0000] {processor.py:179} INFO - Processing /opt/airflow/dags/monthly_prediction.py took 0.041 seconds
[2024-08-09T20:05:37.655+0000] {processor.py:157} INFO - Started process (PID=573) to work on /opt/airflow/dags/monthly_prediction.py
[2024-08-09T20:05:37.657+0000] {processor.py:829} INFO - Processing file /opt/airflow/dags/monthly_prediction.py for tasks to queue
[2024-08-09T20:05:37.659+0000] {logging_mixin.py:151} INFO - [2024-08-09T20:05:37.658+0000] {dagbag.py:539} INFO - Filling up the DagBag from /opt/airflow/dags/monthly_prediction.py
[2024-08-09T20:05:37.712+0000] {processor.py:839} INFO - DAG(s) dict_keys(['data_ingestion']) retrieved from /opt/airflow/dags/monthly_prediction.py
[2024-08-09T20:05:37.745+0000] {logging_mixin.py:151} INFO - [2024-08-09T20:05:37.745+0000] {dag.py:2915} INFO - Sync 1 DAGs
[2024-08-09T20:05:37.775+0000] {logging_mixin.py:151} INFO - [2024-08-09T20:05:37.775+0000] {dag.py:3696} INFO - Setting next_dagrun for data_ingestion to 2023-01-01T00:00:00+00:00, run_after=2023-02-01T00:00:00+00:00
[2024-08-09T20:05:37.797+0000] {processor.py:179} INFO - Processing /opt/airflow/dags/monthly_prediction.py took 0.152 seconds
[2024-08-09T20:24:33.812+0000] {processor.py:157} INFO - Started process (PID=590) to work on /opt/airflow/dags/monthly_prediction.py
[2024-08-09T20:24:33.814+0000] {processor.py:829} INFO - Processing file /opt/airflow/dags/monthly_prediction.py for tasks to queue
[2024-08-09T20:24:33.815+0000] {logging_mixin.py:151} INFO - [2024-08-09T20:24:33.815+0000] {dagbag.py:539} INFO - Filling up the DagBag from /opt/airflow/dags/monthly_prediction.py
[2024-08-09T20:24:33.834+0000] {processor.py:839} INFO - DAG(s) dict_keys(['data_ingestion']) retrieved from /opt/airflow/dags/monthly_prediction.py
[2024-08-09T20:24:33.855+0000] {logging_mixin.py:151} INFO - [2024-08-09T20:24:33.855+0000] {dag.py:2915} INFO - Sync 1 DAGs
[2024-08-09T20:24:33.867+0000] {logging_mixin.py:151} INFO - [2024-08-09T20:24:33.867+0000] {dag.py:3696} INFO - Setting next_dagrun for data_ingestion to 2023-01-01T00:00:00+00:00, run_after=2023-02-01T00:00:00+00:00
[2024-08-09T20:24:33.875+0000] {processor.py:179} INFO - Processing /opt/airflow/dags/monthly_prediction.py took 0.068 seconds
[2024-08-09T20:38:24.897+0000] {processor.py:157} INFO - Started process (PID=607) to work on /opt/airflow/dags/monthly_prediction.py
[2024-08-09T20:38:24.900+0000] {processor.py:829} INFO - Processing file /opt/airflow/dags/monthly_prediction.py for tasks to queue
[2024-08-09T20:38:24.904+0000] {logging_mixin.py:151} INFO - [2024-08-09T20:38:24.902+0000] {dagbag.py:539} INFO - Filling up the DagBag from /opt/airflow/dags/monthly_prediction.py
[2024-08-09T20:38:24.954+0000] {processor.py:839} INFO - DAG(s) dict_keys(['data_ingestion']) retrieved from /opt/airflow/dags/monthly_prediction.py
[2024-08-09T20:38:25.020+0000] {logging_mixin.py:151} INFO - [2024-08-09T20:38:25.020+0000] {dag.py:2915} INFO - Sync 1 DAGs
[2024-08-09T20:38:25.055+0000] {logging_mixin.py:151} INFO - [2024-08-09T20:38:25.055+0000] {dag.py:3696} INFO - Setting next_dagrun for data_ingestion to 2023-01-01T00:00:00+00:00, run_after=2023-02-01T00:00:00+00:00
[2024-08-09T20:38:25.085+0000] {processor.py:179} INFO - Processing /opt/airflow/dags/monthly_prediction.py took 0.197 seconds
[2024-08-09T20:38:55.320+0000] {processor.py:157} INFO - Started process (PID=624) to work on /opt/airflow/dags/monthly_prediction.py
[2024-08-09T20:38:55.321+0000] {processor.py:829} INFO - Processing file /opt/airflow/dags/monthly_prediction.py for tasks to queue
[2024-08-09T20:38:55.322+0000] {logging_mixin.py:151} INFO - [2024-08-09T20:38:55.322+0000] {dagbag.py:539} INFO - Filling up the DagBag from /opt/airflow/dags/monthly_prediction.py
[2024-08-09T20:38:55.353+0000] {processor.py:839} INFO - DAG(s) dict_keys(['data_ingestion']) retrieved from /opt/airflow/dags/monthly_prediction.py
[2024-08-09T20:38:55.376+0000] {logging_mixin.py:151} INFO - [2024-08-09T20:38:55.375+0000] {dag.py:2915} INFO - Sync 1 DAGs
[2024-08-09T20:38:55.390+0000] {logging_mixin.py:151} INFO - [2024-08-09T20:38:55.390+0000] {dag.py:3696} INFO - Setting next_dagrun for data_ingestion to 2023-01-01T00:00:00+00:00, run_after=2023-02-01T00:00:00+00:00
[2024-08-09T20:38:55.398+0000] {processor.py:179} INFO - Processing /opt/airflow/dags/monthly_prediction.py took 0.082 seconds
[2024-08-09T20:39:25.787+0000] {processor.py:157} INFO - Started process (PID=641) to work on /opt/airflow/dags/monthly_prediction.py
[2024-08-09T20:39:25.789+0000] {processor.py:829} INFO - Processing file /opt/airflow/dags/monthly_prediction.py for tasks to queue
[2024-08-09T20:39:25.790+0000] {logging_mixin.py:151} INFO - [2024-08-09T20:39:25.790+0000] {dagbag.py:539} INFO - Filling up the DagBag from /opt/airflow/dags/monthly_prediction.py
[2024-08-09T20:39:25.810+0000] {processor.py:839} INFO - DAG(s) dict_keys(['data_ingestion']) retrieved from /opt/airflow/dags/monthly_prediction.py
[2024-08-09T20:39:25.829+0000] {logging_mixin.py:151} INFO - [2024-08-09T20:39:25.829+0000] {dag.py:2915} INFO - Sync 1 DAGs
[2024-08-09T20:39:25.862+0000] {logging_mixin.py:151} INFO - [2024-08-09T20:39:25.861+0000] {dag.py:3696} INFO - Setting next_dagrun for data_ingestion to 2023-01-01T00:00:00+00:00, run_after=2023-02-01T00:00:00+00:00
[2024-08-09T20:39:25.878+0000] {processor.py:179} INFO - Processing /opt/airflow/dags/monthly_prediction.py took 0.096 seconds
[2024-08-09T20:39:56.192+0000] {processor.py:157} INFO - Started process (PID=658) to work on /opt/airflow/dags/monthly_prediction.py
[2024-08-09T20:39:56.192+0000] {processor.py:829} INFO - Processing file /opt/airflow/dags/monthly_prediction.py for tasks to queue
[2024-08-09T20:39:56.193+0000] {logging_mixin.py:151} INFO - [2024-08-09T20:39:56.193+0000] {dagbag.py:539} INFO - Filling up the DagBag from /opt/airflow/dags/monthly_prediction.py
[2024-08-09T20:39:56.201+0000] {processor.py:839} INFO - DAG(s) dict_keys(['data_ingestion']) retrieved from /opt/airflow/dags/monthly_prediction.py
[2024-08-09T20:39:56.215+0000] {logging_mixin.py:151} INFO - [2024-08-09T20:39:56.215+0000] {dag.py:2915} INFO - Sync 1 DAGs
[2024-08-09T20:39:56.224+0000] {logging_mixin.py:151} INFO - [2024-08-09T20:39:56.224+0000] {dag.py:3696} INFO - Setting next_dagrun for data_ingestion to 2023-01-01T00:00:00+00:00, run_after=2023-02-01T00:00:00+00:00
[2024-08-09T20:39:56.230+0000] {processor.py:179} INFO - Processing /opt/airflow/dags/monthly_prediction.py took 0.041 seconds
[2024-08-09T20:50:03.415+0000] {processor.py:157} INFO - Started process (PID=676) to work on /opt/airflow/dags/monthly_prediction.py
[2024-08-09T20:50:03.419+0000] {processor.py:829} INFO - Processing file /opt/airflow/dags/monthly_prediction.py for tasks to queue
[2024-08-09T20:50:03.430+0000] {logging_mixin.py:151} INFO - [2024-08-09T20:50:03.429+0000] {dagbag.py:539} INFO - Filling up the DagBag from /opt/airflow/dags/monthly_prediction.py
[2024-08-09T20:50:03.471+0000] {processor.py:839} INFO - DAG(s) dict_keys(['data_ingestion']) retrieved from /opt/airflow/dags/monthly_prediction.py
[2024-08-09T20:50:03.568+0000] {logging_mixin.py:151} INFO - [2024-08-09T20:50:03.567+0000] {dag.py:2915} INFO - Sync 1 DAGs
[2024-08-09T20:50:03.617+0000] {logging_mixin.py:151} INFO - [2024-08-09T20:50:03.616+0000] {dag.py:3696} INFO - Setting next_dagrun for data_ingestion to 2023-01-01T00:00:00+00:00, run_after=2023-02-01T00:00:00+00:00
[2024-08-09T20:50:03.685+0000] {processor.py:179} INFO - Processing /opt/airflow/dags/monthly_prediction.py took 0.302 seconds
[2024-08-09T21:14:17.483+0000] {processor.py:157} INFO - Started process (PID=693) to work on /opt/airflow/dags/monthly_prediction.py
[2024-08-09T21:14:17.484+0000] {processor.py:829} INFO - Processing file /opt/airflow/dags/monthly_prediction.py for tasks to queue
[2024-08-09T21:14:17.485+0000] {logging_mixin.py:151} INFO - [2024-08-09T21:14:17.485+0000] {dagbag.py:539} INFO - Filling up the DagBag from /opt/airflow/dags/monthly_prediction.py
[2024-08-09T21:14:17.506+0000] {processor.py:839} INFO - DAG(s) dict_keys(['data_ingestion']) retrieved from /opt/airflow/dags/monthly_prediction.py
[2024-08-09T21:14:17.537+0000] {logging_mixin.py:151} INFO - [2024-08-09T21:14:17.537+0000] {dag.py:2915} INFO - Sync 1 DAGs
[2024-08-09T21:14:17.559+0000] {logging_mixin.py:151} INFO - [2024-08-09T21:14:17.558+0000] {dag.py:3696} INFO - Setting next_dagrun for data_ingestion to 2023-01-01T00:00:00+00:00, run_after=2023-02-01T00:00:00+00:00
[2024-08-09T21:14:17.570+0000] {processor.py:179} INFO - Processing /opt/airflow/dags/monthly_prediction.py took 0.092 seconds
[2024-08-09T21:15:06.368+0000] {processor.py:157} INFO - Started process (PID=712) to work on /opt/airflow/dags/monthly_prediction.py
[2024-08-09T21:15:06.369+0000] {processor.py:829} INFO - Processing file /opt/airflow/dags/monthly_prediction.py for tasks to queue
[2024-08-09T21:15:06.370+0000] {logging_mixin.py:151} INFO - [2024-08-09T21:15:06.370+0000] {dagbag.py:539} INFO - Filling up the DagBag from /opt/airflow/dags/monthly_prediction.py
[2024-08-09T21:15:06.385+0000] {processor.py:839} INFO - DAG(s) dict_keys(['data_ingestion']) retrieved from /opt/airflow/dags/monthly_prediction.py
[2024-08-09T21:15:06.403+0000] {logging_mixin.py:151} INFO - [2024-08-09T21:15:06.403+0000] {dag.py:2915} INFO - Sync 1 DAGs
[2024-08-09T21:15:06.414+0000] {logging_mixin.py:151} INFO - [2024-08-09T21:15:06.414+0000] {dag.py:3696} INFO - Setting next_dagrun for data_ingestion to 2023-01-01T00:00:00+00:00, run_after=2023-02-01T00:00:00+00:00
[2024-08-09T21:15:06.422+0000] {processor.py:179} INFO - Processing /opt/airflow/dags/monthly_prediction.py took 0.057 seconds
[2024-08-09T21:15:36.805+0000] {processor.py:157} INFO - Started process (PID=729) to work on /opt/airflow/dags/monthly_prediction.py
[2024-08-09T21:15:36.806+0000] {processor.py:829} INFO - Processing file /opt/airflow/dags/monthly_prediction.py for tasks to queue
[2024-08-09T21:15:36.807+0000] {logging_mixin.py:151} INFO - [2024-08-09T21:15:36.807+0000] {dagbag.py:539} INFO - Filling up the DagBag from /opt/airflow/dags/monthly_prediction.py
[2024-08-09T21:15:36.842+0000] {processor.py:839} INFO - DAG(s) dict_keys(['data_ingestion']) retrieved from /opt/airflow/dags/monthly_prediction.py
[2024-08-09T21:15:36.858+0000] {logging_mixin.py:151} INFO - [2024-08-09T21:15:36.858+0000] {dag.py:2915} INFO - Sync 1 DAGs
[2024-08-09T21:15:36.870+0000] {logging_mixin.py:151} INFO - [2024-08-09T21:15:36.869+0000] {dag.py:3696} INFO - Setting next_dagrun for data_ingestion to 2023-01-01T00:00:00+00:00, run_after=2023-02-01T00:00:00+00:00
[2024-08-09T21:15:36.877+0000] {processor.py:179} INFO - Processing /opt/airflow/dags/monthly_prediction.py took 0.075 seconds
[2024-08-09T21:16:07.203+0000] {processor.py:157} INFO - Started process (PID=746) to work on /opt/airflow/dags/monthly_prediction.py
[2024-08-09T21:16:07.204+0000] {processor.py:829} INFO - Processing file /opt/airflow/dags/monthly_prediction.py for tasks to queue
[2024-08-09T21:16:07.205+0000] {logging_mixin.py:151} INFO - [2024-08-09T21:16:07.204+0000] {dagbag.py:539} INFO - Filling up the DagBag from /opt/airflow/dags/monthly_prediction.py
[2024-08-09T21:16:07.222+0000] {processor.py:839} INFO - DAG(s) dict_keys(['data_ingestion']) retrieved from /opt/airflow/dags/monthly_prediction.py
[2024-08-09T21:16:07.243+0000] {logging_mixin.py:151} INFO - [2024-08-09T21:16:07.243+0000] {dag.py:2915} INFO - Sync 1 DAGs
[2024-08-09T21:16:07.255+0000] {logging_mixin.py:151} INFO - [2024-08-09T21:16:07.255+0000] {dag.py:3696} INFO - Setting next_dagrun for data_ingestion to 2023-01-01T00:00:00+00:00, run_after=2023-02-01T00:00:00+00:00
[2024-08-09T21:16:07.262+0000] {processor.py:179} INFO - Processing /opt/airflow/dags/monthly_prediction.py took 0.064 seconds
[2024-08-09T21:16:37.584+0000] {processor.py:157} INFO - Started process (PID=763) to work on /opt/airflow/dags/monthly_prediction.py
[2024-08-09T21:16:37.586+0000] {processor.py:829} INFO - Processing file /opt/airflow/dags/monthly_prediction.py for tasks to queue
[2024-08-09T21:16:37.587+0000] {logging_mixin.py:151} INFO - [2024-08-09T21:16:37.586+0000] {dagbag.py:539} INFO - Filling up the DagBag from /opt/airflow/dags/monthly_prediction.py
[2024-08-09T21:16:37.619+0000] {processor.py:839} INFO - DAG(s) dict_keys(['data_ingestion']) retrieved from /opt/airflow/dags/monthly_prediction.py
[2024-08-09T21:16:37.636+0000] {logging_mixin.py:151} INFO - [2024-08-09T21:16:37.636+0000] {dag.py:2915} INFO - Sync 1 DAGs
[2024-08-09T21:16:37.648+0000] {logging_mixin.py:151} INFO - [2024-08-09T21:16:37.648+0000] {dag.py:3696} INFO - Setting next_dagrun for data_ingestion to 2023-01-01T00:00:00+00:00, run_after=2023-02-01T00:00:00+00:00
[2024-08-09T21:16:37.656+0000] {processor.py:179} INFO - Processing /opt/airflow/dags/monthly_prediction.py took 0.075 seconds
[2024-08-09T22:12:29.429+0000] {processor.py:157} INFO - Started process (PID=782) to work on /opt/airflow/dags/monthly_prediction.py
[2024-08-09T22:12:29.431+0000] {processor.py:829} INFO - Processing file /opt/airflow/dags/monthly_prediction.py for tasks to queue
[2024-08-09T22:12:29.433+0000] {logging_mixin.py:151} INFO - [2024-08-09T22:12:29.432+0000] {dagbag.py:539} INFO - Filling up the DagBag from /opt/airflow/dags/monthly_prediction.py
[2024-08-09T22:12:29.463+0000] {processor.py:839} INFO - DAG(s) dict_keys(['data_ingestion']) retrieved from /opt/airflow/dags/monthly_prediction.py
[2024-08-09T22:12:29.506+0000] {logging_mixin.py:151} INFO - [2024-08-09T22:12:29.506+0000] {dag.py:2915} INFO - Sync 1 DAGs
[2024-08-09T22:12:29.535+0000] {logging_mixin.py:151} INFO - [2024-08-09T22:12:29.534+0000] {dag.py:3696} INFO - Setting next_dagrun for data_ingestion to 2023-01-01T00:00:00+00:00, run_after=2023-02-01T00:00:00+00:00
[2024-08-09T22:12:29.575+0000] {processor.py:179} INFO - Processing /opt/airflow/dags/monthly_prediction.py took 0.151 seconds
[2024-08-09T22:56:57.189+0000] {processor.py:157} INFO - Started process (PID=799) to work on /opt/airflow/dags/monthly_prediction.py
[2024-08-09T22:56:57.190+0000] {processor.py:829} INFO - Processing file /opt/airflow/dags/monthly_prediction.py for tasks to queue
[2024-08-09T22:56:57.191+0000] {logging_mixin.py:151} INFO - [2024-08-09T22:56:57.191+0000] {dagbag.py:539} INFO - Filling up the DagBag from /opt/airflow/dags/monthly_prediction.py
[2024-08-09T22:56:57.216+0000] {processor.py:839} INFO - DAG(s) dict_keys(['data_ingestion']) retrieved from /opt/airflow/dags/monthly_prediction.py
[2024-08-09T22:56:57.243+0000] {logging_mixin.py:151} INFO - [2024-08-09T22:56:57.243+0000] {dag.py:2915} INFO - Sync 1 DAGs
[2024-08-09T22:56:57.258+0000] {logging_mixin.py:151} INFO - [2024-08-09T22:56:57.258+0000] {dag.py:3696} INFO - Setting next_dagrun for data_ingestion to 2023-01-01T00:00:00+00:00, run_after=2023-02-01T00:00:00+00:00
[2024-08-09T22:56:57.269+0000] {processor.py:179} INFO - Processing /opt/airflow/dags/monthly_prediction.py took 0.083 seconds
[2024-08-09T23:28:06.201+0000] {processor.py:157} INFO - Started process (PID=816) to work on /opt/airflow/dags/monthly_prediction.py
[2024-08-09T23:28:06.202+0000] {processor.py:829} INFO - Processing file /opt/airflow/dags/monthly_prediction.py for tasks to queue
[2024-08-09T23:28:06.203+0000] {logging_mixin.py:151} INFO - [2024-08-09T23:28:06.203+0000] {dagbag.py:539} INFO - Filling up the DagBag from /opt/airflow/dags/monthly_prediction.py
[2024-08-09T23:28:06.224+0000] {processor.py:839} INFO - DAG(s) dict_keys(['data_ingestion']) retrieved from /opt/airflow/dags/monthly_prediction.py
[2024-08-09T23:28:06.243+0000] {logging_mixin.py:151} INFO - [2024-08-09T23:28:06.243+0000] {dag.py:2915} INFO - Sync 1 DAGs
[2024-08-09T23:28:06.255+0000] {logging_mixin.py:151} INFO - [2024-08-09T23:28:06.254+0000] {dag.py:3696} INFO - Setting next_dagrun for data_ingestion to 2023-01-01T00:00:00+00:00, run_after=2023-02-01T00:00:00+00:00
[2024-08-09T23:28:06.264+0000] {processor.py:179} INFO - Processing /opt/airflow/dags/monthly_prediction.py took 0.068 seconds
