[2024-08-12T19:56:48.331+0000] {taskinstance.py:1157} INFO - Dependencies all met for dep_context=non-requeueable deps ti=<TaskInstance: monthly_prediction.wait_for_retrain manual__2024-08-12T19:56:45.942043+00:00 [queued]>
[2024-08-12T19:56:48.337+0000] {taskinstance.py:1157} INFO - Dependencies all met for dep_context=requeueable deps ti=<TaskInstance: monthly_prediction.wait_for_retrain manual__2024-08-12T19:56:45.942043+00:00 [queued]>
[2024-08-12T19:56:48.338+0000] {taskinstance.py:1359} INFO - Starting attempt 1 of 1
[2024-08-12T19:56:48.347+0000] {taskinstance.py:1380} INFO - Executing <Task(ExternalTaskSensor): wait_for_retrain> on 2024-08-12 19:56:45.942043+00:00
[2024-08-12T19:56:48.354+0000] {standard_task_runner.py:57} INFO - Started process 10716 to run task
[2024-08-12T19:56:48.359+0000] {standard_task_runner.py:84} INFO - Running: ['***', 'tasks', 'run', 'monthly_prediction', 'wait_for_retrain', 'manual__2024-08-12T19:56:45.942043+00:00', '--job-id', '797', '--raw', '--subdir', 'DAGS_FOLDER/monthly_prediction.py', '--cfg-path', '/tmp/tmps1qh6y6x']
[2024-08-12T19:56:48.363+0000] {standard_task_runner.py:85} INFO - Job 797: Subtask wait_for_retrain
[2024-08-12T19:56:48.733+0000] {task_command.py:415} INFO - Running <TaskInstance: monthly_prediction.wait_for_retrain manual__2024-08-12T19:56:45.942043+00:00 [running]> on host a9166c5dc5ae
[2024-08-12T19:56:48.791+0000] {taskinstance.py:1660} INFO - Exporting env vars: AIRFLOW_CTX_DAG_OWNER='***' AIRFLOW_CTX_DAG_ID='monthly_prediction' AIRFLOW_CTX_TASK_ID='wait_for_retrain' AIRFLOW_CTX_EXECUTION_DATE='2024-08-12T19:56:45.942043+00:00' AIRFLOW_CTX_TRY_NUMBER='1' AIRFLOW_CTX_DAG_RUN_ID='manual__2024-08-12T19:56:45.942043+00:00'
[2024-08-12T19:56:48.799+0000] {external_task.py:244} INFO - Poking for tasks ['optimize_and_register_best_classifier'] in dag quarterly_retrain on 2024-07-31T19:56:45.942043+00:00 ... 
[2024-08-12T19:56:48.826+0000] {taskinstance.py:1895} INFO - Rescheduling task, marking task as UP_FOR_RESCHEDULE
[2024-08-12T19:56:48.866+0000] {local_task_job_runner.py:228} INFO - Task exited with return code 0
[2024-08-12T19:56:48.881+0000] {taskinstance.py:2776} INFO - 0 downstream tasks scheduled from follow-on schedule check
[2024-08-12T19:57:50.160+0000] {taskinstance.py:1157} INFO - Dependencies all met for dep_context=non-requeueable deps ti=<TaskInstance: monthly_prediction.wait_for_retrain manual__2024-08-12T19:56:45.942043+00:00 [queued]>
[2024-08-12T19:57:50.167+0000] {taskinstance.py:1157} INFO - Dependencies all met for dep_context=requeueable deps ti=<TaskInstance: monthly_prediction.wait_for_retrain manual__2024-08-12T19:56:45.942043+00:00 [queued]>
[2024-08-12T19:57:50.168+0000] {taskinstance.py:1359} INFO - Starting attempt 1 of 1
[2024-08-12T19:57:50.176+0000] {taskinstance.py:1380} INFO - Executing <Task(ExternalTaskSensor): wait_for_retrain> on 2024-08-12 19:56:45.942043+00:00
[2024-08-12T19:57:50.182+0000] {standard_task_runner.py:57} INFO - Started process 11001 to run task
[2024-08-12T19:57:50.185+0000] {standard_task_runner.py:84} INFO - Running: ['***', 'tasks', 'run', 'monthly_prediction', 'wait_for_retrain', 'manual__2024-08-12T19:56:45.942043+00:00', '--job-id', '815', '--raw', '--subdir', 'DAGS_FOLDER/monthly_prediction.py', '--cfg-path', '/tmp/tmpgztx4n6k']
[2024-08-12T19:57:50.189+0000] {standard_task_runner.py:85} INFO - Job 815: Subtask wait_for_retrain
[2024-08-12T19:57:50.227+0000] {task_command.py:415} INFO - Running <TaskInstance: monthly_prediction.wait_for_retrain manual__2024-08-12T19:56:45.942043+00:00 [running]> on host a9166c5dc5ae
[2024-08-12T19:57:50.435+0000] {taskinstance.py:1660} INFO - Exporting env vars: AIRFLOW_CTX_DAG_OWNER='***' AIRFLOW_CTX_DAG_ID='monthly_prediction' AIRFLOW_CTX_TASK_ID='wait_for_retrain' AIRFLOW_CTX_EXECUTION_DATE='2024-08-12T19:56:45.942043+00:00' AIRFLOW_CTX_TRY_NUMBER='1' AIRFLOW_CTX_DAG_RUN_ID='manual__2024-08-12T19:56:45.942043+00:00'
[2024-08-12T19:57:50.441+0000] {external_task.py:244} INFO - Poking for tasks ['optimize_and_register_best_classifier'] in dag quarterly_retrain on 2024-07-31T19:56:45.942043+00:00 ... 
[2024-08-12T19:57:50.458+0000] {taskinstance.py:1895} INFO - Rescheduling task, marking task as UP_FOR_RESCHEDULE
[2024-08-12T19:57:50.503+0000] {local_task_job_runner.py:228} INFO - Task exited with return code 0
[2024-08-12T19:57:50.514+0000] {taskinstance.py:2776} INFO - 0 downstream tasks scheduled from follow-on schedule check
[2024-08-12T19:58:52.689+0000] {taskinstance.py:1157} INFO - Dependencies all met for dep_context=non-requeueable deps ti=<TaskInstance: monthly_prediction.wait_for_retrain manual__2024-08-12T19:56:45.942043+00:00 [queued]>
[2024-08-12T19:58:52.696+0000] {taskinstance.py:1157} INFO - Dependencies all met for dep_context=requeueable deps ti=<TaskInstance: monthly_prediction.wait_for_retrain manual__2024-08-12T19:56:45.942043+00:00 [queued]>
[2024-08-12T19:58:52.697+0000] {taskinstance.py:1359} INFO - Starting attempt 1 of 1
[2024-08-12T19:58:52.707+0000] {taskinstance.py:1380} INFO - Executing <Task(ExternalTaskSensor): wait_for_retrain> on 2024-08-12 19:56:45.942043+00:00
[2024-08-12T19:58:52.713+0000] {standard_task_runner.py:57} INFO - Started process 11163 to run task
[2024-08-12T19:58:52.717+0000] {standard_task_runner.py:84} INFO - Running: ['***', 'tasks', 'run', 'monthly_prediction', 'wait_for_retrain', 'manual__2024-08-12T19:56:45.942043+00:00', '--job-id', '822', '--raw', '--subdir', 'DAGS_FOLDER/monthly_prediction.py', '--cfg-path', '/tmp/tmpbinojfxt']
[2024-08-12T19:58:52.720+0000] {standard_task_runner.py:85} INFO - Job 822: Subtask wait_for_retrain
[2024-08-12T19:58:52.940+0000] {task_command.py:415} INFO - Running <TaskInstance: monthly_prediction.wait_for_retrain manual__2024-08-12T19:56:45.942043+00:00 [running]> on host a9166c5dc5ae
[2024-08-12T19:58:52.991+0000] {taskinstance.py:1660} INFO - Exporting env vars: AIRFLOW_CTX_DAG_OWNER='***' AIRFLOW_CTX_DAG_ID='monthly_prediction' AIRFLOW_CTX_TASK_ID='wait_for_retrain' AIRFLOW_CTX_EXECUTION_DATE='2024-08-12T19:56:45.942043+00:00' AIRFLOW_CTX_TRY_NUMBER='1' AIRFLOW_CTX_DAG_RUN_ID='manual__2024-08-12T19:56:45.942043+00:00'
[2024-08-12T19:58:52.998+0000] {external_task.py:244} INFO - Poking for tasks ['optimize_and_register_best_classifier'] in dag quarterly_retrain on 2024-07-31T19:56:45.942043+00:00 ... 
[2024-08-12T19:58:53.024+0000] {taskinstance.py:1895} INFO - Rescheduling task, marking task as UP_FOR_RESCHEDULE
[2024-08-12T19:58:53.067+0000] {local_task_job_runner.py:228} INFO - Task exited with return code 0
[2024-08-12T19:58:53.082+0000] {taskinstance.py:2776} INFO - 0 downstream tasks scheduled from follow-on schedule check
[2024-08-12T19:59:55.096+0000] {taskinstance.py:1157} INFO - Dependencies all met for dep_context=non-requeueable deps ti=<TaskInstance: monthly_prediction.wait_for_retrain manual__2024-08-12T19:56:45.942043+00:00 [queued]>
[2024-08-12T19:59:55.117+0000] {taskinstance.py:1157} INFO - Dependencies all met for dep_context=requeueable deps ti=<TaskInstance: monthly_prediction.wait_for_retrain manual__2024-08-12T19:56:45.942043+00:00 [queued]>
[2024-08-12T19:59:55.137+0000] {taskinstance.py:1359} INFO - Starting attempt 1 of 1
[2024-08-12T19:59:55.176+0000] {taskinstance.py:1380} INFO - Executing <Task(ExternalTaskSensor): wait_for_retrain> on 2024-08-12 19:56:45.942043+00:00
[2024-08-12T19:59:55.188+0000] {standard_task_runner.py:57} INFO - Started process 11320 to run task
[2024-08-12T19:59:55.191+0000] {standard_task_runner.py:84} INFO - Running: ['***', 'tasks', 'run', 'monthly_prediction', 'wait_for_retrain', 'manual__2024-08-12T19:56:45.942043+00:00', '--job-id', '829', '--raw', '--subdir', 'DAGS_FOLDER/monthly_prediction.py', '--cfg-path', '/tmp/tmpazctb1b0']
[2024-08-12T19:59:55.194+0000] {standard_task_runner.py:85} INFO - Job 829: Subtask wait_for_retrain
[2024-08-12T19:59:55.494+0000] {task_command.py:415} INFO - Running <TaskInstance: monthly_prediction.wait_for_retrain manual__2024-08-12T19:56:45.942043+00:00 [running]> on host a9166c5dc5ae
[2024-08-12T19:59:55.576+0000] {taskinstance.py:1660} INFO - Exporting env vars: AIRFLOW_CTX_DAG_OWNER='***' AIRFLOW_CTX_DAG_ID='monthly_prediction' AIRFLOW_CTX_TASK_ID='wait_for_retrain' AIRFLOW_CTX_EXECUTION_DATE='2024-08-12T19:56:45.942043+00:00' AIRFLOW_CTX_TRY_NUMBER='1' AIRFLOW_CTX_DAG_RUN_ID='manual__2024-08-12T19:56:45.942043+00:00'
[2024-08-12T19:59:55.589+0000] {external_task.py:244} INFO - Poking for tasks ['optimize_and_register_best_classifier'] in dag quarterly_retrain on 2024-07-31T19:56:45.942043+00:00 ... 
[2024-08-12T19:59:55.625+0000] {taskinstance.py:1895} INFO - Rescheduling task, marking task as UP_FOR_RESCHEDULE
[2024-08-12T19:59:55.665+0000] {local_task_job_runner.py:228} INFO - Task exited with return code 0
[2024-08-12T19:59:55.695+0000] {taskinstance.py:2776} INFO - 0 downstream tasks scheduled from follow-on schedule check
[2024-08-12T20:00:58.448+0000] {taskinstance.py:1157} INFO - Dependencies all met for dep_context=non-requeueable deps ti=<TaskInstance: monthly_prediction.wait_for_retrain manual__2024-08-12T19:56:45.942043+00:00 [queued]>
[2024-08-12T20:00:58.459+0000] {taskinstance.py:1157} INFO - Dependencies all met for dep_context=requeueable deps ti=<TaskInstance: monthly_prediction.wait_for_retrain manual__2024-08-12T19:56:45.942043+00:00 [queued]>
[2024-08-12T20:00:58.460+0000] {taskinstance.py:1359} INFO - Starting attempt 1 of 1
[2024-08-12T20:00:58.474+0000] {taskinstance.py:1380} INFO - Executing <Task(ExternalTaskSensor): wait_for_retrain> on 2024-08-12 19:56:45.942043+00:00
[2024-08-12T20:00:58.480+0000] {standard_task_runner.py:57} INFO - Started process 11451 to run task
[2024-08-12T20:00:58.484+0000] {standard_task_runner.py:84} INFO - Running: ['***', 'tasks', 'run', 'monthly_prediction', 'wait_for_retrain', 'manual__2024-08-12T19:56:45.942043+00:00', '--job-id', '834', '--raw', '--subdir', 'DAGS_FOLDER/monthly_prediction.py', '--cfg-path', '/tmp/tmp41o3tkfa']
[2024-08-12T20:00:58.488+0000] {standard_task_runner.py:85} INFO - Job 834: Subtask wait_for_retrain
[2024-08-12T20:00:58.779+0000] {task_command.py:415} INFO - Running <TaskInstance: monthly_prediction.wait_for_retrain manual__2024-08-12T19:56:45.942043+00:00 [running]> on host a9166c5dc5ae
[2024-08-12T20:00:58.878+0000] {taskinstance.py:1660} INFO - Exporting env vars: AIRFLOW_CTX_DAG_OWNER='***' AIRFLOW_CTX_DAG_ID='monthly_prediction' AIRFLOW_CTX_TASK_ID='wait_for_retrain' AIRFLOW_CTX_EXECUTION_DATE='2024-08-12T19:56:45.942043+00:00' AIRFLOW_CTX_TRY_NUMBER='1' AIRFLOW_CTX_DAG_RUN_ID='manual__2024-08-12T19:56:45.942043+00:00'
[2024-08-12T20:00:58.888+0000] {external_task.py:244} INFO - Poking for tasks ['optimize_and_register_best_classifier'] in dag quarterly_retrain on 2024-07-31T19:56:45.942043+00:00 ... 
[2024-08-12T20:00:58.916+0000] {taskinstance.py:1895} INFO - Rescheduling task, marking task as UP_FOR_RESCHEDULE
[2024-08-12T20:00:58.954+0000] {local_task_job_runner.py:228} INFO - Task exited with return code 0
[2024-08-12T20:00:58.973+0000] {taskinstance.py:2776} INFO - 0 downstream tasks scheduled from follow-on schedule check
[2024-08-12T20:02:00.829+0000] {taskinstance.py:1157} INFO - Dependencies all met for dep_context=non-requeueable deps ti=<TaskInstance: monthly_prediction.wait_for_retrain manual__2024-08-12T19:56:45.942043+00:00 [queued]>
[2024-08-12T20:02:00.834+0000] {taskinstance.py:1157} INFO - Dependencies all met for dep_context=requeueable deps ti=<TaskInstance: monthly_prediction.wait_for_retrain manual__2024-08-12T19:56:45.942043+00:00 [queued]>
[2024-08-12T20:02:00.835+0000] {taskinstance.py:1359} INFO - Starting attempt 1 of 1
[2024-08-12T20:02:00.842+0000] {taskinstance.py:1380} INFO - Executing <Task(ExternalTaskSensor): wait_for_retrain> on 2024-08-12 19:56:45.942043+00:00
[2024-08-12T20:02:00.848+0000] {standard_task_runner.py:57} INFO - Started process 11567 to run task
[2024-08-12T20:02:00.851+0000] {standard_task_runner.py:84} INFO - Running: ['***', 'tasks', 'run', 'monthly_prediction', 'wait_for_retrain', 'manual__2024-08-12T19:56:45.942043+00:00', '--job-id', '837', '--raw', '--subdir', 'DAGS_FOLDER/monthly_prediction.py', '--cfg-path', '/tmp/tmpddu7b9gw']
[2024-08-12T20:02:00.854+0000] {standard_task_runner.py:85} INFO - Job 837: Subtask wait_for_retrain
[2024-08-12T20:02:00.892+0000] {task_command.py:415} INFO - Running <TaskInstance: monthly_prediction.wait_for_retrain manual__2024-08-12T19:56:45.942043+00:00 [running]> on host a9166c5dc5ae
[2024-08-12T20:02:01.096+0000] {taskinstance.py:1660} INFO - Exporting env vars: AIRFLOW_CTX_DAG_OWNER='***' AIRFLOW_CTX_DAG_ID='monthly_prediction' AIRFLOW_CTX_TASK_ID='wait_for_retrain' AIRFLOW_CTX_EXECUTION_DATE='2024-08-12T19:56:45.942043+00:00' AIRFLOW_CTX_TRY_NUMBER='1' AIRFLOW_CTX_DAG_RUN_ID='manual__2024-08-12T19:56:45.942043+00:00'
[2024-08-12T20:02:01.104+0000] {external_task.py:244} INFO - Poking for tasks ['optimize_and_register_best_classifier'] in dag quarterly_retrain on 2024-07-31T19:56:45.942043+00:00 ... 
[2024-08-12T20:02:01.125+0000] {taskinstance.py:1895} INFO - Rescheduling task, marking task as UP_FOR_RESCHEDULE
[2024-08-12T20:02:01.164+0000] {local_task_job_runner.py:228} INFO - Task exited with return code 0
[2024-08-12T20:02:01.176+0000] {taskinstance.py:2776} INFO - 0 downstream tasks scheduled from follow-on schedule check
[2024-08-12T20:03:03.805+0000] {taskinstance.py:1157} INFO - Dependencies all met for dep_context=non-requeueable deps ti=<TaskInstance: monthly_prediction.wait_for_retrain manual__2024-08-12T19:56:45.942043+00:00 [queued]>
[2024-08-12T20:03:03.813+0000] {taskinstance.py:1157} INFO - Dependencies all met for dep_context=requeueable deps ti=<TaskInstance: monthly_prediction.wait_for_retrain manual__2024-08-12T19:56:45.942043+00:00 [queued]>
[2024-08-12T20:03:03.814+0000] {taskinstance.py:1359} INFO - Starting attempt 1 of 1
[2024-08-12T20:03:03.823+0000] {taskinstance.py:1380} INFO - Executing <Task(ExternalTaskSensor): wait_for_retrain> on 2024-08-12 19:56:45.942043+00:00
[2024-08-12T20:03:03.842+0000] {standard_task_runner.py:57} INFO - Started process 11693 to run task
[2024-08-12T20:03:03.844+0000] {standard_task_runner.py:84} INFO - Running: ['***', 'tasks', 'run', 'monthly_prediction', 'wait_for_retrain', 'manual__2024-08-12T19:56:45.942043+00:00', '--job-id', '840', '--raw', '--subdir', 'DAGS_FOLDER/monthly_prediction.py', '--cfg-path', '/tmp/tmp7ix691h3']
[2024-08-12T20:03:03.849+0000] {standard_task_runner.py:85} INFO - Job 840: Subtask wait_for_retrain
[2024-08-12T20:03:04.132+0000] {task_command.py:415} INFO - Running <TaskInstance: monthly_prediction.wait_for_retrain manual__2024-08-12T19:56:45.942043+00:00 [running]> on host a9166c5dc5ae
[2024-08-12T20:03:04.189+0000] {taskinstance.py:1660} INFO - Exporting env vars: AIRFLOW_CTX_DAG_OWNER='***' AIRFLOW_CTX_DAG_ID='monthly_prediction' AIRFLOW_CTX_TASK_ID='wait_for_retrain' AIRFLOW_CTX_EXECUTION_DATE='2024-08-12T19:56:45.942043+00:00' AIRFLOW_CTX_TRY_NUMBER='1' AIRFLOW_CTX_DAG_RUN_ID='manual__2024-08-12T19:56:45.942043+00:00'
[2024-08-12T20:03:04.212+0000] {external_task.py:244} INFO - Poking for tasks ['optimize_and_register_best_classifier'] in dag quarterly_retrain on 2024-07-31T19:56:45.942043+00:00 ... 
[2024-08-12T20:03:04.255+0000] {taskinstance.py:1895} INFO - Rescheduling task, marking task as UP_FOR_RESCHEDULE
[2024-08-12T20:03:04.271+0000] {local_task_job_runner.py:228} INFO - Task exited with return code 0
[2024-08-12T20:03:04.284+0000] {taskinstance.py:2776} INFO - 0 downstream tasks scheduled from follow-on schedule check
[2024-08-12T20:04:06.017+0000] {taskinstance.py:1157} INFO - Dependencies all met for dep_context=non-requeueable deps ti=<TaskInstance: monthly_prediction.wait_for_retrain manual__2024-08-12T19:56:45.942043+00:00 [queued]>
[2024-08-12T20:04:06.023+0000] {taskinstance.py:1157} INFO - Dependencies all met for dep_context=requeueable deps ti=<TaskInstance: monthly_prediction.wait_for_retrain manual__2024-08-12T19:56:45.942043+00:00 [queued]>
[2024-08-12T20:04:06.024+0000] {taskinstance.py:1359} INFO - Starting attempt 1 of 1
[2024-08-12T20:04:06.031+0000] {taskinstance.py:1380} INFO - Executing <Task(ExternalTaskSensor): wait_for_retrain> on 2024-08-12 19:56:45.942043+00:00
[2024-08-12T20:04:06.038+0000] {standard_task_runner.py:57} INFO - Started process 11799 to run task
[2024-08-12T20:04:06.041+0000] {standard_task_runner.py:84} INFO - Running: ['***', 'tasks', 'run', 'monthly_prediction', 'wait_for_retrain', 'manual__2024-08-12T19:56:45.942043+00:00', '--job-id', '843', '--raw', '--subdir', 'DAGS_FOLDER/monthly_prediction.py', '--cfg-path', '/tmp/tmpartgvdwj']
[2024-08-12T20:04:06.044+0000] {standard_task_runner.py:85} INFO - Job 843: Subtask wait_for_retrain
[2024-08-12T20:04:06.309+0000] {task_command.py:415} INFO - Running <TaskInstance: monthly_prediction.wait_for_retrain manual__2024-08-12T19:56:45.942043+00:00 [running]> on host a9166c5dc5ae
[2024-08-12T20:04:06.372+0000] {taskinstance.py:1660} INFO - Exporting env vars: AIRFLOW_CTX_DAG_OWNER='***' AIRFLOW_CTX_DAG_ID='monthly_prediction' AIRFLOW_CTX_TASK_ID='wait_for_retrain' AIRFLOW_CTX_EXECUTION_DATE='2024-08-12T19:56:45.942043+00:00' AIRFLOW_CTX_TRY_NUMBER='1' AIRFLOW_CTX_DAG_RUN_ID='manual__2024-08-12T19:56:45.942043+00:00'
[2024-08-12T20:04:06.382+0000] {external_task.py:244} INFO - Poking for tasks ['optimize_and_register_best_classifier'] in dag quarterly_retrain on 2024-07-31T19:56:45.942043+00:00 ... 
[2024-08-12T20:04:06.411+0000] {taskinstance.py:1895} INFO - Rescheduling task, marking task as UP_FOR_RESCHEDULE
[2024-08-12T20:04:06.436+0000] {local_task_job_runner.py:228} INFO - Task exited with return code 0
[2024-08-12T20:04:06.456+0000] {taskinstance.py:2776} INFO - 0 downstream tasks scheduled from follow-on schedule check
[2024-08-12T20:05:08.491+0000] {taskinstance.py:1157} INFO - Dependencies all met for dep_context=non-requeueable deps ti=<TaskInstance: monthly_prediction.wait_for_retrain manual__2024-08-12T19:56:45.942043+00:00 [queued]>
[2024-08-12T20:05:08.496+0000] {taskinstance.py:1157} INFO - Dependencies all met for dep_context=requeueable deps ti=<TaskInstance: monthly_prediction.wait_for_retrain manual__2024-08-12T19:56:45.942043+00:00 [queued]>
[2024-08-12T20:05:08.496+0000] {taskinstance.py:1359} INFO - Starting attempt 1 of 1
[2024-08-12T20:05:08.501+0000] {taskinstance.py:1380} INFO - Executing <Task(ExternalTaskSensor): wait_for_retrain> on 2024-08-12 19:56:45.942043+00:00
[2024-08-12T20:05:08.505+0000] {standard_task_runner.py:57} INFO - Started process 11921 to run task
[2024-08-12T20:05:08.508+0000] {standard_task_runner.py:84} INFO - Running: ['***', 'tasks', 'run', 'monthly_prediction', 'wait_for_retrain', 'manual__2024-08-12T19:56:45.942043+00:00', '--job-id', '846', '--raw', '--subdir', 'DAGS_FOLDER/monthly_prediction.py', '--cfg-path', '/tmp/tmp31tje3d7']
[2024-08-12T20:05:08.510+0000] {standard_task_runner.py:85} INFO - Job 846: Subtask wait_for_retrain
[2024-08-12T20:05:08.667+0000] {task_command.py:415} INFO - Running <TaskInstance: monthly_prediction.wait_for_retrain manual__2024-08-12T19:56:45.942043+00:00 [running]> on host a9166c5dc5ae
[2024-08-12T20:05:08.702+0000] {taskinstance.py:1660} INFO - Exporting env vars: AIRFLOW_CTX_DAG_OWNER='***' AIRFLOW_CTX_DAG_ID='monthly_prediction' AIRFLOW_CTX_TASK_ID='wait_for_retrain' AIRFLOW_CTX_EXECUTION_DATE='2024-08-12T19:56:45.942043+00:00' AIRFLOW_CTX_TRY_NUMBER='1' AIRFLOW_CTX_DAG_RUN_ID='manual__2024-08-12T19:56:45.942043+00:00'
[2024-08-12T20:05:08.708+0000] {external_task.py:244} INFO - Poking for tasks ['optimize_and_register_best_classifier'] in dag quarterly_retrain on 2024-07-31T19:56:45.942043+00:00 ... 
[2024-08-12T20:05:08.723+0000] {taskinstance.py:1895} INFO - Rescheduling task, marking task as UP_FOR_RESCHEDULE
[2024-08-12T20:05:08.737+0000] {local_task_job_runner.py:228} INFO - Task exited with return code 0
[2024-08-12T20:05:08.747+0000] {taskinstance.py:2776} INFO - 0 downstream tasks scheduled from follow-on schedule check
[2024-08-12T20:06:10.652+0000] {taskinstance.py:1157} INFO - Dependencies all met for dep_context=non-requeueable deps ti=<TaskInstance: monthly_prediction.wait_for_retrain manual__2024-08-12T19:56:45.942043+00:00 [queued]>
[2024-08-12T20:06:10.658+0000] {taskinstance.py:1157} INFO - Dependencies all met for dep_context=requeueable deps ti=<TaskInstance: monthly_prediction.wait_for_retrain manual__2024-08-12T19:56:45.942043+00:00 [queued]>
[2024-08-12T20:06:10.659+0000] {taskinstance.py:1359} INFO - Starting attempt 1 of 1
[2024-08-12T20:06:10.666+0000] {taskinstance.py:1380} INFO - Executing <Task(ExternalTaskSensor): wait_for_retrain> on 2024-08-12 19:56:45.942043+00:00
[2024-08-12T20:06:10.671+0000] {standard_task_runner.py:57} INFO - Started process 12043 to run task
[2024-08-12T20:06:10.674+0000] {standard_task_runner.py:84} INFO - Running: ['***', 'tasks', 'run', 'monthly_prediction', 'wait_for_retrain', 'manual__2024-08-12T19:56:45.942043+00:00', '--job-id', '849', '--raw', '--subdir', 'DAGS_FOLDER/monthly_prediction.py', '--cfg-path', '/tmp/tmph3tvpoiv']
[2024-08-12T20:06:10.676+0000] {standard_task_runner.py:85} INFO - Job 849: Subtask wait_for_retrain
[2024-08-12T20:06:10.708+0000] {task_command.py:415} INFO - Running <TaskInstance: monthly_prediction.wait_for_retrain manual__2024-08-12T19:56:45.942043+00:00 [running]> on host a9166c5dc5ae
[2024-08-12T20:06:10.891+0000] {taskinstance.py:1660} INFO - Exporting env vars: AIRFLOW_CTX_DAG_OWNER='***' AIRFLOW_CTX_DAG_ID='monthly_prediction' AIRFLOW_CTX_TASK_ID='wait_for_retrain' AIRFLOW_CTX_EXECUTION_DATE='2024-08-12T19:56:45.942043+00:00' AIRFLOW_CTX_TRY_NUMBER='1' AIRFLOW_CTX_DAG_RUN_ID='manual__2024-08-12T19:56:45.942043+00:00'
[2024-08-12T20:06:10.897+0000] {external_task.py:244} INFO - Poking for tasks ['optimize_and_register_best_classifier'] in dag quarterly_retrain on 2024-07-31T19:56:45.942043+00:00 ... 
[2024-08-12T20:06:10.912+0000] {taskinstance.py:1895} INFO - Rescheduling task, marking task as UP_FOR_RESCHEDULE
[2024-08-12T20:06:10.942+0000] {local_task_job_runner.py:228} INFO - Task exited with return code 0
[2024-08-12T20:06:10.953+0000] {taskinstance.py:2776} INFO - 0 downstream tasks scheduled from follow-on schedule check
[2024-08-12T20:07:13.319+0000] {taskinstance.py:1157} INFO - Dependencies all met for dep_context=non-requeueable deps ti=<TaskInstance: monthly_prediction.wait_for_retrain manual__2024-08-12T19:56:45.942043+00:00 [queued]>
[2024-08-12T20:07:13.326+0000] {taskinstance.py:1157} INFO - Dependencies all met for dep_context=requeueable deps ti=<TaskInstance: monthly_prediction.wait_for_retrain manual__2024-08-12T19:56:45.942043+00:00 [queued]>
[2024-08-12T20:07:13.327+0000] {taskinstance.py:1359} INFO - Starting attempt 1 of 1
[2024-08-12T20:07:13.338+0000] {taskinstance.py:1380} INFO - Executing <Task(ExternalTaskSensor): wait_for_retrain> on 2024-08-12 19:56:45.942043+00:00
[2024-08-12T20:07:13.345+0000] {standard_task_runner.py:57} INFO - Started process 12258 to run task
[2024-08-12T20:07:13.352+0000] {standard_task_runner.py:84} INFO - Running: ['***', 'tasks', 'run', 'monthly_prediction', 'wait_for_retrain', 'manual__2024-08-12T19:56:45.942043+00:00', '--job-id', '858', '--raw', '--subdir', 'DAGS_FOLDER/monthly_prediction.py', '--cfg-path', '/tmp/tmpcysysk0b']
[2024-08-12T20:07:13.356+0000] {standard_task_runner.py:85} INFO - Job 858: Subtask wait_for_retrain
[2024-08-12T20:07:13.721+0000] {task_command.py:415} INFO - Running <TaskInstance: monthly_prediction.wait_for_retrain manual__2024-08-12T19:56:45.942043+00:00 [running]> on host a9166c5dc5ae
[2024-08-12T20:07:13.777+0000] {taskinstance.py:1660} INFO - Exporting env vars: AIRFLOW_CTX_DAG_OWNER='***' AIRFLOW_CTX_DAG_ID='monthly_prediction' AIRFLOW_CTX_TASK_ID='wait_for_retrain' AIRFLOW_CTX_EXECUTION_DATE='2024-08-12T19:56:45.942043+00:00' AIRFLOW_CTX_TRY_NUMBER='1' AIRFLOW_CTX_DAG_RUN_ID='manual__2024-08-12T19:56:45.942043+00:00'
[2024-08-12T20:07:13.787+0000] {external_task.py:244} INFO - Poking for tasks ['optimize_and_register_best_classifier'] in dag quarterly_retrain on 2024-07-31T19:56:45.942043+00:00 ... 
[2024-08-12T20:07:13.801+0000] {taskinstance.py:1935} ERROR - Task failed with exception
Traceback (most recent call last):
  File "/home/airflow/.local/lib/python3.8/site-packages/airflow/sensors/external_task.py", line 334, in execute
    super().execute(context)
  File "/home/airflow/.local/lib/python3.8/site-packages/airflow/sensors/base.py", line 274, in execute
    raise AirflowSensorTimeout(message)
airflow.exceptions.AirflowSensorTimeout: Sensor has timed out; run duration of 625.049479 seconds exceeds the specified timeout of 600.0.
[2024-08-12T20:07:13.810+0000] {taskinstance.py:1398} INFO - Immediate failure requested. Marking task as FAILED. dag_id=monthly_prediction, task_id=wait_for_retrain, execution_date=20240812T195645, start_date=20240812T200713, end_date=20240812T200713
[2024-08-12T20:07:13.818+0000] {standard_task_runner.py:104} ERROR - Failed to execute job 858 for task wait_for_retrain (Sensor has timed out; run duration of 625.049479 seconds exceeds the specified timeout of 600.0.; 12258)
[2024-08-12T20:07:13.870+0000] {local_task_job_runner.py:228} INFO - Task exited with return code 1
[2024-08-12T20:07:13.897+0000] {taskinstance.py:2776} INFO - 0 downstream tasks scheduled from follow-on schedule check
