[2024-08-12T16:45:51.364+0000] {taskinstance.py:1157} INFO - Dependencies all met for dep_context=non-requeueable deps ti=<TaskInstance: monthly_prediction.predict_and_save scheduled__2024-01-01T00:00:00+00:00 [queued]>
[2024-08-12T16:45:51.394+0000] {taskinstance.py:1157} INFO - Dependencies all met for dep_context=requeueable deps ti=<TaskInstance: monthly_prediction.predict_and_save scheduled__2024-01-01T00:00:00+00:00 [queued]>
[2024-08-12T16:45:51.396+0000] {taskinstance.py:1359} INFO - Starting attempt 1 of 1
[2024-08-12T16:45:51.418+0000] {taskinstance.py:1380} INFO - Executing <Task(_PythonDecoratedOperator): predict_and_save> on 2024-01-01 00:00:00+00:00
[2024-08-12T16:45:51.441+0000] {standard_task_runner.py:57} INFO - Started process 23512 to run task
[2024-08-12T16:45:51.466+0000] {standard_task_runner.py:84} INFO - Running: ['***', 'tasks', 'run', 'monthly_prediction', 'predict_and_save', 'scheduled__2024-01-01T00:00:00+00:00', '--job-id', '161', '--raw', '--subdir', 'DAGS_FOLDER/monthly_prediction.py', '--cfg-path', '/tmp/tmpbbtchff5']
[2024-08-12T16:45:51.479+0000] {standard_task_runner.py:85} INFO - Job 161: Subtask predict_and_save
[2024-08-12T16:45:51.633+0000] {task_command.py:415} INFO - Running <TaskInstance: monthly_prediction.predict_and_save scheduled__2024-01-01T00:00:00+00:00 [running]> on host fa284eed0508
[2024-08-12T16:45:52.175+0000] {taskinstance.py:1660} INFO - Exporting env vars: AIRFLOW_CTX_DAG_OWNER='***' AIRFLOW_CTX_DAG_ID='monthly_prediction' AIRFLOW_CTX_TASK_ID='predict_and_save' AIRFLOW_CTX_EXECUTION_DATE='2024-01-01T00:00:00+00:00' AIRFLOW_CTX_TRY_NUMBER='1' AIRFLOW_CTX_DAG_RUN_ID='scheduled__2024-01-01T00:00:00+00:00'
[2024-08-12T16:45:52.378+0000] {logging_mixin.py:151} INFO - gs://mlflow-artifacts-bt/1/fab1118790cd421ab4d4d45e0b254b51/artifacts/models
[2024-08-12T16:45:53.142+0000] {logging_mixin.py:151} WARNING - Downloading artifacts:   0%|          | 0/9 [00:00<?, ?it/s]
[2024-08-12T16:45:53.143+0000] {logging_mixin.py:151} WARNING - Downloading artifacts:  11%|#1        | 1/9 [00:00<00:00, 2775.85it/s]
[2024-08-12T16:45:53.144+0000] {logging_mixin.py:151} WARNING - Downloading artifacts:  22%|##2       | 2/9 [00:00<00:00, 2088.80it/s]
[2024-08-12T16:45:53.185+0000] {logging_mixin.py:151} WARNING - Downloading artifacts:  33%|###3      | 3/9 [00:00<00:00, 70.72it/s]  
[2024-08-12T16:45:53.197+0000] {logging_mixin.py:151} WARNING - Downloading artifacts:  44%|####4     | 4/9 [00:00<00:00, 74.19it/s]
[2024-08-12T16:45:53.227+0000] {logging_mixin.py:151} WARNING - Downloading artifacts:  56%|#####5    | 5/9 [00:00<00:00, 59.22it/s]
[2024-08-12T16:45:53.249+0000] {logging_mixin.py:151} WARNING - Downloading artifacts:  67%|######6   | 6/9 [00:00<00:00, 56.71it/s]
[2024-08-12T16:45:53.252+0000] {logging_mixin.py:151} WARNING - Downloading artifacts:  67%|######6   | 6/9 [00:00<00:00, 56.71it/s]
[2024-08-12T16:45:53.274+0000] {logging_mixin.py:151} WARNING - Downloading artifacts:  78%|#######7  | 7/9 [00:00<00:00, 56.71it/s]
[2024-08-12T16:45:53.288+0000] {logging_mixin.py:151} WARNING - Downloading artifacts:  89%|########8 | 8/9 [00:00<00:00, 56.71it/s]
[2024-08-12T16:45:55.228+0000] {logging_mixin.py:151} WARNING - Downloading artifacts: 100%|##########| 9/9 [00:02<00:00, 56.71it/s]
[2024-08-12T16:45:55.233+0000] {logging_mixin.py:151} WARNING - Downloading artifacts: 100%|##########| 9/9 [00:02<00:00,  4.31it/s]
[2024-08-12T16:45:55.564+0000] {logging_mixin.py:151} INFO - RandomForestClassifier version 1 loaded
[2024-08-12T16:45:56.231+0000] {python.py:194} INFO - Done. Returned value was: None
[2024-08-12T16:45:56.269+0000] {taskinstance.py:1398} INFO - Marking task as SUCCESS. dag_id=monthly_prediction, task_id=predict_and_save, execution_date=20240101T000000, start_date=20240812T164551, end_date=20240812T164556
[2024-08-12T16:45:56.297+0000] {local_task_job_runner.py:228} INFO - Task exited with return code 0
[2024-08-12T16:45:56.320+0000] {taskinstance.py:2776} INFO - 0 downstream tasks scheduled from follow-on schedule check
