[2024-08-12T18:13:50.777+0000] {taskinstance.py:1157} INFO - Dependencies all met for dep_context=non-requeueable deps ti=<TaskInstance: monthly_prediction.wait_for_retrain scheduled__2024-05-01T00:00:00+00:00 [queued]>
[2024-08-12T18:13:50.882+0000] {taskinstance.py:1157} INFO - Dependencies all met for dep_context=requeueable deps ti=<TaskInstance: monthly_prediction.wait_for_retrain scheduled__2024-05-01T00:00:00+00:00 [queued]>
[2024-08-12T18:13:50.884+0000] {taskinstance.py:1359} INFO - Starting attempt 1 of 1
[2024-08-12T18:13:51.600+0000] {taskinstance.py:1380} INFO - Executing <Task(ExternalTaskSensor): wait_for_retrain> on 2024-05-01 00:00:00+00:00
[2024-08-12T18:13:51.832+0000] {standard_task_runner.py:57} INFO - Started process 9291 to run task
[2024-08-12T18:13:51.891+0000] {standard_task_runner.py:84} INFO - Running: ['***', 'tasks', 'run', 'monthly_prediction', 'wait_for_retrain', 'scheduled__2024-05-01T00:00:00+00:00', '--job-id', '264', '--raw', '--subdir', 'DAGS_FOLDER/monthly_prediction.py', '--cfg-path', '/tmp/tmpbiggni0n']
[2024-08-12T18:13:51.919+0000] {standard_task_runner.py:85} INFO - Job 264: Subtask wait_for_retrain
[2024-08-12T18:13:53.124+0000] {task_command.py:415} INFO - Running <TaskInstance: monthly_prediction.wait_for_retrain scheduled__2024-05-01T00:00:00+00:00 [running]> on host a9166c5dc5ae
[2024-08-12T18:13:54.496+0000] {taskinstance.py:1660} INFO - Exporting env vars: AIRFLOW_CTX_DAG_OWNER='***' AIRFLOW_CTX_DAG_ID='monthly_prediction' AIRFLOW_CTX_TASK_ID='wait_for_retrain' AIRFLOW_CTX_EXECUTION_DATE='2024-05-01T00:00:00+00:00' AIRFLOW_CTX_TRY_NUMBER='1' AIRFLOW_CTX_DAG_RUN_ID='scheduled__2024-05-01T00:00:00+00:00'
[2024-08-12T18:13:54.600+0000] {external_task.py:244} INFO - Poking for tasks ['optimize_and_register_best_classifier'] in dag quarterly_retrain on 2024-04-30T00:00:00+00:00 ... 
[2024-08-12T18:13:55.472+0000] {taskinstance.py:1895} INFO - Rescheduling task, marking task as UP_FOR_RESCHEDULE
[2024-08-12T18:13:55.802+0000] {local_task_job_runner.py:228} INFO - Task exited with return code 0
[2024-08-12T18:13:55.994+0000] {taskinstance.py:2776} INFO - 0 downstream tasks scheduled from follow-on schedule check
[2024-08-12T18:14:56.181+0000] {taskinstance.py:1157} INFO - Dependencies all met for dep_context=non-requeueable deps ti=<TaskInstance: monthly_prediction.wait_for_retrain scheduled__2024-05-01T00:00:00+00:00 [queued]>
[2024-08-12T18:14:56.188+0000] {taskinstance.py:1157} INFO - Dependencies all met for dep_context=requeueable deps ti=<TaskInstance: monthly_prediction.wait_for_retrain scheduled__2024-05-01T00:00:00+00:00 [queued]>
[2024-08-12T18:14:56.189+0000] {taskinstance.py:1359} INFO - Starting attempt 1 of 1
[2024-08-12T18:14:56.203+0000] {taskinstance.py:1380} INFO - Executing <Task(ExternalTaskSensor): wait_for_retrain> on 2024-05-01 00:00:00+00:00
[2024-08-12T18:14:56.217+0000] {standard_task_runner.py:57} INFO - Started process 9886 to run task
[2024-08-12T18:14:56.221+0000] {standard_task_runner.py:84} INFO - Running: ['***', 'tasks', 'run', 'monthly_prediction', 'wait_for_retrain', 'scheduled__2024-05-01T00:00:00+00:00', '--job-id', '296', '--raw', '--subdir', 'DAGS_FOLDER/monthly_prediction.py', '--cfg-path', '/tmp/tmplnbg_i7d']
[2024-08-12T18:14:56.224+0000] {standard_task_runner.py:85} INFO - Job 296: Subtask wait_for_retrain
[2024-08-12T18:14:56.268+0000] {task_command.py:415} INFO - Running <TaskInstance: monthly_prediction.wait_for_retrain scheduled__2024-05-01T00:00:00+00:00 [running]> on host a9166c5dc5ae
[2024-08-12T18:14:56.322+0000] {taskinstance.py:1660} INFO - Exporting env vars: AIRFLOW_CTX_DAG_OWNER='***' AIRFLOW_CTX_DAG_ID='monthly_prediction' AIRFLOW_CTX_TASK_ID='wait_for_retrain' AIRFLOW_CTX_EXECUTION_DATE='2024-05-01T00:00:00+00:00' AIRFLOW_CTX_TRY_NUMBER='1' AIRFLOW_CTX_DAG_RUN_ID='scheduled__2024-05-01T00:00:00+00:00'
[2024-08-12T18:14:56.332+0000] {external_task.py:244} INFO - Poking for tasks ['optimize_and_register_best_classifier'] in dag quarterly_retrain on 2024-04-30T00:00:00+00:00 ... 
[2024-08-12T18:14:56.352+0000] {taskinstance.py:1895} INFO - Rescheduling task, marking task as UP_FOR_RESCHEDULE
[2024-08-12T18:14:56.362+0000] {local_task_job_runner.py:228} INFO - Task exited with return code 0
[2024-08-12T18:14:56.380+0000] {taskinstance.py:2776} INFO - 0 downstream tasks scheduled from follow-on schedule check
[2024-08-12T18:15:58.567+0000] {taskinstance.py:1157} INFO - Dependencies all met for dep_context=non-requeueable deps ti=<TaskInstance: monthly_prediction.wait_for_retrain scheduled__2024-05-01T00:00:00+00:00 [queued]>
[2024-08-12T18:15:58.573+0000] {taskinstance.py:1157} INFO - Dependencies all met for dep_context=requeueable deps ti=<TaskInstance: monthly_prediction.wait_for_retrain scheduled__2024-05-01T00:00:00+00:00 [queued]>
[2024-08-12T18:15:58.573+0000] {taskinstance.py:1359} INFO - Starting attempt 1 of 1
[2024-08-12T18:15:58.580+0000] {taskinstance.py:1380} INFO - Executing <Task(ExternalTaskSensor): wait_for_retrain> on 2024-05-01 00:00:00+00:00
[2024-08-12T18:15:58.586+0000] {standard_task_runner.py:57} INFO - Started process 10473 to run task
[2024-08-12T18:15:58.589+0000] {standard_task_runner.py:84} INFO - Running: ['***', 'tasks', 'run', 'monthly_prediction', 'wait_for_retrain', 'scheduled__2024-05-01T00:00:00+00:00', '--job-id', '303', '--raw', '--subdir', 'DAGS_FOLDER/monthly_prediction.py', '--cfg-path', '/tmp/tmp47fjrxab']
[2024-08-12T18:15:58.592+0000] {standard_task_runner.py:85} INFO - Job 303: Subtask wait_for_retrain
[2024-08-12T18:15:58.705+0000] {task_command.py:415} INFO - Running <TaskInstance: monthly_prediction.wait_for_retrain scheduled__2024-05-01T00:00:00+00:00 [running]> on host a9166c5dc5ae
[2024-08-12T18:15:58.762+0000] {taskinstance.py:1660} INFO - Exporting env vars: AIRFLOW_CTX_DAG_OWNER='***' AIRFLOW_CTX_DAG_ID='monthly_prediction' AIRFLOW_CTX_TASK_ID='wait_for_retrain' AIRFLOW_CTX_EXECUTION_DATE='2024-05-01T00:00:00+00:00' AIRFLOW_CTX_TRY_NUMBER='1' AIRFLOW_CTX_DAG_RUN_ID='scheduled__2024-05-01T00:00:00+00:00'
[2024-08-12T18:15:58.775+0000] {external_task.py:244} INFO - Poking for tasks ['optimize_and_register_best_classifier'] in dag quarterly_retrain on 2024-04-30T00:00:00+00:00 ... 
[2024-08-12T18:15:58.797+0000] {taskinstance.py:1895} INFO - Rescheduling task, marking task as UP_FOR_RESCHEDULE
[2024-08-12T18:15:58.819+0000] {local_task_job_runner.py:228} INFO - Task exited with return code 0
[2024-08-12T18:15:58.831+0000] {taskinstance.py:2776} INFO - 0 downstream tasks scheduled from follow-on schedule check
[2024-08-12T18:17:00.882+0000] {taskinstance.py:1157} INFO - Dependencies all met for dep_context=non-requeueable deps ti=<TaskInstance: monthly_prediction.wait_for_retrain scheduled__2024-05-01T00:00:00+00:00 [queued]>
[2024-08-12T18:17:00.888+0000] {taskinstance.py:1157} INFO - Dependencies all met for dep_context=requeueable deps ti=<TaskInstance: monthly_prediction.wait_for_retrain scheduled__2024-05-01T00:00:00+00:00 [queued]>
[2024-08-12T18:17:00.888+0000] {taskinstance.py:1359} INFO - Starting attempt 1 of 1
[2024-08-12T18:17:00.896+0000] {taskinstance.py:1380} INFO - Executing <Task(ExternalTaskSensor): wait_for_retrain> on 2024-05-01 00:00:00+00:00
[2024-08-12T18:17:00.902+0000] {standard_task_runner.py:57} INFO - Started process 10974 to run task
[2024-08-12T18:17:00.905+0000] {standard_task_runner.py:84} INFO - Running: ['***', 'tasks', 'run', 'monthly_prediction', 'wait_for_retrain', 'scheduled__2024-05-01T00:00:00+00:00', '--job-id', '309', '--raw', '--subdir', 'DAGS_FOLDER/monthly_prediction.py', '--cfg-path', '/tmp/tmpp7prxfep']
[2024-08-12T18:17:00.908+0000] {standard_task_runner.py:85} INFO - Job 309: Subtask wait_for_retrain
[2024-08-12T18:17:00.955+0000] {task_command.py:415} INFO - Running <TaskInstance: monthly_prediction.wait_for_retrain scheduled__2024-05-01T00:00:00+00:00 [running]> on host a9166c5dc5ae
[2024-08-12T18:17:01.009+0000] {taskinstance.py:1660} INFO - Exporting env vars: AIRFLOW_CTX_DAG_OWNER='***' AIRFLOW_CTX_DAG_ID='monthly_prediction' AIRFLOW_CTX_TASK_ID='wait_for_retrain' AIRFLOW_CTX_EXECUTION_DATE='2024-05-01T00:00:00+00:00' AIRFLOW_CTX_TRY_NUMBER='1' AIRFLOW_CTX_DAG_RUN_ID='scheduled__2024-05-01T00:00:00+00:00'
[2024-08-12T18:17:01.017+0000] {external_task.py:244} INFO - Poking for tasks ['optimize_and_register_best_classifier'] in dag quarterly_retrain on 2024-04-30T00:00:00+00:00 ... 
[2024-08-12T18:17:01.040+0000] {taskinstance.py:1895} INFO - Rescheduling task, marking task as UP_FOR_RESCHEDULE
[2024-08-12T18:17:01.049+0000] {local_task_job_runner.py:228} INFO - Task exited with return code 0
[2024-08-12T18:17:01.061+0000] {taskinstance.py:2776} INFO - 0 downstream tasks scheduled from follow-on schedule check
[2024-08-12T18:18:02.977+0000] {taskinstance.py:1157} INFO - Dependencies all met for dep_context=non-requeueable deps ti=<TaskInstance: monthly_prediction.wait_for_retrain scheduled__2024-05-01T00:00:00+00:00 [queued]>
[2024-08-12T18:18:02.982+0000] {taskinstance.py:1157} INFO - Dependencies all met for dep_context=requeueable deps ti=<TaskInstance: monthly_prediction.wait_for_retrain scheduled__2024-05-01T00:00:00+00:00 [queued]>
[2024-08-12T18:18:02.982+0000] {taskinstance.py:1359} INFO - Starting attempt 1 of 1
[2024-08-12T18:18:02.989+0000] {taskinstance.py:1380} INFO - Executing <Task(ExternalTaskSensor): wait_for_retrain> on 2024-05-01 00:00:00+00:00
[2024-08-12T18:18:02.996+0000] {standard_task_runner.py:57} INFO - Started process 11127 to run task
[2024-08-12T18:18:03.000+0000] {standard_task_runner.py:84} INFO - Running: ['***', 'tasks', 'run', 'monthly_prediction', 'wait_for_retrain', 'scheduled__2024-05-01T00:00:00+00:00', '--job-id', '315', '--raw', '--subdir', 'DAGS_FOLDER/monthly_prediction.py', '--cfg-path', '/tmp/tmpddwphvwp']
[2024-08-12T18:18:03.004+0000] {standard_task_runner.py:85} INFO - Job 315: Subtask wait_for_retrain
[2024-08-12T18:18:03.052+0000] {task_command.py:415} INFO - Running <TaskInstance: monthly_prediction.wait_for_retrain scheduled__2024-05-01T00:00:00+00:00 [running]> on host a9166c5dc5ae
[2024-08-12T18:18:03.111+0000] {taskinstance.py:1660} INFO - Exporting env vars: AIRFLOW_CTX_DAG_OWNER='***' AIRFLOW_CTX_DAG_ID='monthly_prediction' AIRFLOW_CTX_TASK_ID='wait_for_retrain' AIRFLOW_CTX_EXECUTION_DATE='2024-05-01T00:00:00+00:00' AIRFLOW_CTX_TRY_NUMBER='1' AIRFLOW_CTX_DAG_RUN_ID='scheduled__2024-05-01T00:00:00+00:00'
[2024-08-12T18:18:03.118+0000] {external_task.py:244} INFO - Poking for tasks ['optimize_and_register_best_classifier'] in dag quarterly_retrain on 2024-04-30T00:00:00+00:00 ... 
[2024-08-12T18:18:03.136+0000] {taskinstance.py:1895} INFO - Rescheduling task, marking task as UP_FOR_RESCHEDULE
[2024-08-12T18:18:03.186+0000] {local_task_job_runner.py:228} INFO - Task exited with return code 0
[2024-08-12T18:18:03.198+0000] {taskinstance.py:2776} INFO - 0 downstream tasks scheduled from follow-on schedule check
[2024-08-12T18:19:04.557+0000] {taskinstance.py:1157} INFO - Dependencies all met for dep_context=non-requeueable deps ti=<TaskInstance: monthly_prediction.wait_for_retrain scheduled__2024-05-01T00:00:00+00:00 [queued]>
[2024-08-12T18:19:04.561+0000] {taskinstance.py:1157} INFO - Dependencies all met for dep_context=requeueable deps ti=<TaskInstance: monthly_prediction.wait_for_retrain scheduled__2024-05-01T00:00:00+00:00 [queued]>
[2024-08-12T18:19:04.562+0000] {taskinstance.py:1359} INFO - Starting attempt 1 of 1
[2024-08-12T18:19:04.568+0000] {taskinstance.py:1380} INFO - Executing <Task(ExternalTaskSensor): wait_for_retrain> on 2024-05-01 00:00:00+00:00
[2024-08-12T18:19:04.574+0000] {standard_task_runner.py:57} INFO - Started process 11278 to run task
[2024-08-12T18:19:04.580+0000] {standard_task_runner.py:84} INFO - Running: ['***', 'tasks', 'run', 'monthly_prediction', 'wait_for_retrain', 'scheduled__2024-05-01T00:00:00+00:00', '--job-id', '321', '--raw', '--subdir', 'DAGS_FOLDER/monthly_prediction.py', '--cfg-path', '/tmp/tmpu72mfdfr']
[2024-08-12T18:19:04.584+0000] {standard_task_runner.py:85} INFO - Job 321: Subtask wait_for_retrain
[2024-08-12T18:19:04.657+0000] {task_command.py:415} INFO - Running <TaskInstance: monthly_prediction.wait_for_retrain scheduled__2024-05-01T00:00:00+00:00 [running]> on host a9166c5dc5ae
[2024-08-12T18:19:04.721+0000] {taskinstance.py:1660} INFO - Exporting env vars: AIRFLOW_CTX_DAG_OWNER='***' AIRFLOW_CTX_DAG_ID='monthly_prediction' AIRFLOW_CTX_TASK_ID='wait_for_retrain' AIRFLOW_CTX_EXECUTION_DATE='2024-05-01T00:00:00+00:00' AIRFLOW_CTX_TRY_NUMBER='1' AIRFLOW_CTX_DAG_RUN_ID='scheduled__2024-05-01T00:00:00+00:00'
[2024-08-12T18:19:04.733+0000] {external_task.py:244} INFO - Poking for tasks ['optimize_and_register_best_classifier'] in dag quarterly_retrain on 2024-04-30T00:00:00+00:00 ... 
[2024-08-12T18:19:04.758+0000] {taskinstance.py:1895} INFO - Rescheduling task, marking task as UP_FOR_RESCHEDULE
[2024-08-12T18:19:04.803+0000] {local_task_job_runner.py:228} INFO - Task exited with return code 0
[2024-08-12T18:19:04.819+0000] {taskinstance.py:2776} INFO - 0 downstream tasks scheduled from follow-on schedule check
[2024-08-12T18:20:06.104+0000] {taskinstance.py:1157} INFO - Dependencies all met for dep_context=non-requeueable deps ti=<TaskInstance: monthly_prediction.wait_for_retrain scheduled__2024-05-01T00:00:00+00:00 [queued]>
[2024-08-12T18:20:06.110+0000] {taskinstance.py:1157} INFO - Dependencies all met for dep_context=requeueable deps ti=<TaskInstance: monthly_prediction.wait_for_retrain scheduled__2024-05-01T00:00:00+00:00 [queued]>
[2024-08-12T18:20:06.111+0000] {taskinstance.py:1359} INFO - Starting attempt 1 of 1
[2024-08-12T18:20:06.121+0000] {taskinstance.py:1380} INFO - Executing <Task(ExternalTaskSensor): wait_for_retrain> on 2024-05-01 00:00:00+00:00
[2024-08-12T18:20:06.129+0000] {standard_task_runner.py:57} INFO - Started process 11429 to run task
[2024-08-12T18:20:06.134+0000] {standard_task_runner.py:84} INFO - Running: ['***', 'tasks', 'run', 'monthly_prediction', 'wait_for_retrain', 'scheduled__2024-05-01T00:00:00+00:00', '--job-id', '327', '--raw', '--subdir', 'DAGS_FOLDER/monthly_prediction.py', '--cfg-path', '/tmp/tmpe5fz84c8']
[2024-08-12T18:20:06.139+0000] {standard_task_runner.py:85} INFO - Job 327: Subtask wait_for_retrain
[2024-08-12T18:20:06.201+0000] {task_command.py:415} INFO - Running <TaskInstance: monthly_prediction.wait_for_retrain scheduled__2024-05-01T00:00:00+00:00 [running]> on host a9166c5dc5ae
[2024-08-12T18:20:06.255+0000] {taskinstance.py:1660} INFO - Exporting env vars: AIRFLOW_CTX_DAG_OWNER='***' AIRFLOW_CTX_DAG_ID='monthly_prediction' AIRFLOW_CTX_TASK_ID='wait_for_retrain' AIRFLOW_CTX_EXECUTION_DATE='2024-05-01T00:00:00+00:00' AIRFLOW_CTX_TRY_NUMBER='1' AIRFLOW_CTX_DAG_RUN_ID='scheduled__2024-05-01T00:00:00+00:00'
[2024-08-12T18:20:06.262+0000] {external_task.py:244} INFO - Poking for tasks ['optimize_and_register_best_classifier'] in dag quarterly_retrain on 2024-04-30T00:00:00+00:00 ... 
[2024-08-12T18:20:06.292+0000] {taskinstance.py:1895} INFO - Rescheduling task, marking task as UP_FOR_RESCHEDULE
[2024-08-12T18:20:06.320+0000] {local_task_job_runner.py:228} INFO - Task exited with return code 0
[2024-08-12T18:20:06.330+0000] {taskinstance.py:2776} INFO - 0 downstream tasks scheduled from follow-on schedule check
[2024-08-12T18:21:08.811+0000] {taskinstance.py:1157} INFO - Dependencies all met for dep_context=non-requeueable deps ti=<TaskInstance: monthly_prediction.wait_for_retrain scheduled__2024-05-01T00:00:00+00:00 [queued]>
[2024-08-12T18:21:08.815+0000] {taskinstance.py:1157} INFO - Dependencies all met for dep_context=requeueable deps ti=<TaskInstance: monthly_prediction.wait_for_retrain scheduled__2024-05-01T00:00:00+00:00 [queued]>
[2024-08-12T18:21:08.816+0000] {taskinstance.py:1359} INFO - Starting attempt 1 of 1
[2024-08-12T18:21:08.826+0000] {taskinstance.py:1380} INFO - Executing <Task(ExternalTaskSensor): wait_for_retrain> on 2024-05-01 00:00:00+00:00
[2024-08-12T18:21:08.834+0000] {standard_task_runner.py:57} INFO - Started process 11590 to run task
[2024-08-12T18:21:08.836+0000] {standard_task_runner.py:84} INFO - Running: ['***', 'tasks', 'run', 'monthly_prediction', 'wait_for_retrain', 'scheduled__2024-05-01T00:00:00+00:00', '--job-id', '334', '--raw', '--subdir', 'DAGS_FOLDER/monthly_prediction.py', '--cfg-path', '/tmp/tmp9ceia6tg']
[2024-08-12T18:21:08.839+0000] {standard_task_runner.py:85} INFO - Job 334: Subtask wait_for_retrain
[2024-08-12T18:21:08.877+0000] {task_command.py:415} INFO - Running <TaskInstance: monthly_prediction.wait_for_retrain scheduled__2024-05-01T00:00:00+00:00 [running]> on host a9166c5dc5ae
[2024-08-12T18:21:08.930+0000] {taskinstance.py:1660} INFO - Exporting env vars: AIRFLOW_CTX_DAG_OWNER='***' AIRFLOW_CTX_DAG_ID='monthly_prediction' AIRFLOW_CTX_TASK_ID='wait_for_retrain' AIRFLOW_CTX_EXECUTION_DATE='2024-05-01T00:00:00+00:00' AIRFLOW_CTX_TRY_NUMBER='1' AIRFLOW_CTX_DAG_RUN_ID='scheduled__2024-05-01T00:00:00+00:00'
[2024-08-12T18:21:08.943+0000] {external_task.py:244} INFO - Poking for tasks ['optimize_and_register_best_classifier'] in dag quarterly_retrain on 2024-04-30T00:00:00+00:00 ... 
[2024-08-12T18:21:08.966+0000] {taskinstance.py:1895} INFO - Rescheduling task, marking task as UP_FOR_RESCHEDULE
[2024-08-12T18:21:08.979+0000] {local_task_job_runner.py:228} INFO - Task exited with return code 0
[2024-08-12T18:21:08.989+0000] {taskinstance.py:2776} INFO - 0 downstream tasks scheduled from follow-on schedule check
[2024-08-12T18:22:11.221+0000] {taskinstance.py:1157} INFO - Dependencies all met for dep_context=non-requeueable deps ti=<TaskInstance: monthly_prediction.wait_for_retrain scheduled__2024-05-01T00:00:00+00:00 [queued]>
[2024-08-12T18:22:11.227+0000] {taskinstance.py:1157} INFO - Dependencies all met for dep_context=requeueable deps ti=<TaskInstance: monthly_prediction.wait_for_retrain scheduled__2024-05-01T00:00:00+00:00 [queued]>
[2024-08-12T18:22:11.228+0000] {taskinstance.py:1359} INFO - Starting attempt 1 of 1
[2024-08-12T18:22:11.237+0000] {taskinstance.py:1380} INFO - Executing <Task(ExternalTaskSensor): wait_for_retrain> on 2024-05-01 00:00:00+00:00
[2024-08-12T18:22:11.243+0000] {standard_task_runner.py:57} INFO - Started process 11739 to run task
[2024-08-12T18:22:11.247+0000] {standard_task_runner.py:84} INFO - Running: ['***', 'tasks', 'run', 'monthly_prediction', 'wait_for_retrain', 'scheduled__2024-05-01T00:00:00+00:00', '--job-id', '339', '--raw', '--subdir', 'DAGS_FOLDER/monthly_prediction.py', '--cfg-path', '/tmp/tmp3t_85yk_']
[2024-08-12T18:22:11.250+0000] {standard_task_runner.py:85} INFO - Job 339: Subtask wait_for_retrain
[2024-08-12T18:22:11.300+0000] {task_command.py:415} INFO - Running <TaskInstance: monthly_prediction.wait_for_retrain scheduled__2024-05-01T00:00:00+00:00 [running]> on host a9166c5dc5ae
[2024-08-12T18:22:11.367+0000] {taskinstance.py:1660} INFO - Exporting env vars: AIRFLOW_CTX_DAG_OWNER='***' AIRFLOW_CTX_DAG_ID='monthly_prediction' AIRFLOW_CTX_TASK_ID='wait_for_retrain' AIRFLOW_CTX_EXECUTION_DATE='2024-05-01T00:00:00+00:00' AIRFLOW_CTX_TRY_NUMBER='1' AIRFLOW_CTX_DAG_RUN_ID='scheduled__2024-05-01T00:00:00+00:00'
[2024-08-12T18:22:11.389+0000] {external_task.py:244} INFO - Poking for tasks ['optimize_and_register_best_classifier'] in dag quarterly_retrain on 2024-04-30T00:00:00+00:00 ... 
[2024-08-12T18:22:11.431+0000] {taskinstance.py:1895} INFO - Rescheduling task, marking task as UP_FOR_RESCHEDULE
[2024-08-12T18:22:11.477+0000] {local_task_job_runner.py:228} INFO - Task exited with return code 0
[2024-08-12T18:22:11.498+0000] {taskinstance.py:2776} INFO - 0 downstream tasks scheduled from follow-on schedule check
[2024-08-12T18:23:13.384+0000] {taskinstance.py:1157} INFO - Dependencies all met for dep_context=non-requeueable deps ti=<TaskInstance: monthly_prediction.wait_for_retrain scheduled__2024-05-01T00:00:00+00:00 [queued]>
[2024-08-12T18:23:13.388+0000] {taskinstance.py:1157} INFO - Dependencies all met for dep_context=requeueable deps ti=<TaskInstance: monthly_prediction.wait_for_retrain scheduled__2024-05-01T00:00:00+00:00 [queued]>
[2024-08-12T18:23:13.388+0000] {taskinstance.py:1359} INFO - Starting attempt 1 of 1
[2024-08-12T18:23:13.394+0000] {taskinstance.py:1380} INFO - Executing <Task(ExternalTaskSensor): wait_for_retrain> on 2024-05-01 00:00:00+00:00
[2024-08-12T18:23:13.400+0000] {standard_task_runner.py:57} INFO - Started process 11881 to run task
[2024-08-12T18:23:13.402+0000] {standard_task_runner.py:84} INFO - Running: ['***', 'tasks', 'run', 'monthly_prediction', 'wait_for_retrain', 'scheduled__2024-05-01T00:00:00+00:00', '--job-id', '346', '--raw', '--subdir', 'DAGS_FOLDER/monthly_prediction.py', '--cfg-path', '/tmp/tmpyjesamp2']
[2024-08-12T18:23:13.405+0000] {standard_task_runner.py:85} INFO - Job 346: Subtask wait_for_retrain
[2024-08-12T18:23:13.438+0000] {task_command.py:415} INFO - Running <TaskInstance: monthly_prediction.wait_for_retrain scheduled__2024-05-01T00:00:00+00:00 [running]> on host a9166c5dc5ae
[2024-08-12T18:23:13.487+0000] {taskinstance.py:1660} INFO - Exporting env vars: AIRFLOW_CTX_DAG_OWNER='***' AIRFLOW_CTX_DAG_ID='monthly_prediction' AIRFLOW_CTX_TASK_ID='wait_for_retrain' AIRFLOW_CTX_EXECUTION_DATE='2024-05-01T00:00:00+00:00' AIRFLOW_CTX_TRY_NUMBER='1' AIRFLOW_CTX_DAG_RUN_ID='scheduled__2024-05-01T00:00:00+00:00'
[2024-08-12T18:23:13.494+0000] {external_task.py:244} INFO - Poking for tasks ['optimize_and_register_best_classifier'] in dag quarterly_retrain on 2024-04-30T00:00:00+00:00 ... 
[2024-08-12T18:23:13.511+0000] {taskinstance.py:1895} INFO - Rescheduling task, marking task as UP_FOR_RESCHEDULE
[2024-08-12T18:23:13.541+0000] {local_task_job_runner.py:228} INFO - Task exited with return code 0
[2024-08-12T18:23:13.552+0000] {taskinstance.py:2776} INFO - 0 downstream tasks scheduled from follow-on schedule check
[2024-08-12T18:24:15.496+0000] {taskinstance.py:1157} INFO - Dependencies all met for dep_context=non-requeueable deps ti=<TaskInstance: monthly_prediction.wait_for_retrain scheduled__2024-05-01T00:00:00+00:00 [queued]>
[2024-08-12T18:24:15.503+0000] {taskinstance.py:1157} INFO - Dependencies all met for dep_context=requeueable deps ti=<TaskInstance: monthly_prediction.wait_for_retrain scheduled__2024-05-01T00:00:00+00:00 [queued]>
[2024-08-12T18:24:15.503+0000] {taskinstance.py:1359} INFO - Starting attempt 1 of 1
[2024-08-12T18:24:15.534+0000] {taskinstance.py:1380} INFO - Executing <Task(ExternalTaskSensor): wait_for_retrain> on 2024-05-01 00:00:00+00:00
[2024-08-12T18:24:15.543+0000] {standard_task_runner.py:57} INFO - Started process 12035 to run task
[2024-08-12T18:24:15.548+0000] {standard_task_runner.py:84} INFO - Running: ['***', 'tasks', 'run', 'monthly_prediction', 'wait_for_retrain', 'scheduled__2024-05-01T00:00:00+00:00', '--job-id', '351', '--raw', '--subdir', 'DAGS_FOLDER/monthly_prediction.py', '--cfg-path', '/tmp/tmpecbbgept']
[2024-08-12T18:24:15.553+0000] {standard_task_runner.py:85} INFO - Job 351: Subtask wait_for_retrain
[2024-08-12T18:24:15.621+0000] {task_command.py:415} INFO - Running <TaskInstance: monthly_prediction.wait_for_retrain scheduled__2024-05-01T00:00:00+00:00 [running]> on host a9166c5dc5ae
[2024-08-12T18:24:15.692+0000] {taskinstance.py:1660} INFO - Exporting env vars: AIRFLOW_CTX_DAG_OWNER='***' AIRFLOW_CTX_DAG_ID='monthly_prediction' AIRFLOW_CTX_TASK_ID='wait_for_retrain' AIRFLOW_CTX_EXECUTION_DATE='2024-05-01T00:00:00+00:00' AIRFLOW_CTX_TRY_NUMBER='1' AIRFLOW_CTX_DAG_RUN_ID='scheduled__2024-05-01T00:00:00+00:00'
[2024-08-12T18:24:15.710+0000] {external_task.py:244} INFO - Poking for tasks ['optimize_and_register_best_classifier'] in dag quarterly_retrain on 2024-04-30T00:00:00+00:00 ... 
[2024-08-12T18:24:15.724+0000] {taskinstance.py:1935} ERROR - Task failed with exception
Traceback (most recent call last):
  File "/home/airflow/.local/lib/python3.8/site-packages/airflow/sensors/external_task.py", line 334, in execute
    super().execute(context)
  File "/home/airflow/.local/lib/python3.8/site-packages/airflow/sensors/base.py", line 274, in execute
    raise AirflowSensorTimeout(message)
airflow.exceptions.AirflowSensorTimeout: Sensor has timed out; run duration of 621.848711 seconds exceeds the specified timeout of 600.0.
[2024-08-12T18:24:15.737+0000] {taskinstance.py:1398} INFO - Immediate failure requested. Marking task as FAILED. dag_id=monthly_prediction, task_id=wait_for_retrain, execution_date=20240501T000000, start_date=20240812T182415, end_date=20240812T182415
[2024-08-12T18:24:15.750+0000] {standard_task_runner.py:104} ERROR - Failed to execute job 351 for task wait_for_retrain (Sensor has timed out; run duration of 621.848711 seconds exceeds the specified timeout of 600.0.; 12035)
[2024-08-12T18:24:15.770+0000] {local_task_job_runner.py:228} INFO - Task exited with return code 1
[2024-08-12T18:24:15.781+0000] {taskinstance.py:2776} INFO - 0 downstream tasks scheduled from follow-on schedule check
[2024-08-12T19:18:36.149+0000] {taskinstance.py:1157} INFO - Dependencies all met for dep_context=non-requeueable deps ti=<TaskInstance: monthly_prediction.wait_for_retrain scheduled__2024-05-01T00:00:00+00:00 [queued]>
[2024-08-12T19:18:36.214+0000] {taskinstance.py:1157} INFO - Dependencies all met for dep_context=requeueable deps ti=<TaskInstance: monthly_prediction.wait_for_retrain scheduled__2024-05-01T00:00:00+00:00 [queued]>
[2024-08-12T19:18:36.223+0000] {taskinstance.py:1359} INFO - Starting attempt 1 of 1
[2024-08-12T19:18:36.884+0000] {taskinstance.py:1380} INFO - Executing <Task(ExternalTaskSensor): wait_for_retrain> on 2024-05-01 00:00:00+00:00
[2024-08-12T19:18:37.039+0000] {standard_task_runner.py:57} INFO - Started process 3354 to run task
[2024-08-12T19:18:37.224+0000] {standard_task_runner.py:84} INFO - Running: ['***', 'tasks', 'run', 'monthly_prediction', 'wait_for_retrain', 'scheduled__2024-05-01T00:00:00+00:00', '--job-id', '433', '--raw', '--subdir', 'DAGS_FOLDER/monthly_prediction.py', '--cfg-path', '/tmp/tmpfr_e72ph']
[2024-08-12T19:18:37.425+0000] {standard_task_runner.py:85} INFO - Job 433: Subtask wait_for_retrain
[2024-08-12T19:18:48.137+0000] {task_command.py:415} INFO - Running <TaskInstance: monthly_prediction.wait_for_retrain scheduled__2024-05-01T00:00:00+00:00 [running]> on host a9166c5dc5ae
[2024-08-12T19:18:49.342+0000] {taskinstance.py:1660} INFO - Exporting env vars: AIRFLOW_CTX_DAG_OWNER='***' AIRFLOW_CTX_DAG_ID='monthly_prediction' AIRFLOW_CTX_TASK_ID='wait_for_retrain' AIRFLOW_CTX_EXECUTION_DATE='2024-05-01T00:00:00+00:00' AIRFLOW_CTX_TRY_NUMBER='1' AIRFLOW_CTX_DAG_RUN_ID='scheduled__2024-05-01T00:00:00+00:00'
[2024-08-12T19:18:49.847+0000] {external_task.py:244} INFO - Poking for tasks ['optimize_and_register_best_classifier'] in dag quarterly_retrain on 2024-04-30T00:00:00+00:00 ... 
[2024-08-12T19:18:51.272+0000] {taskinstance.py:1895} INFO - Rescheduling task, marking task as UP_FOR_RESCHEDULE
[2024-08-12T19:18:51.540+0000] {local_task_job_runner.py:228} INFO - Task exited with return code 0
[2024-08-12T19:18:56.910+0000] {taskinstance.py:2776} INFO - 0 downstream tasks scheduled from follow-on schedule check
[2024-08-12T19:19:51.396+0000] {taskinstance.py:1157} INFO - Dependencies all met for dep_context=non-requeueable deps ti=<TaskInstance: monthly_prediction.wait_for_retrain scheduled__2024-05-01T00:00:00+00:00 [queued]>
[2024-08-12T19:19:51.399+0000] {taskinstance.py:1157} INFO - Dependencies all met for dep_context=requeueable deps ti=<TaskInstance: monthly_prediction.wait_for_retrain scheduled__2024-05-01T00:00:00+00:00 [queued]>
[2024-08-12T19:19:51.399+0000] {taskinstance.py:1359} INFO - Starting attempt 1 of 1
[2024-08-12T19:19:51.405+0000] {taskinstance.py:1380} INFO - Executing <Task(ExternalTaskSensor): wait_for_retrain> on 2024-05-01 00:00:00+00:00
[2024-08-12T19:19:51.410+0000] {standard_task_runner.py:57} INFO - Started process 3772 to run task
[2024-08-12T19:19:51.413+0000] {standard_task_runner.py:84} INFO - Running: ['***', 'tasks', 'run', 'monthly_prediction', 'wait_for_retrain', 'scheduled__2024-05-01T00:00:00+00:00', '--job-id', '461', '--raw', '--subdir', 'DAGS_FOLDER/monthly_prediction.py', '--cfg-path', '/tmp/tmp3wr9v75p']
[2024-08-12T19:19:51.414+0000] {standard_task_runner.py:85} INFO - Job 461: Subtask wait_for_retrain
[2024-08-12T19:19:51.577+0000] {task_command.py:415} INFO - Running <TaskInstance: monthly_prediction.wait_for_retrain scheduled__2024-05-01T00:00:00+00:00 [running]> on host a9166c5dc5ae
[2024-08-12T19:19:51.610+0000] {taskinstance.py:1660} INFO - Exporting env vars: AIRFLOW_CTX_DAG_OWNER='***' AIRFLOW_CTX_DAG_ID='monthly_prediction' AIRFLOW_CTX_TASK_ID='wait_for_retrain' AIRFLOW_CTX_EXECUTION_DATE='2024-05-01T00:00:00+00:00' AIRFLOW_CTX_TRY_NUMBER='1' AIRFLOW_CTX_DAG_RUN_ID='scheduled__2024-05-01T00:00:00+00:00'
[2024-08-12T19:19:51.615+0000] {external_task.py:244} INFO - Poking for tasks ['optimize_and_register_best_classifier'] in dag quarterly_retrain on 2024-04-30T00:00:00+00:00 ... 
[2024-08-12T19:19:51.629+0000] {taskinstance.py:1895} INFO - Rescheduling task, marking task as UP_FOR_RESCHEDULE
[2024-08-12T19:19:51.647+0000] {local_task_job_runner.py:228} INFO - Task exited with return code 0
[2024-08-12T19:19:51.658+0000] {taskinstance.py:2776} INFO - 0 downstream tasks scheduled from follow-on schedule check
[2024-08-12T19:20:53.029+0000] {taskinstance.py:1157} INFO - Dependencies all met for dep_context=non-requeueable deps ti=<TaskInstance: monthly_prediction.wait_for_retrain scheduled__2024-05-01T00:00:00+00:00 [queued]>
[2024-08-12T19:20:53.032+0000] {taskinstance.py:1157} INFO - Dependencies all met for dep_context=requeueable deps ti=<TaskInstance: monthly_prediction.wait_for_retrain scheduled__2024-05-01T00:00:00+00:00 [queued]>
[2024-08-12T19:20:53.033+0000] {taskinstance.py:1359} INFO - Starting attempt 1 of 1
[2024-08-12T19:20:53.038+0000] {taskinstance.py:1380} INFO - Executing <Task(ExternalTaskSensor): wait_for_retrain> on 2024-05-01 00:00:00+00:00
[2024-08-12T19:20:53.041+0000] {standard_task_runner.py:57} INFO - Started process 3944 to run task
[2024-08-12T19:20:53.043+0000] {standard_task_runner.py:84} INFO - Running: ['***', 'tasks', 'run', 'monthly_prediction', 'wait_for_retrain', 'scheduled__2024-05-01T00:00:00+00:00', '--job-id', '469', '--raw', '--subdir', 'DAGS_FOLDER/monthly_prediction.py', '--cfg-path', '/tmp/tmpv1_48t6i']
[2024-08-12T19:20:53.045+0000] {standard_task_runner.py:85} INFO - Job 469: Subtask wait_for_retrain
[2024-08-12T19:20:53.069+0000] {task_command.py:415} INFO - Running <TaskInstance: monthly_prediction.wait_for_retrain scheduled__2024-05-01T00:00:00+00:00 [running]> on host a9166c5dc5ae
[2024-08-12T19:20:53.218+0000] {taskinstance.py:1660} INFO - Exporting env vars: AIRFLOW_CTX_DAG_OWNER='***' AIRFLOW_CTX_DAG_ID='monthly_prediction' AIRFLOW_CTX_TASK_ID='wait_for_retrain' AIRFLOW_CTX_EXECUTION_DATE='2024-05-01T00:00:00+00:00' AIRFLOW_CTX_TRY_NUMBER='1' AIRFLOW_CTX_DAG_RUN_ID='scheduled__2024-05-01T00:00:00+00:00'
[2024-08-12T19:20:53.223+0000] {external_task.py:244} INFO - Poking for tasks ['optimize_and_register_best_classifier'] in dag quarterly_retrain on 2024-04-30T00:00:00+00:00 ... 
[2024-08-12T19:20:53.236+0000] {taskinstance.py:1895} INFO - Rescheduling task, marking task as UP_FOR_RESCHEDULE
[2024-08-12T19:20:53.267+0000] {local_task_job_runner.py:228} INFO - Task exited with return code 0
[2024-08-12T19:20:53.277+0000] {taskinstance.py:2776} INFO - 0 downstream tasks scheduled from follow-on schedule check
[2024-08-12T19:45:45.496+0000] {taskinstance.py:1157} INFO - Dependencies all met for dep_context=non-requeueable deps ti=<TaskInstance: monthly_prediction.wait_for_retrain scheduled__2024-05-01T00:00:00+00:00 [queued]>
[2024-08-12T19:45:45.529+0000] {taskinstance.py:1157} INFO - Dependencies all met for dep_context=requeueable deps ti=<TaskInstance: monthly_prediction.wait_for_retrain scheduled__2024-05-01T00:00:00+00:00 [queued]>
[2024-08-12T19:45:45.536+0000] {taskinstance.py:1359} INFO - Starting attempt 1 of 1
[2024-08-12T19:45:45.608+0000] {taskinstance.py:1380} INFO - Executing <Task(ExternalTaskSensor): wait_for_retrain> on 2024-05-01 00:00:00+00:00
[2024-08-12T19:45:45.636+0000] {standard_task_runner.py:57} INFO - Started process 8129 to run task
[2024-08-12T19:45:45.688+0000] {standard_task_runner.py:84} INFO - Running: ['***', 'tasks', 'run', 'monthly_prediction', 'wait_for_retrain', 'scheduled__2024-05-01T00:00:00+00:00', '--job-id', '663', '--raw', '--subdir', 'DAGS_FOLDER/monthly_prediction.py', '--cfg-path', '/tmp/tmp89t6d73x']
[2024-08-12T19:45:45.702+0000] {standard_task_runner.py:85} INFO - Job 663: Subtask wait_for_retrain
[2024-08-12T19:45:47.069+0000] {task_command.py:415} INFO - Running <TaskInstance: monthly_prediction.wait_for_retrain scheduled__2024-05-01T00:00:00+00:00 [running]> on host a9166c5dc5ae
[2024-08-12T19:45:47.230+0000] {taskinstance.py:1660} INFO - Exporting env vars: AIRFLOW_CTX_DAG_OWNER='***' AIRFLOW_CTX_DAG_ID='monthly_prediction' AIRFLOW_CTX_TASK_ID='wait_for_retrain' AIRFLOW_CTX_EXECUTION_DATE='2024-05-01T00:00:00+00:00' AIRFLOW_CTX_TRY_NUMBER='1' AIRFLOW_CTX_DAG_RUN_ID='scheduled__2024-05-01T00:00:00+00:00'
[2024-08-12T19:45:47.308+0000] {external_task.py:244} INFO - Poking for tasks ['optimize_and_register_best_classifier'] in dag quarterly_retrain on 2024-04-30T00:00:00+00:00 ... 
[2024-08-12T19:45:47.420+0000] {taskinstance.py:1895} INFO - Rescheduling task, marking task as UP_FOR_RESCHEDULE
[2024-08-12T19:45:47.478+0000] {local_task_job_runner.py:228} INFO - Task exited with return code 0
[2024-08-12T19:45:47.526+0000] {taskinstance.py:2776} INFO - 0 downstream tasks scheduled from follow-on schedule check
[2024-08-12T19:46:52.704+0000] {taskinstance.py:1157} INFO - Dependencies all met for dep_context=non-requeueable deps ti=<TaskInstance: monthly_prediction.wait_for_retrain scheduled__2024-05-01T00:00:00+00:00 [queued]>
[2024-08-12T19:46:52.726+0000] {taskinstance.py:1157} INFO - Dependencies all met for dep_context=requeueable deps ti=<TaskInstance: monthly_prediction.wait_for_retrain scheduled__2024-05-01T00:00:00+00:00 [queued]>
[2024-08-12T19:46:52.732+0000] {taskinstance.py:1359} INFO - Starting attempt 1 of 1
[2024-08-12T19:46:52.774+0000] {taskinstance.py:1380} INFO - Executing <Task(ExternalTaskSensor): wait_for_retrain> on 2024-05-01 00:00:00+00:00
[2024-08-12T19:46:52.813+0000] {standard_task_runner.py:57} INFO - Started process 8555 to run task
[2024-08-12T19:46:52.827+0000] {standard_task_runner.py:84} INFO - Running: ['***', 'tasks', 'run', 'monthly_prediction', 'wait_for_retrain', 'scheduled__2024-05-01T00:00:00+00:00', '--job-id', '681', '--raw', '--subdir', 'DAGS_FOLDER/monthly_prediction.py', '--cfg-path', '/tmp/tmp7unsiwwx']
[2024-08-12T19:46:52.831+0000] {standard_task_runner.py:85} INFO - Job 681: Subtask wait_for_retrain
[2024-08-12T19:46:53.523+0000] {task_command.py:415} INFO - Running <TaskInstance: monthly_prediction.wait_for_retrain scheduled__2024-05-01T00:00:00+00:00 [running]> on host a9166c5dc5ae
[2024-08-12T19:46:53.794+0000] {taskinstance.py:1660} INFO - Exporting env vars: AIRFLOW_CTX_DAG_OWNER='***' AIRFLOW_CTX_DAG_ID='monthly_prediction' AIRFLOW_CTX_TASK_ID='wait_for_retrain' AIRFLOW_CTX_EXECUTION_DATE='2024-05-01T00:00:00+00:00' AIRFLOW_CTX_TRY_NUMBER='1' AIRFLOW_CTX_DAG_RUN_ID='scheduled__2024-05-01T00:00:00+00:00'
[2024-08-12T19:46:53.830+0000] {external_task.py:244} INFO - Poking for tasks ['optimize_and_register_best_classifier'] in dag quarterly_retrain on 2024-04-30T00:00:00+00:00 ... 
[2024-08-12T19:46:53.895+0000] {taskinstance.py:1895} INFO - Rescheduling task, marking task as UP_FOR_RESCHEDULE
[2024-08-12T19:46:53.956+0000] {local_task_job_runner.py:228} INFO - Task exited with return code 0
[2024-08-12T19:46:54.008+0000] {taskinstance.py:2776} INFO - 0 downstream tasks scheduled from follow-on schedule check
[2024-08-12T19:47:55.330+0000] {taskinstance.py:1157} INFO - Dependencies all met for dep_context=non-requeueable deps ti=<TaskInstance: monthly_prediction.wait_for_retrain scheduled__2024-05-01T00:00:00+00:00 [queued]>
[2024-08-12T19:47:55.342+0000] {taskinstance.py:1157} INFO - Dependencies all met for dep_context=requeueable deps ti=<TaskInstance: monthly_prediction.wait_for_retrain scheduled__2024-05-01T00:00:00+00:00 [queued]>
[2024-08-12T19:47:55.342+0000] {taskinstance.py:1359} INFO - Starting attempt 1 of 1
[2024-08-12T19:47:55.357+0000] {taskinstance.py:1380} INFO - Executing <Task(ExternalTaskSensor): wait_for_retrain> on 2024-05-01 00:00:00+00:00
[2024-08-12T19:47:55.363+0000] {standard_task_runner.py:57} INFO - Started process 8847 to run task
[2024-08-12T19:47:55.366+0000] {standard_task_runner.py:84} INFO - Running: ['***', 'tasks', 'run', 'monthly_prediction', 'wait_for_retrain', 'scheduled__2024-05-01T00:00:00+00:00', '--job-id', '697', '--raw', '--subdir', 'DAGS_FOLDER/monthly_prediction.py', '--cfg-path', '/tmp/tmpho8rz4j9']
[2024-08-12T19:47:55.369+0000] {standard_task_runner.py:85} INFO - Job 697: Subtask wait_for_retrain
[2024-08-12T19:47:55.583+0000] {task_command.py:415} INFO - Running <TaskInstance: monthly_prediction.wait_for_retrain scheduled__2024-05-01T00:00:00+00:00 [running]> on host a9166c5dc5ae
[2024-08-12T19:47:55.634+0000] {taskinstance.py:1660} INFO - Exporting env vars: AIRFLOW_CTX_DAG_OWNER='***' AIRFLOW_CTX_DAG_ID='monthly_prediction' AIRFLOW_CTX_TASK_ID='wait_for_retrain' AIRFLOW_CTX_EXECUTION_DATE='2024-05-01T00:00:00+00:00' AIRFLOW_CTX_TRY_NUMBER='1' AIRFLOW_CTX_DAG_RUN_ID='scheduled__2024-05-01T00:00:00+00:00'
[2024-08-12T19:47:55.644+0000] {external_task.py:244} INFO - Poking for tasks ['optimize_and_register_best_classifier'] in dag quarterly_retrain on 2024-04-30T00:00:00+00:00 ... 
[2024-08-12T19:47:55.670+0000] {taskinstance.py:1895} INFO - Rescheduling task, marking task as UP_FOR_RESCHEDULE
[2024-08-12T19:47:55.713+0000] {local_task_job_runner.py:228} INFO - Task exited with return code 0
[2024-08-12T19:47:55.728+0000] {taskinstance.py:2776} INFO - 0 downstream tasks scheduled from follow-on schedule check
[2024-08-12T19:48:58.463+0000] {taskinstance.py:1157} INFO - Dependencies all met for dep_context=non-requeueable deps ti=<TaskInstance: monthly_prediction.wait_for_retrain scheduled__2024-05-01T00:00:00+00:00 [queued]>
[2024-08-12T19:48:58.472+0000] {taskinstance.py:1157} INFO - Dependencies all met for dep_context=requeueable deps ti=<TaskInstance: monthly_prediction.wait_for_retrain scheduled__2024-05-01T00:00:00+00:00 [queued]>
[2024-08-12T19:48:58.478+0000] {taskinstance.py:1359} INFO - Starting attempt 1 of 1
[2024-08-12T19:48:58.519+0000] {taskinstance.py:1380} INFO - Executing <Task(ExternalTaskSensor): wait_for_retrain> on 2024-05-01 00:00:00+00:00
[2024-08-12T19:48:58.531+0000] {standard_task_runner.py:57} INFO - Started process 9016 to run task
[2024-08-12T19:48:58.537+0000] {standard_task_runner.py:84} INFO - Running: ['***', 'tasks', 'run', 'monthly_prediction', 'wait_for_retrain', 'scheduled__2024-05-01T00:00:00+00:00', '--job-id', '704', '--raw', '--subdir', 'DAGS_FOLDER/monthly_prediction.py', '--cfg-path', '/tmp/tmpjm73i2sy']
[2024-08-12T19:48:58.542+0000] {standard_task_runner.py:85} INFO - Job 704: Subtask wait_for_retrain
[2024-08-12T19:48:58.776+0000] {task_command.py:415} INFO - Running <TaskInstance: monthly_prediction.wait_for_retrain scheduled__2024-05-01T00:00:00+00:00 [running]> on host a9166c5dc5ae
[2024-08-12T19:48:58.841+0000] {taskinstance.py:1660} INFO - Exporting env vars: AIRFLOW_CTX_DAG_OWNER='***' AIRFLOW_CTX_DAG_ID='monthly_prediction' AIRFLOW_CTX_TASK_ID='wait_for_retrain' AIRFLOW_CTX_EXECUTION_DATE='2024-05-01T00:00:00+00:00' AIRFLOW_CTX_TRY_NUMBER='1' AIRFLOW_CTX_DAG_RUN_ID='scheduled__2024-05-01T00:00:00+00:00'
[2024-08-12T19:48:58.847+0000] {external_task.py:244} INFO - Poking for tasks ['optimize_and_register_best_classifier'] in dag quarterly_retrain on 2024-04-30T00:00:00+00:00 ... 
[2024-08-12T19:48:58.865+0000] {taskinstance.py:1895} INFO - Rescheduling task, marking task as UP_FOR_RESCHEDULE
[2024-08-12T19:48:58.887+0000] {local_task_job_runner.py:228} INFO - Task exited with return code 0
[2024-08-12T19:48:58.899+0000] {taskinstance.py:2776} INFO - 0 downstream tasks scheduled from follow-on schedule check
[2024-08-12T19:50:00.511+0000] {taskinstance.py:1157} INFO - Dependencies all met for dep_context=non-requeueable deps ti=<TaskInstance: monthly_prediction.wait_for_retrain scheduled__2024-05-01T00:00:00+00:00 [queued]>
[2024-08-12T19:50:00.519+0000] {taskinstance.py:1157} INFO - Dependencies all met for dep_context=requeueable deps ti=<TaskInstance: monthly_prediction.wait_for_retrain scheduled__2024-05-01T00:00:00+00:00 [queued]>
[2024-08-12T19:50:00.522+0000] {taskinstance.py:1359} INFO - Starting attempt 1 of 1
[2024-08-12T19:50:00.536+0000] {taskinstance.py:1380} INFO - Executing <Task(ExternalTaskSensor): wait_for_retrain> on 2024-05-01 00:00:00+00:00
[2024-08-12T19:50:00.543+0000] {standard_task_runner.py:57} INFO - Started process 9253 to run task
[2024-08-12T19:50:00.547+0000] {standard_task_runner.py:84} INFO - Running: ['***', 'tasks', 'run', 'monthly_prediction', 'wait_for_retrain', 'scheduled__2024-05-01T00:00:00+00:00', '--job-id', '714', '--raw', '--subdir', 'DAGS_FOLDER/monthly_prediction.py', '--cfg-path', '/tmp/tmpmhvge3as']
[2024-08-12T19:50:00.550+0000] {standard_task_runner.py:85} INFO - Job 714: Subtask wait_for_retrain
[2024-08-12T19:50:00.622+0000] {task_command.py:415} INFO - Running <TaskInstance: monthly_prediction.wait_for_retrain scheduled__2024-05-01T00:00:00+00:00 [running]> on host a9166c5dc5ae
[2024-08-12T19:50:01.041+0000] {taskinstance.py:1660} INFO - Exporting env vars: AIRFLOW_CTX_DAG_OWNER='***' AIRFLOW_CTX_DAG_ID='monthly_prediction' AIRFLOW_CTX_TASK_ID='wait_for_retrain' AIRFLOW_CTX_EXECUTION_DATE='2024-05-01T00:00:00+00:00' AIRFLOW_CTX_TRY_NUMBER='1' AIRFLOW_CTX_DAG_RUN_ID='scheduled__2024-05-01T00:00:00+00:00'
[2024-08-12T19:50:01.056+0000] {external_task.py:244} INFO - Poking for tasks ['optimize_and_register_best_classifier'] in dag quarterly_retrain on 2024-04-30T00:00:00+00:00 ... 
[2024-08-12T19:50:01.093+0000] {taskinstance.py:1895} INFO - Rescheduling task, marking task as UP_FOR_RESCHEDULE
[2024-08-12T19:50:01.141+0000] {local_task_job_runner.py:228} INFO - Task exited with return code 0
[2024-08-12T19:50:01.171+0000] {taskinstance.py:2776} INFO - 0 downstream tasks scheduled from follow-on schedule check
[2024-08-12T19:51:04.664+0000] {taskinstance.py:1157} INFO - Dependencies all met for dep_context=non-requeueable deps ti=<TaskInstance: monthly_prediction.wait_for_retrain scheduled__2024-05-01T00:00:00+00:00 [queued]>
[2024-08-12T19:51:04.677+0000] {taskinstance.py:1157} INFO - Dependencies all met for dep_context=requeueable deps ti=<TaskInstance: monthly_prediction.wait_for_retrain scheduled__2024-05-01T00:00:00+00:00 [queued]>
[2024-08-12T19:51:04.678+0000] {taskinstance.py:1359} INFO - Starting attempt 1 of 1
[2024-08-12T19:51:04.695+0000] {taskinstance.py:1380} INFO - Executing <Task(ExternalTaskSensor): wait_for_retrain> on 2024-05-01 00:00:00+00:00
[2024-08-12T19:51:04.716+0000] {standard_task_runner.py:57} INFO - Started process 9543 to run task
[2024-08-12T19:51:04.721+0000] {standard_task_runner.py:84} INFO - Running: ['***', 'tasks', 'run', 'monthly_prediction', 'wait_for_retrain', 'scheduled__2024-05-01T00:00:00+00:00', '--job-id', '732', '--raw', '--subdir', 'DAGS_FOLDER/monthly_prediction.py', '--cfg-path', '/tmp/tmpd1diqzga']
[2024-08-12T19:51:04.730+0000] {standard_task_runner.py:85} INFO - Job 732: Subtask wait_for_retrain
[2024-08-12T19:51:05.193+0000] {task_command.py:415} INFO - Running <TaskInstance: monthly_prediction.wait_for_retrain scheduled__2024-05-01T00:00:00+00:00 [running]> on host a9166c5dc5ae
[2024-08-12T19:51:05.291+0000] {taskinstance.py:1660} INFO - Exporting env vars: AIRFLOW_CTX_DAG_OWNER='***' AIRFLOW_CTX_DAG_ID='monthly_prediction' AIRFLOW_CTX_TASK_ID='wait_for_retrain' AIRFLOW_CTX_EXECUTION_DATE='2024-05-01T00:00:00+00:00' AIRFLOW_CTX_TRY_NUMBER='1' AIRFLOW_CTX_DAG_RUN_ID='scheduled__2024-05-01T00:00:00+00:00'
[2024-08-12T19:51:05.313+0000] {external_task.py:244} INFO - Poking for tasks ['optimize_and_register_best_classifier'] in dag quarterly_retrain on 2024-04-30T00:00:00+00:00 ... 
[2024-08-12T19:51:05.372+0000] {taskinstance.py:1895} INFO - Rescheduling task, marking task as UP_FOR_RESCHEDULE
[2024-08-12T19:51:05.403+0000] {local_task_job_runner.py:228} INFO - Task exited with return code 0
[2024-08-12T19:51:05.463+0000] {taskinstance.py:2776} INFO - 0 downstream tasks scheduled from follow-on schedule check
[2024-08-12T19:52:10.208+0000] {taskinstance.py:1157} INFO - Dependencies all met for dep_context=non-requeueable deps ti=<TaskInstance: monthly_prediction.wait_for_retrain scheduled__2024-05-01T00:00:00+00:00 [queued]>
[2024-08-12T19:52:10.307+0000] {taskinstance.py:1157} INFO - Dependencies all met for dep_context=requeueable deps ti=<TaskInstance: monthly_prediction.wait_for_retrain scheduled__2024-05-01T00:00:00+00:00 [queued]>
[2024-08-12T19:52:10.308+0000] {taskinstance.py:1359} INFO - Starting attempt 1 of 1
[2024-08-12T19:52:10.383+0000] {taskinstance.py:1380} INFO - Executing <Task(ExternalTaskSensor): wait_for_retrain> on 2024-05-01 00:00:00+00:00
[2024-08-12T19:52:10.396+0000] {standard_task_runner.py:57} INFO - Started process 9740 to run task
[2024-08-12T19:52:10.411+0000] {standard_task_runner.py:84} INFO - Running: ['***', 'tasks', 'run', 'monthly_prediction', 'wait_for_retrain', 'scheduled__2024-05-01T00:00:00+00:00', '--job-id', '740', '--raw', '--subdir', 'DAGS_FOLDER/monthly_prediction.py', '--cfg-path', '/tmp/tmppxamjaxv']
[2024-08-12T19:52:10.422+0000] {standard_task_runner.py:85} INFO - Job 740: Subtask wait_for_retrain
[2024-08-12T19:52:11.323+0000] {task_command.py:415} INFO - Running <TaskInstance: monthly_prediction.wait_for_retrain scheduled__2024-05-01T00:00:00+00:00 [running]> on host a9166c5dc5ae
[2024-08-12T19:52:11.479+0000] {taskinstance.py:1660} INFO - Exporting env vars: AIRFLOW_CTX_DAG_OWNER='***' AIRFLOW_CTX_DAG_ID='monthly_prediction' AIRFLOW_CTX_TASK_ID='wait_for_retrain' AIRFLOW_CTX_EXECUTION_DATE='2024-05-01T00:00:00+00:00' AIRFLOW_CTX_TRY_NUMBER='1' AIRFLOW_CTX_DAG_RUN_ID='scheduled__2024-05-01T00:00:00+00:00'
[2024-08-12T19:52:11.501+0000] {external_task.py:244} INFO - Poking for tasks ['optimize_and_register_best_classifier'] in dag quarterly_retrain on 2024-04-30T00:00:00+00:00 ... 
[2024-08-12T19:52:11.635+0000] {taskinstance.py:1895} INFO - Rescheduling task, marking task as UP_FOR_RESCHEDULE
[2024-08-12T19:52:11.696+0000] {local_task_job_runner.py:228} INFO - Task exited with return code 0
[2024-08-12T19:52:11.746+0000] {taskinstance.py:2776} INFO - 0 downstream tasks scheduled from follow-on schedule check
[2024-08-12T19:53:15.438+0000] {taskinstance.py:1157} INFO - Dependencies all met for dep_context=non-requeueable deps ti=<TaskInstance: monthly_prediction.wait_for_retrain scheduled__2024-05-01T00:00:00+00:00 [queued]>
[2024-08-12T19:53:15.475+0000] {taskinstance.py:1157} INFO - Dependencies all met for dep_context=requeueable deps ti=<TaskInstance: monthly_prediction.wait_for_retrain scheduled__2024-05-01T00:00:00+00:00 [queued]>
[2024-08-12T19:53:15.477+0000] {taskinstance.py:1359} INFO - Starting attempt 1 of 1
[2024-08-12T19:53:15.510+0000] {taskinstance.py:1380} INFO - Executing <Task(ExternalTaskSensor): wait_for_retrain> on 2024-05-01 00:00:00+00:00
[2024-08-12T19:53:15.544+0000] {standard_task_runner.py:57} INFO - Started process 9937 to run task
[2024-08-12T19:53:15.555+0000] {standard_task_runner.py:84} INFO - Running: ['***', 'tasks', 'run', 'monthly_prediction', 'wait_for_retrain', 'scheduled__2024-05-01T00:00:00+00:00', '--job-id', '752', '--raw', '--subdir', 'DAGS_FOLDER/monthly_prediction.py', '--cfg-path', '/tmp/tmpz0lx0ibs']
[2024-08-12T19:53:15.574+0000] {standard_task_runner.py:85} INFO - Job 752: Subtask wait_for_retrain
[2024-08-12T19:53:16.714+0000] {task_command.py:415} INFO - Running <TaskInstance: monthly_prediction.wait_for_retrain scheduled__2024-05-01T00:00:00+00:00 [running]> on host a9166c5dc5ae
[2024-08-12T19:53:16.867+0000] {taskinstance.py:1660} INFO - Exporting env vars: AIRFLOW_CTX_DAG_OWNER='***' AIRFLOW_CTX_DAG_ID='monthly_prediction' AIRFLOW_CTX_TASK_ID='wait_for_retrain' AIRFLOW_CTX_EXECUTION_DATE='2024-05-01T00:00:00+00:00' AIRFLOW_CTX_TRY_NUMBER='1' AIRFLOW_CTX_DAG_RUN_ID='scheduled__2024-05-01T00:00:00+00:00'
[2024-08-12T19:53:16.901+0000] {external_task.py:244} INFO - Poking for tasks ['optimize_and_register_best_classifier'] in dag quarterly_retrain on 2024-04-30T00:00:00+00:00 ... 
[2024-08-12T19:53:16.975+0000] {taskinstance.py:1895} INFO - Rescheduling task, marking task as UP_FOR_RESCHEDULE
[2024-08-12T19:53:17.025+0000] {local_task_job_runner.py:228} INFO - Task exited with return code 0
[2024-08-12T19:53:17.080+0000] {taskinstance.py:2776} INFO - 0 downstream tasks scheduled from follow-on schedule check
[2024-08-12T19:54:19.910+0000] {taskinstance.py:1157} INFO - Dependencies all met for dep_context=non-requeueable deps ti=<TaskInstance: monthly_prediction.wait_for_retrain scheduled__2024-05-01T00:00:00+00:00 [queued]>
[2024-08-12T19:54:19.925+0000] {taskinstance.py:1157} INFO - Dependencies all met for dep_context=requeueable deps ti=<TaskInstance: monthly_prediction.wait_for_retrain scheduled__2024-05-01T00:00:00+00:00 [queued]>
[2024-08-12T19:54:19.926+0000] {taskinstance.py:1359} INFO - Starting attempt 1 of 1
[2024-08-12T19:54:19.952+0000] {taskinstance.py:1380} INFO - Executing <Task(ExternalTaskSensor): wait_for_retrain> on 2024-05-01 00:00:00+00:00
[2024-08-12T19:54:19.966+0000] {standard_task_runner.py:57} INFO - Started process 10139 to run task
[2024-08-12T19:54:19.973+0000] {standard_task_runner.py:84} INFO - Running: ['***', 'tasks', 'run', 'monthly_prediction', 'wait_for_retrain', 'scheduled__2024-05-01T00:00:00+00:00', '--job-id', '767', '--raw', '--subdir', 'DAGS_FOLDER/monthly_prediction.py', '--cfg-path', '/tmp/tmpnwxdbquh']
[2024-08-12T19:54:19.980+0000] {standard_task_runner.py:85} INFO - Job 767: Subtask wait_for_retrain
[2024-08-12T19:54:20.575+0000] {task_command.py:415} INFO - Running <TaskInstance: monthly_prediction.wait_for_retrain scheduled__2024-05-01T00:00:00+00:00 [running]> on host a9166c5dc5ae
[2024-08-12T19:54:20.694+0000] {taskinstance.py:1660} INFO - Exporting env vars: AIRFLOW_CTX_DAG_OWNER='***' AIRFLOW_CTX_DAG_ID='monthly_prediction' AIRFLOW_CTX_TASK_ID='wait_for_retrain' AIRFLOW_CTX_EXECUTION_DATE='2024-05-01T00:00:00+00:00' AIRFLOW_CTX_TRY_NUMBER='1' AIRFLOW_CTX_DAG_RUN_ID='scheduled__2024-05-01T00:00:00+00:00'
[2024-08-12T19:54:20.733+0000] {external_task.py:244} INFO - Poking for tasks ['optimize_and_register_best_classifier'] in dag quarterly_retrain on 2024-04-30T00:00:00+00:00 ... 
[2024-08-12T19:54:20.803+0000] {taskinstance.py:1895} INFO - Rescheduling task, marking task as UP_FOR_RESCHEDULE
[2024-08-12T19:54:20.870+0000] {local_task_job_runner.py:228} INFO - Task exited with return code 0
[2024-08-12T19:54:20.932+0000] {taskinstance.py:2776} INFO - 0 downstream tasks scheduled from follow-on schedule check
[2024-08-12T19:55:25.308+0000] {taskinstance.py:1157} INFO - Dependencies all met for dep_context=non-requeueable deps ti=<TaskInstance: monthly_prediction.wait_for_retrain scheduled__2024-05-01T00:00:00+00:00 [queued]>
[2024-08-12T19:55:25.332+0000] {taskinstance.py:1157} INFO - Dependencies all met for dep_context=requeueable deps ti=<TaskInstance: monthly_prediction.wait_for_retrain scheduled__2024-05-01T00:00:00+00:00 [queued]>
[2024-08-12T19:55:25.337+0000] {taskinstance.py:1359} INFO - Starting attempt 1 of 1
[2024-08-12T19:55:25.377+0000] {taskinstance.py:1380} INFO - Executing <Task(ExternalTaskSensor): wait_for_retrain> on 2024-05-01 00:00:00+00:00
[2024-08-12T19:55:25.408+0000] {standard_task_runner.py:57} INFO - Started process 10348 to run task
[2024-08-12T19:55:25.416+0000] {standard_task_runner.py:84} INFO - Running: ['***', 'tasks', 'run', 'monthly_prediction', 'wait_for_retrain', 'scheduled__2024-05-01T00:00:00+00:00', '--job-id', '774', '--raw', '--subdir', 'DAGS_FOLDER/monthly_prediction.py', '--cfg-path', '/tmp/tmp2nwwb_b_']
[2024-08-12T19:55:25.428+0000] {standard_task_runner.py:85} INFO - Job 774: Subtask wait_for_retrain
[2024-08-12T19:55:26.599+0000] {task_command.py:415} INFO - Running <TaskInstance: monthly_prediction.wait_for_retrain scheduled__2024-05-01T00:00:00+00:00 [running]> on host a9166c5dc5ae
[2024-08-12T19:55:26.812+0000] {taskinstance.py:1660} INFO - Exporting env vars: AIRFLOW_CTX_DAG_OWNER='***' AIRFLOW_CTX_DAG_ID='monthly_prediction' AIRFLOW_CTX_TASK_ID='wait_for_retrain' AIRFLOW_CTX_EXECUTION_DATE='2024-05-01T00:00:00+00:00' AIRFLOW_CTX_TRY_NUMBER='1' AIRFLOW_CTX_DAG_RUN_ID='scheduled__2024-05-01T00:00:00+00:00'
[2024-08-12T19:55:26.843+0000] {external_task.py:244} INFO - Poking for tasks ['optimize_and_register_best_classifier'] in dag quarterly_retrain on 2024-04-30T00:00:00+00:00 ... 
[2024-08-12T19:55:26.933+0000] {taskinstance.py:1895} INFO - Rescheduling task, marking task as UP_FOR_RESCHEDULE
[2024-08-12T19:55:27.026+0000] {local_task_job_runner.py:228} INFO - Task exited with return code 0
[2024-08-12T19:55:27.126+0000] {taskinstance.py:2776} INFO - 0 downstream tasks scheduled from follow-on schedule check
[2024-08-12T19:56:30.619+0000] {taskinstance.py:1157} INFO - Dependencies all met for dep_context=non-requeueable deps ti=<TaskInstance: monthly_prediction.wait_for_retrain scheduled__2024-05-01T00:00:00+00:00 [queued]>
[2024-08-12T19:56:30.669+0000] {taskinstance.py:1157} INFO - Dependencies all met for dep_context=requeueable deps ti=<TaskInstance: monthly_prediction.wait_for_retrain scheduled__2024-05-01T00:00:00+00:00 [queued]>
[2024-08-12T19:56:30.680+0000] {taskinstance.py:1359} INFO - Starting attempt 1 of 1
[2024-08-12T19:56:30.755+0000] {taskinstance.py:1380} INFO - Executing <Task(ExternalTaskSensor): wait_for_retrain> on 2024-05-01 00:00:00+00:00
[2024-08-12T19:56:30.812+0000] {standard_task_runner.py:57} INFO - Started process 10621 to run task
[2024-08-12T19:56:30.820+0000] {standard_task_runner.py:84} INFO - Running: ['***', 'tasks', 'run', 'monthly_prediction', 'wait_for_retrain', 'scheduled__2024-05-01T00:00:00+00:00', '--job-id', '789', '--raw', '--subdir', 'DAGS_FOLDER/monthly_prediction.py', '--cfg-path', '/tmp/tmp_arow0wr']
[2024-08-12T19:56:30.825+0000] {standard_task_runner.py:85} INFO - Job 789: Subtask wait_for_retrain
[2024-08-12T19:56:31.456+0000] {task_command.py:415} INFO - Running <TaskInstance: monthly_prediction.wait_for_retrain scheduled__2024-05-01T00:00:00+00:00 [running]> on host a9166c5dc5ae
[2024-08-12T19:56:31.730+0000] {taskinstance.py:1660} INFO - Exporting env vars: AIRFLOW_CTX_DAG_OWNER='***' AIRFLOW_CTX_DAG_ID='monthly_prediction' AIRFLOW_CTX_TASK_ID='wait_for_retrain' AIRFLOW_CTX_EXECUTION_DATE='2024-05-01T00:00:00+00:00' AIRFLOW_CTX_TRY_NUMBER='1' AIRFLOW_CTX_DAG_RUN_ID='scheduled__2024-05-01T00:00:00+00:00'
[2024-08-12T19:56:31.789+0000] {external_task.py:244} INFO - Poking for tasks ['optimize_and_register_best_classifier'] in dag quarterly_retrain on 2024-04-30T00:00:00+00:00 ... 
[2024-08-12T19:56:31.880+0000] {taskinstance.py:1895} INFO - Rescheduling task, marking task as UP_FOR_RESCHEDULE
[2024-08-12T19:56:31.909+0000] {local_task_job_runner.py:228} INFO - Task exited with return code 0
[2024-08-12T19:56:32.041+0000] {taskinstance.py:2776} INFO - 0 downstream tasks scheduled from follow-on schedule check
[2024-08-12T19:57:36.478+0000] {taskinstance.py:1157} INFO - Dependencies all met for dep_context=non-requeueable deps ti=<TaskInstance: monthly_prediction.wait_for_retrain scheduled__2024-05-01T00:00:00+00:00 [queued]>
[2024-08-12T19:57:36.522+0000] {taskinstance.py:1157} INFO - Dependencies all met for dep_context=requeueable deps ti=<TaskInstance: monthly_prediction.wait_for_retrain scheduled__2024-05-01T00:00:00+00:00 [queued]>
[2024-08-12T19:57:36.539+0000] {taskinstance.py:1359} INFO - Starting attempt 1 of 1
[2024-08-12T19:57:36.573+0000] {taskinstance.py:1380} INFO - Executing <Task(ExternalTaskSensor): wait_for_retrain> on 2024-05-01 00:00:00+00:00
[2024-08-12T19:57:36.598+0000] {standard_task_runner.py:57} INFO - Started process 10914 to run task
[2024-08-12T19:57:36.612+0000] {standard_task_runner.py:84} INFO - Running: ['***', 'tasks', 'run', 'monthly_prediction', 'wait_for_retrain', 'scheduled__2024-05-01T00:00:00+00:00', '--job-id', '807', '--raw', '--subdir', 'DAGS_FOLDER/monthly_prediction.py', '--cfg-path', '/tmp/tmpj54ov2ob']
[2024-08-12T19:57:36.629+0000] {standard_task_runner.py:85} INFO - Job 807: Subtask wait_for_retrain
[2024-08-12T19:57:37.740+0000] {task_command.py:415} INFO - Running <TaskInstance: monthly_prediction.wait_for_retrain scheduled__2024-05-01T00:00:00+00:00 [running]> on host a9166c5dc5ae
[2024-08-12T19:57:38.139+0000] {taskinstance.py:1660} INFO - Exporting env vars: AIRFLOW_CTX_DAG_OWNER='***' AIRFLOW_CTX_DAG_ID='monthly_prediction' AIRFLOW_CTX_TASK_ID='wait_for_retrain' AIRFLOW_CTX_EXECUTION_DATE='2024-05-01T00:00:00+00:00' AIRFLOW_CTX_TRY_NUMBER='1' AIRFLOW_CTX_DAG_RUN_ID='scheduled__2024-05-01T00:00:00+00:00'
[2024-08-12T19:57:38.268+0000] {external_task.py:244} INFO - Poking for tasks ['optimize_and_register_best_classifier'] in dag quarterly_retrain on 2024-04-30T00:00:00+00:00 ... 
[2024-08-12T19:57:38.536+0000] {taskinstance.py:1935} ERROR - Task failed with exception
Traceback (most recent call last):
  File "/home/airflow/.local/lib/python3.8/site-packages/airflow/sensors/external_task.py", line 334, in execute
    super().execute(context)
  File "/home/airflow/.local/lib/python3.8/site-packages/airflow/sensors/base.py", line 274, in execute
    raise AirflowSensorTimeout(message)
airflow.exceptions.AirflowSensorTimeout: Sensor has timed out; run duration of 644.874241 seconds exceeds the specified timeout of 600.0.
[2024-08-12T19:57:38.638+0000] {taskinstance.py:1398} INFO - Immediate failure requested. Marking task as FAILED. dag_id=monthly_prediction, task_id=wait_for_retrain, execution_date=20240501T000000, start_date=20240812T195736, end_date=20240812T195738
[2024-08-12T19:57:38.705+0000] {standard_task_runner.py:104} ERROR - Failed to execute job 807 for task wait_for_retrain (Sensor has timed out; run duration of 644.874241 seconds exceeds the specified timeout of 600.0.; 10914)
[2024-08-12T19:57:38.877+0000] {local_task_job_runner.py:228} INFO - Task exited with return code 1
[2024-08-12T19:57:39.275+0000] {taskinstance.py:2776} INFO - 0 downstream tasks scheduled from follow-on schedule check
[2024-08-12T20:08:11.297+0000] {taskinstance.py:1157} INFO - Dependencies all met for dep_context=non-requeueable deps ti=<TaskInstance: monthly_prediction.wait_for_retrain scheduled__2024-05-01T00:00:00+00:00 [queued]>
[2024-08-12T20:08:11.426+0000] {taskinstance.py:1157} INFO - Dependencies all met for dep_context=requeueable deps ti=<TaskInstance: monthly_prediction.wait_for_retrain scheduled__2024-05-01T00:00:00+00:00 [queued]>
[2024-08-12T20:08:11.442+0000] {taskinstance.py:1359} INFO - Starting attempt 1 of 1
[2024-08-12T20:08:11.557+0000] {taskinstance.py:1380} INFO - Executing <Task(ExternalTaskSensor): wait_for_retrain> on 2024-05-01 00:00:00+00:00
[2024-08-12T20:08:11.665+0000] {standard_task_runner.py:57} INFO - Started process 12560 to run task
[2024-08-12T20:08:11.688+0000] {standard_task_runner.py:84} INFO - Running: ['***', 'tasks', 'run', 'monthly_prediction', 'wait_for_retrain', 'scheduled__2024-05-01T00:00:00+00:00', '--job-id', '870', '--raw', '--subdir', 'DAGS_FOLDER/monthly_prediction.py', '--cfg-path', '/tmp/tmpru7m_dc9']
[2024-08-12T20:08:11.762+0000] {standard_task_runner.py:85} INFO - Job 870: Subtask wait_for_retrain
[2024-08-12T20:08:13.623+0000] {task_command.py:415} INFO - Running <TaskInstance: monthly_prediction.wait_for_retrain scheduled__2024-05-01T00:00:00+00:00 [running]> on host a9166c5dc5ae
[2024-08-12T20:08:13.936+0000] {taskinstance.py:1660} INFO - Exporting env vars: AIRFLOW_CTX_DAG_OWNER='***' AIRFLOW_CTX_DAG_ID='monthly_prediction' AIRFLOW_CTX_TASK_ID='wait_for_retrain' AIRFLOW_CTX_EXECUTION_DATE='2024-05-01T00:00:00+00:00' AIRFLOW_CTX_TRY_NUMBER='1' AIRFLOW_CTX_DAG_RUN_ID='scheduled__2024-05-01T00:00:00+00:00'
[2024-08-12T20:08:13.992+0000] {external_task.py:244} INFO - Poking for tasks ['optimize_and_register_best_classifier'] in dag quarterly_retrain on 2024-04-30T00:00:00+00:00 ... 
[2024-08-12T20:08:14.175+0000] {taskinstance.py:1895} INFO - Rescheduling task, marking task as UP_FOR_RESCHEDULE
[2024-08-12T20:08:14.297+0000] {local_task_job_runner.py:228} INFO - Task exited with return code 0
[2024-08-12T20:08:14.488+0000] {taskinstance.py:2776} INFO - 0 downstream tasks scheduled from follow-on schedule check
[2024-08-12T20:09:39.932+0000] {taskinstance.py:1157} INFO - Dependencies all met for dep_context=non-requeueable deps ti=<TaskInstance: monthly_prediction.wait_for_retrain scheduled__2024-05-01T00:00:00+00:00 [queued]>
[2024-08-12T20:09:40.195+0000] {taskinstance.py:1157} INFO - Dependencies all met for dep_context=requeueable deps ti=<TaskInstance: monthly_prediction.wait_for_retrain scheduled__2024-05-01T00:00:00+00:00 [queued]>
[2024-08-12T20:09:40.311+0000] {taskinstance.py:1359} INFO - Starting attempt 1 of 1
[2024-08-12T20:09:40.691+0000] {taskinstance.py:1380} INFO - Executing <Task(ExternalTaskSensor): wait_for_retrain> on 2024-05-01 00:00:00+00:00
[2024-08-12T20:09:40.914+0000] {standard_task_runner.py:57} INFO - Started process 13026 to run task
[2024-08-12T20:09:40.935+0000] {standard_task_runner.py:84} INFO - Running: ['***', 'tasks', 'run', 'monthly_prediction', 'wait_for_retrain', 'scheduled__2024-05-01T00:00:00+00:00', '--job-id', '892', '--raw', '--subdir', 'DAGS_FOLDER/monthly_prediction.py', '--cfg-path', '/tmp/tmpzbnbilrz']
[2024-08-12T20:09:40.979+0000] {standard_task_runner.py:85} INFO - Job 892: Subtask wait_for_retrain
[2024-08-12T20:09:45.177+0000] {task_command.py:415} INFO - Running <TaskInstance: monthly_prediction.wait_for_retrain scheduled__2024-05-01T00:00:00+00:00 [running]> on host a9166c5dc5ae
[2024-08-12T20:09:47.627+0000] {taskinstance.py:1660} INFO - Exporting env vars: AIRFLOW_CTX_DAG_OWNER='***' AIRFLOW_CTX_DAG_ID='monthly_prediction' AIRFLOW_CTX_TASK_ID='wait_for_retrain' AIRFLOW_CTX_EXECUTION_DATE='2024-05-01T00:00:00+00:00' AIRFLOW_CTX_TRY_NUMBER='1' AIRFLOW_CTX_DAG_RUN_ID='scheduled__2024-05-01T00:00:00+00:00'
[2024-08-12T20:09:47.832+0000] {external_task.py:244} INFO - Poking for tasks ['optimize_and_register_best_classifier'] in dag quarterly_retrain on 2024-04-30T00:00:00+00:00 ... 
[2024-08-12T20:09:48.845+0000] {taskinstance.py:1895} INFO - Rescheduling task, marking task as UP_FOR_RESCHEDULE
[2024-08-12T20:09:48.944+0000] {local_task_job_runner.py:228} INFO - Task exited with return code 0
[2024-08-12T20:09:52.192+0000] {taskinstance.py:2776} INFO - 0 downstream tasks scheduled from follow-on schedule check
[2024-08-12T20:10:51.426+0000] {taskinstance.py:1157} INFO - Dependencies all met for dep_context=non-requeueable deps ti=<TaskInstance: monthly_prediction.wait_for_retrain scheduled__2024-05-01T00:00:00+00:00 [queued]>
[2024-08-12T20:10:51.440+0000] {taskinstance.py:1157} INFO - Dependencies all met for dep_context=requeueable deps ti=<TaskInstance: monthly_prediction.wait_for_retrain scheduled__2024-05-01T00:00:00+00:00 [queued]>
[2024-08-12T20:10:51.443+0000] {taskinstance.py:1359} INFO - Starting attempt 1 of 1
[2024-08-12T20:10:51.464+0000] {taskinstance.py:1380} INFO - Executing <Task(ExternalTaskSensor): wait_for_retrain> on 2024-05-01 00:00:00+00:00
[2024-08-12T20:10:51.479+0000] {standard_task_runner.py:57} INFO - Started process 13322 to run task
[2024-08-12T20:10:51.486+0000] {standard_task_runner.py:84} INFO - Running: ['***', 'tasks', 'run', 'monthly_prediction', 'wait_for_retrain', 'scheduled__2024-05-01T00:00:00+00:00', '--job-id', '923', '--raw', '--subdir', 'DAGS_FOLDER/monthly_prediction.py', '--cfg-path', '/tmp/tmp86g95q4x']
[2024-08-12T20:10:51.513+0000] {standard_task_runner.py:85} INFO - Job 923: Subtask wait_for_retrain
[2024-08-12T20:10:51.831+0000] {task_command.py:415} INFO - Running <TaskInstance: monthly_prediction.wait_for_retrain scheduled__2024-05-01T00:00:00+00:00 [running]> on host a9166c5dc5ae
[2024-08-12T20:10:51.911+0000] {taskinstance.py:1660} INFO - Exporting env vars: AIRFLOW_CTX_DAG_OWNER='***' AIRFLOW_CTX_DAG_ID='monthly_prediction' AIRFLOW_CTX_TASK_ID='wait_for_retrain' AIRFLOW_CTX_EXECUTION_DATE='2024-05-01T00:00:00+00:00' AIRFLOW_CTX_TRY_NUMBER='1' AIRFLOW_CTX_DAG_RUN_ID='scheduled__2024-05-01T00:00:00+00:00'
[2024-08-12T20:10:51.926+0000] {external_task.py:244} INFO - Poking for tasks ['optimize_and_register_best_classifier'] in dag quarterly_retrain on 2024-04-30T00:00:00+00:00 ... 
[2024-08-12T20:10:51.971+0000] {taskinstance.py:1895} INFO - Rescheduling task, marking task as UP_FOR_RESCHEDULE
[2024-08-12T20:10:52.008+0000] {local_task_job_runner.py:228} INFO - Task exited with return code 0
[2024-08-12T20:10:52.046+0000] {taskinstance.py:2776} INFO - 0 downstream tasks scheduled from follow-on schedule check
[2024-08-12T20:11:53.579+0000] {taskinstance.py:1157} INFO - Dependencies all met for dep_context=non-requeueable deps ti=<TaskInstance: monthly_prediction.wait_for_retrain scheduled__2024-05-01T00:00:00+00:00 [queued]>
[2024-08-12T20:11:53.584+0000] {taskinstance.py:1157} INFO - Dependencies all met for dep_context=requeueable deps ti=<TaskInstance: monthly_prediction.wait_for_retrain scheduled__2024-05-01T00:00:00+00:00 [queued]>
[2024-08-12T20:11:53.584+0000] {taskinstance.py:1359} INFO - Starting attempt 1 of 1
[2024-08-12T20:11:53.591+0000] {taskinstance.py:1380} INFO - Executing <Task(ExternalTaskSensor): wait_for_retrain> on 2024-05-01 00:00:00+00:00
[2024-08-12T20:11:53.595+0000] {standard_task_runner.py:57} INFO - Started process 13474 to run task
[2024-08-12T20:11:53.597+0000] {standard_task_runner.py:84} INFO - Running: ['***', 'tasks', 'run', 'monthly_prediction', 'wait_for_retrain', 'scheduled__2024-05-01T00:00:00+00:00', '--job-id', '931', '--raw', '--subdir', 'DAGS_FOLDER/monthly_prediction.py', '--cfg-path', '/tmp/tmpbp22s0l7']
[2024-08-12T20:11:53.599+0000] {standard_task_runner.py:85} INFO - Job 931: Subtask wait_for_retrain
[2024-08-12T20:11:53.852+0000] {task_command.py:415} INFO - Running <TaskInstance: monthly_prediction.wait_for_retrain scheduled__2024-05-01T00:00:00+00:00 [running]> on host a9166c5dc5ae
[2024-08-12T20:11:53.956+0000] {taskinstance.py:1660} INFO - Exporting env vars: AIRFLOW_CTX_DAG_OWNER='***' AIRFLOW_CTX_DAG_ID='monthly_prediction' AIRFLOW_CTX_TASK_ID='wait_for_retrain' AIRFLOW_CTX_EXECUTION_DATE='2024-05-01T00:00:00+00:00' AIRFLOW_CTX_TRY_NUMBER='1' AIRFLOW_CTX_DAG_RUN_ID='scheduled__2024-05-01T00:00:00+00:00'
[2024-08-12T20:11:53.969+0000] {external_task.py:244} INFO - Poking for tasks ['optimize_and_register_best_classifier'] in dag quarterly_retrain on 2024-04-30T00:00:00+00:00 ... 
[2024-08-12T20:11:54.016+0000] {taskinstance.py:1895} INFO - Rescheduling task, marking task as UP_FOR_RESCHEDULE
[2024-08-12T20:11:54.030+0000] {local_task_job_runner.py:228} INFO - Task exited with return code 0
[2024-08-12T20:11:54.057+0000] {taskinstance.py:2776} INFO - 0 downstream tasks scheduled from follow-on schedule check
[2024-08-12T20:12:55.566+0000] {taskinstance.py:1157} INFO - Dependencies all met for dep_context=non-requeueable deps ti=<TaskInstance: monthly_prediction.wait_for_retrain scheduled__2024-05-01T00:00:00+00:00 [queued]>
[2024-08-12T20:12:55.571+0000] {taskinstance.py:1157} INFO - Dependencies all met for dep_context=requeueable deps ti=<TaskInstance: monthly_prediction.wait_for_retrain scheduled__2024-05-01T00:00:00+00:00 [queued]>
[2024-08-12T20:12:55.572+0000] {taskinstance.py:1359} INFO - Starting attempt 1 of 1
[2024-08-12T20:12:55.579+0000] {taskinstance.py:1380} INFO - Executing <Task(ExternalTaskSensor): wait_for_retrain> on 2024-05-01 00:00:00+00:00
[2024-08-12T20:12:55.583+0000] {standard_task_runner.py:57} INFO - Started process 13644 to run task
[2024-08-12T20:12:55.586+0000] {standard_task_runner.py:84} INFO - Running: ['***', 'tasks', 'run', 'monthly_prediction', 'wait_for_retrain', 'scheduled__2024-05-01T00:00:00+00:00', '--job-id', '939', '--raw', '--subdir', 'DAGS_FOLDER/monthly_prediction.py', '--cfg-path', '/tmp/tmpy86io9j7']
[2024-08-12T20:12:55.588+0000] {standard_task_runner.py:85} INFO - Job 939: Subtask wait_for_retrain
[2024-08-12T20:12:55.620+0000] {task_command.py:415} INFO - Running <TaskInstance: monthly_prediction.wait_for_retrain scheduled__2024-05-01T00:00:00+00:00 [running]> on host a9166c5dc5ae
[2024-08-12T20:12:55.822+0000] {taskinstance.py:1660} INFO - Exporting env vars: AIRFLOW_CTX_DAG_OWNER='***' AIRFLOW_CTX_DAG_ID='monthly_prediction' AIRFLOW_CTX_TASK_ID='wait_for_retrain' AIRFLOW_CTX_EXECUTION_DATE='2024-05-01T00:00:00+00:00' AIRFLOW_CTX_TRY_NUMBER='1' AIRFLOW_CTX_DAG_RUN_ID='scheduled__2024-05-01T00:00:00+00:00'
[2024-08-12T20:12:55.828+0000] {external_task.py:244} INFO - Poking for tasks ['optimize_and_register_best_classifier'] in dag quarterly_retrain on 2024-04-30T00:00:00+00:00 ... 
[2024-08-12T20:12:55.844+0000] {taskinstance.py:1895} INFO - Rescheduling task, marking task as UP_FOR_RESCHEDULE
[2024-08-12T20:12:55.895+0000] {local_task_job_runner.py:228} INFO - Task exited with return code 0
[2024-08-12T20:12:55.906+0000] {taskinstance.py:2776} INFO - 0 downstream tasks scheduled from follow-on schedule check
[2024-08-12T20:13:57.467+0000] {taskinstance.py:1157} INFO - Dependencies all met for dep_context=non-requeueable deps ti=<TaskInstance: monthly_prediction.wait_for_retrain scheduled__2024-05-01T00:00:00+00:00 [queued]>
[2024-08-12T20:13:57.473+0000] {taskinstance.py:1157} INFO - Dependencies all met for dep_context=requeueable deps ti=<TaskInstance: monthly_prediction.wait_for_retrain scheduled__2024-05-01T00:00:00+00:00 [queued]>
[2024-08-12T20:13:57.473+0000] {taskinstance.py:1359} INFO - Starting attempt 1 of 1
[2024-08-12T20:13:57.480+0000] {taskinstance.py:1380} INFO - Executing <Task(ExternalTaskSensor): wait_for_retrain> on 2024-05-01 00:00:00+00:00
[2024-08-12T20:13:57.487+0000] {standard_task_runner.py:57} INFO - Started process 13809 to run task
[2024-08-12T20:13:57.489+0000] {standard_task_runner.py:84} INFO - Running: ['***', 'tasks', 'run', 'monthly_prediction', 'wait_for_retrain', 'scheduled__2024-05-01T00:00:00+00:00', '--job-id', '947', '--raw', '--subdir', 'DAGS_FOLDER/monthly_prediction.py', '--cfg-path', '/tmp/tmp7y0pg0jf']
[2024-08-12T20:13:57.491+0000] {standard_task_runner.py:85} INFO - Job 947: Subtask wait_for_retrain
[2024-08-12T20:13:57.675+0000] {task_command.py:415} INFO - Running <TaskInstance: monthly_prediction.wait_for_retrain scheduled__2024-05-01T00:00:00+00:00 [running]> on host a9166c5dc5ae
[2024-08-12T20:13:57.710+0000] {taskinstance.py:1660} INFO - Exporting env vars: AIRFLOW_CTX_DAG_OWNER='***' AIRFLOW_CTX_DAG_ID='monthly_prediction' AIRFLOW_CTX_TASK_ID='wait_for_retrain' AIRFLOW_CTX_EXECUTION_DATE='2024-05-01T00:00:00+00:00' AIRFLOW_CTX_TRY_NUMBER='1' AIRFLOW_CTX_DAG_RUN_ID='scheduled__2024-05-01T00:00:00+00:00'
[2024-08-12T20:13:57.715+0000] {external_task.py:244} INFO - Poking for tasks ['optimize_and_register_best_classifier'] in dag quarterly_retrain on 2024-04-30T00:00:00+00:00 ... 
[2024-08-12T20:13:57.730+0000] {taskinstance.py:1895} INFO - Rescheduling task, marking task as UP_FOR_RESCHEDULE
[2024-08-12T20:13:57.756+0000] {local_task_job_runner.py:228} INFO - Task exited with return code 0
[2024-08-12T20:13:57.767+0000] {taskinstance.py:2776} INFO - 0 downstream tasks scheduled from follow-on schedule check
[2024-08-12T20:14:59.209+0000] {taskinstance.py:1157} INFO - Dependencies all met for dep_context=non-requeueable deps ti=<TaskInstance: monthly_prediction.wait_for_retrain scheduled__2024-05-01T00:00:00+00:00 [queued]>
[2024-08-12T20:14:59.213+0000] {taskinstance.py:1157} INFO - Dependencies all met for dep_context=requeueable deps ti=<TaskInstance: monthly_prediction.wait_for_retrain scheduled__2024-05-01T00:00:00+00:00 [queued]>
[2024-08-12T20:14:59.213+0000] {taskinstance.py:1359} INFO - Starting attempt 1 of 1
[2024-08-12T20:14:59.218+0000] {taskinstance.py:1380} INFO - Executing <Task(ExternalTaskSensor): wait_for_retrain> on 2024-05-01 00:00:00+00:00
[2024-08-12T20:14:59.222+0000] {standard_task_runner.py:57} INFO - Started process 13977 to run task
[2024-08-12T20:14:59.224+0000] {standard_task_runner.py:84} INFO - Running: ['***', 'tasks', 'run', 'monthly_prediction', 'wait_for_retrain', 'scheduled__2024-05-01T00:00:00+00:00', '--job-id', '955', '--raw', '--subdir', 'DAGS_FOLDER/monthly_prediction.py', '--cfg-path', '/tmp/tmpfe63b225']
[2024-08-12T20:14:59.225+0000] {standard_task_runner.py:85} INFO - Job 955: Subtask wait_for_retrain
[2024-08-12T20:14:59.359+0000] {task_command.py:415} INFO - Running <TaskInstance: monthly_prediction.wait_for_retrain scheduled__2024-05-01T00:00:00+00:00 [running]> on host a9166c5dc5ae
[2024-08-12T20:14:59.390+0000] {taskinstance.py:1660} INFO - Exporting env vars: AIRFLOW_CTX_DAG_OWNER='***' AIRFLOW_CTX_DAG_ID='monthly_prediction' AIRFLOW_CTX_TASK_ID='wait_for_retrain' AIRFLOW_CTX_EXECUTION_DATE='2024-05-01T00:00:00+00:00' AIRFLOW_CTX_TRY_NUMBER='1' AIRFLOW_CTX_DAG_RUN_ID='scheduled__2024-05-01T00:00:00+00:00'
[2024-08-12T20:14:59.395+0000] {external_task.py:244} INFO - Poking for tasks ['optimize_and_register_best_classifier'] in dag quarterly_retrain on 2024-04-30T00:00:00+00:00 ... 
[2024-08-12T20:14:59.408+0000] {taskinstance.py:1895} INFO - Rescheduling task, marking task as UP_FOR_RESCHEDULE
[2024-08-12T20:14:59.446+0000] {local_task_job_runner.py:228} INFO - Task exited with return code 0
[2024-08-12T20:14:59.456+0000] {taskinstance.py:2776} INFO - 0 downstream tasks scheduled from follow-on schedule check
[2024-08-12T20:16:00.925+0000] {taskinstance.py:1157} INFO - Dependencies all met for dep_context=non-requeueable deps ti=<TaskInstance: monthly_prediction.wait_for_retrain scheduled__2024-05-01T00:00:00+00:00 [queued]>
[2024-08-12T20:16:00.930+0000] {taskinstance.py:1157} INFO - Dependencies all met for dep_context=requeueable deps ti=<TaskInstance: monthly_prediction.wait_for_retrain scheduled__2024-05-01T00:00:00+00:00 [queued]>
[2024-08-12T20:16:00.931+0000] {taskinstance.py:1359} INFO - Starting attempt 1 of 1
[2024-08-12T20:16:00.939+0000] {taskinstance.py:1380} INFO - Executing <Task(ExternalTaskSensor): wait_for_retrain> on 2024-05-01 00:00:00+00:00
[2024-08-12T20:16:00.946+0000] {standard_task_runner.py:57} INFO - Started process 14156 to run task
[2024-08-12T20:16:00.952+0000] {standard_task_runner.py:84} INFO - Running: ['***', 'tasks', 'run', 'monthly_prediction', 'wait_for_retrain', 'scheduled__2024-05-01T00:00:00+00:00', '--job-id', '962', '--raw', '--subdir', 'DAGS_FOLDER/monthly_prediction.py', '--cfg-path', '/tmp/tmpx4nd08fj']
[2024-08-12T20:16:00.956+0000] {standard_task_runner.py:85} INFO - Job 962: Subtask wait_for_retrain
[2024-08-12T20:16:01.209+0000] {task_command.py:415} INFO - Running <TaskInstance: monthly_prediction.wait_for_retrain scheduled__2024-05-01T00:00:00+00:00 [running]> on host a9166c5dc5ae
[2024-08-12T20:16:01.251+0000] {taskinstance.py:1660} INFO - Exporting env vars: AIRFLOW_CTX_DAG_OWNER='***' AIRFLOW_CTX_DAG_ID='monthly_prediction' AIRFLOW_CTX_TASK_ID='wait_for_retrain' AIRFLOW_CTX_EXECUTION_DATE='2024-05-01T00:00:00+00:00' AIRFLOW_CTX_TRY_NUMBER='1' AIRFLOW_CTX_DAG_RUN_ID='scheduled__2024-05-01T00:00:00+00:00'
[2024-08-12T20:16:01.259+0000] {external_task.py:244} INFO - Poking for tasks ['optimize_and_register_best_classifier'] in dag quarterly_retrain on 2024-04-30T00:00:00+00:00 ... 
[2024-08-12T20:16:01.278+0000] {taskinstance.py:1895} INFO - Rescheduling task, marking task as UP_FOR_RESCHEDULE
[2024-08-12T20:16:01.298+0000] {local_task_job_runner.py:228} INFO - Task exited with return code 0
[2024-08-12T20:16:01.312+0000] {taskinstance.py:2776} INFO - 0 downstream tasks scheduled from follow-on schedule check
[2024-08-12T20:17:02.932+0000] {taskinstance.py:1157} INFO - Dependencies all met for dep_context=non-requeueable deps ti=<TaskInstance: monthly_prediction.wait_for_retrain scheduled__2024-05-01T00:00:00+00:00 [queued]>
[2024-08-12T20:17:02.936+0000] {taskinstance.py:1157} INFO - Dependencies all met for dep_context=requeueable deps ti=<TaskInstance: monthly_prediction.wait_for_retrain scheduled__2024-05-01T00:00:00+00:00 [queued]>
[2024-08-12T20:17:02.936+0000] {taskinstance.py:1359} INFO - Starting attempt 1 of 1
[2024-08-12T20:17:02.942+0000] {taskinstance.py:1380} INFO - Executing <Task(ExternalTaskSensor): wait_for_retrain> on 2024-05-01 00:00:00+00:00
[2024-08-12T20:17:02.947+0000] {standard_task_runner.py:57} INFO - Started process 14326 to run task
[2024-08-12T20:17:02.950+0000] {standard_task_runner.py:84} INFO - Running: ['***', 'tasks', 'run', 'monthly_prediction', 'wait_for_retrain', 'scheduled__2024-05-01T00:00:00+00:00', '--job-id', '970', '--raw', '--subdir', 'DAGS_FOLDER/monthly_prediction.py', '--cfg-path', '/tmp/tmp37e_79fl']
[2024-08-12T20:17:02.953+0000] {standard_task_runner.py:85} INFO - Job 970: Subtask wait_for_retrain
[2024-08-12T20:17:02.989+0000] {task_command.py:415} INFO - Running <TaskInstance: monthly_prediction.wait_for_retrain scheduled__2024-05-01T00:00:00+00:00 [running]> on host a9166c5dc5ae
[2024-08-12T20:17:03.207+0000] {taskinstance.py:1660} INFO - Exporting env vars: AIRFLOW_CTX_DAG_OWNER='***' AIRFLOW_CTX_DAG_ID='monthly_prediction' AIRFLOW_CTX_TASK_ID='wait_for_retrain' AIRFLOW_CTX_EXECUTION_DATE='2024-05-01T00:00:00+00:00' AIRFLOW_CTX_TRY_NUMBER='1' AIRFLOW_CTX_DAG_RUN_ID='scheduled__2024-05-01T00:00:00+00:00'
[2024-08-12T20:17:03.214+0000] {external_task.py:244} INFO - Poking for tasks ['optimize_and_register_best_classifier'] in dag quarterly_retrain on 2024-04-30T00:00:00+00:00 ... 
[2024-08-12T20:17:03.232+0000] {taskinstance.py:1895} INFO - Rescheduling task, marking task as UP_FOR_RESCHEDULE
[2024-08-12T20:17:03.256+0000] {local_task_job_runner.py:228} INFO - Task exited with return code 0
[2024-08-12T20:17:03.268+0000] {taskinstance.py:2776} INFO - 0 downstream tasks scheduled from follow-on schedule check
[2024-08-12T20:18:04.796+0000] {taskinstance.py:1157} INFO - Dependencies all met for dep_context=non-requeueable deps ti=<TaskInstance: monthly_prediction.wait_for_retrain scheduled__2024-05-01T00:00:00+00:00 [queued]>
[2024-08-12T20:18:04.802+0000] {taskinstance.py:1157} INFO - Dependencies all met for dep_context=requeueable deps ti=<TaskInstance: monthly_prediction.wait_for_retrain scheduled__2024-05-01T00:00:00+00:00 [queued]>
[2024-08-12T20:18:04.802+0000] {taskinstance.py:1359} INFO - Starting attempt 1 of 1
[2024-08-12T20:18:04.811+0000] {taskinstance.py:1380} INFO - Executing <Task(ExternalTaskSensor): wait_for_retrain> on 2024-05-01 00:00:00+00:00
[2024-08-12T20:18:04.816+0000] {standard_task_runner.py:57} INFO - Started process 14499 to run task
[2024-08-12T20:18:04.819+0000] {standard_task_runner.py:84} INFO - Running: ['***', 'tasks', 'run', 'monthly_prediction', 'wait_for_retrain', 'scheduled__2024-05-01T00:00:00+00:00', '--job-id', '979', '--raw', '--subdir', 'DAGS_FOLDER/monthly_prediction.py', '--cfg-path', '/tmp/tmpiwepo4q8']
[2024-08-12T20:18:04.821+0000] {standard_task_runner.py:85} INFO - Job 979: Subtask wait_for_retrain
[2024-08-12T20:18:05.019+0000] {task_command.py:415} INFO - Running <TaskInstance: monthly_prediction.wait_for_retrain scheduled__2024-05-01T00:00:00+00:00 [running]> on host a9166c5dc5ae
[2024-08-12T20:18:05.059+0000] {taskinstance.py:1660} INFO - Exporting env vars: AIRFLOW_CTX_DAG_OWNER='***' AIRFLOW_CTX_DAG_ID='monthly_prediction' AIRFLOW_CTX_TASK_ID='wait_for_retrain' AIRFLOW_CTX_EXECUTION_DATE='2024-05-01T00:00:00+00:00' AIRFLOW_CTX_TRY_NUMBER='1' AIRFLOW_CTX_DAG_RUN_ID='scheduled__2024-05-01T00:00:00+00:00'
[2024-08-12T20:18:05.066+0000] {external_task.py:244} INFO - Poking for tasks ['optimize_and_register_best_classifier'] in dag quarterly_retrain on 2024-04-30T00:00:00+00:00 ... 
[2024-08-12T20:18:05.082+0000] {taskinstance.py:1895} INFO - Rescheduling task, marking task as UP_FOR_RESCHEDULE
[2024-08-12T20:18:05.130+0000] {local_task_job_runner.py:228} INFO - Task exited with return code 0
[2024-08-12T20:18:05.143+0000] {taskinstance.py:2776} INFO - 0 downstream tasks scheduled from follow-on schedule check
[2024-08-12T20:19:06.679+0000] {taskinstance.py:1157} INFO - Dependencies all met for dep_context=non-requeueable deps ti=<TaskInstance: monthly_prediction.wait_for_retrain scheduled__2024-05-01T00:00:00+00:00 [queued]>
[2024-08-12T20:19:06.686+0000] {taskinstance.py:1157} INFO - Dependencies all met for dep_context=requeueable deps ti=<TaskInstance: monthly_prediction.wait_for_retrain scheduled__2024-05-01T00:00:00+00:00 [queued]>
[2024-08-12T20:19:06.686+0000] {taskinstance.py:1359} INFO - Starting attempt 1 of 1
[2024-08-12T20:19:06.692+0000] {taskinstance.py:1380} INFO - Executing <Task(ExternalTaskSensor): wait_for_retrain> on 2024-05-01 00:00:00+00:00
[2024-08-12T20:19:06.700+0000] {standard_task_runner.py:57} INFO - Started process 14671 to run task
[2024-08-12T20:19:06.703+0000] {standard_task_runner.py:84} INFO - Running: ['***', 'tasks', 'run', 'monthly_prediction', 'wait_for_retrain', 'scheduled__2024-05-01T00:00:00+00:00', '--job-id', '986', '--raw', '--subdir', 'DAGS_FOLDER/monthly_prediction.py', '--cfg-path', '/tmp/tmpolzkolji']
[2024-08-12T20:19:06.705+0000] {standard_task_runner.py:85} INFO - Job 986: Subtask wait_for_retrain
[2024-08-12T20:19:06.924+0000] {task_command.py:415} INFO - Running <TaskInstance: monthly_prediction.wait_for_retrain scheduled__2024-05-01T00:00:00+00:00 [running]> on host a9166c5dc5ae
[2024-08-12T20:19:06.964+0000] {taskinstance.py:1660} INFO - Exporting env vars: AIRFLOW_CTX_DAG_OWNER='***' AIRFLOW_CTX_DAG_ID='monthly_prediction' AIRFLOW_CTX_TASK_ID='wait_for_retrain' AIRFLOW_CTX_EXECUTION_DATE='2024-05-01T00:00:00+00:00' AIRFLOW_CTX_TRY_NUMBER='1' AIRFLOW_CTX_DAG_RUN_ID='scheduled__2024-05-01T00:00:00+00:00'
[2024-08-12T20:19:06.970+0000] {external_task.py:244} INFO - Poking for tasks ['optimize_and_register_best_classifier'] in dag quarterly_retrain on 2024-04-30T00:00:00+00:00 ... 
[2024-08-12T20:19:06.977+0000] {taskinstance.py:1935} ERROR - Task failed with exception
Traceback (most recent call last):
  File "/home/airflow/.local/lib/python3.8/site-packages/airflow/sensors/external_task.py", line 334, in execute
    super().execute(context)
  File "/home/airflow/.local/lib/python3.8/site-packages/airflow/sensors/base.py", line 274, in execute
    raise AirflowSensorTimeout(message)
airflow.exceptions.AirflowSensorTimeout: Sensor has timed out; run duration of 653.228587 seconds exceeds the specified timeout of 600.0.
[2024-08-12T20:19:06.983+0000] {taskinstance.py:1398} INFO - Immediate failure requested. Marking task as FAILED. dag_id=monthly_prediction, task_id=wait_for_retrain, execution_date=20240501T000000, start_date=20240812T201906, end_date=20240812T201906
[2024-08-12T20:19:06.987+0000] {standard_task_runner.py:104} ERROR - Failed to execute job 986 for task wait_for_retrain (Sensor has timed out; run duration of 653.228587 seconds exceeds the specified timeout of 600.0.; 14671)
[2024-08-12T20:19:07.013+0000] {local_task_job_runner.py:228} INFO - Task exited with return code 1
[2024-08-12T20:19:07.023+0000] {taskinstance.py:2776} INFO - 0 downstream tasks scheduled from follow-on schedule check
