[2024-08-12T18:07:31.252+0000] {taskinstance.py:1157} INFO - Dependencies all met for dep_context=non-requeueable deps ti=<TaskInstance: monthly_monitor.wait_for_data manual__2024-08-12T18:07:28.194931+00:00 [queued]>
[2024-08-12T18:07:31.265+0000] {taskinstance.py:1157} INFO - Dependencies all met for dep_context=requeueable deps ti=<TaskInstance: monthly_monitor.wait_for_data manual__2024-08-12T18:07:28.194931+00:00 [queued]>
[2024-08-12T18:07:31.267+0000] {taskinstance.py:1359} INFO - Starting attempt 1 of 1
[2024-08-12T18:07:31.278+0000] {taskinstance.py:1380} INFO - Executing <Task(ExternalTaskSensor): wait_for_data> on 2024-08-12 18:07:28.194931+00:00
[2024-08-12T18:07:31.291+0000] {standard_task_runner.py:57} INFO - Started process 8216 to run task
[2024-08-12T18:07:31.290+0000] {standard_task_runner.py:84} INFO - Running: ['***', 'tasks', 'run', 'monthly_monitor', 'wait_for_data', 'manual__2024-08-12T18:07:28.194931+00:00', '--job-id', '224', '--raw', '--subdir', 'DAGS_FOLDER/monitor.py', '--cfg-path', '/tmp/tmp80za6bw4']
[2024-08-12T18:07:31.320+0000] {standard_task_runner.py:85} INFO - Job 224: Subtask wait_for_data
[2024-08-12T18:07:31.409+0000] {task_command.py:415} INFO - Running <TaskInstance: monthly_monitor.wait_for_data manual__2024-08-12T18:07:28.194931+00:00 [running]> on host a9166c5dc5ae
[2024-08-12T18:07:31.567+0000] {taskinstance.py:1660} INFO - Exporting env vars: AIRFLOW_CTX_DAG_OWNER='***' AIRFLOW_CTX_DAG_ID='monthly_monitor' AIRFLOW_CTX_TASK_ID='wait_for_data' AIRFLOW_CTX_EXECUTION_DATE='2024-08-12T18:07:28.194931+00:00' AIRFLOW_CTX_TRY_NUMBER='1' AIRFLOW_CTX_DAG_RUN_ID='manual__2024-08-12T18:07:28.194931+00:00'
[2024-08-12T18:07:31.577+0000] {external_task.py:244} INFO - Poking for tasks ['predict_and_save'] in dag monthly_prediction on 2024-08-12T18:07:28.194931+00:00 ... 
[2024-08-12T18:07:31.636+0000] {taskinstance.py:1895} INFO - Rescheduling task, marking task as UP_FOR_RESCHEDULE
[2024-08-12T18:07:31.672+0000] {local_task_job_runner.py:228} INFO - Task exited with return code 0
[2024-08-12T18:07:31.690+0000] {taskinstance.py:2776} INFO - 0 downstream tasks scheduled from follow-on schedule check
[2024-08-12T18:08:34.773+0000] {taskinstance.py:1157} INFO - Dependencies all met for dep_context=non-requeueable deps ti=<TaskInstance: monthly_monitor.wait_for_data manual__2024-08-12T18:07:28.194931+00:00 [queued]>
[2024-08-12T18:08:34.781+0000] {taskinstance.py:1157} INFO - Dependencies all met for dep_context=requeueable deps ti=<TaskInstance: monthly_monitor.wait_for_data manual__2024-08-12T18:07:28.194931+00:00 [queued]>
[2024-08-12T18:08:34.781+0000] {taskinstance.py:1359} INFO - Starting attempt 1 of 1
[2024-08-12T18:08:34.790+0000] {taskinstance.py:1380} INFO - Executing <Task(ExternalTaskSensor): wait_for_data> on 2024-08-12 18:07:28.194931+00:00
[2024-08-12T18:08:34.800+0000] {standard_task_runner.py:57} INFO - Started process 8335 to run task
[2024-08-12T18:08:34.805+0000] {standard_task_runner.py:84} INFO - Running: ['***', 'tasks', 'run', 'monthly_monitor', 'wait_for_data', 'manual__2024-08-12T18:07:28.194931+00:00', '--job-id', '228', '--raw', '--subdir', 'DAGS_FOLDER/monitor.py', '--cfg-path', '/tmp/tmp222wuje7']
[2024-08-12T18:08:34.807+0000] {standard_task_runner.py:85} INFO - Job 228: Subtask wait_for_data
[2024-08-12T18:08:34.855+0000] {task_command.py:415} INFO - Running <TaskInstance: monthly_monitor.wait_for_data manual__2024-08-12T18:07:28.194931+00:00 [running]> on host a9166c5dc5ae
[2024-08-12T18:08:34.938+0000] {taskinstance.py:1660} INFO - Exporting env vars: AIRFLOW_CTX_DAG_OWNER='***' AIRFLOW_CTX_DAG_ID='monthly_monitor' AIRFLOW_CTX_TASK_ID='wait_for_data' AIRFLOW_CTX_EXECUTION_DATE='2024-08-12T18:07:28.194931+00:00' AIRFLOW_CTX_TRY_NUMBER='1' AIRFLOW_CTX_DAG_RUN_ID='manual__2024-08-12T18:07:28.194931+00:00'
[2024-08-12T18:08:34.951+0000] {external_task.py:244} INFO - Poking for tasks ['predict_and_save'] in dag monthly_prediction on 2024-08-12T18:07:28.194931+00:00 ... 
[2024-08-12T18:08:34.983+0000] {taskinstance.py:1895} INFO - Rescheduling task, marking task as UP_FOR_RESCHEDULE
[2024-08-12T18:08:35.028+0000] {local_task_job_runner.py:228} INFO - Task exited with return code 0
[2024-08-12T18:08:35.042+0000] {taskinstance.py:2776} INFO - 0 downstream tasks scheduled from follow-on schedule check
[2024-08-12T18:09:37.543+0000] {taskinstance.py:1157} INFO - Dependencies all met for dep_context=non-requeueable deps ti=<TaskInstance: monthly_monitor.wait_for_data manual__2024-08-12T18:07:28.194931+00:00 [queued]>
[2024-08-12T18:09:37.549+0000] {taskinstance.py:1157} INFO - Dependencies all met for dep_context=requeueable deps ti=<TaskInstance: monthly_monitor.wait_for_data manual__2024-08-12T18:07:28.194931+00:00 [queued]>
[2024-08-12T18:09:37.549+0000] {taskinstance.py:1359} INFO - Starting attempt 1 of 1
[2024-08-12T18:09:37.555+0000] {taskinstance.py:1380} INFO - Executing <Task(ExternalTaskSensor): wait_for_data> on 2024-08-12 18:07:28.194931+00:00
[2024-08-12T18:09:37.560+0000] {standard_task_runner.py:57} INFO - Started process 8465 to run task
[2024-08-12T18:09:37.563+0000] {standard_task_runner.py:84} INFO - Running: ['***', 'tasks', 'run', 'monthly_monitor', 'wait_for_data', 'manual__2024-08-12T18:07:28.194931+00:00', '--job-id', '233', '--raw', '--subdir', 'DAGS_FOLDER/monitor.py', '--cfg-path', '/tmp/tmpkxm6it83']
[2024-08-12T18:09:37.565+0000] {standard_task_runner.py:85} INFO - Job 233: Subtask wait_for_data
[2024-08-12T18:09:37.594+0000] {task_command.py:415} INFO - Running <TaskInstance: monthly_monitor.wait_for_data manual__2024-08-12T18:07:28.194931+00:00 [running]> on host a9166c5dc5ae
[2024-08-12T18:09:37.676+0000] {taskinstance.py:1660} INFO - Exporting env vars: AIRFLOW_CTX_DAG_OWNER='***' AIRFLOW_CTX_DAG_ID='monthly_monitor' AIRFLOW_CTX_TASK_ID='wait_for_data' AIRFLOW_CTX_EXECUTION_DATE='2024-08-12T18:07:28.194931+00:00' AIRFLOW_CTX_TRY_NUMBER='1' AIRFLOW_CTX_DAG_RUN_ID='manual__2024-08-12T18:07:28.194931+00:00'
[2024-08-12T18:09:37.702+0000] {external_task.py:244} INFO - Poking for tasks ['predict_and_save'] in dag monthly_prediction on 2024-08-12T18:07:28.194931+00:00 ... 
[2024-08-12T18:09:37.731+0000] {taskinstance.py:1895} INFO - Rescheduling task, marking task as UP_FOR_RESCHEDULE
[2024-08-12T18:09:37.745+0000] {local_task_job_runner.py:228} INFO - Task exited with return code 0
[2024-08-12T18:09:37.756+0000] {taskinstance.py:2776} INFO - 0 downstream tasks scheduled from follow-on schedule check
[2024-08-12T18:10:39.785+0000] {taskinstance.py:1157} INFO - Dependencies all met for dep_context=non-requeueable deps ti=<TaskInstance: monthly_monitor.wait_for_data manual__2024-08-12T18:07:28.194931+00:00 [queued]>
[2024-08-12T18:10:39.789+0000] {taskinstance.py:1157} INFO - Dependencies all met for dep_context=requeueable deps ti=<TaskInstance: monthly_monitor.wait_for_data manual__2024-08-12T18:07:28.194931+00:00 [queued]>
[2024-08-12T18:10:39.789+0000] {taskinstance.py:1359} INFO - Starting attempt 1 of 1
[2024-08-12T18:10:39.794+0000] {taskinstance.py:1380} INFO - Executing <Task(ExternalTaskSensor): wait_for_data> on 2024-08-12 18:07:28.194931+00:00
[2024-08-12T18:10:39.798+0000] {standard_task_runner.py:57} INFO - Started process 8579 to run task
[2024-08-12T18:10:39.800+0000] {standard_task_runner.py:84} INFO - Running: ['***', 'tasks', 'run', 'monthly_monitor', 'wait_for_data', 'manual__2024-08-12T18:07:28.194931+00:00', '--job-id', '236', '--raw', '--subdir', 'DAGS_FOLDER/monitor.py', '--cfg-path', '/tmp/tmpw1c911py']
[2024-08-12T18:10:39.801+0000] {standard_task_runner.py:85} INFO - Job 236: Subtask wait_for_data
[2024-08-12T18:10:39.824+0000] {task_command.py:415} INFO - Running <TaskInstance: monthly_monitor.wait_for_data manual__2024-08-12T18:07:28.194931+00:00 [running]> on host a9166c5dc5ae
[2024-08-12T18:10:39.857+0000] {taskinstance.py:1660} INFO - Exporting env vars: AIRFLOW_CTX_DAG_OWNER='***' AIRFLOW_CTX_DAG_ID='monthly_monitor' AIRFLOW_CTX_TASK_ID='wait_for_data' AIRFLOW_CTX_EXECUTION_DATE='2024-08-12T18:07:28.194931+00:00' AIRFLOW_CTX_TRY_NUMBER='1' AIRFLOW_CTX_DAG_RUN_ID='manual__2024-08-12T18:07:28.194931+00:00'
[2024-08-12T18:10:39.862+0000] {external_task.py:244} INFO - Poking for tasks ['predict_and_save'] in dag monthly_prediction on 2024-08-12T18:07:28.194931+00:00 ... 
[2024-08-12T18:10:39.876+0000] {taskinstance.py:1895} INFO - Rescheduling task, marking task as UP_FOR_RESCHEDULE
[2024-08-12T18:10:39.899+0000] {local_task_job_runner.py:228} INFO - Task exited with return code 0
[2024-08-12T18:10:39.908+0000] {taskinstance.py:2776} INFO - 0 downstream tasks scheduled from follow-on schedule check
[2024-08-12T18:11:43.655+0000] {taskinstance.py:1157} INFO - Dependencies all met for dep_context=non-requeueable deps ti=<TaskInstance: monthly_monitor.wait_for_data manual__2024-08-12T18:07:28.194931+00:00 [queued]>
[2024-08-12T18:11:43.663+0000] {taskinstance.py:1157} INFO - Dependencies all met for dep_context=requeueable deps ti=<TaskInstance: monthly_monitor.wait_for_data manual__2024-08-12T18:07:28.194931+00:00 [queued]>
[2024-08-12T18:11:43.664+0000] {taskinstance.py:1359} INFO - Starting attempt 1 of 1
[2024-08-12T18:11:43.679+0000] {taskinstance.py:1380} INFO - Executing <Task(ExternalTaskSensor): wait_for_data> on 2024-08-12 18:07:28.194931+00:00
[2024-08-12T18:11:43.688+0000] {standard_task_runner.py:57} INFO - Started process 8713 to run task
[2024-08-12T18:11:43.693+0000] {standard_task_runner.py:84} INFO - Running: ['***', 'tasks', 'run', 'monthly_monitor', 'wait_for_data', 'manual__2024-08-12T18:07:28.194931+00:00', '--job-id', '238', '--raw', '--subdir', 'DAGS_FOLDER/monitor.py', '--cfg-path', '/tmp/tmpoyub7f8u']
[2024-08-12T18:11:43.696+0000] {standard_task_runner.py:85} INFO - Job 238: Subtask wait_for_data
[2024-08-12T18:11:43.736+0000] {task_command.py:415} INFO - Running <TaskInstance: monthly_monitor.wait_for_data manual__2024-08-12T18:07:28.194931+00:00 [running]> on host a9166c5dc5ae
[2024-08-12T18:11:43.790+0000] {taskinstance.py:1660} INFO - Exporting env vars: AIRFLOW_CTX_DAG_OWNER='***' AIRFLOW_CTX_DAG_ID='monthly_monitor' AIRFLOW_CTX_TASK_ID='wait_for_data' AIRFLOW_CTX_EXECUTION_DATE='2024-08-12T18:07:28.194931+00:00' AIRFLOW_CTX_TRY_NUMBER='1' AIRFLOW_CTX_DAG_RUN_ID='manual__2024-08-12T18:07:28.194931+00:00'
[2024-08-12T18:11:43.802+0000] {external_task.py:244} INFO - Poking for tasks ['predict_and_save'] in dag monthly_prediction on 2024-08-12T18:07:28.194931+00:00 ... 
[2024-08-12T18:11:43.826+0000] {taskinstance.py:1895} INFO - Rescheduling task, marking task as UP_FOR_RESCHEDULE
[2024-08-12T18:11:43.873+0000] {local_task_job_runner.py:228} INFO - Task exited with return code 0
[2024-08-12T18:11:43.885+0000] {taskinstance.py:2776} INFO - 0 downstream tasks scheduled from follow-on schedule check
[2024-08-12T18:12:46.454+0000] {taskinstance.py:1157} INFO - Dependencies all met for dep_context=non-requeueable deps ti=<TaskInstance: monthly_monitor.wait_for_data manual__2024-08-12T18:07:28.194931+00:00 [queued]>
[2024-08-12T18:12:46.460+0000] {taskinstance.py:1157} INFO - Dependencies all met for dep_context=requeueable deps ti=<TaskInstance: monthly_monitor.wait_for_data manual__2024-08-12T18:07:28.194931+00:00 [queued]>
[2024-08-12T18:12:46.460+0000] {taskinstance.py:1359} INFO - Starting attempt 1 of 1
[2024-08-12T18:12:46.465+0000] {taskinstance.py:1380} INFO - Executing <Task(ExternalTaskSensor): wait_for_data> on 2024-08-12 18:07:28.194931+00:00
[2024-08-12T18:12:46.474+0000] {standard_task_runner.py:57} INFO - Started process 8883 to run task
[2024-08-12T18:12:46.477+0000] {standard_task_runner.py:84} INFO - Running: ['***', 'tasks', 'run', 'monthly_monitor', 'wait_for_data', 'manual__2024-08-12T18:07:28.194931+00:00', '--job-id', '245', '--raw', '--subdir', 'DAGS_FOLDER/monitor.py', '--cfg-path', '/tmp/tmpb1e9jk8v']
[2024-08-12T18:12:46.479+0000] {standard_task_runner.py:85} INFO - Job 245: Subtask wait_for_data
[2024-08-12T18:12:46.516+0000] {task_command.py:415} INFO - Running <TaskInstance: monthly_monitor.wait_for_data manual__2024-08-12T18:07:28.194931+00:00 [running]> on host a9166c5dc5ae
[2024-08-12T18:12:46.560+0000] {taskinstance.py:1660} INFO - Exporting env vars: AIRFLOW_CTX_DAG_OWNER='***' AIRFLOW_CTX_DAG_ID='monthly_monitor' AIRFLOW_CTX_TASK_ID='wait_for_data' AIRFLOW_CTX_EXECUTION_DATE='2024-08-12T18:07:28.194931+00:00' AIRFLOW_CTX_TRY_NUMBER='1' AIRFLOW_CTX_DAG_RUN_ID='manual__2024-08-12T18:07:28.194931+00:00'
[2024-08-12T18:12:46.567+0000] {external_task.py:244} INFO - Poking for tasks ['predict_and_save'] in dag monthly_prediction on 2024-08-12T18:07:28.194931+00:00 ... 
[2024-08-12T18:12:46.584+0000] {taskinstance.py:1895} INFO - Rescheduling task, marking task as UP_FOR_RESCHEDULE
[2024-08-12T18:12:46.618+0000] {local_task_job_runner.py:228} INFO - Task exited with return code 0
[2024-08-12T18:12:46.628+0000] {taskinstance.py:2776} INFO - 0 downstream tasks scheduled from follow-on schedule check
