[2024-08-12T18:04:57.080+0000] {taskinstance.py:1157} INFO - Dependencies all met for dep_context=non-requeueable deps ti=<TaskInstance: monthly_monitor.create_table scheduled__2024-07-01T00:00:00+00:00 [queued]>
[2024-08-12T18:04:57.088+0000] {taskinstance.py:1157} INFO - Dependencies all met for dep_context=requeueable deps ti=<TaskInstance: monthly_monitor.create_table scheduled__2024-07-01T00:00:00+00:00 [queued]>
[2024-08-12T18:04:57.089+0000] {taskinstance.py:1359} INFO - Starting attempt 1 of 1
[2024-08-12T18:04:57.108+0000] {taskinstance.py:1380} INFO - Executing <Task(_PythonDecoratedOperator): create_table> on 2024-07-01 00:00:00+00:00
[2024-08-12T18:04:57.116+0000] {standard_task_runner.py:57} INFO - Started process 7965 to run task
[2024-08-12T18:04:57.120+0000] {standard_task_runner.py:84} INFO - Running: ['***', 'tasks', 'run', 'monthly_monitor', 'create_table', 'scheduled__2024-07-01T00:00:00+00:00', '--job-id', '222', '--raw', '--subdir', 'DAGS_FOLDER/monitor.py', '--cfg-path', '/tmp/tmpgxzej9oy']
[2024-08-12T18:04:57.123+0000] {standard_task_runner.py:85} INFO - Job 222: Subtask create_table
[2024-08-12T18:04:57.185+0000] {task_command.py:415} INFO - Running <TaskInstance: monthly_monitor.create_table scheduled__2024-07-01T00:00:00+00:00 [running]> on host a9166c5dc5ae
[2024-08-12T18:04:57.268+0000] {taskinstance.py:1660} INFO - Exporting env vars: AIRFLOW_CTX_DAG_OWNER='***' AIRFLOW_CTX_DAG_ID='monthly_monitor' AIRFLOW_CTX_TASK_ID='create_table' AIRFLOW_CTX_EXECUTION_DATE='2024-07-01T00:00:00+00:00' AIRFLOW_CTX_TRY_NUMBER='1' AIRFLOW_CTX_DAG_RUN_ID='scheduled__2024-07-01T00:00:00+00:00'
[2024-08-12T18:04:57.271+0000] {taskinstance.py:1935} ERROR - Task failed with exception
Traceback (most recent call last):
  File "/home/airflow/.local/lib/python3.8/site-packages/airflow/decorators/base.py", line 221, in execute
    return_value = super().execute(context)
  File "/home/airflow/.local/lib/python3.8/site-packages/airflow/operators/python.py", line 192, in execute
    return_value = self.execute_callable()
  File "/home/airflow/.local/lib/python3.8/site-packages/airflow/operators/python.py", line 209, in execute_callable
    return self.python_callable(*self.op_args, **self.op_kwargs)
  File "/opt/airflow/dags/monitor.py", line 44, in create_table
    conn = psycopg2.connect(**conn_params)
  File "/home/airflow/.local/lib/python3.8/site-packages/psycopg2/__init__.py", line 122, in connect
    conn = _connect(dsn, connection_factory=connection_factory, **kwasync)
psycopg2.OperationalError: connection to server at "localhost" (127.0.0.1), port 5432 failed: Connection refused
	Is the server running on that host and accepting TCP/IP connections?
connection to server at "localhost" (::1), port 5432 failed: Cannot assign requested address
	Is the server running on that host and accepting TCP/IP connections?

[2024-08-12T18:04:57.281+0000] {taskinstance.py:1398} INFO - Marking task as FAILED. dag_id=monthly_monitor, task_id=create_table, execution_date=20240701T000000, start_date=20240812T180457, end_date=20240812T180457
[2024-08-12T18:04:57.295+0000] {standard_task_runner.py:104} ERROR - Failed to execute job 222 for task create_table (connection to server at "localhost" (127.0.0.1), port 5432 failed: Connection refused
	Is the server running on that host and accepting TCP/IP connections?
connection to server at "localhost" (::1), port 5432 failed: Cannot assign requested address
	Is the server running on that host and accepting TCP/IP connections?
; 7965)
[2024-08-12T18:04:57.304+0000] {local_task_job_runner.py:228} INFO - Task exited with return code 1
[2024-08-12T18:04:57.320+0000] {taskinstance.py:2776} INFO - 0 downstream tasks scheduled from follow-on schedule check
[2024-08-12T18:13:59.463+0000] {taskinstance.py:1157} INFO - Dependencies all met for dep_context=non-requeueable deps ti=<TaskInstance: monthly_monitor.create_table scheduled__2024-07-01T00:00:00+00:00 [queued]>
[2024-08-12T18:13:59.478+0000] {taskinstance.py:1157} INFO - Dependencies all met for dep_context=requeueable deps ti=<TaskInstance: monthly_monitor.create_table scheduled__2024-07-01T00:00:00+00:00 [queued]>
[2024-08-12T18:13:59.480+0000] {taskinstance.py:1359} INFO - Starting attempt 1 of 1
[2024-08-12T18:13:59.585+0000] {taskinstance.py:1380} INFO - Executing <Task(_PythonDecoratedOperator): create_table> on 2024-07-01 00:00:00+00:00
[2024-08-12T18:13:59.626+0000] {standard_task_runner.py:57} INFO - Started process 9372 to run task
[2024-08-12T18:13:59.656+0000] {standard_task_runner.py:84} INFO - Running: ['***', 'tasks', 'run', 'monthly_monitor', 'create_table', 'scheduled__2024-07-01T00:00:00+00:00', '--job-id', '279', '--raw', '--subdir', 'DAGS_FOLDER/monitor.py', '--cfg-path', '/tmp/tmp8edpb441']
[2024-08-12T18:13:59.665+0000] {standard_task_runner.py:85} INFO - Job 279: Subtask create_table
[2024-08-12T18:14:00.101+0000] {task_command.py:415} INFO - Running <TaskInstance: monthly_monitor.create_table scheduled__2024-07-01T00:00:00+00:00 [running]> on host a9166c5dc5ae
[2024-08-12T18:14:00.537+0000] {taskinstance.py:1660} INFO - Exporting env vars: AIRFLOW_CTX_DAG_OWNER='***' AIRFLOW_CTX_DAG_ID='monthly_monitor' AIRFLOW_CTX_TASK_ID='create_table' AIRFLOW_CTX_EXECUTION_DATE='2024-07-01T00:00:00+00:00' AIRFLOW_CTX_TRY_NUMBER='1' AIRFLOW_CTX_DAG_RUN_ID='scheduled__2024-07-01T00:00:00+00:00'
[2024-08-12T18:14:00.616+0000] {logging_mixin.py:151} INFO - table monitor_metrics already exists
[2024-08-12T18:14:00.672+0000] {python.py:194} INFO - Done. Returned value was: None
[2024-08-12T18:14:00.694+0000] {taskinstance.py:1398} INFO - Marking task as SUCCESS. dag_id=monthly_monitor, task_id=create_table, execution_date=20240701T000000, start_date=20240812T181359, end_date=20240812T181400
[2024-08-12T18:14:00.842+0000] {local_task_job_runner.py:228} INFO - Task exited with return code 0
[2024-08-12T18:14:01.183+0000] {taskinstance.py:2776} INFO - 0 downstream tasks scheduled from follow-on schedule check
[2024-08-12T19:19:40.771+0000] {taskinstance.py:1157} INFO - Dependencies all met for dep_context=non-requeueable deps ti=<TaskInstance: monthly_monitor.create_table scheduled__2024-07-01T00:00:00+00:00 [queued]>
[2024-08-12T19:19:40.782+0000] {taskinstance.py:1157} INFO - Dependencies all met for dep_context=requeueable deps ti=<TaskInstance: monthly_monitor.create_table scheduled__2024-07-01T00:00:00+00:00 [queued]>
[2024-08-12T19:19:40.783+0000] {taskinstance.py:1359} INFO - Starting attempt 1 of 1
[2024-08-12T19:19:40.804+0000] {taskinstance.py:1380} INFO - Executing <Task(_PythonDecoratedOperator): create_table> on 2024-07-01 00:00:00+00:00
[2024-08-12T19:19:40.818+0000] {standard_task_runner.py:57} INFO - Started process 3713 to run task
[2024-08-12T19:19:40.825+0000] {standard_task_runner.py:84} INFO - Running: ['***', 'tasks', 'run', 'monthly_monitor', 'create_table', 'scheduled__2024-07-01T00:00:00+00:00', '--job-id', '456', '--raw', '--subdir', 'DAGS_FOLDER/monitor.py', '--cfg-path', '/tmp/tmpu4dujn86']
[2024-08-12T19:19:40.841+0000] {standard_task_runner.py:85} INFO - Job 456: Subtask create_table
[2024-08-12T19:19:40.922+0000] {task_command.py:415} INFO - Running <TaskInstance: monthly_monitor.create_table scheduled__2024-07-01T00:00:00+00:00 [running]> on host a9166c5dc5ae
[2024-08-12T19:19:41.021+0000] {taskinstance.py:1660} INFO - Exporting env vars: AIRFLOW_CTX_DAG_OWNER='***' AIRFLOW_CTX_DAG_ID='monthly_monitor' AIRFLOW_CTX_TASK_ID='create_table' AIRFLOW_CTX_EXECUTION_DATE='2024-07-01T00:00:00+00:00' AIRFLOW_CTX_TRY_NUMBER='1' AIRFLOW_CTX_DAG_RUN_ID='scheduled__2024-07-01T00:00:00+00:00'
[2024-08-12T19:19:41.032+0000] {logging_mixin.py:151} INFO - table monitor_metrics already exists
[2024-08-12T19:19:41.034+0000] {python.py:194} INFO - Done. Returned value was: None
[2024-08-12T19:19:41.053+0000] {taskinstance.py:1398} INFO - Marking task as SUCCESS. dag_id=monthly_monitor, task_id=create_table, execution_date=20240701T000000, start_date=20240812T191940, end_date=20240812T191941
[2024-08-12T19:19:41.100+0000] {local_task_job_runner.py:228} INFO - Task exited with return code 0
[2024-08-12T19:19:41.143+0000] {taskinstance.py:2776} INFO - 0 downstream tasks scheduled from follow-on schedule check
[2024-08-12T19:22:13.576+0000] {taskinstance.py:1157} INFO - Dependencies all met for dep_context=non-requeueable deps ti=<TaskInstance: monthly_monitor.create_table scheduled__2024-07-01T00:00:00+00:00 [queued]>
[2024-08-12T19:22:13.609+0000] {taskinstance.py:1157} INFO - Dependencies all met for dep_context=requeueable deps ti=<TaskInstance: monthly_monitor.create_table scheduled__2024-07-01T00:00:00+00:00 [queued]>
[2024-08-12T19:22:13.612+0000] {taskinstance.py:1359} INFO - Starting attempt 1 of 1
[2024-08-12T19:22:13.676+0000] {taskinstance.py:1380} INFO - Executing <Task(_PythonDecoratedOperator): create_table> on 2024-07-01 00:00:00+00:00
[2024-08-12T19:22:13.757+0000] {standard_task_runner.py:57} INFO - Started process 4387 to run task
[2024-08-12T19:22:13.769+0000] {standard_task_runner.py:84} INFO - Running: ['***', 'tasks', 'run', 'monthly_monitor', 'create_table', 'scheduled__2024-07-01T00:00:00+00:00', '--job-id', '497', '--raw', '--subdir', 'DAGS_FOLDER/monitor.py', '--cfg-path', '/tmp/tmpbldtm10d']
[2024-08-12T19:22:13.781+0000] {standard_task_runner.py:85} INFO - Job 497: Subtask create_table
[2024-08-12T19:22:14.017+0000] {task_command.py:415} INFO - Running <TaskInstance: monthly_monitor.create_table scheduled__2024-07-01T00:00:00+00:00 [running]> on host a9166c5dc5ae
[2024-08-12T19:22:14.636+0000] {taskinstance.py:1660} INFO - Exporting env vars: AIRFLOW_CTX_DAG_OWNER='***' AIRFLOW_CTX_DAG_ID='monthly_monitor' AIRFLOW_CTX_TASK_ID='create_table' AIRFLOW_CTX_EXECUTION_DATE='2024-07-01T00:00:00+00:00' AIRFLOW_CTX_TRY_NUMBER='1' AIRFLOW_CTX_DAG_RUN_ID='scheduled__2024-07-01T00:00:00+00:00'
[2024-08-12T19:22:14.714+0000] {logging_mixin.py:151} INFO - table monitor_metrics already exists
[2024-08-12T19:22:14.742+0000] {python.py:194} INFO - Done. Returned value was: None
[2024-08-12T19:22:14.792+0000] {taskinstance.py:1398} INFO - Marking task as SUCCESS. dag_id=monthly_monitor, task_id=create_table, execution_date=20240701T000000, start_date=20240812T192213, end_date=20240812T192214
[2024-08-12T19:22:14.874+0000] {local_task_job_runner.py:228} INFO - Task exited with return code 0
[2024-08-12T19:22:14.987+0000] {taskinstance.py:2776} INFO - 0 downstream tasks scheduled from follow-on schedule check
[2024-08-12T19:27:23.332+0000] {taskinstance.py:1157} INFO - Dependencies all met for dep_context=non-requeueable deps ti=<TaskInstance: monthly_monitor.create_table scheduled__2024-07-01T00:00:00+00:00 [queued]>
[2024-08-12T19:27:23.380+0000] {taskinstance.py:1157} INFO - Dependencies all met for dep_context=requeueable deps ti=<TaskInstance: monthly_monitor.create_table scheduled__2024-07-01T00:00:00+00:00 [queued]>
[2024-08-12T19:27:23.398+0000] {taskinstance.py:1359} INFO - Starting attempt 1 of 1
[2024-08-12T19:27:23.454+0000] {taskinstance.py:1380} INFO - Executing <Task(_PythonDecoratedOperator): create_table> on 2024-07-01 00:00:00+00:00
[2024-08-12T19:27:23.502+0000] {standard_task_runner.py:57} INFO - Started process 5393 to run task
[2024-08-12T19:27:23.518+0000] {standard_task_runner.py:84} INFO - Running: ['***', 'tasks', 'run', 'monthly_monitor', 'create_table', 'scheduled__2024-07-01T00:00:00+00:00', '--job-id', '548', '--raw', '--subdir', 'DAGS_FOLDER/monitor.py', '--cfg-path', '/tmp/tmp94z9n7iw']
[2024-08-12T19:27:23.526+0000] {standard_task_runner.py:85} INFO - Job 548: Subtask create_table
[2024-08-12T19:27:23.665+0000] {task_command.py:415} INFO - Running <TaskInstance: monthly_monitor.create_table scheduled__2024-07-01T00:00:00+00:00 [running]> on host a9166c5dc5ae
[2024-08-12T19:27:24.110+0000] {taskinstance.py:1660} INFO - Exporting env vars: AIRFLOW_CTX_DAG_OWNER='***' AIRFLOW_CTX_DAG_ID='monthly_monitor' AIRFLOW_CTX_TASK_ID='create_table' AIRFLOW_CTX_EXECUTION_DATE='2024-07-01T00:00:00+00:00' AIRFLOW_CTX_TRY_NUMBER='1' AIRFLOW_CTX_DAG_RUN_ID='scheduled__2024-07-01T00:00:00+00:00'
[2024-08-12T19:27:24.122+0000] {logging_mixin.py:151} INFO - table monitor_metrics already exists
[2024-08-12T19:27:24.131+0000] {python.py:194} INFO - Done. Returned value was: None
[2024-08-12T19:27:24.148+0000] {taskinstance.py:1398} INFO - Marking task as SUCCESS. dag_id=monthly_monitor, task_id=create_table, execution_date=20240701T000000, start_date=20240812T192723, end_date=20240812T192724
[2024-08-12T19:27:24.224+0000] {local_task_job_runner.py:228} INFO - Task exited with return code 0
[2024-08-12T19:27:24.279+0000] {taskinstance.py:2776} INFO - 0 downstream tasks scheduled from follow-on schedule check
[2024-08-12T19:28:43.414+0000] {taskinstance.py:1157} INFO - Dependencies all met for dep_context=non-requeueable deps ti=<TaskInstance: monthly_monitor.create_table scheduled__2024-07-01T00:00:00+00:00 [queued]>
[2024-08-12T19:28:43.439+0000] {taskinstance.py:1157} INFO - Dependencies all met for dep_context=requeueable deps ti=<TaskInstance: monthly_monitor.create_table scheduled__2024-07-01T00:00:00+00:00 [queued]>
[2024-08-12T19:28:43.447+0000] {taskinstance.py:1359} INFO - Starting attempt 1 of 1
[2024-08-12T19:28:43.489+0000] {taskinstance.py:1380} INFO - Executing <Task(_PythonDecoratedOperator): create_table> on 2024-07-01 00:00:00+00:00
[2024-08-12T19:28:43.504+0000] {standard_task_runner.py:57} INFO - Started process 5874 to run task
[2024-08-12T19:28:43.507+0000] {standard_task_runner.py:84} INFO - Running: ['***', 'tasks', 'run', 'monthly_monitor', 'create_table', 'scheduled__2024-07-01T00:00:00+00:00', '--job-id', '585', '--raw', '--subdir', 'DAGS_FOLDER/monitor.py', '--cfg-path', '/tmp/tmpmjocs9q7']
[2024-08-12T19:28:43.514+0000] {standard_task_runner.py:85} INFO - Job 585: Subtask create_table
[2024-08-12T19:28:43.594+0000] {task_command.py:415} INFO - Running <TaskInstance: monthly_monitor.create_table scheduled__2024-07-01T00:00:00+00:00 [running]> on host a9166c5dc5ae
[2024-08-12T19:28:43.713+0000] {taskinstance.py:1660} INFO - Exporting env vars: AIRFLOW_CTX_DAG_OWNER='***' AIRFLOW_CTX_DAG_ID='monthly_monitor' AIRFLOW_CTX_TASK_ID='create_table' AIRFLOW_CTX_EXECUTION_DATE='2024-07-01T00:00:00+00:00' AIRFLOW_CTX_TRY_NUMBER='1' AIRFLOW_CTX_DAG_RUN_ID='scheduled__2024-07-01T00:00:00+00:00'
[2024-08-12T19:28:43.726+0000] {logging_mixin.py:151} INFO - table monitor_metrics already exists
[2024-08-12T19:28:43.728+0000] {python.py:194} INFO - Done. Returned value was: None
[2024-08-12T19:28:43.745+0000] {taskinstance.py:1398} INFO - Marking task as SUCCESS. dag_id=monthly_monitor, task_id=create_table, execution_date=20240701T000000, start_date=20240812T192843, end_date=20240812T192843
[2024-08-12T19:28:43.779+0000] {local_task_job_runner.py:228} INFO - Task exited with return code 0
[2024-08-12T19:28:43.809+0000] {taskinstance.py:2776} INFO - 0 downstream tasks scheduled from follow-on schedule check
[2024-08-12T20:10:12.876+0000] {taskinstance.py:1157} INFO - Dependencies all met for dep_context=non-requeueable deps ti=<TaskInstance: monthly_monitor.create_table scheduled__2024-07-01T00:00:00+00:00 [queued]>
[2024-08-12T20:10:12.916+0000] {taskinstance.py:1157} INFO - Dependencies all met for dep_context=requeueable deps ti=<TaskInstance: monthly_monitor.create_table scheduled__2024-07-01T00:00:00+00:00 [queued]>
[2024-08-12T20:10:12.921+0000] {taskinstance.py:1359} INFO - Starting attempt 1 of 1
[2024-08-12T20:10:12.973+0000] {taskinstance.py:1380} INFO - Executing <Task(_PythonDecoratedOperator): create_table> on 2024-07-01 00:00:00+00:00
[2024-08-12T20:10:13.047+0000] {standard_task_runner.py:57} INFO - Started process 13200 to run task
[2024-08-12T20:10:13.093+0000] {standard_task_runner.py:84} INFO - Running: ['***', 'tasks', 'run', 'monthly_monitor', 'create_table', 'scheduled__2024-07-01T00:00:00+00:00', '--job-id', '910', '--raw', '--subdir', 'DAGS_FOLDER/monitor.py', '--cfg-path', '/tmp/tmpdixs8jej']
[2024-08-12T20:10:13.107+0000] {standard_task_runner.py:85} INFO - Job 910: Subtask create_table
[2024-08-12T20:10:13.296+0000] {task_command.py:415} INFO - Running <TaskInstance: monthly_monitor.create_table scheduled__2024-07-01T00:00:00+00:00 [running]> on host a9166c5dc5ae
[2024-08-12T20:10:13.859+0000] {taskinstance.py:1660} INFO - Exporting env vars: AIRFLOW_CTX_DAG_OWNER='***' AIRFLOW_CTX_DAG_ID='monthly_monitor' AIRFLOW_CTX_TASK_ID='create_table' AIRFLOW_CTX_EXECUTION_DATE='2024-07-01T00:00:00+00:00' AIRFLOW_CTX_TRY_NUMBER='1' AIRFLOW_CTX_DAG_RUN_ID='scheduled__2024-07-01T00:00:00+00:00'
[2024-08-12T20:10:13.886+0000] {logging_mixin.py:151} INFO - table monitor_metrics already exists
[2024-08-12T20:10:13.913+0000] {python.py:194} INFO - Done. Returned value was: None
[2024-08-12T20:10:13.995+0000] {taskinstance.py:1398} INFO - Marking task as SUCCESS. dag_id=monthly_monitor, task_id=create_table, execution_date=20240701T000000, start_date=20240812T201012, end_date=20240812T201013
[2024-08-12T20:10:14.164+0000] {local_task_job_runner.py:228} INFO - Task exited with return code 0
[2024-08-12T20:10:14.236+0000] {taskinstance.py:2776} INFO - 0 downstream tasks scheduled from follow-on schedule check
