[2024-08-12T18:04:57.084+0000] {taskinstance.py:1157} INFO - Dependencies all met for dep_context=non-requeueable deps ti=<TaskInstance: monthly_monitor.create_db scheduled__2024-06-01T00:00:00+00:00 [queued]>
[2024-08-12T18:04:57.092+0000] {taskinstance.py:1157} INFO - Dependencies all met for dep_context=requeueable deps ti=<TaskInstance: monthly_monitor.create_db scheduled__2024-06-01T00:00:00+00:00 [queued]>
[2024-08-12T18:04:57.093+0000] {taskinstance.py:1359} INFO - Starting attempt 1 of 1
[2024-08-12T18:04:57.105+0000] {taskinstance.py:1380} INFO - Executing <Task(_PythonDecoratedOperator): create_db> on 2024-06-01 00:00:00+00:00
[2024-08-12T18:04:57.117+0000] {standard_task_runner.py:57} INFO - Started process 7966 to run task
[2024-08-12T18:04:57.121+0000] {standard_task_runner.py:84} INFO - Running: ['***', 'tasks', 'run', 'monthly_monitor', 'create_db', 'scheduled__2024-06-01T00:00:00+00:00', '--job-id', '221', '--raw', '--subdir', 'DAGS_FOLDER/monitor.py', '--cfg-path', '/tmp/tmp9613_lks']
[2024-08-12T18:04:57.129+0000] {standard_task_runner.py:85} INFO - Job 221: Subtask create_db
[2024-08-12T18:04:57.188+0000] {task_command.py:415} INFO - Running <TaskInstance: monthly_monitor.create_db scheduled__2024-06-01T00:00:00+00:00 [running]> on host a9166c5dc5ae
[2024-08-12T18:04:57.275+0000] {taskinstance.py:1660} INFO - Exporting env vars: AIRFLOW_CTX_DAG_OWNER='***' AIRFLOW_CTX_DAG_ID='monthly_monitor' AIRFLOW_CTX_TASK_ID='create_db' AIRFLOW_CTX_EXECUTION_DATE='2024-06-01T00:00:00+00:00' AIRFLOW_CTX_TRY_NUMBER='1' AIRFLOW_CTX_DAG_RUN_ID='scheduled__2024-06-01T00:00:00+00:00'
[2024-08-12T18:04:57.278+0000] {taskinstance.py:1935} ERROR - Task failed with exception
Traceback (most recent call last):
  File "/home/airflow/.local/lib/python3.8/site-packages/airflow/decorators/base.py", line 221, in execute
    return_value = super().execute(context)
  File "/home/airflow/.local/lib/python3.8/site-packages/airflow/operators/python.py", line 192, in execute
    return_value = self.execute_callable()
  File "/home/airflow/.local/lib/python3.8/site-packages/airflow/operators/python.py", line 209, in execute_callable
    return self.python_callable(*self.op_args, **self.op_kwargs)
  File "/opt/airflow/dags/monitor.py", line 31, in create_db
    conn = psycopg2.connect(**conn_params)
  File "/home/airflow/.local/lib/python3.8/site-packages/psycopg2/__init__.py", line 122, in connect
    conn = _connect(dsn, connection_factory=connection_factory, **kwasync)
psycopg2.OperationalError: connection to server at "localhost" (127.0.0.1), port 5432 failed: Connection refused
	Is the server running on that host and accepting TCP/IP connections?
connection to server at "localhost" (::1), port 5432 failed: Cannot assign requested address
	Is the server running on that host and accepting TCP/IP connections?

[2024-08-12T18:04:57.288+0000] {taskinstance.py:1398} INFO - Marking task as FAILED. dag_id=monthly_monitor, task_id=create_db, execution_date=20240601T000000, start_date=20240812T180457, end_date=20240812T180457
[2024-08-12T18:04:57.297+0000] {standard_task_runner.py:104} ERROR - Failed to execute job 221 for task create_db (connection to server at "localhost" (127.0.0.1), port 5432 failed: Connection refused
	Is the server running on that host and accepting TCP/IP connections?
connection to server at "localhost" (::1), port 5432 failed: Cannot assign requested address
	Is the server running on that host and accepting TCP/IP connections?
; 7966)
[2024-08-12T18:04:57.307+0000] {local_task_job_runner.py:228} INFO - Task exited with return code 1
[2024-08-12T18:04:57.321+0000] {taskinstance.py:2776} INFO - 0 downstream tasks scheduled from follow-on schedule check
[2024-08-12T18:13:37.110+0000] {taskinstance.py:1157} INFO - Dependencies all met for dep_context=non-requeueable deps ti=<TaskInstance: monthly_monitor.create_db scheduled__2024-06-01T00:00:00+00:00 [queued]>
[2024-08-12T18:13:37.197+0000] {taskinstance.py:1157} INFO - Dependencies all met for dep_context=requeueable deps ti=<TaskInstance: monthly_monitor.create_db scheduled__2024-06-01T00:00:00+00:00 [queued]>
[2024-08-12T18:13:37.214+0000] {taskinstance.py:1359} INFO - Starting attempt 1 of 1
[2024-08-12T18:13:37.676+0000] {taskinstance.py:1380} INFO - Executing <Task(_PythonDecoratedOperator): create_db> on 2024-06-01 00:00:00+00:00
[2024-08-12T18:13:37.868+0000] {standard_task_runner.py:57} INFO - Started process 9136 to run task
[2024-08-12T18:13:37.863+0000] {standard_task_runner.py:84} INFO - Running: ['***', 'tasks', 'run', 'monthly_monitor', 'create_db', 'scheduled__2024-06-01T00:00:00+00:00', '--job-id', '261', '--raw', '--subdir', 'DAGS_FOLDER/monitor.py', '--cfg-path', '/tmp/tmpe2u9gb1w']
[2024-08-12T18:13:37.884+0000] {standard_task_runner.py:85} INFO - Job 261: Subtask create_db
[2024-08-12T18:13:38.551+0000] {task_command.py:415} INFO - Running <TaskInstance: monthly_monitor.create_db scheduled__2024-06-01T00:00:00+00:00 [running]> on host a9166c5dc5ae
[2024-08-12T18:13:39.407+0000] {taskinstance.py:1660} INFO - Exporting env vars: AIRFLOW_CTX_DAG_OWNER='***' AIRFLOW_CTX_DAG_ID='monthly_monitor' AIRFLOW_CTX_TASK_ID='create_db' AIRFLOW_CTX_EXECUTION_DATE='2024-06-01T00:00:00+00:00' AIRFLOW_CTX_TRY_NUMBER='1' AIRFLOW_CTX_DAG_RUN_ID='scheduled__2024-06-01T00:00:00+00:00'
[2024-08-12T18:13:39.613+0000] {logging_mixin.py:151} INFO - churn database already created
[2024-08-12T18:13:39.635+0000] {python.py:194} INFO - Done. Returned value was: None
[2024-08-12T18:13:39.692+0000] {taskinstance.py:1398} INFO - Marking task as SUCCESS. dag_id=monthly_monitor, task_id=create_db, execution_date=20240601T000000, start_date=20240812T181337, end_date=20240812T181339
[2024-08-12T18:13:39.892+0000] {local_task_job_runner.py:228} INFO - Task exited with return code 0
[2024-08-12T18:13:40.051+0000] {taskinstance.py:2776} INFO - 0 downstream tasks scheduled from follow-on schedule check
[2024-08-12T19:19:26.065+0000] {taskinstance.py:1157} INFO - Dependencies all met for dep_context=non-requeueable deps ti=<TaskInstance: monthly_monitor.create_db scheduled__2024-06-01T00:00:00+00:00 [queued]>
[2024-08-12T19:19:26.075+0000] {taskinstance.py:1157} INFO - Dependencies all met for dep_context=requeueable deps ti=<TaskInstance: monthly_monitor.create_db scheduled__2024-06-01T00:00:00+00:00 [queued]>
[2024-08-12T19:19:26.076+0000] {taskinstance.py:1359} INFO - Starting attempt 1 of 1
[2024-08-12T19:19:26.091+0000] {taskinstance.py:1380} INFO - Executing <Task(_PythonDecoratedOperator): create_db> on 2024-06-01 00:00:00+00:00
[2024-08-12T19:19:26.139+0000] {standard_task_runner.py:57} INFO - Started process 3576 to run task
[2024-08-12T19:19:26.186+0000] {standard_task_runner.py:84} INFO - Running: ['***', 'tasks', 'run', 'monthly_monitor', 'create_db', 'scheduled__2024-06-01T00:00:00+00:00', '--job-id', '442', '--raw', '--subdir', 'DAGS_FOLDER/monitor.py', '--cfg-path', '/tmp/tmpg011o_da']
[2024-08-12T19:19:26.234+0000] {standard_task_runner.py:85} INFO - Job 442: Subtask create_db
[2024-08-12T19:19:27.018+0000] {task_command.py:415} INFO - Running <TaskInstance: monthly_monitor.create_db scheduled__2024-06-01T00:00:00+00:00 [running]> on host a9166c5dc5ae
[2024-08-12T19:19:27.761+0000] {taskinstance.py:1660} INFO - Exporting env vars: AIRFLOW_CTX_DAG_OWNER='***' AIRFLOW_CTX_DAG_ID='monthly_monitor' AIRFLOW_CTX_TASK_ID='create_db' AIRFLOW_CTX_EXECUTION_DATE='2024-06-01T00:00:00+00:00' AIRFLOW_CTX_TRY_NUMBER='1' AIRFLOW_CTX_DAG_RUN_ID='scheduled__2024-06-01T00:00:00+00:00'
[2024-08-12T19:19:27.879+0000] {logging_mixin.py:151} INFO - churn database already created
[2024-08-12T19:19:27.897+0000] {python.py:194} INFO - Done. Returned value was: {'host': 'postgres', 'port': '5432', 'user': '***', 'password': '***', 'dbname': 'churn'}
[2024-08-12T19:19:28.035+0000] {taskinstance.py:1398} INFO - Marking task as SUCCESS. dag_id=monthly_monitor, task_id=create_db, execution_date=20240601T000000, start_date=20240812T191926, end_date=20240812T191928
[2024-08-12T19:19:28.133+0000] {local_task_job_runner.py:228} INFO - Task exited with return code 0
[2024-08-12T19:19:28.260+0000] {taskinstance.py:2776} INFO - 1 downstream tasks scheduled from follow-on schedule check
[2024-08-12T19:22:01.177+0000] {taskinstance.py:1157} INFO - Dependencies all met for dep_context=non-requeueable deps ti=<TaskInstance: monthly_monitor.create_db scheduled__2024-06-01T00:00:00+00:00 [queued]>
[2024-08-12T19:22:01.233+0000] {taskinstance.py:1157} INFO - Dependencies all met for dep_context=requeueable deps ti=<TaskInstance: monthly_monitor.create_db scheduled__2024-06-01T00:00:00+00:00 [queued]>
[2024-08-12T19:22:01.251+0000] {taskinstance.py:1359} INFO - Starting attempt 1 of 1
[2024-08-12T19:22:01.327+0000] {taskinstance.py:1380} INFO - Executing <Task(_PythonDecoratedOperator): create_db> on 2024-06-01 00:00:00+00:00
[2024-08-12T19:22:01.363+0000] {standard_task_runner.py:57} INFO - Started process 4257 to run task
[2024-08-12T19:22:01.373+0000] {standard_task_runner.py:84} INFO - Running: ['***', 'tasks', 'run', 'monthly_monitor', 'create_db', 'scheduled__2024-06-01T00:00:00+00:00', '--job-id', '482', '--raw', '--subdir', 'DAGS_FOLDER/monitor.py', '--cfg-path', '/tmp/tmpnefltwg9']
[2024-08-12T19:22:01.401+0000] {standard_task_runner.py:85} INFO - Job 482: Subtask create_db
[2024-08-12T19:22:01.685+0000] {task_command.py:415} INFO - Running <TaskInstance: monthly_monitor.create_db scheduled__2024-06-01T00:00:00+00:00 [running]> on host a9166c5dc5ae
[2024-08-12T19:22:02.347+0000] {taskinstance.py:1660} INFO - Exporting env vars: AIRFLOW_CTX_DAG_OWNER='***' AIRFLOW_CTX_DAG_ID='monthly_monitor' AIRFLOW_CTX_TASK_ID='create_db' AIRFLOW_CTX_EXECUTION_DATE='2024-06-01T00:00:00+00:00' AIRFLOW_CTX_TRY_NUMBER='1' AIRFLOW_CTX_DAG_RUN_ID='scheduled__2024-06-01T00:00:00+00:00'
[2024-08-12T19:22:02.394+0000] {logging_mixin.py:151} INFO - churn database already created
[2024-08-12T19:22:02.408+0000] {python.py:194} INFO - Done. Returned value was: {'host': 'postgres', 'port': '5432', 'user': '***', 'password': '***', 'dbname': 'churn'}
[2024-08-12T19:22:02.502+0000] {taskinstance.py:1398} INFO - Marking task as SUCCESS. dag_id=monthly_monitor, task_id=create_db, execution_date=20240601T000000, start_date=20240812T192201, end_date=20240812T192202
[2024-08-12T19:22:02.617+0000] {local_task_job_runner.py:228} INFO - Task exited with return code 0
[2024-08-12T19:22:02.858+0000] {taskinstance.py:2776} INFO - 1 downstream tasks scheduled from follow-on schedule check
[2024-08-12T19:27:16.944+0000] {taskinstance.py:1157} INFO - Dependencies all met for dep_context=non-requeueable deps ti=<TaskInstance: monthly_monitor.create_db scheduled__2024-06-01T00:00:00+00:00 [queued]>
[2024-08-12T19:27:17.028+0000] {taskinstance.py:1157} INFO - Dependencies all met for dep_context=requeueable deps ti=<TaskInstance: monthly_monitor.create_db scheduled__2024-06-01T00:00:00+00:00 [queued]>
[2024-08-12T19:27:17.037+0000] {taskinstance.py:1359} INFO - Starting attempt 1 of 1
[2024-08-12T19:27:17.072+0000] {taskinstance.py:1380} INFO - Executing <Task(_PythonDecoratedOperator): create_db> on 2024-06-01 00:00:00+00:00
[2024-08-12T19:27:17.086+0000] {standard_task_runner.py:57} INFO - Started process 5293 to run task
[2024-08-12T19:27:17.106+0000] {standard_task_runner.py:84} INFO - Running: ['***', 'tasks', 'run', 'monthly_monitor', 'create_db', 'scheduled__2024-06-01T00:00:00+00:00', '--job-id', '542', '--raw', '--subdir', 'DAGS_FOLDER/monitor.py', '--cfg-path', '/tmp/tmp4ft3xomx']
[2024-08-12T19:27:17.167+0000] {standard_task_runner.py:85} INFO - Job 542: Subtask create_db
[2024-08-12T19:27:17.475+0000] {task_command.py:415} INFO - Running <TaskInstance: monthly_monitor.create_db scheduled__2024-06-01T00:00:00+00:00 [running]> on host a9166c5dc5ae
[2024-08-12T19:27:18.067+0000] {taskinstance.py:1660} INFO - Exporting env vars: AIRFLOW_CTX_DAG_OWNER='***' AIRFLOW_CTX_DAG_ID='monthly_monitor' AIRFLOW_CTX_TASK_ID='create_db' AIRFLOW_CTX_EXECUTION_DATE='2024-06-01T00:00:00+00:00' AIRFLOW_CTX_TRY_NUMBER='1' AIRFLOW_CTX_DAG_RUN_ID='scheduled__2024-06-01T00:00:00+00:00'
[2024-08-12T19:27:18.167+0000] {logging_mixin.py:151} INFO - churn database already created
[2024-08-12T19:27:18.225+0000] {python.py:194} INFO - Done. Returned value was: {'host': 'postgres', 'port': '5432', 'user': '***', 'password': '***', 'dbname': 'churn'}
[2024-08-12T19:27:18.442+0000] {taskinstance.py:1398} INFO - Marking task as SUCCESS. dag_id=monthly_monitor, task_id=create_db, execution_date=20240601T000000, start_date=20240812T192717, end_date=20240812T192718
[2024-08-12T19:27:18.894+0000] {local_task_job_runner.py:228} INFO - Task exited with return code 0
[2024-08-12T19:27:19.289+0000] {taskinstance.py:2776} INFO - 1 downstream tasks scheduled from follow-on schedule check
[2024-08-12T19:28:36.643+0000] {taskinstance.py:1157} INFO - Dependencies all met for dep_context=non-requeueable deps ti=<TaskInstance: monthly_monitor.create_db scheduled__2024-06-01T00:00:00+00:00 [queued]>
[2024-08-12T19:28:36.677+0000] {taskinstance.py:1157} INFO - Dependencies all met for dep_context=requeueable deps ti=<TaskInstance: monthly_monitor.create_db scheduled__2024-06-01T00:00:00+00:00 [queued]>
[2024-08-12T19:28:36.682+0000] {taskinstance.py:1359} INFO - Starting attempt 1 of 1
[2024-08-12T19:28:36.734+0000] {taskinstance.py:1380} INFO - Executing <Task(_PythonDecoratedOperator): create_db> on 2024-06-01 00:00:00+00:00
[2024-08-12T19:28:36.779+0000] {standard_task_runner.py:57} INFO - Started process 5750 to run task
[2024-08-12T19:28:36.805+0000] {standard_task_runner.py:84} INFO - Running: ['***', 'tasks', 'run', 'monthly_monitor', 'create_db', 'scheduled__2024-06-01T00:00:00+00:00', '--job-id', '568', '--raw', '--subdir', 'DAGS_FOLDER/monitor.py', '--cfg-path', '/tmp/tmp78nnkoae']
[2024-08-12T19:28:36.817+0000] {standard_task_runner.py:85} INFO - Job 568: Subtask create_db
[2024-08-12T19:28:36.989+0000] {task_command.py:415} INFO - Running <TaskInstance: monthly_monitor.create_db scheduled__2024-06-01T00:00:00+00:00 [running]> on host a9166c5dc5ae
[2024-08-12T19:28:37.215+0000] {taskinstance.py:1660} INFO - Exporting env vars: AIRFLOW_CTX_DAG_OWNER='***' AIRFLOW_CTX_DAG_ID='monthly_monitor' AIRFLOW_CTX_TASK_ID='create_db' AIRFLOW_CTX_EXECUTION_DATE='2024-06-01T00:00:00+00:00' AIRFLOW_CTX_TRY_NUMBER='1' AIRFLOW_CTX_DAG_RUN_ID='scheduled__2024-06-01T00:00:00+00:00'
[2024-08-12T19:28:37.252+0000] {logging_mixin.py:151} INFO - churn database already created
[2024-08-12T19:28:37.258+0000] {python.py:194} INFO - Done. Returned value was: {'host': 'postgres', 'port': '5432', 'user': '***', 'password': '***', 'dbname': 'churn'}
[2024-08-12T19:28:37.348+0000] {taskinstance.py:1398} INFO - Marking task as SUCCESS. dag_id=monthly_monitor, task_id=create_db, execution_date=20240601T000000, start_date=20240812T192836, end_date=20240812T192837
[2024-08-12T19:28:37.423+0000] {local_task_job_runner.py:228} INFO - Task exited with return code 0
[2024-08-12T19:28:37.509+0000] {taskinstance.py:2776} INFO - 1 downstream tasks scheduled from follow-on schedule check
[2024-08-12T20:09:44.378+0000] {taskinstance.py:1157} INFO - Dependencies all met for dep_context=non-requeueable deps ti=<TaskInstance: monthly_monitor.create_db scheduled__2024-06-01T00:00:00+00:00 [queued]>
[2024-08-12T20:09:44.437+0000] {taskinstance.py:1157} INFO - Dependencies all met for dep_context=requeueable deps ti=<TaskInstance: monthly_monitor.create_db scheduled__2024-06-01T00:00:00+00:00 [queued]>
[2024-08-12T20:09:44.487+0000] {taskinstance.py:1359} INFO - Starting attempt 1 of 1
[2024-08-12T20:09:44.596+0000] {taskinstance.py:1380} INFO - Executing <Task(_PythonDecoratedOperator): create_db> on 2024-06-01 00:00:00+00:00
[2024-08-12T20:09:44.684+0000] {standard_task_runner.py:57} INFO - Started process 13033 to run task
[2024-08-12T20:09:44.694+0000] {standard_task_runner.py:84} INFO - Running: ['***', 'tasks', 'run', 'monthly_monitor', 'create_db', 'scheduled__2024-06-01T00:00:00+00:00', '--job-id', '895', '--raw', '--subdir', 'DAGS_FOLDER/monitor.py', '--cfg-path', '/tmp/tmp9nmyduz1']
[2024-08-12T20:09:44.736+0000] {standard_task_runner.py:85} INFO - Job 895: Subtask create_db
[2024-08-12T20:09:45.088+0000] {task_command.py:415} INFO - Running <TaskInstance: monthly_monitor.create_db scheduled__2024-06-01T00:00:00+00:00 [running]> on host a9166c5dc5ae
[2024-08-12T20:09:48.497+0000] {taskinstance.py:1660} INFO - Exporting env vars: AIRFLOW_CTX_DAG_OWNER='***' AIRFLOW_CTX_DAG_ID='monthly_monitor' AIRFLOW_CTX_TASK_ID='create_db' AIRFLOW_CTX_EXECUTION_DATE='2024-06-01T00:00:00+00:00' AIRFLOW_CTX_TRY_NUMBER='1' AIRFLOW_CTX_DAG_RUN_ID='scheduled__2024-06-01T00:00:00+00:00'
[2024-08-12T20:09:48.556+0000] {logging_mixin.py:151} INFO - churn database already created
[2024-08-12T20:09:48.563+0000] {python.py:194} INFO - Done. Returned value was: {'host': 'postgres', 'port': '5432', 'user': '***', 'password': '***', 'dbname': 'churn'}
[2024-08-12T20:09:48.857+0000] {taskinstance.py:1398} INFO - Marking task as SUCCESS. dag_id=monthly_monitor, task_id=create_db, execution_date=20240601T000000, start_date=20240812T200944, end_date=20240812T200948
[2024-08-12T20:09:49.104+0000] {local_task_job_runner.py:228} INFO - Task exited with return code 0
[2024-08-12T20:09:49.474+0000] {taskinstance.py:2776} INFO - 1 downstream tasks scheduled from follow-on schedule check
