[2024-08-12T20:06:41.513+0000] {taskinstance.py:1157} INFO - Dependencies all met for dep_context=non-requeueable deps ti=<TaskInstance: monthly_prediction.wait_for_retrain manual__2024-08-12T20:06:39.577730+00:00 [queued]>
[2024-08-12T20:06:41.518+0000] {taskinstance.py:1157} INFO - Dependencies all met for dep_context=requeueable deps ti=<TaskInstance: monthly_prediction.wait_for_retrain manual__2024-08-12T20:06:39.577730+00:00 [queued]>
[2024-08-12T20:06:41.518+0000] {taskinstance.py:1359} INFO - Starting attempt 1 of 1
[2024-08-12T20:06:41.526+0000] {taskinstance.py:1380} INFO - Executing <Task(ExternalTaskSensor): wait_for_retrain> on 2024-08-12 20:06:39.577730+00:00
[2024-08-12T20:06:41.533+0000] {standard_task_runner.py:57} INFO - Started process 12142 to run task
[2024-08-12T20:06:41.537+0000] {standard_task_runner.py:84} INFO - Running: ['***', 'tasks', 'run', 'monthly_prediction', 'wait_for_retrain', 'manual__2024-08-12T20:06:39.577730+00:00', '--job-id', '852', '--raw', '--subdir', 'DAGS_FOLDER/monthly_prediction.py', '--cfg-path', '/tmp/tmptjsehsfj']
[2024-08-12T20:06:41.540+0000] {standard_task_runner.py:85} INFO - Job 852: Subtask wait_for_retrain
[2024-08-12T20:06:41.824+0000] {task_command.py:415} INFO - Running <TaskInstance: monthly_prediction.wait_for_retrain manual__2024-08-12T20:06:39.577730+00:00 [running]> on host a9166c5dc5ae
[2024-08-12T20:06:41.881+0000] {taskinstance.py:1660} INFO - Exporting env vars: AIRFLOW_CTX_DAG_OWNER='***' AIRFLOW_CTX_DAG_ID='monthly_prediction' AIRFLOW_CTX_TASK_ID='wait_for_retrain' AIRFLOW_CTX_EXECUTION_DATE='2024-08-12T20:06:39.577730+00:00' AIRFLOW_CTX_TRY_NUMBER='1' AIRFLOW_CTX_DAG_RUN_ID='manual__2024-08-12T20:06:39.577730+00:00'
[2024-08-12T20:06:41.889+0000] {external_task.py:244} INFO - Poking for tasks ['optimize_and_register_best_classifier'] in dag quarterly_retrain on 2024-07-31T20:06:39.577730+00:00 ... 
[2024-08-12T20:06:41.909+0000] {taskinstance.py:1895} INFO - Rescheduling task, marking task as UP_FOR_RESCHEDULE
[2024-08-12T20:06:41.942+0000] {local_task_job_runner.py:228} INFO - Task exited with return code 0
[2024-08-12T20:06:42.073+0000] {taskinstance.py:2776} INFO - 0 downstream tasks scheduled from follow-on schedule check
[2024-08-12T20:07:43.747+0000] {taskinstance.py:1157} INFO - Dependencies all met for dep_context=non-requeueable deps ti=<TaskInstance: monthly_prediction.wait_for_retrain manual__2024-08-12T20:06:39.577730+00:00 [queued]>
[2024-08-12T20:07:43.754+0000] {taskinstance.py:1157} INFO - Dependencies all met for dep_context=requeueable deps ti=<TaskInstance: monthly_prediction.wait_for_retrain manual__2024-08-12T20:06:39.577730+00:00 [queued]>
[2024-08-12T20:07:43.754+0000] {taskinstance.py:1359} INFO - Starting attempt 1 of 1
[2024-08-12T20:07:43.762+0000] {taskinstance.py:1380} INFO - Executing <Task(ExternalTaskSensor): wait_for_retrain> on 2024-08-12 20:06:39.577730+00:00
[2024-08-12T20:07:43.770+0000] {standard_task_runner.py:57} INFO - Started process 12348 to run task
[2024-08-12T20:07:43.774+0000] {standard_task_runner.py:84} INFO - Running: ['***', 'tasks', 'run', 'monthly_prediction', 'wait_for_retrain', 'manual__2024-08-12T20:06:39.577730+00:00', '--job-id', '862', '--raw', '--subdir', 'DAGS_FOLDER/monthly_prediction.py', '--cfg-path', '/tmp/tmprd2ef6po']
[2024-08-12T20:07:43.777+0000] {standard_task_runner.py:85} INFO - Job 862: Subtask wait_for_retrain
[2024-08-12T20:07:44.030+0000] {task_command.py:415} INFO - Running <TaskInstance: monthly_prediction.wait_for_retrain manual__2024-08-12T20:06:39.577730+00:00 [running]> on host a9166c5dc5ae
[2024-08-12T20:07:44.114+0000] {taskinstance.py:1660} INFO - Exporting env vars: AIRFLOW_CTX_DAG_OWNER='***' AIRFLOW_CTX_DAG_ID='monthly_prediction' AIRFLOW_CTX_TASK_ID='wait_for_retrain' AIRFLOW_CTX_EXECUTION_DATE='2024-08-12T20:06:39.577730+00:00' AIRFLOW_CTX_TRY_NUMBER='1' AIRFLOW_CTX_DAG_RUN_ID='manual__2024-08-12T20:06:39.577730+00:00'
[2024-08-12T20:07:44.125+0000] {external_task.py:244} INFO - Poking for tasks ['optimize_and_register_best_classifier'] in dag quarterly_retrain on 2024-07-31T20:06:39.577730+00:00 ... 
[2024-08-12T20:07:44.148+0000] {taskinstance.py:1895} INFO - Rescheduling task, marking task as UP_FOR_RESCHEDULE
[2024-08-12T20:07:44.171+0000] {local_task_job_runner.py:228} INFO - Task exited with return code 0
[2024-08-12T20:07:44.185+0000] {taskinstance.py:2776} INFO - 0 downstream tasks scheduled from follow-on schedule check
