[2024-08-12T18:13:57.458+0000] {taskinstance.py:1157} INFO - Dependencies all met for dep_context=non-requeueable deps ti=<TaskInstance: monthly_prediction.wait_for_retrain scheduled__2024-03-01T00:00:00+00:00 [queued]>
[2024-08-12T18:13:57.559+0000] {taskinstance.py:1157} INFO - Dependencies all met for dep_context=requeueable deps ti=<TaskInstance: monthly_prediction.wait_for_retrain scheduled__2024-03-01T00:00:00+00:00 [queued]>
[2024-08-12T18:13:57.565+0000] {taskinstance.py:1359} INFO - Starting attempt 1 of 1
[2024-08-12T18:13:57.676+0000] {taskinstance.py:1380} INFO - Executing <Task(ExternalTaskSensor): wait_for_retrain> on 2024-03-01 00:00:00+00:00
[2024-08-12T18:13:57.804+0000] {standard_task_runner.py:84} INFO - Running: ['***', 'tasks', 'run', 'monthly_prediction', 'wait_for_retrain', 'scheduled__2024-03-01T00:00:00+00:00', '--job-id', '271', '--raw', '--subdir', 'DAGS_FOLDER/monthly_prediction.py', '--cfg-path', '/tmp/tmp01a5wyzt']
[2024-08-12T18:13:57.815+0000] {standard_task_runner.py:57} INFO - Started process 9356 to run task
[2024-08-12T18:13:57.827+0000] {standard_task_runner.py:85} INFO - Job 271: Subtask wait_for_retrain
[2024-08-12T18:13:58.371+0000] {task_command.py:415} INFO - Running <TaskInstance: monthly_prediction.wait_for_retrain scheduled__2024-03-01T00:00:00+00:00 [running]> on host a9166c5dc5ae
[2024-08-12T18:13:58.707+0000] {taskinstance.py:1660} INFO - Exporting env vars: AIRFLOW_CTX_DAG_OWNER='***' AIRFLOW_CTX_DAG_ID='monthly_prediction' AIRFLOW_CTX_TASK_ID='wait_for_retrain' AIRFLOW_CTX_EXECUTION_DATE='2024-03-01T00:00:00+00:00' AIRFLOW_CTX_TRY_NUMBER='1' AIRFLOW_CTX_DAG_RUN_ID='scheduled__2024-03-01T00:00:00+00:00'
[2024-08-12T18:13:58.788+0000] {external_task.py:244} INFO - Poking for tasks ['optimize_and_register_best_classifier'] in dag quarterly_retrain on 2024-02-29T00:00:00+00:00 ... 
[2024-08-12T18:13:58.989+0000] {taskinstance.py:1895} INFO - Rescheduling task, marking task as UP_FOR_RESCHEDULE
[2024-08-12T18:13:59.061+0000] {local_task_job_runner.py:228} INFO - Task exited with return code 0
[2024-08-12T18:13:59.340+0000] {taskinstance.py:2776} INFO - 0 downstream tasks scheduled from follow-on schedule check
[2024-08-12T18:15:01.823+0000] {taskinstance.py:1157} INFO - Dependencies all met for dep_context=non-requeueable deps ti=<TaskInstance: monthly_prediction.wait_for_retrain scheduled__2024-03-01T00:00:00+00:00 [queued]>
[2024-08-12T18:15:01.830+0000] {taskinstance.py:1157} INFO - Dependencies all met for dep_context=requeueable deps ti=<TaskInstance: monthly_prediction.wait_for_retrain scheduled__2024-03-01T00:00:00+00:00 [queued]>
[2024-08-12T18:15:01.831+0000] {taskinstance.py:1359} INFO - Starting attempt 1 of 1
[2024-08-12T18:15:01.838+0000] {taskinstance.py:1380} INFO - Executing <Task(ExternalTaskSensor): wait_for_retrain> on 2024-03-01 00:00:00+00:00
[2024-08-12T18:15:01.846+0000] {standard_task_runner.py:57} INFO - Started process 9979 to run task
[2024-08-12T18:15:01.848+0000] {standard_task_runner.py:84} INFO - Running: ['***', 'tasks', 'run', 'monthly_prediction', 'wait_for_retrain', 'scheduled__2024-03-01T00:00:00+00:00', '--job-id', '300', '--raw', '--subdir', 'DAGS_FOLDER/monthly_prediction.py', '--cfg-path', '/tmp/tmpid2x46gu']
[2024-08-12T18:15:01.851+0000] {standard_task_runner.py:85} INFO - Job 300: Subtask wait_for_retrain
[2024-08-12T18:15:01.890+0000] {task_command.py:415} INFO - Running <TaskInstance: monthly_prediction.wait_for_retrain scheduled__2024-03-01T00:00:00+00:00 [running]> on host a9166c5dc5ae
[2024-08-12T18:15:01.975+0000] {taskinstance.py:1660} INFO - Exporting env vars: AIRFLOW_CTX_DAG_OWNER='***' AIRFLOW_CTX_DAG_ID='monthly_prediction' AIRFLOW_CTX_TASK_ID='wait_for_retrain' AIRFLOW_CTX_EXECUTION_DATE='2024-03-01T00:00:00+00:00' AIRFLOW_CTX_TRY_NUMBER='1' AIRFLOW_CTX_DAG_RUN_ID='scheduled__2024-03-01T00:00:00+00:00'
[2024-08-12T18:15:01.983+0000] {external_task.py:244} INFO - Poking for tasks ['optimize_and_register_best_classifier'] in dag quarterly_retrain on 2024-02-29T00:00:00+00:00 ... 
[2024-08-12T18:15:02.005+0000] {taskinstance.py:1895} INFO - Rescheduling task, marking task as UP_FOR_RESCHEDULE
[2024-08-12T18:15:02.034+0000] {local_task_job_runner.py:228} INFO - Task exited with return code 0
[2024-08-12T18:15:02.046+0000] {taskinstance.py:2776} INFO - 0 downstream tasks scheduled from follow-on schedule check
[2024-08-12T18:16:04.579+0000] {taskinstance.py:1157} INFO - Dependencies all met for dep_context=non-requeueable deps ti=<TaskInstance: monthly_prediction.wait_for_retrain scheduled__2024-03-01T00:00:00+00:00 [queued]>
[2024-08-12T18:16:04.583+0000] {taskinstance.py:1157} INFO - Dependencies all met for dep_context=requeueable deps ti=<TaskInstance: monthly_prediction.wait_for_retrain scheduled__2024-03-01T00:00:00+00:00 [queued]>
[2024-08-12T18:16:04.583+0000] {taskinstance.py:1359} INFO - Starting attempt 1 of 1
[2024-08-12T18:16:04.591+0000] {taskinstance.py:1380} INFO - Executing <Task(ExternalTaskSensor): wait_for_retrain> on 2024-03-01 00:00:00+00:00
[2024-08-12T18:16:04.601+0000] {standard_task_runner.py:57} INFO - Started process 10548 to run task
[2024-08-12T18:16:04.610+0000] {standard_task_runner.py:84} INFO - Running: ['***', 'tasks', 'run', 'monthly_prediction', 'wait_for_retrain', 'scheduled__2024-03-01T00:00:00+00:00', '--job-id', '308', '--raw', '--subdir', 'DAGS_FOLDER/monthly_prediction.py', '--cfg-path', '/tmp/tmpvp0qqxz4']
[2024-08-12T18:16:04.618+0000] {standard_task_runner.py:85} INFO - Job 308: Subtask wait_for_retrain
[2024-08-12T18:16:04.671+0000] {task_command.py:415} INFO - Running <TaskInstance: monthly_prediction.wait_for_retrain scheduled__2024-03-01T00:00:00+00:00 [running]> on host a9166c5dc5ae
[2024-08-12T18:16:04.733+0000] {taskinstance.py:1660} INFO - Exporting env vars: AIRFLOW_CTX_DAG_OWNER='***' AIRFLOW_CTX_DAG_ID='monthly_prediction' AIRFLOW_CTX_TASK_ID='wait_for_retrain' AIRFLOW_CTX_EXECUTION_DATE='2024-03-01T00:00:00+00:00' AIRFLOW_CTX_TRY_NUMBER='1' AIRFLOW_CTX_DAG_RUN_ID='scheduled__2024-03-01T00:00:00+00:00'
[2024-08-12T18:16:04.742+0000] {external_task.py:244} INFO - Poking for tasks ['optimize_and_register_best_classifier'] in dag quarterly_retrain on 2024-02-29T00:00:00+00:00 ... 
[2024-08-12T18:16:04.767+0000] {taskinstance.py:1895} INFO - Rescheduling task, marking task as UP_FOR_RESCHEDULE
[2024-08-12T18:16:04.792+0000] {local_task_job_runner.py:228} INFO - Task exited with return code 0
[2024-08-12T18:16:04.804+0000] {taskinstance.py:2776} INFO - 0 downstream tasks scheduled from follow-on schedule check
[2024-08-12T18:17:06.926+0000] {taskinstance.py:1157} INFO - Dependencies all met for dep_context=non-requeueable deps ti=<TaskInstance: monthly_prediction.wait_for_retrain scheduled__2024-03-01T00:00:00+00:00 [queued]>
[2024-08-12T18:17:06.931+0000] {taskinstance.py:1157} INFO - Dependencies all met for dep_context=requeueable deps ti=<TaskInstance: monthly_prediction.wait_for_retrain scheduled__2024-03-01T00:00:00+00:00 [queued]>
[2024-08-12T18:17:06.931+0000] {taskinstance.py:1359} INFO - Starting attempt 1 of 1
[2024-08-12T18:17:06.937+0000] {taskinstance.py:1380} INFO - Executing <Task(ExternalTaskSensor): wait_for_retrain> on 2024-03-01 00:00:00+00:00
[2024-08-12T18:17:06.943+0000] {standard_task_runner.py:57} INFO - Started process 11022 to run task
[2024-08-12T18:17:06.946+0000] {standard_task_runner.py:84} INFO - Running: ['***', 'tasks', 'run', 'monthly_prediction', 'wait_for_retrain', 'scheduled__2024-03-01T00:00:00+00:00', '--job-id', '313', '--raw', '--subdir', 'DAGS_FOLDER/monthly_prediction.py', '--cfg-path', '/tmp/tmp88pl9aq4']
[2024-08-12T18:17:06.948+0000] {standard_task_runner.py:85} INFO - Job 313: Subtask wait_for_retrain
[2024-08-12T18:17:06.979+0000] {task_command.py:415} INFO - Running <TaskInstance: monthly_prediction.wait_for_retrain scheduled__2024-03-01T00:00:00+00:00 [running]> on host a9166c5dc5ae
[2024-08-12T18:17:07.019+0000] {taskinstance.py:1660} INFO - Exporting env vars: AIRFLOW_CTX_DAG_OWNER='***' AIRFLOW_CTX_DAG_ID='monthly_prediction' AIRFLOW_CTX_TASK_ID='wait_for_retrain' AIRFLOW_CTX_EXECUTION_DATE='2024-03-01T00:00:00+00:00' AIRFLOW_CTX_TRY_NUMBER='1' AIRFLOW_CTX_DAG_RUN_ID='scheduled__2024-03-01T00:00:00+00:00'
[2024-08-12T18:17:07.025+0000] {external_task.py:244} INFO - Poking for tasks ['optimize_and_register_best_classifier'] in dag quarterly_retrain on 2024-02-29T00:00:00+00:00 ... 
[2024-08-12T18:17:07.041+0000] {taskinstance.py:1895} INFO - Rescheduling task, marking task as UP_FOR_RESCHEDULE
[2024-08-12T18:17:07.087+0000] {local_task_job_runner.py:228} INFO - Task exited with return code 0
[2024-08-12T18:17:07.097+0000] {taskinstance.py:2776} INFO - 0 downstream tasks scheduled from follow-on schedule check
[2024-08-12T18:18:08.738+0000] {taskinstance.py:1157} INFO - Dependencies all met for dep_context=non-requeueable deps ti=<TaskInstance: monthly_prediction.wait_for_retrain scheduled__2024-03-01T00:00:00+00:00 [queued]>
[2024-08-12T18:18:08.742+0000] {taskinstance.py:1157} INFO - Dependencies all met for dep_context=requeueable deps ti=<TaskInstance: monthly_prediction.wait_for_retrain scheduled__2024-03-01T00:00:00+00:00 [queued]>
[2024-08-12T18:18:08.742+0000] {taskinstance.py:1359} INFO - Starting attempt 1 of 1
[2024-08-12T18:18:08.748+0000] {taskinstance.py:1380} INFO - Executing <Task(ExternalTaskSensor): wait_for_retrain> on 2024-03-01 00:00:00+00:00
[2024-08-12T18:18:08.754+0000] {standard_task_runner.py:57} INFO - Started process 11175 to run task
[2024-08-12T18:18:08.756+0000] {standard_task_runner.py:84} INFO - Running: ['***', 'tasks', 'run', 'monthly_prediction', 'wait_for_retrain', 'scheduled__2024-03-01T00:00:00+00:00', '--job-id', '320', '--raw', '--subdir', 'DAGS_FOLDER/monthly_prediction.py', '--cfg-path', '/tmp/tmp1ap8jnzt']
[2024-08-12T18:18:08.759+0000] {standard_task_runner.py:85} INFO - Job 320: Subtask wait_for_retrain
[2024-08-12T18:18:08.789+0000] {task_command.py:415} INFO - Running <TaskInstance: monthly_prediction.wait_for_retrain scheduled__2024-03-01T00:00:00+00:00 [running]> on host a9166c5dc5ae
[2024-08-12T18:18:08.825+0000] {taskinstance.py:1660} INFO - Exporting env vars: AIRFLOW_CTX_DAG_OWNER='***' AIRFLOW_CTX_DAG_ID='monthly_prediction' AIRFLOW_CTX_TASK_ID='wait_for_retrain' AIRFLOW_CTX_EXECUTION_DATE='2024-03-01T00:00:00+00:00' AIRFLOW_CTX_TRY_NUMBER='1' AIRFLOW_CTX_DAG_RUN_ID='scheduled__2024-03-01T00:00:00+00:00'
[2024-08-12T18:18:08.831+0000] {external_task.py:244} INFO - Poking for tasks ['optimize_and_register_best_classifier'] in dag quarterly_retrain on 2024-02-29T00:00:00+00:00 ... 
[2024-08-12T18:18:08.846+0000] {taskinstance.py:1895} INFO - Rescheduling task, marking task as UP_FOR_RESCHEDULE
[2024-08-12T18:18:08.858+0000] {local_task_job_runner.py:228} INFO - Task exited with return code 0
[2024-08-12T18:18:08.866+0000] {taskinstance.py:2776} INFO - 0 downstream tasks scheduled from follow-on schedule check
[2024-08-12T18:19:10.852+0000] {taskinstance.py:1157} INFO - Dependencies all met for dep_context=non-requeueable deps ti=<TaskInstance: monthly_prediction.wait_for_retrain scheduled__2024-03-01T00:00:00+00:00 [queued]>
[2024-08-12T18:19:10.857+0000] {taskinstance.py:1157} INFO - Dependencies all met for dep_context=requeueable deps ti=<TaskInstance: monthly_prediction.wait_for_retrain scheduled__2024-03-01T00:00:00+00:00 [queued]>
[2024-08-12T18:19:10.857+0000] {taskinstance.py:1359} INFO - Starting attempt 1 of 1
[2024-08-12T18:19:10.863+0000] {taskinstance.py:1380} INFO - Executing <Task(ExternalTaskSensor): wait_for_retrain> on 2024-03-01 00:00:00+00:00
[2024-08-12T18:19:10.868+0000] {standard_task_runner.py:57} INFO - Started process 11326 to run task
[2024-08-12T18:19:10.871+0000] {standard_task_runner.py:84} INFO - Running: ['***', 'tasks', 'run', 'monthly_prediction', 'wait_for_retrain', 'scheduled__2024-03-01T00:00:00+00:00', '--job-id', '325', '--raw', '--subdir', 'DAGS_FOLDER/monthly_prediction.py', '--cfg-path', '/tmp/tmprzn2thuz']
[2024-08-12T18:19:10.872+0000] {standard_task_runner.py:85} INFO - Job 325: Subtask wait_for_retrain
[2024-08-12T18:19:10.903+0000] {task_command.py:415} INFO - Running <TaskInstance: monthly_prediction.wait_for_retrain scheduled__2024-03-01T00:00:00+00:00 [running]> on host a9166c5dc5ae
[2024-08-12T18:19:10.945+0000] {taskinstance.py:1660} INFO - Exporting env vars: AIRFLOW_CTX_DAG_OWNER='***' AIRFLOW_CTX_DAG_ID='monthly_prediction' AIRFLOW_CTX_TASK_ID='wait_for_retrain' AIRFLOW_CTX_EXECUTION_DATE='2024-03-01T00:00:00+00:00' AIRFLOW_CTX_TRY_NUMBER='1' AIRFLOW_CTX_DAG_RUN_ID='scheduled__2024-03-01T00:00:00+00:00'
[2024-08-12T18:19:10.952+0000] {external_task.py:244} INFO - Poking for tasks ['optimize_and_register_best_classifier'] in dag quarterly_retrain on 2024-02-29T00:00:00+00:00 ... 
[2024-08-12T18:19:10.971+0000] {taskinstance.py:1895} INFO - Rescheduling task, marking task as UP_FOR_RESCHEDULE
[2024-08-12T18:19:11.009+0000] {local_task_job_runner.py:228} INFO - Task exited with return code 0
[2024-08-12T18:19:11.019+0000] {taskinstance.py:2776} INFO - 0 downstream tasks scheduled from follow-on schedule check
[2024-08-12T18:20:12.542+0000] {taskinstance.py:1157} INFO - Dependencies all met for dep_context=non-requeueable deps ti=<TaskInstance: monthly_prediction.wait_for_retrain scheduled__2024-03-01T00:00:00+00:00 [queued]>
[2024-08-12T18:20:12.546+0000] {taskinstance.py:1157} INFO - Dependencies all met for dep_context=requeueable deps ti=<TaskInstance: monthly_prediction.wait_for_retrain scheduled__2024-03-01T00:00:00+00:00 [queued]>
[2024-08-12T18:20:12.547+0000] {taskinstance.py:1359} INFO - Starting attempt 1 of 1
[2024-08-12T18:20:12.552+0000] {taskinstance.py:1380} INFO - Executing <Task(ExternalTaskSensor): wait_for_retrain> on 2024-03-01 00:00:00+00:00
[2024-08-12T18:20:12.557+0000] {standard_task_runner.py:57} INFO - Started process 11477 to run task
[2024-08-12T18:20:12.559+0000] {standard_task_runner.py:84} INFO - Running: ['***', 'tasks', 'run', 'monthly_prediction', 'wait_for_retrain', 'scheduled__2024-03-01T00:00:00+00:00', '--job-id', '332', '--raw', '--subdir', 'DAGS_FOLDER/monthly_prediction.py', '--cfg-path', '/tmp/tmp2b1eenau']
[2024-08-12T18:20:12.560+0000] {standard_task_runner.py:85} INFO - Job 332: Subtask wait_for_retrain
[2024-08-12T18:20:12.587+0000] {task_command.py:415} INFO - Running <TaskInstance: monthly_prediction.wait_for_retrain scheduled__2024-03-01T00:00:00+00:00 [running]> on host a9166c5dc5ae
[2024-08-12T18:20:12.621+0000] {taskinstance.py:1660} INFO - Exporting env vars: AIRFLOW_CTX_DAG_OWNER='***' AIRFLOW_CTX_DAG_ID='monthly_prediction' AIRFLOW_CTX_TASK_ID='wait_for_retrain' AIRFLOW_CTX_EXECUTION_DATE='2024-03-01T00:00:00+00:00' AIRFLOW_CTX_TRY_NUMBER='1' AIRFLOW_CTX_DAG_RUN_ID='scheduled__2024-03-01T00:00:00+00:00'
[2024-08-12T18:20:12.627+0000] {external_task.py:244} INFO - Poking for tasks ['optimize_and_register_best_classifier'] in dag quarterly_retrain on 2024-02-29T00:00:00+00:00 ... 
[2024-08-12T18:20:12.641+0000] {taskinstance.py:1895} INFO - Rescheduling task, marking task as UP_FOR_RESCHEDULE
[2024-08-12T18:20:12.657+0000] {local_task_job_runner.py:228} INFO - Task exited with return code 0
[2024-08-12T18:20:12.666+0000] {taskinstance.py:2776} INFO - 0 downstream tasks scheduled from follow-on schedule check
[2024-08-12T18:21:13.857+0000] {taskinstance.py:1157} INFO - Dependencies all met for dep_context=non-requeueable deps ti=<TaskInstance: monthly_prediction.wait_for_retrain scheduled__2024-03-01T00:00:00+00:00 [queued]>
[2024-08-12T18:21:13.861+0000] {taskinstance.py:1157} INFO - Dependencies all met for dep_context=requeueable deps ti=<TaskInstance: monthly_prediction.wait_for_retrain scheduled__2024-03-01T00:00:00+00:00 [queued]>
[2024-08-12T18:21:13.861+0000] {taskinstance.py:1359} INFO - Starting attempt 1 of 1
[2024-08-12T18:21:13.872+0000] {taskinstance.py:1380} INFO - Executing <Task(ExternalTaskSensor): wait_for_retrain> on 2024-03-01 00:00:00+00:00
[2024-08-12T18:21:13.879+0000] {standard_task_runner.py:57} INFO - Started process 11630 to run task
[2024-08-12T18:21:13.884+0000] {standard_task_runner.py:84} INFO - Running: ['***', 'tasks', 'run', 'monthly_prediction', 'wait_for_retrain', 'scheduled__2024-03-01T00:00:00+00:00', '--job-id', '338', '--raw', '--subdir', 'DAGS_FOLDER/monthly_prediction.py', '--cfg-path', '/tmp/tmpmk9g3lea']
[2024-08-12T18:21:13.888+0000] {standard_task_runner.py:85} INFO - Job 338: Subtask wait_for_retrain
[2024-08-12T18:21:14.027+0000] {task_command.py:415} INFO - Running <TaskInstance: monthly_prediction.wait_for_retrain scheduled__2024-03-01T00:00:00+00:00 [running]> on host a9166c5dc5ae
[2024-08-12T18:21:14.075+0000] {taskinstance.py:1660} INFO - Exporting env vars: AIRFLOW_CTX_DAG_OWNER='***' AIRFLOW_CTX_DAG_ID='monthly_prediction' AIRFLOW_CTX_TASK_ID='wait_for_retrain' AIRFLOW_CTX_EXECUTION_DATE='2024-03-01T00:00:00+00:00' AIRFLOW_CTX_TRY_NUMBER='1' AIRFLOW_CTX_DAG_RUN_ID='scheduled__2024-03-01T00:00:00+00:00'
[2024-08-12T18:21:14.091+0000] {external_task.py:244} INFO - Poking for tasks ['optimize_and_register_best_classifier'] in dag quarterly_retrain on 2024-02-29T00:00:00+00:00 ... 
[2024-08-12T18:21:14.114+0000] {taskinstance.py:1895} INFO - Rescheduling task, marking task as UP_FOR_RESCHEDULE
[2024-08-12T18:21:14.122+0000] {local_task_job_runner.py:228} INFO - Task exited with return code 0
[2024-08-12T18:21:14.135+0000] {taskinstance.py:2776} INFO - 0 downstream tasks scheduled from follow-on schedule check
[2024-08-12T18:22:16.322+0000] {taskinstance.py:1157} INFO - Dependencies all met for dep_context=non-requeueable deps ti=<TaskInstance: monthly_prediction.wait_for_retrain scheduled__2024-03-01T00:00:00+00:00 [queued]>
[2024-08-12T18:22:16.326+0000] {taskinstance.py:1157} INFO - Dependencies all met for dep_context=requeueable deps ti=<TaskInstance: monthly_prediction.wait_for_retrain scheduled__2024-03-01T00:00:00+00:00 [queued]>
[2024-08-12T18:22:16.326+0000] {taskinstance.py:1359} INFO - Starting attempt 1 of 1
[2024-08-12T18:22:16.332+0000] {taskinstance.py:1380} INFO - Executing <Task(ExternalTaskSensor): wait_for_retrain> on 2024-03-01 00:00:00+00:00
[2024-08-12T18:22:16.338+0000] {standard_task_runner.py:57} INFO - Started process 11781 to run task
[2024-08-12T18:22:16.340+0000] {standard_task_runner.py:84} INFO - Running: ['***', 'tasks', 'run', 'monthly_prediction', 'wait_for_retrain', 'scheduled__2024-03-01T00:00:00+00:00', '--job-id', '344', '--raw', '--subdir', 'DAGS_FOLDER/monthly_prediction.py', '--cfg-path', '/tmp/tmpgwpdjp9x']
[2024-08-12T18:22:16.342+0000] {standard_task_runner.py:85} INFO - Job 344: Subtask wait_for_retrain
[2024-08-12T18:22:16.374+0000] {task_command.py:415} INFO - Running <TaskInstance: monthly_prediction.wait_for_retrain scheduled__2024-03-01T00:00:00+00:00 [running]> on host a9166c5dc5ae
[2024-08-12T18:22:16.412+0000] {taskinstance.py:1660} INFO - Exporting env vars: AIRFLOW_CTX_DAG_OWNER='***' AIRFLOW_CTX_DAG_ID='monthly_prediction' AIRFLOW_CTX_TASK_ID='wait_for_retrain' AIRFLOW_CTX_EXECUTION_DATE='2024-03-01T00:00:00+00:00' AIRFLOW_CTX_TRY_NUMBER='1' AIRFLOW_CTX_DAG_RUN_ID='scheduled__2024-03-01T00:00:00+00:00'
[2024-08-12T18:22:16.419+0000] {external_task.py:244} INFO - Poking for tasks ['optimize_and_register_best_classifier'] in dag quarterly_retrain on 2024-02-29T00:00:00+00:00 ... 
[2024-08-12T18:22:16.434+0000] {taskinstance.py:1895} INFO - Rescheduling task, marking task as UP_FOR_RESCHEDULE
[2024-08-12T18:22:16.440+0000] {local_task_job_runner.py:228} INFO - Task exited with return code 0
[2024-08-12T18:22:16.451+0000] {taskinstance.py:2776} INFO - 0 downstream tasks scheduled from follow-on schedule check
[2024-08-12T18:23:18.054+0000] {taskinstance.py:1157} INFO - Dependencies all met for dep_context=non-requeueable deps ti=<TaskInstance: monthly_prediction.wait_for_retrain scheduled__2024-03-01T00:00:00+00:00 [queued]>
[2024-08-12T18:23:18.057+0000] {taskinstance.py:1157} INFO - Dependencies all met for dep_context=requeueable deps ti=<TaskInstance: monthly_prediction.wait_for_retrain scheduled__2024-03-01T00:00:00+00:00 [queued]>
[2024-08-12T18:23:18.058+0000] {taskinstance.py:1359} INFO - Starting attempt 1 of 1
[2024-08-12T18:23:18.063+0000] {taskinstance.py:1380} INFO - Executing <Task(ExternalTaskSensor): wait_for_retrain> on 2024-03-01 00:00:00+00:00
[2024-08-12T18:23:18.068+0000] {standard_task_runner.py:57} INFO - Started process 11941 to run task
[2024-08-12T18:23:18.070+0000] {standard_task_runner.py:84} INFO - Running: ['***', 'tasks', 'run', 'monthly_prediction', 'wait_for_retrain', 'scheduled__2024-03-01T00:00:00+00:00', '--job-id', '349', '--raw', '--subdir', 'DAGS_FOLDER/monthly_prediction.py', '--cfg-path', '/tmp/tmpl7imfb1b']
[2024-08-12T18:23:18.072+0000] {standard_task_runner.py:85} INFO - Job 349: Subtask wait_for_retrain
[2024-08-12T18:23:18.098+0000] {task_command.py:415} INFO - Running <TaskInstance: monthly_prediction.wait_for_retrain scheduled__2024-03-01T00:00:00+00:00 [running]> on host a9166c5dc5ae
[2024-08-12T18:23:18.133+0000] {taskinstance.py:1660} INFO - Exporting env vars: AIRFLOW_CTX_DAG_OWNER='***' AIRFLOW_CTX_DAG_ID='monthly_prediction' AIRFLOW_CTX_TASK_ID='wait_for_retrain' AIRFLOW_CTX_EXECUTION_DATE='2024-03-01T00:00:00+00:00' AIRFLOW_CTX_TRY_NUMBER='1' AIRFLOW_CTX_DAG_RUN_ID='scheduled__2024-03-01T00:00:00+00:00'
[2024-08-12T18:23:18.139+0000] {external_task.py:244} INFO - Poking for tasks ['optimize_and_register_best_classifier'] in dag quarterly_retrain on 2024-02-29T00:00:00+00:00 ... 
[2024-08-12T18:23:18.154+0000] {taskinstance.py:1895} INFO - Rescheduling task, marking task as UP_FOR_RESCHEDULE
[2024-08-12T18:23:18.167+0000] {local_task_job_runner.py:228} INFO - Task exited with return code 0
[2024-08-12T18:23:18.177+0000] {taskinstance.py:2776} INFO - 0 downstream tasks scheduled from follow-on schedule check
[2024-08-12T18:24:19.443+0000] {taskinstance.py:1157} INFO - Dependencies all met for dep_context=non-requeueable deps ti=<TaskInstance: monthly_prediction.wait_for_retrain scheduled__2024-03-01T00:00:00+00:00 [queued]>
[2024-08-12T18:24:19.447+0000] {taskinstance.py:1157} INFO - Dependencies all met for dep_context=requeueable deps ti=<TaskInstance: monthly_prediction.wait_for_retrain scheduled__2024-03-01T00:00:00+00:00 [queued]>
[2024-08-12T18:24:19.447+0000] {taskinstance.py:1359} INFO - Starting attempt 1 of 1
[2024-08-12T18:24:19.453+0000] {taskinstance.py:1380} INFO - Executing <Task(ExternalTaskSensor): wait_for_retrain> on 2024-03-01 00:00:00+00:00
[2024-08-12T18:24:19.457+0000] {standard_task_runner.py:57} INFO - Started process 12093 to run task
[2024-08-12T18:24:19.460+0000] {standard_task_runner.py:84} INFO - Running: ['***', 'tasks', 'run', 'monthly_prediction', 'wait_for_retrain', 'scheduled__2024-03-01T00:00:00+00:00', '--job-id', '355', '--raw', '--subdir', 'DAGS_FOLDER/monthly_prediction.py', '--cfg-path', '/tmp/tmpox5tr83i']
[2024-08-12T18:24:19.461+0000] {standard_task_runner.py:85} INFO - Job 355: Subtask wait_for_retrain
[2024-08-12T18:24:19.489+0000] {task_command.py:415} INFO - Running <TaskInstance: monthly_prediction.wait_for_retrain scheduled__2024-03-01T00:00:00+00:00 [running]> on host a9166c5dc5ae
[2024-08-12T18:24:19.525+0000] {taskinstance.py:1660} INFO - Exporting env vars: AIRFLOW_CTX_DAG_OWNER='***' AIRFLOW_CTX_DAG_ID='monthly_prediction' AIRFLOW_CTX_TASK_ID='wait_for_retrain' AIRFLOW_CTX_EXECUTION_DATE='2024-03-01T00:00:00+00:00' AIRFLOW_CTX_TRY_NUMBER='1' AIRFLOW_CTX_DAG_RUN_ID='scheduled__2024-03-01T00:00:00+00:00'
[2024-08-12T18:24:19.531+0000] {external_task.py:244} INFO - Poking for tasks ['optimize_and_register_best_classifier'] in dag quarterly_retrain on 2024-02-29T00:00:00+00:00 ... 
[2024-08-12T18:24:19.537+0000] {taskinstance.py:1935} ERROR - Task failed with exception
Traceback (most recent call last):
  File "/home/airflow/.local/lib/python3.8/site-packages/airflow/sensors/external_task.py", line 334, in execute
    super().execute(context)
  File "/home/airflow/.local/lib/python3.8/site-packages/airflow/sensors/base.py", line 274, in execute
    raise AirflowSensorTimeout(message)
airflow.exceptions.AirflowSensorTimeout: Sensor has timed out; run duration of 621.027909 seconds exceeds the specified timeout of 600.0.
[2024-08-12T18:24:19.542+0000] {taskinstance.py:1398} INFO - Immediate failure requested. Marking task as FAILED. dag_id=monthly_prediction, task_id=wait_for_retrain, execution_date=20240301T000000, start_date=20240812T182419, end_date=20240812T182419
[2024-08-12T18:24:19.547+0000] {standard_task_runner.py:104} ERROR - Failed to execute job 355 for task wait_for_retrain (Sensor has timed out; run duration of 621.027909 seconds exceeds the specified timeout of 600.0.; 12093)
[2024-08-12T18:24:19.558+0000] {local_task_job_runner.py:228} INFO - Task exited with return code 1
[2024-08-12T18:24:19.567+0000] {taskinstance.py:2776} INFO - 0 downstream tasks scheduled from follow-on schedule check
[2024-08-12T19:18:35.202+0000] {taskinstance.py:1157} INFO - Dependencies all met for dep_context=non-requeueable deps ti=<TaskInstance: monthly_prediction.wait_for_retrain scheduled__2024-03-01T00:00:00+00:00 [queued]>
[2024-08-12T19:18:35.263+0000] {taskinstance.py:1157} INFO - Dependencies all met for dep_context=requeueable deps ti=<TaskInstance: monthly_prediction.wait_for_retrain scheduled__2024-03-01T00:00:00+00:00 [queued]>
[2024-08-12T19:18:35.280+0000] {taskinstance.py:1359} INFO - Starting attempt 1 of 1
[2024-08-12T19:18:35.918+0000] {taskinstance.py:1380} INFO - Executing <Task(ExternalTaskSensor): wait_for_retrain> on 2024-03-01 00:00:00+00:00
[2024-08-12T19:18:36.151+0000] {standard_task_runner.py:57} INFO - Started process 3350 to run task
[2024-08-12T19:18:36.203+0000] {standard_task_runner.py:84} INFO - Running: ['***', 'tasks', 'run', 'monthly_prediction', 'wait_for_retrain', 'scheduled__2024-03-01T00:00:00+00:00', '--job-id', '432', '--raw', '--subdir', 'DAGS_FOLDER/monthly_prediction.py', '--cfg-path', '/tmp/tmp_x4i4uwg']
[2024-08-12T19:18:36.221+0000] {standard_task_runner.py:85} INFO - Job 432: Subtask wait_for_retrain
[2024-08-12T19:18:47.208+0000] {task_command.py:415} INFO - Running <TaskInstance: monthly_prediction.wait_for_retrain scheduled__2024-03-01T00:00:00+00:00 [running]> on host a9166c5dc5ae
[2024-08-12T19:18:48.568+0000] {taskinstance.py:1660} INFO - Exporting env vars: AIRFLOW_CTX_DAG_OWNER='***' AIRFLOW_CTX_DAG_ID='monthly_prediction' AIRFLOW_CTX_TASK_ID='wait_for_retrain' AIRFLOW_CTX_EXECUTION_DATE='2024-03-01T00:00:00+00:00' AIRFLOW_CTX_TRY_NUMBER='1' AIRFLOW_CTX_DAG_RUN_ID='scheduled__2024-03-01T00:00:00+00:00'
[2024-08-12T19:18:48.659+0000] {external_task.py:244} INFO - Poking for tasks ['optimize_and_register_best_classifier'] in dag quarterly_retrain on 2024-02-29T00:00:00+00:00 ... 
[2024-08-12T19:18:48.965+0000] {taskinstance.py:1895} INFO - Rescheduling task, marking task as UP_FOR_RESCHEDULE
[2024-08-12T19:19:03.271+0000] {local_task_job_runner.py:228} INFO - Task exited with return code 0
[2024-08-12T19:19:03.540+0000] {taskinstance.py:2776} INFO - 0 downstream tasks scheduled from follow-on schedule check
[2024-08-12T19:19:50.024+0000] {taskinstance.py:1157} INFO - Dependencies all met for dep_context=non-requeueable deps ti=<TaskInstance: monthly_prediction.wait_for_retrain scheduled__2024-03-01T00:00:00+00:00 [queued]>
[2024-08-12T19:19:50.028+0000] {taskinstance.py:1157} INFO - Dependencies all met for dep_context=requeueable deps ti=<TaskInstance: monthly_prediction.wait_for_retrain scheduled__2024-03-01T00:00:00+00:00 [queued]>
[2024-08-12T19:19:50.028+0000] {taskinstance.py:1359} INFO - Starting attempt 1 of 1
[2024-08-12T19:19:50.034+0000] {taskinstance.py:1380} INFO - Executing <Task(ExternalTaskSensor): wait_for_retrain> on 2024-03-01 00:00:00+00:00
[2024-08-12T19:19:50.039+0000] {standard_task_runner.py:57} INFO - Started process 3762 to run task
[2024-08-12T19:19:50.043+0000] {standard_task_runner.py:84} INFO - Running: ['***', 'tasks', 'run', 'monthly_prediction', 'wait_for_retrain', 'scheduled__2024-03-01T00:00:00+00:00', '--job-id', '460', '--raw', '--subdir', 'DAGS_FOLDER/monthly_prediction.py', '--cfg-path', '/tmp/tmpmprsdaay']
[2024-08-12T19:19:50.046+0000] {standard_task_runner.py:85} INFO - Job 460: Subtask wait_for_retrain
[2024-08-12T19:19:50.086+0000] {task_command.py:415} INFO - Running <TaskInstance: monthly_prediction.wait_for_retrain scheduled__2024-03-01T00:00:00+00:00 [running]> on host a9166c5dc5ae
[2024-08-12T19:19:50.390+0000] {taskinstance.py:1660} INFO - Exporting env vars: AIRFLOW_CTX_DAG_OWNER='***' AIRFLOW_CTX_DAG_ID='monthly_prediction' AIRFLOW_CTX_TASK_ID='wait_for_retrain' AIRFLOW_CTX_EXECUTION_DATE='2024-03-01T00:00:00+00:00' AIRFLOW_CTX_TRY_NUMBER='1' AIRFLOW_CTX_DAG_RUN_ID='scheduled__2024-03-01T00:00:00+00:00'
[2024-08-12T19:19:50.399+0000] {external_task.py:244} INFO - Poking for tasks ['optimize_and_register_best_classifier'] in dag quarterly_retrain on 2024-02-29T00:00:00+00:00 ... 
[2024-08-12T19:19:50.436+0000] {taskinstance.py:1895} INFO - Rescheduling task, marking task as UP_FOR_RESCHEDULE
[2024-08-12T19:19:50.470+0000] {local_task_job_runner.py:228} INFO - Task exited with return code 0
[2024-08-12T19:19:50.488+0000] {taskinstance.py:2776} INFO - 0 downstream tasks scheduled from follow-on schedule check
[2024-08-12T19:20:51.929+0000] {taskinstance.py:1157} INFO - Dependencies all met for dep_context=non-requeueable deps ti=<TaskInstance: monthly_prediction.wait_for_retrain scheduled__2024-03-01T00:00:00+00:00 [queued]>
[2024-08-12T19:20:51.943+0000] {taskinstance.py:1157} INFO - Dependencies all met for dep_context=requeueable deps ti=<TaskInstance: monthly_prediction.wait_for_retrain scheduled__2024-03-01T00:00:00+00:00 [queued]>
[2024-08-12T19:20:51.944+0000] {taskinstance.py:1359} INFO - Starting attempt 1 of 1
[2024-08-12T19:20:51.980+0000] {taskinstance.py:1380} INFO - Executing <Task(ExternalTaskSensor): wait_for_retrain> on 2024-03-01 00:00:00+00:00
[2024-08-12T19:20:51.993+0000] {standard_task_runner.py:57} INFO - Started process 3934 to run task
[2024-08-12T19:20:51.996+0000] {standard_task_runner.py:84} INFO - Running: ['***', 'tasks', 'run', 'monthly_prediction', 'wait_for_retrain', 'scheduled__2024-03-01T00:00:00+00:00', '--job-id', '468', '--raw', '--subdir', 'DAGS_FOLDER/monthly_prediction.py', '--cfg-path', '/tmp/tmp_3klxgtp']
[2024-08-12T19:20:51.998+0000] {standard_task_runner.py:85} INFO - Job 468: Subtask wait_for_retrain
[2024-08-12T19:20:52.300+0000] {task_command.py:415} INFO - Running <TaskInstance: monthly_prediction.wait_for_retrain scheduled__2024-03-01T00:00:00+00:00 [running]> on host a9166c5dc5ae
[2024-08-12T19:20:52.337+0000] {taskinstance.py:1660} INFO - Exporting env vars: AIRFLOW_CTX_DAG_OWNER='***' AIRFLOW_CTX_DAG_ID='monthly_prediction' AIRFLOW_CTX_TASK_ID='wait_for_retrain' AIRFLOW_CTX_EXECUTION_DATE='2024-03-01T00:00:00+00:00' AIRFLOW_CTX_TRY_NUMBER='1' AIRFLOW_CTX_DAG_RUN_ID='scheduled__2024-03-01T00:00:00+00:00'
[2024-08-12T19:20:52.342+0000] {external_task.py:244} INFO - Poking for tasks ['optimize_and_register_best_classifier'] in dag quarterly_retrain on 2024-02-29T00:00:00+00:00 ... 
[2024-08-12T19:20:52.357+0000] {taskinstance.py:1895} INFO - Rescheduling task, marking task as UP_FOR_RESCHEDULE
[2024-08-12T19:20:52.402+0000] {local_task_job_runner.py:228} INFO - Task exited with return code 0
[2024-08-12T19:20:52.413+0000] {taskinstance.py:2776} INFO - 0 downstream tasks scheduled from follow-on schedule check
[2024-08-12T19:45:43.457+0000] {taskinstance.py:1157} INFO - Dependencies all met for dep_context=non-requeueable deps ti=<TaskInstance: monthly_prediction.wait_for_retrain scheduled__2024-03-01T00:00:00+00:00 [queued]>
[2024-08-12T19:45:43.464+0000] {taskinstance.py:1157} INFO - Dependencies all met for dep_context=requeueable deps ti=<TaskInstance: monthly_prediction.wait_for_retrain scheduled__2024-03-01T00:00:00+00:00 [queued]>
[2024-08-12T19:45:43.465+0000] {taskinstance.py:1359} INFO - Starting attempt 1 of 1
[2024-08-12T19:45:43.495+0000] {taskinstance.py:1380} INFO - Executing <Task(ExternalTaskSensor): wait_for_retrain> on 2024-03-01 00:00:00+00:00
[2024-08-12T19:45:43.543+0000] {standard_task_runner.py:57} INFO - Started process 8118 to run task
[2024-08-12T19:45:43.550+0000] {standard_task_runner.py:84} INFO - Running: ['***', 'tasks', 'run', 'monthly_prediction', 'wait_for_retrain', 'scheduled__2024-03-01T00:00:00+00:00', '--job-id', '651', '--raw', '--subdir', 'DAGS_FOLDER/monthly_prediction.py', '--cfg-path', '/tmp/tmpdzt9sw_7']
[2024-08-12T19:45:43.562+0000] {standard_task_runner.py:85} INFO - Job 651: Subtask wait_for_retrain
[2024-08-12T19:45:44.654+0000] {task_command.py:415} INFO - Running <TaskInstance: monthly_prediction.wait_for_retrain scheduled__2024-03-01T00:00:00+00:00 [running]> on host a9166c5dc5ae
[2024-08-12T19:45:44.927+0000] {taskinstance.py:1660} INFO - Exporting env vars: AIRFLOW_CTX_DAG_OWNER='***' AIRFLOW_CTX_DAG_ID='monthly_prediction' AIRFLOW_CTX_TASK_ID='wait_for_retrain' AIRFLOW_CTX_EXECUTION_DATE='2024-03-01T00:00:00+00:00' AIRFLOW_CTX_TRY_NUMBER='1' AIRFLOW_CTX_DAG_RUN_ID='scheduled__2024-03-01T00:00:00+00:00'
[2024-08-12T19:45:45.098+0000] {external_task.py:244} INFO - Poking for tasks ['optimize_and_register_best_classifier'] in dag quarterly_retrain on 2024-02-29T00:00:00+00:00 ... 
[2024-08-12T19:45:45.280+0000] {taskinstance.py:1895} INFO - Rescheduling task, marking task as UP_FOR_RESCHEDULE
[2024-08-12T19:45:45.343+0000] {local_task_job_runner.py:228} INFO - Task exited with return code 0
[2024-08-12T19:45:45.497+0000] {taskinstance.py:2776} INFO - 0 downstream tasks scheduled from follow-on schedule check
[2024-08-12T19:46:51.204+0000] {taskinstance.py:1157} INFO - Dependencies all met for dep_context=non-requeueable deps ti=<TaskInstance: monthly_prediction.wait_for_retrain scheduled__2024-03-01T00:00:00+00:00 [queued]>
[2024-08-12T19:46:51.219+0000] {taskinstance.py:1157} INFO - Dependencies all met for dep_context=requeueable deps ti=<TaskInstance: monthly_prediction.wait_for_retrain scheduled__2024-03-01T00:00:00+00:00 [queued]>
[2024-08-12T19:46:51.220+0000] {taskinstance.py:1359} INFO - Starting attempt 1 of 1
[2024-08-12T19:46:51.242+0000] {taskinstance.py:1380} INFO - Executing <Task(ExternalTaskSensor): wait_for_retrain> on 2024-03-01 00:00:00+00:00
[2024-08-12T19:46:51.278+0000] {standard_task_runner.py:57} INFO - Started process 8537 to run task
[2024-08-12T19:46:51.290+0000] {standard_task_runner.py:84} INFO - Running: ['***', 'tasks', 'run', 'monthly_prediction', 'wait_for_retrain', 'scheduled__2024-03-01T00:00:00+00:00', '--job-id', '676', '--raw', '--subdir', 'DAGS_FOLDER/monthly_prediction.py', '--cfg-path', '/tmp/tmpo4bhdm8z']
[2024-08-12T19:46:51.305+0000] {standard_task_runner.py:85} INFO - Job 676: Subtask wait_for_retrain
[2024-08-12T19:46:52.522+0000] {task_command.py:415} INFO - Running <TaskInstance: monthly_prediction.wait_for_retrain scheduled__2024-03-01T00:00:00+00:00 [running]> on host a9166c5dc5ae
[2024-08-12T19:46:52.805+0000] {taskinstance.py:1660} INFO - Exporting env vars: AIRFLOW_CTX_DAG_OWNER='***' AIRFLOW_CTX_DAG_ID='monthly_prediction' AIRFLOW_CTX_TASK_ID='wait_for_retrain' AIRFLOW_CTX_EXECUTION_DATE='2024-03-01T00:00:00+00:00' AIRFLOW_CTX_TRY_NUMBER='1' AIRFLOW_CTX_DAG_RUN_ID='scheduled__2024-03-01T00:00:00+00:00'
[2024-08-12T19:46:52.827+0000] {external_task.py:244} INFO - Poking for tasks ['optimize_and_register_best_classifier'] in dag quarterly_retrain on 2024-02-29T00:00:00+00:00 ... 
[2024-08-12T19:46:53.002+0000] {taskinstance.py:1895} INFO - Rescheduling task, marking task as UP_FOR_RESCHEDULE
[2024-08-12T19:46:53.056+0000] {local_task_job_runner.py:228} INFO - Task exited with return code 0
[2024-08-12T19:46:53.134+0000] {taskinstance.py:2776} INFO - 0 downstream tasks scheduled from follow-on schedule check
[2024-08-12T19:47:54.088+0000] {taskinstance.py:1157} INFO - Dependencies all met for dep_context=non-requeueable deps ti=<TaskInstance: monthly_prediction.wait_for_retrain scheduled__2024-03-01T00:00:00+00:00 [queued]>
[2024-08-12T19:47:54.094+0000] {taskinstance.py:1157} INFO - Dependencies all met for dep_context=requeueable deps ti=<TaskInstance: monthly_prediction.wait_for_retrain scheduled__2024-03-01T00:00:00+00:00 [queued]>
[2024-08-12T19:47:54.094+0000] {taskinstance.py:1359} INFO - Starting attempt 1 of 1
[2024-08-12T19:47:54.101+0000] {taskinstance.py:1380} INFO - Executing <Task(ExternalTaskSensor): wait_for_retrain> on 2024-03-01 00:00:00+00:00
[2024-08-12T19:47:54.107+0000] {standard_task_runner.py:57} INFO - Started process 8825 to run task
[2024-08-12T19:47:54.111+0000] {standard_task_runner.py:84} INFO - Running: ['***', 'tasks', 'run', 'monthly_prediction', 'wait_for_retrain', 'scheduled__2024-03-01T00:00:00+00:00', '--job-id', '696', '--raw', '--subdir', 'DAGS_FOLDER/monthly_prediction.py', '--cfg-path', '/tmp/tmpvreqn4ue']
[2024-08-12T19:47:54.114+0000] {standard_task_runner.py:85} INFO - Job 696: Subtask wait_for_retrain
[2024-08-12T19:47:54.469+0000] {task_command.py:415} INFO - Running <TaskInstance: monthly_prediction.wait_for_retrain scheduled__2024-03-01T00:00:00+00:00 [running]> on host a9166c5dc5ae
[2024-08-12T19:47:54.536+0000] {taskinstance.py:1660} INFO - Exporting env vars: AIRFLOW_CTX_DAG_OWNER='***' AIRFLOW_CTX_DAG_ID='monthly_prediction' AIRFLOW_CTX_TASK_ID='wait_for_retrain' AIRFLOW_CTX_EXECUTION_DATE='2024-03-01T00:00:00+00:00' AIRFLOW_CTX_TRY_NUMBER='1' AIRFLOW_CTX_DAG_RUN_ID='scheduled__2024-03-01T00:00:00+00:00'
[2024-08-12T19:47:54.553+0000] {external_task.py:244} INFO - Poking for tasks ['optimize_and_register_best_classifier'] in dag quarterly_retrain on 2024-02-29T00:00:00+00:00 ... 
[2024-08-12T19:47:54.588+0000] {taskinstance.py:1895} INFO - Rescheduling task, marking task as UP_FOR_RESCHEDULE
[2024-08-12T19:47:54.626+0000] {local_task_job_runner.py:228} INFO - Task exited with return code 0
[2024-08-12T19:47:54.649+0000] {taskinstance.py:2776} INFO - 0 downstream tasks scheduled from follow-on schedule check
[2024-08-12T19:48:57.359+0000] {taskinstance.py:1157} INFO - Dependencies all met for dep_context=non-requeueable deps ti=<TaskInstance: monthly_prediction.wait_for_retrain scheduled__2024-03-01T00:00:00+00:00 [queued]>
[2024-08-12T19:48:57.373+0000] {taskinstance.py:1157} INFO - Dependencies all met for dep_context=requeueable deps ti=<TaskInstance: monthly_prediction.wait_for_retrain scheduled__2024-03-01T00:00:00+00:00 [queued]>
[2024-08-12T19:48:57.374+0000] {taskinstance.py:1359} INFO - Starting attempt 1 of 1
[2024-08-12T19:48:57.395+0000] {taskinstance.py:1380} INFO - Executing <Task(ExternalTaskSensor): wait_for_retrain> on 2024-03-01 00:00:00+00:00
[2024-08-12T19:48:57.402+0000] {standard_task_runner.py:57} INFO - Started process 8992 to run task
[2024-08-12T19:48:57.406+0000] {standard_task_runner.py:84} INFO - Running: ['***', 'tasks', 'run', 'monthly_prediction', 'wait_for_retrain', 'scheduled__2024-03-01T00:00:00+00:00', '--job-id', '702', '--raw', '--subdir', 'DAGS_FOLDER/monthly_prediction.py', '--cfg-path', '/tmp/tmpharmzjfr']
[2024-08-12T19:48:57.410+0000] {standard_task_runner.py:85} INFO - Job 702: Subtask wait_for_retrain
[2024-08-12T19:48:57.960+0000] {task_command.py:415} INFO - Running <TaskInstance: monthly_prediction.wait_for_retrain scheduled__2024-03-01T00:00:00+00:00 [running]> on host a9166c5dc5ae
[2024-08-12T19:48:58.076+0000] {taskinstance.py:1660} INFO - Exporting env vars: AIRFLOW_CTX_DAG_OWNER='***' AIRFLOW_CTX_DAG_ID='monthly_prediction' AIRFLOW_CTX_TASK_ID='wait_for_retrain' AIRFLOW_CTX_EXECUTION_DATE='2024-03-01T00:00:00+00:00' AIRFLOW_CTX_TRY_NUMBER='1' AIRFLOW_CTX_DAG_RUN_ID='scheduled__2024-03-01T00:00:00+00:00'
[2024-08-12T19:48:58.105+0000] {external_task.py:244} INFO - Poking for tasks ['optimize_and_register_best_classifier'] in dag quarterly_retrain on 2024-02-29T00:00:00+00:00 ... 
[2024-08-12T19:48:58.158+0000] {taskinstance.py:1895} INFO - Rescheduling task, marking task as UP_FOR_RESCHEDULE
[2024-08-12T19:48:58.189+0000] {local_task_job_runner.py:228} INFO - Task exited with return code 0
[2024-08-12T19:48:58.231+0000] {taskinstance.py:2776} INFO - 0 downstream tasks scheduled from follow-on schedule check
[2024-08-12T19:50:00.540+0000] {taskinstance.py:1157} INFO - Dependencies all met for dep_context=non-requeueable deps ti=<TaskInstance: monthly_prediction.wait_for_retrain scheduled__2024-03-01T00:00:00+00:00 [queued]>
[2024-08-12T19:50:00.551+0000] {taskinstance.py:1157} INFO - Dependencies all met for dep_context=requeueable deps ti=<TaskInstance: monthly_prediction.wait_for_retrain scheduled__2024-03-01T00:00:00+00:00 [queued]>
[2024-08-12T19:50:00.551+0000] {taskinstance.py:1359} INFO - Starting attempt 1 of 1
[2024-08-12T19:50:00.565+0000] {taskinstance.py:1380} INFO - Executing <Task(ExternalTaskSensor): wait_for_retrain> on 2024-03-01 00:00:00+00:00
[2024-08-12T19:50:00.573+0000] {standard_task_runner.py:57} INFO - Started process 9255 to run task
[2024-08-12T19:50:00.578+0000] {standard_task_runner.py:84} INFO - Running: ['***', 'tasks', 'run', 'monthly_prediction', 'wait_for_retrain', 'scheduled__2024-03-01T00:00:00+00:00', '--job-id', '716', '--raw', '--subdir', 'DAGS_FOLDER/monthly_prediction.py', '--cfg-path', '/tmp/tmpdi34i19u']
[2024-08-12T19:50:00.580+0000] {standard_task_runner.py:85} INFO - Job 716: Subtask wait_for_retrain
[2024-08-12T19:50:01.001+0000] {task_command.py:415} INFO - Running <TaskInstance: monthly_prediction.wait_for_retrain scheduled__2024-03-01T00:00:00+00:00 [running]> on host a9166c5dc5ae
[2024-08-12T19:50:01.085+0000] {taskinstance.py:1660} INFO - Exporting env vars: AIRFLOW_CTX_DAG_OWNER='***' AIRFLOW_CTX_DAG_ID='monthly_prediction' AIRFLOW_CTX_TASK_ID='wait_for_retrain' AIRFLOW_CTX_EXECUTION_DATE='2024-03-01T00:00:00+00:00' AIRFLOW_CTX_TRY_NUMBER='1' AIRFLOW_CTX_DAG_RUN_ID='scheduled__2024-03-01T00:00:00+00:00'
[2024-08-12T19:50:01.100+0000] {external_task.py:244} INFO - Poking for tasks ['optimize_and_register_best_classifier'] in dag quarterly_retrain on 2024-02-29T00:00:00+00:00 ... 
[2024-08-12T19:50:01.148+0000] {taskinstance.py:1895} INFO - Rescheduling task, marking task as UP_FOR_RESCHEDULE
[2024-08-12T19:50:01.195+0000] {local_task_job_runner.py:228} INFO - Task exited with return code 0
[2024-08-12T19:50:01.310+0000] {taskinstance.py:2776} INFO - 0 downstream tasks scheduled from follow-on schedule check
[2024-08-12T19:51:04.521+0000] {taskinstance.py:1157} INFO - Dependencies all met for dep_context=non-requeueable deps ti=<TaskInstance: monthly_prediction.wait_for_retrain scheduled__2024-03-01T00:00:00+00:00 [queued]>
[2024-08-12T19:51:04.530+0000] {taskinstance.py:1157} INFO - Dependencies all met for dep_context=requeueable deps ti=<TaskInstance: monthly_prediction.wait_for_retrain scheduled__2024-03-01T00:00:00+00:00 [queued]>
[2024-08-12T19:51:04.530+0000] {taskinstance.py:1359} INFO - Starting attempt 1 of 1
[2024-08-12T19:51:04.545+0000] {taskinstance.py:1380} INFO - Executing <Task(ExternalTaskSensor): wait_for_retrain> on 2024-03-01 00:00:00+00:00
[2024-08-12T19:51:04.556+0000] {standard_task_runner.py:57} INFO - Started process 9538 to run task
[2024-08-12T19:51:04.560+0000] {standard_task_runner.py:84} INFO - Running: ['***', 'tasks', 'run', 'monthly_prediction', 'wait_for_retrain', 'scheduled__2024-03-01T00:00:00+00:00', '--job-id', '729', '--raw', '--subdir', 'DAGS_FOLDER/monthly_prediction.py', '--cfg-path', '/tmp/tmpe9hgw08p']
[2024-08-12T19:51:04.566+0000] {standard_task_runner.py:85} INFO - Job 729: Subtask wait_for_retrain
[2024-08-12T19:51:04.952+0000] {task_command.py:415} INFO - Running <TaskInstance: monthly_prediction.wait_for_retrain scheduled__2024-03-01T00:00:00+00:00 [running]> on host a9166c5dc5ae
[2024-08-12T19:51:05.077+0000] {taskinstance.py:1660} INFO - Exporting env vars: AIRFLOW_CTX_DAG_OWNER='***' AIRFLOW_CTX_DAG_ID='monthly_prediction' AIRFLOW_CTX_TASK_ID='wait_for_retrain' AIRFLOW_CTX_EXECUTION_DATE='2024-03-01T00:00:00+00:00' AIRFLOW_CTX_TRY_NUMBER='1' AIRFLOW_CTX_DAG_RUN_ID='scheduled__2024-03-01T00:00:00+00:00'
[2024-08-12T19:51:05.107+0000] {external_task.py:244} INFO - Poking for tasks ['optimize_and_register_best_classifier'] in dag quarterly_retrain on 2024-02-29T00:00:00+00:00 ... 
[2024-08-12T19:51:05.168+0000] {taskinstance.py:1895} INFO - Rescheduling task, marking task as UP_FOR_RESCHEDULE
[2024-08-12T19:51:05.205+0000] {local_task_job_runner.py:228} INFO - Task exited with return code 0
[2024-08-12T19:51:05.243+0000] {taskinstance.py:2776} INFO - 0 downstream tasks scheduled from follow-on schedule check
[2024-08-12T19:52:10.390+0000] {taskinstance.py:1157} INFO - Dependencies all met for dep_context=non-requeueable deps ti=<TaskInstance: monthly_prediction.wait_for_retrain scheduled__2024-03-01T00:00:00+00:00 [queued]>
[2024-08-12T19:52:10.423+0000] {taskinstance.py:1157} INFO - Dependencies all met for dep_context=requeueable deps ti=<TaskInstance: monthly_prediction.wait_for_retrain scheduled__2024-03-01T00:00:00+00:00 [queued]>
[2024-08-12T19:52:10.427+0000] {taskinstance.py:1359} INFO - Starting attempt 1 of 1
[2024-08-12T19:52:10.484+0000] {taskinstance.py:1380} INFO - Executing <Task(ExternalTaskSensor): wait_for_retrain> on 2024-03-01 00:00:00+00:00
[2024-08-12T19:52:10.512+0000] {standard_task_runner.py:57} INFO - Started process 9743 to run task
[2024-08-12T19:52:10.529+0000] {standard_task_runner.py:84} INFO - Running: ['***', 'tasks', 'run', 'monthly_prediction', 'wait_for_retrain', 'scheduled__2024-03-01T00:00:00+00:00', '--job-id', '743', '--raw', '--subdir', 'DAGS_FOLDER/monthly_prediction.py', '--cfg-path', '/tmp/tmp23_qqugg']
[2024-08-12T19:52:10.541+0000] {standard_task_runner.py:85} INFO - Job 743: Subtask wait_for_retrain
[2024-08-12T19:52:11.360+0000] {task_command.py:415} INFO - Running <TaskInstance: monthly_prediction.wait_for_retrain scheduled__2024-03-01T00:00:00+00:00 [running]> on host a9166c5dc5ae
[2024-08-12T19:52:11.495+0000] {taskinstance.py:1660} INFO - Exporting env vars: AIRFLOW_CTX_DAG_OWNER='***' AIRFLOW_CTX_DAG_ID='monthly_prediction' AIRFLOW_CTX_TASK_ID='wait_for_retrain' AIRFLOW_CTX_EXECUTION_DATE='2024-03-01T00:00:00+00:00' AIRFLOW_CTX_TRY_NUMBER='1' AIRFLOW_CTX_DAG_RUN_ID='scheduled__2024-03-01T00:00:00+00:00'
[2024-08-12T19:52:11.519+0000] {external_task.py:244} INFO - Poking for tasks ['optimize_and_register_best_classifier'] in dag quarterly_retrain on 2024-02-29T00:00:00+00:00 ... 
[2024-08-12T19:52:11.628+0000] {taskinstance.py:1895} INFO - Rescheduling task, marking task as UP_FOR_RESCHEDULE
[2024-08-12T19:52:11.695+0000] {local_task_job_runner.py:228} INFO - Task exited with return code 0
[2024-08-12T19:52:11.741+0000] {taskinstance.py:2776} INFO - 0 downstream tasks scheduled from follow-on schedule check
[2024-08-12T19:53:15.435+0000] {taskinstance.py:1157} INFO - Dependencies all met for dep_context=non-requeueable deps ti=<TaskInstance: monthly_prediction.wait_for_retrain scheduled__2024-03-01T00:00:00+00:00 [queued]>
[2024-08-12T19:53:15.456+0000] {taskinstance.py:1157} INFO - Dependencies all met for dep_context=requeueable deps ti=<TaskInstance: monthly_prediction.wait_for_retrain scheduled__2024-03-01T00:00:00+00:00 [queued]>
[2024-08-12T19:53:15.461+0000] {taskinstance.py:1359} INFO - Starting attempt 1 of 1
[2024-08-12T19:53:15.489+0000] {taskinstance.py:1380} INFO - Executing <Task(ExternalTaskSensor): wait_for_retrain> on 2024-03-01 00:00:00+00:00
[2024-08-12T19:53:15.511+0000] {standard_task_runner.py:57} INFO - Started process 9935 to run task
[2024-08-12T19:53:15.521+0000] {standard_task_runner.py:84} INFO - Running: ['***', 'tasks', 'run', 'monthly_prediction', 'wait_for_retrain', 'scheduled__2024-03-01T00:00:00+00:00', '--job-id', '753', '--raw', '--subdir', 'DAGS_FOLDER/monthly_prediction.py', '--cfg-path', '/tmp/tmpyg02pqlz']
[2024-08-12T19:53:15.538+0000] {standard_task_runner.py:85} INFO - Job 753: Subtask wait_for_retrain
[2024-08-12T19:53:15.860+0000] {task_command.py:415} INFO - Running <TaskInstance: monthly_prediction.wait_for_retrain scheduled__2024-03-01T00:00:00+00:00 [running]> on host a9166c5dc5ae
[2024-08-12T19:53:16.838+0000] {taskinstance.py:1660} INFO - Exporting env vars: AIRFLOW_CTX_DAG_OWNER='***' AIRFLOW_CTX_DAG_ID='monthly_prediction' AIRFLOW_CTX_TASK_ID='wait_for_retrain' AIRFLOW_CTX_EXECUTION_DATE='2024-03-01T00:00:00+00:00' AIRFLOW_CTX_TRY_NUMBER='1' AIRFLOW_CTX_DAG_RUN_ID='scheduled__2024-03-01T00:00:00+00:00'
[2024-08-12T19:53:16.881+0000] {external_task.py:244} INFO - Poking for tasks ['optimize_and_register_best_classifier'] in dag quarterly_retrain on 2024-02-29T00:00:00+00:00 ... 
[2024-08-12T19:53:16.976+0000] {taskinstance.py:1895} INFO - Rescheduling task, marking task as UP_FOR_RESCHEDULE
[2024-08-12T19:53:17.016+0000] {local_task_job_runner.py:228} INFO - Task exited with return code 0
[2024-08-12T19:53:17.058+0000] {taskinstance.py:2776} INFO - 0 downstream tasks scheduled from follow-on schedule check
[2024-08-12T19:54:19.803+0000] {taskinstance.py:1157} INFO - Dependencies all met for dep_context=non-requeueable deps ti=<TaskInstance: monthly_prediction.wait_for_retrain scheduled__2024-03-01T00:00:00+00:00 [queued]>
[2024-08-12T19:54:19.817+0000] {taskinstance.py:1157} INFO - Dependencies all met for dep_context=requeueable deps ti=<TaskInstance: monthly_prediction.wait_for_retrain scheduled__2024-03-01T00:00:00+00:00 [queued]>
[2024-08-12T19:54:19.818+0000] {taskinstance.py:1359} INFO - Starting attempt 1 of 1
[2024-08-12T19:54:19.837+0000] {taskinstance.py:1380} INFO - Executing <Task(ExternalTaskSensor): wait_for_retrain> on 2024-03-01 00:00:00+00:00
[2024-08-12T19:54:19.855+0000] {standard_task_runner.py:57} INFO - Started process 10134 to run task
[2024-08-12T19:54:19.862+0000] {standard_task_runner.py:84} INFO - Running: ['***', 'tasks', 'run', 'monthly_prediction', 'wait_for_retrain', 'scheduled__2024-03-01T00:00:00+00:00', '--job-id', '764', '--raw', '--subdir', 'DAGS_FOLDER/monthly_prediction.py', '--cfg-path', '/tmp/tmpxquib22k']
[2024-08-12T19:54:19.872+0000] {standard_task_runner.py:85} INFO - Job 764: Subtask wait_for_retrain
[2024-08-12T19:54:20.499+0000] {task_command.py:415} INFO - Running <TaskInstance: monthly_prediction.wait_for_retrain scheduled__2024-03-01T00:00:00+00:00 [running]> on host a9166c5dc5ae
[2024-08-12T19:54:20.629+0000] {taskinstance.py:1660} INFO - Exporting env vars: AIRFLOW_CTX_DAG_OWNER='***' AIRFLOW_CTX_DAG_ID='monthly_prediction' AIRFLOW_CTX_TASK_ID='wait_for_retrain' AIRFLOW_CTX_EXECUTION_DATE='2024-03-01T00:00:00+00:00' AIRFLOW_CTX_TRY_NUMBER='1' AIRFLOW_CTX_DAG_RUN_ID='scheduled__2024-03-01T00:00:00+00:00'
[2024-08-12T19:54:20.651+0000] {external_task.py:244} INFO - Poking for tasks ['optimize_and_register_best_classifier'] in dag quarterly_retrain on 2024-02-29T00:00:00+00:00 ... 
[2024-08-12T19:54:20.708+0000] {taskinstance.py:1895} INFO - Rescheduling task, marking task as UP_FOR_RESCHEDULE
[2024-08-12T19:54:20.769+0000] {local_task_job_runner.py:228} INFO - Task exited with return code 0
[2024-08-12T19:54:20.811+0000] {taskinstance.py:2776} INFO - 0 downstream tasks scheduled from follow-on schedule check
[2024-08-12T19:55:25.556+0000] {taskinstance.py:1157} INFO - Dependencies all met for dep_context=non-requeueable deps ti=<TaskInstance: monthly_prediction.wait_for_retrain scheduled__2024-03-01T00:00:00+00:00 [queued]>
[2024-08-12T19:55:25.596+0000] {taskinstance.py:1157} INFO - Dependencies all met for dep_context=requeueable deps ti=<TaskInstance: monthly_prediction.wait_for_retrain scheduled__2024-03-01T00:00:00+00:00 [queued]>
[2024-08-12T19:55:25.610+0000] {taskinstance.py:1359} INFO - Starting attempt 1 of 1
[2024-08-12T19:55:25.684+0000] {taskinstance.py:1380} INFO - Executing <Task(ExternalTaskSensor): wait_for_retrain> on 2024-03-01 00:00:00+00:00
[2024-08-12T19:55:25.751+0000] {standard_task_runner.py:57} INFO - Started process 10354 to run task
[2024-08-12T19:55:25.894+0000] {standard_task_runner.py:84} INFO - Running: ['***', 'tasks', 'run', 'monthly_prediction', 'wait_for_retrain', 'scheduled__2024-03-01T00:00:00+00:00', '--job-id', '778', '--raw', '--subdir', 'DAGS_FOLDER/monthly_prediction.py', '--cfg-path', '/tmp/tmpftzxju9j']
[2024-08-12T19:55:25.931+0000] {standard_task_runner.py:85} INFO - Job 778: Subtask wait_for_retrain
[2024-08-12T19:55:26.957+0000] {task_command.py:415} INFO - Running <TaskInstance: monthly_prediction.wait_for_retrain scheduled__2024-03-01T00:00:00+00:00 [running]> on host a9166c5dc5ae
[2024-08-12T19:55:27.223+0000] {taskinstance.py:1660} INFO - Exporting env vars: AIRFLOW_CTX_DAG_OWNER='***' AIRFLOW_CTX_DAG_ID='monthly_prediction' AIRFLOW_CTX_TASK_ID='wait_for_retrain' AIRFLOW_CTX_EXECUTION_DATE='2024-03-01T00:00:00+00:00' AIRFLOW_CTX_TRY_NUMBER='1' AIRFLOW_CTX_DAG_RUN_ID='scheduled__2024-03-01T00:00:00+00:00'
[2024-08-12T19:55:27.253+0000] {external_task.py:244} INFO - Poking for tasks ['optimize_and_register_best_classifier'] in dag quarterly_retrain on 2024-02-29T00:00:00+00:00 ... 
[2024-08-12T19:55:27.362+0000] {taskinstance.py:1895} INFO - Rescheduling task, marking task as UP_FOR_RESCHEDULE
[2024-08-12T19:55:27.426+0000] {local_task_job_runner.py:228} INFO - Task exited with return code 0
[2024-08-12T19:55:27.516+0000] {taskinstance.py:2776} INFO - 0 downstream tasks scheduled from follow-on schedule check
[2024-08-12T19:56:30.897+0000] {taskinstance.py:1157} INFO - Dependencies all met for dep_context=non-requeueable deps ti=<TaskInstance: monthly_prediction.wait_for_retrain scheduled__2024-03-01T00:00:00+00:00 [queued]>
[2024-08-12T19:56:30.933+0000] {taskinstance.py:1157} INFO - Dependencies all met for dep_context=requeueable deps ti=<TaskInstance: monthly_prediction.wait_for_retrain scheduled__2024-03-01T00:00:00+00:00 [queued]>
[2024-08-12T19:56:30.978+0000] {taskinstance.py:1359} INFO - Starting attempt 1 of 1
[2024-08-12T19:56:31.044+0000] {taskinstance.py:1380} INFO - Executing <Task(ExternalTaskSensor): wait_for_retrain> on 2024-03-01 00:00:00+00:00
[2024-08-12T19:56:31.074+0000] {standard_task_runner.py:57} INFO - Started process 10624 to run task
[2024-08-12T19:56:31.099+0000] {standard_task_runner.py:84} INFO - Running: ['***', 'tasks', 'run', 'monthly_prediction', 'wait_for_retrain', 'scheduled__2024-03-01T00:00:00+00:00', '--job-id', '792', '--raw', '--subdir', 'DAGS_FOLDER/monthly_prediction.py', '--cfg-path', '/tmp/tmp4f12eq3a']
[2024-08-12T19:56:31.127+0000] {standard_task_runner.py:85} INFO - Job 792: Subtask wait_for_retrain
[2024-08-12T19:56:31.829+0000] {task_command.py:415} INFO - Running <TaskInstance: monthly_prediction.wait_for_retrain scheduled__2024-03-01T00:00:00+00:00 [running]> on host a9166c5dc5ae
[2024-08-12T19:56:31.959+0000] {taskinstance.py:1660} INFO - Exporting env vars: AIRFLOW_CTX_DAG_OWNER='***' AIRFLOW_CTX_DAG_ID='monthly_prediction' AIRFLOW_CTX_TASK_ID='wait_for_retrain' AIRFLOW_CTX_EXECUTION_DATE='2024-03-01T00:00:00+00:00' AIRFLOW_CTX_TRY_NUMBER='1' AIRFLOW_CTX_DAG_RUN_ID='scheduled__2024-03-01T00:00:00+00:00'
[2024-08-12T19:56:31.980+0000] {external_task.py:244} INFO - Poking for tasks ['optimize_and_register_best_classifier'] in dag quarterly_retrain on 2024-02-29T00:00:00+00:00 ... 
[2024-08-12T19:56:32.034+0000] {taskinstance.py:1895} INFO - Rescheduling task, marking task as UP_FOR_RESCHEDULE
[2024-08-12T19:56:32.072+0000] {local_task_job_runner.py:228} INFO - Task exited with return code 0
[2024-08-12T19:56:32.130+0000] {taskinstance.py:2776} INFO - 0 downstream tasks scheduled from follow-on schedule check
[2024-08-12T19:57:37.196+0000] {taskinstance.py:1157} INFO - Dependencies all met for dep_context=non-requeueable deps ti=<TaskInstance: monthly_prediction.wait_for_retrain scheduled__2024-03-01T00:00:00+00:00 [queued]>
[2024-08-12T19:57:37.224+0000] {taskinstance.py:1157} INFO - Dependencies all met for dep_context=requeueable deps ti=<TaskInstance: monthly_prediction.wait_for_retrain scheduled__2024-03-01T00:00:00+00:00 [queued]>
[2024-08-12T19:57:37.227+0000] {taskinstance.py:1359} INFO - Starting attempt 1 of 1
[2024-08-12T19:57:37.307+0000] {taskinstance.py:1380} INFO - Executing <Task(ExternalTaskSensor): wait_for_retrain> on 2024-03-01 00:00:00+00:00
[2024-08-12T19:57:37.352+0000] {standard_task_runner.py:57} INFO - Started process 10920 to run task
[2024-08-12T19:57:37.361+0000] {standard_task_runner.py:84} INFO - Running: ['***', 'tasks', 'run', 'monthly_prediction', 'wait_for_retrain', 'scheduled__2024-03-01T00:00:00+00:00', '--job-id', '810', '--raw', '--subdir', 'DAGS_FOLDER/monthly_prediction.py', '--cfg-path', '/tmp/tmpmwhc252s']
[2024-08-12T19:57:37.395+0000] {standard_task_runner.py:85} INFO - Job 810: Subtask wait_for_retrain
[2024-08-12T19:57:39.245+0000] {task_command.py:415} INFO - Running <TaskInstance: monthly_prediction.wait_for_retrain scheduled__2024-03-01T00:00:00+00:00 [running]> on host a9166c5dc5ae
[2024-08-12T19:57:39.515+0000] {taskinstance.py:1660} INFO - Exporting env vars: AIRFLOW_CTX_DAG_OWNER='***' AIRFLOW_CTX_DAG_ID='monthly_prediction' AIRFLOW_CTX_TASK_ID='wait_for_retrain' AIRFLOW_CTX_EXECUTION_DATE='2024-03-01T00:00:00+00:00' AIRFLOW_CTX_TRY_NUMBER='1' AIRFLOW_CTX_DAG_RUN_ID='scheduled__2024-03-01T00:00:00+00:00'
[2024-08-12T19:57:39.560+0000] {external_task.py:244} INFO - Poking for tasks ['optimize_and_register_best_classifier'] in dag quarterly_retrain on 2024-02-29T00:00:00+00:00 ... 
[2024-08-12T19:57:39.625+0000] {taskinstance.py:1935} ERROR - Task failed with exception
Traceback (most recent call last):
  File "/home/airflow/.local/lib/python3.8/site-packages/airflow/sensors/external_task.py", line 334, in execute
    super().execute(context)
  File "/home/airflow/.local/lib/python3.8/site-packages/airflow/sensors/base.py", line 274, in execute
    raise AirflowSensorTimeout(message)
airflow.exceptions.AirflowSensorTimeout: Sensor has timed out; run duration of 647.014812 seconds exceeds the specified timeout of 600.0.
[2024-08-12T19:57:39.662+0000] {taskinstance.py:1398} INFO - Immediate failure requested. Marking task as FAILED. dag_id=monthly_prediction, task_id=wait_for_retrain, execution_date=20240301T000000, start_date=20240812T195737, end_date=20240812T195739
[2024-08-12T19:57:39.704+0000] {standard_task_runner.py:104} ERROR - Failed to execute job 810 for task wait_for_retrain (Sensor has timed out; run duration of 647.014812 seconds exceeds the specified timeout of 600.0.; 10920)
[2024-08-12T19:57:39.788+0000] {local_task_job_runner.py:228} INFO - Task exited with return code 1
[2024-08-12T19:57:39.966+0000] {taskinstance.py:2776} INFO - 0 downstream tasks scheduled from follow-on schedule check
[2024-08-12T20:08:10.035+0000] {taskinstance.py:1157} INFO - Dependencies all met for dep_context=non-requeueable deps ti=<TaskInstance: monthly_prediction.wait_for_retrain scheduled__2024-03-01T00:00:00+00:00 [queued]>
[2024-08-12T20:08:10.103+0000] {taskinstance.py:1157} INFO - Dependencies all met for dep_context=requeueable deps ti=<TaskInstance: monthly_prediction.wait_for_retrain scheduled__2024-03-01T00:00:00+00:00 [queued]>
[2024-08-12T20:08:10.104+0000] {taskinstance.py:1359} INFO - Starting attempt 1 of 1
[2024-08-12T20:08:10.163+0000] {taskinstance.py:1380} INFO - Executing <Task(ExternalTaskSensor): wait_for_retrain> on 2024-03-01 00:00:00+00:00
[2024-08-12T20:08:10.267+0000] {standard_task_runner.py:57} INFO - Started process 12558 to run task
[2024-08-12T20:08:10.281+0000] {standard_task_runner.py:84} INFO - Running: ['***', 'tasks', 'run', 'monthly_prediction', 'wait_for_retrain', 'scheduled__2024-03-01T00:00:00+00:00', '--job-id', '868', '--raw', '--subdir', 'DAGS_FOLDER/monthly_prediction.py', '--cfg-path', '/tmp/tmpc08300nb']
[2024-08-12T20:08:10.296+0000] {standard_task_runner.py:85} INFO - Job 868: Subtask wait_for_retrain
[2024-08-12T20:08:11.461+0000] {task_command.py:415} INFO - Running <TaskInstance: monthly_prediction.wait_for_retrain scheduled__2024-03-01T00:00:00+00:00 [running]> on host a9166c5dc5ae
[2024-08-12T20:08:13.206+0000] {taskinstance.py:1660} INFO - Exporting env vars: AIRFLOW_CTX_DAG_OWNER='***' AIRFLOW_CTX_DAG_ID='monthly_prediction' AIRFLOW_CTX_TASK_ID='wait_for_retrain' AIRFLOW_CTX_EXECUTION_DATE='2024-03-01T00:00:00+00:00' AIRFLOW_CTX_TRY_NUMBER='1' AIRFLOW_CTX_DAG_RUN_ID='scheduled__2024-03-01T00:00:00+00:00'
[2024-08-12T20:08:13.338+0000] {external_task.py:244} INFO - Poking for tasks ['optimize_and_register_best_classifier'] in dag quarterly_retrain on 2024-02-29T00:00:00+00:00 ... 
[2024-08-12T20:08:13.484+0000] {taskinstance.py:1895} INFO - Rescheduling task, marking task as UP_FOR_RESCHEDULE
[2024-08-12T20:08:13.580+0000] {local_task_job_runner.py:228} INFO - Task exited with return code 0
[2024-08-12T20:08:13.669+0000] {taskinstance.py:2776} INFO - 0 downstream tasks scheduled from follow-on schedule check
[2024-08-12T20:09:39.233+0000] {taskinstance.py:1157} INFO - Dependencies all met for dep_context=non-requeueable deps ti=<TaskInstance: monthly_prediction.wait_for_retrain scheduled__2024-03-01T00:00:00+00:00 [queued]>
[2024-08-12T20:09:39.314+0000] {taskinstance.py:1157} INFO - Dependencies all met for dep_context=requeueable deps ti=<TaskInstance: monthly_prediction.wait_for_retrain scheduled__2024-03-01T00:00:00+00:00 [queued]>
[2024-08-12T20:09:39.330+0000] {taskinstance.py:1359} INFO - Starting attempt 1 of 1
[2024-08-12T20:09:39.412+0000] {taskinstance.py:1380} INFO - Executing <Task(ExternalTaskSensor): wait_for_retrain> on 2024-03-01 00:00:00+00:00
[2024-08-12T20:09:39.594+0000] {standard_task_runner.py:57} INFO - Started process 13022 to run task
[2024-08-12T20:09:39.632+0000] {standard_task_runner.py:84} INFO - Running: ['***', 'tasks', 'run', 'monthly_prediction', 'wait_for_retrain', 'scheduled__2024-03-01T00:00:00+00:00', '--job-id', '888', '--raw', '--subdir', 'DAGS_FOLDER/monthly_prediction.py', '--cfg-path', '/tmp/tmpyg1mr7wf']
[2024-08-12T20:09:39.674+0000] {standard_task_runner.py:85} INFO - Job 888: Subtask wait_for_retrain
[2024-08-12T20:09:45.315+0000] {task_command.py:415} INFO - Running <TaskInstance: monthly_prediction.wait_for_retrain scheduled__2024-03-01T00:00:00+00:00 [running]> on host a9166c5dc5ae
[2024-08-12T20:09:49.093+0000] {taskinstance.py:1660} INFO - Exporting env vars: AIRFLOW_CTX_DAG_OWNER='***' AIRFLOW_CTX_DAG_ID='monthly_prediction' AIRFLOW_CTX_TASK_ID='wait_for_retrain' AIRFLOW_CTX_EXECUTION_DATE='2024-03-01T00:00:00+00:00' AIRFLOW_CTX_TRY_NUMBER='1' AIRFLOW_CTX_DAG_RUN_ID='scheduled__2024-03-01T00:00:00+00:00'
[2024-08-12T20:09:49.317+0000] {external_task.py:244} INFO - Poking for tasks ['optimize_and_register_best_classifier'] in dag quarterly_retrain on 2024-02-29T00:00:00+00:00 ... 
[2024-08-12T20:09:49.613+0000] {taskinstance.py:1895} INFO - Rescheduling task, marking task as UP_FOR_RESCHEDULE
[2024-08-12T20:09:50.122+0000] {local_task_job_runner.py:228} INFO - Task exited with return code 0
[2024-08-12T20:09:55.275+0000] {taskinstance.py:2776} INFO - 0 downstream tasks scheduled from follow-on schedule check
[2024-08-12T20:10:52.379+0000] {taskinstance.py:1157} INFO - Dependencies all met for dep_context=non-requeueable deps ti=<TaskInstance: monthly_prediction.wait_for_retrain scheduled__2024-03-01T00:00:00+00:00 [queued]>
[2024-08-12T20:10:52.387+0000] {taskinstance.py:1157} INFO - Dependencies all met for dep_context=requeueable deps ti=<TaskInstance: monthly_prediction.wait_for_retrain scheduled__2024-03-01T00:00:00+00:00 [queued]>
[2024-08-12T20:10:52.387+0000] {taskinstance.py:1359} INFO - Starting attempt 1 of 1
[2024-08-12T20:10:52.398+0000] {taskinstance.py:1380} INFO - Executing <Task(ExternalTaskSensor): wait_for_retrain> on 2024-03-01 00:00:00+00:00
[2024-08-12T20:10:52.407+0000] {standard_task_runner.py:57} INFO - Started process 13331 to run task
[2024-08-12T20:10:52.410+0000] {standard_task_runner.py:84} INFO - Running: ['***', 'tasks', 'run', 'monthly_prediction', 'wait_for_retrain', 'scheduled__2024-03-01T00:00:00+00:00', '--job-id', '925', '--raw', '--subdir', 'DAGS_FOLDER/monthly_prediction.py', '--cfg-path', '/tmp/tmph1oaor9s']
[2024-08-12T20:10:52.413+0000] {standard_task_runner.py:85} INFO - Job 925: Subtask wait_for_retrain
[2024-08-12T20:10:52.814+0000] {task_command.py:415} INFO - Running <TaskInstance: monthly_prediction.wait_for_retrain scheduled__2024-03-01T00:00:00+00:00 [running]> on host a9166c5dc5ae
[2024-08-12T20:10:52.884+0000] {taskinstance.py:1660} INFO - Exporting env vars: AIRFLOW_CTX_DAG_OWNER='***' AIRFLOW_CTX_DAG_ID='monthly_prediction' AIRFLOW_CTX_TASK_ID='wait_for_retrain' AIRFLOW_CTX_EXECUTION_DATE='2024-03-01T00:00:00+00:00' AIRFLOW_CTX_TRY_NUMBER='1' AIRFLOW_CTX_DAG_RUN_ID='scheduled__2024-03-01T00:00:00+00:00'
[2024-08-12T20:10:52.893+0000] {external_task.py:244} INFO - Poking for tasks ['optimize_and_register_best_classifier'] in dag quarterly_retrain on 2024-02-29T00:00:00+00:00 ... 
[2024-08-12T20:10:52.921+0000] {taskinstance.py:1895} INFO - Rescheduling task, marking task as UP_FOR_RESCHEDULE
[2024-08-12T20:10:52.974+0000] {local_task_job_runner.py:228} INFO - Task exited with return code 0
[2024-08-12T20:10:52.994+0000] {taskinstance.py:2776} INFO - 0 downstream tasks scheduled from follow-on schedule check
[2024-08-12T20:11:55.534+0000] {taskinstance.py:1157} INFO - Dependencies all met for dep_context=non-requeueable deps ti=<TaskInstance: monthly_prediction.wait_for_retrain scheduled__2024-03-01T00:00:00+00:00 [queued]>
[2024-08-12T20:11:55.550+0000] {taskinstance.py:1157} INFO - Dependencies all met for dep_context=requeueable deps ti=<TaskInstance: monthly_prediction.wait_for_retrain scheduled__2024-03-01T00:00:00+00:00 [queued]>
[2024-08-12T20:11:55.553+0000] {taskinstance.py:1359} INFO - Starting attempt 1 of 1
[2024-08-12T20:11:55.601+0000] {taskinstance.py:1380} INFO - Executing <Task(ExternalTaskSensor): wait_for_retrain> on 2024-03-01 00:00:00+00:00
[2024-08-12T20:11:55.627+0000] {standard_task_runner.py:57} INFO - Started process 13502 to run task
[2024-08-12T20:11:55.646+0000] {standard_task_runner.py:84} INFO - Running: ['***', 'tasks', 'run', 'monthly_prediction', 'wait_for_retrain', 'scheduled__2024-03-01T00:00:00+00:00', '--job-id', '933', '--raw', '--subdir', 'DAGS_FOLDER/monthly_prediction.py', '--cfg-path', '/tmp/tmpbrlmnhih']
[2024-08-12T20:11:55.652+0000] {standard_task_runner.py:85} INFO - Job 933: Subtask wait_for_retrain
[2024-08-12T20:11:56.281+0000] {task_command.py:415} INFO - Running <TaskInstance: monthly_prediction.wait_for_retrain scheduled__2024-03-01T00:00:00+00:00 [running]> on host a9166c5dc5ae
[2024-08-12T20:11:56.349+0000] {taskinstance.py:1660} INFO - Exporting env vars: AIRFLOW_CTX_DAG_OWNER='***' AIRFLOW_CTX_DAG_ID='monthly_prediction' AIRFLOW_CTX_TASK_ID='wait_for_retrain' AIRFLOW_CTX_EXECUTION_DATE='2024-03-01T00:00:00+00:00' AIRFLOW_CTX_TRY_NUMBER='1' AIRFLOW_CTX_DAG_RUN_ID='scheduled__2024-03-01T00:00:00+00:00'
[2024-08-12T20:11:56.358+0000] {external_task.py:244} INFO - Poking for tasks ['optimize_and_register_best_classifier'] in dag quarterly_retrain on 2024-02-29T00:00:00+00:00 ... 
[2024-08-12T20:11:56.380+0000] {taskinstance.py:1895} INFO - Rescheduling task, marking task as UP_FOR_RESCHEDULE
[2024-08-12T20:11:56.421+0000] {local_task_job_runner.py:228} INFO - Task exited with return code 0
[2024-08-12T20:11:56.443+0000] {taskinstance.py:2776} INFO - 0 downstream tasks scheduled from follow-on schedule check
[2024-08-12T20:12:57.829+0000] {taskinstance.py:1157} INFO - Dependencies all met for dep_context=non-requeueable deps ti=<TaskInstance: monthly_prediction.wait_for_retrain scheduled__2024-03-01T00:00:00+00:00 [queued]>
[2024-08-12T20:12:57.835+0000] {taskinstance.py:1157} INFO - Dependencies all met for dep_context=requeueable deps ti=<TaskInstance: monthly_prediction.wait_for_retrain scheduled__2024-03-01T00:00:00+00:00 [queued]>
[2024-08-12T20:12:57.835+0000] {taskinstance.py:1359} INFO - Starting attempt 1 of 1
[2024-08-12T20:12:57.843+0000] {taskinstance.py:1380} INFO - Executing <Task(ExternalTaskSensor): wait_for_retrain> on 2024-03-01 00:00:00+00:00
[2024-08-12T20:12:57.855+0000] {standard_task_runner.py:57} INFO - Started process 13676 to run task
[2024-08-12T20:12:57.859+0000] {standard_task_runner.py:84} INFO - Running: ['***', 'tasks', 'run', 'monthly_prediction', 'wait_for_retrain', 'scheduled__2024-03-01T00:00:00+00:00', '--job-id', '940', '--raw', '--subdir', 'DAGS_FOLDER/monthly_prediction.py', '--cfg-path', '/tmp/tmp5nql4e2b']
[2024-08-12T20:12:57.863+0000] {standard_task_runner.py:85} INFO - Job 940: Subtask wait_for_retrain
[2024-08-12T20:12:58.145+0000] {task_command.py:415} INFO - Running <TaskInstance: monthly_prediction.wait_for_retrain scheduled__2024-03-01T00:00:00+00:00 [running]> on host a9166c5dc5ae
[2024-08-12T20:12:58.195+0000] {taskinstance.py:1660} INFO - Exporting env vars: AIRFLOW_CTX_DAG_OWNER='***' AIRFLOW_CTX_DAG_ID='monthly_prediction' AIRFLOW_CTX_TASK_ID='wait_for_retrain' AIRFLOW_CTX_EXECUTION_DATE='2024-03-01T00:00:00+00:00' AIRFLOW_CTX_TRY_NUMBER='1' AIRFLOW_CTX_DAG_RUN_ID='scheduled__2024-03-01T00:00:00+00:00'
[2024-08-12T20:12:58.202+0000] {external_task.py:244} INFO - Poking for tasks ['optimize_and_register_best_classifier'] in dag quarterly_retrain on 2024-02-29T00:00:00+00:00 ... 
[2024-08-12T20:12:58.223+0000] {taskinstance.py:1895} INFO - Rescheduling task, marking task as UP_FOR_RESCHEDULE
[2024-08-12T20:12:58.249+0000] {local_task_job_runner.py:228} INFO - Task exited with return code 0
[2024-08-12T20:12:58.282+0000] {taskinstance.py:2776} INFO - 0 downstream tasks scheduled from follow-on schedule check
[2024-08-12T20:13:59.691+0000] {taskinstance.py:1157} INFO - Dependencies all met for dep_context=non-requeueable deps ti=<TaskInstance: monthly_prediction.wait_for_retrain scheduled__2024-03-01T00:00:00+00:00 [queued]>
[2024-08-12T20:13:59.696+0000] {taskinstance.py:1157} INFO - Dependencies all met for dep_context=requeueable deps ti=<TaskInstance: monthly_prediction.wait_for_retrain scheduled__2024-03-01T00:00:00+00:00 [queued]>
[2024-08-12T20:13:59.698+0000] {taskinstance.py:1359} INFO - Starting attempt 1 of 1
[2024-08-12T20:13:59.706+0000] {taskinstance.py:1380} INFO - Executing <Task(ExternalTaskSensor): wait_for_retrain> on 2024-03-01 00:00:00+00:00
[2024-08-12T20:13:59.711+0000] {standard_task_runner.py:57} INFO - Started process 13847 to run task
[2024-08-12T20:13:59.713+0000] {standard_task_runner.py:84} INFO - Running: ['***', 'tasks', 'run', 'monthly_prediction', 'wait_for_retrain', 'scheduled__2024-03-01T00:00:00+00:00', '--job-id', '949', '--raw', '--subdir', 'DAGS_FOLDER/monthly_prediction.py', '--cfg-path', '/tmp/tmpl1hc5ay6']
[2024-08-12T20:13:59.716+0000] {standard_task_runner.py:85} INFO - Job 949: Subtask wait_for_retrain
[2024-08-12T20:13:59.971+0000] {task_command.py:415} INFO - Running <TaskInstance: monthly_prediction.wait_for_retrain scheduled__2024-03-01T00:00:00+00:00 [running]> on host a9166c5dc5ae
[2024-08-12T20:14:00.012+0000] {taskinstance.py:1660} INFO - Exporting env vars: AIRFLOW_CTX_DAG_OWNER='***' AIRFLOW_CTX_DAG_ID='monthly_prediction' AIRFLOW_CTX_TASK_ID='wait_for_retrain' AIRFLOW_CTX_EXECUTION_DATE='2024-03-01T00:00:00+00:00' AIRFLOW_CTX_TRY_NUMBER='1' AIRFLOW_CTX_DAG_RUN_ID='scheduled__2024-03-01T00:00:00+00:00'
[2024-08-12T20:14:00.018+0000] {external_task.py:244} INFO - Poking for tasks ['optimize_and_register_best_classifier'] in dag quarterly_retrain on 2024-02-29T00:00:00+00:00 ... 
[2024-08-12T20:14:00.035+0000] {taskinstance.py:1895} INFO - Rescheduling task, marking task as UP_FOR_RESCHEDULE
[2024-08-12T20:14:00.067+0000] {local_task_job_runner.py:228} INFO - Task exited with return code 0
[2024-08-12T20:14:00.077+0000] {taskinstance.py:2776} INFO - 0 downstream tasks scheduled from follow-on schedule check
[2024-08-12T20:15:01.347+0000] {taskinstance.py:1157} INFO - Dependencies all met for dep_context=non-requeueable deps ti=<TaskInstance: monthly_prediction.wait_for_retrain scheduled__2024-03-01T00:00:00+00:00 [queued]>
[2024-08-12T20:15:01.356+0000] {taskinstance.py:1157} INFO - Dependencies all met for dep_context=requeueable deps ti=<TaskInstance: monthly_prediction.wait_for_retrain scheduled__2024-03-01T00:00:00+00:00 [queued]>
[2024-08-12T20:15:01.357+0000] {taskinstance.py:1359} INFO - Starting attempt 1 of 1
[2024-08-12T20:15:01.369+0000] {taskinstance.py:1380} INFO - Executing <Task(ExternalTaskSensor): wait_for_retrain> on 2024-03-01 00:00:00+00:00
[2024-08-12T20:15:01.376+0000] {standard_task_runner.py:57} INFO - Started process 14024 to run task
[2024-08-12T20:15:01.379+0000] {standard_task_runner.py:84} INFO - Running: ['***', 'tasks', 'run', 'monthly_prediction', 'wait_for_retrain', 'scheduled__2024-03-01T00:00:00+00:00', '--job-id', '956', '--raw', '--subdir', 'DAGS_FOLDER/monthly_prediction.py', '--cfg-path', '/tmp/tmpt3mocguw']
[2024-08-12T20:15:01.383+0000] {standard_task_runner.py:85} INFO - Job 956: Subtask wait_for_retrain
[2024-08-12T20:15:01.654+0000] {task_command.py:415} INFO - Running <TaskInstance: monthly_prediction.wait_for_retrain scheduled__2024-03-01T00:00:00+00:00 [running]> on host a9166c5dc5ae
[2024-08-12T20:15:01.693+0000] {taskinstance.py:1660} INFO - Exporting env vars: AIRFLOW_CTX_DAG_OWNER='***' AIRFLOW_CTX_DAG_ID='monthly_prediction' AIRFLOW_CTX_TASK_ID='wait_for_retrain' AIRFLOW_CTX_EXECUTION_DATE='2024-03-01T00:00:00+00:00' AIRFLOW_CTX_TRY_NUMBER='1' AIRFLOW_CTX_DAG_RUN_ID='scheduled__2024-03-01T00:00:00+00:00'
[2024-08-12T20:15:01.699+0000] {external_task.py:244} INFO - Poking for tasks ['optimize_and_register_best_classifier'] in dag quarterly_retrain on 2024-02-29T00:00:00+00:00 ... 
[2024-08-12T20:15:01.717+0000] {taskinstance.py:1895} INFO - Rescheduling task, marking task as UP_FOR_RESCHEDULE
[2024-08-12T20:15:01.763+0000] {local_task_job_runner.py:228} INFO - Task exited with return code 0
[2024-08-12T20:15:01.777+0000] {taskinstance.py:2776} INFO - 0 downstream tasks scheduled from follow-on schedule check
[2024-08-12T20:16:03.003+0000] {taskinstance.py:1157} INFO - Dependencies all met for dep_context=non-requeueable deps ti=<TaskInstance: monthly_prediction.wait_for_retrain scheduled__2024-03-01T00:00:00+00:00 [queued]>
[2024-08-12T20:16:03.009+0000] {taskinstance.py:1157} INFO - Dependencies all met for dep_context=requeueable deps ti=<TaskInstance: monthly_prediction.wait_for_retrain scheduled__2024-03-01T00:00:00+00:00 [queued]>
[2024-08-12T20:16:03.009+0000] {taskinstance.py:1359} INFO - Starting attempt 1 of 1
[2024-08-12T20:16:03.016+0000] {taskinstance.py:1380} INFO - Executing <Task(ExternalTaskSensor): wait_for_retrain> on 2024-03-01 00:00:00+00:00
[2024-08-12T20:16:03.022+0000] {standard_task_runner.py:57} INFO - Started process 14188 to run task
[2024-08-12T20:16:03.025+0000] {standard_task_runner.py:84} INFO - Running: ['***', 'tasks', 'run', 'monthly_prediction', 'wait_for_retrain', 'scheduled__2024-03-01T00:00:00+00:00', '--job-id', '964', '--raw', '--subdir', 'DAGS_FOLDER/monthly_prediction.py', '--cfg-path', '/tmp/tmpqsba6w2k']
[2024-08-12T20:16:03.028+0000] {standard_task_runner.py:85} INFO - Job 964: Subtask wait_for_retrain
[2024-08-12T20:16:03.286+0000] {task_command.py:415} INFO - Running <TaskInstance: monthly_prediction.wait_for_retrain scheduled__2024-03-01T00:00:00+00:00 [running]> on host a9166c5dc5ae
[2024-08-12T20:16:03.361+0000] {taskinstance.py:1660} INFO - Exporting env vars: AIRFLOW_CTX_DAG_OWNER='***' AIRFLOW_CTX_DAG_ID='monthly_prediction' AIRFLOW_CTX_TASK_ID='wait_for_retrain' AIRFLOW_CTX_EXECUTION_DATE='2024-03-01T00:00:00+00:00' AIRFLOW_CTX_TRY_NUMBER='1' AIRFLOW_CTX_DAG_RUN_ID='scheduled__2024-03-01T00:00:00+00:00'
[2024-08-12T20:16:03.374+0000] {external_task.py:244} INFO - Poking for tasks ['optimize_and_register_best_classifier'] in dag quarterly_retrain on 2024-02-29T00:00:00+00:00 ... 
[2024-08-12T20:16:03.397+0000] {taskinstance.py:1895} INFO - Rescheduling task, marking task as UP_FOR_RESCHEDULE
[2024-08-12T20:16:03.412+0000] {local_task_job_runner.py:228} INFO - Task exited with return code 0
[2024-08-12T20:16:03.426+0000] {taskinstance.py:2776} INFO - 0 downstream tasks scheduled from follow-on schedule check
[2024-08-12T20:17:04.860+0000] {taskinstance.py:1157} INFO - Dependencies all met for dep_context=non-requeueable deps ti=<TaskInstance: monthly_prediction.wait_for_retrain scheduled__2024-03-01T00:00:00+00:00 [queued]>
[2024-08-12T20:17:04.864+0000] {taskinstance.py:1157} INFO - Dependencies all met for dep_context=requeueable deps ti=<TaskInstance: monthly_prediction.wait_for_retrain scheduled__2024-03-01T00:00:00+00:00 [queued]>
[2024-08-12T20:17:04.864+0000] {taskinstance.py:1359} INFO - Starting attempt 1 of 1
[2024-08-12T20:17:04.870+0000] {taskinstance.py:1380} INFO - Executing <Task(ExternalTaskSensor): wait_for_retrain> on 2024-03-01 00:00:00+00:00
[2024-08-12T20:17:04.876+0000] {standard_task_runner.py:57} INFO - Started process 14356 to run task
[2024-08-12T20:17:04.878+0000] {standard_task_runner.py:84} INFO - Running: ['***', 'tasks', 'run', 'monthly_prediction', 'wait_for_retrain', 'scheduled__2024-03-01T00:00:00+00:00', '--job-id', '973', '--raw', '--subdir', 'DAGS_FOLDER/monthly_prediction.py', '--cfg-path', '/tmp/tmplo48w25u']
[2024-08-12T20:17:04.881+0000] {standard_task_runner.py:85} INFO - Job 973: Subtask wait_for_retrain
[2024-08-12T20:17:05.088+0000] {task_command.py:415} INFO - Running <TaskInstance: monthly_prediction.wait_for_retrain scheduled__2024-03-01T00:00:00+00:00 [running]> on host a9166c5dc5ae
[2024-08-12T20:17:05.132+0000] {taskinstance.py:1660} INFO - Exporting env vars: AIRFLOW_CTX_DAG_OWNER='***' AIRFLOW_CTX_DAG_ID='monthly_prediction' AIRFLOW_CTX_TASK_ID='wait_for_retrain' AIRFLOW_CTX_EXECUTION_DATE='2024-03-01T00:00:00+00:00' AIRFLOW_CTX_TRY_NUMBER='1' AIRFLOW_CTX_DAG_RUN_ID='scheduled__2024-03-01T00:00:00+00:00'
[2024-08-12T20:17:05.139+0000] {external_task.py:244} INFO - Poking for tasks ['optimize_and_register_best_classifier'] in dag quarterly_retrain on 2024-02-29T00:00:00+00:00 ... 
[2024-08-12T20:17:05.156+0000] {taskinstance.py:1895} INFO - Rescheduling task, marking task as UP_FOR_RESCHEDULE
[2024-08-12T20:17:05.189+0000] {local_task_job_runner.py:228} INFO - Task exited with return code 0
[2024-08-12T20:17:05.200+0000] {taskinstance.py:2776} INFO - 0 downstream tasks scheduled from follow-on schedule check
[2024-08-12T20:18:06.840+0000] {taskinstance.py:1157} INFO - Dependencies all met for dep_context=non-requeueable deps ti=<TaskInstance: monthly_prediction.wait_for_retrain scheduled__2024-03-01T00:00:00+00:00 [queued]>
[2024-08-12T20:18:06.845+0000] {taskinstance.py:1157} INFO - Dependencies all met for dep_context=requeueable deps ti=<TaskInstance: monthly_prediction.wait_for_retrain scheduled__2024-03-01T00:00:00+00:00 [queued]>
[2024-08-12T20:18:06.845+0000] {taskinstance.py:1359} INFO - Starting attempt 1 of 1
[2024-08-12T20:18:06.851+0000] {taskinstance.py:1380} INFO - Executing <Task(ExternalTaskSensor): wait_for_retrain> on 2024-03-01 00:00:00+00:00
[2024-08-12T20:18:06.856+0000] {standard_task_runner.py:57} INFO - Started process 14528 to run task
[2024-08-12T20:18:06.859+0000] {standard_task_runner.py:84} INFO - Running: ['***', 'tasks', 'run', 'monthly_prediction', 'wait_for_retrain', 'scheduled__2024-03-01T00:00:00+00:00', '--job-id', '980', '--raw', '--subdir', 'DAGS_FOLDER/monthly_prediction.py', '--cfg-path', '/tmp/tmpgssoc7pw']
[2024-08-12T20:18:06.861+0000] {standard_task_runner.py:85} INFO - Job 980: Subtask wait_for_retrain
[2024-08-12T20:18:07.086+0000] {task_command.py:415} INFO - Running <TaskInstance: monthly_prediction.wait_for_retrain scheduled__2024-03-01T00:00:00+00:00 [running]> on host a9166c5dc5ae
[2024-08-12T20:18:07.126+0000] {taskinstance.py:1660} INFO - Exporting env vars: AIRFLOW_CTX_DAG_OWNER='***' AIRFLOW_CTX_DAG_ID='monthly_prediction' AIRFLOW_CTX_TASK_ID='wait_for_retrain' AIRFLOW_CTX_EXECUTION_DATE='2024-03-01T00:00:00+00:00' AIRFLOW_CTX_TRY_NUMBER='1' AIRFLOW_CTX_DAG_RUN_ID='scheduled__2024-03-01T00:00:00+00:00'
[2024-08-12T20:18:07.132+0000] {external_task.py:244} INFO - Poking for tasks ['optimize_and_register_best_classifier'] in dag quarterly_retrain on 2024-02-29T00:00:00+00:00 ... 
[2024-08-12T20:18:07.149+0000] {taskinstance.py:1895} INFO - Rescheduling task, marking task as UP_FOR_RESCHEDULE
[2024-08-12T20:18:07.175+0000] {local_task_job_runner.py:228} INFO - Task exited with return code 0
[2024-08-12T20:18:07.187+0000] {taskinstance.py:2776} INFO - 0 downstream tasks scheduled from follow-on schedule check
[2024-08-12T20:19:08.620+0000] {taskinstance.py:1157} INFO - Dependencies all met for dep_context=non-requeueable deps ti=<TaskInstance: monthly_prediction.wait_for_retrain scheduled__2024-03-01T00:00:00+00:00 [queued]>
[2024-08-12T20:19:08.624+0000] {taskinstance.py:1157} INFO - Dependencies all met for dep_context=requeueable deps ti=<TaskInstance: monthly_prediction.wait_for_retrain scheduled__2024-03-01T00:00:00+00:00 [queued]>
[2024-08-12T20:19:08.625+0000] {taskinstance.py:1359} INFO - Starting attempt 1 of 1
[2024-08-12T20:19:08.630+0000] {taskinstance.py:1380} INFO - Executing <Task(ExternalTaskSensor): wait_for_retrain> on 2024-03-01 00:00:00+00:00
[2024-08-12T20:19:08.635+0000] {standard_task_runner.py:57} INFO - Started process 14701 to run task
[2024-08-12T20:19:08.638+0000] {standard_task_runner.py:84} INFO - Running: ['***', 'tasks', 'run', 'monthly_prediction', 'wait_for_retrain', 'scheduled__2024-03-01T00:00:00+00:00', '--job-id', '989', '--raw', '--subdir', 'DAGS_FOLDER/monthly_prediction.py', '--cfg-path', '/tmp/tmpr9ufz1kx']
[2024-08-12T20:19:08.640+0000] {standard_task_runner.py:85} INFO - Job 989: Subtask wait_for_retrain
[2024-08-12T20:19:08.856+0000] {task_command.py:415} INFO - Running <TaskInstance: monthly_prediction.wait_for_retrain scheduled__2024-03-01T00:00:00+00:00 [running]> on host a9166c5dc5ae
[2024-08-12T20:19:08.897+0000] {taskinstance.py:1660} INFO - Exporting env vars: AIRFLOW_CTX_DAG_OWNER='***' AIRFLOW_CTX_DAG_ID='monthly_prediction' AIRFLOW_CTX_TASK_ID='wait_for_retrain' AIRFLOW_CTX_EXECUTION_DATE='2024-03-01T00:00:00+00:00' AIRFLOW_CTX_TRY_NUMBER='1' AIRFLOW_CTX_DAG_RUN_ID='scheduled__2024-03-01T00:00:00+00:00'
[2024-08-12T20:19:08.903+0000] {external_task.py:244} INFO - Poking for tasks ['optimize_and_register_best_classifier'] in dag quarterly_retrain on 2024-02-29T00:00:00+00:00 ... 
[2024-08-12T20:19:08.911+0000] {taskinstance.py:1935} ERROR - Task failed with exception
Traceback (most recent call last):
  File "/home/airflow/.local/lib/python3.8/site-packages/airflow/sensors/external_task.py", line 334, in execute
    super().execute(context)
  File "/home/airflow/.local/lib/python3.8/site-packages/airflow/sensors/base.py", line 274, in execute
    raise AirflowSensorTimeout(message)
airflow.exceptions.AirflowSensorTimeout: Sensor has timed out; run duration of 656.204531 seconds exceeds the specified timeout of 600.0.
[2024-08-12T20:19:08.916+0000] {taskinstance.py:1398} INFO - Immediate failure requested. Marking task as FAILED. dag_id=monthly_prediction, task_id=wait_for_retrain, execution_date=20240301T000000, start_date=20240812T201908, end_date=20240812T201908
[2024-08-12T20:19:08.921+0000] {standard_task_runner.py:104} ERROR - Failed to execute job 989 for task wait_for_retrain (Sensor has timed out; run duration of 656.204531 seconds exceeds the specified timeout of 600.0.; 14701)
[2024-08-12T20:19:08.960+0000] {local_task_job_runner.py:228} INFO - Task exited with return code 1
[2024-08-12T20:19:08.972+0000] {taskinstance.py:2776} INFO - 0 downstream tasks scheduled from follow-on schedule check
