[2024-08-12T00:41:22.259+0000] {taskinstance.py:1157} INFO - Dependencies all met for dep_context=non-requeueable deps ti=<TaskInstance: quarterly_retrain.load_transform_data manual__2024-08-12T00:41:19.732973+00:00 [queued]>
[2024-08-12T00:41:22.262+0000] {taskinstance.py:1157} INFO - Dependencies all met for dep_context=requeueable deps ti=<TaskInstance: quarterly_retrain.load_transform_data manual__2024-08-12T00:41:19.732973+00:00 [queued]>
[2024-08-12T00:41:22.262+0000] {taskinstance.py:1359} INFO - Starting attempt 1 of 1
[2024-08-12T00:41:22.268+0000] {taskinstance.py:1380} INFO - Executing <Task(_PythonDecoratedOperator): load_transform_data> on 2024-08-12 00:41:19.732973+00:00
[2024-08-12T00:41:22.272+0000] {standard_task_runner.py:57} INFO - Started process 307 to run task
[2024-08-12T00:41:22.275+0000] {standard_task_runner.py:84} INFO - Running: ['***', 'tasks', 'run', 'quarterly_retrain', 'load_transform_data', 'manual__2024-08-12T00:41:19.732973+00:00', '--job-id', '14', '--raw', '--subdir', 'DAGS_FOLDER/quarterly_retrain.py', '--cfg-path', '/tmp/tmptw_8gw6o']
[2024-08-12T00:41:22.277+0000] {standard_task_runner.py:85} INFO - Job 14: Subtask load_transform_data
[2024-08-12T00:41:22.306+0000] {task_command.py:415} INFO - Running <TaskInstance: quarterly_retrain.load_transform_data manual__2024-08-12T00:41:19.732973+00:00 [running]> on host f7c751ddefa9
[2024-08-12T00:41:22.382+0000] {taskinstance.py:1660} INFO - Exporting env vars: AIRFLOW_CTX_DAG_OWNER='***' AIRFLOW_CTX_DAG_ID='quarterly_retrain' AIRFLOW_CTX_TASK_ID='load_transform_data' AIRFLOW_CTX_EXECUTION_DATE='2024-08-12T00:41:19.732973+00:00' AIRFLOW_CTX_TRY_NUMBER='1' AIRFLOW_CTX_DAG_RUN_ID='manual__2024-08-12T00:41:19.732973+00:00'
[2024-08-12T00:41:22.913+0000] {taskinstance.py:1935} ERROR - Task failed with exception
Traceback (most recent call last):
  File "/home/airflow/.local/lib/python3.8/site-packages/airflow/decorators/base.py", line 221, in execute
    return_value = super().execute(context)
  File "/home/airflow/.local/lib/python3.8/site-packages/airflow/operators/python.py", line 192, in execute
    return_value = self.execute_callable()
  File "/home/airflow/.local/lib/python3.8/site-packages/airflow/operators/python.py", line 209, in execute_callable
    return self.python_callable(*self.op_args, **self.op_kwargs)
  File "/opt/airflow/dags/quarterly_retrain.py", line 129, in load_transform_data
    X_train, X_val, y_train, y_val = utils.process_data(df, cat_features, num_features, test_size=0.2)
  File "/opt/airflow/modules/utils.py", line 54, in process_data
    X_val.to_csv('../data/telecom_customer_churn_val.csv', index=False)
  File "/home/airflow/.local/lib/python3.8/site-packages/pandas/core/generic.py", line 3772, in to_csv
    return DataFrameRenderer(formatter).to_csv(
  File "/home/airflow/.local/lib/python3.8/site-packages/pandas/io/formats/format.py", line 1186, in to_csv
    csv_formatter.save()
  File "/home/airflow/.local/lib/python3.8/site-packages/pandas/io/formats/csvs.py", line 240, in save
    with get_handle(
  File "/home/airflow/.local/lib/python3.8/site-packages/pandas/io/common.py", line 737, in get_handle
    check_parent_directory(str(handle))
  File "/home/airflow/.local/lib/python3.8/site-packages/pandas/io/common.py", line 600, in check_parent_directory
    raise OSError(rf"Cannot save file into a non-existent directory: '{parent}'")
OSError: Cannot save file into a non-existent directory: '../data'
[2024-08-12T00:41:22.933+0000] {taskinstance.py:1398} INFO - Marking task as FAILED. dag_id=quarterly_retrain, task_id=load_transform_data, execution_date=20240812T004119, start_date=20240812T004122, end_date=20240812T004122
[2024-08-12T00:41:22.943+0000] {standard_task_runner.py:104} ERROR - Failed to execute job 14 for task load_transform_data (Cannot save file into a non-existent directory: '../data'; 307)
[2024-08-12T00:41:22.967+0000] {local_task_job_runner.py:228} INFO - Task exited with return code 1
[2024-08-12T00:41:22.980+0000] {taskinstance.py:2776} INFO - 0 downstream tasks scheduled from follow-on schedule check
