[2024-08-12T18:04:57.284+0000] {taskinstance.py:1157} INFO - Dependencies all met for dep_context=non-requeueable deps ti=<TaskInstance: monthly_monitor.prep_data scheduled__2024-06-01T00:00:00+00:00 [queued]>
[2024-08-12T18:04:57.294+0000] {taskinstance.py:1157} INFO - Dependencies all met for dep_context=requeueable deps ti=<TaskInstance: monthly_monitor.prep_data scheduled__2024-06-01T00:00:00+00:00 [queued]>
[2024-08-12T18:04:57.295+0000] {taskinstance.py:1359} INFO - Starting attempt 1 of 1
[2024-08-12T18:04:57.303+0000] {taskinstance.py:1380} INFO - Executing <Task(_PythonDecoratedOperator): prep_data> on 2024-06-01 00:00:00+00:00
[2024-08-12T18:04:57.308+0000] {standard_task_runner.py:57} INFO - Started process 7967 to run task
[2024-08-12T18:04:57.311+0000] {standard_task_runner.py:84} INFO - Running: ['***', 'tasks', 'run', 'monthly_monitor', 'prep_data', 'scheduled__2024-06-01T00:00:00+00:00', '--job-id', '223', '--raw', '--subdir', 'DAGS_FOLDER/monitor.py', '--cfg-path', '/tmp/tmpkdkgvkjj']
[2024-08-12T18:04:57.313+0000] {standard_task_runner.py:85} INFO - Job 223: Subtask prep_data
[2024-08-12T18:04:57.348+0000] {task_command.py:415} INFO - Running <TaskInstance: monthly_monitor.prep_data scheduled__2024-06-01T00:00:00+00:00 [running]> on host a9166c5dc5ae
[2024-08-12T18:04:57.385+0000] {taskinstance.py:1660} INFO - Exporting env vars: AIRFLOW_CTX_DAG_OWNER='***' AIRFLOW_CTX_DAG_ID='monthly_monitor' AIRFLOW_CTX_TASK_ID='prep_data' AIRFLOW_CTX_EXECUTION_DATE='2024-06-01T00:00:00+00:00' AIRFLOW_CTX_TRY_NUMBER='1' AIRFLOW_CTX_DAG_RUN_ID='scheduled__2024-06-01T00:00:00+00:00'
[2024-08-12T18:04:57.386+0000] {taskinstance.py:1935} ERROR - Task failed with exception
Traceback (most recent call last):
  File "/home/airflow/.local/lib/python3.8/site-packages/airflow/decorators/base.py", line 221, in execute
    return_value = super().execute(context)
  File "/home/airflow/.local/lib/python3.8/site-packages/airflow/operators/python.py", line 192, in execute
    return_value = self.execute_callable()
  File "/home/airflow/.local/lib/python3.8/site-packages/airflow/operators/python.py", line 209, in execute_callable
    return self.python_callable(*self.op_args, **self.op_kwargs)
  File "/opt/airflow/dags/monitor.py", line 65, in prep_data
    previous_month = (month_end + pd.offsets.MonthEnd(-1))
TypeError: can only concatenate str (not "pandas._libs.tslibs.offsets.MonthEnd") to str
[2024-08-12T18:04:57.390+0000] {taskinstance.py:1398} INFO - Marking task as FAILED. dag_id=monthly_monitor, task_id=prep_data, execution_date=20240601T000000, start_date=20240812T180457, end_date=20240812T180457
[2024-08-12T18:04:57.394+0000] {standard_task_runner.py:104} ERROR - Failed to execute job 223 for task prep_data (can only concatenate str (not "pandas._libs.tslibs.offsets.MonthEnd") to str; 7967)
[2024-08-12T18:04:57.408+0000] {local_task_job_runner.py:228} INFO - Task exited with return code 1
[2024-08-12T18:04:57.420+0000] {taskinstance.py:2776} INFO - 0 downstream tasks scheduled from follow-on schedule check
[2024-08-12T18:13:32.177+0000] {taskinstance.py:1157} INFO - Dependencies all met for dep_context=non-requeueable deps ti=<TaskInstance: monthly_monitor.prep_data scheduled__2024-06-01T00:00:00+00:00 [queued]>
[2024-08-12T18:13:32.254+0000] {taskinstance.py:1157} INFO - Dependencies all met for dep_context=requeueable deps ti=<TaskInstance: monthly_monitor.prep_data scheduled__2024-06-01T00:00:00+00:00 [queued]>
[2024-08-12T18:13:32.255+0000] {taskinstance.py:1359} INFO - Starting attempt 1 of 1
[2024-08-12T18:13:32.518+0000] {taskinstance.py:1380} INFO - Executing <Task(_PythonDecoratedOperator): prep_data> on 2024-06-01 00:00:00+00:00
[2024-08-12T18:13:32.554+0000] {standard_task_runner.py:57} INFO - Started process 9091 to run task
[2024-08-12T18:13:32.585+0000] {standard_task_runner.py:84} INFO - Running: ['***', 'tasks', 'run', 'monthly_monitor', 'prep_data', 'scheduled__2024-06-01T00:00:00+00:00', '--job-id', '251', '--raw', '--subdir', 'DAGS_FOLDER/monitor.py', '--cfg-path', '/tmp/tmpxz8guzgz']
[2024-08-12T18:13:32.622+0000] {standard_task_runner.py:85} INFO - Job 251: Subtask prep_data
[2024-08-12T18:13:33.085+0000] {task_command.py:415} INFO - Running <TaskInstance: monthly_monitor.prep_data scheduled__2024-06-01T00:00:00+00:00 [running]> on host a9166c5dc5ae
[2024-08-12T18:13:34.009+0000] {taskinstance.py:1660} INFO - Exporting env vars: AIRFLOW_CTX_DAG_OWNER='***' AIRFLOW_CTX_DAG_ID='monthly_monitor' AIRFLOW_CTX_TASK_ID='prep_data' AIRFLOW_CTX_EXECUTION_DATE='2024-06-01T00:00:00+00:00' AIRFLOW_CTX_TRY_NUMBER='1' AIRFLOW_CTX_DAG_RUN_ID='scheduled__2024-06-01T00:00:00+00:00'
[2024-08-12T18:13:41.006+0000] {python.py:194} INFO - Done. Returned value was: ('2024-05-31', 1.0, 0)
[2024-08-12T18:13:41.195+0000] {taskinstance.py:1398} INFO - Marking task as SUCCESS. dag_id=monthly_monitor, task_id=prep_data, execution_date=20240601T000000, start_date=20240812T181332, end_date=20240812T181341
[2024-08-12T18:13:41.411+0000] {local_task_job_runner.py:228} INFO - Task exited with return code 0
[2024-08-12T18:13:41.762+0000] {taskinstance.py:2776} INFO - 1 downstream tasks scheduled from follow-on schedule check
[2024-08-12T19:19:28.967+0000] {taskinstance.py:1157} INFO - Dependencies all met for dep_context=non-requeueable deps ti=<TaskInstance: monthly_monitor.prep_data scheduled__2024-06-01T00:00:00+00:00 [queued]>
[2024-08-12T19:19:29.021+0000] {taskinstance.py:1157} INFO - Dependencies all met for dep_context=requeueable deps ti=<TaskInstance: monthly_monitor.prep_data scheduled__2024-06-01T00:00:00+00:00 [queued]>
[2024-08-12T19:19:29.056+0000] {taskinstance.py:1359} INFO - Starting attempt 1 of 1
[2024-08-12T19:19:29.112+0000] {taskinstance.py:1380} INFO - Executing <Task(_PythonDecoratedOperator): prep_data> on 2024-06-01 00:00:00+00:00
[2024-08-12T19:19:29.156+0000] {standard_task_runner.py:57} INFO - Started process 3590 to run task
[2024-08-12T19:19:29.176+0000] {standard_task_runner.py:84} INFO - Running: ['***', 'tasks', 'run', 'monthly_monitor', 'prep_data', 'scheduled__2024-06-01T00:00:00+00:00', '--job-id', '447', '--raw', '--subdir', 'DAGS_FOLDER/monitor.py', '--cfg-path', '/tmp/tmpxgl7m8li']
[2024-08-12T19:19:29.192+0000] {standard_task_runner.py:85} INFO - Job 447: Subtask prep_data
[2024-08-12T19:19:29.457+0000] {task_command.py:415} INFO - Running <TaskInstance: monthly_monitor.prep_data scheduled__2024-06-01T00:00:00+00:00 [running]> on host a9166c5dc5ae
[2024-08-12T19:19:29.689+0000] {taskinstance.py:1660} INFO - Exporting env vars: AIRFLOW_CTX_DAG_OWNER='***' AIRFLOW_CTX_DAG_ID='monthly_monitor' AIRFLOW_CTX_TASK_ID='prep_data' AIRFLOW_CTX_EXECUTION_DATE='2024-06-01T00:00:00+00:00' AIRFLOW_CTX_TRY_NUMBER='1' AIRFLOW_CTX_DAG_RUN_ID='scheduled__2024-06-01T00:00:00+00:00'
[2024-08-12T19:19:32.863+0000] {python.py:194} INFO - Done. Returned value was: ('2024-05-31', 1.0, 0, 0.0)
[2024-08-12T19:19:33.033+0000] {taskinstance.py:1398} INFO - Marking task as SUCCESS. dag_id=monthly_monitor, task_id=prep_data, execution_date=20240601T000000, start_date=20240812T191928, end_date=20240812T191933
[2024-08-12T19:19:33.246+0000] {local_task_job_runner.py:228} INFO - Task exited with return code 0
[2024-08-12T19:19:33.364+0000] {taskinstance.py:2776} INFO - 1 downstream tasks scheduled from follow-on schedule check
[2024-08-12T19:22:02.971+0000] {taskinstance.py:1157} INFO - Dependencies all met for dep_context=non-requeueable deps ti=<TaskInstance: monthly_monitor.prep_data scheduled__2024-06-01T00:00:00+00:00 [queued]>
[2024-08-12T19:22:03.031+0000] {taskinstance.py:1157} INFO - Dependencies all met for dep_context=requeueable deps ti=<TaskInstance: monthly_monitor.prep_data scheduled__2024-06-01T00:00:00+00:00 [queued]>
[2024-08-12T19:22:03.032+0000] {taskinstance.py:1359} INFO - Starting attempt 1 of 1
[2024-08-12T19:22:03.060+0000] {taskinstance.py:1380} INFO - Executing <Task(_PythonDecoratedOperator): prep_data> on 2024-06-01 00:00:00+00:00
[2024-08-12T19:22:03.076+0000] {standard_task_runner.py:57} INFO - Started process 4261 to run task
[2024-08-12T19:22:03.114+0000] {standard_task_runner.py:84} INFO - Running: ['***', 'tasks', 'run', 'monthly_monitor', 'prep_data', 'scheduled__2024-06-01T00:00:00+00:00', '--job-id', '484', '--raw', '--subdir', 'DAGS_FOLDER/monitor.py', '--cfg-path', '/tmp/tmp81mqegs_']
[2024-08-12T19:22:03.126+0000] {standard_task_runner.py:85} INFO - Job 484: Subtask prep_data
[2024-08-12T19:22:03.281+0000] {task_command.py:415} INFO - Running <TaskInstance: monthly_monitor.prep_data scheduled__2024-06-01T00:00:00+00:00 [running]> on host a9166c5dc5ae
[2024-08-12T19:22:03.444+0000] {taskinstance.py:1660} INFO - Exporting env vars: AIRFLOW_CTX_DAG_OWNER='***' AIRFLOW_CTX_DAG_ID='monthly_monitor' AIRFLOW_CTX_TASK_ID='prep_data' AIRFLOW_CTX_EXECUTION_DATE='2024-06-01T00:00:00+00:00' AIRFLOW_CTX_TRY_NUMBER='1' AIRFLOW_CTX_DAG_RUN_ID='scheduled__2024-06-01T00:00:00+00:00'
[2024-08-12T19:22:05.524+0000] {python.py:194} INFO - Done. Returned value was: ('2024-05-31', 1.0, 0, 0.0)
[2024-08-12T19:22:05.649+0000] {taskinstance.py:1398} INFO - Marking task as SUCCESS. dag_id=monthly_monitor, task_id=prep_data, execution_date=20240601T000000, start_date=20240812T192202, end_date=20240812T192205
[2024-08-12T19:22:05.836+0000] {local_task_job_runner.py:228} INFO - Task exited with return code 0
[2024-08-12T19:22:05.881+0000] {taskinstance.py:2776} INFO - 1 downstream tasks scheduled from follow-on schedule check
[2024-08-12T19:27:15.555+0000] {taskinstance.py:1157} INFO - Dependencies all met for dep_context=non-requeueable deps ti=<TaskInstance: monthly_monitor.prep_data scheduled__2024-06-01T00:00:00+00:00 [queued]>
[2024-08-12T19:27:15.614+0000] {taskinstance.py:1157} INFO - Dependencies all met for dep_context=requeueable deps ti=<TaskInstance: monthly_monitor.prep_data scheduled__2024-06-01T00:00:00+00:00 [queued]>
[2024-08-12T19:27:15.614+0000] {taskinstance.py:1359} INFO - Starting attempt 1 of 1
[2024-08-12T19:27:15.752+0000] {taskinstance.py:1380} INFO - Executing <Task(_PythonDecoratedOperator): prep_data> on 2024-06-01 00:00:00+00:00
[2024-08-12T19:27:15.775+0000] {standard_task_runner.py:57} INFO - Started process 5278 to run task
[2024-08-12T19:27:15.798+0000] {standard_task_runner.py:84} INFO - Running: ['***', 'tasks', 'run', 'monthly_monitor', 'prep_data', 'scheduled__2024-06-01T00:00:00+00:00', '--job-id', '540', '--raw', '--subdir', 'DAGS_FOLDER/monitor.py', '--cfg-path', '/tmp/tmprjm_k8f9']
[2024-08-12T19:27:15.840+0000] {standard_task_runner.py:85} INFO - Job 540: Subtask prep_data
[2024-08-12T19:27:16.075+0000] {task_command.py:415} INFO - Running <TaskInstance: monthly_monitor.prep_data scheduled__2024-06-01T00:00:00+00:00 [running]> on host a9166c5dc5ae
[2024-08-12T19:27:16.542+0000] {taskinstance.py:1660} INFO - Exporting env vars: AIRFLOW_CTX_DAG_OWNER='***' AIRFLOW_CTX_DAG_ID='monthly_monitor' AIRFLOW_CTX_TASK_ID='prep_data' AIRFLOW_CTX_EXECUTION_DATE='2024-06-01T00:00:00+00:00' AIRFLOW_CTX_TRY_NUMBER='1' AIRFLOW_CTX_DAG_RUN_ID='scheduled__2024-06-01T00:00:00+00:00'
[2024-08-12T19:27:19.315+0000] {python.py:194} INFO - Done. Returned value was: ('2024-05-31', 1.0, 0, 0.0)
[2024-08-12T19:27:19.461+0000] {taskinstance.py:1398} INFO - Marking task as SUCCESS. dag_id=monthly_monitor, task_id=prep_data, execution_date=20240601T000000, start_date=20240812T192715, end_date=20240812T192719
[2024-08-12T19:27:19.581+0000] {local_task_job_runner.py:228} INFO - Task exited with return code 0
[2024-08-12T19:27:19.631+0000] {taskinstance.py:2776} INFO - 1 downstream tasks scheduled from follow-on schedule check
[2024-08-12T19:28:33.869+0000] {taskinstance.py:1157} INFO - Dependencies all met for dep_context=non-requeueable deps ti=<TaskInstance: monthly_monitor.prep_data scheduled__2024-06-01T00:00:00+00:00 [queued]>
[2024-08-12T19:28:33.897+0000] {taskinstance.py:1157} INFO - Dependencies all met for dep_context=requeueable deps ti=<TaskInstance: monthly_monitor.prep_data scheduled__2024-06-01T00:00:00+00:00 [queued]>
[2024-08-12T19:28:33.906+0000] {taskinstance.py:1359} INFO - Starting attempt 1 of 1
[2024-08-12T19:28:33.947+0000] {taskinstance.py:1380} INFO - Executing <Task(_PythonDecoratedOperator): prep_data> on 2024-06-01 00:00:00+00:00
[2024-08-12T19:28:34.056+0000] {standard_task_runner.py:57} INFO - Started process 5745 to run task
[2024-08-12T19:28:34.101+0000] {standard_task_runner.py:84} INFO - Running: ['***', 'tasks', 'run', 'monthly_monitor', 'prep_data', 'scheduled__2024-06-01T00:00:00+00:00', '--job-id', '566', '--raw', '--subdir', 'DAGS_FOLDER/monitor.py', '--cfg-path', '/tmp/tmpsoaodvj6']
[2024-08-12T19:28:34.152+0000] {standard_task_runner.py:85} INFO - Job 566: Subtask prep_data
[2024-08-12T19:28:34.412+0000] {task_command.py:415} INFO - Running <TaskInstance: monthly_monitor.prep_data scheduled__2024-06-01T00:00:00+00:00 [running]> on host a9166c5dc5ae
[2024-08-12T19:28:34.678+0000] {taskinstance.py:1660} INFO - Exporting env vars: AIRFLOW_CTX_DAG_OWNER='***' AIRFLOW_CTX_DAG_ID='monthly_monitor' AIRFLOW_CTX_TASK_ID='prep_data' AIRFLOW_CTX_EXECUTION_DATE='2024-06-01T00:00:00+00:00' AIRFLOW_CTX_TRY_NUMBER='1' AIRFLOW_CTX_DAG_RUN_ID='scheduled__2024-06-01T00:00:00+00:00'
[2024-08-12T19:28:37.641+0000] {python.py:194} INFO - Done. Returned value was: ('2024-05-31', 1.0, 0, 0.0)
[2024-08-12T19:28:37.720+0000] {taskinstance.py:1398} INFO - Marking task as SUCCESS. dag_id=monthly_monitor, task_id=prep_data, execution_date=20240601T000000, start_date=20240812T192833, end_date=20240812T192837
[2024-08-12T19:28:37.774+0000] {local_task_job_runner.py:228} INFO - Task exited with return code 0
[2024-08-12T19:28:37.874+0000] {taskinstance.py:2776} INFO - 0 downstream tasks scheduled from follow-on schedule check
[2024-08-12T20:09:48.479+0000] {taskinstance.py:1157} INFO - Dependencies all met for dep_context=non-requeueable deps ti=<TaskInstance: monthly_monitor.prep_data scheduled__2024-06-01T00:00:00+00:00 [queued]>
[2024-08-12T20:09:48.537+0000] {taskinstance.py:1157} INFO - Dependencies all met for dep_context=requeueable deps ti=<TaskInstance: monthly_monitor.prep_data scheduled__2024-06-01T00:00:00+00:00 [queued]>
[2024-08-12T20:09:48.544+0000] {taskinstance.py:1359} INFO - Starting attempt 1 of 1
[2024-08-12T20:09:48.774+0000] {taskinstance.py:1380} INFO - Executing <Task(_PythonDecoratedOperator): prep_data> on 2024-06-01 00:00:00+00:00
[2024-08-12T20:09:48.864+0000] {standard_task_runner.py:57} INFO - Started process 13040 to run task
[2024-08-12T20:09:48.890+0000] {standard_task_runner.py:84} INFO - Running: ['***', 'tasks', 'run', 'monthly_monitor', 'prep_data', 'scheduled__2024-06-01T00:00:00+00:00', '--job-id', '900', '--raw', '--subdir', 'DAGS_FOLDER/monitor.py', '--cfg-path', '/tmp/tmpt7i6602g']
[2024-08-12T20:09:48.902+0000] {standard_task_runner.py:85} INFO - Job 900: Subtask prep_data
[2024-08-12T20:09:49.627+0000] {task_command.py:415} INFO - Running <TaskInstance: monthly_monitor.prep_data scheduled__2024-06-01T00:00:00+00:00 [running]> on host a9166c5dc5ae
[2024-08-12T20:09:50.513+0000] {taskinstance.py:1660} INFO - Exporting env vars: AIRFLOW_CTX_DAG_OWNER='***' AIRFLOW_CTX_DAG_ID='monthly_monitor' AIRFLOW_CTX_TASK_ID='prep_data' AIRFLOW_CTX_EXECUTION_DATE='2024-06-01T00:00:00+00:00' AIRFLOW_CTX_TRY_NUMBER='1' AIRFLOW_CTX_DAG_RUN_ID='scheduled__2024-06-01T00:00:00+00:00'
[2024-08-12T20:09:59.816+0000] {python.py:194} INFO - Done. Returned value was: ('2024-05-31', 0.10892399849037626, 2, 0.06451612903225806)
[2024-08-12T20:10:00.029+0000] {taskinstance.py:1398} INFO - Marking task as SUCCESS. dag_id=monthly_monitor, task_id=prep_data, execution_date=20240601T000000, start_date=20240812T200948, end_date=20240812T201000
[2024-08-12T20:10:00.564+0000] {local_task_job_runner.py:228} INFO - Task exited with return code 0
[2024-08-12T20:10:00.966+0000] {taskinstance.py:2776} INFO - 0 downstream tasks scheduled from follow-on schedule check
