[2024-08-12T18:04:48.393+0000] {taskinstance.py:1157} INFO - Dependencies all met for dep_context=non-requeueable deps ti=<TaskInstance: monthly_monitor.wait_for_data scheduled__2024-04-01T00:00:00+00:00 [queued]>
[2024-08-12T18:04:48.506+0000] {taskinstance.py:1157} INFO - Dependencies all met for dep_context=requeueable deps ti=<TaskInstance: monthly_monitor.wait_for_data scheduled__2024-04-01T00:00:00+00:00 [queued]>
[2024-08-12T18:04:48.513+0000] {taskinstance.py:1359} INFO - Starting attempt 1 of 1
[2024-08-12T18:04:48.618+0000] {taskinstance.py:1380} INFO - Executing <Task(ExternalTaskSensor): wait_for_data> on 2024-04-01 00:00:00+00:00
[2024-08-12T18:04:48.747+0000] {standard_task_runner.py:57} INFO - Started process 7843 to run task
[2024-08-12T18:04:48.770+0000] {standard_task_runner.py:84} INFO - Running: ['***', 'tasks', 'run', 'monthly_monitor', 'wait_for_data', 'scheduled__2024-04-01T00:00:00+00:00', '--job-id', '209', '--raw', '--subdir', 'DAGS_FOLDER/monitor.py', '--cfg-path', '/tmp/tmp6xrj7mtw']
[2024-08-12T18:04:48.799+0000] {standard_task_runner.py:85} INFO - Job 209: Subtask wait_for_data
[2024-08-12T18:04:49.164+0000] {task_command.py:415} INFO - Running <TaskInstance: monthly_monitor.wait_for_data scheduled__2024-04-01T00:00:00+00:00 [running]> on host a9166c5dc5ae
[2024-08-12T18:04:49.583+0000] {taskinstance.py:1660} INFO - Exporting env vars: AIRFLOW_CTX_DAG_OWNER='***' AIRFLOW_CTX_DAG_ID='monthly_monitor' AIRFLOW_CTX_TASK_ID='wait_for_data' AIRFLOW_CTX_EXECUTION_DATE='2024-04-01T00:00:00+00:00' AIRFLOW_CTX_TRY_NUMBER='1' AIRFLOW_CTX_DAG_RUN_ID='scheduled__2024-04-01T00:00:00+00:00'
[2024-08-12T18:04:49.670+0000] {external_task.py:244} INFO - Poking for tasks ['predict_and_save'] in dag monthly_prediction on 2024-04-01T00:00:00+00:00 ... 
[2024-08-12T18:04:49.693+0000] {base.py:287} INFO - Success criteria met. Exiting.
[2024-08-12T18:04:49.766+0000] {taskinstance.py:1398} INFO - Marking task as SUCCESS. dag_id=monthly_monitor, task_id=wait_for_data, execution_date=20240401T000000, start_date=20240812T180448, end_date=20240812T180449
[2024-08-12T18:04:49.861+0000] {local_task_job_runner.py:228} INFO - Task exited with return code 0
[2024-08-12T18:04:49.903+0000] {taskinstance.py:2776} INFO - 0 downstream tasks scheduled from follow-on schedule check
[2024-08-12T18:13:31.094+0000] {taskinstance.py:1157} INFO - Dependencies all met for dep_context=non-requeueable deps ti=<TaskInstance: monthly_monitor.wait_for_data scheduled__2024-04-01T00:00:00+00:00 [queued]>
[2024-08-12T18:13:31.138+0000] {taskinstance.py:1157} INFO - Dependencies all met for dep_context=requeueable deps ti=<TaskInstance: monthly_monitor.wait_for_data scheduled__2024-04-01T00:00:00+00:00 [queued]>
[2024-08-12T18:13:31.161+0000] {taskinstance.py:1359} INFO - Starting attempt 1 of 1
[2024-08-12T18:13:31.348+0000] {taskinstance.py:1380} INFO - Executing <Task(ExternalTaskSensor): wait_for_data> on 2024-04-01 00:00:00+00:00
[2024-08-12T18:13:31.383+0000] {standard_task_runner.py:57} INFO - Started process 9079 to run task
[2024-08-12T18:13:31.389+0000] {standard_task_runner.py:84} INFO - Running: ['***', 'tasks', 'run', 'monthly_monitor', 'wait_for_data', 'scheduled__2024-04-01T00:00:00+00:00', '--job-id', '248', '--raw', '--subdir', 'DAGS_FOLDER/monitor.py', '--cfg-path', '/tmp/tmphr45qpne']
[2024-08-12T18:13:31.404+0000] {standard_task_runner.py:85} INFO - Job 248: Subtask wait_for_data
[2024-08-12T18:13:31.608+0000] {task_command.py:415} INFO - Running <TaskInstance: monthly_monitor.wait_for_data scheduled__2024-04-01T00:00:00+00:00 [running]> on host a9166c5dc5ae
[2024-08-12T18:13:31.964+0000] {taskinstance.py:1660} INFO - Exporting env vars: AIRFLOW_CTX_DAG_OWNER='***' AIRFLOW_CTX_DAG_ID='monthly_monitor' AIRFLOW_CTX_TASK_ID='wait_for_data' AIRFLOW_CTX_EXECUTION_DATE='2024-04-01T00:00:00+00:00' AIRFLOW_CTX_TRY_NUMBER='1' AIRFLOW_CTX_DAG_RUN_ID='scheduled__2024-04-01T00:00:00+00:00'
[2024-08-12T18:13:32.005+0000] {external_task.py:244} INFO - Poking for tasks ['predict_and_save'] in dag monthly_prediction on 2024-04-01T00:00:00+00:00 ... 
[2024-08-12T18:13:32.131+0000] {taskinstance.py:1895} INFO - Rescheduling task, marking task as UP_FOR_RESCHEDULE
[2024-08-12T18:13:32.201+0000] {local_task_job_runner.py:228} INFO - Task exited with return code 0
[2024-08-12T18:13:32.339+0000] {taskinstance.py:2776} INFO - 0 downstream tasks scheduled from follow-on schedule check
[2024-08-12T18:14:34.393+0000] {taskinstance.py:1157} INFO - Dependencies all met for dep_context=non-requeueable deps ti=<TaskInstance: monthly_monitor.wait_for_data scheduled__2024-04-01T00:00:00+00:00 [queued]>
[2024-08-12T18:14:34.399+0000] {taskinstance.py:1157} INFO - Dependencies all met for dep_context=requeueable deps ti=<TaskInstance: monthly_monitor.wait_for_data scheduled__2024-04-01T00:00:00+00:00 [queued]>
[2024-08-12T18:14:34.399+0000] {taskinstance.py:1359} INFO - Starting attempt 1 of 1
[2024-08-12T18:14:34.407+0000] {taskinstance.py:1380} INFO - Executing <Task(ExternalTaskSensor): wait_for_data> on 2024-04-01 00:00:00+00:00
[2024-08-12T18:14:34.417+0000] {standard_task_runner.py:57} INFO - Started process 9669 to run task
[2024-08-12T18:14:34.420+0000] {standard_task_runner.py:84} INFO - Running: ['***', 'tasks', 'run', 'monthly_monitor', 'wait_for_data', 'scheduled__2024-04-01T00:00:00+00:00', '--job-id', '292', '--raw', '--subdir', 'DAGS_FOLDER/monitor.py', '--cfg-path', '/tmp/tmp5ri62dff']
[2024-08-12T18:14:34.423+0000] {standard_task_runner.py:85} INFO - Job 292: Subtask wait_for_data
[2024-08-12T18:14:34.476+0000] {task_command.py:415} INFO - Running <TaskInstance: monthly_monitor.wait_for_data scheduled__2024-04-01T00:00:00+00:00 [running]> on host a9166c5dc5ae
[2024-08-12T18:14:34.541+0000] {taskinstance.py:1660} INFO - Exporting env vars: AIRFLOW_CTX_DAG_OWNER='***' AIRFLOW_CTX_DAG_ID='monthly_monitor' AIRFLOW_CTX_TASK_ID='wait_for_data' AIRFLOW_CTX_EXECUTION_DATE='2024-04-01T00:00:00+00:00' AIRFLOW_CTX_TRY_NUMBER='1' AIRFLOW_CTX_DAG_RUN_ID='scheduled__2024-04-01T00:00:00+00:00'
[2024-08-12T18:14:34.550+0000] {external_task.py:244} INFO - Poking for tasks ['predict_and_save'] in dag monthly_prediction on 2024-04-01T00:00:00+00:00 ... 
[2024-08-12T18:14:34.558+0000] {base.py:287} INFO - Success criteria met. Exiting.
[2024-08-12T18:14:34.566+0000] {taskinstance.py:1398} INFO - Marking task as SUCCESS. dag_id=monthly_monitor, task_id=wait_for_data, execution_date=20240401T000000, start_date=20240812T181434, end_date=20240812T181434
[2024-08-12T18:14:34.598+0000] {local_task_job_runner.py:228} INFO - Task exited with return code 0
[2024-08-12T18:14:34.615+0000] {taskinstance.py:2776} INFO - 0 downstream tasks scheduled from follow-on schedule check
[2024-08-12T19:22:01.143+0000] {taskinstance.py:1157} INFO - Dependencies all met for dep_context=non-requeueable deps ti=<TaskInstance: monthly_monitor.wait_for_data scheduled__2024-04-01T00:00:00+00:00 [queued]>
[2024-08-12T19:22:01.167+0000] {taskinstance.py:1157} INFO - Dependencies all met for dep_context=requeueable deps ti=<TaskInstance: monthly_monitor.wait_for_data scheduled__2024-04-01T00:00:00+00:00 [queued]>
[2024-08-12T19:22:01.169+0000] {taskinstance.py:1359} INFO - Starting attempt 1 of 1
[2024-08-12T19:22:01.261+0000] {taskinstance.py:1380} INFO - Executing <Task(ExternalTaskSensor): wait_for_data> on 2024-04-01 00:00:00+00:00
[2024-08-12T19:22:01.304+0000] {standard_task_runner.py:57} INFO - Started process 4256 to run task
[2024-08-12T19:22:01.326+0000] {standard_task_runner.py:84} INFO - Running: ['***', 'tasks', 'run', 'monthly_monitor', 'wait_for_data', 'scheduled__2024-04-01T00:00:00+00:00', '--job-id', '481', '--raw', '--subdir', 'DAGS_FOLDER/monitor.py', '--cfg-path', '/tmp/tmpjdj165rh']
[2024-08-12T19:22:01.366+0000] {standard_task_runner.py:85} INFO - Job 481: Subtask wait_for_data
[2024-08-12T19:22:01.623+0000] {task_command.py:415} INFO - Running <TaskInstance: monthly_monitor.wait_for_data scheduled__2024-04-01T00:00:00+00:00 [running]> on host a9166c5dc5ae
[2024-08-12T19:22:02.282+0000] {taskinstance.py:1660} INFO - Exporting env vars: AIRFLOW_CTX_DAG_OWNER='***' AIRFLOW_CTX_DAG_ID='monthly_monitor' AIRFLOW_CTX_TASK_ID='wait_for_data' AIRFLOW_CTX_EXECUTION_DATE='2024-04-01T00:00:00+00:00' AIRFLOW_CTX_TRY_NUMBER='1' AIRFLOW_CTX_DAG_RUN_ID='scheduled__2024-04-01T00:00:00+00:00'
[2024-08-12T19:22:02.340+0000] {external_task.py:244} INFO - Poking for tasks ['predict_and_save'] in dag monthly_prediction on 2024-04-01T00:00:00+00:00 ... 
[2024-08-12T19:22:02.517+0000] {taskinstance.py:1895} INFO - Rescheduling task, marking task as UP_FOR_RESCHEDULE
[2024-08-12T19:22:02.608+0000] {local_task_job_runner.py:228} INFO - Task exited with return code 0
[2024-08-12T19:22:02.778+0000] {taskinstance.py:2776} INFO - 0 downstream tasks scheduled from follow-on schedule check
[2024-08-12T19:23:04.574+0000] {taskinstance.py:1157} INFO - Dependencies all met for dep_context=non-requeueable deps ti=<TaskInstance: monthly_monitor.wait_for_data scheduled__2024-04-01T00:00:00+00:00 [queued]>
[2024-08-12T19:23:04.579+0000] {taskinstance.py:1157} INFO - Dependencies all met for dep_context=requeueable deps ti=<TaskInstance: monthly_monitor.wait_for_data scheduled__2024-04-01T00:00:00+00:00 [queued]>
[2024-08-12T19:23:04.579+0000] {taskinstance.py:1359} INFO - Starting attempt 1 of 1
[2024-08-12T19:23:04.585+0000] {taskinstance.py:1380} INFO - Executing <Task(ExternalTaskSensor): wait_for_data> on 2024-04-01 00:00:00+00:00
[2024-08-12T19:23:04.590+0000] {standard_task_runner.py:57} INFO - Started process 4501 to run task
[2024-08-12T19:23:04.593+0000] {standard_task_runner.py:84} INFO - Running: ['***', 'tasks', 'run', 'monthly_monitor', 'wait_for_data', 'scheduled__2024-04-01T00:00:00+00:00', '--job-id', '505', '--raw', '--subdir', 'DAGS_FOLDER/monitor.py', '--cfg-path', '/tmp/tmpl7dpw2zk']
[2024-08-12T19:23:04.594+0000] {standard_task_runner.py:85} INFO - Job 505: Subtask wait_for_data
[2024-08-12T19:23:04.626+0000] {task_command.py:415} INFO - Running <TaskInstance: monthly_monitor.wait_for_data scheduled__2024-04-01T00:00:00+00:00 [running]> on host a9166c5dc5ae
[2024-08-12T19:23:04.672+0000] {taskinstance.py:1660} INFO - Exporting env vars: AIRFLOW_CTX_DAG_OWNER='***' AIRFLOW_CTX_DAG_ID='monthly_monitor' AIRFLOW_CTX_TASK_ID='wait_for_data' AIRFLOW_CTX_EXECUTION_DATE='2024-04-01T00:00:00+00:00' AIRFLOW_CTX_TRY_NUMBER='1' AIRFLOW_CTX_DAG_RUN_ID='scheduled__2024-04-01T00:00:00+00:00'
[2024-08-12T19:23:04.679+0000] {external_task.py:244} INFO - Poking for tasks ['predict_and_save'] in dag monthly_prediction on 2024-04-01T00:00:00+00:00 ... 
[2024-08-12T19:23:04.699+0000] {taskinstance.py:1895} INFO - Rescheduling task, marking task as UP_FOR_RESCHEDULE
[2024-08-12T19:23:04.733+0000] {local_task_job_runner.py:228} INFO - Task exited with return code 0
[2024-08-12T19:23:04.751+0000] {taskinstance.py:2776} INFO - 0 downstream tasks scheduled from follow-on schedule check
[2024-08-12T19:24:06.962+0000] {taskinstance.py:1157} INFO - Dependencies all met for dep_context=non-requeueable deps ti=<TaskInstance: monthly_monitor.wait_for_data scheduled__2024-04-01T00:00:00+00:00 [queued]>
[2024-08-12T19:24:06.968+0000] {taskinstance.py:1157} INFO - Dependencies all met for dep_context=requeueable deps ti=<TaskInstance: monthly_monitor.wait_for_data scheduled__2024-04-01T00:00:00+00:00 [queued]>
[2024-08-12T19:24:06.968+0000] {taskinstance.py:1359} INFO - Starting attempt 1 of 1
[2024-08-12T19:24:06.977+0000] {taskinstance.py:1380} INFO - Executing <Task(ExternalTaskSensor): wait_for_data> on 2024-04-01 00:00:00+00:00
[2024-08-12T19:24:06.987+0000] {standard_task_runner.py:57} INFO - Started process 4661 to run task
[2024-08-12T19:24:06.991+0000] {standard_task_runner.py:84} INFO - Running: ['***', 'tasks', 'run', 'monthly_monitor', 'wait_for_data', 'scheduled__2024-04-01T00:00:00+00:00', '--job-id', '510', '--raw', '--subdir', 'DAGS_FOLDER/monitor.py', '--cfg-path', '/tmp/tmp99qp9fm6']
[2024-08-12T19:24:06.995+0000] {standard_task_runner.py:85} INFO - Job 510: Subtask wait_for_data
[2024-08-12T19:24:07.054+0000] {task_command.py:415} INFO - Running <TaskInstance: monthly_monitor.wait_for_data scheduled__2024-04-01T00:00:00+00:00 [running]> on host a9166c5dc5ae
[2024-08-12T19:24:07.126+0000] {taskinstance.py:1660} INFO - Exporting env vars: AIRFLOW_CTX_DAG_OWNER='***' AIRFLOW_CTX_DAG_ID='monthly_monitor' AIRFLOW_CTX_TASK_ID='wait_for_data' AIRFLOW_CTX_EXECUTION_DATE='2024-04-01T00:00:00+00:00' AIRFLOW_CTX_TRY_NUMBER='1' AIRFLOW_CTX_DAG_RUN_ID='scheduled__2024-04-01T00:00:00+00:00'
[2024-08-12T19:24:07.132+0000] {external_task.py:244} INFO - Poking for tasks ['predict_and_save'] in dag monthly_prediction on 2024-04-01T00:00:00+00:00 ... 
[2024-08-12T19:24:07.149+0000] {taskinstance.py:1895} INFO - Rescheduling task, marking task as UP_FOR_RESCHEDULE
[2024-08-12T19:24:07.168+0000] {local_task_job_runner.py:228} INFO - Task exited with return code 0
[2024-08-12T19:24:07.177+0000] {taskinstance.py:2776} INFO - 0 downstream tasks scheduled from follow-on schedule check
[2024-08-12T19:25:10.500+0000] {taskinstance.py:1157} INFO - Dependencies all met for dep_context=non-requeueable deps ti=<TaskInstance: monthly_monitor.wait_for_data scheduled__2024-04-01T00:00:00+00:00 [queued]>
[2024-08-12T19:25:10.504+0000] {taskinstance.py:1157} INFO - Dependencies all met for dep_context=requeueable deps ti=<TaskInstance: monthly_monitor.wait_for_data scheduled__2024-04-01T00:00:00+00:00 [queued]>
[2024-08-12T19:25:10.505+0000] {taskinstance.py:1359} INFO - Starting attempt 1 of 1
[2024-08-12T19:25:10.512+0000] {taskinstance.py:1380} INFO - Executing <Task(ExternalTaskSensor): wait_for_data> on 2024-04-01 00:00:00+00:00
[2024-08-12T19:25:10.519+0000] {standard_task_runner.py:57} INFO - Started process 4813 to run task
[2024-08-12T19:25:10.524+0000] {standard_task_runner.py:84} INFO - Running: ['***', 'tasks', 'run', 'monthly_monitor', 'wait_for_data', 'scheduled__2024-04-01T00:00:00+00:00', '--job-id', '518', '--raw', '--subdir', 'DAGS_FOLDER/monitor.py', '--cfg-path', '/tmp/tmp96wl566y']
[2024-08-12T19:25:10.527+0000] {standard_task_runner.py:85} INFO - Job 518: Subtask wait_for_data
[2024-08-12T19:25:10.568+0000] {task_command.py:415} INFO - Running <TaskInstance: monthly_monitor.wait_for_data scheduled__2024-04-01T00:00:00+00:00 [running]> on host a9166c5dc5ae
[2024-08-12T19:25:10.633+0000] {taskinstance.py:1660} INFO - Exporting env vars: AIRFLOW_CTX_DAG_OWNER='***' AIRFLOW_CTX_DAG_ID='monthly_monitor' AIRFLOW_CTX_TASK_ID='wait_for_data' AIRFLOW_CTX_EXECUTION_DATE='2024-04-01T00:00:00+00:00' AIRFLOW_CTX_TRY_NUMBER='1' AIRFLOW_CTX_DAG_RUN_ID='scheduled__2024-04-01T00:00:00+00:00'
[2024-08-12T19:25:10.641+0000] {external_task.py:244} INFO - Poking for tasks ['predict_and_save'] in dag monthly_prediction on 2024-04-01T00:00:00+00:00 ... 
[2024-08-12T19:25:10.663+0000] {taskinstance.py:1895} INFO - Rescheduling task, marking task as UP_FOR_RESCHEDULE
[2024-08-12T19:25:10.703+0000] {local_task_job_runner.py:228} INFO - Task exited with return code 0
[2024-08-12T19:25:10.717+0000] {taskinstance.py:2776} INFO - 0 downstream tasks scheduled from follow-on schedule check
[2024-08-12T19:26:12.880+0000] {taskinstance.py:1157} INFO - Dependencies all met for dep_context=non-requeueable deps ti=<TaskInstance: monthly_monitor.wait_for_data scheduled__2024-04-01T00:00:00+00:00 [queued]>
[2024-08-12T19:26:12.884+0000] {taskinstance.py:1157} INFO - Dependencies all met for dep_context=requeueable deps ti=<TaskInstance: monthly_monitor.wait_for_data scheduled__2024-04-01T00:00:00+00:00 [queued]>
[2024-08-12T19:26:12.884+0000] {taskinstance.py:1359} INFO - Starting attempt 1 of 1
[2024-08-12T19:26:12.890+0000] {taskinstance.py:1380} INFO - Executing <Task(ExternalTaskSensor): wait_for_data> on 2024-04-01 00:00:00+00:00
[2024-08-12T19:26:12.897+0000] {standard_task_runner.py:57} INFO - Started process 4977 to run task
[2024-08-12T19:26:12.900+0000] {standard_task_runner.py:84} INFO - Running: ['***', 'tasks', 'run', 'monthly_monitor', 'wait_for_data', 'scheduled__2024-04-01T00:00:00+00:00', '--job-id', '522', '--raw', '--subdir', 'DAGS_FOLDER/monitor.py', '--cfg-path', '/tmp/tmp8mjqnudv']
[2024-08-12T19:26:12.903+0000] {standard_task_runner.py:85} INFO - Job 522: Subtask wait_for_data
[2024-08-12T19:26:12.945+0000] {task_command.py:415} INFO - Running <TaskInstance: monthly_monitor.wait_for_data scheduled__2024-04-01T00:00:00+00:00 [running]> on host a9166c5dc5ae
[2024-08-12T19:26:12.990+0000] {taskinstance.py:1660} INFO - Exporting env vars: AIRFLOW_CTX_DAG_OWNER='***' AIRFLOW_CTX_DAG_ID='monthly_monitor' AIRFLOW_CTX_TASK_ID='wait_for_data' AIRFLOW_CTX_EXECUTION_DATE='2024-04-01T00:00:00+00:00' AIRFLOW_CTX_TRY_NUMBER='1' AIRFLOW_CTX_DAG_RUN_ID='scheduled__2024-04-01T00:00:00+00:00'
[2024-08-12T19:26:12.999+0000] {external_task.py:244} INFO - Poking for tasks ['predict_and_save'] in dag monthly_prediction on 2024-04-01T00:00:00+00:00 ... 
[2024-08-12T19:26:13.018+0000] {taskinstance.py:1895} INFO - Rescheduling task, marking task as UP_FOR_RESCHEDULE
[2024-08-12T19:26:13.041+0000] {local_task_job_runner.py:228} INFO - Task exited with return code 0
[2024-08-12T19:26:13.051+0000] {taskinstance.py:2776} INFO - 0 downstream tasks scheduled from follow-on schedule check
[2024-08-12T19:27:12.563+0000] {taskinstance.py:1157} INFO - Dependencies all met for dep_context=non-requeueable deps ti=<TaskInstance: monthly_monitor.wait_for_data scheduled__2024-04-01T00:00:00+00:00 [queued]>
[2024-08-12T19:27:12.601+0000] {taskinstance.py:1157} INFO - Dependencies all met for dep_context=requeueable deps ti=<TaskInstance: monthly_monitor.wait_for_data scheduled__2024-04-01T00:00:00+00:00 [queued]>
[2024-08-12T19:27:12.608+0000] {taskinstance.py:1359} INFO - Starting attempt 1 of 1
[2024-08-12T19:27:12.681+0000] {taskinstance.py:1380} INFO - Executing <Task(ExternalTaskSensor): wait_for_data> on 2024-04-01 00:00:00+00:00
[2024-08-12T19:27:12.735+0000] {standard_task_runner.py:57} INFO - Started process 5242 to run task
[2024-08-12T19:27:12.744+0000] {standard_task_runner.py:84} INFO - Running: ['***', 'tasks', 'run', 'monthly_monitor', 'wait_for_data', 'scheduled__2024-04-01T00:00:00+00:00', '--job-id', '532', '--raw', '--subdir', 'DAGS_FOLDER/monitor.py', '--cfg-path', '/tmp/tmp814goru9']
[2024-08-12T19:27:12.783+0000] {standard_task_runner.py:85} INFO - Job 532: Subtask wait_for_data
[2024-08-12T19:27:12.950+0000] {task_command.py:415} INFO - Running <TaskInstance: monthly_monitor.wait_for_data scheduled__2024-04-01T00:00:00+00:00 [running]> on host a9166c5dc5ae
[2024-08-12T19:27:13.448+0000] {taskinstance.py:1660} INFO - Exporting env vars: AIRFLOW_CTX_DAG_OWNER='***' AIRFLOW_CTX_DAG_ID='monthly_monitor' AIRFLOW_CTX_TASK_ID='wait_for_data' AIRFLOW_CTX_EXECUTION_DATE='2024-04-01T00:00:00+00:00' AIRFLOW_CTX_TRY_NUMBER='1' AIRFLOW_CTX_DAG_RUN_ID='scheduled__2024-04-01T00:00:00+00:00'
[2024-08-12T19:27:13.484+0000] {external_task.py:244} INFO - Poking for tasks ['predict_and_save'] in dag monthly_prediction on 2024-04-01T00:00:00+00:00 ... 
[2024-08-12T19:27:13.619+0000] {taskinstance.py:1895} INFO - Rescheduling task, marking task as UP_FOR_RESCHEDULE
[2024-08-12T19:27:13.686+0000] {local_task_job_runner.py:228} INFO - Task exited with return code 0
[2024-08-12T19:27:13.758+0000] {taskinstance.py:2776} INFO - 0 downstream tasks scheduled from follow-on schedule check
[2024-08-12T19:28:15.777+0000] {taskinstance.py:1157} INFO - Dependencies all met for dep_context=non-requeueable deps ti=<TaskInstance: monthly_monitor.wait_for_data scheduled__2024-04-01T00:00:00+00:00 [queued]>
[2024-08-12T19:28:15.781+0000] {taskinstance.py:1157} INFO - Dependencies all met for dep_context=requeueable deps ti=<TaskInstance: monthly_monitor.wait_for_data scheduled__2024-04-01T00:00:00+00:00 [queued]>
[2024-08-12T19:28:15.781+0000] {taskinstance.py:1359} INFO - Starting attempt 1 of 1
[2024-08-12T19:28:15.787+0000] {taskinstance.py:1380} INFO - Executing <Task(ExternalTaskSensor): wait_for_data> on 2024-04-01 00:00:00+00:00
[2024-08-12T19:28:15.792+0000] {standard_task_runner.py:57} INFO - Started process 5534 to run task
[2024-08-12T19:28:15.795+0000] {standard_task_runner.py:84} INFO - Running: ['***', 'tasks', 'run', 'monthly_monitor', 'wait_for_data', 'scheduled__2024-04-01T00:00:00+00:00', '--job-id', '559', '--raw', '--subdir', 'DAGS_FOLDER/monitor.py', '--cfg-path', '/tmp/tmpy_3qti4k']
[2024-08-12T19:28:15.796+0000] {standard_task_runner.py:85} INFO - Job 559: Subtask wait_for_data
[2024-08-12T19:28:15.822+0000] {task_command.py:415} INFO - Running <TaskInstance: monthly_monitor.wait_for_data scheduled__2024-04-01T00:00:00+00:00 [running]> on host a9166c5dc5ae
[2024-08-12T19:28:15.864+0000] {taskinstance.py:1660} INFO - Exporting env vars: AIRFLOW_CTX_DAG_OWNER='***' AIRFLOW_CTX_DAG_ID='monthly_monitor' AIRFLOW_CTX_TASK_ID='wait_for_data' AIRFLOW_CTX_EXECUTION_DATE='2024-04-01T00:00:00+00:00' AIRFLOW_CTX_TRY_NUMBER='1' AIRFLOW_CTX_DAG_RUN_ID='scheduled__2024-04-01T00:00:00+00:00'
[2024-08-12T19:28:15.870+0000] {external_task.py:244} INFO - Poking for tasks ['predict_and_save'] in dag monthly_prediction on 2024-04-01T00:00:00+00:00 ... 
[2024-08-12T19:28:15.887+0000] {taskinstance.py:1895} INFO - Rescheduling task, marking task as UP_FOR_RESCHEDULE
[2024-08-12T19:28:15.895+0000] {local_task_job_runner.py:228} INFO - Task exited with return code 0
[2024-08-12T19:28:15.906+0000] {taskinstance.py:2776} INFO - 0 downstream tasks scheduled from follow-on schedule check
[2024-08-12T19:28:36.904+0000] {taskinstance.py:1157} INFO - Dependencies all met for dep_context=non-requeueable deps ti=<TaskInstance: monthly_monitor.wait_for_data scheduled__2024-04-01T00:00:00+00:00 [queued]>
[2024-08-12T19:28:36.935+0000] {taskinstance.py:1157} INFO - Dependencies all met for dep_context=requeueable deps ti=<TaskInstance: monthly_monitor.wait_for_data scheduled__2024-04-01T00:00:00+00:00 [queued]>
[2024-08-12T19:28:36.941+0000] {taskinstance.py:1359} INFO - Starting attempt 1 of 1
[2024-08-12T19:28:36.977+0000] {taskinstance.py:1380} INFO - Executing <Task(ExternalTaskSensor): wait_for_data> on 2024-04-01 00:00:00+00:00
[2024-08-12T19:28:37.022+0000] {standard_task_runner.py:57} INFO - Started process 5752 to run task
[2024-08-12T19:28:37.038+0000] {standard_task_runner.py:84} INFO - Running: ['***', 'tasks', 'run', 'monthly_monitor', 'wait_for_data', 'scheduled__2024-04-01T00:00:00+00:00', '--job-id', '570', '--raw', '--subdir', 'DAGS_FOLDER/monitor.py', '--cfg-path', '/tmp/tmpv56n523d']
[2024-08-12T19:28:37.060+0000] {standard_task_runner.py:85} INFO - Job 570: Subtask wait_for_data
[2024-08-12T19:28:37.275+0000] {task_command.py:415} INFO - Running <TaskInstance: monthly_monitor.wait_for_data scheduled__2024-04-01T00:00:00+00:00 [running]> on host a9166c5dc5ae
[2024-08-12T19:28:37.554+0000] {taskinstance.py:1660} INFO - Exporting env vars: AIRFLOW_CTX_DAG_OWNER='***' AIRFLOW_CTX_DAG_ID='monthly_monitor' AIRFLOW_CTX_TASK_ID='wait_for_data' AIRFLOW_CTX_EXECUTION_DATE='2024-04-01T00:00:00+00:00' AIRFLOW_CTX_TRY_NUMBER='1' AIRFLOW_CTX_DAG_RUN_ID='scheduled__2024-04-01T00:00:00+00:00'
[2024-08-12T19:28:37.668+0000] {external_task.py:244} INFO - Poking for tasks ['predict_and_save'] in dag monthly_prediction on 2024-04-01T00:00:00+00:00 ... 
[2024-08-12T19:28:37.753+0000] {taskinstance.py:1895} INFO - Rescheduling task, marking task as UP_FOR_RESCHEDULE
[2024-08-12T19:28:37.786+0000] {local_task_job_runner.py:228} INFO - Task exited with return code 0
[2024-08-12T19:28:37.913+0000] {taskinstance.py:2776} INFO - 0 downstream tasks scheduled from follow-on schedule check
[2024-08-12T19:29:39.129+0000] {taskinstance.py:1157} INFO - Dependencies all met for dep_context=non-requeueable deps ti=<TaskInstance: monthly_monitor.wait_for_data scheduled__2024-04-01T00:00:00+00:00 [queued]>
[2024-08-12T19:29:39.135+0000] {taskinstance.py:1157} INFO - Dependencies all met for dep_context=requeueable deps ti=<TaskInstance: monthly_monitor.wait_for_data scheduled__2024-04-01T00:00:00+00:00 [queued]>
[2024-08-12T19:29:39.136+0000] {taskinstance.py:1359} INFO - Starting attempt 1 of 1
[2024-08-12T19:29:39.146+0000] {taskinstance.py:1380} INFO - Executing <Task(ExternalTaskSensor): wait_for_data> on 2024-04-01 00:00:00+00:00
[2024-08-12T19:29:39.152+0000] {standard_task_runner.py:57} INFO - Started process 5980 to run task
[2024-08-12T19:29:39.156+0000] {standard_task_runner.py:84} INFO - Running: ['***', 'tasks', 'run', 'monthly_monitor', 'wait_for_data', 'scheduled__2024-04-01T00:00:00+00:00', '--job-id', '592', '--raw', '--subdir', 'DAGS_FOLDER/monitor.py', '--cfg-path', '/tmp/tmp00zrlnzb']
[2024-08-12T19:29:39.158+0000] {standard_task_runner.py:85} INFO - Job 592: Subtask wait_for_data
[2024-08-12T19:29:39.197+0000] {task_command.py:415} INFO - Running <TaskInstance: monthly_monitor.wait_for_data scheduled__2024-04-01T00:00:00+00:00 [running]> on host a9166c5dc5ae
[2024-08-12T19:29:39.258+0000] {taskinstance.py:1660} INFO - Exporting env vars: AIRFLOW_CTX_DAG_OWNER='***' AIRFLOW_CTX_DAG_ID='monthly_monitor' AIRFLOW_CTX_TASK_ID='wait_for_data' AIRFLOW_CTX_EXECUTION_DATE='2024-04-01T00:00:00+00:00' AIRFLOW_CTX_TRY_NUMBER='1' AIRFLOW_CTX_DAG_RUN_ID='scheduled__2024-04-01T00:00:00+00:00'
[2024-08-12T19:29:39.265+0000] {external_task.py:244} INFO - Poking for tasks ['predict_and_save'] in dag monthly_prediction on 2024-04-01T00:00:00+00:00 ... 
[2024-08-12T19:29:39.282+0000] {taskinstance.py:1895} INFO - Rescheduling task, marking task as UP_FOR_RESCHEDULE
[2024-08-12T19:29:39.295+0000] {local_task_job_runner.py:228} INFO - Task exited with return code 0
[2024-08-12T19:29:39.307+0000] {taskinstance.py:2776} INFO - 0 downstream tasks scheduled from follow-on schedule check
[2024-08-12T19:30:41.648+0000] {taskinstance.py:1157} INFO - Dependencies all met for dep_context=non-requeueable deps ti=<TaskInstance: monthly_monitor.wait_for_data scheduled__2024-04-01T00:00:00+00:00 [queued]>
[2024-08-12T19:30:41.652+0000] {taskinstance.py:1157} INFO - Dependencies all met for dep_context=requeueable deps ti=<TaskInstance: monthly_monitor.wait_for_data scheduled__2024-04-01T00:00:00+00:00 [queued]>
[2024-08-12T19:30:41.653+0000] {taskinstance.py:1359} INFO - Starting attempt 1 of 1
[2024-08-12T19:30:41.662+0000] {taskinstance.py:1380} INFO - Executing <Task(ExternalTaskSensor): wait_for_data> on 2024-04-01 00:00:00+00:00
[2024-08-12T19:30:41.668+0000] {standard_task_runner.py:57} INFO - Started process 6148 to run task
[2024-08-12T19:30:41.672+0000] {standard_task_runner.py:84} INFO - Running: ['***', 'tasks', 'run', 'monthly_monitor', 'wait_for_data', 'scheduled__2024-04-01T00:00:00+00:00', '--job-id', '598', '--raw', '--subdir', 'DAGS_FOLDER/monitor.py', '--cfg-path', '/tmp/tmpal6882kv']
[2024-08-12T19:30:41.675+0000] {standard_task_runner.py:85} INFO - Job 598: Subtask wait_for_data
[2024-08-12T19:30:41.719+0000] {task_command.py:415} INFO - Running <TaskInstance: monthly_monitor.wait_for_data scheduled__2024-04-01T00:00:00+00:00 [running]> on host a9166c5dc5ae
[2024-08-12T19:30:41.777+0000] {taskinstance.py:1660} INFO - Exporting env vars: AIRFLOW_CTX_DAG_OWNER='***' AIRFLOW_CTX_DAG_ID='monthly_monitor' AIRFLOW_CTX_TASK_ID='wait_for_data' AIRFLOW_CTX_EXECUTION_DATE='2024-04-01T00:00:00+00:00' AIRFLOW_CTX_TRY_NUMBER='1' AIRFLOW_CTX_DAG_RUN_ID='scheduled__2024-04-01T00:00:00+00:00'
[2024-08-12T19:30:41.784+0000] {external_task.py:244} INFO - Poking for tasks ['predict_and_save'] in dag monthly_prediction on 2024-04-01T00:00:00+00:00 ... 
[2024-08-12T19:30:41.802+0000] {taskinstance.py:1895} INFO - Rescheduling task, marking task as UP_FOR_RESCHEDULE
[2024-08-12T19:30:41.812+0000] {local_task_job_runner.py:228} INFO - Task exited with return code 0
[2024-08-12T19:30:41.825+0000] {taskinstance.py:2776} INFO - 0 downstream tasks scheduled from follow-on schedule check
[2024-08-12T19:31:44.994+0000] {taskinstance.py:1157} INFO - Dependencies all met for dep_context=non-requeueable deps ti=<TaskInstance: monthly_monitor.wait_for_data scheduled__2024-04-01T00:00:00+00:00 [queued]>
[2024-08-12T19:31:45.013+0000] {taskinstance.py:1157} INFO - Dependencies all met for dep_context=requeueable deps ti=<TaskInstance: monthly_monitor.wait_for_data scheduled__2024-04-01T00:00:00+00:00 [queued]>
[2024-08-12T19:31:45.031+0000] {taskinstance.py:1359} INFO - Starting attempt 1 of 1
[2024-08-12T19:31:45.060+0000] {taskinstance.py:1380} INFO - Executing <Task(ExternalTaskSensor): wait_for_data> on 2024-04-01 00:00:00+00:00
[2024-08-12T19:31:45.095+0000] {standard_task_runner.py:57} INFO - Started process 6317 to run task
[2024-08-12T19:31:45.099+0000] {standard_task_runner.py:84} INFO - Running: ['***', 'tasks', 'run', 'monthly_monitor', 'wait_for_data', 'scheduled__2024-04-01T00:00:00+00:00', '--job-id', '604', '--raw', '--subdir', 'DAGS_FOLDER/monitor.py', '--cfg-path', '/tmp/tmpb0mk0hvz']
[2024-08-12T19:31:45.106+0000] {standard_task_runner.py:85} INFO - Job 604: Subtask wait_for_data
[2024-08-12T19:31:45.162+0000] {task_command.py:415} INFO - Running <TaskInstance: monthly_monitor.wait_for_data scheduled__2024-04-01T00:00:00+00:00 [running]> on host a9166c5dc5ae
[2024-08-12T19:31:45.283+0000] {taskinstance.py:1660} INFO - Exporting env vars: AIRFLOW_CTX_DAG_OWNER='***' AIRFLOW_CTX_DAG_ID='monthly_monitor' AIRFLOW_CTX_TASK_ID='wait_for_data' AIRFLOW_CTX_EXECUTION_DATE='2024-04-01T00:00:00+00:00' AIRFLOW_CTX_TRY_NUMBER='1' AIRFLOW_CTX_DAG_RUN_ID='scheduled__2024-04-01T00:00:00+00:00'
[2024-08-12T19:31:45.300+0000] {external_task.py:244} INFO - Poking for tasks ['predict_and_save'] in dag monthly_prediction on 2024-04-01T00:00:00+00:00 ... 
[2024-08-12T19:31:45.341+0000] {taskinstance.py:1895} INFO - Rescheduling task, marking task as UP_FOR_RESCHEDULE
[2024-08-12T19:31:45.368+0000] {local_task_job_runner.py:228} INFO - Task exited with return code 0
[2024-08-12T19:31:45.382+0000] {taskinstance.py:2776} INFO - 0 downstream tasks scheduled from follow-on schedule check
[2024-08-12T19:32:48.495+0000] {taskinstance.py:1157} INFO - Dependencies all met for dep_context=non-requeueable deps ti=<TaskInstance: monthly_monitor.wait_for_data scheduled__2024-04-01T00:00:00+00:00 [queued]>
[2024-08-12T19:32:48.507+0000] {taskinstance.py:1157} INFO - Dependencies all met for dep_context=requeueable deps ti=<TaskInstance: monthly_monitor.wait_for_data scheduled__2024-04-01T00:00:00+00:00 [queued]>
[2024-08-12T19:32:48.508+0000] {taskinstance.py:1359} INFO - Starting attempt 1 of 1
[2024-08-12T19:32:48.524+0000] {taskinstance.py:1380} INFO - Executing <Task(ExternalTaskSensor): wait_for_data> on 2024-04-01 00:00:00+00:00
[2024-08-12T19:32:48.533+0000] {standard_task_runner.py:57} INFO - Started process 6470 to run task
[2024-08-12T19:32:48.540+0000] {standard_task_runner.py:84} INFO - Running: ['***', 'tasks', 'run', 'monthly_monitor', 'wait_for_data', 'scheduled__2024-04-01T00:00:00+00:00', '--job-id', '611', '--raw', '--subdir', 'DAGS_FOLDER/monitor.py', '--cfg-path', '/tmp/tmpbkjf1hqu']
[2024-08-12T19:32:48.561+0000] {standard_task_runner.py:85} INFO - Job 611: Subtask wait_for_data
[2024-08-12T19:32:48.647+0000] {task_command.py:415} INFO - Running <TaskInstance: monthly_monitor.wait_for_data scheduled__2024-04-01T00:00:00+00:00 [running]> on host a9166c5dc5ae
[2024-08-12T19:32:48.736+0000] {taskinstance.py:1660} INFO - Exporting env vars: AIRFLOW_CTX_DAG_OWNER='***' AIRFLOW_CTX_DAG_ID='monthly_monitor' AIRFLOW_CTX_TASK_ID='wait_for_data' AIRFLOW_CTX_EXECUTION_DATE='2024-04-01T00:00:00+00:00' AIRFLOW_CTX_TRY_NUMBER='1' AIRFLOW_CTX_DAG_RUN_ID='scheduled__2024-04-01T00:00:00+00:00'
[2024-08-12T19:32:48.757+0000] {external_task.py:244} INFO - Poking for tasks ['predict_and_save'] in dag monthly_prediction on 2024-04-01T00:00:00+00:00 ... 
[2024-08-12T19:32:48.823+0000] {taskinstance.py:1895} INFO - Rescheduling task, marking task as UP_FOR_RESCHEDULE
[2024-08-12T19:32:48.845+0000] {local_task_job_runner.py:228} INFO - Task exited with return code 0
[2024-08-12T19:32:48.868+0000] {taskinstance.py:2776} INFO - 0 downstream tasks scheduled from follow-on schedule check
[2024-08-12T19:33:52.215+0000] {taskinstance.py:1157} INFO - Dependencies all met for dep_context=non-requeueable deps ti=<TaskInstance: monthly_monitor.wait_for_data scheduled__2024-04-01T00:00:00+00:00 [queued]>
[2024-08-12T19:33:52.228+0000] {taskinstance.py:1157} INFO - Dependencies all met for dep_context=requeueable deps ti=<TaskInstance: monthly_monitor.wait_for_data scheduled__2024-04-01T00:00:00+00:00 [queued]>
[2024-08-12T19:33:52.232+0000] {taskinstance.py:1359} INFO - Starting attempt 1 of 1
[2024-08-12T19:33:52.267+0000] {taskinstance.py:1380} INFO - Executing <Task(ExternalTaskSensor): wait_for_data> on 2024-04-01 00:00:00+00:00
[2024-08-12T19:33:52.280+0000] {standard_task_runner.py:57} INFO - Started process 6632 to run task
[2024-08-12T19:33:52.286+0000] {standard_task_runner.py:84} INFO - Running: ['***', 'tasks', 'run', 'monthly_monitor', 'wait_for_data', 'scheduled__2024-04-01T00:00:00+00:00', '--job-id', '620', '--raw', '--subdir', 'DAGS_FOLDER/monitor.py', '--cfg-path', '/tmp/tmpldoinl20']
[2024-08-12T19:33:52.291+0000] {standard_task_runner.py:85} INFO - Job 620: Subtask wait_for_data
[2024-08-12T19:33:52.409+0000] {task_command.py:415} INFO - Running <TaskInstance: monthly_monitor.wait_for_data scheduled__2024-04-01T00:00:00+00:00 [running]> on host a9166c5dc5ae
[2024-08-12T19:33:52.554+0000] {taskinstance.py:1660} INFO - Exporting env vars: AIRFLOW_CTX_DAG_OWNER='***' AIRFLOW_CTX_DAG_ID='monthly_monitor' AIRFLOW_CTX_TASK_ID='wait_for_data' AIRFLOW_CTX_EXECUTION_DATE='2024-04-01T00:00:00+00:00' AIRFLOW_CTX_TRY_NUMBER='1' AIRFLOW_CTX_DAG_RUN_ID='scheduled__2024-04-01T00:00:00+00:00'
[2024-08-12T19:33:52.579+0000] {external_task.py:244} INFO - Poking for tasks ['predict_and_save'] in dag monthly_prediction on 2024-04-01T00:00:00+00:00 ... 
[2024-08-12T19:33:52.661+0000] {taskinstance.py:1895} INFO - Rescheduling task, marking task as UP_FOR_RESCHEDULE
[2024-08-12T19:33:52.684+0000] {local_task_job_runner.py:228} INFO - Task exited with return code 0
[2024-08-12T19:33:52.726+0000] {taskinstance.py:2776} INFO - 0 downstream tasks scheduled from follow-on schedule check
[2024-08-12T19:34:55.054+0000] {taskinstance.py:1157} INFO - Dependencies all met for dep_context=non-requeueable deps ti=<TaskInstance: monthly_monitor.wait_for_data scheduled__2024-04-01T00:00:00+00:00 [queued]>
[2024-08-12T19:34:55.061+0000] {taskinstance.py:1157} INFO - Dependencies all met for dep_context=requeueable deps ti=<TaskInstance: monthly_monitor.wait_for_data scheduled__2024-04-01T00:00:00+00:00 [queued]>
[2024-08-12T19:34:55.062+0000] {taskinstance.py:1359} INFO - Starting attempt 1 of 1
[2024-08-12T19:34:55.076+0000] {taskinstance.py:1380} INFO - Executing <Task(ExternalTaskSensor): wait_for_data> on 2024-04-01 00:00:00+00:00
[2024-08-12T19:34:55.085+0000] {standard_task_runner.py:57} INFO - Started process 6783 to run task
[2024-08-12T19:34:55.088+0000] {standard_task_runner.py:84} INFO - Running: ['***', 'tasks', 'run', 'monthly_monitor', 'wait_for_data', 'scheduled__2024-04-01T00:00:00+00:00', '--job-id', '625', '--raw', '--subdir', 'DAGS_FOLDER/monitor.py', '--cfg-path', '/tmp/tmp9q278m9a']
[2024-08-12T19:34:55.092+0000] {standard_task_runner.py:85} INFO - Job 625: Subtask wait_for_data
[2024-08-12T19:34:55.176+0000] {task_command.py:415} INFO - Running <TaskInstance: monthly_monitor.wait_for_data scheduled__2024-04-01T00:00:00+00:00 [running]> on host a9166c5dc5ae
[2024-08-12T19:34:55.262+0000] {taskinstance.py:1660} INFO - Exporting env vars: AIRFLOW_CTX_DAG_OWNER='***' AIRFLOW_CTX_DAG_ID='monthly_monitor' AIRFLOW_CTX_TASK_ID='wait_for_data' AIRFLOW_CTX_EXECUTION_DATE='2024-04-01T00:00:00+00:00' AIRFLOW_CTX_TRY_NUMBER='1' AIRFLOW_CTX_DAG_RUN_ID='scheduled__2024-04-01T00:00:00+00:00'
[2024-08-12T19:34:55.273+0000] {external_task.py:244} INFO - Poking for tasks ['predict_and_save'] in dag monthly_prediction on 2024-04-01T00:00:00+00:00 ... 
[2024-08-12T19:34:55.298+0000] {taskinstance.py:1895} INFO - Rescheduling task, marking task as UP_FOR_RESCHEDULE
[2024-08-12T19:34:55.311+0000] {local_task_job_runner.py:228} INFO - Task exited with return code 0
[2024-08-12T19:34:55.322+0000] {taskinstance.py:2776} INFO - 0 downstream tasks scheduled from follow-on schedule check
[2024-08-12T19:35:58.134+0000] {taskinstance.py:1157} INFO - Dependencies all met for dep_context=non-requeueable deps ti=<TaskInstance: monthly_monitor.wait_for_data scheduled__2024-04-01T00:00:00+00:00 [queued]>
[2024-08-12T19:35:58.141+0000] {taskinstance.py:1157} INFO - Dependencies all met for dep_context=requeueable deps ti=<TaskInstance: monthly_monitor.wait_for_data scheduled__2024-04-01T00:00:00+00:00 [queued]>
[2024-08-12T19:35:58.142+0000] {taskinstance.py:1359} INFO - Starting attempt 1 of 1
[2024-08-12T19:35:58.161+0000] {taskinstance.py:1380} INFO - Executing <Task(ExternalTaskSensor): wait_for_data> on 2024-04-01 00:00:00+00:00
[2024-08-12T19:35:58.167+0000] {standard_task_runner.py:57} INFO - Started process 6935 to run task
[2024-08-12T19:35:58.179+0000] {standard_task_runner.py:84} INFO - Running: ['***', 'tasks', 'run', 'monthly_monitor', 'wait_for_data', 'scheduled__2024-04-01T00:00:00+00:00', '--job-id', '631', '--raw', '--subdir', 'DAGS_FOLDER/monitor.py', '--cfg-path', '/tmp/tmprvcihs3r']
[2024-08-12T19:35:58.186+0000] {standard_task_runner.py:85} INFO - Job 631: Subtask wait_for_data
[2024-08-12T19:35:58.242+0000] {task_command.py:415} INFO - Running <TaskInstance: monthly_monitor.wait_for_data scheduled__2024-04-01T00:00:00+00:00 [running]> on host a9166c5dc5ae
[2024-08-12T19:35:58.314+0000] {taskinstance.py:1660} INFO - Exporting env vars: AIRFLOW_CTX_DAG_OWNER='***' AIRFLOW_CTX_DAG_ID='monthly_monitor' AIRFLOW_CTX_TASK_ID='wait_for_data' AIRFLOW_CTX_EXECUTION_DATE='2024-04-01T00:00:00+00:00' AIRFLOW_CTX_TRY_NUMBER='1' AIRFLOW_CTX_DAG_RUN_ID='scheduled__2024-04-01T00:00:00+00:00'
[2024-08-12T19:35:58.325+0000] {external_task.py:244} INFO - Poking for tasks ['predict_and_save'] in dag monthly_prediction on 2024-04-01T00:00:00+00:00 ... 
[2024-08-12T19:35:58.351+0000] {taskinstance.py:1895} INFO - Rescheduling task, marking task as UP_FOR_RESCHEDULE
[2024-08-12T19:35:58.358+0000] {local_task_job_runner.py:228} INFO - Task exited with return code 0
[2024-08-12T19:35:58.368+0000] {taskinstance.py:2776} INFO - 0 downstream tasks scheduled from follow-on schedule check
[2024-08-12T19:37:01.286+0000] {taskinstance.py:1157} INFO - Dependencies all met for dep_context=non-requeueable deps ti=<TaskInstance: monthly_monitor.wait_for_data scheduled__2024-04-01T00:00:00+00:00 [queued]>
[2024-08-12T19:37:01.296+0000] {taskinstance.py:1157} INFO - Dependencies all met for dep_context=requeueable deps ti=<TaskInstance: monthly_monitor.wait_for_data scheduled__2024-04-01T00:00:00+00:00 [queued]>
[2024-08-12T19:37:01.297+0000] {taskinstance.py:1359} INFO - Starting attempt 1 of 1
[2024-08-12T19:37:01.311+0000] {taskinstance.py:1380} INFO - Executing <Task(ExternalTaskSensor): wait_for_data> on 2024-04-01 00:00:00+00:00
[2024-08-12T19:37:01.318+0000] {standard_task_runner.py:57} INFO - Started process 7085 to run task
[2024-08-12T19:37:01.322+0000] {standard_task_runner.py:84} INFO - Running: ['***', 'tasks', 'run', 'monthly_monitor', 'wait_for_data', 'scheduled__2024-04-01T00:00:00+00:00', '--job-id', '634', '--raw', '--subdir', 'DAGS_FOLDER/monitor.py', '--cfg-path', '/tmp/tmpzkoll506']
[2024-08-12T19:37:01.327+0000] {standard_task_runner.py:85} INFO - Job 634: Subtask wait_for_data
[2024-08-12T19:37:01.413+0000] {task_command.py:415} INFO - Running <TaskInstance: monthly_monitor.wait_for_data scheduled__2024-04-01T00:00:00+00:00 [running]> on host a9166c5dc5ae
[2024-08-12T19:37:01.497+0000] {taskinstance.py:1660} INFO - Exporting env vars: AIRFLOW_CTX_DAG_OWNER='***' AIRFLOW_CTX_DAG_ID='monthly_monitor' AIRFLOW_CTX_TASK_ID='wait_for_data' AIRFLOW_CTX_EXECUTION_DATE='2024-04-01T00:00:00+00:00' AIRFLOW_CTX_TRY_NUMBER='1' AIRFLOW_CTX_DAG_RUN_ID='scheduled__2024-04-01T00:00:00+00:00'
[2024-08-12T19:37:01.507+0000] {external_task.py:244} INFO - Poking for tasks ['predict_and_save'] in dag monthly_prediction on 2024-04-01T00:00:00+00:00 ... 
[2024-08-12T19:37:01.544+0000] {taskinstance.py:1895} INFO - Rescheduling task, marking task as UP_FOR_RESCHEDULE
[2024-08-12T19:37:01.587+0000] {local_task_job_runner.py:228} INFO - Task exited with return code 0
[2024-08-12T19:37:01.609+0000] {taskinstance.py:2776} INFO - 0 downstream tasks scheduled from follow-on schedule check
[2024-08-12T19:38:05.342+0000] {taskinstance.py:1157} INFO - Dependencies all met for dep_context=non-requeueable deps ti=<TaskInstance: monthly_monitor.wait_for_data scheduled__2024-04-01T00:00:00+00:00 [queued]>
[2024-08-12T19:38:05.349+0000] {taskinstance.py:1157} INFO - Dependencies all met for dep_context=requeueable deps ti=<TaskInstance: monthly_monitor.wait_for_data scheduled__2024-04-01T00:00:00+00:00 [queued]>
[2024-08-12T19:38:05.351+0000] {taskinstance.py:1359} INFO - Starting attempt 1 of 1
[2024-08-12T19:38:05.361+0000] {taskinstance.py:1380} INFO - Executing <Task(ExternalTaskSensor): wait_for_data> on 2024-04-01 00:00:00+00:00
[2024-08-12T19:38:05.368+0000] {standard_task_runner.py:57} INFO - Started process 7240 to run task
[2024-08-12T19:38:05.371+0000] {standard_task_runner.py:84} INFO - Running: ['***', 'tasks', 'run', 'monthly_monitor', 'wait_for_data', 'scheduled__2024-04-01T00:00:00+00:00', '--job-id', '644', '--raw', '--subdir', 'DAGS_FOLDER/monitor.py', '--cfg-path', '/tmp/tmpssbhtzw6']
[2024-08-12T19:38:05.375+0000] {standard_task_runner.py:85} INFO - Job 644: Subtask wait_for_data
[2024-08-12T19:38:05.426+0000] {task_command.py:415} INFO - Running <TaskInstance: monthly_monitor.wait_for_data scheduled__2024-04-01T00:00:00+00:00 [running]> on host a9166c5dc5ae
[2024-08-12T19:38:05.490+0000] {taskinstance.py:1660} INFO - Exporting env vars: AIRFLOW_CTX_DAG_OWNER='***' AIRFLOW_CTX_DAG_ID='monthly_monitor' AIRFLOW_CTX_TASK_ID='wait_for_data' AIRFLOW_CTX_EXECUTION_DATE='2024-04-01T00:00:00+00:00' AIRFLOW_CTX_TRY_NUMBER='1' AIRFLOW_CTX_DAG_RUN_ID='scheduled__2024-04-01T00:00:00+00:00'
[2024-08-12T19:38:05.497+0000] {external_task.py:244} INFO - Poking for tasks ['predict_and_save'] in dag monthly_prediction on 2024-04-01T00:00:00+00:00 ... 
[2024-08-12T19:38:05.513+0000] {taskinstance.py:1895} INFO - Rescheduling task, marking task as UP_FOR_RESCHEDULE
[2024-08-12T19:38:05.559+0000] {local_task_job_runner.py:228} INFO - Task exited with return code 0
[2024-08-12T19:38:05.582+0000] {taskinstance.py:2776} INFO - 0 downstream tasks scheduled from follow-on schedule check
[2024-08-12T19:39:08.313+0000] {taskinstance.py:1157} INFO - Dependencies all met for dep_context=non-requeueable deps ti=<TaskInstance: monthly_monitor.wait_for_data scheduled__2024-04-01T00:00:00+00:00 [queued]>
[2024-08-12T19:39:08.319+0000] {taskinstance.py:1157} INFO - Dependencies all met for dep_context=requeueable deps ti=<TaskInstance: monthly_monitor.wait_for_data scheduled__2024-04-01T00:00:00+00:00 [queued]>
[2024-08-12T19:39:08.322+0000] {taskinstance.py:1359} INFO - Starting attempt 1 of 1
[2024-08-12T19:39:08.336+0000] {taskinstance.py:1380} INFO - Executing <Task(ExternalTaskSensor): wait_for_data> on 2024-04-01 00:00:00+00:00
[2024-08-12T19:39:08.346+0000] {standard_task_runner.py:57} INFO - Started process 7388 to run task
[2024-08-12T19:39:08.349+0000] {standard_task_runner.py:84} INFO - Running: ['***', 'tasks', 'run', 'monthly_monitor', 'wait_for_data', 'scheduled__2024-04-01T00:00:00+00:00', '--job-id', '646', '--raw', '--subdir', 'DAGS_FOLDER/monitor.py', '--cfg-path', '/tmp/tmpkq6wdw_g']
[2024-08-12T19:39:08.353+0000] {standard_task_runner.py:85} INFO - Job 646: Subtask wait_for_data
[2024-08-12T19:39:08.403+0000] {task_command.py:415} INFO - Running <TaskInstance: monthly_monitor.wait_for_data scheduled__2024-04-01T00:00:00+00:00 [running]> on host a9166c5dc5ae
[2024-08-12T19:39:08.648+0000] {taskinstance.py:1660} INFO - Exporting env vars: AIRFLOW_CTX_DAG_OWNER='***' AIRFLOW_CTX_DAG_ID='monthly_monitor' AIRFLOW_CTX_TASK_ID='wait_for_data' AIRFLOW_CTX_EXECUTION_DATE='2024-04-01T00:00:00+00:00' AIRFLOW_CTX_TRY_NUMBER='1' AIRFLOW_CTX_DAG_RUN_ID='scheduled__2024-04-01T00:00:00+00:00'
[2024-08-12T19:39:08.664+0000] {external_task.py:244} INFO - Poking for tasks ['predict_and_save'] in dag monthly_prediction on 2024-04-01T00:00:00+00:00 ... 
[2024-08-12T19:39:08.677+0000] {taskinstance.py:1935} ERROR - Task failed with exception
Traceback (most recent call last):
  File "/home/airflow/.local/lib/python3.8/site-packages/airflow/sensors/external_task.py", line 334, in execute
    super().execute(context)
  File "/home/airflow/.local/lib/python3.8/site-packages/airflow/sensors/base.py", line 274, in execute
    raise AirflowSensorTimeout(message)
airflow.exceptions.AirflowSensorTimeout: Sensor has timed out; run duration of 631.29037 seconds exceeds the specified timeout of 600.0.
[2024-08-12T19:39:08.688+0000] {taskinstance.py:1398} INFO - Immediate failure requested. Marking task as FAILED. dag_id=monthly_monitor, task_id=wait_for_data, execution_date=20240401T000000, start_date=20240812T193908, end_date=20240812T193908
[2024-08-12T19:39:08.699+0000] {standard_task_runner.py:104} ERROR - Failed to execute job 646 for task wait_for_data (Sensor has timed out; run duration of 631.29037 seconds exceeds the specified timeout of 600.0.; 7388)
[2024-08-12T19:39:08.738+0000] {local_task_job_runner.py:228} INFO - Task exited with return code 1
[2024-08-12T19:39:08.764+0000] {taskinstance.py:2776} INFO - 0 downstream tasks scheduled from follow-on schedule check
[2024-08-12T20:09:49.764+0000] {taskinstance.py:1157} INFO - Dependencies all met for dep_context=non-requeueable deps ti=<TaskInstance: monthly_monitor.wait_for_data scheduled__2024-04-01T00:00:00+00:00 [queued]>
[2024-08-12T20:09:49.888+0000] {taskinstance.py:1157} INFO - Dependencies all met for dep_context=requeueable deps ti=<TaskInstance: monthly_monitor.wait_for_data scheduled__2024-04-01T00:00:00+00:00 [queued]>
[2024-08-12T20:09:49.905+0000] {taskinstance.py:1359} INFO - Starting attempt 1 of 1
[2024-08-12T20:09:50.712+0000] {taskinstance.py:1380} INFO - Executing <Task(ExternalTaskSensor): wait_for_data> on 2024-04-01 00:00:00+00:00
[2024-08-12T20:09:50.869+0000] {standard_task_runner.py:57} INFO - Started process 13049 to run task
[2024-08-12T20:09:50.940+0000] {standard_task_runner.py:84} INFO - Running: ['***', 'tasks', 'run', 'monthly_monitor', 'wait_for_data', 'scheduled__2024-04-01T00:00:00+00:00', '--job-id', '902', '--raw', '--subdir', 'DAGS_FOLDER/monitor.py', '--cfg-path', '/tmp/tmpiqcxvo6_']
[2024-08-12T20:09:50.973+0000] {standard_task_runner.py:85} INFO - Job 902: Subtask wait_for_data
[2024-08-12T20:09:53.532+0000] {task_command.py:415} INFO - Running <TaskInstance: monthly_monitor.wait_for_data scheduled__2024-04-01T00:00:00+00:00 [running]> on host a9166c5dc5ae
[2024-08-12T20:09:54.591+0000] {taskinstance.py:1660} INFO - Exporting env vars: AIRFLOW_CTX_DAG_OWNER='***' AIRFLOW_CTX_DAG_ID='monthly_monitor' AIRFLOW_CTX_TASK_ID='wait_for_data' AIRFLOW_CTX_EXECUTION_DATE='2024-04-01T00:00:00+00:00' AIRFLOW_CTX_TRY_NUMBER='1' AIRFLOW_CTX_DAG_RUN_ID='scheduled__2024-04-01T00:00:00+00:00'
[2024-08-12T20:09:54.784+0000] {external_task.py:244} INFO - Poking for tasks ['predict_and_save'] in dag monthly_prediction on 2024-04-01T00:00:00+00:00 ... 
[2024-08-12T20:09:54.876+0000] {base.py:287} INFO - Success criteria met. Exiting.
[2024-08-12T20:09:54.920+0000] {taskinstance.py:1398} INFO - Marking task as SUCCESS. dag_id=monthly_monitor, task_id=wait_for_data, execution_date=20240401T000000, start_date=20240812T200949, end_date=20240812T200954
[2024-08-12T20:09:55.060+0000] {local_task_job_runner.py:228} INFO - Task exited with return code 0
[2024-08-12T20:09:55.392+0000] {taskinstance.py:2776} INFO - 0 downstream tasks scheduled from follow-on schedule check
