[2024-08-12T18:04:48.329+0000] {taskinstance.py:1157} INFO - Dependencies all met for dep_context=non-requeueable deps ti=<TaskInstance: monthly_monitor.wait_for_data scheduled__2024-03-01T00:00:00+00:00 [queued]>
[2024-08-12T18:04:48.375+0000] {taskinstance.py:1157} INFO - Dependencies all met for dep_context=requeueable deps ti=<TaskInstance: monthly_monitor.wait_for_data scheduled__2024-03-01T00:00:00+00:00 [queued]>
[2024-08-12T18:04:48.385+0000] {taskinstance.py:1359} INFO - Starting attempt 1 of 1
[2024-08-12T18:04:48.495+0000] {taskinstance.py:1380} INFO - Executing <Task(ExternalTaskSensor): wait_for_data> on 2024-03-01 00:00:00+00:00
[2024-08-12T18:04:48.549+0000] {standard_task_runner.py:57} INFO - Started process 7841 to run task
[2024-08-12T18:04:48.623+0000] {standard_task_runner.py:84} INFO - Running: ['***', 'tasks', 'run', 'monthly_monitor', 'wait_for_data', 'scheduled__2024-03-01T00:00:00+00:00', '--job-id', '210', '--raw', '--subdir', 'DAGS_FOLDER/monitor.py', '--cfg-path', '/tmp/tmpspdlgg5r']
[2024-08-12T18:04:48.645+0000] {standard_task_runner.py:85} INFO - Job 210: Subtask wait_for_data
[2024-08-12T18:04:49.144+0000] {task_command.py:415} INFO - Running <TaskInstance: monthly_monitor.wait_for_data scheduled__2024-03-01T00:00:00+00:00 [running]> on host a9166c5dc5ae
[2024-08-12T18:04:49.734+0000] {taskinstance.py:1660} INFO - Exporting env vars: AIRFLOW_CTX_DAG_OWNER='***' AIRFLOW_CTX_DAG_ID='monthly_monitor' AIRFLOW_CTX_TASK_ID='wait_for_data' AIRFLOW_CTX_EXECUTION_DATE='2024-03-01T00:00:00+00:00' AIRFLOW_CTX_TRY_NUMBER='1' AIRFLOW_CTX_DAG_RUN_ID='scheduled__2024-03-01T00:00:00+00:00'
[2024-08-12T18:04:49.810+0000] {external_task.py:244} INFO - Poking for tasks ['predict_and_save'] in dag monthly_prediction on 2024-03-01T00:00:00+00:00 ... 
[2024-08-12T18:04:49.849+0000] {base.py:287} INFO - Success criteria met. Exiting.
[2024-08-12T18:04:49.869+0000] {taskinstance.py:1398} INFO - Marking task as SUCCESS. dag_id=monthly_monitor, task_id=wait_for_data, execution_date=20240301T000000, start_date=20240812T180448, end_date=20240812T180449
[2024-08-12T18:04:49.945+0000] {local_task_job_runner.py:228} INFO - Task exited with return code 0
[2024-08-12T18:04:49.988+0000] {taskinstance.py:2776} INFO - 0 downstream tasks scheduled from follow-on schedule check
[2024-08-12T18:13:32.240+0000] {taskinstance.py:1157} INFO - Dependencies all met for dep_context=non-requeueable deps ti=<TaskInstance: monthly_monitor.wait_for_data scheduled__2024-03-01T00:00:00+00:00 [queued]>
[2024-08-12T18:13:32.259+0000] {taskinstance.py:1157} INFO - Dependencies all met for dep_context=requeueable deps ti=<TaskInstance: monthly_monitor.wait_for_data scheduled__2024-03-01T00:00:00+00:00 [queued]>
[2024-08-12T18:13:32.262+0000] {taskinstance.py:1359} INFO - Starting attempt 1 of 1
[2024-08-12T18:13:32.519+0000] {taskinstance.py:1380} INFO - Executing <Task(ExternalTaskSensor): wait_for_data> on 2024-03-01 00:00:00+00:00
[2024-08-12T18:13:32.559+0000] {standard_task_runner.py:57} INFO - Started process 9092 to run task
[2024-08-12T18:13:32.589+0000] {standard_task_runner.py:84} INFO - Running: ['***', 'tasks', 'run', 'monthly_monitor', 'wait_for_data', 'scheduled__2024-03-01T00:00:00+00:00', '--job-id', '252', '--raw', '--subdir', 'DAGS_FOLDER/monitor.py', '--cfg-path', '/tmp/tmpjx0mbilw']
[2024-08-12T18:13:32.636+0000] {standard_task_runner.py:85} INFO - Job 252: Subtask wait_for_data
[2024-08-12T18:13:32.957+0000] {task_command.py:415} INFO - Running <TaskInstance: monthly_monitor.wait_for_data scheduled__2024-03-01T00:00:00+00:00 [running]> on host a9166c5dc5ae
[2024-08-12T18:13:33.658+0000] {taskinstance.py:1660} INFO - Exporting env vars: AIRFLOW_CTX_DAG_OWNER='***' AIRFLOW_CTX_DAG_ID='monthly_monitor' AIRFLOW_CTX_TASK_ID='wait_for_data' AIRFLOW_CTX_EXECUTION_DATE='2024-03-01T00:00:00+00:00' AIRFLOW_CTX_TRY_NUMBER='1' AIRFLOW_CTX_DAG_RUN_ID='scheduled__2024-03-01T00:00:00+00:00'
[2024-08-12T18:13:33.946+0000] {external_task.py:244} INFO - Poking for tasks ['predict_and_save'] in dag monthly_prediction on 2024-03-01T00:00:00+00:00 ... 
[2024-08-12T18:13:34.509+0000] {taskinstance.py:1895} INFO - Rescheduling task, marking task as UP_FOR_RESCHEDULE
[2024-08-12T18:13:34.731+0000] {local_task_job_runner.py:228} INFO - Task exited with return code 0
[2024-08-12T18:13:35.085+0000] {taskinstance.py:2776} INFO - 0 downstream tasks scheduled from follow-on schedule check
[2024-08-12T18:14:37.878+0000] {taskinstance.py:1157} INFO - Dependencies all met for dep_context=non-requeueable deps ti=<TaskInstance: monthly_monitor.wait_for_data scheduled__2024-03-01T00:00:00+00:00 [queued]>
[2024-08-12T18:14:37.890+0000] {taskinstance.py:1157} INFO - Dependencies all met for dep_context=requeueable deps ti=<TaskInstance: monthly_monitor.wait_for_data scheduled__2024-03-01T00:00:00+00:00 [queued]>
[2024-08-12T18:14:37.891+0000] {taskinstance.py:1359} INFO - Starting attempt 1 of 1
[2024-08-12T18:14:37.934+0000] {taskinstance.py:1380} INFO - Executing <Task(ExternalTaskSensor): wait_for_data> on 2024-03-01 00:00:00+00:00
[2024-08-12T18:14:37.947+0000] {standard_task_runner.py:57} INFO - Started process 9713 to run task
[2024-08-12T18:14:37.955+0000] {standard_task_runner.py:84} INFO - Running: ['***', 'tasks', 'run', 'monthly_monitor', 'wait_for_data', 'scheduled__2024-03-01T00:00:00+00:00', '--job-id', '294', '--raw', '--subdir', 'DAGS_FOLDER/monitor.py', '--cfg-path', '/tmp/tmp_13e4x4l']
[2024-08-12T18:14:37.959+0000] {standard_task_runner.py:85} INFO - Job 294: Subtask wait_for_data
[2024-08-12T18:14:38.047+0000] {task_command.py:415} INFO - Running <TaskInstance: monthly_monitor.wait_for_data scheduled__2024-03-01T00:00:00+00:00 [running]> on host a9166c5dc5ae
[2024-08-12T18:14:38.160+0000] {taskinstance.py:1660} INFO - Exporting env vars: AIRFLOW_CTX_DAG_OWNER='***' AIRFLOW_CTX_DAG_ID='monthly_monitor' AIRFLOW_CTX_TASK_ID='wait_for_data' AIRFLOW_CTX_EXECUTION_DATE='2024-03-01T00:00:00+00:00' AIRFLOW_CTX_TRY_NUMBER='1' AIRFLOW_CTX_DAG_RUN_ID='scheduled__2024-03-01T00:00:00+00:00'
[2024-08-12T18:14:38.211+0000] {external_task.py:244} INFO - Poking for tasks ['predict_and_save'] in dag monthly_prediction on 2024-03-01T00:00:00+00:00 ... 
[2024-08-12T18:14:38.238+0000] {base.py:287} INFO - Success criteria met. Exiting.
[2024-08-12T18:14:38.264+0000] {taskinstance.py:1398} INFO - Marking task as SUCCESS. dag_id=monthly_monitor, task_id=wait_for_data, execution_date=20240301T000000, start_date=20240812T181437, end_date=20240812T181438
[2024-08-12T18:14:38.309+0000] {local_task_job_runner.py:228} INFO - Task exited with return code 0
[2024-08-12T18:14:38.327+0000] {taskinstance.py:2776} INFO - 0 downstream tasks scheduled from follow-on schedule check
[2024-08-12T19:22:00.440+0000] {taskinstance.py:1157} INFO - Dependencies all met for dep_context=non-requeueable deps ti=<TaskInstance: monthly_monitor.wait_for_data scheduled__2024-03-01T00:00:00+00:00 [queued]>
[2024-08-12T19:22:00.498+0000] {taskinstance.py:1157} INFO - Dependencies all met for dep_context=requeueable deps ti=<TaskInstance: monthly_monitor.wait_for_data scheduled__2024-03-01T00:00:00+00:00 [queued]>
[2024-08-12T19:22:00.526+0000] {taskinstance.py:1359} INFO - Starting attempt 1 of 1
[2024-08-12T19:22:00.580+0000] {taskinstance.py:1380} INFO - Executing <Task(ExternalTaskSensor): wait_for_data> on 2024-03-01 00:00:00+00:00
[2024-08-12T19:22:00.631+0000] {standard_task_runner.py:57} INFO - Started process 4255 to run task
[2024-08-12T19:22:00.655+0000] {standard_task_runner.py:84} INFO - Running: ['***', 'tasks', 'run', 'monthly_monitor', 'wait_for_data', 'scheduled__2024-03-01T00:00:00+00:00', '--job-id', '480', '--raw', '--subdir', 'DAGS_FOLDER/monitor.py', '--cfg-path', '/tmp/tmp0oiuwfao']
[2024-08-12T19:22:00.662+0000] {standard_task_runner.py:85} INFO - Job 480: Subtask wait_for_data
[2024-08-12T19:22:00.880+0000] {task_command.py:415} INFO - Running <TaskInstance: monthly_monitor.wait_for_data scheduled__2024-03-01T00:00:00+00:00 [running]> on host a9166c5dc5ae
[2024-08-12T19:22:01.155+0000] {taskinstance.py:1660} INFO - Exporting env vars: AIRFLOW_CTX_DAG_OWNER='***' AIRFLOW_CTX_DAG_ID='monthly_monitor' AIRFLOW_CTX_TASK_ID='wait_for_data' AIRFLOW_CTX_EXECUTION_DATE='2024-03-01T00:00:00+00:00' AIRFLOW_CTX_TRY_NUMBER='1' AIRFLOW_CTX_DAG_RUN_ID='scheduled__2024-03-01T00:00:00+00:00'
[2024-08-12T19:22:01.174+0000] {external_task.py:244} INFO - Poking for tasks ['predict_and_save'] in dag monthly_prediction on 2024-03-01T00:00:00+00:00 ... 
[2024-08-12T19:22:01.385+0000] {taskinstance.py:1895} INFO - Rescheduling task, marking task as UP_FOR_RESCHEDULE
[2024-08-12T19:22:01.474+0000] {local_task_job_runner.py:228} INFO - Task exited with return code 0
[2024-08-12T19:22:01.638+0000] {taskinstance.py:2776} INFO - 0 downstream tasks scheduled from follow-on schedule check
[2024-08-12T19:23:03.962+0000] {taskinstance.py:1157} INFO - Dependencies all met for dep_context=non-requeueable deps ti=<TaskInstance: monthly_monitor.wait_for_data scheduled__2024-03-01T00:00:00+00:00 [queued]>
[2024-08-12T19:23:03.969+0000] {taskinstance.py:1157} INFO - Dependencies all met for dep_context=requeueable deps ti=<TaskInstance: monthly_monitor.wait_for_data scheduled__2024-03-01T00:00:00+00:00 [queued]>
[2024-08-12T19:23:03.969+0000] {taskinstance.py:1359} INFO - Starting attempt 1 of 1
[2024-08-12T19:23:03.975+0000] {taskinstance.py:1380} INFO - Executing <Task(ExternalTaskSensor): wait_for_data> on 2024-03-01 00:00:00+00:00
[2024-08-12T19:23:03.980+0000] {standard_task_runner.py:57} INFO - Started process 4498 to run task
[2024-08-12T19:23:03.984+0000] {standard_task_runner.py:84} INFO - Running: ['***', 'tasks', 'run', 'monthly_monitor', 'wait_for_data', 'scheduled__2024-03-01T00:00:00+00:00', '--job-id', '504', '--raw', '--subdir', 'DAGS_FOLDER/monitor.py', '--cfg-path', '/tmp/tmps5c8hdsp']
[2024-08-12T19:23:03.986+0000] {standard_task_runner.py:85} INFO - Job 504: Subtask wait_for_data
[2024-08-12T19:23:04.028+0000] {task_command.py:415} INFO - Running <TaskInstance: monthly_monitor.wait_for_data scheduled__2024-03-01T00:00:00+00:00 [running]> on host a9166c5dc5ae
[2024-08-12T19:23:04.084+0000] {taskinstance.py:1660} INFO - Exporting env vars: AIRFLOW_CTX_DAG_OWNER='***' AIRFLOW_CTX_DAG_ID='monthly_monitor' AIRFLOW_CTX_TASK_ID='wait_for_data' AIRFLOW_CTX_EXECUTION_DATE='2024-03-01T00:00:00+00:00' AIRFLOW_CTX_TRY_NUMBER='1' AIRFLOW_CTX_DAG_RUN_ID='scheduled__2024-03-01T00:00:00+00:00'
[2024-08-12T19:23:04.092+0000] {external_task.py:244} INFO - Poking for tasks ['predict_and_save'] in dag monthly_prediction on 2024-03-01T00:00:00+00:00 ... 
[2024-08-12T19:23:04.118+0000] {taskinstance.py:1895} INFO - Rescheduling task, marking task as UP_FOR_RESCHEDULE
[2024-08-12T19:23:04.163+0000] {local_task_job_runner.py:228} INFO - Task exited with return code 0
[2024-08-12T19:23:04.175+0000] {taskinstance.py:2776} INFO - 0 downstream tasks scheduled from follow-on schedule check
[2024-08-12T19:24:06.962+0000] {taskinstance.py:1157} INFO - Dependencies all met for dep_context=non-requeueable deps ti=<TaskInstance: monthly_monitor.wait_for_data scheduled__2024-03-01T00:00:00+00:00 [queued]>
[2024-08-12T19:24:06.967+0000] {taskinstance.py:1157} INFO - Dependencies all met for dep_context=requeueable deps ti=<TaskInstance: monthly_monitor.wait_for_data scheduled__2024-03-01T00:00:00+00:00 [queued]>
[2024-08-12T19:24:06.967+0000] {taskinstance.py:1359} INFO - Starting attempt 1 of 1
[2024-08-12T19:24:06.975+0000] {taskinstance.py:1380} INFO - Executing <Task(ExternalTaskSensor): wait_for_data> on 2024-03-01 00:00:00+00:00
[2024-08-12T19:24:06.981+0000] {standard_task_runner.py:57} INFO - Started process 4660 to run task
[2024-08-12T19:24:06.987+0000] {standard_task_runner.py:84} INFO - Running: ['***', 'tasks', 'run', 'monthly_monitor', 'wait_for_data', 'scheduled__2024-03-01T00:00:00+00:00', '--job-id', '511', '--raw', '--subdir', 'DAGS_FOLDER/monitor.py', '--cfg-path', '/tmp/tmp3rnma7p_']
[2024-08-12T19:24:06.990+0000] {standard_task_runner.py:85} INFO - Job 511: Subtask wait_for_data
[2024-08-12T19:24:07.043+0000] {task_command.py:415} INFO - Running <TaskInstance: monthly_monitor.wait_for_data scheduled__2024-03-01T00:00:00+00:00 [running]> on host a9166c5dc5ae
[2024-08-12T19:24:07.121+0000] {taskinstance.py:1660} INFO - Exporting env vars: AIRFLOW_CTX_DAG_OWNER='***' AIRFLOW_CTX_DAG_ID='monthly_monitor' AIRFLOW_CTX_TASK_ID='wait_for_data' AIRFLOW_CTX_EXECUTION_DATE='2024-03-01T00:00:00+00:00' AIRFLOW_CTX_TRY_NUMBER='1' AIRFLOW_CTX_DAG_RUN_ID='scheduled__2024-03-01T00:00:00+00:00'
[2024-08-12T19:24:07.128+0000] {external_task.py:244} INFO - Poking for tasks ['predict_and_save'] in dag monthly_prediction on 2024-03-01T00:00:00+00:00 ... 
[2024-08-12T19:24:07.145+0000] {taskinstance.py:1895} INFO - Rescheduling task, marking task as UP_FOR_RESCHEDULE
[2024-08-12T19:24:07.167+0000] {local_task_job_runner.py:228} INFO - Task exited with return code 0
[2024-08-12T19:24:07.177+0000] {taskinstance.py:2776} INFO - 0 downstream tasks scheduled from follow-on schedule check
[2024-08-12T19:25:10.493+0000] {taskinstance.py:1157} INFO - Dependencies all met for dep_context=non-requeueable deps ti=<TaskInstance: monthly_monitor.wait_for_data scheduled__2024-03-01T00:00:00+00:00 [queued]>
[2024-08-12T19:25:10.498+0000] {taskinstance.py:1157} INFO - Dependencies all met for dep_context=requeueable deps ti=<TaskInstance: monthly_monitor.wait_for_data scheduled__2024-03-01T00:00:00+00:00 [queued]>
[2024-08-12T19:25:10.499+0000] {taskinstance.py:1359} INFO - Starting attempt 1 of 1
[2024-08-12T19:25:10.505+0000] {taskinstance.py:1380} INFO - Executing <Task(ExternalTaskSensor): wait_for_data> on 2024-03-01 00:00:00+00:00
[2024-08-12T19:25:10.512+0000] {standard_task_runner.py:57} INFO - Started process 4812 to run task
[2024-08-12T19:25:10.515+0000] {standard_task_runner.py:84} INFO - Running: ['***', 'tasks', 'run', 'monthly_monitor', 'wait_for_data', 'scheduled__2024-03-01T00:00:00+00:00', '--job-id', '516', '--raw', '--subdir', 'DAGS_FOLDER/monitor.py', '--cfg-path', '/tmp/tmpgdfcar2r']
[2024-08-12T19:25:10.521+0000] {standard_task_runner.py:85} INFO - Job 516: Subtask wait_for_data
[2024-08-12T19:25:10.565+0000] {task_command.py:415} INFO - Running <TaskInstance: monthly_monitor.wait_for_data scheduled__2024-03-01T00:00:00+00:00 [running]> on host a9166c5dc5ae
[2024-08-12T19:25:10.629+0000] {taskinstance.py:1660} INFO - Exporting env vars: AIRFLOW_CTX_DAG_OWNER='***' AIRFLOW_CTX_DAG_ID='monthly_monitor' AIRFLOW_CTX_TASK_ID='wait_for_data' AIRFLOW_CTX_EXECUTION_DATE='2024-03-01T00:00:00+00:00' AIRFLOW_CTX_TRY_NUMBER='1' AIRFLOW_CTX_DAG_RUN_ID='scheduled__2024-03-01T00:00:00+00:00'
[2024-08-12T19:25:10.639+0000] {external_task.py:244} INFO - Poking for tasks ['predict_and_save'] in dag monthly_prediction on 2024-03-01T00:00:00+00:00 ... 
[2024-08-12T19:25:10.662+0000] {taskinstance.py:1895} INFO - Rescheduling task, marking task as UP_FOR_RESCHEDULE
[2024-08-12T19:25:10.696+0000] {local_task_job_runner.py:228} INFO - Task exited with return code 0
[2024-08-12T19:25:10.708+0000] {taskinstance.py:2776} INFO - 0 downstream tasks scheduled from follow-on schedule check
[2024-08-12T19:26:12.882+0000] {taskinstance.py:1157} INFO - Dependencies all met for dep_context=non-requeueable deps ti=<TaskInstance: monthly_monitor.wait_for_data scheduled__2024-03-01T00:00:00+00:00 [queued]>
[2024-08-12T19:26:12.886+0000] {taskinstance.py:1157} INFO - Dependencies all met for dep_context=requeueable deps ti=<TaskInstance: monthly_monitor.wait_for_data scheduled__2024-03-01T00:00:00+00:00 [queued]>
[2024-08-12T19:26:12.887+0000] {taskinstance.py:1359} INFO - Starting attempt 1 of 1
[2024-08-12T19:26:12.894+0000] {taskinstance.py:1380} INFO - Executing <Task(ExternalTaskSensor): wait_for_data> on 2024-03-01 00:00:00+00:00
[2024-08-12T19:26:12.900+0000] {standard_task_runner.py:57} INFO - Started process 4979 to run task
[2024-08-12T19:26:12.904+0000] {standard_task_runner.py:84} INFO - Running: ['***', 'tasks', 'run', 'monthly_monitor', 'wait_for_data', 'scheduled__2024-03-01T00:00:00+00:00', '--job-id', '524', '--raw', '--subdir', 'DAGS_FOLDER/monitor.py', '--cfg-path', '/tmp/tmpl3b7sypz']
[2024-08-12T19:26:12.906+0000] {standard_task_runner.py:85} INFO - Job 524: Subtask wait_for_data
[2024-08-12T19:26:12.945+0000] {task_command.py:415} INFO - Running <TaskInstance: monthly_monitor.wait_for_data scheduled__2024-03-01T00:00:00+00:00 [running]> on host a9166c5dc5ae
[2024-08-12T19:26:12.990+0000] {taskinstance.py:1660} INFO - Exporting env vars: AIRFLOW_CTX_DAG_OWNER='***' AIRFLOW_CTX_DAG_ID='monthly_monitor' AIRFLOW_CTX_TASK_ID='wait_for_data' AIRFLOW_CTX_EXECUTION_DATE='2024-03-01T00:00:00+00:00' AIRFLOW_CTX_TRY_NUMBER='1' AIRFLOW_CTX_DAG_RUN_ID='scheduled__2024-03-01T00:00:00+00:00'
[2024-08-12T19:26:13.001+0000] {external_task.py:244} INFO - Poking for tasks ['predict_and_save'] in dag monthly_prediction on 2024-03-01T00:00:00+00:00 ... 
[2024-08-12T19:26:13.017+0000] {taskinstance.py:1895} INFO - Rescheduling task, marking task as UP_FOR_RESCHEDULE
[2024-08-12T19:26:13.041+0000] {local_task_job_runner.py:228} INFO - Task exited with return code 0
[2024-08-12T19:26:13.051+0000] {taskinstance.py:2776} INFO - 0 downstream tasks scheduled from follow-on schedule check
[2024-08-12T19:27:09.636+0000] {taskinstance.py:1157} INFO - Dependencies all met for dep_context=non-requeueable deps ti=<TaskInstance: monthly_monitor.wait_for_data scheduled__2024-03-01T00:00:00+00:00 [queued]>
[2024-08-12T19:27:09.695+0000] {taskinstance.py:1157} INFO - Dependencies all met for dep_context=requeueable deps ti=<TaskInstance: monthly_monitor.wait_for_data scheduled__2024-03-01T00:00:00+00:00 [queued]>
[2024-08-12T19:27:09.699+0000] {taskinstance.py:1359} INFO - Starting attempt 1 of 1
[2024-08-12T19:27:09.754+0000] {taskinstance.py:1380} INFO - Executing <Task(ExternalTaskSensor): wait_for_data> on 2024-03-01 00:00:00+00:00
[2024-08-12T19:27:09.874+0000] {standard_task_runner.py:57} INFO - Started process 5222 to run task
[2024-08-12T19:27:09.902+0000] {standard_task_runner.py:84} INFO - Running: ['***', 'tasks', 'run', 'monthly_monitor', 'wait_for_data', 'scheduled__2024-03-01T00:00:00+00:00', '--job-id', '527', '--raw', '--subdir', 'DAGS_FOLDER/monitor.py', '--cfg-path', '/tmp/tmpm74_edr7']
[2024-08-12T19:27:09.911+0000] {standard_task_runner.py:85} INFO - Job 527: Subtask wait_for_data
[2024-08-12T19:27:10.123+0000] {task_command.py:415} INFO - Running <TaskInstance: monthly_monitor.wait_for_data scheduled__2024-03-01T00:00:00+00:00 [running]> on host a9166c5dc5ae
[2024-08-12T19:27:10.561+0000] {taskinstance.py:1660} INFO - Exporting env vars: AIRFLOW_CTX_DAG_OWNER='***' AIRFLOW_CTX_DAG_ID='monthly_monitor' AIRFLOW_CTX_TASK_ID='wait_for_data' AIRFLOW_CTX_EXECUTION_DATE='2024-03-01T00:00:00+00:00' AIRFLOW_CTX_TRY_NUMBER='1' AIRFLOW_CTX_DAG_RUN_ID='scheduled__2024-03-01T00:00:00+00:00'
[2024-08-12T19:27:10.598+0000] {external_task.py:244} INFO - Poking for tasks ['predict_and_save'] in dag monthly_prediction on 2024-03-01T00:00:00+00:00 ... 
[2024-08-12T19:27:10.904+0000] {taskinstance.py:1895} INFO - Rescheduling task, marking task as UP_FOR_RESCHEDULE
[2024-08-12T19:27:10.957+0000] {local_task_job_runner.py:228} INFO - Task exited with return code 0
[2024-08-12T19:27:11.145+0000] {taskinstance.py:2776} INFO - 0 downstream tasks scheduled from follow-on schedule check
[2024-08-12T19:28:13.795+0000] {taskinstance.py:1157} INFO - Dependencies all met for dep_context=non-requeueable deps ti=<TaskInstance: monthly_monitor.wait_for_data scheduled__2024-03-01T00:00:00+00:00 [queued]>
[2024-08-12T19:28:13.799+0000] {taskinstance.py:1157} INFO - Dependencies all met for dep_context=requeueable deps ti=<TaskInstance: monthly_monitor.wait_for_data scheduled__2024-03-01T00:00:00+00:00 [queued]>
[2024-08-12T19:28:13.800+0000] {taskinstance.py:1359} INFO - Starting attempt 1 of 1
[2024-08-12T19:28:13.805+0000] {taskinstance.py:1380} INFO - Executing <Task(ExternalTaskSensor): wait_for_data> on 2024-03-01 00:00:00+00:00
[2024-08-12T19:28:13.811+0000] {standard_task_runner.py:57} INFO - Started process 5514 to run task
[2024-08-12T19:28:13.814+0000] {standard_task_runner.py:84} INFO - Running: ['***', 'tasks', 'run', 'monthly_monitor', 'wait_for_data', 'scheduled__2024-03-01T00:00:00+00:00', '--job-id', '558', '--raw', '--subdir', 'DAGS_FOLDER/monitor.py', '--cfg-path', '/tmp/tmpp1pxgc9o']
[2024-08-12T19:28:13.815+0000] {standard_task_runner.py:85} INFO - Job 558: Subtask wait_for_data
[2024-08-12T19:28:13.846+0000] {task_command.py:415} INFO - Running <TaskInstance: monthly_monitor.wait_for_data scheduled__2024-03-01T00:00:00+00:00 [running]> on host a9166c5dc5ae
[2024-08-12T19:28:13.886+0000] {taskinstance.py:1660} INFO - Exporting env vars: AIRFLOW_CTX_DAG_OWNER='***' AIRFLOW_CTX_DAG_ID='monthly_monitor' AIRFLOW_CTX_TASK_ID='wait_for_data' AIRFLOW_CTX_EXECUTION_DATE='2024-03-01T00:00:00+00:00' AIRFLOW_CTX_TRY_NUMBER='1' AIRFLOW_CTX_DAG_RUN_ID='scheduled__2024-03-01T00:00:00+00:00'
[2024-08-12T19:28:13.893+0000] {external_task.py:244} INFO - Poking for tasks ['predict_and_save'] in dag monthly_prediction on 2024-03-01T00:00:00+00:00 ... 
[2024-08-12T19:28:13.910+0000] {taskinstance.py:1895} INFO - Rescheduling task, marking task as UP_FOR_RESCHEDULE
[2024-08-12T19:28:13.954+0000] {local_task_job_runner.py:228} INFO - Task exited with return code 0
[2024-08-12T19:28:13.964+0000] {taskinstance.py:2776} INFO - 0 downstream tasks scheduled from follow-on schedule check
[2024-08-12T19:28:38.555+0000] {taskinstance.py:1157} INFO - Dependencies all met for dep_context=non-requeueable deps ti=<TaskInstance: monthly_monitor.wait_for_data scheduled__2024-03-01T00:00:00+00:00 [queued]>
[2024-08-12T19:28:38.576+0000] {taskinstance.py:1157} INFO - Dependencies all met for dep_context=requeueable deps ti=<TaskInstance: monthly_monitor.wait_for_data scheduled__2024-03-01T00:00:00+00:00 [queued]>
[2024-08-12T19:28:38.588+0000] {taskinstance.py:1359} INFO - Starting attempt 1 of 1
[2024-08-12T19:28:38.658+0000] {taskinstance.py:1380} INFO - Executing <Task(ExternalTaskSensor): wait_for_data> on 2024-03-01 00:00:00+00:00
[2024-08-12T19:28:38.677+0000] {standard_task_runner.py:57} INFO - Started process 5777 to run task
[2024-08-12T19:28:38.699+0000] {standard_task_runner.py:84} INFO - Running: ['***', 'tasks', 'run', 'monthly_monitor', 'wait_for_data', 'scheduled__2024-03-01T00:00:00+00:00', '--job-id', '579', '--raw', '--subdir', 'DAGS_FOLDER/monitor.py', '--cfg-path', '/tmp/tmpk1uom_4m']
[2024-08-12T19:28:38.710+0000] {standard_task_runner.py:85} INFO - Job 579: Subtask wait_for_data
[2024-08-12T19:28:38.882+0000] {task_command.py:415} INFO - Running <TaskInstance: monthly_monitor.wait_for_data scheduled__2024-03-01T00:00:00+00:00 [running]> on host a9166c5dc5ae
[2024-08-12T19:28:39.047+0000] {taskinstance.py:1660} INFO - Exporting env vars: AIRFLOW_CTX_DAG_OWNER='***' AIRFLOW_CTX_DAG_ID='monthly_monitor' AIRFLOW_CTX_TASK_ID='wait_for_data' AIRFLOW_CTX_EXECUTION_DATE='2024-03-01T00:00:00+00:00' AIRFLOW_CTX_TRY_NUMBER='1' AIRFLOW_CTX_DAG_RUN_ID='scheduled__2024-03-01T00:00:00+00:00'
[2024-08-12T19:28:39.068+0000] {external_task.py:244} INFO - Poking for tasks ['predict_and_save'] in dag monthly_prediction on 2024-03-01T00:00:00+00:00 ... 
[2024-08-12T19:28:39.140+0000] {taskinstance.py:1895} INFO - Rescheduling task, marking task as UP_FOR_RESCHEDULE
[2024-08-12T19:28:39.198+0000] {local_task_job_runner.py:228} INFO - Task exited with return code 0
[2024-08-12T19:28:39.238+0000] {taskinstance.py:2776} INFO - 0 downstream tasks scheduled from follow-on schedule check
[2024-08-12T19:29:41.477+0000] {taskinstance.py:1157} INFO - Dependencies all met for dep_context=non-requeueable deps ti=<TaskInstance: monthly_monitor.wait_for_data scheduled__2024-03-01T00:00:00+00:00 [queued]>
[2024-08-12T19:29:41.481+0000] {taskinstance.py:1157} INFO - Dependencies all met for dep_context=requeueable deps ti=<TaskInstance: monthly_monitor.wait_for_data scheduled__2024-03-01T00:00:00+00:00 [queued]>
[2024-08-12T19:29:41.481+0000] {taskinstance.py:1359} INFO - Starting attempt 1 of 1
[2024-08-12T19:29:41.487+0000] {taskinstance.py:1380} INFO - Executing <Task(ExternalTaskSensor): wait_for_data> on 2024-03-01 00:00:00+00:00
[2024-08-12T19:29:41.491+0000] {standard_task_runner.py:57} INFO - Started process 6018 to run task
[2024-08-12T19:29:41.494+0000] {standard_task_runner.py:84} INFO - Running: ['***', 'tasks', 'run', 'monthly_monitor', 'wait_for_data', 'scheduled__2024-03-01T00:00:00+00:00', '--job-id', '596', '--raw', '--subdir', 'DAGS_FOLDER/monitor.py', '--cfg-path', '/tmp/tmpy_agoyss']
[2024-08-12T19:29:41.496+0000] {standard_task_runner.py:85} INFO - Job 596: Subtask wait_for_data
[2024-08-12T19:29:41.523+0000] {task_command.py:415} INFO - Running <TaskInstance: monthly_monitor.wait_for_data scheduled__2024-03-01T00:00:00+00:00 [running]> on host a9166c5dc5ae
[2024-08-12T19:29:41.561+0000] {taskinstance.py:1660} INFO - Exporting env vars: AIRFLOW_CTX_DAG_OWNER='***' AIRFLOW_CTX_DAG_ID='monthly_monitor' AIRFLOW_CTX_TASK_ID='wait_for_data' AIRFLOW_CTX_EXECUTION_DATE='2024-03-01T00:00:00+00:00' AIRFLOW_CTX_TRY_NUMBER='1' AIRFLOW_CTX_DAG_RUN_ID='scheduled__2024-03-01T00:00:00+00:00'
[2024-08-12T19:29:41.566+0000] {external_task.py:244} INFO - Poking for tasks ['predict_and_save'] in dag monthly_prediction on 2024-03-01T00:00:00+00:00 ... 
[2024-08-12T19:29:41.581+0000] {taskinstance.py:1895} INFO - Rescheduling task, marking task as UP_FOR_RESCHEDULE
[2024-08-12T19:29:41.592+0000] {local_task_job_runner.py:228} INFO - Task exited with return code 0
[2024-08-12T19:29:41.601+0000] {taskinstance.py:2776} INFO - 0 downstream tasks scheduled from follow-on schedule check
[2024-08-12T19:30:43.591+0000] {taskinstance.py:1157} INFO - Dependencies all met for dep_context=non-requeueable deps ti=<TaskInstance: monthly_monitor.wait_for_data scheduled__2024-03-01T00:00:00+00:00 [queued]>
[2024-08-12T19:30:43.595+0000] {taskinstance.py:1157} INFO - Dependencies all met for dep_context=requeueable deps ti=<TaskInstance: monthly_monitor.wait_for_data scheduled__2024-03-01T00:00:00+00:00 [queued]>
[2024-08-12T19:30:43.595+0000] {taskinstance.py:1359} INFO - Starting attempt 1 of 1
[2024-08-12T19:30:43.601+0000] {taskinstance.py:1380} INFO - Executing <Task(ExternalTaskSensor): wait_for_data> on 2024-03-01 00:00:00+00:00
[2024-08-12T19:30:43.606+0000] {standard_task_runner.py:57} INFO - Started process 6170 to run task
[2024-08-12T19:30:43.608+0000] {standard_task_runner.py:84} INFO - Running: ['***', 'tasks', 'run', 'monthly_monitor', 'wait_for_data', 'scheduled__2024-03-01T00:00:00+00:00', '--job-id', '602', '--raw', '--subdir', 'DAGS_FOLDER/monitor.py', '--cfg-path', '/tmp/tmpf6_q6als']
[2024-08-12T19:30:43.610+0000] {standard_task_runner.py:85} INFO - Job 602: Subtask wait_for_data
[2024-08-12T19:30:43.638+0000] {task_command.py:415} INFO - Running <TaskInstance: monthly_monitor.wait_for_data scheduled__2024-03-01T00:00:00+00:00 [running]> on host a9166c5dc5ae
[2024-08-12T19:30:43.678+0000] {taskinstance.py:1660} INFO - Exporting env vars: AIRFLOW_CTX_DAG_OWNER='***' AIRFLOW_CTX_DAG_ID='monthly_monitor' AIRFLOW_CTX_TASK_ID='wait_for_data' AIRFLOW_CTX_EXECUTION_DATE='2024-03-01T00:00:00+00:00' AIRFLOW_CTX_TRY_NUMBER='1' AIRFLOW_CTX_DAG_RUN_ID='scheduled__2024-03-01T00:00:00+00:00'
[2024-08-12T19:30:43.683+0000] {external_task.py:244} INFO - Poking for tasks ['predict_and_save'] in dag monthly_prediction on 2024-03-01T00:00:00+00:00 ... 
[2024-08-12T19:30:43.709+0000] {taskinstance.py:1895} INFO - Rescheduling task, marking task as UP_FOR_RESCHEDULE
[2024-08-12T19:30:43.748+0000] {local_task_job_runner.py:228} INFO - Task exited with return code 0
[2024-08-12T19:30:43.757+0000] {taskinstance.py:2776} INFO - 0 downstream tasks scheduled from follow-on schedule check
[2024-08-12T19:31:46.074+0000] {taskinstance.py:1157} INFO - Dependencies all met for dep_context=non-requeueable deps ti=<TaskInstance: monthly_monitor.wait_for_data scheduled__2024-03-01T00:00:00+00:00 [queued]>
[2024-08-12T19:31:46.082+0000] {taskinstance.py:1157} INFO - Dependencies all met for dep_context=requeueable deps ti=<TaskInstance: monthly_monitor.wait_for_data scheduled__2024-03-01T00:00:00+00:00 [queued]>
[2024-08-12T19:31:46.082+0000] {taskinstance.py:1359} INFO - Starting attempt 1 of 1
[2024-08-12T19:31:46.092+0000] {taskinstance.py:1380} INFO - Executing <Task(ExternalTaskSensor): wait_for_data> on 2024-03-01 00:00:00+00:00
[2024-08-12T19:31:46.098+0000] {standard_task_runner.py:57} INFO - Started process 6320 to run task
[2024-08-12T19:31:46.101+0000] {standard_task_runner.py:84} INFO - Running: ['***', 'tasks', 'run', 'monthly_monitor', 'wait_for_data', 'scheduled__2024-03-01T00:00:00+00:00', '--job-id', '607', '--raw', '--subdir', 'DAGS_FOLDER/monitor.py', '--cfg-path', '/tmp/tmpus0enz5j']
[2024-08-12T19:31:46.103+0000] {standard_task_runner.py:85} INFO - Job 607: Subtask wait_for_data
[2024-08-12T19:31:46.144+0000] {task_command.py:415} INFO - Running <TaskInstance: monthly_monitor.wait_for_data scheduled__2024-03-01T00:00:00+00:00 [running]> on host a9166c5dc5ae
[2024-08-12T19:31:46.190+0000] {taskinstance.py:1660} INFO - Exporting env vars: AIRFLOW_CTX_DAG_OWNER='***' AIRFLOW_CTX_DAG_ID='monthly_monitor' AIRFLOW_CTX_TASK_ID='wait_for_data' AIRFLOW_CTX_EXECUTION_DATE='2024-03-01T00:00:00+00:00' AIRFLOW_CTX_TRY_NUMBER='1' AIRFLOW_CTX_DAG_RUN_ID='scheduled__2024-03-01T00:00:00+00:00'
[2024-08-12T19:31:46.199+0000] {external_task.py:244} INFO - Poking for tasks ['predict_and_save'] in dag monthly_prediction on 2024-03-01T00:00:00+00:00 ... 
[2024-08-12T19:31:46.214+0000] {taskinstance.py:1895} INFO - Rescheduling task, marking task as UP_FOR_RESCHEDULE
[2024-08-12T19:31:46.241+0000] {local_task_job_runner.py:228} INFO - Task exited with return code 0
[2024-08-12T19:31:46.250+0000] {taskinstance.py:2776} INFO - 0 downstream tasks scheduled from follow-on schedule check
[2024-08-12T19:32:49.154+0000] {taskinstance.py:1157} INFO - Dependencies all met for dep_context=non-requeueable deps ti=<TaskInstance: monthly_monitor.wait_for_data scheduled__2024-03-01T00:00:00+00:00 [queued]>
[2024-08-12T19:32:49.163+0000] {taskinstance.py:1157} INFO - Dependencies all met for dep_context=requeueable deps ti=<TaskInstance: monthly_monitor.wait_for_data scheduled__2024-03-01T00:00:00+00:00 [queued]>
[2024-08-12T19:32:49.163+0000] {taskinstance.py:1359} INFO - Starting attempt 1 of 1
[2024-08-12T19:32:49.176+0000] {taskinstance.py:1380} INFO - Executing <Task(ExternalTaskSensor): wait_for_data> on 2024-03-01 00:00:00+00:00
[2024-08-12T19:32:49.183+0000] {standard_task_runner.py:57} INFO - Started process 6472 to run task
[2024-08-12T19:32:49.187+0000] {standard_task_runner.py:84} INFO - Running: ['***', 'tasks', 'run', 'monthly_monitor', 'wait_for_data', 'scheduled__2024-03-01T00:00:00+00:00', '--job-id', '613', '--raw', '--subdir', 'DAGS_FOLDER/monitor.py', '--cfg-path', '/tmp/tmpcmsxmm7x']
[2024-08-12T19:32:49.190+0000] {standard_task_runner.py:85} INFO - Job 613: Subtask wait_for_data
[2024-08-12T19:32:49.223+0000] {task_command.py:415} INFO - Running <TaskInstance: monthly_monitor.wait_for_data scheduled__2024-03-01T00:00:00+00:00 [running]> on host a9166c5dc5ae
[2024-08-12T19:32:49.274+0000] {taskinstance.py:1660} INFO - Exporting env vars: AIRFLOW_CTX_DAG_OWNER='***' AIRFLOW_CTX_DAG_ID='monthly_monitor' AIRFLOW_CTX_TASK_ID='wait_for_data' AIRFLOW_CTX_EXECUTION_DATE='2024-03-01T00:00:00+00:00' AIRFLOW_CTX_TRY_NUMBER='1' AIRFLOW_CTX_DAG_RUN_ID='scheduled__2024-03-01T00:00:00+00:00'
[2024-08-12T19:32:49.283+0000] {external_task.py:244} INFO - Poking for tasks ['predict_and_save'] in dag monthly_prediction on 2024-03-01T00:00:00+00:00 ... 
[2024-08-12T19:32:49.306+0000] {taskinstance.py:1895} INFO - Rescheduling task, marking task as UP_FOR_RESCHEDULE
[2024-08-12T19:32:49.326+0000] {local_task_job_runner.py:228} INFO - Task exited with return code 0
[2024-08-12T19:32:49.337+0000] {taskinstance.py:2776} INFO - 0 downstream tasks scheduled from follow-on schedule check
[2024-08-12T19:33:52.200+0000] {taskinstance.py:1157} INFO - Dependencies all met for dep_context=non-requeueable deps ti=<TaskInstance: monthly_monitor.wait_for_data scheduled__2024-03-01T00:00:00+00:00 [queued]>
[2024-08-12T19:33:52.209+0000] {taskinstance.py:1157} INFO - Dependencies all met for dep_context=requeueable deps ti=<TaskInstance: monthly_monitor.wait_for_data scheduled__2024-03-01T00:00:00+00:00 [queued]>
[2024-08-12T19:33:52.210+0000] {taskinstance.py:1359} INFO - Starting attempt 1 of 1
[2024-08-12T19:33:52.223+0000] {taskinstance.py:1380} INFO - Executing <Task(ExternalTaskSensor): wait_for_data> on 2024-03-01 00:00:00+00:00
[2024-08-12T19:33:52.230+0000] {standard_task_runner.py:57} INFO - Started process 6630 to run task
[2024-08-12T19:33:52.234+0000] {standard_task_runner.py:84} INFO - Running: ['***', 'tasks', 'run', 'monthly_monitor', 'wait_for_data', 'scheduled__2024-03-01T00:00:00+00:00', '--job-id', '619', '--raw', '--subdir', 'DAGS_FOLDER/monitor.py', '--cfg-path', '/tmp/tmp1me4g2qw']
[2024-08-12T19:33:52.241+0000] {standard_task_runner.py:85} INFO - Job 619: Subtask wait_for_data
[2024-08-12T19:33:52.388+0000] {task_command.py:415} INFO - Running <TaskInstance: monthly_monitor.wait_for_data scheduled__2024-03-01T00:00:00+00:00 [running]> on host a9166c5dc5ae
[2024-08-12T19:33:52.524+0000] {taskinstance.py:1660} INFO - Exporting env vars: AIRFLOW_CTX_DAG_OWNER='***' AIRFLOW_CTX_DAG_ID='monthly_monitor' AIRFLOW_CTX_TASK_ID='wait_for_data' AIRFLOW_CTX_EXECUTION_DATE='2024-03-01T00:00:00+00:00' AIRFLOW_CTX_TRY_NUMBER='1' AIRFLOW_CTX_DAG_RUN_ID='scheduled__2024-03-01T00:00:00+00:00'
[2024-08-12T19:33:52.537+0000] {external_task.py:244} INFO - Poking for tasks ['predict_and_save'] in dag monthly_prediction on 2024-03-01T00:00:00+00:00 ... 
[2024-08-12T19:33:52.591+0000] {taskinstance.py:1895} INFO - Rescheduling task, marking task as UP_FOR_RESCHEDULE
[2024-08-12T19:33:52.640+0000] {local_task_job_runner.py:228} INFO - Task exited with return code 0
[2024-08-12T19:33:52.684+0000] {taskinstance.py:2776} INFO - 0 downstream tasks scheduled from follow-on schedule check
[2024-08-12T19:34:55.043+0000] {taskinstance.py:1157} INFO - Dependencies all met for dep_context=non-requeueable deps ti=<TaskInstance: monthly_monitor.wait_for_data scheduled__2024-03-01T00:00:00+00:00 [queued]>
[2024-08-12T19:34:55.055+0000] {taskinstance.py:1157} INFO - Dependencies all met for dep_context=requeueable deps ti=<TaskInstance: monthly_monitor.wait_for_data scheduled__2024-03-01T00:00:00+00:00 [queued]>
[2024-08-12T19:34:55.057+0000] {taskinstance.py:1359} INFO - Starting attempt 1 of 1
[2024-08-12T19:34:55.067+0000] {taskinstance.py:1380} INFO - Executing <Task(ExternalTaskSensor): wait_for_data> on 2024-03-01 00:00:00+00:00
[2024-08-12T19:34:55.074+0000] {standard_task_runner.py:57} INFO - Started process 6782 to run task
[2024-08-12T19:34:55.078+0000] {standard_task_runner.py:84} INFO - Running: ['***', 'tasks', 'run', 'monthly_monitor', 'wait_for_data', 'scheduled__2024-03-01T00:00:00+00:00', '--job-id', '624', '--raw', '--subdir', 'DAGS_FOLDER/monitor.py', '--cfg-path', '/tmp/tmpuvw8poz6']
[2024-08-12T19:34:55.083+0000] {standard_task_runner.py:85} INFO - Job 624: Subtask wait_for_data
[2024-08-12T19:34:55.164+0000] {task_command.py:415} INFO - Running <TaskInstance: monthly_monitor.wait_for_data scheduled__2024-03-01T00:00:00+00:00 [running]> on host a9166c5dc5ae
[2024-08-12T19:34:55.256+0000] {taskinstance.py:1660} INFO - Exporting env vars: AIRFLOW_CTX_DAG_OWNER='***' AIRFLOW_CTX_DAG_ID='monthly_monitor' AIRFLOW_CTX_TASK_ID='wait_for_data' AIRFLOW_CTX_EXECUTION_DATE='2024-03-01T00:00:00+00:00' AIRFLOW_CTX_TRY_NUMBER='1' AIRFLOW_CTX_DAG_RUN_ID='scheduled__2024-03-01T00:00:00+00:00'
[2024-08-12T19:34:55.269+0000] {external_task.py:244} INFO - Poking for tasks ['predict_and_save'] in dag monthly_prediction on 2024-03-01T00:00:00+00:00 ... 
[2024-08-12T19:34:55.296+0000] {taskinstance.py:1895} INFO - Rescheduling task, marking task as UP_FOR_RESCHEDULE
[2024-08-12T19:34:55.339+0000] {local_task_job_runner.py:228} INFO - Task exited with return code 0
[2024-08-12T19:34:55.350+0000] {taskinstance.py:2776} INFO - 0 downstream tasks scheduled from follow-on schedule check
[2024-08-12T19:35:58.133+0000] {taskinstance.py:1157} INFO - Dependencies all met for dep_context=non-requeueable deps ti=<TaskInstance: monthly_monitor.wait_for_data scheduled__2024-03-01T00:00:00+00:00 [queued]>
[2024-08-12T19:35:58.142+0000] {taskinstance.py:1157} INFO - Dependencies all met for dep_context=requeueable deps ti=<TaskInstance: monthly_monitor.wait_for_data scheduled__2024-03-01T00:00:00+00:00 [queued]>
[2024-08-12T19:35:58.142+0000] {taskinstance.py:1359} INFO - Starting attempt 1 of 1
[2024-08-12T19:35:58.154+0000] {taskinstance.py:1380} INFO - Executing <Task(ExternalTaskSensor): wait_for_data> on 2024-03-01 00:00:00+00:00
[2024-08-12T19:35:58.163+0000] {standard_task_runner.py:57} INFO - Started process 6934 to run task
[2024-08-12T19:35:58.168+0000] {standard_task_runner.py:84} INFO - Running: ['***', 'tasks', 'run', 'monthly_monitor', 'wait_for_data', 'scheduled__2024-03-01T00:00:00+00:00', '--job-id', '630', '--raw', '--subdir', 'DAGS_FOLDER/monitor.py', '--cfg-path', '/tmp/tmpux62482x']
[2024-08-12T19:35:58.177+0000] {standard_task_runner.py:85} INFO - Job 630: Subtask wait_for_data
[2024-08-12T19:35:58.241+0000] {task_command.py:415} INFO - Running <TaskInstance: monthly_monitor.wait_for_data scheduled__2024-03-01T00:00:00+00:00 [running]> on host a9166c5dc5ae
[2024-08-12T19:35:58.314+0000] {taskinstance.py:1660} INFO - Exporting env vars: AIRFLOW_CTX_DAG_OWNER='***' AIRFLOW_CTX_DAG_ID='monthly_monitor' AIRFLOW_CTX_TASK_ID='wait_for_data' AIRFLOW_CTX_EXECUTION_DATE='2024-03-01T00:00:00+00:00' AIRFLOW_CTX_TRY_NUMBER='1' AIRFLOW_CTX_DAG_RUN_ID='scheduled__2024-03-01T00:00:00+00:00'
[2024-08-12T19:35:58.324+0000] {external_task.py:244} INFO - Poking for tasks ['predict_and_save'] in dag monthly_prediction on 2024-03-01T00:00:00+00:00 ... 
[2024-08-12T19:35:58.351+0000] {taskinstance.py:1895} INFO - Rescheduling task, marking task as UP_FOR_RESCHEDULE
[2024-08-12T19:35:58.389+0000] {local_task_job_runner.py:228} INFO - Task exited with return code 0
[2024-08-12T19:35:58.401+0000] {taskinstance.py:2776} INFO - 0 downstream tasks scheduled from follow-on schedule check
[2024-08-12T19:37:01.283+0000] {taskinstance.py:1157} INFO - Dependencies all met for dep_context=non-requeueable deps ti=<TaskInstance: monthly_monitor.wait_for_data scheduled__2024-03-01T00:00:00+00:00 [queued]>
[2024-08-12T19:37:01.292+0000] {taskinstance.py:1157} INFO - Dependencies all met for dep_context=requeueable deps ti=<TaskInstance: monthly_monitor.wait_for_data scheduled__2024-03-01T00:00:00+00:00 [queued]>
[2024-08-12T19:37:01.294+0000] {taskinstance.py:1359} INFO - Starting attempt 1 of 1
[2024-08-12T19:37:01.302+0000] {taskinstance.py:1380} INFO - Executing <Task(ExternalTaskSensor): wait_for_data> on 2024-03-01 00:00:00+00:00
[2024-08-12T19:37:01.312+0000] {standard_task_runner.py:57} INFO - Started process 7084 to run task
[2024-08-12T19:37:01.316+0000] {standard_task_runner.py:84} INFO - Running: ['***', 'tasks', 'run', 'monthly_monitor', 'wait_for_data', 'scheduled__2024-03-01T00:00:00+00:00', '--job-id', '636', '--raw', '--subdir', 'DAGS_FOLDER/monitor.py', '--cfg-path', '/tmp/tmp9ub3zkcp']
[2024-08-12T19:37:01.322+0000] {standard_task_runner.py:85} INFO - Job 636: Subtask wait_for_data
[2024-08-12T19:37:01.412+0000] {task_command.py:415} INFO - Running <TaskInstance: monthly_monitor.wait_for_data scheduled__2024-03-01T00:00:00+00:00 [running]> on host a9166c5dc5ae
[2024-08-12T19:37:01.499+0000] {taskinstance.py:1660} INFO - Exporting env vars: AIRFLOW_CTX_DAG_OWNER='***' AIRFLOW_CTX_DAG_ID='monthly_monitor' AIRFLOW_CTX_TASK_ID='wait_for_data' AIRFLOW_CTX_EXECUTION_DATE='2024-03-01T00:00:00+00:00' AIRFLOW_CTX_TRY_NUMBER='1' AIRFLOW_CTX_DAG_RUN_ID='scheduled__2024-03-01T00:00:00+00:00'
[2024-08-12T19:37:01.513+0000] {external_task.py:244} INFO - Poking for tasks ['predict_and_save'] in dag monthly_prediction on 2024-03-01T00:00:00+00:00 ... 
[2024-08-12T19:37:01.546+0000] {taskinstance.py:1895} INFO - Rescheduling task, marking task as UP_FOR_RESCHEDULE
[2024-08-12T19:37:01.584+0000] {local_task_job_runner.py:228} INFO - Task exited with return code 0
[2024-08-12T19:37:01.606+0000] {taskinstance.py:2776} INFO - 0 downstream tasks scheduled from follow-on schedule check
[2024-08-12T19:38:05.121+0000] {taskinstance.py:1157} INFO - Dependencies all met for dep_context=non-requeueable deps ti=<TaskInstance: monthly_monitor.wait_for_data scheduled__2024-03-01T00:00:00+00:00 [queued]>
[2024-08-12T19:38:05.127+0000] {taskinstance.py:1157} INFO - Dependencies all met for dep_context=requeueable deps ti=<TaskInstance: monthly_monitor.wait_for_data scheduled__2024-03-01T00:00:00+00:00 [queued]>
[2024-08-12T19:38:05.128+0000] {taskinstance.py:1359} INFO - Starting attempt 1 of 1
[2024-08-12T19:38:05.138+0000] {taskinstance.py:1380} INFO - Executing <Task(ExternalTaskSensor): wait_for_data> on 2024-03-01 00:00:00+00:00
[2024-08-12T19:38:05.161+0000] {standard_task_runner.py:57} INFO - Started process 7236 to run task
[2024-08-12T19:38:05.167+0000] {standard_task_runner.py:84} INFO - Running: ['***', 'tasks', 'run', 'monthly_monitor', 'wait_for_data', 'scheduled__2024-03-01T00:00:00+00:00', '--job-id', '640', '--raw', '--subdir', 'DAGS_FOLDER/monitor.py', '--cfg-path', '/tmp/tmpwmt0ic5_']
[2024-08-12T19:38:05.172+0000] {standard_task_runner.py:85} INFO - Job 640: Subtask wait_for_data
[2024-08-12T19:38:05.251+0000] {task_command.py:415} INFO - Running <TaskInstance: monthly_monitor.wait_for_data scheduled__2024-03-01T00:00:00+00:00 [running]> on host a9166c5dc5ae
[2024-08-12T19:38:05.342+0000] {taskinstance.py:1660} INFO - Exporting env vars: AIRFLOW_CTX_DAG_OWNER='***' AIRFLOW_CTX_DAG_ID='monthly_monitor' AIRFLOW_CTX_TASK_ID='wait_for_data' AIRFLOW_CTX_EXECUTION_DATE='2024-03-01T00:00:00+00:00' AIRFLOW_CTX_TRY_NUMBER='1' AIRFLOW_CTX_DAG_RUN_ID='scheduled__2024-03-01T00:00:00+00:00'
[2024-08-12T19:38:05.353+0000] {external_task.py:244} INFO - Poking for tasks ['predict_and_save'] in dag monthly_prediction on 2024-03-01T00:00:00+00:00 ... 
[2024-08-12T19:38:05.388+0000] {taskinstance.py:1895} INFO - Rescheduling task, marking task as UP_FOR_RESCHEDULE
[2024-08-12T19:38:05.430+0000] {local_task_job_runner.py:228} INFO - Task exited with return code 0
[2024-08-12T19:38:05.449+0000] {taskinstance.py:2776} INFO - 0 downstream tasks scheduled from follow-on schedule check
[2024-08-12T19:39:08.379+0000] {taskinstance.py:1157} INFO - Dependencies all met for dep_context=non-requeueable deps ti=<TaskInstance: monthly_monitor.wait_for_data scheduled__2024-03-01T00:00:00+00:00 [queued]>
[2024-08-12T19:39:08.389+0000] {taskinstance.py:1157} INFO - Dependencies all met for dep_context=requeueable deps ti=<TaskInstance: monthly_monitor.wait_for_data scheduled__2024-03-01T00:00:00+00:00 [queued]>
[2024-08-12T19:39:08.390+0000] {taskinstance.py:1359} INFO - Starting attempt 1 of 1
[2024-08-12T19:39:08.401+0000] {taskinstance.py:1380} INFO - Executing <Task(ExternalTaskSensor): wait_for_data> on 2024-03-01 00:00:00+00:00
[2024-08-12T19:39:08.409+0000] {standard_task_runner.py:57} INFO - Started process 7390 to run task
[2024-08-12T19:39:08.411+0000] {standard_task_runner.py:84} INFO - Running: ['***', 'tasks', 'run', 'monthly_monitor', 'wait_for_data', 'scheduled__2024-03-01T00:00:00+00:00', '--job-id', '648', '--raw', '--subdir', 'DAGS_FOLDER/monitor.py', '--cfg-path', '/tmp/tmpzldmgcv1']
[2024-08-12T19:39:08.416+0000] {standard_task_runner.py:85} INFO - Job 648: Subtask wait_for_data
[2024-08-12T19:39:08.570+0000] {task_command.py:415} INFO - Running <TaskInstance: monthly_monitor.wait_for_data scheduled__2024-03-01T00:00:00+00:00 [running]> on host a9166c5dc5ae
[2024-08-12T19:39:08.702+0000] {taskinstance.py:1660} INFO - Exporting env vars: AIRFLOW_CTX_DAG_OWNER='***' AIRFLOW_CTX_DAG_ID='monthly_monitor' AIRFLOW_CTX_TASK_ID='wait_for_data' AIRFLOW_CTX_EXECUTION_DATE='2024-03-01T00:00:00+00:00' AIRFLOW_CTX_TRY_NUMBER='1' AIRFLOW_CTX_DAG_RUN_ID='scheduled__2024-03-01T00:00:00+00:00'
[2024-08-12T19:39:08.713+0000] {external_task.py:244} INFO - Poking for tasks ['predict_and_save'] in dag monthly_prediction on 2024-03-01T00:00:00+00:00 ... 
[2024-08-12T19:39:08.725+0000] {taskinstance.py:1935} ERROR - Task failed with exception
Traceback (most recent call last):
  File "/home/airflow/.local/lib/python3.8/site-packages/airflow/sensors/external_task.py", line 334, in execute
    super().execute(context)
  File "/home/airflow/.local/lib/python3.8/site-packages/airflow/sensors/base.py", line 274, in execute
    raise AirflowSensorTimeout(message)
airflow.exceptions.AirflowSensorTimeout: Sensor has timed out; run duration of 629.774351 seconds exceeds the specified timeout of 600.0.
[2024-08-12T19:39:08.741+0000] {taskinstance.py:1398} INFO - Immediate failure requested. Marking task as FAILED. dag_id=monthly_monitor, task_id=wait_for_data, execution_date=20240301T000000, start_date=20240812T193908, end_date=20240812T193908
[2024-08-12T19:39:08.756+0000] {standard_task_runner.py:104} ERROR - Failed to execute job 648 for task wait_for_data (Sensor has timed out; run duration of 629.774351 seconds exceeds the specified timeout of 600.0.; 7390)
[2024-08-12T19:39:08.772+0000] {local_task_job_runner.py:228} INFO - Task exited with return code 1
[2024-08-12T19:39:08.785+0000] {taskinstance.py:2776} INFO - 0 downstream tasks scheduled from follow-on schedule check
[2024-08-12T20:09:37.051+0000] {taskinstance.py:1157} INFO - Dependencies all met for dep_context=non-requeueable deps ti=<TaskInstance: monthly_monitor.wait_for_data scheduled__2024-03-01T00:00:00+00:00 [queued]>
[2024-08-12T20:09:37.102+0000] {taskinstance.py:1157} INFO - Dependencies all met for dep_context=requeueable deps ti=<TaskInstance: monthly_monitor.wait_for_data scheduled__2024-03-01T00:00:00+00:00 [queued]>
[2024-08-12T20:09:37.123+0000] {taskinstance.py:1359} INFO - Starting attempt 1 of 1
[2024-08-12T20:09:37.340+0000] {taskinstance.py:1380} INFO - Executing <Task(ExternalTaskSensor): wait_for_data> on 2024-03-01 00:00:00+00:00
[2024-08-12T20:09:37.477+0000] {standard_task_runner.py:57} INFO - Started process 13018 to run task
[2024-08-12T20:09:37.518+0000] {standard_task_runner.py:84} INFO - Running: ['***', 'tasks', 'run', 'monthly_monitor', 'wait_for_data', 'scheduled__2024-03-01T00:00:00+00:00', '--job-id', '886', '--raw', '--subdir', 'DAGS_FOLDER/monitor.py', '--cfg-path', '/tmp/tmp1sgm7if9']
[2024-08-12T20:09:37.580+0000] {standard_task_runner.py:85} INFO - Job 886: Subtask wait_for_data
[2024-08-12T20:09:37.912+0000] {task_command.py:415} INFO - Running <TaskInstance: monthly_monitor.wait_for_data scheduled__2024-03-01T00:00:00+00:00 [running]> on host a9166c5dc5ae
[2024-08-12T20:09:38.265+0000] {taskinstance.py:1660} INFO - Exporting env vars: AIRFLOW_CTX_DAG_OWNER='***' AIRFLOW_CTX_DAG_ID='monthly_monitor' AIRFLOW_CTX_TASK_ID='wait_for_data' AIRFLOW_CTX_EXECUTION_DATE='2024-03-01T00:00:00+00:00' AIRFLOW_CTX_TRY_NUMBER='1' AIRFLOW_CTX_DAG_RUN_ID='scheduled__2024-03-01T00:00:00+00:00'
[2024-08-12T20:09:38.345+0000] {external_task.py:244} INFO - Poking for tasks ['predict_and_save'] in dag monthly_prediction on 2024-03-01T00:00:00+00:00 ... 
[2024-08-12T20:09:38.400+0000] {base.py:287} INFO - Success criteria met. Exiting.
[2024-08-12T20:09:38.460+0000] {taskinstance.py:1398} INFO - Marking task as SUCCESS. dag_id=monthly_monitor, task_id=wait_for_data, execution_date=20240301T000000, start_date=20240812T200937, end_date=20240812T200938
[2024-08-12T20:09:38.651+0000] {local_task_job_runner.py:228} INFO - Task exited with return code 0
[2024-08-12T20:09:38.774+0000] {taskinstance.py:2776} INFO - 0 downstream tasks scheduled from follow-on schedule check
