[2024-08-12T19:50:13.676+0000] {taskinstance.py:1157} INFO - Dependencies all met for dep_context=non-requeueable deps ti=<TaskInstance: monthly_prediction.wait_for_retrain manual__2024-08-12T19:50:11.480376+00:00 [queued]>
[2024-08-12T19:50:13.680+0000] {taskinstance.py:1157} INFO - Dependencies all met for dep_context=requeueable deps ti=<TaskInstance: monthly_prediction.wait_for_retrain manual__2024-08-12T19:50:11.480376+00:00 [queued]>
[2024-08-12T19:50:13.681+0000] {taskinstance.py:1359} INFO - Starting attempt 1 of 1
[2024-08-12T19:50:13.688+0000] {taskinstance.py:1380} INFO - Executing <Task(ExternalTaskSensor): wait_for_retrain> on 2024-08-12 19:50:11.480376+00:00
[2024-08-12T19:50:13.694+0000] {standard_task_runner.py:57} INFO - Started process 9334 to run task
[2024-08-12T19:50:13.697+0000] {standard_task_runner.py:84} INFO - Running: ['***', 'tasks', 'run', 'monthly_prediction', 'wait_for_retrain', 'manual__2024-08-12T19:50:11.480376+00:00', '--job-id', '722', '--raw', '--subdir', 'DAGS_FOLDER/monthly_prediction.py', '--cfg-path', '/tmp/tmpc8y5e0ia']
[2024-08-12T19:50:13.699+0000] {standard_task_runner.py:85} INFO - Job 722: Subtask wait_for_retrain
[2024-08-12T19:50:14.019+0000] {task_command.py:415} INFO - Running <TaskInstance: monthly_prediction.wait_for_retrain manual__2024-08-12T19:50:11.480376+00:00 [running]> on host a9166c5dc5ae
[2024-08-12T19:50:14.070+0000] {taskinstance.py:1660} INFO - Exporting env vars: AIRFLOW_CTX_DAG_OWNER='***' AIRFLOW_CTX_DAG_ID='monthly_prediction' AIRFLOW_CTX_TASK_ID='wait_for_retrain' AIRFLOW_CTX_EXECUTION_DATE='2024-08-12T19:50:11.480376+00:00' AIRFLOW_CTX_TRY_NUMBER='1' AIRFLOW_CTX_DAG_RUN_ID='manual__2024-08-12T19:50:11.480376+00:00'
[2024-08-12T19:50:14.079+0000] {external_task.py:244} INFO - Poking for tasks ['optimize_and_register_best_classifier'] in dag quarterly_retrain on 2024-07-31T19:50:11.480376+00:00 ... 
[2024-08-12T19:50:14.098+0000] {taskinstance.py:1895} INFO - Rescheduling task, marking task as UP_FOR_RESCHEDULE
[2024-08-12T19:50:14.123+0000] {local_task_job_runner.py:228} INFO - Task exited with return code 0
[2024-08-12T19:50:14.137+0000] {taskinstance.py:2776} INFO - 0 downstream tasks scheduled from follow-on schedule check
[2024-08-12T19:51:16.869+0000] {taskinstance.py:1157} INFO - Dependencies all met for dep_context=non-requeueable deps ti=<TaskInstance: monthly_prediction.wait_for_retrain manual__2024-08-12T19:50:11.480376+00:00 [queued]>
[2024-08-12T19:51:16.876+0000] {taskinstance.py:1157} INFO - Dependencies all met for dep_context=requeueable deps ti=<TaskInstance: monthly_prediction.wait_for_retrain manual__2024-08-12T19:50:11.480376+00:00 [queued]>
[2024-08-12T19:51:16.877+0000] {taskinstance.py:1359} INFO - Starting attempt 1 of 1
[2024-08-12T19:51:16.888+0000] {taskinstance.py:1380} INFO - Executing <Task(ExternalTaskSensor): wait_for_retrain> on 2024-08-12 19:50:11.480376+00:00
[2024-08-12T19:51:16.897+0000] {standard_task_runner.py:57} INFO - Started process 9591 to run task
[2024-08-12T19:51:16.902+0000] {standard_task_runner.py:84} INFO - Running: ['***', 'tasks', 'run', 'monthly_prediction', 'wait_for_retrain', 'manual__2024-08-12T19:50:11.480376+00:00', '--job-id', '736', '--raw', '--subdir', 'DAGS_FOLDER/monthly_prediction.py', '--cfg-path', '/tmp/tmp8q9fridl']
[2024-08-12T19:51:16.908+0000] {standard_task_runner.py:85} INFO - Job 736: Subtask wait_for_retrain
[2024-08-12T19:51:16.973+0000] {task_command.py:415} INFO - Running <TaskInstance: monthly_prediction.wait_for_retrain manual__2024-08-12T19:50:11.480376+00:00 [running]> on host a9166c5dc5ae
[2024-08-12T19:51:17.594+0000] {taskinstance.py:1660} INFO - Exporting env vars: AIRFLOW_CTX_DAG_OWNER='***' AIRFLOW_CTX_DAG_ID='monthly_prediction' AIRFLOW_CTX_TASK_ID='wait_for_retrain' AIRFLOW_CTX_EXECUTION_DATE='2024-08-12T19:50:11.480376+00:00' AIRFLOW_CTX_TRY_NUMBER='1' AIRFLOW_CTX_DAG_RUN_ID='manual__2024-08-12T19:50:11.480376+00:00'
[2024-08-12T19:51:17.607+0000] {external_task.py:244} INFO - Poking for tasks ['optimize_and_register_best_classifier'] in dag quarterly_retrain on 2024-07-31T19:50:11.480376+00:00 ... 
[2024-08-12T19:51:17.640+0000] {taskinstance.py:1895} INFO - Rescheduling task, marking task as UP_FOR_RESCHEDULE
[2024-08-12T19:51:17.711+0000] {local_task_job_runner.py:228} INFO - Task exited with return code 0
[2024-08-12T19:51:17.736+0000] {taskinstance.py:2776} INFO - 0 downstream tasks scheduled from follow-on schedule check
[2024-08-12T19:52:19.030+0000] {taskinstance.py:1157} INFO - Dependencies all met for dep_context=non-requeueable deps ti=<TaskInstance: monthly_prediction.wait_for_retrain manual__2024-08-12T19:50:11.480376+00:00 [queued]>
[2024-08-12T19:52:19.039+0000] {taskinstance.py:1157} INFO - Dependencies all met for dep_context=requeueable deps ti=<TaskInstance: monthly_prediction.wait_for_retrain manual__2024-08-12T19:50:11.480376+00:00 [queued]>
[2024-08-12T19:52:19.040+0000] {taskinstance.py:1359} INFO - Starting attempt 1 of 1
[2024-08-12T19:52:19.052+0000] {taskinstance.py:1380} INFO - Executing <Task(ExternalTaskSensor): wait_for_retrain> on 2024-08-12 19:50:11.480376+00:00
[2024-08-12T19:52:19.059+0000] {standard_task_runner.py:57} INFO - Started process 9784 to run task
[2024-08-12T19:52:19.062+0000] {standard_task_runner.py:84} INFO - Running: ['***', 'tasks', 'run', 'monthly_prediction', 'wait_for_retrain', 'manual__2024-08-12T19:50:11.480376+00:00', '--job-id', '747', '--raw', '--subdir', 'DAGS_FOLDER/monthly_prediction.py', '--cfg-path', '/tmp/tmpuz7d_op8']
[2024-08-12T19:52:19.065+0000] {standard_task_runner.py:85} INFO - Job 747: Subtask wait_for_retrain
[2024-08-12T19:52:19.327+0000] {task_command.py:415} INFO - Running <TaskInstance: monthly_prediction.wait_for_retrain manual__2024-08-12T19:50:11.480376+00:00 [running]> on host a9166c5dc5ae
[2024-08-12T19:52:19.434+0000] {taskinstance.py:1660} INFO - Exporting env vars: AIRFLOW_CTX_DAG_OWNER='***' AIRFLOW_CTX_DAG_ID='monthly_prediction' AIRFLOW_CTX_TASK_ID='wait_for_retrain' AIRFLOW_CTX_EXECUTION_DATE='2024-08-12T19:50:11.480376+00:00' AIRFLOW_CTX_TRY_NUMBER='1' AIRFLOW_CTX_DAG_RUN_ID='manual__2024-08-12T19:50:11.480376+00:00'
[2024-08-12T19:52:19.473+0000] {external_task.py:244} INFO - Poking for tasks ['optimize_and_register_best_classifier'] in dag quarterly_retrain on 2024-07-31T19:50:11.480376+00:00 ... 
[2024-08-12T19:52:19.506+0000] {taskinstance.py:1895} INFO - Rescheduling task, marking task as UP_FOR_RESCHEDULE
[2024-08-12T19:52:19.543+0000] {local_task_job_runner.py:228} INFO - Task exited with return code 0
[2024-08-12T19:52:19.569+0000] {taskinstance.py:2776} INFO - 0 downstream tasks scheduled from follow-on schedule check
[2024-08-12T19:53:21.975+0000] {taskinstance.py:1157} INFO - Dependencies all met for dep_context=non-requeueable deps ti=<TaskInstance: monthly_prediction.wait_for_retrain manual__2024-08-12T19:50:11.480376+00:00 [queued]>
[2024-08-12T19:53:21.981+0000] {taskinstance.py:1157} INFO - Dependencies all met for dep_context=requeueable deps ti=<TaskInstance: monthly_prediction.wait_for_retrain manual__2024-08-12T19:50:11.480376+00:00 [queued]>
[2024-08-12T19:53:21.982+0000] {taskinstance.py:1359} INFO - Starting attempt 1 of 1
[2024-08-12T19:53:21.991+0000] {taskinstance.py:1380} INFO - Executing <Task(ExternalTaskSensor): wait_for_retrain> on 2024-08-12 19:50:11.480376+00:00
[2024-08-12T19:53:21.996+0000] {standard_task_runner.py:57} INFO - Started process 9982 to run task
[2024-08-12T19:53:21.999+0000] {standard_task_runner.py:84} INFO - Running: ['***', 'tasks', 'run', 'monthly_prediction', 'wait_for_retrain', 'manual__2024-08-12T19:50:11.480376+00:00', '--job-id', '758', '--raw', '--subdir', 'DAGS_FOLDER/monthly_prediction.py', '--cfg-path', '/tmp/tmpgt167y36']
[2024-08-12T19:53:22.002+0000] {standard_task_runner.py:85} INFO - Job 758: Subtask wait_for_retrain
[2024-08-12T19:53:22.205+0000] {task_command.py:415} INFO - Running <TaskInstance: monthly_prediction.wait_for_retrain manual__2024-08-12T19:50:11.480376+00:00 [running]> on host a9166c5dc5ae
[2024-08-12T19:53:22.261+0000] {taskinstance.py:1660} INFO - Exporting env vars: AIRFLOW_CTX_DAG_OWNER='***' AIRFLOW_CTX_DAG_ID='monthly_prediction' AIRFLOW_CTX_TASK_ID='wait_for_retrain' AIRFLOW_CTX_EXECUTION_DATE='2024-08-12T19:50:11.480376+00:00' AIRFLOW_CTX_TRY_NUMBER='1' AIRFLOW_CTX_DAG_RUN_ID='manual__2024-08-12T19:50:11.480376+00:00'
[2024-08-12T19:53:22.270+0000] {external_task.py:244} INFO - Poking for tasks ['optimize_and_register_best_classifier'] in dag quarterly_retrain on 2024-07-31T19:50:11.480376+00:00 ... 
[2024-08-12T19:53:22.293+0000] {taskinstance.py:1895} INFO - Rescheduling task, marking task as UP_FOR_RESCHEDULE
[2024-08-12T19:53:22.313+0000] {local_task_job_runner.py:228} INFO - Task exited with return code 0
[2024-08-12T19:53:22.329+0000] {taskinstance.py:2776} INFO - 0 downstream tasks scheduled from follow-on schedule check
[2024-08-12T19:54:24.144+0000] {taskinstance.py:1157} INFO - Dependencies all met for dep_context=non-requeueable deps ti=<TaskInstance: monthly_prediction.wait_for_retrain manual__2024-08-12T19:50:11.480376+00:00 [queued]>
[2024-08-12T19:54:24.153+0000] {taskinstance.py:1157} INFO - Dependencies all met for dep_context=requeueable deps ti=<TaskInstance: monthly_prediction.wait_for_retrain manual__2024-08-12T19:50:11.480376+00:00 [queued]>
[2024-08-12T19:54:24.153+0000] {taskinstance.py:1359} INFO - Starting attempt 1 of 1
[2024-08-12T19:54:24.167+0000] {taskinstance.py:1380} INFO - Executing <Task(ExternalTaskSensor): wait_for_retrain> on 2024-08-12 19:50:11.480376+00:00
[2024-08-12T19:54:24.176+0000] {standard_task_runner.py:57} INFO - Started process 10182 to run task
[2024-08-12T19:54:24.180+0000] {standard_task_runner.py:84} INFO - Running: ['***', 'tasks', 'run', 'monthly_prediction', 'wait_for_retrain', 'manual__2024-08-12T19:50:11.480376+00:00', '--job-id', '769', '--raw', '--subdir', 'DAGS_FOLDER/monthly_prediction.py', '--cfg-path', '/tmp/tmpphskbg2u']
[2024-08-12T19:54:24.187+0000] {standard_task_runner.py:85} INFO - Job 769: Subtask wait_for_retrain
[2024-08-12T19:54:24.549+0000] {task_command.py:415} INFO - Running <TaskInstance: monthly_prediction.wait_for_retrain manual__2024-08-12T19:50:11.480376+00:00 [running]> on host a9166c5dc5ae
[2024-08-12T19:54:24.614+0000] {taskinstance.py:1660} INFO - Exporting env vars: AIRFLOW_CTX_DAG_OWNER='***' AIRFLOW_CTX_DAG_ID='monthly_prediction' AIRFLOW_CTX_TASK_ID='wait_for_retrain' AIRFLOW_CTX_EXECUTION_DATE='2024-08-12T19:50:11.480376+00:00' AIRFLOW_CTX_TRY_NUMBER='1' AIRFLOW_CTX_DAG_RUN_ID='manual__2024-08-12T19:50:11.480376+00:00'
[2024-08-12T19:54:24.623+0000] {external_task.py:244} INFO - Poking for tasks ['optimize_and_register_best_classifier'] in dag quarterly_retrain on 2024-07-31T19:50:11.480376+00:00 ... 
[2024-08-12T19:54:24.650+0000] {taskinstance.py:1895} INFO - Rescheduling task, marking task as UP_FOR_RESCHEDULE
[2024-08-12T19:54:24.663+0000] {local_task_job_runner.py:228} INFO - Task exited with return code 0
[2024-08-12T19:54:24.680+0000] {taskinstance.py:2776} INFO - 0 downstream tasks scheduled from follow-on schedule check
[2024-08-12T19:55:28.697+0000] {taskinstance.py:1157} INFO - Dependencies all met for dep_context=non-requeueable deps ti=<TaskInstance: monthly_prediction.wait_for_retrain manual__2024-08-12T19:50:11.480376+00:00 [queued]>
[2024-08-12T19:55:28.710+0000] {taskinstance.py:1157} INFO - Dependencies all met for dep_context=requeueable deps ti=<TaskInstance: monthly_prediction.wait_for_retrain manual__2024-08-12T19:50:11.480376+00:00 [queued]>
[2024-08-12T19:55:28.711+0000] {taskinstance.py:1359} INFO - Starting attempt 1 of 1
[2024-08-12T19:55:28.721+0000] {taskinstance.py:1380} INFO - Executing <Task(ExternalTaskSensor): wait_for_retrain> on 2024-08-12 19:50:11.480376+00:00
[2024-08-12T19:55:28.730+0000] {standard_task_runner.py:57} INFO - Started process 10391 to run task
[2024-08-12T19:55:28.734+0000] {standard_task_runner.py:84} INFO - Running: ['***', 'tasks', 'run', 'monthly_prediction', 'wait_for_retrain', 'manual__2024-08-12T19:50:11.480376+00:00', '--job-id', '780', '--raw', '--subdir', 'DAGS_FOLDER/monthly_prediction.py', '--cfg-path', '/tmp/tmphj88_na5']
[2024-08-12T19:55:28.738+0000] {standard_task_runner.py:85} INFO - Job 780: Subtask wait_for_retrain
[2024-08-12T19:55:29.020+0000] {task_command.py:415} INFO - Running <TaskInstance: monthly_prediction.wait_for_retrain manual__2024-08-12T19:50:11.480376+00:00 [running]> on host a9166c5dc5ae
[2024-08-12T19:55:29.076+0000] {taskinstance.py:1660} INFO - Exporting env vars: AIRFLOW_CTX_DAG_OWNER='***' AIRFLOW_CTX_DAG_ID='monthly_prediction' AIRFLOW_CTX_TASK_ID='wait_for_retrain' AIRFLOW_CTX_EXECUTION_DATE='2024-08-12T19:50:11.480376+00:00' AIRFLOW_CTX_TRY_NUMBER='1' AIRFLOW_CTX_DAG_RUN_ID='manual__2024-08-12T19:50:11.480376+00:00'
[2024-08-12T19:55:29.083+0000] {external_task.py:244} INFO - Poking for tasks ['optimize_and_register_best_classifier'] in dag quarterly_retrain on 2024-07-31T19:50:11.480376+00:00 ... 
[2024-08-12T19:55:29.107+0000] {taskinstance.py:1895} INFO - Rescheduling task, marking task as UP_FOR_RESCHEDULE
[2024-08-12T19:55:29.134+0000] {local_task_job_runner.py:228} INFO - Task exited with return code 0
[2024-08-12T19:55:29.150+0000] {taskinstance.py:2776} INFO - 0 downstream tasks scheduled from follow-on schedule check
[2024-08-12T19:56:32.793+0000] {taskinstance.py:1157} INFO - Dependencies all met for dep_context=non-requeueable deps ti=<TaskInstance: monthly_prediction.wait_for_retrain manual__2024-08-12T19:50:11.480376+00:00 [queued]>
[2024-08-12T19:56:32.804+0000] {taskinstance.py:1157} INFO - Dependencies all met for dep_context=requeueable deps ti=<TaskInstance: monthly_prediction.wait_for_retrain manual__2024-08-12T19:50:11.480376+00:00 [queued]>
[2024-08-12T19:56:32.804+0000] {taskinstance.py:1359} INFO - Starting attempt 1 of 1
[2024-08-12T19:56:32.818+0000] {taskinstance.py:1380} INFO - Executing <Task(ExternalTaskSensor): wait_for_retrain> on 2024-08-12 19:50:11.480376+00:00
[2024-08-12T19:56:32.824+0000] {standard_task_runner.py:57} INFO - Started process 10647 to run task
[2024-08-12T19:56:32.827+0000] {standard_task_runner.py:84} INFO - Running: ['***', 'tasks', 'run', 'monthly_prediction', 'wait_for_retrain', 'manual__2024-08-12T19:50:11.480376+00:00', '--job-id', '793', '--raw', '--subdir', 'DAGS_FOLDER/monthly_prediction.py', '--cfg-path', '/tmp/tmpzxzpffvo']
[2024-08-12T19:56:32.830+0000] {standard_task_runner.py:85} INFO - Job 793: Subtask wait_for_retrain
[2024-08-12T19:56:33.080+0000] {task_command.py:415} INFO - Running <TaskInstance: monthly_prediction.wait_for_retrain manual__2024-08-12T19:50:11.480376+00:00 [running]> on host a9166c5dc5ae
[2024-08-12T19:56:33.147+0000] {taskinstance.py:1660} INFO - Exporting env vars: AIRFLOW_CTX_DAG_OWNER='***' AIRFLOW_CTX_DAG_ID='monthly_prediction' AIRFLOW_CTX_TASK_ID='wait_for_retrain' AIRFLOW_CTX_EXECUTION_DATE='2024-08-12T19:50:11.480376+00:00' AIRFLOW_CTX_TRY_NUMBER='1' AIRFLOW_CTX_DAG_RUN_ID='manual__2024-08-12T19:50:11.480376+00:00'
[2024-08-12T19:56:33.161+0000] {external_task.py:244} INFO - Poking for tasks ['optimize_and_register_best_classifier'] in dag quarterly_retrain on 2024-07-31T19:50:11.480376+00:00 ... 
[2024-08-12T19:56:33.203+0000] {taskinstance.py:1895} INFO - Rescheduling task, marking task as UP_FOR_RESCHEDULE
[2024-08-12T19:56:33.253+0000] {local_task_job_runner.py:228} INFO - Task exited with return code 0
[2024-08-12T19:56:33.279+0000] {taskinstance.py:2776} INFO - 0 downstream tasks scheduled from follow-on schedule check
[2024-08-12T19:57:40.998+0000] {taskinstance.py:1157} INFO - Dependencies all met for dep_context=non-requeueable deps ti=<TaskInstance: monthly_prediction.wait_for_retrain manual__2024-08-12T19:50:11.480376+00:00 [queued]>
[2024-08-12T19:57:41.024+0000] {taskinstance.py:1157} INFO - Dependencies all met for dep_context=requeueable deps ti=<TaskInstance: monthly_prediction.wait_for_retrain manual__2024-08-12T19:50:11.480376+00:00 [queued]>
[2024-08-12T19:57:41.025+0000] {taskinstance.py:1359} INFO - Starting attempt 1 of 1
[2024-08-12T19:57:41.047+0000] {taskinstance.py:1380} INFO - Executing <Task(ExternalTaskSensor): wait_for_retrain> on 2024-08-12 19:50:11.480376+00:00
[2024-08-12T19:57:41.061+0000] {standard_task_runner.py:57} INFO - Started process 10944 to run task
[2024-08-12T19:57:41.067+0000] {standard_task_runner.py:84} INFO - Running: ['***', 'tasks', 'run', 'monthly_prediction', 'wait_for_retrain', 'manual__2024-08-12T19:50:11.480376+00:00', '--job-id', '811', '--raw', '--subdir', 'DAGS_FOLDER/monthly_prediction.py', '--cfg-path', '/tmp/tmpcm1sw2bt']
[2024-08-12T19:57:41.072+0000] {standard_task_runner.py:85} INFO - Job 811: Subtask wait_for_retrain
[2024-08-12T19:57:41.508+0000] {task_command.py:415} INFO - Running <TaskInstance: monthly_prediction.wait_for_retrain manual__2024-08-12T19:50:11.480376+00:00 [running]> on host a9166c5dc5ae
[2024-08-12T19:57:41.603+0000] {taskinstance.py:1660} INFO - Exporting env vars: AIRFLOW_CTX_DAG_OWNER='***' AIRFLOW_CTX_DAG_ID='monthly_prediction' AIRFLOW_CTX_TASK_ID='wait_for_retrain' AIRFLOW_CTX_EXECUTION_DATE='2024-08-12T19:50:11.480376+00:00' AIRFLOW_CTX_TRY_NUMBER='1' AIRFLOW_CTX_DAG_RUN_ID='manual__2024-08-12T19:50:11.480376+00:00'
[2024-08-12T19:57:41.617+0000] {external_task.py:244} INFO - Poking for tasks ['optimize_and_register_best_classifier'] in dag quarterly_retrain on 2024-07-31T19:50:11.480376+00:00 ... 
[2024-08-12T19:57:41.654+0000] {taskinstance.py:1895} INFO - Rescheduling task, marking task as UP_FOR_RESCHEDULE
[2024-08-12T19:57:41.703+0000] {local_task_job_runner.py:228} INFO - Task exited with return code 0
[2024-08-12T19:57:41.785+0000] {taskinstance.py:2776} INFO - 0 downstream tasks scheduled from follow-on schedule check
[2024-08-12T19:58:43.846+0000] {taskinstance.py:1157} INFO - Dependencies all met for dep_context=non-requeueable deps ti=<TaskInstance: monthly_prediction.wait_for_retrain manual__2024-08-12T19:50:11.480376+00:00 [queued]>
[2024-08-12T19:58:43.858+0000] {taskinstance.py:1157} INFO - Dependencies all met for dep_context=requeueable deps ti=<TaskInstance: monthly_prediction.wait_for_retrain manual__2024-08-12T19:50:11.480376+00:00 [queued]>
[2024-08-12T19:58:43.858+0000] {taskinstance.py:1359} INFO - Starting attempt 1 of 1
[2024-08-12T19:58:43.873+0000] {taskinstance.py:1380} INFO - Executing <Task(ExternalTaskSensor): wait_for_retrain> on 2024-08-12 19:50:11.480376+00:00
[2024-08-12T19:58:43.885+0000] {standard_task_runner.py:57} INFO - Started process 11095 to run task
[2024-08-12T19:58:43.890+0000] {standard_task_runner.py:84} INFO - Running: ['***', 'tasks', 'run', 'monthly_prediction', 'wait_for_retrain', 'manual__2024-08-12T19:50:11.480376+00:00', '--job-id', '818', '--raw', '--subdir', 'DAGS_FOLDER/monthly_prediction.py', '--cfg-path', '/tmp/tmp3l_o8422']
[2024-08-12T19:58:43.896+0000] {standard_task_runner.py:85} INFO - Job 818: Subtask wait_for_retrain
[2024-08-12T19:58:44.222+0000] {task_command.py:415} INFO - Running <TaskInstance: monthly_prediction.wait_for_retrain manual__2024-08-12T19:50:11.480376+00:00 [running]> on host a9166c5dc5ae
[2024-08-12T19:58:44.294+0000] {taskinstance.py:1660} INFO - Exporting env vars: AIRFLOW_CTX_DAG_OWNER='***' AIRFLOW_CTX_DAG_ID='monthly_prediction' AIRFLOW_CTX_TASK_ID='wait_for_retrain' AIRFLOW_CTX_EXECUTION_DATE='2024-08-12T19:50:11.480376+00:00' AIRFLOW_CTX_TRY_NUMBER='1' AIRFLOW_CTX_DAG_RUN_ID='manual__2024-08-12T19:50:11.480376+00:00'
[2024-08-12T19:58:44.308+0000] {external_task.py:244} INFO - Poking for tasks ['optimize_and_register_best_classifier'] in dag quarterly_retrain on 2024-07-31T19:50:11.480376+00:00 ... 
[2024-08-12T19:58:44.345+0000] {taskinstance.py:1895} INFO - Rescheduling task, marking task as UP_FOR_RESCHEDULE
[2024-08-12T19:58:44.361+0000] {local_task_job_runner.py:228} INFO - Task exited with return code 0
[2024-08-12T19:58:44.384+0000] {taskinstance.py:2776} INFO - 0 downstream tasks scheduled from follow-on schedule check
[2024-08-12T19:59:46.871+0000] {taskinstance.py:1157} INFO - Dependencies all met for dep_context=non-requeueable deps ti=<TaskInstance: monthly_prediction.wait_for_retrain manual__2024-08-12T19:50:11.480376+00:00 [queued]>
[2024-08-12T19:59:46.878+0000] {taskinstance.py:1157} INFO - Dependencies all met for dep_context=requeueable deps ti=<TaskInstance: monthly_prediction.wait_for_retrain manual__2024-08-12T19:50:11.480376+00:00 [queued]>
[2024-08-12T19:59:46.879+0000] {taskinstance.py:1359} INFO - Starting attempt 1 of 1
[2024-08-12T19:59:46.888+0000] {taskinstance.py:1380} INFO - Executing <Task(ExternalTaskSensor): wait_for_retrain> on 2024-08-12 19:50:11.480376+00:00
[2024-08-12T19:59:46.895+0000] {standard_task_runner.py:57} INFO - Started process 11255 to run task
[2024-08-12T19:59:46.899+0000] {standard_task_runner.py:84} INFO - Running: ['***', 'tasks', 'run', 'monthly_prediction', 'wait_for_retrain', 'manual__2024-08-12T19:50:11.480376+00:00', '--job-id', '825', '--raw', '--subdir', 'DAGS_FOLDER/monthly_prediction.py', '--cfg-path', '/tmp/tmpd7r7lj5a']
[2024-08-12T19:59:46.903+0000] {standard_task_runner.py:85} INFO - Job 825: Subtask wait_for_retrain
[2024-08-12T19:59:47.371+0000] {task_command.py:415} INFO - Running <TaskInstance: monthly_prediction.wait_for_retrain manual__2024-08-12T19:50:11.480376+00:00 [running]> on host a9166c5dc5ae
[2024-08-12T19:59:47.474+0000] {taskinstance.py:1660} INFO - Exporting env vars: AIRFLOW_CTX_DAG_OWNER='***' AIRFLOW_CTX_DAG_ID='monthly_prediction' AIRFLOW_CTX_TASK_ID='wait_for_retrain' AIRFLOW_CTX_EXECUTION_DATE='2024-08-12T19:50:11.480376+00:00' AIRFLOW_CTX_TRY_NUMBER='1' AIRFLOW_CTX_DAG_RUN_ID='manual__2024-08-12T19:50:11.480376+00:00'
[2024-08-12T19:59:47.487+0000] {external_task.py:244} INFO - Poking for tasks ['optimize_and_register_best_classifier'] in dag quarterly_retrain on 2024-07-31T19:50:11.480376+00:00 ... 
[2024-08-12T19:59:47.515+0000] {taskinstance.py:1895} INFO - Rescheduling task, marking task as UP_FOR_RESCHEDULE
[2024-08-12T19:59:47.547+0000] {local_task_job_runner.py:228} INFO - Task exited with return code 0
[2024-08-12T19:59:47.570+0000] {taskinstance.py:2776} INFO - 0 downstream tasks scheduled from follow-on schedule check
[2024-08-12T20:00:49.892+0000] {taskinstance.py:1157} INFO - Dependencies all met for dep_context=non-requeueable deps ti=<TaskInstance: monthly_prediction.wait_for_retrain manual__2024-08-12T19:50:11.480376+00:00 [queued]>
[2024-08-12T20:00:49.897+0000] {taskinstance.py:1157} INFO - Dependencies all met for dep_context=requeueable deps ti=<TaskInstance: monthly_prediction.wait_for_retrain manual__2024-08-12T19:50:11.480376+00:00 [queued]>
[2024-08-12T20:00:49.897+0000] {taskinstance.py:1359} INFO - Starting attempt 1 of 1
[2024-08-12T20:00:49.905+0000] {taskinstance.py:1380} INFO - Executing <Task(ExternalTaskSensor): wait_for_retrain> on 2024-08-12 19:50:11.480376+00:00
[2024-08-12T20:00:49.911+0000] {standard_task_runner.py:57} INFO - Started process 11407 to run task
[2024-08-12T20:00:49.915+0000] {standard_task_runner.py:84} INFO - Running: ['***', 'tasks', 'run', 'monthly_prediction', 'wait_for_retrain', 'manual__2024-08-12T19:50:11.480376+00:00', '--job-id', '832', '--raw', '--subdir', 'DAGS_FOLDER/monthly_prediction.py', '--cfg-path', '/tmp/tmpf84glye3']
[2024-08-12T20:00:49.918+0000] {standard_task_runner.py:85} INFO - Job 832: Subtask wait_for_retrain
[2024-08-12T20:00:50.154+0000] {task_command.py:415} INFO - Running <TaskInstance: monthly_prediction.wait_for_retrain manual__2024-08-12T19:50:11.480376+00:00 [running]> on host a9166c5dc5ae
[2024-08-12T20:00:50.204+0000] {taskinstance.py:1660} INFO - Exporting env vars: AIRFLOW_CTX_DAG_OWNER='***' AIRFLOW_CTX_DAG_ID='monthly_prediction' AIRFLOW_CTX_TASK_ID='wait_for_retrain' AIRFLOW_CTX_EXECUTION_DATE='2024-08-12T19:50:11.480376+00:00' AIRFLOW_CTX_TRY_NUMBER='1' AIRFLOW_CTX_DAG_RUN_ID='manual__2024-08-12T19:50:11.480376+00:00'
[2024-08-12T20:00:50.216+0000] {external_task.py:244} INFO - Poking for tasks ['optimize_and_register_best_classifier'] in dag quarterly_retrain on 2024-07-31T19:50:11.480376+00:00 ... 
[2024-08-12T20:00:50.235+0000] {taskinstance.py:1935} ERROR - Task failed with exception
Traceback (most recent call last):
  File "/home/airflow/.local/lib/python3.8/site-packages/airflow/sensors/external_task.py", line 334, in execute
    super().execute(context)
  File "/home/airflow/.local/lib/python3.8/site-packages/airflow/sensors/base.py", line 274, in execute
    raise AirflowSensorTimeout(message)
airflow.exceptions.AirflowSensorTimeout: Sensor has timed out; run duration of 636.20395 seconds exceeds the specified timeout of 600.0.
[2024-08-12T20:00:50.244+0000] {taskinstance.py:1398} INFO - Immediate failure requested. Marking task as FAILED. dag_id=monthly_prediction, task_id=wait_for_retrain, execution_date=20240812T195011, start_date=20240812T200049, end_date=20240812T200050
[2024-08-12T20:00:50.252+0000] {standard_task_runner.py:104} ERROR - Failed to execute job 832 for task wait_for_retrain (Sensor has timed out; run duration of 636.20395 seconds exceeds the specified timeout of 600.0.; 11407)
[2024-08-12T20:00:50.264+0000] {local_task_job_runner.py:228} INFO - Task exited with return code 1
[2024-08-12T20:00:50.282+0000] {taskinstance.py:2776} INFO - 0 downstream tasks scheduled from follow-on schedule check
