[2024-08-12T18:04:56.824+0000] {taskinstance.py:1157} INFO - Dependencies all met for dep_context=non-requeueable deps ti=<TaskInstance: monthly_monitor.prep_data scheduled__2024-07-01T00:00:00+00:00 [queued]>
[2024-08-12T18:04:56.832+0000] {taskinstance.py:1157} INFO - Dependencies all met for dep_context=requeueable deps ti=<TaskInstance: monthly_monitor.prep_data scheduled__2024-07-01T00:00:00+00:00 [queued]>
[2024-08-12T18:04:56.835+0000] {taskinstance.py:1359} INFO - Starting attempt 1 of 1
[2024-08-12T18:04:56.880+0000] {taskinstance.py:1380} INFO - Executing <Task(_PythonDecoratedOperator): prep_data> on 2024-07-01 00:00:00+00:00
[2024-08-12T18:04:56.915+0000] {standard_task_runner.py:57} INFO - Started process 7958 to run task
[2024-08-12T18:04:56.927+0000] {standard_task_runner.py:84} INFO - Running: ['***', 'tasks', 'run', 'monthly_monitor', 'prep_data', 'scheduled__2024-07-01T00:00:00+00:00', '--job-id', '216', '--raw', '--subdir', 'DAGS_FOLDER/monitor.py', '--cfg-path', '/tmp/tmpqxbldn5u']
[2024-08-12T18:04:56.931+0000] {standard_task_runner.py:85} INFO - Job 216: Subtask prep_data
[2024-08-12T18:04:57.057+0000] {task_command.py:415} INFO - Running <TaskInstance: monthly_monitor.prep_data scheduled__2024-07-01T00:00:00+00:00 [running]> on host a9166c5dc5ae
[2024-08-12T18:04:57.144+0000] {taskinstance.py:1660} INFO - Exporting env vars: AIRFLOW_CTX_DAG_OWNER='***' AIRFLOW_CTX_DAG_ID='monthly_monitor' AIRFLOW_CTX_TASK_ID='prep_data' AIRFLOW_CTX_EXECUTION_DATE='2024-07-01T00:00:00+00:00' AIRFLOW_CTX_TRY_NUMBER='1' AIRFLOW_CTX_DAG_RUN_ID='scheduled__2024-07-01T00:00:00+00:00'
[2024-08-12T18:04:57.154+0000] {taskinstance.py:1935} ERROR - Task failed with exception
Traceback (most recent call last):
  File "/home/airflow/.local/lib/python3.8/site-packages/airflow/decorators/base.py", line 221, in execute
    return_value = super().execute(context)
  File "/home/airflow/.local/lib/python3.8/site-packages/airflow/operators/python.py", line 192, in execute
    return_value = self.execute_callable()
  File "/home/airflow/.local/lib/python3.8/site-packages/airflow/operators/python.py", line 209, in execute_callable
    return self.python_callable(*self.op_args, **self.op_kwargs)
  File "/opt/airflow/dags/monitor.py", line 65, in prep_data
    previous_month = (month_end + pd.offsets.MonthEnd(-1))
TypeError: can only concatenate str (not "pandas._libs.tslibs.offsets.MonthEnd") to str
[2024-08-12T18:04:57.168+0000] {taskinstance.py:1398} INFO - Marking task as FAILED. dag_id=monthly_monitor, task_id=prep_data, execution_date=20240701T000000, start_date=20240812T180456, end_date=20240812T180457
[2024-08-12T18:04:57.182+0000] {standard_task_runner.py:104} ERROR - Failed to execute job 216 for task prep_data (can only concatenate str (not "pandas._libs.tslibs.offsets.MonthEnd") to str; 7958)
[2024-08-12T18:04:57.232+0000] {local_task_job_runner.py:228} INFO - Task exited with return code 1
[2024-08-12T18:04:57.261+0000] {taskinstance.py:2776} INFO - 0 downstream tasks scheduled from follow-on schedule check
[2024-08-12T18:13:56.766+0000] {taskinstance.py:1157} INFO - Dependencies all met for dep_context=non-requeueable deps ti=<TaskInstance: monthly_monitor.prep_data scheduled__2024-07-01T00:00:00+00:00 [queued]>
[2024-08-12T18:13:56.806+0000] {taskinstance.py:1157} INFO - Dependencies all met for dep_context=requeueable deps ti=<TaskInstance: monthly_monitor.prep_data scheduled__2024-07-01T00:00:00+00:00 [queued]>
[2024-08-12T18:13:56.840+0000] {taskinstance.py:1359} INFO - Starting attempt 1 of 1
[2024-08-12T18:13:57.018+0000] {taskinstance.py:1380} INFO - Executing <Task(_PythonDecoratedOperator): prep_data> on 2024-07-01 00:00:00+00:00
[2024-08-12T18:13:57.122+0000] {standard_task_runner.py:57} INFO - Started process 9342 to run task
[2024-08-12T18:13:57.130+0000] {standard_task_runner.py:84} INFO - Running: ['***', 'tasks', 'run', 'monthly_monitor', 'prep_data', 'scheduled__2024-07-01T00:00:00+00:00', '--job-id', '269', '--raw', '--subdir', 'DAGS_FOLDER/monitor.py', '--cfg-path', '/tmp/tmp5w9i5zbt']
[2024-08-12T18:13:57.189+0000] {standard_task_runner.py:85} INFO - Job 269: Subtask prep_data
[2024-08-12T18:13:57.555+0000] {task_command.py:415} INFO - Running <TaskInstance: monthly_monitor.prep_data scheduled__2024-07-01T00:00:00+00:00 [running]> on host a9166c5dc5ae
[2024-08-12T18:13:58.225+0000] {taskinstance.py:1660} INFO - Exporting env vars: AIRFLOW_CTX_DAG_OWNER='***' AIRFLOW_CTX_DAG_ID='monthly_monitor' AIRFLOW_CTX_TASK_ID='prep_data' AIRFLOW_CTX_EXECUTION_DATE='2024-07-01T00:00:00+00:00' AIRFLOW_CTX_TRY_NUMBER='1' AIRFLOW_CTX_DAG_RUN_ID='scheduled__2024-07-01T00:00:00+00:00'
[2024-08-12T18:14:01.635+0000] {python.py:194} INFO - Done. Returned value was: ('2024-06-30', 1.0, 0)
[2024-08-12T18:14:01.793+0000] {taskinstance.py:1398} INFO - Marking task as SUCCESS. dag_id=monthly_monitor, task_id=prep_data, execution_date=20240701T000000, start_date=20240812T181356, end_date=20240812T181401
[2024-08-12T18:14:02.105+0000] {local_task_job_runner.py:228} INFO - Task exited with return code 0
[2024-08-12T18:14:02.626+0000] {taskinstance.py:2776} INFO - 0 downstream tasks scheduled from follow-on schedule check
[2024-08-12T19:19:26.776+0000] {taskinstance.py:1157} INFO - Dependencies all met for dep_context=non-requeueable deps ti=<TaskInstance: monthly_monitor.prep_data scheduled__2024-07-01T00:00:00+00:00 [queued]>
[2024-08-12T19:19:26.955+0000] {taskinstance.py:1157} INFO - Dependencies all met for dep_context=requeueable deps ti=<TaskInstance: monthly_monitor.prep_data scheduled__2024-07-01T00:00:00+00:00 [queued]>
[2024-08-12T19:19:26.961+0000] {taskinstance.py:1359} INFO - Starting attempt 1 of 1
[2024-08-12T19:19:27.200+0000] {taskinstance.py:1380} INFO - Executing <Task(_PythonDecoratedOperator): prep_data> on 2024-07-01 00:00:00+00:00
[2024-08-12T19:19:27.364+0000] {standard_task_runner.py:57} INFO - Started process 3580 to run task
[2024-08-12T19:19:27.389+0000] {standard_task_runner.py:84} INFO - Running: ['***', 'tasks', 'run', 'monthly_monitor', 'prep_data', 'scheduled__2024-07-01T00:00:00+00:00', '--job-id', '444', '--raw', '--subdir', 'DAGS_FOLDER/monitor.py', '--cfg-path', '/tmp/tmph15pjvsb']
[2024-08-12T19:19:27.672+0000] {standard_task_runner.py:85} INFO - Job 444: Subtask prep_data
[2024-08-12T19:19:28.015+0000] {task_command.py:415} INFO - Running <TaskInstance: monthly_monitor.prep_data scheduled__2024-07-01T00:00:00+00:00 [running]> on host a9166c5dc5ae
[2024-08-12T19:19:28.728+0000] {taskinstance.py:1660} INFO - Exporting env vars: AIRFLOW_CTX_DAG_OWNER='***' AIRFLOW_CTX_DAG_ID='monthly_monitor' AIRFLOW_CTX_TASK_ID='prep_data' AIRFLOW_CTX_EXECUTION_DATE='2024-07-01T00:00:00+00:00' AIRFLOW_CTX_TRY_NUMBER='1' AIRFLOW_CTX_DAG_RUN_ID='scheduled__2024-07-01T00:00:00+00:00'
[2024-08-12T19:19:32.807+0000] {python.py:194} INFO - Done. Returned value was: ('2024-06-30', 1.0, 0, 0.0)
[2024-08-12T19:19:32.971+0000] {taskinstance.py:1398} INFO - Marking task as SUCCESS. dag_id=monthly_monitor, task_id=prep_data, execution_date=20240701T000000, start_date=20240812T191926, end_date=20240812T191932
[2024-08-12T19:19:33.204+0000] {local_task_job_runner.py:228} INFO - Task exited with return code 0
[2024-08-12T19:19:33.323+0000] {taskinstance.py:2776} INFO - 1 downstream tasks scheduled from follow-on schedule check
[2024-08-12T19:22:04.916+0000] {taskinstance.py:1157} INFO - Dependencies all met for dep_context=non-requeueable deps ti=<TaskInstance: monthly_monitor.prep_data scheduled__2024-07-01T00:00:00+00:00 [queued]>
[2024-08-12T19:22:04.952+0000] {taskinstance.py:1157} INFO - Dependencies all met for dep_context=requeueable deps ti=<TaskInstance: monthly_monitor.prep_data scheduled__2024-07-01T00:00:00+00:00 [queued]>
[2024-08-12T19:22:04.954+0000] {taskinstance.py:1359} INFO - Starting attempt 1 of 1
[2024-08-12T19:22:05.001+0000] {taskinstance.py:1380} INFO - Executing <Task(_PythonDecoratedOperator): prep_data> on 2024-07-01 00:00:00+00:00
[2024-08-12T19:22:05.025+0000] {standard_task_runner.py:57} INFO - Started process 4276 to run task
[2024-08-12T19:22:05.031+0000] {standard_task_runner.py:84} INFO - Running: ['***', 'tasks', 'run', 'monthly_monitor', 'prep_data', 'scheduled__2024-07-01T00:00:00+00:00', '--job-id', '491', '--raw', '--subdir', 'DAGS_FOLDER/monitor.py', '--cfg-path', '/tmp/tmpf18e1pfo']
[2024-08-12T19:22:05.052+0000] {standard_task_runner.py:85} INFO - Job 491: Subtask prep_data
[2024-08-12T19:22:05.334+0000] {task_command.py:415} INFO - Running <TaskInstance: monthly_monitor.prep_data scheduled__2024-07-01T00:00:00+00:00 [running]> on host a9166c5dc5ae
[2024-08-12T19:22:05.507+0000] {taskinstance.py:1660} INFO - Exporting env vars: AIRFLOW_CTX_DAG_OWNER='***' AIRFLOW_CTX_DAG_ID='monthly_monitor' AIRFLOW_CTX_TASK_ID='prep_data' AIRFLOW_CTX_EXECUTION_DATE='2024-07-01T00:00:00+00:00' AIRFLOW_CTX_TRY_NUMBER='1' AIRFLOW_CTX_DAG_RUN_ID='scheduled__2024-07-01T00:00:00+00:00'
[2024-08-12T19:22:07.520+0000] {python.py:194} INFO - Done. Returned value was: ('2024-06-30', 1.0, 0, 0.0)
[2024-08-12T19:22:07.703+0000] {taskinstance.py:1398} INFO - Marking task as SUCCESS. dag_id=monthly_monitor, task_id=prep_data, execution_date=20240701T000000, start_date=20240812T192204, end_date=20240812T192207
[2024-08-12T19:22:07.859+0000] {local_task_job_runner.py:228} INFO - Task exited with return code 0
[2024-08-12T19:22:08.057+0000] {taskinstance.py:2776} INFO - 1 downstream tasks scheduled from follow-on schedule check
[2024-08-12T19:27:13.401+0000] {taskinstance.py:1157} INFO - Dependencies all met for dep_context=non-requeueable deps ti=<TaskInstance: monthly_monitor.prep_data scheduled__2024-07-01T00:00:00+00:00 [queued]>
[2024-08-12T19:27:13.439+0000] {taskinstance.py:1157} INFO - Dependencies all met for dep_context=requeueable deps ti=<TaskInstance: monthly_monitor.prep_data scheduled__2024-07-01T00:00:00+00:00 [queued]>
[2024-08-12T19:27:13.448+0000] {taskinstance.py:1359} INFO - Starting attempt 1 of 1
[2024-08-12T19:27:13.505+0000] {taskinstance.py:1380} INFO - Executing <Task(_PythonDecoratedOperator): prep_data> on 2024-07-01 00:00:00+00:00
[2024-08-12T19:27:13.555+0000] {standard_task_runner.py:57} INFO - Started process 5253 to run task
[2024-08-12T19:27:13.629+0000] {standard_task_runner.py:84} INFO - Running: ['***', 'tasks', 'run', 'monthly_monitor', 'prep_data', 'scheduled__2024-07-01T00:00:00+00:00', '--job-id', '536', '--raw', '--subdir', 'DAGS_FOLDER/monitor.py', '--cfg-path', '/tmp/tmpemd9a1uf']
[2024-08-12T19:27:13.655+0000] {standard_task_runner.py:85} INFO - Job 536: Subtask prep_data
[2024-08-12T19:27:13.916+0000] {task_command.py:415} INFO - Running <TaskInstance: monthly_monitor.prep_data scheduled__2024-07-01T00:00:00+00:00 [running]> on host a9166c5dc5ae
[2024-08-12T19:27:14.420+0000] {taskinstance.py:1660} INFO - Exporting env vars: AIRFLOW_CTX_DAG_OWNER='***' AIRFLOW_CTX_DAG_ID='monthly_monitor' AIRFLOW_CTX_TASK_ID='prep_data' AIRFLOW_CTX_EXECUTION_DATE='2024-07-01T00:00:00+00:00' AIRFLOW_CTX_TRY_NUMBER='1' AIRFLOW_CTX_DAG_RUN_ID='scheduled__2024-07-01T00:00:00+00:00'
[2024-08-12T19:27:17.328+0000] {python.py:194} INFO - Done. Returned value was: ('2024-06-30', 1.0, 0, 0.0)
[2024-08-12T19:27:17.616+0000] {taskinstance.py:1398} INFO - Marking task as SUCCESS. dag_id=monthly_monitor, task_id=prep_data, execution_date=20240701T000000, start_date=20240812T192713, end_date=20240812T192717
[2024-08-12T19:27:17.763+0000] {local_task_job_runner.py:228} INFO - Task exited with return code 0
[2024-08-12T19:27:18.224+0000] {taskinstance.py:2776} INFO - 0 downstream tasks scheduled from follow-on schedule check
[2024-08-12T19:28:37.490+0000] {taskinstance.py:1157} INFO - Dependencies all met for dep_context=non-requeueable deps ti=<TaskInstance: monthly_monitor.prep_data scheduled__2024-07-01T00:00:00+00:00 [queued]>
[2024-08-12T19:28:37.502+0000] {taskinstance.py:1157} INFO - Dependencies all met for dep_context=requeueable deps ti=<TaskInstance: monthly_monitor.prep_data scheduled__2024-07-01T00:00:00+00:00 [queued]>
[2024-08-12T19:28:37.513+0000] {taskinstance.py:1359} INFO - Starting attempt 1 of 1
[2024-08-12T19:28:37.539+0000] {taskinstance.py:1380} INFO - Executing <Task(_PythonDecoratedOperator): prep_data> on 2024-07-01 00:00:00+00:00
[2024-08-12T19:28:37.553+0000] {standard_task_runner.py:57} INFO - Started process 5764 to run task
[2024-08-12T19:28:37.556+0000] {standard_task_runner.py:84} INFO - Running: ['***', 'tasks', 'run', 'monthly_monitor', 'prep_data', 'scheduled__2024-07-01T00:00:00+00:00', '--job-id', '573', '--raw', '--subdir', 'DAGS_FOLDER/monitor.py', '--cfg-path', '/tmp/tmpcox4hb_c']
[2024-08-12T19:28:37.593+0000] {standard_task_runner.py:85} INFO - Job 573: Subtask prep_data
[2024-08-12T19:28:37.786+0000] {task_command.py:415} INFO - Running <TaskInstance: monthly_monitor.prep_data scheduled__2024-07-01T00:00:00+00:00 [running]> on host a9166c5dc5ae
[2024-08-12T19:28:38.084+0000] {taskinstance.py:1660} INFO - Exporting env vars: AIRFLOW_CTX_DAG_OWNER='***' AIRFLOW_CTX_DAG_ID='monthly_monitor' AIRFLOW_CTX_TASK_ID='prep_data' AIRFLOW_CTX_EXECUTION_DATE='2024-07-01T00:00:00+00:00' AIRFLOW_CTX_TRY_NUMBER='1' AIRFLOW_CTX_DAG_RUN_ID='scheduled__2024-07-01T00:00:00+00:00'
[2024-08-12T19:28:39.695+0000] {python.py:194} INFO - Done. Returned value was: ('2024-06-30', 1.0, 0, 0.0)
[2024-08-12T19:28:39.838+0000] {taskinstance.py:1398} INFO - Marking task as SUCCESS. dag_id=monthly_monitor, task_id=prep_data, execution_date=20240701T000000, start_date=20240812T192837, end_date=20240812T192839
[2024-08-12T19:28:40.012+0000] {local_task_job_runner.py:228} INFO - Task exited with return code 0
[2024-08-12T19:28:40.066+0000] {taskinstance.py:2776} INFO - 1 downstream tasks scheduled from follow-on schedule check
[2024-08-12T20:10:13.257+0000] {taskinstance.py:1157} INFO - Dependencies all met for dep_context=non-requeueable deps ti=<TaskInstance: monthly_monitor.prep_data scheduled__2024-07-01T00:00:00+00:00 [queued]>
[2024-08-12T20:10:13.296+0000] {taskinstance.py:1157} INFO - Dependencies all met for dep_context=requeueable deps ti=<TaskInstance: monthly_monitor.prep_data scheduled__2024-07-01T00:00:00+00:00 [queued]>
[2024-08-12T20:10:13.297+0000] {taskinstance.py:1359} INFO - Starting attempt 1 of 1
[2024-08-12T20:10:13.379+0000] {taskinstance.py:1380} INFO - Executing <Task(_PythonDecoratedOperator): prep_data> on 2024-07-01 00:00:00+00:00
[2024-08-12T20:10:13.425+0000] {standard_task_runner.py:57} INFO - Started process 13202 to run task
[2024-08-12T20:10:13.436+0000] {standard_task_runner.py:84} INFO - Running: ['***', 'tasks', 'run', 'monthly_monitor', 'prep_data', 'scheduled__2024-07-01T00:00:00+00:00', '--job-id', '911', '--raw', '--subdir', 'DAGS_FOLDER/monitor.py', '--cfg-path', '/tmp/tmp7s3k9o1_']
[2024-08-12T20:10:13.457+0000] {standard_task_runner.py:85} INFO - Job 911: Subtask prep_data
[2024-08-12T20:10:13.768+0000] {task_command.py:415} INFO - Running <TaskInstance: monthly_monitor.prep_data scheduled__2024-07-01T00:00:00+00:00 [running]> on host a9166c5dc5ae
[2024-08-12T20:10:14.215+0000] {taskinstance.py:1660} INFO - Exporting env vars: AIRFLOW_CTX_DAG_OWNER='***' AIRFLOW_CTX_DAG_ID='monthly_monitor' AIRFLOW_CTX_TASK_ID='prep_data' AIRFLOW_CTX_EXECUTION_DATE='2024-07-01T00:00:00+00:00' AIRFLOW_CTX_TRY_NUMBER='1' AIRFLOW_CTX_DAG_RUN_ID='scheduled__2024-07-01T00:00:00+00:00'
[2024-08-12T20:10:15.954+0000] {python.py:194} INFO - Done. Returned value was: ('2024-06-30', 0.5971665587182828, 3, 0.0967741935483871)
[2024-08-12T20:10:15.980+0000] {taskinstance.py:1398} INFO - Marking task as SUCCESS. dag_id=monthly_monitor, task_id=prep_data, execution_date=20240701T000000, start_date=20240812T201013, end_date=20240812T201015
[2024-08-12T20:10:16.028+0000] {local_task_job_runner.py:228} INFO - Task exited with return code 0
[2024-08-12T20:10:16.063+0000] {taskinstance.py:2776} INFO - 1 downstream tasks scheduled from follow-on schedule check
