[2024-08-12T18:04:56.942+0000] {taskinstance.py:1157} INFO - Dependencies all met for dep_context=non-requeueable deps ti=<TaskInstance: monthly_monitor.create_db scheduled__2024-07-01T00:00:00+00:00 [queued]>
[2024-08-12T18:04:56.985+0000] {taskinstance.py:1157} INFO - Dependencies all met for dep_context=requeueable deps ti=<TaskInstance: monthly_monitor.create_db scheduled__2024-07-01T00:00:00+00:00 [queued]>
[2024-08-12T18:04:56.986+0000] {taskinstance.py:1359} INFO - Starting attempt 1 of 1
[2024-08-12T18:04:56.997+0000] {taskinstance.py:1380} INFO - Executing <Task(_PythonDecoratedOperator): create_db> on 2024-07-01 00:00:00+00:00
[2024-08-12T18:04:57.018+0000] {standard_task_runner.py:57} INFO - Started process 7963 to run task
[2024-08-12T18:04:57.029+0000] {standard_task_runner.py:84} INFO - Running: ['***', 'tasks', 'run', 'monthly_monitor', 'create_db', 'scheduled__2024-07-01T00:00:00+00:00', '--job-id', '220', '--raw', '--subdir', 'DAGS_FOLDER/monitor.py', '--cfg-path', '/tmp/tmpjloxz4ic']
[2024-08-12T18:04:57.036+0000] {standard_task_runner.py:85} INFO - Job 220: Subtask create_db
[2024-08-12T18:04:57.126+0000] {task_command.py:415} INFO - Running <TaskInstance: monthly_monitor.create_db scheduled__2024-07-01T00:00:00+00:00 [running]> on host a9166c5dc5ae
[2024-08-12T18:04:57.225+0000] {taskinstance.py:1660} INFO - Exporting env vars: AIRFLOW_CTX_DAG_OWNER='***' AIRFLOW_CTX_DAG_ID='monthly_monitor' AIRFLOW_CTX_TASK_ID='create_db' AIRFLOW_CTX_EXECUTION_DATE='2024-07-01T00:00:00+00:00' AIRFLOW_CTX_TRY_NUMBER='1' AIRFLOW_CTX_DAG_RUN_ID='scheduled__2024-07-01T00:00:00+00:00'
[2024-08-12T18:04:57.228+0000] {taskinstance.py:1935} ERROR - Task failed with exception
Traceback (most recent call last):
  File "/home/airflow/.local/lib/python3.8/site-packages/airflow/decorators/base.py", line 221, in execute
    return_value = super().execute(context)
  File "/home/airflow/.local/lib/python3.8/site-packages/airflow/operators/python.py", line 192, in execute
    return_value = self.execute_callable()
  File "/home/airflow/.local/lib/python3.8/site-packages/airflow/operators/python.py", line 209, in execute_callable
    return self.python_callable(*self.op_args, **self.op_kwargs)
  File "/opt/airflow/dags/monitor.py", line 31, in create_db
    conn = psycopg2.connect(**conn_params)
  File "/home/airflow/.local/lib/python3.8/site-packages/psycopg2/__init__.py", line 122, in connect
    conn = _connect(dsn, connection_factory=connection_factory, **kwasync)
psycopg2.OperationalError: connection to server at "localhost" (127.0.0.1), port 5432 failed: Connection refused
	Is the server running on that host and accepting TCP/IP connections?
connection to server at "localhost" (::1), port 5432 failed: Cannot assign requested address
	Is the server running on that host and accepting TCP/IP connections?

[2024-08-12T18:04:57.246+0000] {taskinstance.py:1398} INFO - Marking task as FAILED. dag_id=monthly_monitor, task_id=create_db, execution_date=20240701T000000, start_date=20240812T180456, end_date=20240812T180457
[2024-08-12T18:04:57.257+0000] {standard_task_runner.py:104} ERROR - Failed to execute job 220 for task create_db (connection to server at "localhost" (127.0.0.1), port 5432 failed: Connection refused
	Is the server running on that host and accepting TCP/IP connections?
connection to server at "localhost" (::1), port 5432 failed: Cannot assign requested address
	Is the server running on that host and accepting TCP/IP connections?
; 7963)
[2024-08-12T18:04:57.287+0000] {local_task_job_runner.py:228} INFO - Task exited with return code 1
[2024-08-12T18:04:57.304+0000] {taskinstance.py:2776} INFO - 0 downstream tasks scheduled from follow-on schedule check
[2024-08-12T18:13:58.576+0000] {taskinstance.py:1157} INFO - Dependencies all met for dep_context=non-requeueable deps ti=<TaskInstance: monthly_monitor.create_db scheduled__2024-07-01T00:00:00+00:00 [queued]>
[2024-08-12T18:13:58.601+0000] {taskinstance.py:1157} INFO - Dependencies all met for dep_context=requeueable deps ti=<TaskInstance: monthly_monitor.create_db scheduled__2024-07-01T00:00:00+00:00 [queued]>
[2024-08-12T18:13:58.615+0000] {taskinstance.py:1359} INFO - Starting attempt 1 of 1
[2024-08-12T18:13:58.709+0000] {taskinstance.py:1380} INFO - Executing <Task(_PythonDecoratedOperator): create_db> on 2024-07-01 00:00:00+00:00
[2024-08-12T18:13:58.764+0000] {standard_task_runner.py:57} INFO - Started process 9363 to run task
[2024-08-12T18:13:58.786+0000] {standard_task_runner.py:84} INFO - Running: ['***', 'tasks', 'run', 'monthly_monitor', 'create_db', 'scheduled__2024-07-01T00:00:00+00:00', '--job-id', '277', '--raw', '--subdir', 'DAGS_FOLDER/monitor.py', '--cfg-path', '/tmp/tmpk0kstglp']
[2024-08-12T18:13:58.798+0000] {standard_task_runner.py:85} INFO - Job 277: Subtask create_db
[2024-08-12T18:13:59.106+0000] {task_command.py:415} INFO - Running <TaskInstance: monthly_monitor.create_db scheduled__2024-07-01T00:00:00+00:00 [running]> on host a9166c5dc5ae
[2024-08-12T18:13:59.497+0000] {taskinstance.py:1660} INFO - Exporting env vars: AIRFLOW_CTX_DAG_OWNER='***' AIRFLOW_CTX_DAG_ID='monthly_monitor' AIRFLOW_CTX_TASK_ID='create_db' AIRFLOW_CTX_EXECUTION_DATE='2024-07-01T00:00:00+00:00' AIRFLOW_CTX_TRY_NUMBER='1' AIRFLOW_CTX_DAG_RUN_ID='scheduled__2024-07-01T00:00:00+00:00'
[2024-08-12T18:13:59.566+0000] {logging_mixin.py:151} INFO - churn database already created
[2024-08-12T18:13:59.572+0000] {python.py:194} INFO - Done. Returned value was: None
[2024-08-12T18:13:59.627+0000] {taskinstance.py:1398} INFO - Marking task as SUCCESS. dag_id=monthly_monitor, task_id=create_db, execution_date=20240701T000000, start_date=20240812T181358, end_date=20240812T181359
[2024-08-12T18:13:59.751+0000] {local_task_job_runner.py:228} INFO - Task exited with return code 0
[2024-08-12T18:14:00.068+0000] {taskinstance.py:2776} INFO - 0 downstream tasks scheduled from follow-on schedule check
[2024-08-12T19:19:25.872+0000] {taskinstance.py:1157} INFO - Dependencies all met for dep_context=non-requeueable deps ti=<TaskInstance: monthly_monitor.create_db scheduled__2024-07-01T00:00:00+00:00 [queued]>
[2024-08-12T19:19:25.993+0000] {taskinstance.py:1157} INFO - Dependencies all met for dep_context=requeueable deps ti=<TaskInstance: monthly_monitor.create_db scheduled__2024-07-01T00:00:00+00:00 [queued]>
[2024-08-12T19:19:25.998+0000] {taskinstance.py:1359} INFO - Starting attempt 1 of 1
[2024-08-12T19:19:26.132+0000] {taskinstance.py:1380} INFO - Executing <Task(_PythonDecoratedOperator): create_db> on 2024-07-01 00:00:00+00:00
[2024-08-12T19:19:26.345+0000] {standard_task_runner.py:57} INFO - Started process 3577 to run task
[2024-08-12T19:19:26.389+0000] {standard_task_runner.py:84} INFO - Running: ['***', 'tasks', 'run', 'monthly_monitor', 'create_db', 'scheduled__2024-07-01T00:00:00+00:00', '--job-id', '441', '--raw', '--subdir', 'DAGS_FOLDER/monitor.py', '--cfg-path', '/tmp/tmpwawbjht4']
[2024-08-12T19:19:26.474+0000] {standard_task_runner.py:85} INFO - Job 441: Subtask create_db
[2024-08-12T19:19:27.122+0000] {task_command.py:415} INFO - Running <TaskInstance: monthly_monitor.create_db scheduled__2024-07-01T00:00:00+00:00 [running]> on host a9166c5dc5ae
[2024-08-12T19:19:28.144+0000] {taskinstance.py:1660} INFO - Exporting env vars: AIRFLOW_CTX_DAG_OWNER='***' AIRFLOW_CTX_DAG_ID='monthly_monitor' AIRFLOW_CTX_TASK_ID='create_db' AIRFLOW_CTX_EXECUTION_DATE='2024-07-01T00:00:00+00:00' AIRFLOW_CTX_TRY_NUMBER='1' AIRFLOW_CTX_DAG_RUN_ID='scheduled__2024-07-01T00:00:00+00:00'
[2024-08-12T19:19:28.212+0000] {logging_mixin.py:151} INFO - churn database already created
[2024-08-12T19:19:28.228+0000] {python.py:194} INFO - Done. Returned value was: {'host': 'postgres', 'port': '5432', 'user': '***', 'password': '***', 'dbname': 'churn'}
[2024-08-12T19:19:28.723+0000] {taskinstance.py:1398} INFO - Marking task as SUCCESS. dag_id=monthly_monitor, task_id=create_db, execution_date=20240701T000000, start_date=20240812T191925, end_date=20240812T191928
[2024-08-12T19:19:28.876+0000] {local_task_job_runner.py:228} INFO - Task exited with return code 0
[2024-08-12T19:19:29.008+0000] {taskinstance.py:2776} INFO - 1 downstream tasks scheduled from follow-on schedule check
[2024-08-12T19:22:03.521+0000] {taskinstance.py:1157} INFO - Dependencies all met for dep_context=non-requeueable deps ti=<TaskInstance: monthly_monitor.create_db scheduled__2024-07-01T00:00:00+00:00 [queued]>
[2024-08-12T19:22:03.571+0000] {taskinstance.py:1157} INFO - Dependencies all met for dep_context=requeueable deps ti=<TaskInstance: monthly_monitor.create_db scheduled__2024-07-01T00:00:00+00:00 [queued]>
[2024-08-12T19:22:03.572+0000] {taskinstance.py:1359} INFO - Starting attempt 1 of 1
[2024-08-12T19:22:03.588+0000] {taskinstance.py:1380} INFO - Executing <Task(_PythonDecoratedOperator): create_db> on 2024-07-01 00:00:00+00:00
[2024-08-12T19:22:03.606+0000] {standard_task_runner.py:57} INFO - Started process 4264 to run task
[2024-08-12T19:22:03.637+0000] {standard_task_runner.py:84} INFO - Running: ['***', 'tasks', 'run', 'monthly_monitor', 'create_db', 'scheduled__2024-07-01T00:00:00+00:00', '--job-id', '487', '--raw', '--subdir', 'DAGS_FOLDER/monitor.py', '--cfg-path', '/tmp/tmp_mm7fwco']
[2024-08-12T19:22:03.653+0000] {standard_task_runner.py:85} INFO - Job 487: Subtask create_db
[2024-08-12T19:22:03.890+0000] {task_command.py:415} INFO - Running <TaskInstance: monthly_monitor.create_db scheduled__2024-07-01T00:00:00+00:00 [running]> on host a9166c5dc5ae
[2024-08-12T19:22:04.609+0000] {taskinstance.py:1660} INFO - Exporting env vars: AIRFLOW_CTX_DAG_OWNER='***' AIRFLOW_CTX_DAG_ID='monthly_monitor' AIRFLOW_CTX_TASK_ID='create_db' AIRFLOW_CTX_EXECUTION_DATE='2024-07-01T00:00:00+00:00' AIRFLOW_CTX_TRY_NUMBER='1' AIRFLOW_CTX_DAG_RUN_ID='scheduled__2024-07-01T00:00:00+00:00'
[2024-08-12T19:22:04.749+0000] {logging_mixin.py:151} INFO - churn database already created
[2024-08-12T19:22:04.753+0000] {python.py:194} INFO - Done. Returned value was: {'host': 'postgres', 'port': '5432', 'user': '***', 'password': '***', 'dbname': 'churn'}
[2024-08-12T19:22:04.864+0000] {taskinstance.py:1398} INFO - Marking task as SUCCESS. dag_id=monthly_monitor, task_id=create_db, execution_date=20240701T000000, start_date=20240812T192203, end_date=20240812T192204
[2024-08-12T19:22:04.950+0000] {local_task_job_runner.py:228} INFO - Task exited with return code 0
[2024-08-12T19:22:05.056+0000] {taskinstance.py:2776} INFO - 1 downstream tasks scheduled from follow-on schedule check
[2024-08-12T19:27:13.898+0000] {taskinstance.py:1157} INFO - Dependencies all met for dep_context=non-requeueable deps ti=<TaskInstance: monthly_monitor.create_db scheduled__2024-07-01T00:00:00+00:00 [queued]>
[2024-08-12T19:27:13.935+0000] {taskinstance.py:1157} INFO - Dependencies all met for dep_context=requeueable deps ti=<TaskInstance: monthly_monitor.create_db scheduled__2024-07-01T00:00:00+00:00 [queued]>
[2024-08-12T19:27:13.949+0000] {taskinstance.py:1359} INFO - Starting attempt 1 of 1
[2024-08-12T19:27:14.025+0000] {taskinstance.py:1380} INFO - Executing <Task(_PythonDecoratedOperator): create_db> on 2024-07-01 00:00:00+00:00
[2024-08-12T19:27:14.087+0000] {standard_task_runner.py:57} INFO - Started process 5258 to run task
[2024-08-12T19:27:14.097+0000] {standard_task_runner.py:84} INFO - Running: ['***', 'tasks', 'run', 'monthly_monitor', 'create_db', 'scheduled__2024-07-01T00:00:00+00:00', '--job-id', '538', '--raw', '--subdir', 'DAGS_FOLDER/monitor.py', '--cfg-path', '/tmp/tmprfyt3tmn']
[2024-08-12T19:27:14.107+0000] {standard_task_runner.py:85} INFO - Job 538: Subtask create_db
[2024-08-12T19:27:14.591+0000] {task_command.py:415} INFO - Running <TaskInstance: monthly_monitor.create_db scheduled__2024-07-01T00:00:00+00:00 [running]> on host a9166c5dc5ae
[2024-08-12T19:27:15.110+0000] {taskinstance.py:1660} INFO - Exporting env vars: AIRFLOW_CTX_DAG_OWNER='***' AIRFLOW_CTX_DAG_ID='monthly_monitor' AIRFLOW_CTX_TASK_ID='create_db' AIRFLOW_CTX_EXECUTION_DATE='2024-07-01T00:00:00+00:00' AIRFLOW_CTX_TRY_NUMBER='1' AIRFLOW_CTX_DAG_RUN_ID='scheduled__2024-07-01T00:00:00+00:00'
[2024-08-12T19:27:15.152+0000] {logging_mixin.py:151} INFO - churn database already created
[2024-08-12T19:27:15.153+0000] {python.py:194} INFO - Done. Returned value was: {'host': 'postgres', 'port': '5432', 'user': '***', 'password': '***', 'dbname': 'churn'}
[2024-08-12T19:27:15.380+0000] {taskinstance.py:1398} INFO - Marking task as SUCCESS. dag_id=monthly_monitor, task_id=create_db, execution_date=20240701T000000, start_date=20240812T192713, end_date=20240812T192715
[2024-08-12T19:27:15.470+0000] {local_task_job_runner.py:228} INFO - Task exited with return code 0
[2024-08-12T19:27:15.773+0000] {taskinstance.py:2776} INFO - 1 downstream tasks scheduled from follow-on schedule check
[2024-08-12T19:28:37.771+0000] {taskinstance.py:1157} INFO - Dependencies all met for dep_context=non-requeueable deps ti=<TaskInstance: monthly_monitor.create_db scheduled__2024-07-01T00:00:00+00:00 [queued]>
[2024-08-12T19:28:37.791+0000] {taskinstance.py:1157} INFO - Dependencies all met for dep_context=requeueable deps ti=<TaskInstance: monthly_monitor.create_db scheduled__2024-07-01T00:00:00+00:00 [queued]>
[2024-08-12T19:28:37.793+0000] {taskinstance.py:1359} INFO - Starting attempt 1 of 1
[2024-08-12T19:28:37.857+0000] {taskinstance.py:1380} INFO - Executing <Task(_PythonDecoratedOperator): create_db> on 2024-07-01 00:00:00+00:00
[2024-08-12T19:28:37.885+0000] {standard_task_runner.py:57} INFO - Started process 5773 to run task
[2024-08-12T19:28:37.902+0000] {standard_task_runner.py:84} INFO - Running: ['***', 'tasks', 'run', 'monthly_monitor', 'create_db', 'scheduled__2024-07-01T00:00:00+00:00', '--job-id', '577', '--raw', '--subdir', 'DAGS_FOLDER/monitor.py', '--cfg-path', '/tmp/tmpe30g9jgg']
[2024-08-12T19:28:37.974+0000] {standard_task_runner.py:85} INFO - Job 577: Subtask create_db
[2024-08-12T19:28:38.135+0000] {task_command.py:415} INFO - Running <TaskInstance: monthly_monitor.create_db scheduled__2024-07-01T00:00:00+00:00 [running]> on host a9166c5dc5ae
[2024-08-12T19:28:38.445+0000] {taskinstance.py:1660} INFO - Exporting env vars: AIRFLOW_CTX_DAG_OWNER='***' AIRFLOW_CTX_DAG_ID='monthly_monitor' AIRFLOW_CTX_TASK_ID='create_db' AIRFLOW_CTX_EXECUTION_DATE='2024-07-01T00:00:00+00:00' AIRFLOW_CTX_TRY_NUMBER='1' AIRFLOW_CTX_DAG_RUN_ID='scheduled__2024-07-01T00:00:00+00:00'
[2024-08-12T19:28:38.472+0000] {logging_mixin.py:151} INFO - churn database already created
[2024-08-12T19:28:38.474+0000] {python.py:194} INFO - Done. Returned value was: {'host': 'postgres', 'port': '5432', 'user': '***', 'password': '***', 'dbname': 'churn'}
[2024-08-12T19:28:38.592+0000] {taskinstance.py:1398} INFO - Marking task as SUCCESS. dag_id=monthly_monitor, task_id=create_db, execution_date=20240701T000000, start_date=20240812T192837, end_date=20240812T192838
[2024-08-12T19:28:38.729+0000] {local_task_job_runner.py:228} INFO - Task exited with return code 0
[2024-08-12T19:28:38.896+0000] {taskinstance.py:2776} INFO - 1 downstream tasks scheduled from follow-on schedule check
[2024-08-12T20:09:49.764+0000] {taskinstance.py:1157} INFO - Dependencies all met for dep_context=non-requeueable deps ti=<TaskInstance: monthly_monitor.create_db scheduled__2024-07-01T00:00:00+00:00 [queued]>
[2024-08-12T20:09:49.877+0000] {taskinstance.py:1157} INFO - Dependencies all met for dep_context=requeueable deps ti=<TaskInstance: monthly_monitor.create_db scheduled__2024-07-01T00:00:00+00:00 [queued]>
[2024-08-12T20:09:49.893+0000] {taskinstance.py:1359} INFO - Starting attempt 1 of 1
[2024-08-12T20:09:50.691+0000] {taskinstance.py:1380} INFO - Executing <Task(_PythonDecoratedOperator): create_db> on 2024-07-01 00:00:00+00:00
[2024-08-12T20:09:50.886+0000] {standard_task_runner.py:57} INFO - Started process 13050 to run task
[2024-08-12T20:09:51.124+0000] {standard_task_runner.py:84} INFO - Running: ['***', 'tasks', 'run', 'monthly_monitor', 'create_db', 'scheduled__2024-07-01T00:00:00+00:00', '--job-id', '901', '--raw', '--subdir', 'DAGS_FOLDER/monitor.py', '--cfg-path', '/tmp/tmpja9sxc0_']
[2024-08-12T20:09:51.473+0000] {standard_task_runner.py:85} INFO - Job 901: Subtask create_db
[2024-08-12T20:09:54.132+0000] {task_command.py:415} INFO - Running <TaskInstance: monthly_monitor.create_db scheduled__2024-07-01T00:00:00+00:00 [running]> on host a9166c5dc5ae
[2024-08-12T20:09:55.689+0000] {taskinstance.py:1660} INFO - Exporting env vars: AIRFLOW_CTX_DAG_OWNER='***' AIRFLOW_CTX_DAG_ID='monthly_monitor' AIRFLOW_CTX_TASK_ID='create_db' AIRFLOW_CTX_EXECUTION_DATE='2024-07-01T00:00:00+00:00' AIRFLOW_CTX_TRY_NUMBER='1' AIRFLOW_CTX_DAG_RUN_ID='scheduled__2024-07-01T00:00:00+00:00'
[2024-08-12T20:09:56.082+0000] {logging_mixin.py:151} INFO - churn database already created
[2024-08-12T20:09:56.133+0000] {python.py:194} INFO - Done. Returned value was: {'host': 'postgres', 'port': '5432', 'user': '***', 'password': '***', 'dbname': 'churn'}
[2024-08-12T20:09:56.595+0000] {taskinstance.py:1398} INFO - Marking task as SUCCESS. dag_id=monthly_monitor, task_id=create_db, execution_date=20240701T000000, start_date=20240812T200949, end_date=20240812T200956
[2024-08-12T20:09:56.826+0000] {local_task_job_runner.py:228} INFO - Task exited with return code 0
[2024-08-12T20:09:57.601+0000] {taskinstance.py:2776} INFO - 0 downstream tasks scheduled from follow-on schedule check
