[2024-08-12T19:21:43.829+0000] {taskinstance.py:1157} INFO - Dependencies all met for dep_context=non-requeueable deps ti=<TaskInstance: monthly_monitor.wait_for_data manual__2024-08-12T19:21:41.218354+00:00 [queued]>
[2024-08-12T19:21:43.833+0000] {taskinstance.py:1157} INFO - Dependencies all met for dep_context=requeueable deps ti=<TaskInstance: monthly_monitor.wait_for_data manual__2024-08-12T19:21:41.218354+00:00 [queued]>
[2024-08-12T19:21:43.833+0000] {taskinstance.py:1359} INFO - Starting attempt 1 of 1
[2024-08-12T19:21:43.845+0000] {taskinstance.py:1380} INFO - Executing <Task(ExternalTaskSensor): wait_for_data> on 2024-08-12 19:21:41.218354+00:00
[2024-08-12T19:21:43.857+0000] {standard_task_runner.py:57} INFO - Started process 4075 to run task
[2024-08-12T19:21:43.861+0000] {standard_task_runner.py:84} INFO - Running: ['***', 'tasks', 'run', 'monthly_monitor', 'wait_for_data', 'manual__2024-08-12T19:21:41.218354+00:00', '--job-id', '475', '--raw', '--subdir', 'DAGS_FOLDER/monitor.py', '--cfg-path', '/tmp/tmpy7qszk9u']
[2024-08-12T19:21:43.864+0000] {standard_task_runner.py:85} INFO - Job 475: Subtask wait_for_data
[2024-08-12T19:21:43.935+0000] {task_command.py:415} INFO - Running <TaskInstance: monthly_monitor.wait_for_data manual__2024-08-12T19:21:41.218354+00:00 [running]> on host a9166c5dc5ae
[2024-08-12T19:21:44.001+0000] {taskinstance.py:1660} INFO - Exporting env vars: AIRFLOW_CTX_DAG_OWNER='***' AIRFLOW_CTX_DAG_ID='monthly_monitor' AIRFLOW_CTX_TASK_ID='wait_for_data' AIRFLOW_CTX_EXECUTION_DATE='2024-08-12T19:21:41.218354+00:00' AIRFLOW_CTX_TRY_NUMBER='1' AIRFLOW_CTX_DAG_RUN_ID='manual__2024-08-12T19:21:41.218354+00:00'
[2024-08-12T19:21:44.009+0000] {external_task.py:244} INFO - Poking for tasks ['predict_and_save'] in dag monthly_prediction on 2024-08-12T19:21:41.218354+00:00 ... 
[2024-08-12T19:21:44.031+0000] {taskinstance.py:1895} INFO - Rescheduling task, marking task as UP_FOR_RESCHEDULE
[2024-08-12T19:21:44.041+0000] {local_task_job_runner.py:228} INFO - Task exited with return code 0
[2024-08-12T19:21:44.069+0000] {taskinstance.py:2776} INFO - 0 downstream tasks scheduled from follow-on schedule check
[2024-08-12T19:22:47.077+0000] {taskinstance.py:1157} INFO - Dependencies all met for dep_context=non-requeueable deps ti=<TaskInstance: monthly_monitor.wait_for_data manual__2024-08-12T19:21:41.218354+00:00 [queued]>
[2024-08-12T19:22:47.081+0000] {taskinstance.py:1157} INFO - Dependencies all met for dep_context=requeueable deps ti=<TaskInstance: monthly_monitor.wait_for_data manual__2024-08-12T19:21:41.218354+00:00 [queued]>
[2024-08-12T19:22:47.082+0000] {taskinstance.py:1359} INFO - Starting attempt 1 of 1
[2024-08-12T19:22:47.087+0000] {taskinstance.py:1380} INFO - Executing <Task(ExternalTaskSensor): wait_for_data> on 2024-08-12 19:21:41.218354+00:00
[2024-08-12T19:22:47.092+0000] {standard_task_runner.py:57} INFO - Started process 4450 to run task
[2024-08-12T19:22:47.095+0000] {standard_task_runner.py:84} INFO - Running: ['***', 'tasks', 'run', 'monthly_monitor', 'wait_for_data', 'manual__2024-08-12T19:21:41.218354+00:00', '--job-id', '503', '--raw', '--subdir', 'DAGS_FOLDER/monitor.py', '--cfg-path', '/tmp/tmpsv3cu0my']
[2024-08-12T19:22:47.096+0000] {standard_task_runner.py:85} INFO - Job 503: Subtask wait_for_data
[2024-08-12T19:22:47.125+0000] {task_command.py:415} INFO - Running <TaskInstance: monthly_monitor.wait_for_data manual__2024-08-12T19:21:41.218354+00:00 [running]> on host a9166c5dc5ae
[2024-08-12T19:22:47.172+0000] {taskinstance.py:1660} INFO - Exporting env vars: AIRFLOW_CTX_DAG_OWNER='***' AIRFLOW_CTX_DAG_ID='monthly_monitor' AIRFLOW_CTX_TASK_ID='wait_for_data' AIRFLOW_CTX_EXECUTION_DATE='2024-08-12T19:21:41.218354+00:00' AIRFLOW_CTX_TRY_NUMBER='1' AIRFLOW_CTX_DAG_RUN_ID='manual__2024-08-12T19:21:41.218354+00:00'
[2024-08-12T19:22:47.192+0000] {external_task.py:244} INFO - Poking for tasks ['predict_and_save'] in dag monthly_prediction on 2024-08-12T19:21:41.218354+00:00 ... 
[2024-08-12T19:22:47.253+0000] {taskinstance.py:1895} INFO - Rescheduling task, marking task as UP_FOR_RESCHEDULE
[2024-08-12T19:22:47.279+0000] {local_task_job_runner.py:228} INFO - Task exited with return code 0
[2024-08-12T19:22:47.293+0000] {taskinstance.py:2776} INFO - 0 downstream tasks scheduled from follow-on schedule check
[2024-08-12T19:23:49.935+0000] {taskinstance.py:1157} INFO - Dependencies all met for dep_context=non-requeueable deps ti=<TaskInstance: monthly_monitor.wait_for_data manual__2024-08-12T19:21:41.218354+00:00 [queued]>
[2024-08-12T19:23:49.939+0000] {taskinstance.py:1157} INFO - Dependencies all met for dep_context=requeueable deps ti=<TaskInstance: monthly_monitor.wait_for_data manual__2024-08-12T19:21:41.218354+00:00 [queued]>
[2024-08-12T19:23:49.940+0000] {taskinstance.py:1359} INFO - Starting attempt 1 of 1
[2024-08-12T19:23:49.945+0000] {taskinstance.py:1380} INFO - Executing <Task(ExternalTaskSensor): wait_for_data> on 2024-08-12 19:21:41.218354+00:00
[2024-08-12T19:23:49.950+0000] {standard_task_runner.py:57} INFO - Started process 4610 to run task
[2024-08-12T19:23:49.953+0000] {standard_task_runner.py:84} INFO - Running: ['***', 'tasks', 'run', 'monthly_monitor', 'wait_for_data', 'manual__2024-08-12T19:21:41.218354+00:00', '--job-id', '509', '--raw', '--subdir', 'DAGS_FOLDER/monitor.py', '--cfg-path', '/tmp/tmpto05ohz5']
[2024-08-12T19:23:49.954+0000] {standard_task_runner.py:85} INFO - Job 509: Subtask wait_for_data
[2024-08-12T19:23:49.981+0000] {task_command.py:415} INFO - Running <TaskInstance: monthly_monitor.wait_for_data manual__2024-08-12T19:21:41.218354+00:00 [running]> on host a9166c5dc5ae
[2024-08-12T19:23:50.024+0000] {taskinstance.py:1660} INFO - Exporting env vars: AIRFLOW_CTX_DAG_OWNER='***' AIRFLOW_CTX_DAG_ID='monthly_monitor' AIRFLOW_CTX_TASK_ID='wait_for_data' AIRFLOW_CTX_EXECUTION_DATE='2024-08-12T19:21:41.218354+00:00' AIRFLOW_CTX_TRY_NUMBER='1' AIRFLOW_CTX_DAG_RUN_ID='manual__2024-08-12T19:21:41.218354+00:00'
[2024-08-12T19:23:50.030+0000] {external_task.py:244} INFO - Poking for tasks ['predict_and_save'] in dag monthly_prediction on 2024-08-12T19:21:41.218354+00:00 ... 
[2024-08-12T19:23:50.064+0000] {taskinstance.py:1895} INFO - Rescheduling task, marking task as UP_FOR_RESCHEDULE
[2024-08-12T19:23:50.094+0000] {local_task_job_runner.py:228} INFO - Task exited with return code 0
[2024-08-12T19:23:50.136+0000] {taskinstance.py:2776} INFO - 0 downstream tasks scheduled from follow-on schedule check
[2024-08-12T19:24:52.327+0000] {taskinstance.py:1157} INFO - Dependencies all met for dep_context=non-requeueable deps ti=<TaskInstance: monthly_monitor.wait_for_data manual__2024-08-12T19:21:41.218354+00:00 [queued]>
[2024-08-12T19:24:52.332+0000] {taskinstance.py:1157} INFO - Dependencies all met for dep_context=requeueable deps ti=<TaskInstance: monthly_monitor.wait_for_data manual__2024-08-12T19:21:41.218354+00:00 [queued]>
[2024-08-12T19:24:52.333+0000] {taskinstance.py:1359} INFO - Starting attempt 1 of 1
[2024-08-12T19:24:52.340+0000] {taskinstance.py:1380} INFO - Executing <Task(ExternalTaskSensor): wait_for_data> on 2024-08-12 19:21:41.218354+00:00
[2024-08-12T19:24:52.347+0000] {standard_task_runner.py:57} INFO - Started process 4749 to run task
[2024-08-12T19:24:52.350+0000] {standard_task_runner.py:84} INFO - Running: ['***', 'tasks', 'run', 'monthly_monitor', 'wait_for_data', 'manual__2024-08-12T19:21:41.218354+00:00', '--job-id', '515', '--raw', '--subdir', 'DAGS_FOLDER/monitor.py', '--cfg-path', '/tmp/tmpsmmlkbzj']
[2024-08-12T19:24:52.353+0000] {standard_task_runner.py:85} INFO - Job 515: Subtask wait_for_data
[2024-08-12T19:24:52.452+0000] {task_command.py:415} INFO - Running <TaskInstance: monthly_monitor.wait_for_data manual__2024-08-12T19:21:41.218354+00:00 [running]> on host a9166c5dc5ae
[2024-08-12T19:24:52.511+0000] {taskinstance.py:1660} INFO - Exporting env vars: AIRFLOW_CTX_DAG_OWNER='***' AIRFLOW_CTX_DAG_ID='monthly_monitor' AIRFLOW_CTX_TASK_ID='wait_for_data' AIRFLOW_CTX_EXECUTION_DATE='2024-08-12T19:21:41.218354+00:00' AIRFLOW_CTX_TRY_NUMBER='1' AIRFLOW_CTX_DAG_RUN_ID='manual__2024-08-12T19:21:41.218354+00:00'
[2024-08-12T19:24:52.522+0000] {external_task.py:244} INFO - Poking for tasks ['predict_and_save'] in dag monthly_prediction on 2024-08-12T19:21:41.218354+00:00 ... 
[2024-08-12T19:24:52.547+0000] {taskinstance.py:1895} INFO - Rescheduling task, marking task as UP_FOR_RESCHEDULE
[2024-08-12T19:24:52.577+0000] {local_task_job_runner.py:228} INFO - Task exited with return code 0
[2024-08-12T19:24:52.589+0000] {taskinstance.py:2776} INFO - 0 downstream tasks scheduled from follow-on schedule check
[2024-08-12T19:25:54.827+0000] {taskinstance.py:1157} INFO - Dependencies all met for dep_context=non-requeueable deps ti=<TaskInstance: monthly_monitor.wait_for_data manual__2024-08-12T19:21:41.218354+00:00 [queued]>
[2024-08-12T19:25:54.836+0000] {taskinstance.py:1157} INFO - Dependencies all met for dep_context=requeueable deps ti=<TaskInstance: monthly_monitor.wait_for_data manual__2024-08-12T19:21:41.218354+00:00 [queued]>
[2024-08-12T19:25:54.836+0000] {taskinstance.py:1359} INFO - Starting attempt 1 of 1
[2024-08-12T19:25:54.845+0000] {taskinstance.py:1380} INFO - Executing <Task(ExternalTaskSensor): wait_for_data> on 2024-08-12 19:21:41.218354+00:00
[2024-08-12T19:25:54.856+0000] {standard_task_runner.py:57} INFO - Started process 4897 to run task
[2024-08-12T19:25:54.860+0000] {standard_task_runner.py:84} INFO - Running: ['***', 'tasks', 'run', 'monthly_monitor', 'wait_for_data', 'manual__2024-08-12T19:21:41.218354+00:00', '--job-id', '521', '--raw', '--subdir', 'DAGS_FOLDER/monitor.py', '--cfg-path', '/tmp/tmp1zgp6_bu']
[2024-08-12T19:25:54.863+0000] {standard_task_runner.py:85} INFO - Job 521: Subtask wait_for_data
[2024-08-12T19:25:54.915+0000] {task_command.py:415} INFO - Running <TaskInstance: monthly_monitor.wait_for_data manual__2024-08-12T19:21:41.218354+00:00 [running]> on host a9166c5dc5ae
[2024-08-12T19:25:55.004+0000] {taskinstance.py:1660} INFO - Exporting env vars: AIRFLOW_CTX_DAG_OWNER='***' AIRFLOW_CTX_DAG_ID='monthly_monitor' AIRFLOW_CTX_TASK_ID='wait_for_data' AIRFLOW_CTX_EXECUTION_DATE='2024-08-12T19:21:41.218354+00:00' AIRFLOW_CTX_TRY_NUMBER='1' AIRFLOW_CTX_DAG_RUN_ID='manual__2024-08-12T19:21:41.218354+00:00'
[2024-08-12T19:25:55.011+0000] {external_task.py:244} INFO - Poking for tasks ['predict_and_save'] in dag monthly_prediction on 2024-08-12T19:21:41.218354+00:00 ... 
[2024-08-12T19:25:55.028+0000] {taskinstance.py:1895} INFO - Rescheduling task, marking task as UP_FOR_RESCHEDULE
[2024-08-12T19:25:55.044+0000] {local_task_job_runner.py:228} INFO - Task exited with return code 0
[2024-08-12T19:25:55.054+0000] {taskinstance.py:2776} INFO - 0 downstream tasks scheduled from follow-on schedule check
