[2024-08-12T18:04:48.502+0000] {taskinstance.py:1157} INFO - Dependencies all met for dep_context=non-requeueable deps ti=<TaskInstance: monthly_monitor.create_db scheduled__2024-03-01T00:00:00+00:00 [queued]>
[2024-08-12T18:04:48.548+0000] {taskinstance.py:1157} INFO - Dependencies all met for dep_context=requeueable deps ti=<TaskInstance: monthly_monitor.create_db scheduled__2024-03-01T00:00:00+00:00 [queued]>
[2024-08-12T18:04:48.564+0000] {taskinstance.py:1359} INFO - Starting attempt 1 of 1
[2024-08-12T18:04:48.826+0000] {taskinstance.py:1380} INFO - Executing <Task(_PythonDecoratedOperator): create_db> on 2024-03-01 00:00:00+00:00
[2024-08-12T18:04:48.903+0000] {standard_task_runner.py:57} INFO - Started process 7844 to run task
[2024-08-12T18:04:48.964+0000] {standard_task_runner.py:84} INFO - Running: ['***', 'tasks', 'run', 'monthly_monitor', 'create_db', 'scheduled__2024-03-01T00:00:00+00:00', '--job-id', '211', '--raw', '--subdir', 'DAGS_FOLDER/monitor.py', '--cfg-path', '/tmp/tmpcm6rnmlw']
[2024-08-12T18:04:49.024+0000] {standard_task_runner.py:85} INFO - Job 211: Subtask create_db
[2024-08-12T18:04:49.431+0000] {task_command.py:415} INFO - Running <TaskInstance: monthly_monitor.create_db scheduled__2024-03-01T00:00:00+00:00 [running]> on host a9166c5dc5ae
[2024-08-12T18:04:49.835+0000] {taskinstance.py:1660} INFO - Exporting env vars: AIRFLOW_CTX_DAG_OWNER='***' AIRFLOW_CTX_DAG_ID='monthly_monitor' AIRFLOW_CTX_TASK_ID='create_db' AIRFLOW_CTX_EXECUTION_DATE='2024-03-01T00:00:00+00:00' AIRFLOW_CTX_TRY_NUMBER='1' AIRFLOW_CTX_DAG_RUN_ID='scheduled__2024-03-01T00:00:00+00:00'
[2024-08-12T18:04:49.839+0000] {taskinstance.py:1935} ERROR - Task failed with exception
Traceback (most recent call last):
  File "/home/airflow/.local/lib/python3.8/site-packages/airflow/decorators/base.py", line 221, in execute
    return_value = super().execute(context)
  File "/home/airflow/.local/lib/python3.8/site-packages/airflow/operators/python.py", line 192, in execute
    return_value = self.execute_callable()
  File "/home/airflow/.local/lib/python3.8/site-packages/airflow/operators/python.py", line 209, in execute_callable
    return self.python_callable(*self.op_args, **self.op_kwargs)
  File "/opt/airflow/dags/monitor.py", line 31, in create_db
    conn = psycopg2.connect(**conn_params)
  File "/home/airflow/.local/lib/python3.8/site-packages/psycopg2/__init__.py", line 122, in connect
    conn = _connect(dsn, connection_factory=connection_factory, **kwasync)
psycopg2.OperationalError: connection to server at "localhost" (127.0.0.1), port 5432 failed: Connection refused
	Is the server running on that host and accepting TCP/IP connections?
connection to server at "localhost" (::1), port 5432 failed: Cannot assign requested address
	Is the server running on that host and accepting TCP/IP connections?

[2024-08-12T18:04:49.884+0000] {taskinstance.py:1398} INFO - Marking task as FAILED. dag_id=monthly_monitor, task_id=create_db, execution_date=20240301T000000, start_date=20240812T180448, end_date=20240812T180449
[2024-08-12T18:04:49.906+0000] {standard_task_runner.py:104} ERROR - Failed to execute job 211 for task create_db (connection to server at "localhost" (127.0.0.1), port 5432 failed: Connection refused
	Is the server running on that host and accepting TCP/IP connections?
connection to server at "localhost" (::1), port 5432 failed: Cannot assign requested address
	Is the server running on that host and accepting TCP/IP connections?
; 7844)
[2024-08-12T18:04:49.937+0000] {local_task_job_runner.py:228} INFO - Task exited with return code 1
[2024-08-12T18:04:50.006+0000] {taskinstance.py:2776} INFO - 0 downstream tasks scheduled from follow-on schedule check
[2024-08-12T18:13:32.024+0000] {taskinstance.py:1157} INFO - Dependencies all met for dep_context=non-requeueable deps ti=<TaskInstance: monthly_monitor.create_db scheduled__2024-03-01T00:00:00+00:00 [queued]>
[2024-08-12T18:13:32.037+0000] {taskinstance.py:1157} INFO - Dependencies all met for dep_context=requeueable deps ti=<TaskInstance: monthly_monitor.create_db scheduled__2024-03-01T00:00:00+00:00 [queued]>
[2024-08-12T18:13:32.038+0000] {taskinstance.py:1359} INFO - Starting attempt 1 of 1
[2024-08-12T18:13:32.078+0000] {taskinstance.py:1380} INFO - Executing <Task(_PythonDecoratedOperator): create_db> on 2024-03-01 00:00:00+00:00
[2024-08-12T18:13:32.101+0000] {standard_task_runner.py:57} INFO - Started process 9085 to run task
[2024-08-12T18:13:32.115+0000] {standard_task_runner.py:84} INFO - Running: ['***', 'tasks', 'run', 'monthly_monitor', 'create_db', 'scheduled__2024-03-01T00:00:00+00:00', '--job-id', '250', '--raw', '--subdir', 'DAGS_FOLDER/monitor.py', '--cfg-path', '/tmp/tmp2b6nlvfh']
[2024-08-12T18:13:32.135+0000] {standard_task_runner.py:85} INFO - Job 250: Subtask create_db
[2024-08-12T18:13:32.265+0000] {task_command.py:415} INFO - Running <TaskInstance: monthly_monitor.create_db scheduled__2024-03-01T00:00:00+00:00 [running]> on host a9166c5dc5ae
[2024-08-12T18:13:32.687+0000] {taskinstance.py:1660} INFO - Exporting env vars: AIRFLOW_CTX_DAG_OWNER='***' AIRFLOW_CTX_DAG_ID='monthly_monitor' AIRFLOW_CTX_TASK_ID='create_db' AIRFLOW_CTX_EXECUTION_DATE='2024-03-01T00:00:00+00:00' AIRFLOW_CTX_TRY_NUMBER='1' AIRFLOW_CTX_DAG_RUN_ID='scheduled__2024-03-01T00:00:00+00:00'
[2024-08-12T18:13:32.737+0000] {logging_mixin.py:151} INFO - churn database already created
[2024-08-12T18:13:32.740+0000] {python.py:194} INFO - Done. Returned value was: None
[2024-08-12T18:13:32.835+0000] {taskinstance.py:1398} INFO - Marking task as SUCCESS. dag_id=monthly_monitor, task_id=create_db, execution_date=20240301T000000, start_date=20240812T181332, end_date=20240812T181332
[2024-08-12T18:13:33.704+0000] {local_task_job_runner.py:228} INFO - Task exited with return code 0
[2024-08-12T18:13:34.400+0000] {taskinstance.py:2776} INFO - 0 downstream tasks scheduled from follow-on schedule check
[2024-08-12T19:21:59.570+0000] {taskinstance.py:1157} INFO - Dependencies all met for dep_context=non-requeueable deps ti=<TaskInstance: monthly_monitor.create_db scheduled__2024-03-01T00:00:00+00:00 [queued]>
[2024-08-12T19:21:59.609+0000] {taskinstance.py:1157} INFO - Dependencies all met for dep_context=requeueable deps ti=<TaskInstance: monthly_monitor.create_db scheduled__2024-03-01T00:00:00+00:00 [queued]>
[2024-08-12T19:21:59.616+0000] {taskinstance.py:1359} INFO - Starting attempt 1 of 1
[2024-08-12T19:21:59.697+0000] {taskinstance.py:1380} INFO - Executing <Task(_PythonDecoratedOperator): create_db> on 2024-03-01 00:00:00+00:00
[2024-08-12T19:21:59.819+0000] {standard_task_runner.py:57} INFO - Started process 4253 to run task
[2024-08-12T19:21:59.840+0000] {standard_task_runner.py:84} INFO - Running: ['***', 'tasks', 'run', 'monthly_monitor', 'create_db', 'scheduled__2024-03-01T00:00:00+00:00', '--job-id', '478', '--raw', '--subdir', 'DAGS_FOLDER/monitor.py', '--cfg-path', '/tmp/tmplagurs9e']
[2024-08-12T19:21:59.879+0000] {standard_task_runner.py:85} INFO - Job 478: Subtask create_db
[2024-08-12T19:22:00.122+0000] {task_command.py:415} INFO - Running <TaskInstance: monthly_monitor.create_db scheduled__2024-03-01T00:00:00+00:00 [running]> on host a9166c5dc5ae
[2024-08-12T19:22:00.411+0000] {taskinstance.py:1660} INFO - Exporting env vars: AIRFLOW_CTX_DAG_OWNER='***' AIRFLOW_CTX_DAG_ID='monthly_monitor' AIRFLOW_CTX_TASK_ID='create_db' AIRFLOW_CTX_EXECUTION_DATE='2024-03-01T00:00:00+00:00' AIRFLOW_CTX_TRY_NUMBER='1' AIRFLOW_CTX_DAG_RUN_ID='scheduled__2024-03-01T00:00:00+00:00'
[2024-08-12T19:22:00.443+0000] {logging_mixin.py:151} INFO - churn database already created
[2024-08-12T19:22:00.457+0000] {python.py:194} INFO - Done. Returned value was: {'host': 'postgres', 'port': '5432', 'user': '***', 'password': '***', 'dbname': 'churn'}
[2024-08-12T19:22:00.571+0000] {taskinstance.py:1398} INFO - Marking task as SUCCESS. dag_id=monthly_monitor, task_id=create_db, execution_date=20240301T000000, start_date=20240812T192159, end_date=20240812T192200
[2024-08-12T19:22:00.662+0000] {local_task_job_runner.py:228} INFO - Task exited with return code 0
[2024-08-12T19:22:00.945+0000] {taskinstance.py:2776} INFO - 1 downstream tasks scheduled from follow-on schedule check
[2024-08-12T19:27:11.327+0000] {taskinstance.py:1157} INFO - Dependencies all met for dep_context=non-requeueable deps ti=<TaskInstance: monthly_monitor.create_db scheduled__2024-03-01T00:00:00+00:00 [queued]>
[2024-08-12T19:27:11.353+0000] {taskinstance.py:1157} INFO - Dependencies all met for dep_context=requeueable deps ti=<TaskInstance: monthly_monitor.create_db scheduled__2024-03-01T00:00:00+00:00 [queued]>
[2024-08-12T19:27:11.359+0000] {taskinstance.py:1359} INFO - Starting attempt 1 of 1
[2024-08-12T19:27:11.394+0000] {taskinstance.py:1380} INFO - Executing <Task(_PythonDecoratedOperator): create_db> on 2024-03-01 00:00:00+00:00
[2024-08-12T19:27:11.435+0000] {standard_task_runner.py:57} INFO - Started process 5238 to run task
[2024-08-12T19:27:11.474+0000] {standard_task_runner.py:84} INFO - Running: ['***', 'tasks', 'run', 'monthly_monitor', 'create_db', 'scheduled__2024-03-01T00:00:00+00:00', '--job-id', '529', '--raw', '--subdir', 'DAGS_FOLDER/monitor.py', '--cfg-path', '/tmp/tmpy34u946p']
[2024-08-12T19:27:11.481+0000] {standard_task_runner.py:85} INFO - Job 529: Subtask create_db
[2024-08-12T19:27:11.646+0000] {task_command.py:415} INFO - Running <TaskInstance: monthly_monitor.create_db scheduled__2024-03-01T00:00:00+00:00 [running]> on host a9166c5dc5ae
[2024-08-12T19:27:12.178+0000] {taskinstance.py:1660} INFO - Exporting env vars: AIRFLOW_CTX_DAG_OWNER='***' AIRFLOW_CTX_DAG_ID='monthly_monitor' AIRFLOW_CTX_TASK_ID='create_db' AIRFLOW_CTX_EXECUTION_DATE='2024-03-01T00:00:00+00:00' AIRFLOW_CTX_TRY_NUMBER='1' AIRFLOW_CTX_DAG_RUN_ID='scheduled__2024-03-01T00:00:00+00:00'
[2024-08-12T19:27:12.211+0000] {logging_mixin.py:151} INFO - churn database already created
[2024-08-12T19:27:12.221+0000] {python.py:194} INFO - Done. Returned value was: {'host': 'postgres', 'port': '5432', 'user': '***', 'password': '***', 'dbname': 'churn'}
[2024-08-12T19:27:12.272+0000] {taskinstance.py:1398} INFO - Marking task as SUCCESS. dag_id=monthly_monitor, task_id=create_db, execution_date=20240301T000000, start_date=20240812T192711, end_date=20240812T192712
[2024-08-12T19:27:12.435+0000] {local_task_job_runner.py:228} INFO - Task exited with return code 0
[2024-08-12T19:27:12.505+0000] {taskinstance.py:2776} INFO - 1 downstream tasks scheduled from follow-on schedule check
[2024-08-12T19:28:37.539+0000] {taskinstance.py:1157} INFO - Dependencies all met for dep_context=non-requeueable deps ti=<TaskInstance: monthly_monitor.create_db scheduled__2024-03-01T00:00:00+00:00 [queued]>
[2024-08-12T19:28:37.549+0000] {taskinstance.py:1157} INFO - Dependencies all met for dep_context=requeueable deps ti=<TaskInstance: monthly_monitor.create_db scheduled__2024-03-01T00:00:00+00:00 [queued]>
[2024-08-12T19:28:37.560+0000] {taskinstance.py:1359} INFO - Starting attempt 1 of 1
[2024-08-12T19:28:37.611+0000] {taskinstance.py:1380} INFO - Executing <Task(_PythonDecoratedOperator): create_db> on 2024-03-01 00:00:00+00:00
[2024-08-12T19:28:37.670+0000] {standard_task_runner.py:57} INFO - Started process 5767 to run task
[2024-08-12T19:28:37.698+0000] {standard_task_runner.py:84} INFO - Running: ['***', 'tasks', 'run', 'monthly_monitor', 'create_db', 'scheduled__2024-03-01T00:00:00+00:00', '--job-id', '576', '--raw', '--subdir', 'DAGS_FOLDER/monitor.py', '--cfg-path', '/tmp/tmphiilccgz']
[2024-08-12T19:28:37.713+0000] {standard_task_runner.py:85} INFO - Job 576: Subtask create_db
[2024-08-12T19:28:37.856+0000] {task_command.py:415} INFO - Running <TaskInstance: monthly_monitor.create_db scheduled__2024-03-01T00:00:00+00:00 [running]> on host a9166c5dc5ae
[2024-08-12T19:28:38.197+0000] {taskinstance.py:1660} INFO - Exporting env vars: AIRFLOW_CTX_DAG_OWNER='***' AIRFLOW_CTX_DAG_ID='monthly_monitor' AIRFLOW_CTX_TASK_ID='create_db' AIRFLOW_CTX_EXECUTION_DATE='2024-03-01T00:00:00+00:00' AIRFLOW_CTX_TRY_NUMBER='1' AIRFLOW_CTX_DAG_RUN_ID='scheduled__2024-03-01T00:00:00+00:00'
[2024-08-12T19:28:38.209+0000] {logging_mixin.py:151} INFO - churn database already created
[2024-08-12T19:28:38.210+0000] {python.py:194} INFO - Done. Returned value was: {'host': 'postgres', 'port': '5432', 'user': '***', 'password': '***', 'dbname': 'churn'}
[2024-08-12T19:28:38.288+0000] {taskinstance.py:1398} INFO - Marking task as SUCCESS. dag_id=monthly_monitor, task_id=create_db, execution_date=20240301T000000, start_date=20240812T192837, end_date=20240812T192838
[2024-08-12T19:28:38.380+0000] {local_task_job_runner.py:228} INFO - Task exited with return code 0
[2024-08-12T19:28:38.478+0000] {taskinstance.py:2776} INFO - 1 downstream tasks scheduled from follow-on schedule check
[2024-08-12T20:09:47.976+0000] {taskinstance.py:1157} INFO - Dependencies all met for dep_context=non-requeueable deps ti=<TaskInstance: monthly_monitor.create_db scheduled__2024-03-01T00:00:00+00:00 [queued]>
[2024-08-12T20:09:48.136+0000] {taskinstance.py:1157} INFO - Dependencies all met for dep_context=requeueable deps ti=<TaskInstance: monthly_monitor.create_db scheduled__2024-03-01T00:00:00+00:00 [queued]>
[2024-08-12T20:09:48.153+0000] {taskinstance.py:1359} INFO - Starting attempt 1 of 1
[2024-08-12T20:09:48.401+0000] {taskinstance.py:1380} INFO - Executing <Task(_PythonDecoratedOperator): create_db> on 2024-03-01 00:00:00+00:00
[2024-08-12T20:09:48.540+0000] {standard_task_runner.py:57} INFO - Started process 13038 to run task
[2024-08-12T20:09:48.610+0000] {standard_task_runner.py:84} INFO - Running: ['***', 'tasks', 'run', 'monthly_monitor', 'create_db', 'scheduled__2024-03-01T00:00:00+00:00', '--job-id', '896', '--raw', '--subdir', 'DAGS_FOLDER/monitor.py', '--cfg-path', '/tmp/tmp7dj8m0jn']
[2024-08-12T20:09:48.708+0000] {standard_task_runner.py:85} INFO - Job 896: Subtask create_db
[2024-08-12T20:09:49.360+0000] {task_command.py:415} INFO - Running <TaskInstance: monthly_monitor.create_db scheduled__2024-03-01T00:00:00+00:00 [running]> on host a9166c5dc5ae
[2024-08-12T20:09:50.325+0000] {taskinstance.py:1660} INFO - Exporting env vars: AIRFLOW_CTX_DAG_OWNER='***' AIRFLOW_CTX_DAG_ID='monthly_monitor' AIRFLOW_CTX_TASK_ID='create_db' AIRFLOW_CTX_EXECUTION_DATE='2024-03-01T00:00:00+00:00' AIRFLOW_CTX_TRY_NUMBER='1' AIRFLOW_CTX_DAG_RUN_ID='scheduled__2024-03-01T00:00:00+00:00'
[2024-08-12T20:09:50.357+0000] {logging_mixin.py:151} INFO - churn database already created
[2024-08-12T20:09:50.366+0000] {python.py:194} INFO - Done. Returned value was: {'host': 'postgres', 'port': '5432', 'user': '***', 'password': '***', 'dbname': 'churn'}
[2024-08-12T20:09:50.624+0000] {taskinstance.py:1398} INFO - Marking task as SUCCESS. dag_id=monthly_monitor, task_id=create_db, execution_date=20240301T000000, start_date=20240812T200948, end_date=20240812T200950
[2024-08-12T20:09:50.975+0000] {local_task_job_runner.py:228} INFO - Task exited with return code 0
[2024-08-12T20:09:53.005+0000] {taskinstance.py:2776} INFO - 2 downstream tasks scheduled from follow-on schedule check
