[2024-08-12T18:51:12.111+0000] {taskinstance.py:1157} INFO - Dependencies all met for dep_context=non-requeueable deps ti=<TaskInstance: monthly_monitor.wait_for_data manual__2024-08-12T18:51:09.229494+00:00 [queued]>
[2024-08-12T18:51:12.133+0000] {taskinstance.py:1157} INFO - Dependencies all met for dep_context=requeueable deps ti=<TaskInstance: monthly_monitor.wait_for_data manual__2024-08-12T18:51:09.229494+00:00 [queued]>
[2024-08-12T18:51:12.143+0000] {taskinstance.py:1359} INFO - Starting attempt 1 of 1
[2024-08-12T18:51:12.168+0000] {taskinstance.py:1380} INFO - Executing <Task(ExternalTaskSensor): wait_for_data> on 2024-08-12 18:51:09.229494+00:00
[2024-08-12T18:51:12.180+0000] {standard_task_runner.py:57} INFO - Started process 300 to run task
[2024-08-12T18:51:12.193+0000] {standard_task_runner.py:84} INFO - Running: ['***', 'tasks', 'run', 'monthly_monitor', 'wait_for_data', 'manual__2024-08-12T18:51:09.229494+00:00', '--job-id', '371', '--raw', '--subdir', 'DAGS_FOLDER/monitor.py', '--cfg-path', '/tmp/tmpplw05uti']
[2024-08-12T18:51:12.203+0000] {standard_task_runner.py:85} INFO - Job 371: Subtask wait_for_data
[2024-08-12T18:51:12.312+0000] {task_command.py:415} INFO - Running <TaskInstance: monthly_monitor.wait_for_data manual__2024-08-12T18:51:09.229494+00:00 [running]> on host a9166c5dc5ae
[2024-08-12T18:51:12.391+0000] {taskinstance.py:1660} INFO - Exporting env vars: AIRFLOW_CTX_DAG_OWNER='***' AIRFLOW_CTX_DAG_ID='monthly_monitor' AIRFLOW_CTX_TASK_ID='wait_for_data' AIRFLOW_CTX_EXECUTION_DATE='2024-08-12T18:51:09.229494+00:00' AIRFLOW_CTX_TRY_NUMBER='1' AIRFLOW_CTX_DAG_RUN_ID='manual__2024-08-12T18:51:09.229494+00:00'
[2024-08-12T18:51:12.402+0000] {external_task.py:244} INFO - Poking for tasks ['predict_and_save'] in dag monthly_prediction on 2024-08-12T18:51:09.229494+00:00 ... 
[2024-08-12T18:51:12.438+0000] {taskinstance.py:1895} INFO - Rescheduling task, marking task as UP_FOR_RESCHEDULE
[2024-08-12T18:51:12.461+0000] {local_task_job_runner.py:228} INFO - Task exited with return code 0
[2024-08-12T18:51:12.479+0000] {taskinstance.py:2776} INFO - 0 downstream tasks scheduled from follow-on schedule check
[2024-08-12T18:52:14.769+0000] {taskinstance.py:1157} INFO - Dependencies all met for dep_context=non-requeueable deps ti=<TaskInstance: monthly_monitor.wait_for_data manual__2024-08-12T18:51:09.229494+00:00 [queued]>
[2024-08-12T18:52:14.774+0000] {taskinstance.py:1157} INFO - Dependencies all met for dep_context=requeueable deps ti=<TaskInstance: monthly_monitor.wait_for_data manual__2024-08-12T18:51:09.229494+00:00 [queued]>
[2024-08-12T18:52:14.775+0000] {taskinstance.py:1359} INFO - Starting attempt 1 of 1
[2024-08-12T18:52:14.780+0000] {taskinstance.py:1380} INFO - Executing <Task(ExternalTaskSensor): wait_for_data> on 2024-08-12 18:51:09.229494+00:00
[2024-08-12T18:52:14.784+0000] {standard_task_runner.py:57} INFO - Started process 416 to run task
[2024-08-12T18:52:14.787+0000] {standard_task_runner.py:84} INFO - Running: ['***', 'tasks', 'run', 'monthly_monitor', 'wait_for_data', 'manual__2024-08-12T18:51:09.229494+00:00', '--job-id', '374', '--raw', '--subdir', 'DAGS_FOLDER/monitor.py', '--cfg-path', '/tmp/tmpywp6v17q']
[2024-08-12T18:52:14.789+0000] {standard_task_runner.py:85} INFO - Job 374: Subtask wait_for_data
[2024-08-12T18:52:14.813+0000] {task_command.py:415} INFO - Running <TaskInstance: monthly_monitor.wait_for_data manual__2024-08-12T18:51:09.229494+00:00 [running]> on host a9166c5dc5ae
[2024-08-12T18:52:14.851+0000] {taskinstance.py:1660} INFO - Exporting env vars: AIRFLOW_CTX_DAG_OWNER='***' AIRFLOW_CTX_DAG_ID='monthly_monitor' AIRFLOW_CTX_TASK_ID='wait_for_data' AIRFLOW_CTX_EXECUTION_DATE='2024-08-12T18:51:09.229494+00:00' AIRFLOW_CTX_TRY_NUMBER='1' AIRFLOW_CTX_DAG_RUN_ID='manual__2024-08-12T18:51:09.229494+00:00'
[2024-08-12T18:52:14.856+0000] {external_task.py:244} INFO - Poking for tasks ['predict_and_save'] in dag monthly_prediction on 2024-08-12T18:51:09.229494+00:00 ... 
[2024-08-12T18:52:14.869+0000] {taskinstance.py:1895} INFO - Rescheduling task, marking task as UP_FOR_RESCHEDULE
[2024-08-12T18:52:14.887+0000] {local_task_job_runner.py:228} INFO - Task exited with return code 0
[2024-08-12T18:52:14.895+0000] {taskinstance.py:2776} INFO - 0 downstream tasks scheduled from follow-on schedule check
[2024-08-12T18:53:17.079+0000] {taskinstance.py:1157} INFO - Dependencies all met for dep_context=non-requeueable deps ti=<TaskInstance: monthly_monitor.wait_for_data manual__2024-08-12T18:51:09.229494+00:00 [queued]>
[2024-08-12T18:53:17.083+0000] {taskinstance.py:1157} INFO - Dependencies all met for dep_context=requeueable deps ti=<TaskInstance: monthly_monitor.wait_for_data manual__2024-08-12T18:51:09.229494+00:00 [queued]>
[2024-08-12T18:53:17.083+0000] {taskinstance.py:1359} INFO - Starting attempt 1 of 1
[2024-08-12T18:53:17.088+0000] {taskinstance.py:1380} INFO - Executing <Task(ExternalTaskSensor): wait_for_data> on 2024-08-12 18:51:09.229494+00:00
[2024-08-12T18:53:17.092+0000] {standard_task_runner.py:57} INFO - Started process 517 to run task
[2024-08-12T18:53:17.095+0000] {standard_task_runner.py:84} INFO - Running: ['***', 'tasks', 'run', 'monthly_monitor', 'wait_for_data', 'manual__2024-08-12T18:51:09.229494+00:00', '--job-id', '375', '--raw', '--subdir', 'DAGS_FOLDER/monitor.py', '--cfg-path', '/tmp/tmpu57y8ecc']
[2024-08-12T18:53:17.097+0000] {standard_task_runner.py:85} INFO - Job 375: Subtask wait_for_data
[2024-08-12T18:53:17.121+0000] {task_command.py:415} INFO - Running <TaskInstance: monthly_monitor.wait_for_data manual__2024-08-12T18:51:09.229494+00:00 [running]> on host a9166c5dc5ae
[2024-08-12T18:53:17.160+0000] {taskinstance.py:1660} INFO - Exporting env vars: AIRFLOW_CTX_DAG_OWNER='***' AIRFLOW_CTX_DAG_ID='monthly_monitor' AIRFLOW_CTX_TASK_ID='wait_for_data' AIRFLOW_CTX_EXECUTION_DATE='2024-08-12T18:51:09.229494+00:00' AIRFLOW_CTX_TRY_NUMBER='1' AIRFLOW_CTX_DAG_RUN_ID='manual__2024-08-12T18:51:09.229494+00:00'
[2024-08-12T18:53:17.166+0000] {external_task.py:244} INFO - Poking for tasks ['predict_and_save'] in dag monthly_prediction on 2024-08-12T18:51:09.229494+00:00 ... 
[2024-08-12T18:53:17.179+0000] {taskinstance.py:1895} INFO - Rescheduling task, marking task as UP_FOR_RESCHEDULE
[2024-08-12T18:53:17.194+0000] {local_task_job_runner.py:228} INFO - Task exited with return code 0
[2024-08-12T18:53:17.209+0000] {taskinstance.py:2776} INFO - 0 downstream tasks scheduled from follow-on schedule check
[2024-08-12T18:54:18.655+0000] {taskinstance.py:1157} INFO - Dependencies all met for dep_context=non-requeueable deps ti=<TaskInstance: monthly_monitor.wait_for_data manual__2024-08-12T18:51:09.229494+00:00 [queued]>
[2024-08-12T18:54:18.658+0000] {taskinstance.py:1157} INFO - Dependencies all met for dep_context=requeueable deps ti=<TaskInstance: monthly_monitor.wait_for_data manual__2024-08-12T18:51:09.229494+00:00 [queued]>
[2024-08-12T18:54:18.659+0000] {taskinstance.py:1359} INFO - Starting attempt 1 of 1
[2024-08-12T18:54:18.663+0000] {taskinstance.py:1380} INFO - Executing <Task(ExternalTaskSensor): wait_for_data> on 2024-08-12 18:51:09.229494+00:00
[2024-08-12T18:54:18.667+0000] {standard_task_runner.py:57} INFO - Started process 619 to run task
[2024-08-12T18:54:18.669+0000] {standard_task_runner.py:84} INFO - Running: ['***', 'tasks', 'run', 'monthly_monitor', 'wait_for_data', 'manual__2024-08-12T18:51:09.229494+00:00', '--job-id', '376', '--raw', '--subdir', 'DAGS_FOLDER/monitor.py', '--cfg-path', '/tmp/tmp1j1be9a2']
[2024-08-12T18:54:18.671+0000] {standard_task_runner.py:85} INFO - Job 376: Subtask wait_for_data
[2024-08-12T18:54:18.696+0000] {task_command.py:415} INFO - Running <TaskInstance: monthly_monitor.wait_for_data manual__2024-08-12T18:51:09.229494+00:00 [running]> on host a9166c5dc5ae
[2024-08-12T18:54:18.736+0000] {taskinstance.py:1660} INFO - Exporting env vars: AIRFLOW_CTX_DAG_OWNER='***' AIRFLOW_CTX_DAG_ID='monthly_monitor' AIRFLOW_CTX_TASK_ID='wait_for_data' AIRFLOW_CTX_EXECUTION_DATE='2024-08-12T18:51:09.229494+00:00' AIRFLOW_CTX_TRY_NUMBER='1' AIRFLOW_CTX_DAG_RUN_ID='manual__2024-08-12T18:51:09.229494+00:00'
[2024-08-12T18:54:18.743+0000] {external_task.py:244} INFO - Poking for tasks ['predict_and_save'] in dag monthly_prediction on 2024-08-12T18:51:09.229494+00:00 ... 
[2024-08-12T18:54:18.758+0000] {taskinstance.py:1895} INFO - Rescheduling task, marking task as UP_FOR_RESCHEDULE
[2024-08-12T18:54:18.767+0000] {local_task_job_runner.py:228} INFO - Task exited with return code 0
[2024-08-12T18:54:18.776+0000] {taskinstance.py:2776} INFO - 0 downstream tasks scheduled from follow-on schedule check
[2024-08-12T18:55:20.582+0000] {taskinstance.py:1157} INFO - Dependencies all met for dep_context=non-requeueable deps ti=<TaskInstance: monthly_monitor.wait_for_data manual__2024-08-12T18:51:09.229494+00:00 [queued]>
[2024-08-12T18:55:20.586+0000] {taskinstance.py:1157} INFO - Dependencies all met for dep_context=requeueable deps ti=<TaskInstance: monthly_monitor.wait_for_data manual__2024-08-12T18:51:09.229494+00:00 [queued]>
[2024-08-12T18:55:20.586+0000] {taskinstance.py:1359} INFO - Starting attempt 1 of 1
[2024-08-12T18:55:20.591+0000] {taskinstance.py:1380} INFO - Executing <Task(ExternalTaskSensor): wait_for_data> on 2024-08-12 18:51:09.229494+00:00
[2024-08-12T18:55:20.595+0000] {standard_task_runner.py:57} INFO - Started process 786 to run task
[2024-08-12T18:55:20.598+0000] {standard_task_runner.py:84} INFO - Running: ['***', 'tasks', 'run', 'monthly_monitor', 'wait_for_data', 'manual__2024-08-12T18:51:09.229494+00:00', '--job-id', '382', '--raw', '--subdir', 'DAGS_FOLDER/monitor.py', '--cfg-path', '/tmp/tmp19ziamkb']
[2024-08-12T18:55:20.600+0000] {standard_task_runner.py:85} INFO - Job 382: Subtask wait_for_data
[2024-08-12T18:55:20.626+0000] {task_command.py:415} INFO - Running <TaskInstance: monthly_monitor.wait_for_data manual__2024-08-12T18:51:09.229494+00:00 [running]> on host a9166c5dc5ae
[2024-08-12T18:55:20.667+0000] {taskinstance.py:1660} INFO - Exporting env vars: AIRFLOW_CTX_DAG_OWNER='***' AIRFLOW_CTX_DAG_ID='monthly_monitor' AIRFLOW_CTX_TASK_ID='wait_for_data' AIRFLOW_CTX_EXECUTION_DATE='2024-08-12T18:51:09.229494+00:00' AIRFLOW_CTX_TRY_NUMBER='1' AIRFLOW_CTX_DAG_RUN_ID='manual__2024-08-12T18:51:09.229494+00:00'
[2024-08-12T18:55:20.672+0000] {external_task.py:244} INFO - Poking for tasks ['predict_and_save'] in dag monthly_prediction on 2024-08-12T18:51:09.229494+00:00 ... 
[2024-08-12T18:55:20.691+0000] {taskinstance.py:1895} INFO - Rescheduling task, marking task as UP_FOR_RESCHEDULE
[2024-08-12T18:55:20.697+0000] {local_task_job_runner.py:228} INFO - Task exited with return code 0
[2024-08-12T18:55:20.725+0000] {taskinstance.py:2776} INFO - 0 downstream tasks scheduled from follow-on schedule check
[2024-08-12T18:56:23.051+0000] {taskinstance.py:1157} INFO - Dependencies all met for dep_context=non-requeueable deps ti=<TaskInstance: monthly_monitor.wait_for_data manual__2024-08-12T18:51:09.229494+00:00 [queued]>
[2024-08-12T18:56:23.056+0000] {taskinstance.py:1157} INFO - Dependencies all met for dep_context=requeueable deps ti=<TaskInstance: monthly_monitor.wait_for_data manual__2024-08-12T18:51:09.229494+00:00 [queued]>
[2024-08-12T18:56:23.056+0000] {taskinstance.py:1359} INFO - Starting attempt 1 of 1
[2024-08-12T18:56:23.062+0000] {taskinstance.py:1380} INFO - Executing <Task(ExternalTaskSensor): wait_for_data> on 2024-08-12 18:51:09.229494+00:00
[2024-08-12T18:56:23.066+0000] {standard_task_runner.py:57} INFO - Started process 898 to run task
[2024-08-12T18:56:23.069+0000] {standard_task_runner.py:84} INFO - Running: ['***', 'tasks', 'run', 'monthly_monitor', 'wait_for_data', 'manual__2024-08-12T18:51:09.229494+00:00', '--job-id', '384', '--raw', '--subdir', 'DAGS_FOLDER/monitor.py', '--cfg-path', '/tmp/tmpha3ed3i_']
[2024-08-12T18:56:23.071+0000] {standard_task_runner.py:85} INFO - Job 384: Subtask wait_for_data
[2024-08-12T18:56:23.103+0000] {task_command.py:415} INFO - Running <TaskInstance: monthly_monitor.wait_for_data manual__2024-08-12T18:51:09.229494+00:00 [running]> on host a9166c5dc5ae
[2024-08-12T18:56:23.149+0000] {taskinstance.py:1660} INFO - Exporting env vars: AIRFLOW_CTX_DAG_OWNER='***' AIRFLOW_CTX_DAG_ID='monthly_monitor' AIRFLOW_CTX_TASK_ID='wait_for_data' AIRFLOW_CTX_EXECUTION_DATE='2024-08-12T18:51:09.229494+00:00' AIRFLOW_CTX_TRY_NUMBER='1' AIRFLOW_CTX_DAG_RUN_ID='manual__2024-08-12T18:51:09.229494+00:00'
[2024-08-12T18:56:23.155+0000] {external_task.py:244} INFO - Poking for tasks ['predict_and_save'] in dag monthly_prediction on 2024-08-12T18:51:09.229494+00:00 ... 
[2024-08-12T18:56:23.168+0000] {taskinstance.py:1895} INFO - Rescheduling task, marking task as UP_FOR_RESCHEDULE
[2024-08-12T18:56:23.211+0000] {local_task_job_runner.py:228} INFO - Task exited with return code 0
[2024-08-12T18:56:23.220+0000] {taskinstance.py:2776} INFO - 0 downstream tasks scheduled from follow-on schedule check
[2024-08-12T18:57:25.485+0000] {taskinstance.py:1157} INFO - Dependencies all met for dep_context=non-requeueable deps ti=<TaskInstance: monthly_monitor.wait_for_data manual__2024-08-12T18:51:09.229494+00:00 [queued]>
[2024-08-12T18:57:25.489+0000] {taskinstance.py:1157} INFO - Dependencies all met for dep_context=requeueable deps ti=<TaskInstance: monthly_monitor.wait_for_data manual__2024-08-12T18:51:09.229494+00:00 [queued]>
[2024-08-12T18:57:25.489+0000] {taskinstance.py:1359} INFO - Starting attempt 1 of 1
[2024-08-12T18:57:25.494+0000] {taskinstance.py:1380} INFO - Executing <Task(ExternalTaskSensor): wait_for_data> on 2024-08-12 18:51:09.229494+00:00
[2024-08-12T18:57:25.499+0000] {standard_task_runner.py:57} INFO - Started process 1010 to run task
[2024-08-12T18:57:25.502+0000] {standard_task_runner.py:84} INFO - Running: ['***', 'tasks', 'run', 'monthly_monitor', 'wait_for_data', 'manual__2024-08-12T18:51:09.229494+00:00', '--job-id', '386', '--raw', '--subdir', 'DAGS_FOLDER/monitor.py', '--cfg-path', '/tmp/tmpqu6z_i7b']
[2024-08-12T18:57:25.504+0000] {standard_task_runner.py:85} INFO - Job 386: Subtask wait_for_data
[2024-08-12T18:57:25.534+0000] {task_command.py:415} INFO - Running <TaskInstance: monthly_monitor.wait_for_data manual__2024-08-12T18:51:09.229494+00:00 [running]> on host a9166c5dc5ae
[2024-08-12T18:57:25.580+0000] {taskinstance.py:1660} INFO - Exporting env vars: AIRFLOW_CTX_DAG_OWNER='***' AIRFLOW_CTX_DAG_ID='monthly_monitor' AIRFLOW_CTX_TASK_ID='wait_for_data' AIRFLOW_CTX_EXECUTION_DATE='2024-08-12T18:51:09.229494+00:00' AIRFLOW_CTX_TRY_NUMBER='1' AIRFLOW_CTX_DAG_RUN_ID='manual__2024-08-12T18:51:09.229494+00:00'
[2024-08-12T18:57:25.586+0000] {external_task.py:244} INFO - Poking for tasks ['predict_and_save'] in dag monthly_prediction on 2024-08-12T18:51:09.229494+00:00 ... 
[2024-08-12T18:57:25.601+0000] {taskinstance.py:1895} INFO - Rescheduling task, marking task as UP_FOR_RESCHEDULE
[2024-08-12T18:57:25.641+0000] {local_task_job_runner.py:228} INFO - Task exited with return code 0
[2024-08-12T18:57:25.651+0000] {taskinstance.py:2776} INFO - 0 downstream tasks scheduled from follow-on schedule check
[2024-08-12T18:58:26.921+0000] {taskinstance.py:1157} INFO - Dependencies all met for dep_context=non-requeueable deps ti=<TaskInstance: monthly_monitor.wait_for_data manual__2024-08-12T18:51:09.229494+00:00 [queued]>
[2024-08-12T18:58:26.926+0000] {taskinstance.py:1157} INFO - Dependencies all met for dep_context=requeueable deps ti=<TaskInstance: monthly_monitor.wait_for_data manual__2024-08-12T18:51:09.229494+00:00 [queued]>
[2024-08-12T18:58:26.926+0000] {taskinstance.py:1359} INFO - Starting attempt 1 of 1
[2024-08-12T18:58:26.934+0000] {taskinstance.py:1380} INFO - Executing <Task(ExternalTaskSensor): wait_for_data> on 2024-08-12 18:51:09.229494+00:00
[2024-08-12T18:58:26.938+0000] {standard_task_runner.py:57} INFO - Started process 1122 to run task
[2024-08-12T18:58:26.941+0000] {standard_task_runner.py:84} INFO - Running: ['***', 'tasks', 'run', 'monthly_monitor', 'wait_for_data', 'manual__2024-08-12T18:51:09.229494+00:00', '--job-id', '388', '--raw', '--subdir', 'DAGS_FOLDER/monitor.py', '--cfg-path', '/tmp/tmpma7mvmcb']
[2024-08-12T18:58:26.943+0000] {standard_task_runner.py:85} INFO - Job 388: Subtask wait_for_data
[2024-08-12T18:58:26.969+0000] {task_command.py:415} INFO - Running <TaskInstance: monthly_monitor.wait_for_data manual__2024-08-12T18:51:09.229494+00:00 [running]> on host a9166c5dc5ae
[2024-08-12T18:58:27.012+0000] {taskinstance.py:1660} INFO - Exporting env vars: AIRFLOW_CTX_DAG_OWNER='***' AIRFLOW_CTX_DAG_ID='monthly_monitor' AIRFLOW_CTX_TASK_ID='wait_for_data' AIRFLOW_CTX_EXECUTION_DATE='2024-08-12T18:51:09.229494+00:00' AIRFLOW_CTX_TRY_NUMBER='1' AIRFLOW_CTX_DAG_RUN_ID='manual__2024-08-12T18:51:09.229494+00:00'
[2024-08-12T18:58:27.017+0000] {external_task.py:244} INFO - Poking for tasks ['predict_and_save'] in dag monthly_prediction on 2024-08-12T18:51:09.229494+00:00 ... 
[2024-08-12T18:58:27.033+0000] {taskinstance.py:1895} INFO - Rescheduling task, marking task as UP_FOR_RESCHEDULE
[2024-08-12T18:58:27.041+0000] {local_task_job_runner.py:228} INFO - Task exited with return code 0
[2024-08-12T18:58:27.049+0000] {taskinstance.py:2776} INFO - 0 downstream tasks scheduled from follow-on schedule check
[2024-08-12T18:59:29.004+0000] {taskinstance.py:1157} INFO - Dependencies all met for dep_context=non-requeueable deps ti=<TaskInstance: monthly_monitor.wait_for_data manual__2024-08-12T18:51:09.229494+00:00 [queued]>
[2024-08-12T18:59:29.008+0000] {taskinstance.py:1157} INFO - Dependencies all met for dep_context=requeueable deps ti=<TaskInstance: monthly_monitor.wait_for_data manual__2024-08-12T18:51:09.229494+00:00 [queued]>
[2024-08-12T18:59:29.008+0000] {taskinstance.py:1359} INFO - Starting attempt 1 of 1
[2024-08-12T18:59:29.013+0000] {taskinstance.py:1380} INFO - Executing <Task(ExternalTaskSensor): wait_for_data> on 2024-08-12 18:51:09.229494+00:00
[2024-08-12T18:59:29.018+0000] {standard_task_runner.py:57} INFO - Started process 1234 to run task
[2024-08-12T18:59:29.021+0000] {standard_task_runner.py:84} INFO - Running: ['***', 'tasks', 'run', 'monthly_monitor', 'wait_for_data', 'manual__2024-08-12T18:51:09.229494+00:00', '--job-id', '390', '--raw', '--subdir', 'DAGS_FOLDER/monitor.py', '--cfg-path', '/tmp/tmpribzg8eb']
[2024-08-12T18:59:29.023+0000] {standard_task_runner.py:85} INFO - Job 390: Subtask wait_for_data
[2024-08-12T18:59:29.050+0000] {task_command.py:415} INFO - Running <TaskInstance: monthly_monitor.wait_for_data manual__2024-08-12T18:51:09.229494+00:00 [running]> on host a9166c5dc5ae
[2024-08-12T18:59:29.092+0000] {taskinstance.py:1660} INFO - Exporting env vars: AIRFLOW_CTX_DAG_OWNER='***' AIRFLOW_CTX_DAG_ID='monthly_monitor' AIRFLOW_CTX_TASK_ID='wait_for_data' AIRFLOW_CTX_EXECUTION_DATE='2024-08-12T18:51:09.229494+00:00' AIRFLOW_CTX_TRY_NUMBER='1' AIRFLOW_CTX_DAG_RUN_ID='manual__2024-08-12T18:51:09.229494+00:00'
[2024-08-12T18:59:29.097+0000] {external_task.py:244} INFO - Poking for tasks ['predict_and_save'] in dag monthly_prediction on 2024-08-12T18:51:09.229494+00:00 ... 
[2024-08-12T18:59:29.118+0000] {taskinstance.py:1895} INFO - Rescheduling task, marking task as UP_FOR_RESCHEDULE
[2024-08-12T18:59:29.166+0000] {local_task_job_runner.py:228} INFO - Task exited with return code 0
[2024-08-12T18:59:29.176+0000] {taskinstance.py:2776} INFO - 0 downstream tasks scheduled from follow-on schedule check
[2024-08-12T19:00:31.693+0000] {taskinstance.py:1157} INFO - Dependencies all met for dep_context=non-requeueable deps ti=<TaskInstance: monthly_monitor.wait_for_data manual__2024-08-12T18:51:09.229494+00:00 [queued]>
[2024-08-12T19:00:31.698+0000] {taskinstance.py:1157} INFO - Dependencies all met for dep_context=requeueable deps ti=<TaskInstance: monthly_monitor.wait_for_data manual__2024-08-12T18:51:09.229494+00:00 [queued]>
[2024-08-12T19:00:31.699+0000] {taskinstance.py:1359} INFO - Starting attempt 1 of 1
[2024-08-12T19:00:31.705+0000] {taskinstance.py:1380} INFO - Executing <Task(ExternalTaskSensor): wait_for_data> on 2024-08-12 18:51:09.229494+00:00
[2024-08-12T19:00:31.710+0000] {standard_task_runner.py:57} INFO - Started process 1449 to run task
[2024-08-12T19:00:31.713+0000] {standard_task_runner.py:84} INFO - Running: ['***', 'tasks', 'run', 'monthly_monitor', 'wait_for_data', 'manual__2024-08-12T18:51:09.229494+00:00', '--job-id', '402', '--raw', '--subdir', 'DAGS_FOLDER/monitor.py', '--cfg-path', '/tmp/tmpcp16brrq']
[2024-08-12T19:00:31.715+0000] {standard_task_runner.py:85} INFO - Job 402: Subtask wait_for_data
[2024-08-12T19:00:31.744+0000] {task_command.py:415} INFO - Running <TaskInstance: monthly_monitor.wait_for_data manual__2024-08-12T18:51:09.229494+00:00 [running]> on host a9166c5dc5ae
[2024-08-12T19:00:31.788+0000] {taskinstance.py:1660} INFO - Exporting env vars: AIRFLOW_CTX_DAG_OWNER='***' AIRFLOW_CTX_DAG_ID='monthly_monitor' AIRFLOW_CTX_TASK_ID='wait_for_data' AIRFLOW_CTX_EXECUTION_DATE='2024-08-12T18:51:09.229494+00:00' AIRFLOW_CTX_TRY_NUMBER='1' AIRFLOW_CTX_DAG_RUN_ID='manual__2024-08-12T18:51:09.229494+00:00'
[2024-08-12T19:00:31.794+0000] {external_task.py:244} INFO - Poking for tasks ['predict_and_save'] in dag monthly_prediction on 2024-08-12T18:51:09.229494+00:00 ... 
[2024-08-12T19:00:31.812+0000] {taskinstance.py:1895} INFO - Rescheduling task, marking task as UP_FOR_RESCHEDULE
[2024-08-12T19:00:31.853+0000] {local_task_job_runner.py:228} INFO - Task exited with return code 0
[2024-08-12T19:00:31.862+0000] {taskinstance.py:2776} INFO - 0 downstream tasks scheduled from follow-on schedule check
[2024-08-12T19:01:33.718+0000] {taskinstance.py:1157} INFO - Dependencies all met for dep_context=non-requeueable deps ti=<TaskInstance: monthly_monitor.wait_for_data manual__2024-08-12T18:51:09.229494+00:00 [queued]>
[2024-08-12T19:01:33.722+0000] {taskinstance.py:1157} INFO - Dependencies all met for dep_context=requeueable deps ti=<TaskInstance: monthly_monitor.wait_for_data manual__2024-08-12T18:51:09.229494+00:00 [queued]>
[2024-08-12T19:01:33.723+0000] {taskinstance.py:1359} INFO - Starting attempt 1 of 1
[2024-08-12T19:01:33.728+0000] {taskinstance.py:1380} INFO - Executing <Task(ExternalTaskSensor): wait_for_data> on 2024-08-12 18:51:09.229494+00:00
[2024-08-12T19:01:33.731+0000] {standard_task_runner.py:57} INFO - Started process 1581 to run task
[2024-08-12T19:01:33.733+0000] {standard_task_runner.py:84} INFO - Running: ['***', 'tasks', 'run', 'monthly_monitor', 'wait_for_data', 'manual__2024-08-12T18:51:09.229494+00:00', '--job-id', '406', '--raw', '--subdir', 'DAGS_FOLDER/monitor.py', '--cfg-path', '/tmp/tmp1p_w0ymd']
[2024-08-12T19:01:33.735+0000] {standard_task_runner.py:85} INFO - Job 406: Subtask wait_for_data
[2024-08-12T19:01:33.758+0000] {task_command.py:415} INFO - Running <TaskInstance: monthly_monitor.wait_for_data manual__2024-08-12T18:51:09.229494+00:00 [running]> on host a9166c5dc5ae
[2024-08-12T19:01:33.794+0000] {taskinstance.py:1660} INFO - Exporting env vars: AIRFLOW_CTX_DAG_OWNER='***' AIRFLOW_CTX_DAG_ID='monthly_monitor' AIRFLOW_CTX_TASK_ID='wait_for_data' AIRFLOW_CTX_EXECUTION_DATE='2024-08-12T18:51:09.229494+00:00' AIRFLOW_CTX_TRY_NUMBER='1' AIRFLOW_CTX_DAG_RUN_ID='manual__2024-08-12T18:51:09.229494+00:00'
[2024-08-12T19:01:33.799+0000] {external_task.py:244} INFO - Poking for tasks ['predict_and_save'] in dag monthly_prediction on 2024-08-12T18:51:09.229494+00:00 ... 
[2024-08-12T19:01:33.805+0000] {taskinstance.py:1935} ERROR - Task failed with exception
Traceback (most recent call last):
  File "/home/airflow/.local/lib/python3.8/site-packages/airflow/sensors/external_task.py", line 334, in execute
    super().execute(context)
  File "/home/airflow/.local/lib/python3.8/site-packages/airflow/sensors/base.py", line 274, in execute
    raise AirflowSensorTimeout(message)
airflow.exceptions.AirflowSensorTimeout: Sensor has timed out; run duration of 621.460918 seconds exceeds the specified timeout of 600.0.
[2024-08-12T19:01:33.809+0000] {taskinstance.py:1398} INFO - Immediate failure requested. Marking task as FAILED. dag_id=monthly_monitor, task_id=wait_for_data, execution_date=20240812T185109, start_date=20240812T190133, end_date=20240812T190133
[2024-08-12T19:01:33.813+0000] {standard_task_runner.py:104} ERROR - Failed to execute job 406 for task wait_for_data (Sensor has timed out; run duration of 621.460918 seconds exceeds the specified timeout of 600.0.; 1581)
[2024-08-12T19:01:33.833+0000] {local_task_job_runner.py:228} INFO - Task exited with return code 1
[2024-08-12T19:01:33.841+0000] {taskinstance.py:2776} INFO - 0 downstream tasks scheduled from follow-on schedule check
