[2024-08-12T06:05:12.274+0000] {taskinstance.py:1157} INFO - Dependencies all met for dep_context=non-requeueable deps ti=<TaskInstance: generate_monthly_data.predict_and_save manual__2024-08-12T06:05:07.722307+00:00 [queued]>
[2024-08-12T06:05:12.278+0000] {taskinstance.py:1157} INFO - Dependencies all met for dep_context=requeueable deps ti=<TaskInstance: generate_monthly_data.predict_and_save manual__2024-08-12T06:05:07.722307+00:00 [queued]>
[2024-08-12T06:05:12.279+0000] {taskinstance.py:1359} INFO - Starting attempt 1 of 1
[2024-08-12T06:05:12.284+0000] {taskinstance.py:1380} INFO - Executing <Task(_PythonDecoratedOperator): predict_and_save> on 2024-08-12 06:05:07.722307+00:00
[2024-08-12T06:05:12.289+0000] {standard_task_runner.py:57} INFO - Started process 8154 to run task
[2024-08-12T06:05:12.291+0000] {standard_task_runner.py:84} INFO - Running: ['***', 'tasks', 'run', 'generate_monthly_data', 'predict_and_save', 'manual__2024-08-12T06:05:07.722307+00:00', '--job-id', '111', '--raw', '--subdir', 'DAGS_FOLDER/monthly_prediction.py', '--cfg-path', '/tmp/tmpr4mybqx0']
[2024-08-12T06:05:12.292+0000] {standard_task_runner.py:85} INFO - Job 111: Subtask predict_and_save
[2024-08-12T06:05:12.316+0000] {task_command.py:415} INFO - Running <TaskInstance: generate_monthly_data.predict_and_save manual__2024-08-12T06:05:07.722307+00:00 [running]> on host fa284eed0508
[2024-08-12T06:05:12.402+0000] {taskinstance.py:1660} INFO - Exporting env vars: AIRFLOW_CTX_DAG_OWNER='***' AIRFLOW_CTX_DAG_ID='generate_monthly_data' AIRFLOW_CTX_TASK_ID='predict_and_save' AIRFLOW_CTX_EXECUTION_DATE='2024-08-12T06:05:07.722307+00:00' AIRFLOW_CTX_TRY_NUMBER='1' AIRFLOW_CTX_DAG_RUN_ID='manual__2024-08-12T06:05:07.722307+00:00'
[2024-08-12T06:05:12.479+0000] {logging_mixin.py:151} INFO - gs://mlflow-artifacts-bt/1/fab1118790cd421ab4d4d45e0b254b51/artifacts/models
[2024-08-12T06:05:12.957+0000] {logging_mixin.py:151} WARNING - Downloading artifacts:   0%|          | 0/9 [00:00<?, ?it/s]
[2024-08-12T06:05:12.957+0000] {logging_mixin.py:151} WARNING - Downloading artifacts:  11%|#1        | 1/9 [00:00<00:00, 15768.06it/s]
[2024-08-12T06:05:12.958+0000] {logging_mixin.py:151} WARNING - Downloading artifacts:  22%|##2       | 2/9 [00:00<00:00, 6418.22it/s] 
[2024-08-12T06:05:12.997+0000] {logging_mixin.py:151} WARNING - Downloading artifacts:  33%|###3      | 3/9 [00:00<00:00, 75.47it/s]  
[2024-08-12T06:05:13.017+0000] {logging_mixin.py:151} WARNING - Downloading artifacts:  44%|####4     | 4/9 [00:00<00:00, 66.81it/s]
[2024-08-12T06:05:13.028+0000] {logging_mixin.py:151} WARNING - Downloading artifacts:  56%|#####5    | 5/9 [00:00<00:00, 70.49it/s]
[2024-08-12T06:05:13.029+0000] {logging_mixin.py:151} WARNING - Downloading artifacts:  67%|######6   | 6/9 [00:00<00:00, 83.47it/s]
[2024-08-12T06:05:13.042+0000] {logging_mixin.py:151} WARNING - Downloading artifacts:  78%|#######7  | 7/9 [00:00<00:00, 82.68it/s]
[2024-08-12T06:05:13.055+0000] {logging_mixin.py:151} WARNING - Downloading artifacts:  89%|########8 | 8/9 [00:00<00:00, 81.85it/s]
[2024-08-12T06:05:13.992+0000] {logging_mixin.py:151} WARNING - Downloading artifacts: 100%|##########| 9/9 [00:01<00:00,  8.70it/s]
[2024-08-12T06:05:13.992+0000] {logging_mixin.py:151} WARNING - Downloading artifacts: 100%|##########| 9/9 [00:01<00:00,  8.70it/s]
[2024-08-12T06:05:13.992+0000] {logging_mixin.py:151} WARNING - Downloading artifacts: 100%|##########| 9/9 [00:01<00:00,  8.69it/s]
[2024-08-12T06:05:14.222+0000] {logging_mixin.py:151} INFO - RandomForestClassifier version 1 loaded
[2024-08-12T06:06:23.028+0000] {local_task_job_runner.py:294} WARNING - State of this instance has been externally set to failed. Terminating instance.
[2024-08-12T06:06:23.031+0000] {process_utils.py:131} INFO - Sending 15 to group 8154. PIDs of all processes in the group: [8154]
[2024-08-12T06:06:23.031+0000] {process_utils.py:86} INFO - Sending the signal 15 to group 8154
[2024-08-12T06:06:23.032+0000] {taskinstance.py:1630} ERROR - Received SIGTERM. Terminating subprocesses.
[2024-08-12T06:06:23.090+0000] {process_utils.py:79} INFO - Process psutil.Process(pid=8154, status='terminated', exitcode=0, started='06:05:11') (8154) terminated with exit code 0
